[2024-09-12T01:39:42.907-0300] {processor.py:186} INFO - Started process (PID=2642) to work on /home/gabzarp/.local/lib/python3.10/site-packages/airflow/example_dags/plugins/workday.py
[2024-09-12T01:39:42.908-0300] {processor.py:914} INFO - Processing file /home/gabzarp/.local/lib/python3.10/site-packages/airflow/example_dags/plugins/workday.py for tasks to queue
[2024-09-12T01:39:42.909-0300] {logging_mixin.py:190} INFO - [2024-09-12T01:39:42.908-0300] {dagbag.py:587} INFO - Filling up the DagBag from /home/gabzarp/.local/lib/python3.10/site-packages/airflow/example_dags/plugins/workday.py
[2024-09-12T01:39:42.910-0300] {logging_mixin.py:190} INFO - [2024-09-12T01:39:42.910-0300] {workday.py:41} WARNING - Could not import pandas. Holidays will not be considered.
[2024-09-12T01:39:42.911-0300] {processor.py:927} WARNING - No viable dags retrieved from /home/gabzarp/.local/lib/python3.10/site-packages/airflow/example_dags/plugins/workday.py
[2024-09-12T01:39:42.917-0300] {processor.py:208} INFO - Processing /home/gabzarp/.local/lib/python3.10/site-packages/airflow/example_dags/plugins/workday.py took 0.013 seconds
[2024-09-12T01:40:40.599-0300] {processor.py:186} INFO - Started process (PID=2930) to work on /home/gabzarp/.local/lib/python3.10/site-packages/airflow/example_dags/plugins/workday.py
[2024-09-12T01:40:40.600-0300] {processor.py:914} INFO - Processing file /home/gabzarp/.local/lib/python3.10/site-packages/airflow/example_dags/plugins/workday.py for tasks to queue
[2024-09-12T01:40:40.601-0300] {logging_mixin.py:190} INFO - [2024-09-12T01:40:40.601-0300] {dagbag.py:587} INFO - Filling up the DagBag from /home/gabzarp/.local/lib/python3.10/site-packages/airflow/example_dags/plugins/workday.py
[2024-09-12T01:40:40.603-0300] {logging_mixin.py:190} INFO - [2024-09-12T01:40:40.603-0300] {workday.py:41} WARNING - Could not import pandas. Holidays will not be considered.
[2024-09-12T01:40:40.603-0300] {processor.py:927} WARNING - No viable dags retrieved from /home/gabzarp/.local/lib/python3.10/site-packages/airflow/example_dags/plugins/workday.py
[2024-09-12T01:40:40.611-0300] {processor.py:208} INFO - Processing /home/gabzarp/.local/lib/python3.10/site-packages/airflow/example_dags/plugins/workday.py took 0.016 seconds
[2024-09-12T01:41:33.138-0300] {processor.py:186} INFO - Started process (PID=3274) to work on /home/gabzarp/.local/lib/python3.10/site-packages/airflow/example_dags/plugins/workday.py
[2024-09-12T01:41:33.139-0300] {processor.py:914} INFO - Processing file /home/gabzarp/.local/lib/python3.10/site-packages/airflow/example_dags/plugins/workday.py for tasks to queue
[2024-09-12T01:41:33.140-0300] {logging_mixin.py:190} INFO - [2024-09-12T01:41:33.140-0300] {dagbag.py:587} INFO - Filling up the DagBag from /home/gabzarp/.local/lib/python3.10/site-packages/airflow/example_dags/plugins/workday.py
[2024-09-12T01:41:33.142-0300] {logging_mixin.py:190} INFO - [2024-09-12T01:41:33.142-0300] {workday.py:41} WARNING - Could not import pandas. Holidays will not be considered.
[2024-09-12T01:41:33.142-0300] {processor.py:927} WARNING - No viable dags retrieved from /home/gabzarp/.local/lib/python3.10/site-packages/airflow/example_dags/plugins/workday.py
[2024-09-12T01:41:33.148-0300] {processor.py:208} INFO - Processing /home/gabzarp/.local/lib/python3.10/site-packages/airflow/example_dags/plugins/workday.py took 0.014 seconds
[2024-09-12T01:42:27.249-0300] {processor.py:186} INFO - Started process (PID=3546) to work on /home/gabzarp/.local/lib/python3.10/site-packages/airflow/example_dags/plugins/workday.py
[2024-09-12T01:42:27.250-0300] {processor.py:914} INFO - Processing file /home/gabzarp/.local/lib/python3.10/site-packages/airflow/example_dags/plugins/workday.py for tasks to queue
[2024-09-12T01:42:27.251-0300] {logging_mixin.py:190} INFO - [2024-09-12T01:42:27.251-0300] {dagbag.py:587} INFO - Filling up the DagBag from /home/gabzarp/.local/lib/python3.10/site-packages/airflow/example_dags/plugins/workday.py
[2024-09-12T01:42:27.253-0300] {logging_mixin.py:190} INFO - [2024-09-12T01:42:27.252-0300] {workday.py:41} WARNING - Could not import pandas. Holidays will not be considered.
[2024-09-12T01:42:27.253-0300] {processor.py:927} WARNING - No viable dags retrieved from /home/gabzarp/.local/lib/python3.10/site-packages/airflow/example_dags/plugins/workday.py
[2024-09-12T01:42:27.259-0300] {processor.py:208} INFO - Processing /home/gabzarp/.local/lib/python3.10/site-packages/airflow/example_dags/plugins/workday.py took 0.014 seconds
[2024-09-12T01:43:15.835-0300] {processor.py:186} INFO - Started process (PID=3791) to work on /home/gabzarp/.local/lib/python3.10/site-packages/airflow/example_dags/plugins/workday.py
[2024-09-12T01:43:15.836-0300] {processor.py:914} INFO - Processing file /home/gabzarp/.local/lib/python3.10/site-packages/airflow/example_dags/plugins/workday.py for tasks to queue
[2024-09-12T01:43:15.838-0300] {logging_mixin.py:190} INFO - [2024-09-12T01:43:15.837-0300] {dagbag.py:587} INFO - Filling up the DagBag from /home/gabzarp/.local/lib/python3.10/site-packages/airflow/example_dags/plugins/workday.py
[2024-09-12T01:43:15.839-0300] {logging_mixin.py:190} INFO - [2024-09-12T01:43:15.839-0300] {workday.py:41} WARNING - Could not import pandas. Holidays will not be considered.
[2024-09-12T01:43:15.839-0300] {processor.py:927} WARNING - No viable dags retrieved from /home/gabzarp/.local/lib/python3.10/site-packages/airflow/example_dags/plugins/workday.py
[2024-09-12T01:43:15.846-0300] {processor.py:208} INFO - Processing /home/gabzarp/.local/lib/python3.10/site-packages/airflow/example_dags/plugins/workday.py took 0.014 seconds
[2024-09-12T01:44:53.894-0300] {processor.py:186} INFO - Started process (PID=4980) to work on /home/gabzarp/.local/lib/python3.10/site-packages/airflow/example_dags/plugins/workday.py
[2024-09-12T01:44:53.895-0300] {processor.py:914} INFO - Processing file /home/gabzarp/.local/lib/python3.10/site-packages/airflow/example_dags/plugins/workday.py for tasks to queue
[2024-09-12T01:44:53.896-0300] {logging_mixin.py:190} INFO - [2024-09-12T01:44:53.896-0300] {dagbag.py:587} INFO - Filling up the DagBag from /home/gabzarp/.local/lib/python3.10/site-packages/airflow/example_dags/plugins/workday.py
[2024-09-12T01:44:53.898-0300] {logging_mixin.py:190} INFO - [2024-09-12T01:44:53.898-0300] {workday.py:41} WARNING - Could not import pandas. Holidays will not be considered.
[2024-09-12T01:44:53.898-0300] {processor.py:927} WARNING - No viable dags retrieved from /home/gabzarp/.local/lib/python3.10/site-packages/airflow/example_dags/plugins/workday.py
[2024-09-12T01:44:53.904-0300] {processor.py:208} INFO - Processing /home/gabzarp/.local/lib/python3.10/site-packages/airflow/example_dags/plugins/workday.py took 0.013 seconds
[2024-09-12T01:45:47.294-0300] {processor.py:186} INFO - Started process (PID=5410) to work on /home/gabzarp/.local/lib/python3.10/site-packages/airflow/example_dags/plugins/workday.py
[2024-09-12T01:45:47.295-0300] {processor.py:914} INFO - Processing file /home/gabzarp/.local/lib/python3.10/site-packages/airflow/example_dags/plugins/workday.py for tasks to queue
[2024-09-12T01:45:47.296-0300] {logging_mixin.py:190} INFO - [2024-09-12T01:45:47.296-0300] {dagbag.py:587} INFO - Filling up the DagBag from /home/gabzarp/.local/lib/python3.10/site-packages/airflow/example_dags/plugins/workday.py
[2024-09-12T01:45:47.297-0300] {logging_mixin.py:190} INFO - [2024-09-12T01:45:47.297-0300] {workday.py:41} WARNING - Could not import pandas. Holidays will not be considered.
[2024-09-12T01:45:47.298-0300] {processor.py:927} WARNING - No viable dags retrieved from /home/gabzarp/.local/lib/python3.10/site-packages/airflow/example_dags/plugins/workday.py
[2024-09-12T01:45:47.304-0300] {processor.py:208} INFO - Processing /home/gabzarp/.local/lib/python3.10/site-packages/airflow/example_dags/plugins/workday.py took 0.014 seconds
[2024-09-12T01:46:37.381-0300] {processor.py:186} INFO - Started process (PID=5812) to work on /home/gabzarp/.local/lib/python3.10/site-packages/airflow/example_dags/plugins/workday.py
[2024-09-12T01:46:37.382-0300] {processor.py:914} INFO - Processing file /home/gabzarp/.local/lib/python3.10/site-packages/airflow/example_dags/plugins/workday.py for tasks to queue
[2024-09-12T01:46:37.383-0300] {logging_mixin.py:190} INFO - [2024-09-12T01:46:37.383-0300] {dagbag.py:587} INFO - Filling up the DagBag from /home/gabzarp/.local/lib/python3.10/site-packages/airflow/example_dags/plugins/workday.py
[2024-09-12T01:46:37.385-0300] {logging_mixin.py:190} INFO - [2024-09-12T01:46:37.385-0300] {workday.py:41} WARNING - Could not import pandas. Holidays will not be considered.
[2024-09-12T01:46:37.386-0300] {processor.py:927} WARNING - No viable dags retrieved from /home/gabzarp/.local/lib/python3.10/site-packages/airflow/example_dags/plugins/workday.py
[2024-09-12T01:46:37.393-0300] {processor.py:208} INFO - Processing /home/gabzarp/.local/lib/python3.10/site-packages/airflow/example_dags/plugins/workday.py took 0.016 seconds
[2024-09-12T01:47:26.919-0300] {processor.py:186} INFO - Started process (PID=6207) to work on /home/gabzarp/.local/lib/python3.10/site-packages/airflow/example_dags/plugins/workday.py
[2024-09-12T01:47:26.920-0300] {processor.py:914} INFO - Processing file /home/gabzarp/.local/lib/python3.10/site-packages/airflow/example_dags/plugins/workday.py for tasks to queue
[2024-09-12T01:47:26.922-0300] {logging_mixin.py:190} INFO - [2024-09-12T01:47:26.922-0300] {dagbag.py:587} INFO - Filling up the DagBag from /home/gabzarp/.local/lib/python3.10/site-packages/airflow/example_dags/plugins/workday.py
[2024-09-12T01:47:26.924-0300] {logging_mixin.py:190} INFO - [2024-09-12T01:47:26.924-0300] {workday.py:41} WARNING - Could not import pandas. Holidays will not be considered.
[2024-09-12T01:47:26.924-0300] {processor.py:927} WARNING - No viable dags retrieved from /home/gabzarp/.local/lib/python3.10/site-packages/airflow/example_dags/plugins/workday.py
[2024-09-12T01:47:26.933-0300] {processor.py:208} INFO - Processing /home/gabzarp/.local/lib/python3.10/site-packages/airflow/example_dags/plugins/workday.py took 0.019 seconds
[2024-09-12T01:48:17.756-0300] {processor.py:186} INFO - Started process (PID=6613) to work on /home/gabzarp/.local/lib/python3.10/site-packages/airflow/example_dags/plugins/workday.py
[2024-09-12T01:48:17.757-0300] {processor.py:914} INFO - Processing file /home/gabzarp/.local/lib/python3.10/site-packages/airflow/example_dags/plugins/workday.py for tasks to queue
[2024-09-12T01:48:17.758-0300] {logging_mixin.py:190} INFO - [2024-09-12T01:48:17.758-0300] {dagbag.py:587} INFO - Filling up the DagBag from /home/gabzarp/.local/lib/python3.10/site-packages/airflow/example_dags/plugins/workday.py
[2024-09-12T01:48:17.759-0300] {logging_mixin.py:190} INFO - [2024-09-12T01:48:17.759-0300] {workday.py:41} WARNING - Could not import pandas. Holidays will not be considered.
[2024-09-12T01:48:17.760-0300] {processor.py:927} WARNING - No viable dags retrieved from /home/gabzarp/.local/lib/python3.10/site-packages/airflow/example_dags/plugins/workday.py
[2024-09-12T01:48:17.768-0300] {processor.py:208} INFO - Processing /home/gabzarp/.local/lib/python3.10/site-packages/airflow/example_dags/plugins/workday.py took 0.017 seconds
[2024-09-12T01:49:09.256-0300] {processor.py:186} INFO - Started process (PID=7159) to work on /home/gabzarp/.local/lib/python3.10/site-packages/airflow/example_dags/plugins/workday.py
[2024-09-12T01:49:09.257-0300] {processor.py:914} INFO - Processing file /home/gabzarp/.local/lib/python3.10/site-packages/airflow/example_dags/plugins/workday.py for tasks to queue
[2024-09-12T01:49:09.258-0300] {logging_mixin.py:190} INFO - [2024-09-12T01:49:09.258-0300] {dagbag.py:587} INFO - Filling up the DagBag from /home/gabzarp/.local/lib/python3.10/site-packages/airflow/example_dags/plugins/workday.py
[2024-09-12T01:49:09.260-0300] {logging_mixin.py:190} INFO - [2024-09-12T01:49:09.260-0300] {workday.py:41} WARNING - Could not import pandas. Holidays will not be considered.
[2024-09-12T01:49:09.260-0300] {processor.py:927} WARNING - No viable dags retrieved from /home/gabzarp/.local/lib/python3.10/site-packages/airflow/example_dags/plugins/workday.py
[2024-09-12T01:49:09.267-0300] {processor.py:208} INFO - Processing /home/gabzarp/.local/lib/python3.10/site-packages/airflow/example_dags/plugins/workday.py took 0.014 seconds
[2024-09-12T01:49:59.768-0300] {processor.py:186} INFO - Started process (PID=7608) to work on /home/gabzarp/.local/lib/python3.10/site-packages/airflow/example_dags/plugins/workday.py
[2024-09-12T01:49:59.769-0300] {processor.py:914} INFO - Processing file /home/gabzarp/.local/lib/python3.10/site-packages/airflow/example_dags/plugins/workday.py for tasks to queue
[2024-09-12T01:49:59.770-0300] {logging_mixin.py:190} INFO - [2024-09-12T01:49:59.770-0300] {dagbag.py:587} INFO - Filling up the DagBag from /home/gabzarp/.local/lib/python3.10/site-packages/airflow/example_dags/plugins/workday.py
[2024-09-12T01:49:59.772-0300] {logging_mixin.py:190} INFO - [2024-09-12T01:49:59.772-0300] {workday.py:41} WARNING - Could not import pandas. Holidays will not be considered.
[2024-09-12T01:49:59.772-0300] {processor.py:927} WARNING - No viable dags retrieved from /home/gabzarp/.local/lib/python3.10/site-packages/airflow/example_dags/plugins/workday.py
[2024-09-12T01:49:59.778-0300] {processor.py:208} INFO - Processing /home/gabzarp/.local/lib/python3.10/site-packages/airflow/example_dags/plugins/workday.py took 0.014 seconds
[2024-09-12T01:50:48.166-0300] {processor.py:186} INFO - Started process (PID=8036) to work on /home/gabzarp/.local/lib/python3.10/site-packages/airflow/example_dags/plugins/workday.py
[2024-09-12T01:50:48.167-0300] {processor.py:914} INFO - Processing file /home/gabzarp/.local/lib/python3.10/site-packages/airflow/example_dags/plugins/workday.py for tasks to queue
[2024-09-12T01:50:48.167-0300] {logging_mixin.py:190} INFO - [2024-09-12T01:50:48.167-0300] {dagbag.py:587} INFO - Filling up the DagBag from /home/gabzarp/.local/lib/python3.10/site-packages/airflow/example_dags/plugins/workday.py
[2024-09-12T01:50:48.169-0300] {logging_mixin.py:190} INFO - [2024-09-12T01:50:48.169-0300] {workday.py:41} WARNING - Could not import pandas. Holidays will not be considered.
[2024-09-12T01:50:48.169-0300] {processor.py:927} WARNING - No viable dags retrieved from /home/gabzarp/.local/lib/python3.10/site-packages/airflow/example_dags/plugins/workday.py
[2024-09-12T01:50:48.175-0300] {processor.py:208} INFO - Processing /home/gabzarp/.local/lib/python3.10/site-packages/airflow/example_dags/plugins/workday.py took 0.013 seconds
[2024-09-12T01:51:37.877-0300] {processor.py:186} INFO - Started process (PID=8499) to work on /home/gabzarp/.local/lib/python3.10/site-packages/airflow/example_dags/plugins/workday.py
[2024-09-12T01:51:37.878-0300] {processor.py:914} INFO - Processing file /home/gabzarp/.local/lib/python3.10/site-packages/airflow/example_dags/plugins/workday.py for tasks to queue
[2024-09-12T01:51:37.879-0300] {logging_mixin.py:190} INFO - [2024-09-12T01:51:37.878-0300] {dagbag.py:587} INFO - Filling up the DagBag from /home/gabzarp/.local/lib/python3.10/site-packages/airflow/example_dags/plugins/workday.py
[2024-09-12T01:51:37.880-0300] {logging_mixin.py:190} INFO - [2024-09-12T01:51:37.880-0300] {workday.py:41} WARNING - Could not import pandas. Holidays will not be considered.
[2024-09-12T01:51:37.880-0300] {processor.py:927} WARNING - No viable dags retrieved from /home/gabzarp/.local/lib/python3.10/site-packages/airflow/example_dags/plugins/workday.py
[2024-09-12T01:51:37.887-0300] {processor.py:208} INFO - Processing /home/gabzarp/.local/lib/python3.10/site-packages/airflow/example_dags/plugins/workday.py took 0.013 seconds
[2024-09-12T01:52:28.457-0300] {processor.py:186} INFO - Started process (PID=9005) to work on /home/gabzarp/.local/lib/python3.10/site-packages/airflow/example_dags/plugins/workday.py
[2024-09-12T01:52:28.458-0300] {processor.py:914} INFO - Processing file /home/gabzarp/.local/lib/python3.10/site-packages/airflow/example_dags/plugins/workday.py for tasks to queue
[2024-09-12T01:52:28.458-0300] {logging_mixin.py:190} INFO - [2024-09-12T01:52:28.458-0300] {dagbag.py:587} INFO - Filling up the DagBag from /home/gabzarp/.local/lib/python3.10/site-packages/airflow/example_dags/plugins/workday.py
[2024-09-12T01:52:28.460-0300] {logging_mixin.py:190} INFO - [2024-09-12T01:52:28.460-0300] {workday.py:41} WARNING - Could not import pandas. Holidays will not be considered.
[2024-09-12T01:52:28.461-0300] {processor.py:927} WARNING - No viable dags retrieved from /home/gabzarp/.local/lib/python3.10/site-packages/airflow/example_dags/plugins/workday.py
[2024-09-12T01:52:28.467-0300] {processor.py:208} INFO - Processing /home/gabzarp/.local/lib/python3.10/site-packages/airflow/example_dags/plugins/workday.py took 0.014 seconds
[2024-09-12T01:53:20.087-0300] {processor.py:186} INFO - Started process (PID=9537) to work on /home/gabzarp/.local/lib/python3.10/site-packages/airflow/example_dags/plugins/workday.py
[2024-09-12T01:53:20.088-0300] {processor.py:914} INFO - Processing file /home/gabzarp/.local/lib/python3.10/site-packages/airflow/example_dags/plugins/workday.py for tasks to queue
[2024-09-12T01:53:20.089-0300] {logging_mixin.py:190} INFO - [2024-09-12T01:53:20.089-0300] {dagbag.py:587} INFO - Filling up the DagBag from /home/gabzarp/.local/lib/python3.10/site-packages/airflow/example_dags/plugins/workday.py
[2024-09-12T01:53:20.091-0300] {logging_mixin.py:190} INFO - [2024-09-12T01:53:20.091-0300] {workday.py:41} WARNING - Could not import pandas. Holidays will not be considered.
[2024-09-12T01:53:20.091-0300] {processor.py:927} WARNING - No viable dags retrieved from /home/gabzarp/.local/lib/python3.10/site-packages/airflow/example_dags/plugins/workday.py
[2024-09-12T01:53:20.097-0300] {processor.py:208} INFO - Processing /home/gabzarp/.local/lib/python3.10/site-packages/airflow/example_dags/plugins/workday.py took 0.014 seconds
[2024-09-12T01:54:13.214-0300] {processor.py:186} INFO - Started process (PID=9985) to work on /home/gabzarp/.local/lib/python3.10/site-packages/airflow/example_dags/plugins/workday.py
[2024-09-12T01:54:13.215-0300] {processor.py:914} INFO - Processing file /home/gabzarp/.local/lib/python3.10/site-packages/airflow/example_dags/plugins/workday.py for tasks to queue
[2024-09-12T01:54:13.216-0300] {logging_mixin.py:190} INFO - [2024-09-12T01:54:13.215-0300] {dagbag.py:587} INFO - Filling up the DagBag from /home/gabzarp/.local/lib/python3.10/site-packages/airflow/example_dags/plugins/workday.py
[2024-09-12T01:54:13.217-0300] {logging_mixin.py:190} INFO - [2024-09-12T01:54:13.217-0300] {workday.py:41} WARNING - Could not import pandas. Holidays will not be considered.
[2024-09-12T01:54:13.217-0300] {processor.py:927} WARNING - No viable dags retrieved from /home/gabzarp/.local/lib/python3.10/site-packages/airflow/example_dags/plugins/workday.py
[2024-09-12T01:54:13.224-0300] {processor.py:208} INFO - Processing /home/gabzarp/.local/lib/python3.10/site-packages/airflow/example_dags/plugins/workday.py took 0.014 seconds
[2024-09-12T01:55:04.624-0300] {processor.py:186} INFO - Started process (PID=10395) to work on /home/gabzarp/.local/lib/python3.10/site-packages/airflow/example_dags/plugins/workday.py
[2024-09-12T01:55:04.625-0300] {processor.py:914} INFO - Processing file /home/gabzarp/.local/lib/python3.10/site-packages/airflow/example_dags/plugins/workday.py for tasks to queue
[2024-09-12T01:55:04.625-0300] {logging_mixin.py:190} INFO - [2024-09-12T01:55:04.625-0300] {dagbag.py:587} INFO - Filling up the DagBag from /home/gabzarp/.local/lib/python3.10/site-packages/airflow/example_dags/plugins/workday.py
[2024-09-12T01:55:04.627-0300] {logging_mixin.py:190} INFO - [2024-09-12T01:55:04.627-0300] {workday.py:41} WARNING - Could not import pandas. Holidays will not be considered.
[2024-09-12T01:55:04.627-0300] {processor.py:927} WARNING - No viable dags retrieved from /home/gabzarp/.local/lib/python3.10/site-packages/airflow/example_dags/plugins/workday.py
[2024-09-12T01:55:04.633-0300] {processor.py:208} INFO - Processing /home/gabzarp/.local/lib/python3.10/site-packages/airflow/example_dags/plugins/workday.py took 0.013 seconds
[2024-09-12T01:55:59.026-0300] {processor.py:186} INFO - Started process (PID=10846) to work on /home/gabzarp/.local/lib/python3.10/site-packages/airflow/example_dags/plugins/workday.py
[2024-09-12T01:55:59.027-0300] {processor.py:914} INFO - Processing file /home/gabzarp/.local/lib/python3.10/site-packages/airflow/example_dags/plugins/workday.py for tasks to queue
[2024-09-12T01:55:59.028-0300] {logging_mixin.py:190} INFO - [2024-09-12T01:55:59.028-0300] {dagbag.py:587} INFO - Filling up the DagBag from /home/gabzarp/.local/lib/python3.10/site-packages/airflow/example_dags/plugins/workday.py
[2024-09-12T01:55:59.030-0300] {logging_mixin.py:190} INFO - [2024-09-12T01:55:59.030-0300] {workday.py:41} WARNING - Could not import pandas. Holidays will not be considered.
[2024-09-12T01:55:59.030-0300] {processor.py:927} WARNING - No viable dags retrieved from /home/gabzarp/.local/lib/python3.10/site-packages/airflow/example_dags/plugins/workday.py
[2024-09-12T01:55:59.037-0300] {processor.py:208} INFO - Processing /home/gabzarp/.local/lib/python3.10/site-packages/airflow/example_dags/plugins/workday.py took 0.014 seconds
[2024-09-12T01:56:52.769-0300] {processor.py:186} INFO - Started process (PID=11305) to work on /home/gabzarp/.local/lib/python3.10/site-packages/airflow/example_dags/plugins/workday.py
[2024-09-12T01:56:52.770-0300] {processor.py:914} INFO - Processing file /home/gabzarp/.local/lib/python3.10/site-packages/airflow/example_dags/plugins/workday.py for tasks to queue
[2024-09-12T01:56:52.770-0300] {logging_mixin.py:190} INFO - [2024-09-12T01:56:52.770-0300] {dagbag.py:587} INFO - Filling up the DagBag from /home/gabzarp/.local/lib/python3.10/site-packages/airflow/example_dags/plugins/workday.py
[2024-09-12T01:56:52.772-0300] {logging_mixin.py:190} INFO - [2024-09-12T01:56:52.772-0300] {workday.py:41} WARNING - Could not import pandas. Holidays will not be considered.
[2024-09-12T01:56:52.773-0300] {processor.py:927} WARNING - No viable dags retrieved from /home/gabzarp/.local/lib/python3.10/site-packages/airflow/example_dags/plugins/workday.py
[2024-09-12T01:56:52.781-0300] {processor.py:208} INFO - Processing /home/gabzarp/.local/lib/python3.10/site-packages/airflow/example_dags/plugins/workday.py took 0.017 seconds
[2024-09-12T01:57:46.052-0300] {processor.py:186} INFO - Started process (PID=11741) to work on /home/gabzarp/.local/lib/python3.10/site-packages/airflow/example_dags/plugins/workday.py
[2024-09-12T01:57:46.054-0300] {processor.py:914} INFO - Processing file /home/gabzarp/.local/lib/python3.10/site-packages/airflow/example_dags/plugins/workday.py for tasks to queue
[2024-09-12T01:57:46.055-0300] {logging_mixin.py:190} INFO - [2024-09-12T01:57:46.054-0300] {dagbag.py:587} INFO - Filling up the DagBag from /home/gabzarp/.local/lib/python3.10/site-packages/airflow/example_dags/plugins/workday.py
[2024-09-12T01:57:46.057-0300] {logging_mixin.py:190} INFO - [2024-09-12T01:57:46.057-0300] {workday.py:41} WARNING - Could not import pandas. Holidays will not be considered.
[2024-09-12T01:57:46.058-0300] {processor.py:927} WARNING - No viable dags retrieved from /home/gabzarp/.local/lib/python3.10/site-packages/airflow/example_dags/plugins/workday.py
[2024-09-12T01:57:46.068-0300] {processor.py:208} INFO - Processing /home/gabzarp/.local/lib/python3.10/site-packages/airflow/example_dags/plugins/workday.py took 0.020 seconds
[2024-09-12T01:58:40.925-0300] {processor.py:186} INFO - Started process (PID=12173) to work on /home/gabzarp/.local/lib/python3.10/site-packages/airflow/example_dags/plugins/workday.py
[2024-09-12T01:58:40.926-0300] {processor.py:914} INFO - Processing file /home/gabzarp/.local/lib/python3.10/site-packages/airflow/example_dags/plugins/workday.py for tasks to queue
[2024-09-12T01:58:40.927-0300] {logging_mixin.py:190} INFO - [2024-09-12T01:58:40.926-0300] {dagbag.py:587} INFO - Filling up the DagBag from /home/gabzarp/.local/lib/python3.10/site-packages/airflow/example_dags/plugins/workday.py
[2024-09-12T01:58:40.928-0300] {logging_mixin.py:190} INFO - [2024-09-12T01:58:40.928-0300] {workday.py:41} WARNING - Could not import pandas. Holidays will not be considered.
[2024-09-12T01:58:40.928-0300] {processor.py:927} WARNING - No viable dags retrieved from /home/gabzarp/.local/lib/python3.10/site-packages/airflow/example_dags/plugins/workday.py
[2024-09-12T01:58:40.935-0300] {processor.py:208} INFO - Processing /home/gabzarp/.local/lib/python3.10/site-packages/airflow/example_dags/plugins/workday.py took 0.014 seconds
[2024-09-12T01:59:32.875-0300] {processor.py:186} INFO - Started process (PID=12583) to work on /home/gabzarp/.local/lib/python3.10/site-packages/airflow/example_dags/plugins/workday.py
[2024-09-12T01:59:32.876-0300] {processor.py:914} INFO - Processing file /home/gabzarp/.local/lib/python3.10/site-packages/airflow/example_dags/plugins/workday.py for tasks to queue
[2024-09-12T01:59:32.877-0300] {logging_mixin.py:190} INFO - [2024-09-12T01:59:32.877-0300] {dagbag.py:587} INFO - Filling up the DagBag from /home/gabzarp/.local/lib/python3.10/site-packages/airflow/example_dags/plugins/workday.py
[2024-09-12T01:59:32.879-0300] {logging_mixin.py:190} INFO - [2024-09-12T01:59:32.878-0300] {workday.py:41} WARNING - Could not import pandas. Holidays will not be considered.
[2024-09-12T01:59:32.879-0300] {processor.py:927} WARNING - No viable dags retrieved from /home/gabzarp/.local/lib/python3.10/site-packages/airflow/example_dags/plugins/workday.py
[2024-09-12T01:59:32.885-0300] {processor.py:208} INFO - Processing /home/gabzarp/.local/lib/python3.10/site-packages/airflow/example_dags/plugins/workday.py took 0.013 seconds
[2024-09-12T02:00:22.682-0300] {processor.py:186} INFO - Started process (PID=13041) to work on /home/gabzarp/.local/lib/python3.10/site-packages/airflow/example_dags/plugins/workday.py
[2024-09-12T02:00:22.683-0300] {processor.py:914} INFO - Processing file /home/gabzarp/.local/lib/python3.10/site-packages/airflow/example_dags/plugins/workday.py for tasks to queue
[2024-09-12T02:00:22.684-0300] {logging_mixin.py:190} INFO - [2024-09-12T02:00:22.684-0300] {dagbag.py:587} INFO - Filling up the DagBag from /home/gabzarp/.local/lib/python3.10/site-packages/airflow/example_dags/plugins/workday.py
[2024-09-12T02:00:22.686-0300] {logging_mixin.py:190} INFO - [2024-09-12T02:00:22.686-0300] {workday.py:41} WARNING - Could not import pandas. Holidays will not be considered.
[2024-09-12T02:00:22.686-0300] {processor.py:927} WARNING - No viable dags retrieved from /home/gabzarp/.local/lib/python3.10/site-packages/airflow/example_dags/plugins/workday.py
[2024-09-12T02:00:22.692-0300] {processor.py:208} INFO - Processing /home/gabzarp/.local/lib/python3.10/site-packages/airflow/example_dags/plugins/workday.py took 0.014 seconds
[2024-09-12T02:01:15.754-0300] {processor.py:186} INFO - Started process (PID=13546) to work on /home/gabzarp/.local/lib/python3.10/site-packages/airflow/example_dags/plugins/workday.py
[2024-09-12T02:01:15.755-0300] {processor.py:914} INFO - Processing file /home/gabzarp/.local/lib/python3.10/site-packages/airflow/example_dags/plugins/workday.py for tasks to queue
[2024-09-12T02:01:15.755-0300] {logging_mixin.py:190} INFO - [2024-09-12T02:01:15.755-0300] {dagbag.py:587} INFO - Filling up the DagBag from /home/gabzarp/.local/lib/python3.10/site-packages/airflow/example_dags/plugins/workday.py
[2024-09-12T02:01:15.757-0300] {logging_mixin.py:190} INFO - [2024-09-12T02:01:15.757-0300] {workday.py:41} WARNING - Could not import pandas. Holidays will not be considered.
[2024-09-12T02:01:15.757-0300] {processor.py:927} WARNING - No viable dags retrieved from /home/gabzarp/.local/lib/python3.10/site-packages/airflow/example_dags/plugins/workday.py
[2024-09-12T02:01:15.763-0300] {processor.py:208} INFO - Processing /home/gabzarp/.local/lib/python3.10/site-packages/airflow/example_dags/plugins/workday.py took 0.013 seconds
[2024-09-12T02:02:06.577-0300] {processor.py:186} INFO - Started process (PID=13981) to work on /home/gabzarp/.local/lib/python3.10/site-packages/airflow/example_dags/plugins/workday.py
[2024-09-12T02:02:06.578-0300] {processor.py:914} INFO - Processing file /home/gabzarp/.local/lib/python3.10/site-packages/airflow/example_dags/plugins/workday.py for tasks to queue
[2024-09-12T02:02:06.579-0300] {logging_mixin.py:190} INFO - [2024-09-12T02:02:06.579-0300] {dagbag.py:587} INFO - Filling up the DagBag from /home/gabzarp/.local/lib/python3.10/site-packages/airflow/example_dags/plugins/workday.py
[2024-09-12T02:02:06.581-0300] {logging_mixin.py:190} INFO - [2024-09-12T02:02:06.581-0300] {workday.py:41} WARNING - Could not import pandas. Holidays will not be considered.
[2024-09-12T02:02:06.581-0300] {processor.py:927} WARNING - No viable dags retrieved from /home/gabzarp/.local/lib/python3.10/site-packages/airflow/example_dags/plugins/workday.py
[2024-09-12T02:02:06.588-0300] {processor.py:208} INFO - Processing /home/gabzarp/.local/lib/python3.10/site-packages/airflow/example_dags/plugins/workday.py took 0.014 seconds
[2024-09-12T02:02:52.824-0300] {processor.py:186} INFO - Started process (PID=14362) to work on /home/gabzarp/.local/lib/python3.10/site-packages/airflow/example_dags/plugins/workday.py
[2024-09-12T02:02:52.825-0300] {processor.py:914} INFO - Processing file /home/gabzarp/.local/lib/python3.10/site-packages/airflow/example_dags/plugins/workday.py for tasks to queue
[2024-09-12T02:02:52.826-0300] {logging_mixin.py:190} INFO - [2024-09-12T02:02:52.825-0300] {dagbag.py:587} INFO - Filling up the DagBag from /home/gabzarp/.local/lib/python3.10/site-packages/airflow/example_dags/plugins/workday.py
[2024-09-12T02:02:52.828-0300] {logging_mixin.py:190} INFO - [2024-09-12T02:02:52.827-0300] {workday.py:41} WARNING - Could not import pandas. Holidays will not be considered.
[2024-09-12T02:02:52.828-0300] {processor.py:927} WARNING - No viable dags retrieved from /home/gabzarp/.local/lib/python3.10/site-packages/airflow/example_dags/plugins/workday.py
[2024-09-12T02:02:52.836-0300] {processor.py:208} INFO - Processing /home/gabzarp/.local/lib/python3.10/site-packages/airflow/example_dags/plugins/workday.py took 0.017 seconds
[2024-09-12T02:03:44.272-0300] {processor.py:186} INFO - Started process (PID=14772) to work on /home/gabzarp/.local/lib/python3.10/site-packages/airflow/example_dags/plugins/workday.py
[2024-09-12T02:03:44.274-0300] {processor.py:914} INFO - Processing file /home/gabzarp/.local/lib/python3.10/site-packages/airflow/example_dags/plugins/workday.py for tasks to queue
[2024-09-12T02:03:44.275-0300] {logging_mixin.py:190} INFO - [2024-09-12T02:03:44.274-0300] {dagbag.py:587} INFO - Filling up the DagBag from /home/gabzarp/.local/lib/python3.10/site-packages/airflow/example_dags/plugins/workday.py
[2024-09-12T02:03:44.276-0300] {logging_mixin.py:190} INFO - [2024-09-12T02:03:44.276-0300] {workday.py:41} WARNING - Could not import pandas. Holidays will not be considered.
[2024-09-12T02:03:44.277-0300] {processor.py:927} WARNING - No viable dags retrieved from /home/gabzarp/.local/lib/python3.10/site-packages/airflow/example_dags/plugins/workday.py
[2024-09-12T02:03:44.284-0300] {processor.py:208} INFO - Processing /home/gabzarp/.local/lib/python3.10/site-packages/airflow/example_dags/plugins/workday.py took 0.015 seconds
[2024-09-12T02:04:35.682-0300] {processor.py:186} INFO - Started process (PID=15178) to work on /home/gabzarp/.local/lib/python3.10/site-packages/airflow/example_dags/plugins/workday.py
[2024-09-12T02:04:35.683-0300] {processor.py:914} INFO - Processing file /home/gabzarp/.local/lib/python3.10/site-packages/airflow/example_dags/plugins/workday.py for tasks to queue
[2024-09-12T02:04:35.684-0300] {logging_mixin.py:190} INFO - [2024-09-12T02:04:35.684-0300] {dagbag.py:587} INFO - Filling up the DagBag from /home/gabzarp/.local/lib/python3.10/site-packages/airflow/example_dags/plugins/workday.py
[2024-09-12T02:04:35.686-0300] {logging_mixin.py:190} INFO - [2024-09-12T02:04:35.686-0300] {workday.py:41} WARNING - Could not import pandas. Holidays will not be considered.
[2024-09-12T02:04:35.686-0300] {processor.py:927} WARNING - No viable dags retrieved from /home/gabzarp/.local/lib/python3.10/site-packages/airflow/example_dags/plugins/workday.py
[2024-09-12T02:04:35.693-0300] {processor.py:208} INFO - Processing /home/gabzarp/.local/lib/python3.10/site-packages/airflow/example_dags/plugins/workday.py took 0.015 seconds
[2024-09-12T02:05:29.056-0300] {processor.py:186} INFO - Started process (PID=15598) to work on /home/gabzarp/.local/lib/python3.10/site-packages/airflow/example_dags/plugins/workday.py
[2024-09-12T02:05:29.057-0300] {processor.py:914} INFO - Processing file /home/gabzarp/.local/lib/python3.10/site-packages/airflow/example_dags/plugins/workday.py for tasks to queue
[2024-09-12T02:05:29.057-0300] {logging_mixin.py:190} INFO - [2024-09-12T02:05:29.057-0300] {dagbag.py:587} INFO - Filling up the DagBag from /home/gabzarp/.local/lib/python3.10/site-packages/airflow/example_dags/plugins/workday.py
[2024-09-12T02:05:29.059-0300] {logging_mixin.py:190} INFO - [2024-09-12T02:05:29.059-0300] {workday.py:41} WARNING - Could not import pandas. Holidays will not be considered.
[2024-09-12T02:05:29.059-0300] {processor.py:927} WARNING - No viable dags retrieved from /home/gabzarp/.local/lib/python3.10/site-packages/airflow/example_dags/plugins/workday.py
[2024-09-12T02:05:29.066-0300] {processor.py:208} INFO - Processing /home/gabzarp/.local/lib/python3.10/site-packages/airflow/example_dags/plugins/workday.py took 0.014 seconds
[2024-09-12T02:06:21.763-0300] {processor.py:186} INFO - Started process (PID=16015) to work on /home/gabzarp/.local/lib/python3.10/site-packages/airflow/example_dags/plugins/workday.py
[2024-09-12T02:06:21.764-0300] {processor.py:914} INFO - Processing file /home/gabzarp/.local/lib/python3.10/site-packages/airflow/example_dags/plugins/workday.py for tasks to queue
[2024-09-12T02:06:21.764-0300] {logging_mixin.py:190} INFO - [2024-09-12T02:06:21.764-0300] {dagbag.py:587} INFO - Filling up the DagBag from /home/gabzarp/.local/lib/python3.10/site-packages/airflow/example_dags/plugins/workday.py
[2024-09-12T02:06:21.766-0300] {logging_mixin.py:190} INFO - [2024-09-12T02:06:21.766-0300] {workday.py:41} WARNING - Could not import pandas. Holidays will not be considered.
[2024-09-12T02:06:21.766-0300] {processor.py:927} WARNING - No viable dags retrieved from /home/gabzarp/.local/lib/python3.10/site-packages/airflow/example_dags/plugins/workday.py
[2024-09-12T02:06:21.773-0300] {processor.py:208} INFO - Processing /home/gabzarp/.local/lib/python3.10/site-packages/airflow/example_dags/plugins/workday.py took 0.014 seconds
[2024-09-12T02:07:10.440-0300] {processor.py:186} INFO - Started process (PID=16404) to work on /home/gabzarp/.local/lib/python3.10/site-packages/airflow/example_dags/plugins/workday.py
[2024-09-12T02:07:10.440-0300] {processor.py:914} INFO - Processing file /home/gabzarp/.local/lib/python3.10/site-packages/airflow/example_dags/plugins/workday.py for tasks to queue
[2024-09-12T02:07:10.441-0300] {logging_mixin.py:190} INFO - [2024-09-12T02:07:10.441-0300] {dagbag.py:587} INFO - Filling up the DagBag from /home/gabzarp/.local/lib/python3.10/site-packages/airflow/example_dags/plugins/workday.py
[2024-09-12T02:07:10.443-0300] {logging_mixin.py:190} INFO - [2024-09-12T02:07:10.443-0300] {workday.py:41} WARNING - Could not import pandas. Holidays will not be considered.
[2024-09-12T02:07:10.443-0300] {processor.py:927} WARNING - No viable dags retrieved from /home/gabzarp/.local/lib/python3.10/site-packages/airflow/example_dags/plugins/workday.py
[2024-09-12T02:07:10.450-0300] {processor.py:208} INFO - Processing /home/gabzarp/.local/lib/python3.10/site-packages/airflow/example_dags/plugins/workday.py took 0.014 seconds
[2024-09-12T02:07:58.946-0300] {processor.py:186} INFO - Started process (PID=16783) to work on /home/gabzarp/.local/lib/python3.10/site-packages/airflow/example_dags/plugins/workday.py
[2024-09-12T02:07:58.947-0300] {processor.py:914} INFO - Processing file /home/gabzarp/.local/lib/python3.10/site-packages/airflow/example_dags/plugins/workday.py for tasks to queue
[2024-09-12T02:07:58.948-0300] {logging_mixin.py:190} INFO - [2024-09-12T02:07:58.948-0300] {dagbag.py:587} INFO - Filling up the DagBag from /home/gabzarp/.local/lib/python3.10/site-packages/airflow/example_dags/plugins/workday.py
[2024-09-12T02:07:58.950-0300] {logging_mixin.py:190} INFO - [2024-09-12T02:07:58.950-0300] {workday.py:41} WARNING - Could not import pandas. Holidays will not be considered.
[2024-09-12T02:07:58.950-0300] {processor.py:927} WARNING - No viable dags retrieved from /home/gabzarp/.local/lib/python3.10/site-packages/airflow/example_dags/plugins/workday.py
[2024-09-12T02:07:58.958-0300] {processor.py:208} INFO - Processing /home/gabzarp/.local/lib/python3.10/site-packages/airflow/example_dags/plugins/workday.py took 0.016 seconds
[2024-09-12T02:08:50.640-0300] {processor.py:186} INFO - Started process (PID=17190) to work on /home/gabzarp/.local/lib/python3.10/site-packages/airflow/example_dags/plugins/workday.py
[2024-09-12T02:08:50.641-0300] {processor.py:914} INFO - Processing file /home/gabzarp/.local/lib/python3.10/site-packages/airflow/example_dags/plugins/workday.py for tasks to queue
[2024-09-12T02:08:50.641-0300] {logging_mixin.py:190} INFO - [2024-09-12T02:08:50.641-0300] {dagbag.py:587} INFO - Filling up the DagBag from /home/gabzarp/.local/lib/python3.10/site-packages/airflow/example_dags/plugins/workday.py
[2024-09-12T02:08:50.643-0300] {logging_mixin.py:190} INFO - [2024-09-12T02:08:50.643-0300] {workday.py:41} WARNING - Could not import pandas. Holidays will not be considered.
[2024-09-12T02:08:50.643-0300] {processor.py:927} WARNING - No viable dags retrieved from /home/gabzarp/.local/lib/python3.10/site-packages/airflow/example_dags/plugins/workday.py
[2024-09-12T02:08:50.651-0300] {processor.py:208} INFO - Processing /home/gabzarp/.local/lib/python3.10/site-packages/airflow/example_dags/plugins/workday.py took 0.015 seconds
[2024-09-12T02:09:42.256-0300] {processor.py:186} INFO - Started process (PID=17722) to work on /home/gabzarp/.local/lib/python3.10/site-packages/airflow/example_dags/plugins/workday.py
[2024-09-12T02:09:42.257-0300] {processor.py:914} INFO - Processing file /home/gabzarp/.local/lib/python3.10/site-packages/airflow/example_dags/plugins/workday.py for tasks to queue
[2024-09-12T02:09:42.258-0300] {logging_mixin.py:190} INFO - [2024-09-12T02:09:42.258-0300] {dagbag.py:587} INFO - Filling up the DagBag from /home/gabzarp/.local/lib/python3.10/site-packages/airflow/example_dags/plugins/workday.py
[2024-09-12T02:09:42.260-0300] {logging_mixin.py:190} INFO - [2024-09-12T02:09:42.260-0300] {workday.py:41} WARNING - Could not import pandas. Holidays will not be considered.
[2024-09-12T02:09:42.260-0300] {processor.py:927} WARNING - No viable dags retrieved from /home/gabzarp/.local/lib/python3.10/site-packages/airflow/example_dags/plugins/workday.py
[2024-09-12T02:09:42.266-0300] {processor.py:208} INFO - Processing /home/gabzarp/.local/lib/python3.10/site-packages/airflow/example_dags/plugins/workday.py took 0.014 seconds
