[2024-10-04T16:13:03.534-0300] {local_task_job_runner.py:123} INFO - ::group::Pre task execution logs
[2024-10-04T16:13:03.541-0300] {taskinstance.py:2612} INFO - Dependencies all met for dep_context=non-requeueable deps ti=<TaskInstance: dag_air_polution.get_data_from_api manual__2024-10-04T19:13:01.000292+00:00 [queued]>
[2024-10-04T16:13:03.544-0300] {taskinstance.py:2612} INFO - Dependencies all met for dep_context=requeueable deps ti=<TaskInstance: dag_air_polution.get_data_from_api manual__2024-10-04T19:13:01.000292+00:00 [queued]>
[2024-10-04T16:13:03.545-0300] {taskinstance.py:2865} INFO - Starting attempt 1 of 1
[2024-10-04T16:13:03.557-0300] {taskinstance.py:2888} INFO - Executing <Task(BashOperator): get_data_from_api> on 2024-10-04 19:13:01.000292+00:00
[2024-10-04T16:13:03.561-0300] {standard_task_runner.py:72} INFO - Started process 17870 to run task
[2024-10-04T16:13:03.563-0300] {standard_task_runner.py:104} INFO - Running: ['airflow', 'tasks', 'run', 'dag_air_polution', 'get_data_from_api', 'manual__2024-10-04T19:13:01.000292+00:00', '--job-id', '129', '--raw', '--subdir', 'DAGS_FOLDER/dag_air_polution.py', '--cfg-path', '/tmp/tmpmacx5itj']
[2024-10-04T16:13:03.565-0300] {standard_task_runner.py:105} INFO - Job 129: Subtask get_data_from_api
[2024-10-04T16:13:03.592-0300] {task_command.py:467} INFO - Running <TaskInstance: dag_air_polution.get_data_from_api manual__2024-10-04T19:13:01.000292+00:00 [running]> on host DESKTOP-PEJJLJO.
[2024-10-04T16:13:03.643-0300] {taskinstance.py:3131} INFO - Exporting env vars: AIRFLOW_CTX_DAG_OWNER='airflow' AIRFLOW_CTX_DAG_ID='dag_air_polution' AIRFLOW_CTX_TASK_ID='get_data_from_api' AIRFLOW_CTX_EXECUTION_DATE='2024-10-04T19:13:01.000292+00:00' AIRFLOW_CTX_TRY_NUMBER='1' AIRFLOW_CTX_DAG_RUN_ID='manual__2024-10-04T19:13:01.000292+00:00'
[2024-10-04T16:13:03.643-0300] {taskinstance.py:731} INFO - ::endgroup::
[2024-10-04T16:13:03.651-0300] {subprocess.py:63} INFO - Tmp dir root location: /tmp
[2024-10-04T16:13:03.652-0300] {subprocess.py:75} INFO - Running command: ['/usr/bin/bash', '-c', 'python3 ~/airflow/python/get_data_from_api.py']
[2024-10-04T16:13:03.658-0300] {subprocess.py:86} INFO - Output:
[2024-10-04T16:13:03.672-0300] {subprocess.py:93} INFO - voltou algo print
[2024-10-04T16:13:03.674-0300] {subprocess.py:97} INFO - Command exited with return code 0
[2024-10-04T16:13:03.688-0300] {taskinstance.py:340} INFO - ::group::Post task execution logs
[2024-10-04T16:13:03.688-0300] {taskinstance.py:352} INFO - Marking task as SUCCESS. dag_id=dag_air_polution, task_id=get_data_from_api, run_id=manual__2024-10-04T19:13:01.000292+00:00, execution_date=20241004T191301, start_date=20241004T191303, end_date=20241004T191303
[2024-10-04T16:13:03.736-0300] {local_task_job_runner.py:266} INFO - Task exited with return code 0
[2024-10-04T16:13:03.744-0300] {taskinstance.py:3900} INFO - 0 downstream tasks scheduled from follow-on schedule check
[2024-10-04T16:13:03.744-0300] {local_task_job_runner.py:245} INFO - ::endgroup::
