[2024-09-16T21:34:03.269-0300] {local_task_job_runner.py:123} INFO - ::group::Pre task execution logs
[2024-09-16T21:34:03.277-0300] {taskinstance.py:2612} INFO - Dependencies all met for dep_context=non-requeueable deps ti=<TaskInstance: dag_mal_scrapy.scrape_data manual__2024-09-17T00:33:59.778354+00:00 [queued]>
[2024-09-16T21:34:03.281-0300] {taskinstance.py:2612} INFO - Dependencies all met for dep_context=requeueable deps ti=<TaskInstance: dag_mal_scrapy.scrape_data manual__2024-09-17T00:33:59.778354+00:00 [queued]>
[2024-09-16T21:34:03.281-0300] {taskinstance.py:2865} INFO - Starting attempt 1 of 1
[2024-09-16T21:34:03.294-0300] {taskinstance.py:2888} INFO - Executing <Task(BashOperator): scrape_data> on 2024-09-17 00:33:59.778354+00:00
[2024-09-16T21:34:03.297-0300] {standard_task_runner.py:72} INFO - Started process 153881 to run task
[2024-09-16T21:34:03.300-0300] {standard_task_runner.py:104} INFO - Running: ['airflow', 'tasks', 'run', 'dag_mal_scrapy', 'scrape_data', 'manual__2024-09-17T00:33:59.778354+00:00', '--job-id', '102', '--raw', '--subdir', 'DAGS_FOLDER/dag_mal_scrapy.py', '--cfg-path', '/tmp/tmpwfvl7vcz']
[2024-09-16T21:34:03.302-0300] {standard_task_runner.py:105} INFO - Job 102: Subtask scrape_data
[2024-09-16T21:34:03.328-0300] {task_command.py:467} INFO - Running <TaskInstance: dag_mal_scrapy.scrape_data manual__2024-09-17T00:33:59.778354+00:00 [running]> on host DESKTOP-PEJJLJO.
[2024-09-16T21:34:03.395-0300] {taskinstance.py:3131} INFO - Exporting env vars: AIRFLOW_CTX_DAG_OWNER='airflow' AIRFLOW_CTX_DAG_ID='dag_mal_scrapy' AIRFLOW_CTX_TASK_ID='scrape_data' AIRFLOW_CTX_EXECUTION_DATE='2024-09-17T00:33:59.778354+00:00' AIRFLOW_CTX_TRY_NUMBER='1' AIRFLOW_CTX_DAG_RUN_ID='manual__2024-09-17T00:33:59.778354+00:00'
[2024-09-16T21:34:03.395-0300] {taskinstance.py:731} INFO - ::endgroup::
[2024-09-16T21:34:03.404-0300] {subprocess.py:63} INFO - Tmp dir root location: /tmp
[2024-09-16T21:34:03.405-0300] {subprocess.py:75} INFO - Running command: ['/usr/bin/bash', '-c', 'python3 ~/airflow/python/mal_scrapy.py']
[2024-09-16T21:34:03.413-0300] {subprocess.py:86} INFO - Output:
[2024-09-16T21:34:03.887-0300] {subprocess.py:93} INFO - 2024-09-16 21:34:03 [scrapy.utils.log] INFO: Scrapy 2.11.2 started (bot: scrapybot)
[2024-09-16T21:34:03.889-0300] {subprocess.py:93} INFO - 2024-09-16 21:34:03 [scrapy.utils.log] INFO: Versions: lxml 5.3.0.0, libxml2 2.12.9, cssselect 1.2.0, parsel 1.9.1, w3lib 2.2.1, Twisted 24.7.0, Python 3.10.12 (main, Jul 29 2024, 16:56:48) [GCC 11.4.0], pyOpenSSL 24.2.1 (OpenSSL 3.2.2 4 Jun 2024), cryptography 42.0.8, Platform Linux-5.15.153.1-microsoft-standard-WSL2-x86_64-with-glibc2.35
[2024-09-16T21:34:03.891-0300] {subprocess.py:93} INFO - 2024-09-16 21:34:03 [scrapy.addons] INFO: Enabled addons:
[2024-09-16T21:34:03.891-0300] {subprocess.py:93} INFO - []
[2024-09-16T21:34:03.892-0300] {subprocess.py:93} INFO - 2024-09-16 21:34:03 [scrapy.utils.log] DEBUG: Using reactor: twisted.internet.epollreactor.EPollReactor
[2024-09-16T21:34:03.899-0300] {subprocess.py:93} INFO - 2024-09-16 21:34:03 [scrapy.extensions.telnet] INFO: Telnet Password: 73ef081c47a4ae01
[2024-09-16T21:34:03.936-0300] {subprocess.py:93} INFO - 2024-09-16 21:34:03 [scrapy.middleware] INFO: Enabled extensions:
[2024-09-16T21:34:03.936-0300] {subprocess.py:93} INFO - ['scrapy.extensions.corestats.CoreStats',
[2024-09-16T21:34:03.937-0300] {subprocess.py:93} INFO -  'scrapy.extensions.telnet.TelnetConsole',
[2024-09-16T21:34:03.937-0300] {subprocess.py:93} INFO -  'scrapy.extensions.memusage.MemoryUsage',
[2024-09-16T21:34:03.937-0300] {subprocess.py:93} INFO -  'scrapy.extensions.logstats.LogStats']
[2024-09-16T21:34:03.937-0300] {subprocess.py:93} INFO - 2024-09-16 21:34:03 [scrapy.crawler] INFO: Overridden settings:
[2024-09-16T21:34:03.937-0300] {subprocess.py:93} INFO - {'REQUEST_FINGERPRINTER_IMPLEMENTATION': '2.7'}
[2024-09-16T21:34:04.026-0300] {subprocess.py:93} INFO - 2024-09-16 21:34:04 [faker.factory] DEBUG: Not in REPL -> leaving logger event level as is.
[2024-09-16T21:34:04.027-0300] {subprocess.py:93} INFO - 2024-09-16 21:34:04 [scrapy_fake_useragent.middleware] INFO: Error loading User-Agent provider: scrapy_fake_useragent.providers.FakeUserAgentProvider
[2024-09-16T21:34:04.027-0300] {subprocess.py:93} INFO - 2024-09-16 21:34:04 [faker.factory] DEBUG: Looking for locale `en_US` in provider `faker.providers.address`.
[2024-09-16T21:34:04.028-0300] {subprocess.py:93} INFO - 2024-09-16 21:34:04 [faker.factory] DEBUG: Provider `faker.providers.address` has been localized to `en_US`.
[2024-09-16T21:34:04.029-0300] {subprocess.py:93} INFO - 2024-09-16 21:34:04 [faker.factory] DEBUG: Looking for locale `en_US` in provider `faker.providers.automotive`.
[2024-09-16T21:34:04.031-0300] {subprocess.py:93} INFO - 2024-09-16 21:34:04 [faker.factory] DEBUG: Provider `faker.providers.automotive` has been localized to `en_US`.
[2024-09-16T21:34:04.031-0300] {subprocess.py:93} INFO - 2024-09-16 21:34:04 [faker.factory] DEBUG: Looking for locale `en_US` in provider `faker.providers.bank`.
[2024-09-16T21:34:04.032-0300] {subprocess.py:93} INFO - 2024-09-16 21:34:04 [faker.factory] DEBUG: Specified locale `en_US` is not available for provider `faker.providers.bank`. Locale reset to `en_GB` for this provider.
[2024-09-16T21:34:04.033-0300] {subprocess.py:93} INFO - 2024-09-16 21:34:04 [faker.factory] DEBUG: Looking for locale `en_US` in provider `faker.providers.barcode`.
[2024-09-16T21:34:04.033-0300] {subprocess.py:93} INFO - 2024-09-16 21:34:04 [faker.factory] DEBUG: Provider `faker.providers.barcode` has been localized to `en_US`.
[2024-09-16T21:34:04.034-0300] {subprocess.py:93} INFO - 2024-09-16 21:34:04 [faker.factory] DEBUG: Looking for locale `en_US` in provider `faker.providers.color`.
[2024-09-16T21:34:04.035-0300] {subprocess.py:93} INFO - 2024-09-16 21:34:04 [faker.factory] DEBUG: Provider `faker.providers.color` has been localized to `en_US`.
[2024-09-16T21:34:04.036-0300] {subprocess.py:93} INFO - 2024-09-16 21:34:04 [faker.factory] DEBUG: Looking for locale `en_US` in provider `faker.providers.company`.
[2024-09-16T21:34:04.037-0300] {subprocess.py:93} INFO - 2024-09-16 21:34:04 [faker.factory] DEBUG: Provider `faker.providers.company` has been localized to `en_US`.
[2024-09-16T21:34:04.037-0300] {subprocess.py:93} INFO - 2024-09-16 21:34:04 [faker.factory] DEBUG: Looking for locale `en_US` in provider `faker.providers.credit_card`.
[2024-09-16T21:34:04.038-0300] {subprocess.py:93} INFO - 2024-09-16 21:34:04 [faker.factory] DEBUG: Provider `faker.providers.credit_card` has been localized to `en_US`.
[2024-09-16T21:34:04.038-0300] {subprocess.py:93} INFO - 2024-09-16 21:34:04 [faker.factory] DEBUG: Looking for locale `en_US` in provider `faker.providers.currency`.
[2024-09-16T21:34:04.039-0300] {subprocess.py:93} INFO - 2024-09-16 21:34:04 [faker.factory] DEBUG: Provider `faker.providers.currency` has been localized to `en_US`.
[2024-09-16T21:34:04.039-0300] {subprocess.py:93} INFO - 2024-09-16 21:34:04 [faker.factory] DEBUG: Looking for locale `en_US` in provider `faker.providers.date_time`.
[2024-09-16T21:34:04.041-0300] {subprocess.py:93} INFO - 2024-09-16 21:34:04 [faker.factory] DEBUG: Provider `faker.providers.date_time` has been localized to `en_US`.
[2024-09-16T21:34:04.041-0300] {subprocess.py:93} INFO - 2024-09-16 21:34:04 [faker.factory] DEBUG: Provider `faker.providers.emoji` does not feature localization. Specified locale `en_US` is not utilized for this provider.
[2024-09-16T21:34:04.042-0300] {subprocess.py:93} INFO - 2024-09-16 21:34:04 [faker.factory] DEBUG: Provider `faker.providers.file` does not feature localization. Specified locale `en_US` is not utilized for this provider.
[2024-09-16T21:34:04.042-0300] {subprocess.py:93} INFO - 2024-09-16 21:34:04 [faker.factory] DEBUG: Looking for locale `en_US` in provider `faker.providers.geo`.
[2024-09-16T21:34:04.042-0300] {subprocess.py:93} INFO - 2024-09-16 21:34:04 [faker.factory] DEBUG: Provider `faker.providers.geo` has been localized to `en_US`.
[2024-09-16T21:34:04.042-0300] {subprocess.py:93} INFO - 2024-09-16 21:34:04 [faker.factory] DEBUG: Looking for locale `en_US` in provider `faker.providers.internet`.
[2024-09-16T21:34:04.044-0300] {subprocess.py:93} INFO - 2024-09-16 21:34:04 [faker.factory] DEBUG: Provider `faker.providers.internet` has been localized to `en_US`.
[2024-09-16T21:34:04.044-0300] {subprocess.py:93} INFO - 2024-09-16 21:34:04 [faker.factory] DEBUG: Looking for locale `en_US` in provider `faker.providers.isbn`.
[2024-09-16T21:34:04.044-0300] {subprocess.py:93} INFO - 2024-09-16 21:34:04 [faker.factory] DEBUG: Provider `faker.providers.isbn` has been localized to `en_US`.
[2024-09-16T21:34:04.045-0300] {subprocess.py:93} INFO - 2024-09-16 21:34:04 [faker.factory] DEBUG: Looking for locale `en_US` in provider `faker.providers.job`.
[2024-09-16T21:34:04.046-0300] {subprocess.py:93} INFO - 2024-09-16 21:34:04 [faker.factory] DEBUG: Provider `faker.providers.job` has been localized to `en_US`.
[2024-09-16T21:34:04.046-0300] {subprocess.py:93} INFO - 2024-09-16 21:34:04 [faker.factory] DEBUG: Looking for locale `en_US` in provider `faker.providers.lorem`.
[2024-09-16T21:34:04.047-0300] {subprocess.py:93} INFO - 2024-09-16 21:34:04 [faker.factory] DEBUG: Provider `faker.providers.lorem` has been localized to `en_US`.
[2024-09-16T21:34:04.048-0300] {subprocess.py:93} INFO - 2024-09-16 21:34:04 [faker.factory] DEBUG: Looking for locale `en_US` in provider `faker.providers.misc`.
[2024-09-16T21:34:04.048-0300] {subprocess.py:93} INFO - 2024-09-16 21:34:04 [faker.factory] DEBUG: Provider `faker.providers.misc` has been localized to `en_US`.
[2024-09-16T21:34:04.049-0300] {subprocess.py:93} INFO - 2024-09-16 21:34:04 [faker.factory] DEBUG: Looking for locale `en_US` in provider `faker.providers.passport`.
[2024-09-16T21:34:04.049-0300] {subprocess.py:93} INFO - 2024-09-16 21:34:04 [faker.factory] DEBUG: Provider `faker.providers.passport` has been localized to `en_US`.
[2024-09-16T21:34:04.049-0300] {subprocess.py:93} INFO - 2024-09-16 21:34:04 [faker.factory] DEBUG: Looking for locale `en_US` in provider `faker.providers.person`.
[2024-09-16T21:34:04.051-0300] {subprocess.py:93} INFO - 2024-09-16 21:34:04 [faker.factory] DEBUG: Provider `faker.providers.person` has been localized to `en_US`.
[2024-09-16T21:34:04.053-0300] {subprocess.py:93} INFO - 2024-09-16 21:34:04 [faker.factory] DEBUG: Looking for locale `en_US` in provider `faker.providers.phone_number`.
[2024-09-16T21:34:04.054-0300] {subprocess.py:93} INFO - 2024-09-16 21:34:04 [faker.factory] DEBUG: Provider `faker.providers.phone_number` has been localized to `en_US`.
[2024-09-16T21:34:04.054-0300] {subprocess.py:93} INFO - 2024-09-16 21:34:04 [faker.factory] DEBUG: Provider `faker.providers.profile` does not feature localization. Specified locale `en_US` is not utilized for this provider.
[2024-09-16T21:34:04.055-0300] {subprocess.py:93} INFO - 2024-09-16 21:34:04 [faker.factory] DEBUG: Provider `faker.providers.python` does not feature localization. Specified locale `en_US` is not utilized for this provider.
[2024-09-16T21:34:04.055-0300] {subprocess.py:93} INFO - 2024-09-16 21:34:04 [faker.factory] DEBUG: Provider `faker.providers.sbn` does not feature localization. Specified locale `en_US` is not utilized for this provider.
[2024-09-16T21:34:04.055-0300] {subprocess.py:93} INFO - 2024-09-16 21:34:04 [faker.factory] DEBUG: Looking for locale `en_US` in provider `faker.providers.ssn`.
[2024-09-16T21:34:04.056-0300] {subprocess.py:93} INFO - 2024-09-16 21:34:04 [faker.factory] DEBUG: Provider `faker.providers.ssn` has been localized to `en_US`.
[2024-09-16T21:34:04.057-0300] {subprocess.py:93} INFO - 2024-09-16 21:34:04 [faker.factory] DEBUG: Provider `faker.providers.user_agent` does not feature localization. Specified locale `en_US` is not utilized for this provider.
[2024-09-16T21:34:04.057-0300] {subprocess.py:93} INFO - 2024-09-16 21:34:04 [scrapy_fake_useragent.middleware] DEBUG: Loaded User-Agent provider: scrapy_fake_useragent.providers.FakerProvider
[2024-09-16T21:34:04.057-0300] {subprocess.py:93} INFO - 2024-09-16 21:34:04 [scrapy_fake_useragent.middleware] INFO: Using '<class 'scrapy_fake_useragent.providers.FakerProvider'>' as the User-Agent provider
[2024-09-16T21:34:04.058-0300] {subprocess.py:93} INFO - 2024-09-16 21:34:04 [scrapy_fake_useragent.middleware] INFO: Error loading User-Agent provider: scrapy_fake_useragent.providers.FakeUserAgentProvider
[2024-09-16T21:34:04.058-0300] {subprocess.py:93} INFO - 2024-09-16 21:34:04 [faker.factory] DEBUG: Looking for locale `en_US` in provider `faker.providers.address`.
[2024-09-16T21:34:04.060-0300] {subprocess.py:93} INFO - 2024-09-16 21:34:04 [faker.factory] DEBUG: Provider `faker.providers.address` has been localized to `en_US`.
[2024-09-16T21:34:04.061-0300] {subprocess.py:93} INFO - 2024-09-16 21:34:04 [faker.factory] DEBUG: Looking for locale `en_US` in provider `faker.providers.automotive`.
[2024-09-16T21:34:04.063-0300] {subprocess.py:93} INFO - 2024-09-16 21:34:04 [faker.factory] DEBUG: Provider `faker.providers.automotive` has been localized to `en_US`.
[2024-09-16T21:34:04.063-0300] {subprocess.py:93} INFO - 2024-09-16 21:34:04 [faker.factory] DEBUG: Looking for locale `en_US` in provider `faker.providers.bank`.
[2024-09-16T21:34:04.064-0300] {subprocess.py:93} INFO - 2024-09-16 21:34:04 [faker.factory] DEBUG: Specified locale `en_US` is not available for provider `faker.providers.bank`. Locale reset to `en_GB` for this provider.
[2024-09-16T21:34:04.064-0300] {subprocess.py:93} INFO - 2024-09-16 21:34:04 [faker.factory] DEBUG: Looking for locale `en_US` in provider `faker.providers.barcode`.
[2024-09-16T21:34:04.065-0300] {subprocess.py:93} INFO - 2024-09-16 21:34:04 [faker.factory] DEBUG: Provider `faker.providers.barcode` has been localized to `en_US`.
[2024-09-16T21:34:04.065-0300] {subprocess.py:93} INFO - 2024-09-16 21:34:04 [faker.factory] DEBUG: Looking for locale `en_US` in provider `faker.providers.color`.
[2024-09-16T21:34:04.065-0300] {subprocess.py:93} INFO - 2024-09-16 21:34:04 [faker.factory] DEBUG: Provider `faker.providers.color` has been localized to `en_US`.
[2024-09-16T21:34:04.066-0300] {subprocess.py:93} INFO - 2024-09-16 21:34:04 [faker.factory] DEBUG: Looking for locale `en_US` in provider `faker.providers.company`.
[2024-09-16T21:34:04.066-0300] {subprocess.py:93} INFO - 2024-09-16 21:34:04 [faker.factory] DEBUG: Provider `faker.providers.company` has been localized to `en_US`.
[2024-09-16T21:34:04.067-0300] {subprocess.py:93} INFO - 2024-09-16 21:34:04 [faker.factory] DEBUG: Looking for locale `en_US` in provider `faker.providers.credit_card`.
[2024-09-16T21:34:04.067-0300] {subprocess.py:93} INFO - 2024-09-16 21:34:04 [faker.factory] DEBUG: Provider `faker.providers.credit_card` has been localized to `en_US`.
[2024-09-16T21:34:04.067-0300] {subprocess.py:93} INFO - 2024-09-16 21:34:04 [faker.factory] DEBUG: Looking for locale `en_US` in provider `faker.providers.currency`.
[2024-09-16T21:34:04.067-0300] {subprocess.py:93} INFO - 2024-09-16 21:34:04 [faker.factory] DEBUG: Provider `faker.providers.currency` has been localized to `en_US`.
[2024-09-16T21:34:04.068-0300] {subprocess.py:93} INFO - 2024-09-16 21:34:04 [faker.factory] DEBUG: Looking for locale `en_US` in provider `faker.providers.date_time`.
[2024-09-16T21:34:04.068-0300] {subprocess.py:93} INFO - 2024-09-16 21:34:04 [faker.factory] DEBUG: Provider `faker.providers.date_time` has been localized to `en_US`.
[2024-09-16T21:34:04.069-0300] {subprocess.py:93} INFO - 2024-09-16 21:34:04 [faker.factory] DEBUG: Provider `faker.providers.emoji` does not feature localization. Specified locale `en_US` is not utilized for this provider.
[2024-09-16T21:34:04.069-0300] {subprocess.py:93} INFO - 2024-09-16 21:34:04 [faker.factory] DEBUG: Provider `faker.providers.file` does not feature localization. Specified locale `en_US` is not utilized for this provider.
[2024-09-16T21:34:04.069-0300] {subprocess.py:93} INFO - 2024-09-16 21:34:04 [faker.factory] DEBUG: Looking for locale `en_US` in provider `faker.providers.geo`.
[2024-09-16T21:34:04.069-0300] {subprocess.py:93} INFO - 2024-09-16 21:34:04 [faker.factory] DEBUG: Provider `faker.providers.geo` has been localized to `en_US`.
[2024-09-16T21:34:04.069-0300] {subprocess.py:93} INFO - 2024-09-16 21:34:04 [faker.factory] DEBUG: Looking for locale `en_US` in provider `faker.providers.internet`.
[2024-09-16T21:34:04.070-0300] {subprocess.py:93} INFO - 2024-09-16 21:34:04 [faker.factory] DEBUG: Provider `faker.providers.internet` has been localized to `en_US`.
[2024-09-16T21:34:04.071-0300] {subprocess.py:93} INFO - 2024-09-16 21:34:04 [faker.factory] DEBUG: Looking for locale `en_US` in provider `faker.providers.isbn`.
[2024-09-16T21:34:04.071-0300] {subprocess.py:93} INFO - 2024-09-16 21:34:04 [faker.factory] DEBUG: Provider `faker.providers.isbn` has been localized to `en_US`.
[2024-09-16T21:34:04.071-0300] {subprocess.py:93} INFO - 2024-09-16 21:34:04 [faker.factory] DEBUG: Looking for locale `en_US` in provider `faker.providers.job`.
[2024-09-16T21:34:04.072-0300] {subprocess.py:93} INFO - 2024-09-16 21:34:04 [faker.factory] DEBUG: Provider `faker.providers.job` has been localized to `en_US`.
[2024-09-16T21:34:04.072-0300] {subprocess.py:93} INFO - 2024-09-16 21:34:04 [faker.factory] DEBUG: Looking for locale `en_US` in provider `faker.providers.lorem`.
[2024-09-16T21:34:04.073-0300] {subprocess.py:93} INFO - 2024-09-16 21:34:04 [faker.factory] DEBUG: Provider `faker.providers.lorem` has been localized to `en_US`.
[2024-09-16T21:34:04.073-0300] {subprocess.py:93} INFO - 2024-09-16 21:34:04 [faker.factory] DEBUG: Looking for locale `en_US` in provider `faker.providers.misc`.
[2024-09-16T21:34:04.073-0300] {subprocess.py:93} INFO - 2024-09-16 21:34:04 [faker.factory] DEBUG: Provider `faker.providers.misc` has been localized to `en_US`.
[2024-09-16T21:34:04.073-0300] {subprocess.py:93} INFO - 2024-09-16 21:34:04 [faker.factory] DEBUG: Looking for locale `en_US` in provider `faker.providers.passport`.
[2024-09-16T21:34:04.073-0300] {subprocess.py:93} INFO - 2024-09-16 21:34:04 [faker.factory] DEBUG: Provider `faker.providers.passport` has been localized to `en_US`.
[2024-09-16T21:34:04.073-0300] {subprocess.py:93} INFO - 2024-09-16 21:34:04 [faker.factory] DEBUG: Looking for locale `en_US` in provider `faker.providers.person`.
[2024-09-16T21:34:04.075-0300] {subprocess.py:93} INFO - 2024-09-16 21:34:04 [faker.factory] DEBUG: Provider `faker.providers.person` has been localized to `en_US`.
[2024-09-16T21:34:04.075-0300] {subprocess.py:93} INFO - 2024-09-16 21:34:04 [faker.factory] DEBUG: Looking for locale `en_US` in provider `faker.providers.phone_number`.
[2024-09-16T21:34:04.076-0300] {subprocess.py:93} INFO - 2024-09-16 21:34:04 [faker.factory] DEBUG: Provider `faker.providers.phone_number` has been localized to `en_US`.
[2024-09-16T21:34:04.076-0300] {subprocess.py:93} INFO - 2024-09-16 21:34:04 [faker.factory] DEBUG: Provider `faker.providers.profile` does not feature localization. Specified locale `en_US` is not utilized for this provider.
[2024-09-16T21:34:04.076-0300] {subprocess.py:93} INFO - 2024-09-16 21:34:04 [faker.factory] DEBUG: Provider `faker.providers.python` does not feature localization. Specified locale `en_US` is not utilized for this provider.
[2024-09-16T21:34:04.076-0300] {subprocess.py:93} INFO - 2024-09-16 21:34:04 [faker.factory] DEBUG: Provider `faker.providers.sbn` does not feature localization. Specified locale `en_US` is not utilized for this provider.
[2024-09-16T21:34:04.076-0300] {subprocess.py:93} INFO - 2024-09-16 21:34:04 [faker.factory] DEBUG: Looking for locale `en_US` in provider `faker.providers.ssn`.
[2024-09-16T21:34:04.077-0300] {subprocess.py:93} INFO - 2024-09-16 21:34:04 [faker.factory] DEBUG: Provider `faker.providers.ssn` has been localized to `en_US`.
[2024-09-16T21:34:04.077-0300] {subprocess.py:93} INFO - 2024-09-16 21:34:04 [faker.factory] DEBUG: Provider `faker.providers.user_agent` does not feature localization. Specified locale `en_US` is not utilized for this provider.
[2024-09-16T21:34:04.078-0300] {subprocess.py:93} INFO - 2024-09-16 21:34:04 [scrapy_fake_useragent.middleware] DEBUG: Loaded User-Agent provider: scrapy_fake_useragent.providers.FakerProvider
[2024-09-16T21:34:04.078-0300] {subprocess.py:93} INFO - 2024-09-16 21:34:04 [scrapy_fake_useragent.middleware] INFO: Using '<class 'scrapy_fake_useragent.providers.FakerProvider'>' as the User-Agent provider
[2024-09-16T21:34:04.084-0300] {subprocess.py:93} INFO - 2024-09-16 21:34:04 [scrapy.middleware] INFO: Enabled downloader middlewares:
[2024-09-16T21:34:04.084-0300] {subprocess.py:93} INFO - ['scrapy.downloadermiddlewares.offsite.OffsiteMiddleware',
[2024-09-16T21:34:04.084-0300] {subprocess.py:93} INFO -  'scrapy.downloadermiddlewares.httpauth.HttpAuthMiddleware',
[2024-09-16T21:34:04.084-0300] {subprocess.py:93} INFO -  'scrapy.downloadermiddlewares.downloadtimeout.DownloadTimeoutMiddleware',
[2024-09-16T21:34:04.084-0300] {subprocess.py:93} INFO -  'scrapy.downloadermiddlewares.defaultheaders.DefaultHeadersMiddleware',
[2024-09-16T21:34:04.085-0300] {subprocess.py:93} INFO -  'scrapy_fake_useragent.middleware.RandomUserAgentMiddleware',
[2024-09-16T21:34:04.085-0300] {subprocess.py:93} INFO -  'scrapy_fake_useragent.middleware.RetryUserAgentMiddleware',
[2024-09-16T21:34:04.085-0300] {subprocess.py:93} INFO -  'scrapy.downloadermiddlewares.redirect.MetaRefreshMiddleware',
[2024-09-16T21:34:04.085-0300] {subprocess.py:93} INFO -  'scrapy.downloadermiddlewares.httpcompression.HttpCompressionMiddleware',
[2024-09-16T21:34:04.085-0300] {subprocess.py:93} INFO -  'scrapy.downloadermiddlewares.redirect.RedirectMiddleware',
[2024-09-16T21:34:04.085-0300] {subprocess.py:93} INFO -  'scrapy.downloadermiddlewares.cookies.CookiesMiddleware',
[2024-09-16T21:34:04.085-0300] {subprocess.py:93} INFO -  'scrapy.downloadermiddlewares.httpproxy.HttpProxyMiddleware',
[2024-09-16T21:34:04.085-0300] {subprocess.py:93} INFO -  'scrapy.downloadermiddlewares.stats.DownloaderStats']
[2024-09-16T21:34:04.085-0300] {subprocess.py:93} INFO - 2024-09-16 21:34:04 [scrapy.middleware] INFO: Enabled spider middlewares:
[2024-09-16T21:34:04.085-0300] {subprocess.py:93} INFO - ['scrapy.spidermiddlewares.httperror.HttpErrorMiddleware',
[2024-09-16T21:34:04.085-0300] {subprocess.py:93} INFO -  'scrapy.spidermiddlewares.referer.RefererMiddleware',
[2024-09-16T21:34:04.085-0300] {subprocess.py:93} INFO -  'scrapy.spidermiddlewares.urllength.UrlLengthMiddleware',
[2024-09-16T21:34:04.085-0300] {subprocess.py:93} INFO -  'scrapy.spidermiddlewares.depth.DepthMiddleware']
[2024-09-16T21:34:04.085-0300] {subprocess.py:93} INFO - 2024-09-16 21:34:04 [scrapy.middleware] INFO: Enabled item pipelines:
[2024-09-16T21:34:04.086-0300] {subprocess.py:93} INFO - []
[2024-09-16T21:34:04.086-0300] {subprocess.py:93} INFO - 2024-09-16 21:34:04 [scrapy.core.engine] INFO: Spider opened
[2024-09-16T21:34:04.090-0300] {subprocess.py:93} INFO - 2024-09-16 21:34:04 [scrapy.extensions.logstats] INFO: Crawled 0 pages (at 0 pages/min), scraped 0 items (at 0 items/min)
[2024-09-16T21:34:04.090-0300] {subprocess.py:93} INFO - 2024-09-16 21:34:04 [scrapy.extensions.telnet] INFO: Telnet console listening on 127.0.0.1:6023
[2024-09-16T21:34:05.321-0300] {subprocess.py:93} INFO - 2024-09-16 21:34:05 [scrapy.core.engine] DEBUG: Crawled (200) <GET https://myanimelist.net/topanime.php> (referer: None)
[2024-09-16T21:34:06.366-0300] {subprocess.py:93} INFO - 2024-09-16 21:34:06 [scrapy.core.engine] DEBUG: Crawled (200) <GET https://myanimelist.net/topanime.php?limit=50> (referer: https://myanimelist.net/topanime.php)
[2024-09-16T21:34:07.876-0300] {subprocess.py:93} INFO - 2024-09-16 21:34:07 [scrapy.core.engine] DEBUG: Crawled (200) <GET https://myanimelist.net/topanime.php?limit=100> (referer: https://myanimelist.net/topanime.php?limit=50)
[2024-09-16T21:34:10.458-0300] {subprocess.py:93} INFO - 2024-09-16 21:34:10 [scrapy.core.engine] DEBUG: Crawled (200) <GET https://myanimelist.net/topanime.php?limit=150> (referer: https://myanimelist.net/topanime.php?limit=100)
[2024-09-16T21:34:12.196-0300] {subprocess.py:93} INFO - 2024-09-16 21:34:12 [scrapy.core.engine] DEBUG: Crawled (200) <GET https://myanimelist.net/topanime.php?limit=200> (referer: https://myanimelist.net/topanime.php?limit=150)
[2024-09-16T21:34:15.127-0300] {subprocess.py:93} INFO - 2024-09-16 21:34:15 [scrapy.core.engine] DEBUG: Crawled (200) <GET https://myanimelist.net/topanime.php?limit=250> (referer: https://myanimelist.net/topanime.php?limit=200)
[2024-09-16T21:34:17.865-0300] {subprocess.py:93} INFO - 2024-09-16 21:34:17 [scrapy.core.engine] DEBUG: Crawled (200) <GET https://myanimelist.net/topanime.php?limit=300> (referer: https://myanimelist.net/topanime.php?limit=250)
[2024-09-16T21:34:20.757-0300] {subprocess.py:93} INFO - 2024-09-16 21:34:20 [scrapy.core.engine] DEBUG: Crawled (200) <GET https://myanimelist.net/topanime.php?limit=350> (referer: https://myanimelist.net/topanime.php?limit=300)
[2024-09-16T21:34:23.683-0300] {subprocess.py:93} INFO - 2024-09-16 21:34:23 [scrapy.core.engine] DEBUG: Crawled (200) <GET https://myanimelist.net/topanime.php?limit=400> (referer: https://myanimelist.net/topanime.php?limit=350)
[2024-09-16T21:34:26.404-0300] {subprocess.py:93} INFO - 2024-09-16 21:34:26 [scrapy.core.engine] DEBUG: Crawled (200) <GET https://myanimelist.net/topanime.php?limit=450> (referer: https://myanimelist.net/topanime.php?limit=400)
[2024-09-16T21:34:28.863-0300] {subprocess.py:93} INFO - 2024-09-16 21:34:28 [scrapy.core.engine] DEBUG: Crawled (200) <GET https://myanimelist.net/topanime.php?limit=500> (referer: https://myanimelist.net/topanime.php?limit=450)
[2024-09-16T21:34:31.474-0300] {subprocess.py:93} INFO - 2024-09-16 21:34:31 [scrapy.core.engine] DEBUG: Crawled (200) <GET https://myanimelist.net/topanime.php?limit=550> (referer: https://myanimelist.net/topanime.php?limit=500)
[2024-09-16T21:34:34.204-0300] {subprocess.py:93} INFO - 2024-09-16 21:34:34 [scrapy.core.engine] DEBUG: Crawled (200) <GET https://myanimelist.net/topanime.php?limit=600> (referer: https://myanimelist.net/topanime.php?limit=550)
[2024-09-16T21:34:37.127-0300] {subprocess.py:93} INFO - 2024-09-16 21:34:37 [scrapy.core.engine] DEBUG: Crawled (200) <GET https://myanimelist.net/topanime.php?limit=650> (referer: https://myanimelist.net/topanime.php?limit=600)
[2024-09-16T21:34:40.045-0300] {subprocess.py:93} INFO - 2024-09-16 21:34:40 [scrapy.core.engine] DEBUG: Crawled (200) <GET https://myanimelist.net/topanime.php?limit=700> (referer: https://myanimelist.net/topanime.php?limit=650)
[2024-09-16T21:34:41.460-0300] {subprocess.py:93} INFO - 2024-09-16 21:34:41 [scrapy.core.engine] DEBUG: Crawled (200) <GET https://myanimelist.net/topanime.php?limit=750> (referer: https://myanimelist.net/topanime.php?limit=700)
[2024-09-16T21:34:44.361-0300] {subprocess.py:93} INFO - 2024-09-16 21:34:44 [scrapy.core.engine] DEBUG: Crawled (200) <GET https://myanimelist.net/topanime.php?limit=800> (referer: https://myanimelist.net/topanime.php?limit=750)
[2024-09-16T21:34:46.721-0300] {subprocess.py:93} INFO - 2024-09-16 21:34:46 [scrapy.core.engine] DEBUG: Crawled (200) <GET https://myanimelist.net/topanime.php?limit=850> (referer: https://myanimelist.net/topanime.php?limit=800)
[2024-09-16T21:34:48.519-0300] {subprocess.py:93} INFO - 2024-09-16 21:34:48 [scrapy.core.engine] DEBUG: Crawled (200) <GET https://myanimelist.net/topanime.php?limit=900> (referer: https://myanimelist.net/topanime.php?limit=850)
[2024-09-16T21:34:51.057-0300] {subprocess.py:93} INFO - 2024-09-16 21:34:51 [scrapy.core.engine] DEBUG: Crawled (200) <GET https://myanimelist.net/topanime.php?limit=950> (referer: https://myanimelist.net/topanime.php?limit=900)
[2024-09-16T21:34:52.416-0300] {subprocess.py:93} INFO - 2024-09-16 21:34:52 [scrapy.core.engine] DEBUG: Crawled (200) <GET https://myanimelist.net/topanime.php?limit=1000> (referer: https://myanimelist.net/topanime.php?limit=950)
[2024-09-16T21:34:55.015-0300] {subprocess.py:93} INFO - 2024-09-16 21:34:55 [scrapy.core.engine] DEBUG: Crawled (200) <GET https://myanimelist.net/topanime.php?limit=1050> (referer: https://myanimelist.net/topanime.php?limit=1000)
[2024-09-16T21:34:57.617-0300] {subprocess.py:93} INFO - 2024-09-16 21:34:57 [scrapy.core.engine] DEBUG: Crawled (200) <GET https://myanimelist.net/topanime.php?limit=1100> (referer: https://myanimelist.net/topanime.php?limit=1050)
[2024-09-16T21:35:00.330-0300] {subprocess.py:93} INFO - 2024-09-16 21:35:00 [scrapy.core.engine] DEBUG: Crawled (200) <GET https://myanimelist.net/topanime.php?limit=1150> (referer: https://myanimelist.net/topanime.php?limit=1100)
[2024-09-16T21:35:02.596-0300] {subprocess.py:93} INFO - 2024-09-16 21:35:02 [scrapy.core.engine] DEBUG: Crawled (200) <GET https://myanimelist.net/topanime.php?limit=1200> (referer: https://myanimelist.net/topanime.php?limit=1150)
[2024-09-16T21:35:02.709-0300] {subprocess.py:93} INFO - 2024-09-16 21:35:02 [scrapy.core.engine] INFO: Closing spider (finished)
[2024-09-16T21:35:02.709-0300] {subprocess.py:93} INFO - 2024-09-16 21:35:02 [scrapy.statscollectors] INFO: Dumping Scrapy stats:
[2024-09-16T21:35:02.709-0300] {subprocess.py:93} INFO - {'downloader/request_bytes': 12356,
[2024-09-16T21:35:02.709-0300] {subprocess.py:93} INFO -  'downloader/request_count': 25,
[2024-09-16T21:35:02.710-0300] {subprocess.py:93} INFO -  'downloader/request_method_count/GET': 25,
[2024-09-16T21:35:02.710-0300] {subprocess.py:93} INFO -  'downloader/response_bytes': 4196451,
[2024-09-16T21:35:02.710-0300] {subprocess.py:93} INFO -  'downloader/response_count': 25,
[2024-09-16T21:35:02.710-0300] {subprocess.py:93} INFO -  'downloader/response_status_count/200': 25,
[2024-09-16T21:35:02.710-0300] {subprocess.py:93} INFO -  'elapsed_time_seconds': 58.619653,
[2024-09-16T21:35:02.710-0300] {subprocess.py:93} INFO -  'finish_reason': 'finished',
[2024-09-16T21:35:02.710-0300] {subprocess.py:93} INFO -  'finish_time': datetime.datetime(2024, 9, 17, 0, 35, 2, 709428, tzinfo=datetime.timezone.utc),
[2024-09-16T21:35:02.710-0300] {subprocess.py:93} INFO -  'log_count/DEBUG': 117,
[2024-09-16T21:35:02.710-0300] {subprocess.py:93} INFO -  'log_count/INFO': 14,
[2024-09-16T21:35:02.710-0300] {subprocess.py:93} INFO -  'memusage/max': 114298880,
[2024-09-16T21:35:02.710-0300] {subprocess.py:93} INFO -  'memusage/startup': 114298880,
[2024-09-16T21:35:02.710-0300] {subprocess.py:93} INFO -  'request_depth_max': 24,
[2024-09-16T21:35:02.710-0300] {subprocess.py:93} INFO -  'response_received_count': 25,
[2024-09-16T21:35:02.710-0300] {subprocess.py:93} INFO -  'scheduler/dequeued': 25,
[2024-09-16T21:35:02.710-0300] {subprocess.py:93} INFO -  'scheduler/dequeued/memory': 25,
[2024-09-16T21:35:02.711-0300] {subprocess.py:93} INFO -  'scheduler/enqueued': 25,
[2024-09-16T21:35:02.711-0300] {subprocess.py:93} INFO -  'scheduler/enqueued/memory': 25,
[2024-09-16T21:35:02.711-0300] {subprocess.py:93} INFO -  'start_time': datetime.datetime(2024, 9, 17, 0, 34, 4, 89775, tzinfo=datetime.timezone.utc)}
[2024-09-16T21:35:02.711-0300] {subprocess.py:93} INFO - 2024-09-16 21:35:02 [scrapy.core.engine] INFO: Spider closed (finished)
[2024-09-16T21:35:02.877-0300] {subprocess.py:93} INFO - ?limit=50
[2024-09-16T21:35:02.877-0300] {subprocess.py:93} INFO - ?limit=100
[2024-09-16T21:35:02.877-0300] {subprocess.py:93} INFO - ?limit=150
[2024-09-16T21:35:02.877-0300] {subprocess.py:93} INFO - ?limit=200
[2024-09-16T21:35:02.877-0300] {subprocess.py:93} INFO - ?limit=250
[2024-09-16T21:35:02.877-0300] {subprocess.py:93} INFO - ?limit=300
[2024-09-16T21:35:02.877-0300] {subprocess.py:93} INFO - ?limit=350
[2024-09-16T21:35:02.878-0300] {subprocess.py:93} INFO - ?limit=400
[2024-09-16T21:35:02.878-0300] {subprocess.py:93} INFO - ?limit=450
[2024-09-16T21:35:02.878-0300] {subprocess.py:93} INFO - ?limit=500
[2024-09-16T21:35:02.878-0300] {subprocess.py:93} INFO - ?limit=550
[2024-09-16T21:35:02.878-0300] {subprocess.py:93} INFO - ?limit=600
[2024-09-16T21:35:02.878-0300] {subprocess.py:93} INFO - ?limit=650
[2024-09-16T21:35:02.878-0300] {subprocess.py:93} INFO - ?limit=700
[2024-09-16T21:35:02.878-0300] {subprocess.py:93} INFO - ?limit=750
[2024-09-16T21:35:02.878-0300] {subprocess.py:93} INFO - ?limit=800
[2024-09-16T21:35:02.878-0300] {subprocess.py:93} INFO - ?limit=850
[2024-09-16T21:35:02.878-0300] {subprocess.py:93} INFO - ?limit=900
[2024-09-16T21:35:02.878-0300] {subprocess.py:93} INFO - ?limit=950
[2024-09-16T21:35:02.878-0300] {subprocess.py:93} INFO - ?limit=1000
[2024-09-16T21:35:02.878-0300] {subprocess.py:93} INFO - ?limit=1050
[2024-09-16T21:35:02.878-0300] {subprocess.py:93} INFO - ?limit=1100
[2024-09-16T21:35:02.878-0300] {subprocess.py:93} INFO - ?limit=1150
[2024-09-16T21:35:02.879-0300] {subprocess.py:93} INFO - ?limit=1200
[2024-09-16T21:35:02.879-0300] {subprocess.py:93} INFO - None
[2024-09-16T21:35:03.078-0300] {subprocess.py:97} INFO - Command exited with return code 0
[2024-09-16T21:35:03.094-0300] {taskinstance.py:340} INFO - ::group::Post task execution logs
[2024-09-16T21:35:03.094-0300] {taskinstance.py:352} INFO - Marking task as SUCCESS. dag_id=dag_mal_scrapy, task_id=scrape_data, run_id=manual__2024-09-17T00:33:59.778354+00:00, execution_date=20240917T003359, start_date=20240917T003403, end_date=20240917T003503
[2024-09-16T21:35:03.128-0300] {local_task_job_runner.py:266} INFO - Task exited with return code 0
[2024-09-16T21:35:03.136-0300] {taskinstance.py:3900} INFO - 0 downstream tasks scheduled from follow-on schedule check
[2024-09-16T21:35:03.136-0300] {local_task_job_runner.py:245} INFO - ::endgroup::
