[2024-09-16T21:15:22.486-0300] {local_task_job_runner.py:123} INFO - ::group::Pre task execution logs
[2024-09-16T21:15:22.499-0300] {taskinstance.py:2612} INFO - Dependencies all met for dep_context=non-requeueable deps ti=<TaskInstance: dag_mal_scrapy.scrape_data manual__2024-09-17T00:15:19.573565+00:00 [queued]>
[2024-09-16T21:15:22.507-0300] {taskinstance.py:2612} INFO - Dependencies all met for dep_context=requeueable deps ti=<TaskInstance: dag_mal_scrapy.scrape_data manual__2024-09-17T00:15:19.573565+00:00 [queued]>
[2024-09-16T21:15:22.508-0300] {taskinstance.py:2865} INFO - Starting attempt 1 of 1
[2024-09-16T21:15:22.523-0300] {taskinstance.py:2888} INFO - Executing <Task(BashOperator): scrape_data> on 2024-09-17 00:15:19.573565+00:00
[2024-09-16T21:15:22.526-0300] {standard_task_runner.py:72} INFO - Started process 144285 to run task
[2024-09-16T21:15:22.529-0300] {standard_task_runner.py:104} INFO - Running: ['airflow', 'tasks', 'run', 'dag_mal_scrapy', 'scrape_data', 'manual__2024-09-17T00:15:19.573565+00:00', '--job-id', '101', '--raw', '--subdir', 'DAGS_FOLDER/dag_mal_scrapy.py', '--cfg-path', '/tmp/tmpovxg2gbo']
[2024-09-16T21:15:22.531-0300] {standard_task_runner.py:105} INFO - Job 101: Subtask scrape_data
[2024-09-16T21:15:22.569-0300] {task_command.py:467} INFO - Running <TaskInstance: dag_mal_scrapy.scrape_data manual__2024-09-17T00:15:19.573565+00:00 [running]> on host DESKTOP-PEJJLJO.
[2024-09-16T21:15:22.639-0300] {taskinstance.py:3131} INFO - Exporting env vars: AIRFLOW_CTX_DAG_OWNER='airflow' AIRFLOW_CTX_DAG_ID='dag_mal_scrapy' AIRFLOW_CTX_TASK_ID='scrape_data' AIRFLOW_CTX_EXECUTION_DATE='2024-09-17T00:15:19.573565+00:00' AIRFLOW_CTX_TRY_NUMBER='1' AIRFLOW_CTX_DAG_RUN_ID='manual__2024-09-17T00:15:19.573565+00:00'
[2024-09-16T21:15:22.640-0300] {taskinstance.py:731} INFO - ::endgroup::
[2024-09-16T21:15:22.654-0300] {subprocess.py:63} INFO - Tmp dir root location: /tmp
[2024-09-16T21:15:22.656-0300] {subprocess.py:75} INFO - Running command: ['/usr/bin/bash', '-c', 'python3 ~/airflow/python/mal_scrapy.py']
[2024-09-16T21:15:22.662-0300] {subprocess.py:86} INFO - Output:
[2024-09-16T21:15:23.166-0300] {subprocess.py:93} INFO - 2024-09-16 21:15:23 [scrapy.utils.log] INFO: Scrapy 2.11.2 started (bot: scrapybot)
[2024-09-16T21:15:23.168-0300] {subprocess.py:93} INFO - 2024-09-16 21:15:23 [scrapy.utils.log] INFO: Versions: lxml 5.3.0.0, libxml2 2.12.9, cssselect 1.2.0, parsel 1.9.1, w3lib 2.2.1, Twisted 24.7.0, Python 3.10.12 (main, Jul 29 2024, 16:56:48) [GCC 11.4.0], pyOpenSSL 24.2.1 (OpenSSL 3.2.2 4 Jun 2024), cryptography 42.0.8, Platform Linux-5.15.153.1-microsoft-standard-WSL2-x86_64-with-glibc2.35
[2024-09-16T21:15:23.170-0300] {subprocess.py:93} INFO - 2024-09-16 21:15:23 [scrapy.addons] INFO: Enabled addons:
[2024-09-16T21:15:23.170-0300] {subprocess.py:93} INFO - []
[2024-09-16T21:15:23.171-0300] {subprocess.py:93} INFO - 2024-09-16 21:15:23 [scrapy.utils.log] DEBUG: Using reactor: twisted.internet.epollreactor.EPollReactor
[2024-09-16T21:15:23.177-0300] {subprocess.py:93} INFO - 2024-09-16 21:15:23 [scrapy.extensions.telnet] INFO: Telnet Password: c59804b0e62ca52e
[2024-09-16T21:15:23.212-0300] {subprocess.py:93} INFO - 2024-09-16 21:15:23 [scrapy.middleware] INFO: Enabled extensions:
[2024-09-16T21:15:23.212-0300] {subprocess.py:93} INFO - ['scrapy.extensions.corestats.CoreStats',
[2024-09-16T21:15:23.212-0300] {subprocess.py:93} INFO -  'scrapy.extensions.telnet.TelnetConsole',
[2024-09-16T21:15:23.213-0300] {subprocess.py:93} INFO -  'scrapy.extensions.memusage.MemoryUsage',
[2024-09-16T21:15:23.213-0300] {subprocess.py:93} INFO -  'scrapy.extensions.logstats.LogStats']
[2024-09-16T21:15:23.213-0300] {subprocess.py:93} INFO - 2024-09-16 21:15:23 [scrapy.crawler] INFO: Overridden settings:
[2024-09-16T21:15:23.213-0300] {subprocess.py:93} INFO - {'REQUEST_FINGERPRINTER_IMPLEMENTATION': '2.7'}
[2024-09-16T21:15:23.282-0300] {subprocess.py:93} INFO - 2024-09-16 21:15:23 [faker.factory] DEBUG: Not in REPL -> leaving logger event level as is.
[2024-09-16T21:15:23.283-0300] {subprocess.py:93} INFO - 2024-09-16 21:15:23 [scrapy_fake_useragent.middleware] INFO: Error loading User-Agent provider: scrapy_fake_useragent.providers.FakeUserAgentProvider
[2024-09-16T21:15:23.283-0300] {subprocess.py:93} INFO - 2024-09-16 21:15:23 [faker.factory] DEBUG: Looking for locale `en_US` in provider `faker.providers.address`.
[2024-09-16T21:15:23.284-0300] {subprocess.py:93} INFO - 2024-09-16 21:15:23 [faker.factory] DEBUG: Provider `faker.providers.address` has been localized to `en_US`.
[2024-09-16T21:15:23.285-0300] {subprocess.py:93} INFO - 2024-09-16 21:15:23 [faker.factory] DEBUG: Looking for locale `en_US` in provider `faker.providers.automotive`.
[2024-09-16T21:15:23.286-0300] {subprocess.py:93} INFO - 2024-09-16 21:15:23 [faker.factory] DEBUG: Provider `faker.providers.automotive` has been localized to `en_US`.
[2024-09-16T21:15:23.287-0300] {subprocess.py:93} INFO - 2024-09-16 21:15:23 [faker.factory] DEBUG: Looking for locale `en_US` in provider `faker.providers.bank`.
[2024-09-16T21:15:23.287-0300] {subprocess.py:93} INFO - 2024-09-16 21:15:23 [faker.factory] DEBUG: Specified locale `en_US` is not available for provider `faker.providers.bank`. Locale reset to `en_GB` for this provider.
[2024-09-16T21:15:23.288-0300] {subprocess.py:93} INFO - 2024-09-16 21:15:23 [faker.factory] DEBUG: Looking for locale `en_US` in provider `faker.providers.barcode`.
[2024-09-16T21:15:23.288-0300] {subprocess.py:93} INFO - 2024-09-16 21:15:23 [faker.factory] DEBUG: Provider `faker.providers.barcode` has been localized to `en_US`.
[2024-09-16T21:15:23.289-0300] {subprocess.py:93} INFO - 2024-09-16 21:15:23 [faker.factory] DEBUG: Looking for locale `en_US` in provider `faker.providers.color`.
[2024-09-16T21:15:23.289-0300] {subprocess.py:93} INFO - 2024-09-16 21:15:23 [faker.factory] DEBUG: Provider `faker.providers.color` has been localized to `en_US`.
[2024-09-16T21:15:23.289-0300] {subprocess.py:93} INFO - 2024-09-16 21:15:23 [faker.factory] DEBUG: Looking for locale `en_US` in provider `faker.providers.company`.
[2024-09-16T21:15:23.290-0300] {subprocess.py:93} INFO - 2024-09-16 21:15:23 [faker.factory] DEBUG: Provider `faker.providers.company` has been localized to `en_US`.
[2024-09-16T21:15:23.291-0300] {subprocess.py:93} INFO - 2024-09-16 21:15:23 [faker.factory] DEBUG: Looking for locale `en_US` in provider `faker.providers.credit_card`.
[2024-09-16T21:15:23.291-0300] {subprocess.py:93} INFO - 2024-09-16 21:15:23 [faker.factory] DEBUG: Provider `faker.providers.credit_card` has been localized to `en_US`.
[2024-09-16T21:15:23.291-0300] {subprocess.py:93} INFO - 2024-09-16 21:15:23 [faker.factory] DEBUG: Looking for locale `en_US` in provider `faker.providers.currency`.
[2024-09-16T21:15:23.292-0300] {subprocess.py:93} INFO - 2024-09-16 21:15:23 [faker.factory] DEBUG: Provider `faker.providers.currency` has been localized to `en_US`.
[2024-09-16T21:15:23.292-0300] {subprocess.py:93} INFO - 2024-09-16 21:15:23 [faker.factory] DEBUG: Looking for locale `en_US` in provider `faker.providers.date_time`.
[2024-09-16T21:15:23.293-0300] {subprocess.py:93} INFO - 2024-09-16 21:15:23 [faker.factory] DEBUG: Provider `faker.providers.date_time` has been localized to `en_US`.
[2024-09-16T21:15:23.293-0300] {subprocess.py:93} INFO - 2024-09-16 21:15:23 [faker.factory] DEBUG: Provider `faker.providers.emoji` does not feature localization. Specified locale `en_US` is not utilized for this provider.
[2024-09-16T21:15:23.293-0300] {subprocess.py:93} INFO - 2024-09-16 21:15:23 [faker.factory] DEBUG: Provider `faker.providers.file` does not feature localization. Specified locale `en_US` is not utilized for this provider.
[2024-09-16T21:15:23.293-0300] {subprocess.py:93} INFO - 2024-09-16 21:15:23 [faker.factory] DEBUG: Looking for locale `en_US` in provider `faker.providers.geo`.
[2024-09-16T21:15:23.293-0300] {subprocess.py:93} INFO - 2024-09-16 21:15:23 [faker.factory] DEBUG: Provider `faker.providers.geo` has been localized to `en_US`.
[2024-09-16T21:15:23.294-0300] {subprocess.py:93} INFO - 2024-09-16 21:15:23 [faker.factory] DEBUG: Looking for locale `en_US` in provider `faker.providers.internet`.
[2024-09-16T21:15:23.295-0300] {subprocess.py:93} INFO - 2024-09-16 21:15:23 [faker.factory] DEBUG: Provider `faker.providers.internet` has been localized to `en_US`.
[2024-09-16T21:15:23.295-0300] {subprocess.py:93} INFO - 2024-09-16 21:15:23 [faker.factory] DEBUG: Looking for locale `en_US` in provider `faker.providers.isbn`.
[2024-09-16T21:15:23.295-0300] {subprocess.py:93} INFO - 2024-09-16 21:15:23 [faker.factory] DEBUG: Provider `faker.providers.isbn` has been localized to `en_US`.
[2024-09-16T21:15:23.295-0300] {subprocess.py:93} INFO - 2024-09-16 21:15:23 [faker.factory] DEBUG: Looking for locale `en_US` in provider `faker.providers.job`.
[2024-09-16T21:15:23.296-0300] {subprocess.py:93} INFO - 2024-09-16 21:15:23 [faker.factory] DEBUG: Provider `faker.providers.job` has been localized to `en_US`.
[2024-09-16T21:15:23.296-0300] {subprocess.py:93} INFO - 2024-09-16 21:15:23 [faker.factory] DEBUG: Looking for locale `en_US` in provider `faker.providers.lorem`.
[2024-09-16T21:15:23.297-0300] {subprocess.py:93} INFO - 2024-09-16 21:15:23 [faker.factory] DEBUG: Provider `faker.providers.lorem` has been localized to `en_US`.
[2024-09-16T21:15:23.298-0300] {subprocess.py:93} INFO - 2024-09-16 21:15:23 [faker.factory] DEBUG: Looking for locale `en_US` in provider `faker.providers.misc`.
[2024-09-16T21:15:23.298-0300] {subprocess.py:93} INFO - 2024-09-16 21:15:23 [faker.factory] DEBUG: Provider `faker.providers.misc` has been localized to `en_US`.
[2024-09-16T21:15:23.299-0300] {subprocess.py:93} INFO - 2024-09-16 21:15:23 [faker.factory] DEBUG: Looking for locale `en_US` in provider `faker.providers.passport`.
[2024-09-16T21:15:23.300-0300] {subprocess.py:93} INFO - 2024-09-16 21:15:23 [faker.factory] DEBUG: Provider `faker.providers.passport` has been localized to `en_US`.
[2024-09-16T21:15:23.300-0300] {subprocess.py:93} INFO - 2024-09-16 21:15:23 [faker.factory] DEBUG: Looking for locale `en_US` in provider `faker.providers.person`.
[2024-09-16T21:15:23.302-0300] {subprocess.py:93} INFO - 2024-09-16 21:15:23 [faker.factory] DEBUG: Provider `faker.providers.person` has been localized to `en_US`.
[2024-09-16T21:15:23.303-0300] {subprocess.py:93} INFO - 2024-09-16 21:15:23 [faker.factory] DEBUG: Looking for locale `en_US` in provider `faker.providers.phone_number`.
[2024-09-16T21:15:23.305-0300] {subprocess.py:93} INFO - 2024-09-16 21:15:23 [faker.factory] DEBUG: Provider `faker.providers.phone_number` has been localized to `en_US`.
[2024-09-16T21:15:23.305-0300] {subprocess.py:93} INFO - 2024-09-16 21:15:23 [faker.factory] DEBUG: Provider `faker.providers.profile` does not feature localization. Specified locale `en_US` is not utilized for this provider.
[2024-09-16T21:15:23.305-0300] {subprocess.py:93} INFO - 2024-09-16 21:15:23 [faker.factory] DEBUG: Provider `faker.providers.python` does not feature localization. Specified locale `en_US` is not utilized for this provider.
[2024-09-16T21:15:23.305-0300] {subprocess.py:93} INFO - 2024-09-16 21:15:23 [faker.factory] DEBUG: Provider `faker.providers.sbn` does not feature localization. Specified locale `en_US` is not utilized for this provider.
[2024-09-16T21:15:23.305-0300] {subprocess.py:93} INFO - 2024-09-16 21:15:23 [faker.factory] DEBUG: Looking for locale `en_US` in provider `faker.providers.ssn`.
[2024-09-16T21:15:23.306-0300] {subprocess.py:93} INFO - 2024-09-16 21:15:23 [faker.factory] DEBUG: Provider `faker.providers.ssn` has been localized to `en_US`.
[2024-09-16T21:15:23.307-0300] {subprocess.py:93} INFO - 2024-09-16 21:15:23 [faker.factory] DEBUG: Provider `faker.providers.user_agent` does not feature localization. Specified locale `en_US` is not utilized for this provider.
[2024-09-16T21:15:23.307-0300] {subprocess.py:93} INFO - 2024-09-16 21:15:23 [scrapy_fake_useragent.middleware] DEBUG: Loaded User-Agent provider: scrapy_fake_useragent.providers.FakerProvider
[2024-09-16T21:15:23.307-0300] {subprocess.py:93} INFO - 2024-09-16 21:15:23 [scrapy_fake_useragent.middleware] INFO: Using '<class 'scrapy_fake_useragent.providers.FakerProvider'>' as the User-Agent provider
[2024-09-16T21:15:23.307-0300] {subprocess.py:93} INFO - 2024-09-16 21:15:23 [scrapy_fake_useragent.middleware] INFO: Error loading User-Agent provider: scrapy_fake_useragent.providers.FakeUserAgentProvider
[2024-09-16T21:15:23.307-0300] {subprocess.py:93} INFO - 2024-09-16 21:15:23 [faker.factory] DEBUG: Looking for locale `en_US` in provider `faker.providers.address`.
[2024-09-16T21:15:23.309-0300] {subprocess.py:93} INFO - 2024-09-16 21:15:23 [faker.factory] DEBUG: Provider `faker.providers.address` has been localized to `en_US`.
[2024-09-16T21:15:23.309-0300] {subprocess.py:93} INFO - 2024-09-16 21:15:23 [faker.factory] DEBUG: Looking for locale `en_US` in provider `faker.providers.automotive`.
[2024-09-16T21:15:23.310-0300] {subprocess.py:93} INFO - 2024-09-16 21:15:23 [faker.factory] DEBUG: Provider `faker.providers.automotive` has been localized to `en_US`.
[2024-09-16T21:15:23.310-0300] {subprocess.py:93} INFO - 2024-09-16 21:15:23 [faker.factory] DEBUG: Looking for locale `en_US` in provider `faker.providers.bank`.
[2024-09-16T21:15:23.311-0300] {subprocess.py:93} INFO - 2024-09-16 21:15:23 [faker.factory] DEBUG: Specified locale `en_US` is not available for provider `faker.providers.bank`. Locale reset to `en_GB` for this provider.
[2024-09-16T21:15:23.311-0300] {subprocess.py:93} INFO - 2024-09-16 21:15:23 [faker.factory] DEBUG: Looking for locale `en_US` in provider `faker.providers.barcode`.
[2024-09-16T21:15:23.311-0300] {subprocess.py:93} INFO - 2024-09-16 21:15:23 [faker.factory] DEBUG: Provider `faker.providers.barcode` has been localized to `en_US`.
[2024-09-16T21:15:23.311-0300] {subprocess.py:93} INFO - 2024-09-16 21:15:23 [faker.factory] DEBUG: Looking for locale `en_US` in provider `faker.providers.color`.
[2024-09-16T21:15:23.312-0300] {subprocess.py:93} INFO - 2024-09-16 21:15:23 [faker.factory] DEBUG: Provider `faker.providers.color` has been localized to `en_US`.
[2024-09-16T21:15:23.312-0300] {subprocess.py:93} INFO - 2024-09-16 21:15:23 [faker.factory] DEBUG: Looking for locale `en_US` in provider `faker.providers.company`.
[2024-09-16T21:15:23.313-0300] {subprocess.py:93} INFO - 2024-09-16 21:15:23 [faker.factory] DEBUG: Provider `faker.providers.company` has been localized to `en_US`.
[2024-09-16T21:15:23.314-0300] {subprocess.py:93} INFO - 2024-09-16 21:15:23 [faker.factory] DEBUG: Looking for locale `en_US` in provider `faker.providers.credit_card`.
[2024-09-16T21:15:23.314-0300] {subprocess.py:93} INFO - 2024-09-16 21:15:23 [faker.factory] DEBUG: Provider `faker.providers.credit_card` has been localized to `en_US`.
[2024-09-16T21:15:23.314-0300] {subprocess.py:93} INFO - 2024-09-16 21:15:23 [faker.factory] DEBUG: Looking for locale `en_US` in provider `faker.providers.currency`.
[2024-09-16T21:15:23.314-0300] {subprocess.py:93} INFO - 2024-09-16 21:15:23 [faker.factory] DEBUG: Provider `faker.providers.currency` has been localized to `en_US`.
[2024-09-16T21:15:23.315-0300] {subprocess.py:93} INFO - 2024-09-16 21:15:23 [faker.factory] DEBUG: Looking for locale `en_US` in provider `faker.providers.date_time`.
[2024-09-16T21:15:23.315-0300] {subprocess.py:93} INFO - 2024-09-16 21:15:23 [faker.factory] DEBUG: Provider `faker.providers.date_time` has been localized to `en_US`.
[2024-09-16T21:15:23.316-0300] {subprocess.py:93} INFO - 2024-09-16 21:15:23 [faker.factory] DEBUG: Provider `faker.providers.emoji` does not feature localization. Specified locale `en_US` is not utilized for this provider.
[2024-09-16T21:15:23.316-0300] {subprocess.py:93} INFO - 2024-09-16 21:15:23 [faker.factory] DEBUG: Provider `faker.providers.file` does not feature localization. Specified locale `en_US` is not utilized for this provider.
[2024-09-16T21:15:23.316-0300] {subprocess.py:93} INFO - 2024-09-16 21:15:23 [faker.factory] DEBUG: Looking for locale `en_US` in provider `faker.providers.geo`.
[2024-09-16T21:15:23.316-0300] {subprocess.py:93} INFO - 2024-09-16 21:15:23 [faker.factory] DEBUG: Provider `faker.providers.geo` has been localized to `en_US`.
[2024-09-16T21:15:23.316-0300] {subprocess.py:93} INFO - 2024-09-16 21:15:23 [faker.factory] DEBUG: Looking for locale `en_US` in provider `faker.providers.internet`.
[2024-09-16T21:15:23.317-0300] {subprocess.py:93} INFO - 2024-09-16 21:15:23 [faker.factory] DEBUG: Provider `faker.providers.internet` has been localized to `en_US`.
[2024-09-16T21:15:23.318-0300] {subprocess.py:93} INFO - 2024-09-16 21:15:23 [faker.factory] DEBUG: Looking for locale `en_US` in provider `faker.providers.isbn`.
[2024-09-16T21:15:23.318-0300] {subprocess.py:93} INFO - 2024-09-16 21:15:23 [faker.factory] DEBUG: Provider `faker.providers.isbn` has been localized to `en_US`.
[2024-09-16T21:15:23.318-0300] {subprocess.py:93} INFO - 2024-09-16 21:15:23 [faker.factory] DEBUG: Looking for locale `en_US` in provider `faker.providers.job`.
[2024-09-16T21:15:23.319-0300] {subprocess.py:93} INFO - 2024-09-16 21:15:23 [faker.factory] DEBUG: Provider `faker.providers.job` has been localized to `en_US`.
[2024-09-16T21:15:23.319-0300] {subprocess.py:93} INFO - 2024-09-16 21:15:23 [faker.factory] DEBUG: Looking for locale `en_US` in provider `faker.providers.lorem`.
[2024-09-16T21:15:23.320-0300] {subprocess.py:93} INFO - 2024-09-16 21:15:23 [faker.factory] DEBUG: Provider `faker.providers.lorem` has been localized to `en_US`.
[2024-09-16T21:15:23.320-0300] {subprocess.py:93} INFO - 2024-09-16 21:15:23 [faker.factory] DEBUG: Looking for locale `en_US` in provider `faker.providers.misc`.
[2024-09-16T21:15:23.321-0300] {subprocess.py:93} INFO - 2024-09-16 21:15:23 [faker.factory] DEBUG: Provider `faker.providers.misc` has been localized to `en_US`.
[2024-09-16T21:15:23.321-0300] {subprocess.py:93} INFO - 2024-09-16 21:15:23 [faker.factory] DEBUG: Looking for locale `en_US` in provider `faker.providers.passport`.
[2024-09-16T21:15:23.321-0300] {subprocess.py:93} INFO - 2024-09-16 21:15:23 [faker.factory] DEBUG: Provider `faker.providers.passport` has been localized to `en_US`.
[2024-09-16T21:15:23.322-0300] {subprocess.py:93} INFO - 2024-09-16 21:15:23 [faker.factory] DEBUG: Looking for locale `en_US` in provider `faker.providers.person`.
[2024-09-16T21:15:23.323-0300] {subprocess.py:93} INFO - 2024-09-16 21:15:23 [faker.factory] DEBUG: Provider `faker.providers.person` has been localized to `en_US`.
[2024-09-16T21:15:23.323-0300] {subprocess.py:93} INFO - 2024-09-16 21:15:23 [faker.factory] DEBUG: Looking for locale `en_US` in provider `faker.providers.phone_number`.
[2024-09-16T21:15:23.324-0300] {subprocess.py:93} INFO - 2024-09-16 21:15:23 [faker.factory] DEBUG: Provider `faker.providers.phone_number` has been localized to `en_US`.
[2024-09-16T21:15:23.325-0300] {subprocess.py:93} INFO - 2024-09-16 21:15:23 [faker.factory] DEBUG: Provider `faker.providers.profile` does not feature localization. Specified locale `en_US` is not utilized for this provider.
[2024-09-16T21:15:23.325-0300] {subprocess.py:93} INFO - 2024-09-16 21:15:23 [faker.factory] DEBUG: Provider `faker.providers.python` does not feature localization. Specified locale `en_US` is not utilized for this provider.
[2024-09-16T21:15:23.325-0300] {subprocess.py:93} INFO - 2024-09-16 21:15:23 [faker.factory] DEBUG: Provider `faker.providers.sbn` does not feature localization. Specified locale `en_US` is not utilized for this provider.
[2024-09-16T21:15:23.325-0300] {subprocess.py:93} INFO - 2024-09-16 21:15:23 [faker.factory] DEBUG: Looking for locale `en_US` in provider `faker.providers.ssn`.
[2024-09-16T21:15:23.326-0300] {subprocess.py:93} INFO - 2024-09-16 21:15:23 [faker.factory] DEBUG: Provider `faker.providers.ssn` has been localized to `en_US`.
[2024-09-16T21:15:23.326-0300] {subprocess.py:93} INFO - 2024-09-16 21:15:23 [faker.factory] DEBUG: Provider `faker.providers.user_agent` does not feature localization. Specified locale `en_US` is not utilized for this provider.
[2024-09-16T21:15:23.326-0300] {subprocess.py:93} INFO - 2024-09-16 21:15:23 [scrapy_fake_useragent.middleware] DEBUG: Loaded User-Agent provider: scrapy_fake_useragent.providers.FakerProvider
[2024-09-16T21:15:23.326-0300] {subprocess.py:93} INFO - 2024-09-16 21:15:23 [scrapy_fake_useragent.middleware] INFO: Using '<class 'scrapy_fake_useragent.providers.FakerProvider'>' as the User-Agent provider
[2024-09-16T21:15:23.333-0300] {subprocess.py:93} INFO - 2024-09-16 21:15:23 [scrapy.middleware] INFO: Enabled downloader middlewares:
[2024-09-16T21:15:23.334-0300] {subprocess.py:93} INFO - ['scrapy.downloadermiddlewares.offsite.OffsiteMiddleware',
[2024-09-16T21:15:23.334-0300] {subprocess.py:93} INFO -  'scrapy.downloadermiddlewares.httpauth.HttpAuthMiddleware',
[2024-09-16T21:15:23.334-0300] {subprocess.py:93} INFO -  'scrapy.downloadermiddlewares.downloadtimeout.DownloadTimeoutMiddleware',
[2024-09-16T21:15:23.334-0300] {subprocess.py:93} INFO -  'scrapy.downloadermiddlewares.defaultheaders.DefaultHeadersMiddleware',
[2024-09-16T21:15:23.334-0300] {subprocess.py:93} INFO -  'scrapy_fake_useragent.middleware.RandomUserAgentMiddleware',
[2024-09-16T21:15:23.334-0300] {subprocess.py:93} INFO -  'scrapy_fake_useragent.middleware.RetryUserAgentMiddleware',
[2024-09-16T21:15:23.334-0300] {subprocess.py:93} INFO -  'scrapy.downloadermiddlewares.redirect.MetaRefreshMiddleware',
[2024-09-16T21:15:23.334-0300] {subprocess.py:93} INFO -  'scrapy.downloadermiddlewares.httpcompression.HttpCompressionMiddleware',
[2024-09-16T21:15:23.334-0300] {subprocess.py:93} INFO -  'scrapy.downloadermiddlewares.redirect.RedirectMiddleware',
[2024-09-16T21:15:23.335-0300] {subprocess.py:93} INFO -  'scrapy.downloadermiddlewares.cookies.CookiesMiddleware',
[2024-09-16T21:15:23.335-0300] {subprocess.py:93} INFO -  'scrapy.downloadermiddlewares.httpproxy.HttpProxyMiddleware',
[2024-09-16T21:15:23.335-0300] {subprocess.py:93} INFO -  'scrapy.downloadermiddlewares.stats.DownloaderStats']
[2024-09-16T21:15:23.335-0300] {subprocess.py:93} INFO - 2024-09-16 21:15:23 [scrapy.middleware] INFO: Enabled spider middlewares:
[2024-09-16T21:15:23.335-0300] {subprocess.py:93} INFO - ['scrapy.spidermiddlewares.httperror.HttpErrorMiddleware',
[2024-09-16T21:15:23.335-0300] {subprocess.py:93} INFO -  'scrapy.spidermiddlewares.referer.RefererMiddleware',
[2024-09-16T21:15:23.335-0300] {subprocess.py:93} INFO -  'scrapy.spidermiddlewares.urllength.UrlLengthMiddleware',
[2024-09-16T21:15:23.335-0300] {subprocess.py:93} INFO -  'scrapy.spidermiddlewares.depth.DepthMiddleware']
[2024-09-16T21:15:23.336-0300] {subprocess.py:93} INFO - 2024-09-16 21:15:23 [scrapy.middleware] INFO: Enabled item pipelines:
[2024-09-16T21:15:23.336-0300] {subprocess.py:93} INFO - []
[2024-09-16T21:15:23.336-0300] {subprocess.py:93} INFO - 2024-09-16 21:15:23 [scrapy.core.engine] INFO: Spider opened
[2024-09-16T21:15:23.340-0300] {subprocess.py:93} INFO - 2024-09-16 21:15:23 [scrapy.extensions.logstats] INFO: Crawled 0 pages (at 0 pages/min), scraped 0 items (at 0 items/min)
[2024-09-16T21:15:23.341-0300] {subprocess.py:93} INFO - 2024-09-16 21:15:23 [scrapy.extensions.telnet] INFO: Telnet console listening on 127.0.0.1:6023
[2024-09-16T21:15:24.618-0300] {subprocess.py:93} INFO - 2024-09-16 21:15:24 [scrapy.core.engine] DEBUG: Crawled (200) <GET https://myanimelist.net/topanime.php> (referer: None)
[2024-09-16T21:15:30.128-0300] {subprocess.py:93} INFO - 2024-09-16 21:15:30 [scrapy.core.engine] DEBUG: Crawled (200) <GET https://myanimelist.net/topanime.php?limit=50> (referer: https://myanimelist.net/topanime.php)
[2024-09-16T21:15:36.857-0300] {subprocess.py:93} INFO - 2024-09-16 21:15:36 [scrapy.core.engine] DEBUG: Crawled (200) <GET https://myanimelist.net/topanime.php?limit=100> (referer: https://myanimelist.net/topanime.php?limit=50)
[2024-09-16T21:15:43.660-0300] {subprocess.py:93} INFO - 2024-09-16 21:15:43 [scrapy.core.engine] DEBUG: Crawled (200) <GET https://myanimelist.net/topanime.php?limit=150> (referer: https://myanimelist.net/topanime.php?limit=100)
[2024-09-16T21:15:50.610-0300] {subprocess.py:93} INFO - 2024-09-16 21:15:50 [scrapy.core.engine] DEBUG: Crawled (200) <GET https://myanimelist.net/topanime.php?limit=200> (referer: https://myanimelist.net/topanime.php?limit=150)
[2024-09-16T21:15:54.337-0300] {subprocess.py:93} INFO - 2024-09-16 21:15:54 [scrapy.core.engine] DEBUG: Crawled (200) <GET https://myanimelist.net/topanime.php?limit=250> (referer: https://myanimelist.net/topanime.php?limit=200)
[2024-09-16T21:16:00.324-0300] {subprocess.py:93} INFO - 2024-09-16 21:16:00 [scrapy.core.engine] DEBUG: Crawled (200) <GET https://myanimelist.net/topanime.php?limit=300> (referer: https://myanimelist.net/topanime.php?limit=250)
[2024-09-16T21:16:07.552-0300] {subprocess.py:93} INFO - 2024-09-16 21:16:07 [scrapy.core.engine] DEBUG: Crawled (200) <GET https://myanimelist.net/topanime.php?limit=350> (referer: https://myanimelist.net/topanime.php?limit=300)
[2024-09-16T21:16:13.362-0300] {subprocess.py:93} INFO - 2024-09-16 21:16:13 [scrapy.core.engine] DEBUG: Crawled (200) <GET https://myanimelist.net/topanime.php?limit=400> (referer: https://myanimelist.net/topanime.php?limit=350)
[2024-09-16T21:16:20.006-0300] {subprocess.py:93} INFO - 2024-09-16 21:16:20 [scrapy.core.engine] DEBUG: Crawled (200) <GET https://myanimelist.net/topanime.php?limit=450> (referer: https://myanimelist.net/topanime.php?limit=400)
[2024-09-16T21:16:23.341-0300] {subprocess.py:93} INFO - 2024-09-16 21:16:23 [scrapy.extensions.logstats] INFO: Crawled 10 pages (at 10 pages/min), scraped 0 items (at 0 items/min)
[2024-09-16T21:16:24.984-0300] {subprocess.py:93} INFO - 2024-09-16 21:16:24 [scrapy.core.engine] DEBUG: Crawled (200) <GET https://myanimelist.net/topanime.php?limit=500> (referer: https://myanimelist.net/topanime.php?limit=450)
[2024-09-16T21:16:31.668-0300] {subprocess.py:93} INFO - 2024-09-16 21:16:31 [scrapy.core.engine] DEBUG: Crawled (200) <GET https://myanimelist.net/topanime.php?limit=550> (referer: https://myanimelist.net/topanime.php?limit=500)
[2024-09-16T21:16:37.892-0300] {subprocess.py:93} INFO - 2024-09-16 21:16:37 [scrapy.core.engine] DEBUG: Crawled (200) <GET https://myanimelist.net/topanime.php?limit=600> (referer: https://myanimelist.net/topanime.php?limit=550)
[2024-09-16T21:16:44.844-0300] {subprocess.py:93} INFO - 2024-09-16 21:16:44 [scrapy.core.engine] DEBUG: Crawled (200) <GET https://myanimelist.net/topanime.php?limit=650> (referer: https://myanimelist.net/topanime.php?limit=600)
[2024-09-16T21:16:51.989-0300] {subprocess.py:93} INFO - 2024-09-16 21:16:51 [scrapy.core.engine] DEBUG: Crawled (200) <GET https://myanimelist.net/topanime.php?limit=700> (referer: https://myanimelist.net/topanime.php?limit=650)
[2024-09-16T21:16:58.846-0300] {subprocess.py:93} INFO - 2024-09-16 21:16:58 [scrapy.core.engine] DEBUG: Crawled (200) <GET https://myanimelist.net/topanime.php?limit=750> (referer: https://myanimelist.net/topanime.php?limit=700)
[2024-09-16T21:17:05.923-0300] {subprocess.py:93} INFO - 2024-09-16 21:17:05 [scrapy.core.engine] DEBUG: Crawled (200) <GET https://myanimelist.net/topanime.php?limit=800> (referer: https://myanimelist.net/topanime.php?limit=750)
[2024-09-16T21:17:06.032-0300] {subprocess.py:93} INFO - 2024-09-16 21:17:06 [scrapy.core.engine] INFO: Closing spider (finished)
[2024-09-16T21:17:06.033-0300] {subprocess.py:93} INFO - 2024-09-16 21:17:06 [scrapy.statscollectors] INFO: Dumping Scrapy stats:
[2024-09-16T21:17:06.033-0300] {subprocess.py:93} INFO - {'downloader/request_bytes': 8263,
[2024-09-16T21:17:06.033-0300] {subprocess.py:93} INFO -  'downloader/request_count': 17,
[2024-09-16T21:17:06.033-0300] {subprocess.py:93} INFO -  'downloader/request_method_count/GET': 17,
[2024-09-16T21:17:06.033-0300] {subprocess.py:93} INFO -  'downloader/response_bytes': 2824409,
[2024-09-16T21:17:06.033-0300] {subprocess.py:93} INFO -  'downloader/response_count': 17,
[2024-09-16T21:17:06.033-0300] {subprocess.py:93} INFO -  'downloader/response_status_count/200': 17,
[2024-09-16T21:17:06.034-0300] {subprocess.py:93} INFO -  'elapsed_time_seconds': 102.692851,
[2024-09-16T21:17:06.034-0300] {subprocess.py:93} INFO -  'finish_reason': 'finished',
[2024-09-16T21:17:06.034-0300] {subprocess.py:93} INFO -  'finish_time': datetime.datetime(2024, 9, 17, 0, 17, 6, 33032, tzinfo=datetime.timezone.utc),
[2024-09-16T21:17:06.034-0300] {subprocess.py:93} INFO -  'log_count/DEBUG': 109,
[2024-09-16T21:17:06.034-0300] {subprocess.py:93} INFO -  'log_count/INFO': 15,
[2024-09-16T21:17:06.034-0300] {subprocess.py:93} INFO -  'memusage/max': 137256960,
[2024-09-16T21:17:06.034-0300] {subprocess.py:93} INFO -  'memusage/startup': 114356224,
[2024-09-16T21:17:06.034-0300] {subprocess.py:93} INFO -  'request_depth_max': 16,
[2024-09-16T21:17:06.034-0300] {subprocess.py:93} INFO -  'response_received_count': 17,
[2024-09-16T21:17:06.034-0300] {subprocess.py:93} INFO -  'scheduler/dequeued': 17,
[2024-09-16T21:17:06.034-0300] {subprocess.py:93} INFO -  'scheduler/dequeued/memory': 17,
[2024-09-16T21:17:06.034-0300] {subprocess.py:93} INFO -  'scheduler/enqueued': 17,
[2024-09-16T21:17:06.034-0300] {subprocess.py:93} INFO -  'scheduler/enqueued/memory': 17,
[2024-09-16T21:17:06.034-0300] {subprocess.py:93} INFO -  'start_time': datetime.datetime(2024, 9, 17, 0, 15, 23, 340181, tzinfo=datetime.timezone.utc)}
[2024-09-16T21:17:06.034-0300] {subprocess.py:93} INFO - 2024-09-16 21:17:06 [scrapy.core.engine] INFO: Spider closed (finished)
[2024-09-16T21:17:06.209-0300] {subprocess.py:93} INFO - ?limit=50
[2024-09-16T21:17:06.210-0300] {subprocess.py:93} INFO - ?limit=100
[2024-09-16T21:17:06.210-0300] {subprocess.py:93} INFO - ?limit=150
[2024-09-16T21:17:06.210-0300] {subprocess.py:93} INFO - ?limit=200
[2024-09-16T21:17:06.210-0300] {subprocess.py:93} INFO - ?limit=250
[2024-09-16T21:17:06.210-0300] {subprocess.py:93} INFO - ?limit=300
[2024-09-16T21:17:06.210-0300] {subprocess.py:93} INFO - ?limit=350
[2024-09-16T21:17:06.210-0300] {subprocess.py:93} INFO - ?limit=400
[2024-09-16T21:17:06.210-0300] {subprocess.py:93} INFO - ?limit=450
[2024-09-16T21:17:06.210-0300] {subprocess.py:93} INFO - ?limit=500
[2024-09-16T21:17:06.210-0300] {subprocess.py:93} INFO - ?limit=550
[2024-09-16T21:17:06.210-0300] {subprocess.py:93} INFO - ?limit=600
[2024-09-16T21:17:06.210-0300] {subprocess.py:93} INFO - ?limit=650
[2024-09-16T21:17:06.210-0300] {subprocess.py:93} INFO - ?limit=700
[2024-09-16T21:17:06.210-0300] {subprocess.py:93} INFO - ?limit=750
[2024-09-16T21:17:06.210-0300] {subprocess.py:93} INFO - ?limit=800
[2024-09-16T21:17:06.211-0300] {subprocess.py:93} INFO - None
[2024-09-16T21:17:06.397-0300] {subprocess.py:97} INFO - Command exited with return code 0
[2024-09-16T21:17:06.413-0300] {taskinstance.py:340} INFO - ::group::Post task execution logs
[2024-09-16T21:17:06.414-0300] {taskinstance.py:352} INFO - Marking task as SUCCESS. dag_id=dag_mal_scrapy, task_id=scrape_data, run_id=manual__2024-09-17T00:15:19.573565+00:00, execution_date=20240917T001519, start_date=20240917T001522, end_date=20240917T001706
[2024-09-16T21:17:06.436-0300] {local_task_job_runner.py:266} INFO - Task exited with return code 0
[2024-09-16T21:17:06.444-0300] {taskinstance.py:3900} INFO - 0 downstream tasks scheduled from follow-on schedule check
[2024-09-16T21:17:06.444-0300] {local_task_job_runner.py:245} INFO - ::endgroup::
