[2024-09-12T01:39:44.037-0300] {processor.py:186} INFO - Started process (PID=2647) to work on /home/gabzarp/.local/lib/python3.10/site-packages/airflow/example_dags/subdags/subdag.py
[2024-09-12T01:39:44.038-0300] {processor.py:914} INFO - Processing file /home/gabzarp/.local/lib/python3.10/site-packages/airflow/example_dags/subdags/subdag.py for tasks to queue
[2024-09-12T01:39:44.039-0300] {logging_mixin.py:190} INFO - [2024-09-12T01:39:44.039-0300] {dagbag.py:587} INFO - Filling up the DagBag from /home/gabzarp/.local/lib/python3.10/site-packages/airflow/example_dags/subdags/subdag.py
[2024-09-12T01:39:44.040-0300] {processor.py:927} WARNING - No viable dags retrieved from /home/gabzarp/.local/lib/python3.10/site-packages/airflow/example_dags/subdags/subdag.py
[2024-09-12T01:39:44.046-0300] {processor.py:208} INFO - Processing /home/gabzarp/.local/lib/python3.10/site-packages/airflow/example_dags/subdags/subdag.py took 0.012 seconds
[2024-09-12T01:40:41.741-0300] {processor.py:186} INFO - Started process (PID=2935) to work on /home/gabzarp/.local/lib/python3.10/site-packages/airflow/example_dags/subdags/subdag.py
[2024-09-12T01:40:41.742-0300] {processor.py:914} INFO - Processing file /home/gabzarp/.local/lib/python3.10/site-packages/airflow/example_dags/subdags/subdag.py for tasks to queue
[2024-09-12T01:40:41.743-0300] {logging_mixin.py:190} INFO - [2024-09-12T01:40:41.743-0300] {dagbag.py:587} INFO - Filling up the DagBag from /home/gabzarp/.local/lib/python3.10/site-packages/airflow/example_dags/subdags/subdag.py
[2024-09-12T01:40:41.744-0300] {processor.py:927} WARNING - No viable dags retrieved from /home/gabzarp/.local/lib/python3.10/site-packages/airflow/example_dags/subdags/subdag.py
[2024-09-12T01:40:41.751-0300] {processor.py:208} INFO - Processing /home/gabzarp/.local/lib/python3.10/site-packages/airflow/example_dags/subdags/subdag.py took 0.014 seconds
[2024-09-12T01:41:34.270-0300] {processor.py:186} INFO - Started process (PID=3279) to work on /home/gabzarp/.local/lib/python3.10/site-packages/airflow/example_dags/subdags/subdag.py
[2024-09-12T01:41:34.271-0300] {processor.py:914} INFO - Processing file /home/gabzarp/.local/lib/python3.10/site-packages/airflow/example_dags/subdags/subdag.py for tasks to queue
[2024-09-12T01:41:34.272-0300] {logging_mixin.py:190} INFO - [2024-09-12T01:41:34.272-0300] {dagbag.py:587} INFO - Filling up the DagBag from /home/gabzarp/.local/lib/python3.10/site-packages/airflow/example_dags/subdags/subdag.py
[2024-09-12T01:41:34.274-0300] {processor.py:927} WARNING - No viable dags retrieved from /home/gabzarp/.local/lib/python3.10/site-packages/airflow/example_dags/subdags/subdag.py
[2024-09-12T01:41:34.280-0300] {processor.py:208} INFO - Processing /home/gabzarp/.local/lib/python3.10/site-packages/airflow/example_dags/subdags/subdag.py took 0.014 seconds
[2024-09-12T01:42:28.389-0300] {processor.py:186} INFO - Started process (PID=3551) to work on /home/gabzarp/.local/lib/python3.10/site-packages/airflow/example_dags/subdags/subdag.py
[2024-09-12T01:42:28.390-0300] {processor.py:914} INFO - Processing file /home/gabzarp/.local/lib/python3.10/site-packages/airflow/example_dags/subdags/subdag.py for tasks to queue
[2024-09-12T01:42:28.392-0300] {logging_mixin.py:190} INFO - [2024-09-12T01:42:28.392-0300] {dagbag.py:587} INFO - Filling up the DagBag from /home/gabzarp/.local/lib/python3.10/site-packages/airflow/example_dags/subdags/subdag.py
[2024-09-12T01:42:28.393-0300] {processor.py:927} WARNING - No viable dags retrieved from /home/gabzarp/.local/lib/python3.10/site-packages/airflow/example_dags/subdags/subdag.py
[2024-09-12T01:42:28.400-0300] {processor.py:208} INFO - Processing /home/gabzarp/.local/lib/python3.10/site-packages/airflow/example_dags/subdags/subdag.py took 0.014 seconds
[2024-09-12T01:43:16.973-0300] {processor.py:186} INFO - Started process (PID=3797) to work on /home/gabzarp/.local/lib/python3.10/site-packages/airflow/example_dags/subdags/subdag.py
[2024-09-12T01:43:16.974-0300] {processor.py:914} INFO - Processing file /home/gabzarp/.local/lib/python3.10/site-packages/airflow/example_dags/subdags/subdag.py for tasks to queue
[2024-09-12T01:43:16.976-0300] {logging_mixin.py:190} INFO - [2024-09-12T01:43:16.975-0300] {dagbag.py:587} INFO - Filling up the DagBag from /home/gabzarp/.local/lib/python3.10/site-packages/airflow/example_dags/subdags/subdag.py
[2024-09-12T01:43:16.977-0300] {processor.py:927} WARNING - No viable dags retrieved from /home/gabzarp/.local/lib/python3.10/site-packages/airflow/example_dags/subdags/subdag.py
[2024-09-12T01:43:16.984-0300] {processor.py:208} INFO - Processing /home/gabzarp/.local/lib/python3.10/site-packages/airflow/example_dags/subdags/subdag.py took 0.015 seconds
[2024-09-12T01:44:55.028-0300] {processor.py:186} INFO - Started process (PID=4986) to work on /home/gabzarp/.local/lib/python3.10/site-packages/airflow/example_dags/subdags/subdag.py
[2024-09-12T01:44:55.029-0300] {processor.py:914} INFO - Processing file /home/gabzarp/.local/lib/python3.10/site-packages/airflow/example_dags/subdags/subdag.py for tasks to queue
[2024-09-12T01:44:55.030-0300] {logging_mixin.py:190} INFO - [2024-09-12T01:44:55.030-0300] {dagbag.py:587} INFO - Filling up the DagBag from /home/gabzarp/.local/lib/python3.10/site-packages/airflow/example_dags/subdags/subdag.py
[2024-09-12T01:44:55.032-0300] {processor.py:927} WARNING - No viable dags retrieved from /home/gabzarp/.local/lib/python3.10/site-packages/airflow/example_dags/subdags/subdag.py
[2024-09-12T01:44:55.039-0300] {processor.py:208} INFO - Processing /home/gabzarp/.local/lib/python3.10/site-packages/airflow/example_dags/subdags/subdag.py took 0.014 seconds
[2024-09-12T01:45:48.426-0300] {processor.py:186} INFO - Started process (PID=5416) to work on /home/gabzarp/.local/lib/python3.10/site-packages/airflow/example_dags/subdags/subdag.py
[2024-09-12T01:45:48.427-0300] {processor.py:914} INFO - Processing file /home/gabzarp/.local/lib/python3.10/site-packages/airflow/example_dags/subdags/subdag.py for tasks to queue
[2024-09-12T01:45:48.428-0300] {logging_mixin.py:190} INFO - [2024-09-12T01:45:48.428-0300] {dagbag.py:587} INFO - Filling up the DagBag from /home/gabzarp/.local/lib/python3.10/site-packages/airflow/example_dags/subdags/subdag.py
[2024-09-12T01:45:48.429-0300] {processor.py:927} WARNING - No viable dags retrieved from /home/gabzarp/.local/lib/python3.10/site-packages/airflow/example_dags/subdags/subdag.py
[2024-09-12T01:45:48.437-0300] {processor.py:208} INFO - Processing /home/gabzarp/.local/lib/python3.10/site-packages/airflow/example_dags/subdags/subdag.py took 0.015 seconds
[2024-09-12T01:46:38.511-0300] {processor.py:186} INFO - Started process (PID=5823) to work on /home/gabzarp/.local/lib/python3.10/site-packages/airflow/example_dags/subdags/subdag.py
[2024-09-12T01:46:38.512-0300] {processor.py:914} INFO - Processing file /home/gabzarp/.local/lib/python3.10/site-packages/airflow/example_dags/subdags/subdag.py for tasks to queue
[2024-09-12T01:46:38.513-0300] {logging_mixin.py:190} INFO - [2024-09-12T01:46:38.513-0300] {dagbag.py:587} INFO - Filling up the DagBag from /home/gabzarp/.local/lib/python3.10/site-packages/airflow/example_dags/subdags/subdag.py
[2024-09-12T01:46:38.514-0300] {processor.py:927} WARNING - No viable dags retrieved from /home/gabzarp/.local/lib/python3.10/site-packages/airflow/example_dags/subdags/subdag.py
[2024-09-12T01:46:38.521-0300] {processor.py:208} INFO - Processing /home/gabzarp/.local/lib/python3.10/site-packages/airflow/example_dags/subdags/subdag.py took 0.014 seconds
[2024-09-12T01:47:27.464-0300] {processor.py:186} INFO - Started process (PID=6216) to work on /home/gabzarp/.local/lib/python3.10/site-packages/airflow/example_dags/subdags/subdag.py
[2024-09-12T01:47:27.465-0300] {processor.py:914} INFO - Processing file /home/gabzarp/.local/lib/python3.10/site-packages/airflow/example_dags/subdags/subdag.py for tasks to queue
[2024-09-12T01:47:27.466-0300] {logging_mixin.py:190} INFO - [2024-09-12T01:47:27.466-0300] {dagbag.py:587} INFO - Filling up the DagBag from /home/gabzarp/.local/lib/python3.10/site-packages/airflow/example_dags/subdags/subdag.py
[2024-09-12T01:47:27.467-0300] {processor.py:927} WARNING - No viable dags retrieved from /home/gabzarp/.local/lib/python3.10/site-packages/airflow/example_dags/subdags/subdag.py
[2024-09-12T01:47:27.480-0300] {processor.py:208} INFO - Processing /home/gabzarp/.local/lib/python3.10/site-packages/airflow/example_dags/subdags/subdag.py took 0.020 seconds
[2024-09-12T01:48:18.875-0300] {processor.py:186} INFO - Started process (PID=6624) to work on /home/gabzarp/.local/lib/python3.10/site-packages/airflow/example_dags/subdags/subdag.py
[2024-09-12T01:48:18.877-0300] {processor.py:914} INFO - Processing file /home/gabzarp/.local/lib/python3.10/site-packages/airflow/example_dags/subdags/subdag.py for tasks to queue
[2024-09-12T01:48:18.879-0300] {logging_mixin.py:190} INFO - [2024-09-12T01:48:18.879-0300] {dagbag.py:587} INFO - Filling up the DagBag from /home/gabzarp/.local/lib/python3.10/site-packages/airflow/example_dags/subdags/subdag.py
[2024-09-12T01:48:18.882-0300] {processor.py:927} WARNING - No viable dags retrieved from /home/gabzarp/.local/lib/python3.10/site-packages/airflow/example_dags/subdags/subdag.py
[2024-09-12T01:48:18.898-0300] {processor.py:208} INFO - Processing /home/gabzarp/.local/lib/python3.10/site-packages/airflow/example_dags/subdags/subdag.py took 0.029 seconds
[2024-09-12T01:49:10.289-0300] {processor.py:186} INFO - Started process (PID=7170) to work on /home/gabzarp/.local/lib/python3.10/site-packages/airflow/example_dags/subdags/subdag.py
[2024-09-12T01:49:10.290-0300] {processor.py:914} INFO - Processing file /home/gabzarp/.local/lib/python3.10/site-packages/airflow/example_dags/subdags/subdag.py for tasks to queue
[2024-09-12T01:49:10.291-0300] {logging_mixin.py:190} INFO - [2024-09-12T01:49:10.291-0300] {dagbag.py:587} INFO - Filling up the DagBag from /home/gabzarp/.local/lib/python3.10/site-packages/airflow/example_dags/subdags/subdag.py
[2024-09-12T01:49:10.292-0300] {processor.py:927} WARNING - No viable dags retrieved from /home/gabzarp/.local/lib/python3.10/site-packages/airflow/example_dags/subdags/subdag.py
[2024-09-12T01:49:10.298-0300] {processor.py:208} INFO - Processing /home/gabzarp/.local/lib/python3.10/site-packages/airflow/example_dags/subdags/subdag.py took 0.013 seconds
[2024-09-12T01:50:00.898-0300] {processor.py:186} INFO - Started process (PID=7613) to work on /home/gabzarp/.local/lib/python3.10/site-packages/airflow/example_dags/subdags/subdag.py
[2024-09-12T01:50:00.899-0300] {processor.py:914} INFO - Processing file /home/gabzarp/.local/lib/python3.10/site-packages/airflow/example_dags/subdags/subdag.py for tasks to queue
[2024-09-12T01:50:00.900-0300] {logging_mixin.py:190} INFO - [2024-09-12T01:50:00.900-0300] {dagbag.py:587} INFO - Filling up the DagBag from /home/gabzarp/.local/lib/python3.10/site-packages/airflow/example_dags/subdags/subdag.py
[2024-09-12T01:50:00.901-0300] {processor.py:927} WARNING - No viable dags retrieved from /home/gabzarp/.local/lib/python3.10/site-packages/airflow/example_dags/subdags/subdag.py
[2024-09-12T01:50:00.909-0300] {processor.py:208} INFO - Processing /home/gabzarp/.local/lib/python3.10/site-packages/airflow/example_dags/subdags/subdag.py took 0.014 seconds
[2024-09-12T01:50:49.298-0300] {processor.py:186} INFO - Started process (PID=8042) to work on /home/gabzarp/.local/lib/python3.10/site-packages/airflow/example_dags/subdags/subdag.py
[2024-09-12T01:50:49.299-0300] {processor.py:914} INFO - Processing file /home/gabzarp/.local/lib/python3.10/site-packages/airflow/example_dags/subdags/subdag.py for tasks to queue
[2024-09-12T01:50:49.300-0300] {logging_mixin.py:190} INFO - [2024-09-12T01:50:49.299-0300] {dagbag.py:587} INFO - Filling up the DagBag from /home/gabzarp/.local/lib/python3.10/site-packages/airflow/example_dags/subdags/subdag.py
[2024-09-12T01:50:49.301-0300] {processor.py:927} WARNING - No viable dags retrieved from /home/gabzarp/.local/lib/python3.10/site-packages/airflow/example_dags/subdags/subdag.py
[2024-09-12T01:50:49.311-0300] {processor.py:208} INFO - Processing /home/gabzarp/.local/lib/python3.10/site-packages/airflow/example_dags/subdags/subdag.py took 0.018 seconds
[2024-09-12T01:51:38.816-0300] {processor.py:186} INFO - Started process (PID=8507) to work on /home/gabzarp/.local/lib/python3.10/site-packages/airflow/example_dags/subdags/subdag.py
[2024-09-12T01:51:38.817-0300] {processor.py:914} INFO - Processing file /home/gabzarp/.local/lib/python3.10/site-packages/airflow/example_dags/subdags/subdag.py for tasks to queue
[2024-09-12T01:51:38.818-0300] {logging_mixin.py:190} INFO - [2024-09-12T01:51:38.818-0300] {dagbag.py:587} INFO - Filling up the DagBag from /home/gabzarp/.local/lib/python3.10/site-packages/airflow/example_dags/subdags/subdag.py
[2024-09-12T01:51:38.819-0300] {processor.py:927} WARNING - No viable dags retrieved from /home/gabzarp/.local/lib/python3.10/site-packages/airflow/example_dags/subdags/subdag.py
[2024-09-12T01:51:38.826-0300] {processor.py:208} INFO - Processing /home/gabzarp/.local/lib/python3.10/site-packages/airflow/example_dags/subdags/subdag.py took 0.013 seconds
[2024-09-12T01:52:29.487-0300] {processor.py:186} INFO - Started process (PID=9016) to work on /home/gabzarp/.local/lib/python3.10/site-packages/airflow/example_dags/subdags/subdag.py
[2024-09-12T01:52:29.488-0300] {processor.py:914} INFO - Processing file /home/gabzarp/.local/lib/python3.10/site-packages/airflow/example_dags/subdags/subdag.py for tasks to queue
[2024-09-12T01:52:29.489-0300] {logging_mixin.py:190} INFO - [2024-09-12T01:52:29.489-0300] {dagbag.py:587} INFO - Filling up the DagBag from /home/gabzarp/.local/lib/python3.10/site-packages/airflow/example_dags/subdags/subdag.py
[2024-09-12T01:52:29.490-0300] {processor.py:927} WARNING - No viable dags retrieved from /home/gabzarp/.local/lib/python3.10/site-packages/airflow/example_dags/subdags/subdag.py
[2024-09-12T01:52:29.497-0300] {processor.py:208} INFO - Processing /home/gabzarp/.local/lib/python3.10/site-packages/airflow/example_dags/subdags/subdag.py took 0.014 seconds
[2024-09-12T01:53:21.220-0300] {processor.py:186} INFO - Started process (PID=9542) to work on /home/gabzarp/.local/lib/python3.10/site-packages/airflow/example_dags/subdags/subdag.py
[2024-09-12T01:53:21.221-0300] {processor.py:914} INFO - Processing file /home/gabzarp/.local/lib/python3.10/site-packages/airflow/example_dags/subdags/subdag.py for tasks to queue
[2024-09-12T01:53:21.222-0300] {logging_mixin.py:190} INFO - [2024-09-12T01:53:21.222-0300] {dagbag.py:587} INFO - Filling up the DagBag from /home/gabzarp/.local/lib/python3.10/site-packages/airflow/example_dags/subdags/subdag.py
[2024-09-12T01:53:21.224-0300] {processor.py:927} WARNING - No viable dags retrieved from /home/gabzarp/.local/lib/python3.10/site-packages/airflow/example_dags/subdags/subdag.py
[2024-09-12T01:53:21.232-0300] {processor.py:208} INFO - Processing /home/gabzarp/.local/lib/python3.10/site-packages/airflow/example_dags/subdags/subdag.py took 0.016 seconds
[2024-09-12T01:54:13.936-0300] {processor.py:186} INFO - Started process (PID=9989) to work on /home/gabzarp/.local/lib/python3.10/site-packages/airflow/example_dags/subdags/subdag.py
[2024-09-12T01:54:13.937-0300] {processor.py:914} INFO - Processing file /home/gabzarp/.local/lib/python3.10/site-packages/airflow/example_dags/subdags/subdag.py for tasks to queue
[2024-09-12T01:54:13.937-0300] {logging_mixin.py:190} INFO - [2024-09-12T01:54:13.937-0300] {dagbag.py:587} INFO - Filling up the DagBag from /home/gabzarp/.local/lib/python3.10/site-packages/airflow/example_dags/subdags/subdag.py
[2024-09-12T01:54:13.939-0300] {processor.py:927} WARNING - No viable dags retrieved from /home/gabzarp/.local/lib/python3.10/site-packages/airflow/example_dags/subdags/subdag.py
[2024-09-12T01:54:13.945-0300] {processor.py:208} INFO - Processing /home/gabzarp/.local/lib/python3.10/site-packages/airflow/example_dags/subdags/subdag.py took 0.013 seconds
[2024-09-12T01:55:05.516-0300] {processor.py:186} INFO - Started process (PID=10399) to work on /home/gabzarp/.local/lib/python3.10/site-packages/airflow/example_dags/subdags/subdag.py
[2024-09-12T01:55:05.517-0300] {processor.py:914} INFO - Processing file /home/gabzarp/.local/lib/python3.10/site-packages/airflow/example_dags/subdags/subdag.py for tasks to queue
[2024-09-12T01:55:05.518-0300] {logging_mixin.py:190} INFO - [2024-09-12T01:55:05.518-0300] {dagbag.py:587} INFO - Filling up the DagBag from /home/gabzarp/.local/lib/python3.10/site-packages/airflow/example_dags/subdags/subdag.py
[2024-09-12T01:55:05.519-0300] {processor.py:927} WARNING - No viable dags retrieved from /home/gabzarp/.local/lib/python3.10/site-packages/airflow/example_dags/subdags/subdag.py
[2024-09-12T01:55:05.525-0300] {processor.py:208} INFO - Processing /home/gabzarp/.local/lib/python3.10/site-packages/airflow/example_dags/subdags/subdag.py took 0.013 seconds
[2024-09-12T01:56:00.159-0300] {processor.py:186} INFO - Started process (PID=10858) to work on /home/gabzarp/.local/lib/python3.10/site-packages/airflow/example_dags/subdags/subdag.py
[2024-09-12T01:56:00.160-0300] {processor.py:914} INFO - Processing file /home/gabzarp/.local/lib/python3.10/site-packages/airflow/example_dags/subdags/subdag.py for tasks to queue
[2024-09-12T01:56:00.161-0300] {logging_mixin.py:190} INFO - [2024-09-12T01:56:00.161-0300] {dagbag.py:587} INFO - Filling up the DagBag from /home/gabzarp/.local/lib/python3.10/site-packages/airflow/example_dags/subdags/subdag.py
[2024-09-12T01:56:00.162-0300] {processor.py:927} WARNING - No viable dags retrieved from /home/gabzarp/.local/lib/python3.10/site-packages/airflow/example_dags/subdags/subdag.py
[2024-09-12T01:56:00.169-0300] {processor.py:208} INFO - Processing /home/gabzarp/.local/lib/python3.10/site-packages/airflow/example_dags/subdags/subdag.py took 0.013 seconds
[2024-09-12T01:56:53.520-0300] {processor.py:186} INFO - Started process (PID=11318) to work on /home/gabzarp/.local/lib/python3.10/site-packages/airflow/example_dags/subdags/subdag.py
[2024-09-12T01:56:53.520-0300] {processor.py:914} INFO - Processing file /home/gabzarp/.local/lib/python3.10/site-packages/airflow/example_dags/subdags/subdag.py for tasks to queue
[2024-09-12T01:56:53.521-0300] {logging_mixin.py:190} INFO - [2024-09-12T01:56:53.521-0300] {dagbag.py:587} INFO - Filling up the DagBag from /home/gabzarp/.local/lib/python3.10/site-packages/airflow/example_dags/subdags/subdag.py
[2024-09-12T01:56:53.523-0300] {processor.py:927} WARNING - No viable dags retrieved from /home/gabzarp/.local/lib/python3.10/site-packages/airflow/example_dags/subdags/subdag.py
[2024-09-12T01:56:53.529-0300] {processor.py:208} INFO - Processing /home/gabzarp/.local/lib/python3.10/site-packages/airflow/example_dags/subdags/subdag.py took 0.014 seconds
[2024-09-12T01:57:47.184-0300] {processor.py:186} INFO - Started process (PID=11752) to work on /home/gabzarp/.local/lib/python3.10/site-packages/airflow/example_dags/subdags/subdag.py
[2024-09-12T01:57:47.186-0300] {processor.py:914} INFO - Processing file /home/gabzarp/.local/lib/python3.10/site-packages/airflow/example_dags/subdags/subdag.py for tasks to queue
[2024-09-12T01:57:47.187-0300] {logging_mixin.py:190} INFO - [2024-09-12T01:57:47.186-0300] {dagbag.py:587} INFO - Filling up the DagBag from /home/gabzarp/.local/lib/python3.10/site-packages/airflow/example_dags/subdags/subdag.py
[2024-09-12T01:57:47.188-0300] {processor.py:927} WARNING - No viable dags retrieved from /home/gabzarp/.local/lib/python3.10/site-packages/airflow/example_dags/subdags/subdag.py
[2024-09-12T01:57:47.194-0300] {processor.py:208} INFO - Processing /home/gabzarp/.local/lib/python3.10/site-packages/airflow/example_dags/subdags/subdag.py took 0.013 seconds
[2024-09-12T01:58:41.537-0300] {processor.py:186} INFO - Started process (PID=12176) to work on /home/gabzarp/.local/lib/python3.10/site-packages/airflow/example_dags/subdags/subdag.py
[2024-09-12T01:58:41.538-0300] {processor.py:914} INFO - Processing file /home/gabzarp/.local/lib/python3.10/site-packages/airflow/example_dags/subdags/subdag.py for tasks to queue
[2024-09-12T01:58:41.539-0300] {logging_mixin.py:190} INFO - [2024-09-12T01:58:41.539-0300] {dagbag.py:587} INFO - Filling up the DagBag from /home/gabzarp/.local/lib/python3.10/site-packages/airflow/example_dags/subdags/subdag.py
[2024-09-12T01:58:41.540-0300] {processor.py:927} WARNING - No viable dags retrieved from /home/gabzarp/.local/lib/python3.10/site-packages/airflow/example_dags/subdags/subdag.py
[2024-09-12T01:58:41.547-0300] {processor.py:208} INFO - Processing /home/gabzarp/.local/lib/python3.10/site-packages/airflow/example_dags/subdags/subdag.py took 0.014 seconds
[2024-09-12T01:59:33.050-0300] {processor.py:186} INFO - Started process (PID=12590) to work on /home/gabzarp/.local/lib/python3.10/site-packages/airflow/example_dags/subdags/subdag.py
[2024-09-12T01:59:33.051-0300] {processor.py:914} INFO - Processing file /home/gabzarp/.local/lib/python3.10/site-packages/airflow/example_dags/subdags/subdag.py for tasks to queue
[2024-09-12T01:59:33.051-0300] {logging_mixin.py:190} INFO - [2024-09-12T01:59:33.051-0300] {dagbag.py:587} INFO - Filling up the DagBag from /home/gabzarp/.local/lib/python3.10/site-packages/airflow/example_dags/subdags/subdag.py
[2024-09-12T01:59:33.053-0300] {processor.py:927} WARNING - No viable dags retrieved from /home/gabzarp/.local/lib/python3.10/site-packages/airflow/example_dags/subdags/subdag.py
[2024-09-12T01:59:33.059-0300] {processor.py:208} INFO - Processing /home/gabzarp/.local/lib/python3.10/site-packages/airflow/example_dags/subdags/subdag.py took 0.013 seconds
[2024-09-12T02:00:23.812-0300] {processor.py:186} INFO - Started process (PID=13046) to work on /home/gabzarp/.local/lib/python3.10/site-packages/airflow/example_dags/subdags/subdag.py
[2024-09-12T02:00:23.813-0300] {processor.py:914} INFO - Processing file /home/gabzarp/.local/lib/python3.10/site-packages/airflow/example_dags/subdags/subdag.py for tasks to queue
[2024-09-12T02:00:23.814-0300] {logging_mixin.py:190} INFO - [2024-09-12T02:00:23.814-0300] {dagbag.py:587} INFO - Filling up the DagBag from /home/gabzarp/.local/lib/python3.10/site-packages/airflow/example_dags/subdags/subdag.py
[2024-09-12T02:00:23.815-0300] {processor.py:927} WARNING - No viable dags retrieved from /home/gabzarp/.local/lib/python3.10/site-packages/airflow/example_dags/subdags/subdag.py
[2024-09-12T02:00:23.822-0300] {processor.py:208} INFO - Processing /home/gabzarp/.local/lib/python3.10/site-packages/airflow/example_dags/subdags/subdag.py took 0.013 seconds
[2024-09-12T02:01:16.328-0300] {processor.py:186} INFO - Started process (PID=13549) to work on /home/gabzarp/.local/lib/python3.10/site-packages/airflow/example_dags/subdags/subdag.py
[2024-09-12T02:01:16.329-0300] {processor.py:914} INFO - Processing file /home/gabzarp/.local/lib/python3.10/site-packages/airflow/example_dags/subdags/subdag.py for tasks to queue
[2024-09-12T02:01:16.330-0300] {logging_mixin.py:190} INFO - [2024-09-12T02:01:16.330-0300] {dagbag.py:587} INFO - Filling up the DagBag from /home/gabzarp/.local/lib/python3.10/site-packages/airflow/example_dags/subdags/subdag.py
[2024-09-12T02:01:16.331-0300] {processor.py:927} WARNING - No viable dags retrieved from /home/gabzarp/.local/lib/python3.10/site-packages/airflow/example_dags/subdags/subdag.py
[2024-09-12T02:01:16.338-0300] {processor.py:208} INFO - Processing /home/gabzarp/.local/lib/python3.10/site-packages/airflow/example_dags/subdags/subdag.py took 0.014 seconds
[2024-09-12T02:02:06.884-0300] {processor.py:186} INFO - Started process (PID=13989) to work on /home/gabzarp/.local/lib/python3.10/site-packages/airflow/example_dags/subdags/subdag.py
[2024-09-12T02:02:06.885-0300] {processor.py:914} INFO - Processing file /home/gabzarp/.local/lib/python3.10/site-packages/airflow/example_dags/subdags/subdag.py for tasks to queue
[2024-09-12T02:02:06.886-0300] {logging_mixin.py:190} INFO - [2024-09-12T02:02:06.885-0300] {dagbag.py:587} INFO - Filling up the DagBag from /home/gabzarp/.local/lib/python3.10/site-packages/airflow/example_dags/subdags/subdag.py
[2024-09-12T02:02:06.887-0300] {processor.py:927} WARNING - No viable dags retrieved from /home/gabzarp/.local/lib/python3.10/site-packages/airflow/example_dags/subdags/subdag.py
[2024-09-12T02:02:06.893-0300] {processor.py:208} INFO - Processing /home/gabzarp/.local/lib/python3.10/site-packages/airflow/example_dags/subdags/subdag.py took 0.013 seconds
[2024-09-12T02:02:53.427-0300] {processor.py:186} INFO - Started process (PID=14367) to work on /home/gabzarp/.local/lib/python3.10/site-packages/airflow/example_dags/subdags/subdag.py
[2024-09-12T02:02:53.428-0300] {processor.py:914} INFO - Processing file /home/gabzarp/.local/lib/python3.10/site-packages/airflow/example_dags/subdags/subdag.py for tasks to queue
[2024-09-12T02:02:53.429-0300] {logging_mixin.py:190} INFO - [2024-09-12T02:02:53.429-0300] {dagbag.py:587} INFO - Filling up the DagBag from /home/gabzarp/.local/lib/python3.10/site-packages/airflow/example_dags/subdags/subdag.py
[2024-09-12T02:02:53.431-0300] {processor.py:927} WARNING - No viable dags retrieved from /home/gabzarp/.local/lib/python3.10/site-packages/airflow/example_dags/subdags/subdag.py
[2024-09-12T02:02:53.438-0300] {processor.py:208} INFO - Processing /home/gabzarp/.local/lib/python3.10/site-packages/airflow/example_dags/subdags/subdag.py took 0.015 seconds
[2024-09-12T02:03:44.881-0300] {processor.py:186} INFO - Started process (PID=14775) to work on /home/gabzarp/.local/lib/python3.10/site-packages/airflow/example_dags/subdags/subdag.py
[2024-09-12T02:03:44.882-0300] {processor.py:914} INFO - Processing file /home/gabzarp/.local/lib/python3.10/site-packages/airflow/example_dags/subdags/subdag.py for tasks to queue
[2024-09-12T02:03:44.883-0300] {logging_mixin.py:190} INFO - [2024-09-12T02:03:44.882-0300] {dagbag.py:587} INFO - Filling up the DagBag from /home/gabzarp/.local/lib/python3.10/site-packages/airflow/example_dags/subdags/subdag.py
[2024-09-12T02:03:44.884-0300] {processor.py:927} WARNING - No viable dags retrieved from /home/gabzarp/.local/lib/python3.10/site-packages/airflow/example_dags/subdags/subdag.py
[2024-09-12T02:03:44.891-0300] {processor.py:208} INFO - Processing /home/gabzarp/.local/lib/python3.10/site-packages/airflow/example_dags/subdags/subdag.py took 0.014 seconds
[2024-09-12T02:04:36.285-0300] {processor.py:186} INFO - Started process (PID=15182) to work on /home/gabzarp/.local/lib/python3.10/site-packages/airflow/example_dags/subdags/subdag.py
[2024-09-12T02:04:36.285-0300] {processor.py:914} INFO - Processing file /home/gabzarp/.local/lib/python3.10/site-packages/airflow/example_dags/subdags/subdag.py for tasks to queue
[2024-09-12T02:04:36.286-0300] {logging_mixin.py:190} INFO - [2024-09-12T02:04:36.286-0300] {dagbag.py:587} INFO - Filling up the DagBag from /home/gabzarp/.local/lib/python3.10/site-packages/airflow/example_dags/subdags/subdag.py
[2024-09-12T02:04:36.287-0300] {processor.py:927} WARNING - No viable dags retrieved from /home/gabzarp/.local/lib/python3.10/site-packages/airflow/example_dags/subdags/subdag.py
[2024-09-12T02:04:36.294-0300] {processor.py:208} INFO - Processing /home/gabzarp/.local/lib/python3.10/site-packages/airflow/example_dags/subdags/subdag.py took 0.014 seconds
[2024-09-12T02:05:30.190-0300] {processor.py:186} INFO - Started process (PID=15610) to work on /home/gabzarp/.local/lib/python3.10/site-packages/airflow/example_dags/subdags/subdag.py
[2024-09-12T02:05:30.191-0300] {processor.py:914} INFO - Processing file /home/gabzarp/.local/lib/python3.10/site-packages/airflow/example_dags/subdags/subdag.py for tasks to queue
[2024-09-12T02:05:30.192-0300] {logging_mixin.py:190} INFO - [2024-09-12T02:05:30.191-0300] {dagbag.py:587} INFO - Filling up the DagBag from /home/gabzarp/.local/lib/python3.10/site-packages/airflow/example_dags/subdags/subdag.py
[2024-09-12T02:05:30.193-0300] {processor.py:927} WARNING - No viable dags retrieved from /home/gabzarp/.local/lib/python3.10/site-packages/airflow/example_dags/subdags/subdag.py
[2024-09-12T02:05:30.199-0300] {processor.py:208} INFO - Processing /home/gabzarp/.local/lib/python3.10/site-packages/airflow/example_dags/subdags/subdag.py took 0.013 seconds
[2024-09-12T02:06:22.893-0300] {processor.py:186} INFO - Started process (PID=16020) to work on /home/gabzarp/.local/lib/python3.10/site-packages/airflow/example_dags/subdags/subdag.py
[2024-09-12T02:06:22.894-0300] {processor.py:914} INFO - Processing file /home/gabzarp/.local/lib/python3.10/site-packages/airflow/example_dags/subdags/subdag.py for tasks to queue
[2024-09-12T02:06:22.895-0300] {logging_mixin.py:190} INFO - [2024-09-12T02:06:22.895-0300] {dagbag.py:587} INFO - Filling up the DagBag from /home/gabzarp/.local/lib/python3.10/site-packages/airflow/example_dags/subdags/subdag.py
[2024-09-12T02:06:22.896-0300] {processor.py:927} WARNING - No viable dags retrieved from /home/gabzarp/.local/lib/python3.10/site-packages/airflow/example_dags/subdags/subdag.py
[2024-09-12T02:06:22.903-0300] {processor.py:208} INFO - Processing /home/gabzarp/.local/lib/python3.10/site-packages/airflow/example_dags/subdags/subdag.py took 0.014 seconds
[2024-09-12T02:07:11.579-0300] {processor.py:186} INFO - Started process (PID=16409) to work on /home/gabzarp/.local/lib/python3.10/site-packages/airflow/example_dags/subdags/subdag.py
[2024-09-12T02:07:11.580-0300] {processor.py:914} INFO - Processing file /home/gabzarp/.local/lib/python3.10/site-packages/airflow/example_dags/subdags/subdag.py for tasks to queue
[2024-09-12T02:07:11.580-0300] {logging_mixin.py:190} INFO - [2024-09-12T02:07:11.580-0300] {dagbag.py:587} INFO - Filling up the DagBag from /home/gabzarp/.local/lib/python3.10/site-packages/airflow/example_dags/subdags/subdag.py
[2024-09-12T02:07:11.582-0300] {processor.py:927} WARNING - No viable dags retrieved from /home/gabzarp/.local/lib/python3.10/site-packages/airflow/example_dags/subdags/subdag.py
[2024-09-12T02:07:11.588-0300] {processor.py:208} INFO - Processing /home/gabzarp/.local/lib/python3.10/site-packages/airflow/example_dags/subdags/subdag.py took 0.013 seconds
[2024-09-12T02:08:00.083-0300] {processor.py:186} INFO - Started process (PID=16794) to work on /home/gabzarp/.local/lib/python3.10/site-packages/airflow/example_dags/subdags/subdag.py
[2024-09-12T02:08:00.084-0300] {processor.py:914} INFO - Processing file /home/gabzarp/.local/lib/python3.10/site-packages/airflow/example_dags/subdags/subdag.py for tasks to queue
[2024-09-12T02:08:00.085-0300] {logging_mixin.py:190} INFO - [2024-09-12T02:08:00.085-0300] {dagbag.py:587} INFO - Filling up the DagBag from /home/gabzarp/.local/lib/python3.10/site-packages/airflow/example_dags/subdags/subdag.py
[2024-09-12T02:08:00.086-0300] {processor.py:927} WARNING - No viable dags retrieved from /home/gabzarp/.local/lib/python3.10/site-packages/airflow/example_dags/subdags/subdag.py
[2024-09-12T02:08:00.093-0300] {processor.py:208} INFO - Processing /home/gabzarp/.local/lib/python3.10/site-packages/airflow/example_dags/subdags/subdag.py took 0.014 seconds
[2024-09-12T02:08:51.585-0300] {processor.py:186} INFO - Started process (PID=17201) to work on /home/gabzarp/.local/lib/python3.10/site-packages/airflow/example_dags/subdags/subdag.py
[2024-09-12T02:08:51.586-0300] {processor.py:914} INFO - Processing file /home/gabzarp/.local/lib/python3.10/site-packages/airflow/example_dags/subdags/subdag.py for tasks to queue
[2024-09-12T02:08:51.587-0300] {logging_mixin.py:190} INFO - [2024-09-12T02:08:51.587-0300] {dagbag.py:587} INFO - Filling up the DagBag from /home/gabzarp/.local/lib/python3.10/site-packages/airflow/example_dags/subdags/subdag.py
[2024-09-12T02:08:51.588-0300] {processor.py:927} WARNING - No viable dags retrieved from /home/gabzarp/.local/lib/python3.10/site-packages/airflow/example_dags/subdags/subdag.py
[2024-09-12T02:08:51.596-0300] {processor.py:208} INFO - Processing /home/gabzarp/.local/lib/python3.10/site-packages/airflow/example_dags/subdags/subdag.py took 0.014 seconds
[2024-09-12T02:09:43.389-0300] {processor.py:186} INFO - Started process (PID=17732) to work on /home/gabzarp/.local/lib/python3.10/site-packages/airflow/example_dags/subdags/subdag.py
[2024-09-12T02:09:43.390-0300] {processor.py:914} INFO - Processing file /home/gabzarp/.local/lib/python3.10/site-packages/airflow/example_dags/subdags/subdag.py for tasks to queue
[2024-09-12T02:09:43.391-0300] {logging_mixin.py:190} INFO - [2024-09-12T02:09:43.391-0300] {dagbag.py:587} INFO - Filling up the DagBag from /home/gabzarp/.local/lib/python3.10/site-packages/airflow/example_dags/subdags/subdag.py
[2024-09-12T02:09:43.392-0300] {processor.py:927} WARNING - No viable dags retrieved from /home/gabzarp/.local/lib/python3.10/site-packages/airflow/example_dags/subdags/subdag.py
[2024-09-12T02:09:43.399-0300] {processor.py:208} INFO - Processing /home/gabzarp/.local/lib/python3.10/site-packages/airflow/example_dags/subdags/subdag.py took 0.013 seconds
