[2024-09-12T01:39:32.528-0300] {processor.py:186} INFO - Started process (PID=2588) to work on /home/gabzarp/.local/lib/python3.10/site-packages/airflow/example_dags/example_xcom.py
[2024-09-12T01:39:32.528-0300] {processor.py:914} INFO - Processing file /home/gabzarp/.local/lib/python3.10/site-packages/airflow/example_dags/example_xcom.py for tasks to queue
[2024-09-12T01:39:32.530-0300] {logging_mixin.py:190} INFO - [2024-09-12T01:39:32.529-0300] {dagbag.py:587} INFO - Filling up the DagBag from /home/gabzarp/.local/lib/python3.10/site-packages/airflow/example_dags/example_xcom.py
[2024-09-12T01:39:32.535-0300] {processor.py:925} INFO - DAG(s) 'example_xcom' retrieved from /home/gabzarp/.local/lib/python3.10/site-packages/airflow/example_dags/example_xcom.py
[2024-09-12T01:39:32.604-0300] {logging_mixin.py:190} INFO - [2024-09-12T01:39:32.603-0300] {override.py:1900} INFO - Created Permission View: can edit on DAG:example_xcom
[2024-09-12T01:39:32.613-0300] {logging_mixin.py:190} INFO - [2024-09-12T01:39:32.613-0300] {override.py:1900} INFO - Created Permission View: can read on DAG:example_xcom
[2024-09-12T01:39:32.620-0300] {logging_mixin.py:190} INFO - [2024-09-12T01:39:32.620-0300] {override.py:1900} INFO - Created Permission View: can delete on DAG:example_xcom
[2024-09-12T01:39:32.632-0300] {logging_mixin.py:190} INFO - [2024-09-12T01:39:32.632-0300] {override.py:1900} INFO - Created Permission View: can read on DAG Run:example_xcom
[2024-09-12T01:39:32.639-0300] {logging_mixin.py:190} INFO - [2024-09-12T01:39:32.639-0300] {override.py:1900} INFO - Created Permission View: can create on DAG Run:example_xcom
[2024-09-12T01:39:32.648-0300] {logging_mixin.py:190} INFO - [2024-09-12T01:39:32.648-0300] {override.py:1900} INFO - Created Permission View: menu access on DAG Run:example_xcom
[2024-09-12T01:39:32.658-0300] {logging_mixin.py:190} INFO - [2024-09-12T01:39:32.657-0300] {override.py:1900} INFO - Created Permission View: can delete on DAG Run:example_xcom
[2024-09-12T01:39:32.658-0300] {logging_mixin.py:190} INFO - [2024-09-12T01:39:32.658-0300] {dag.py:3229} INFO - Sync 1 DAGs
[2024-09-12T01:39:32.668-0300] {logging_mixin.py:190} INFO - [2024-09-12T01:39:32.668-0300] {dag.py:3252} INFO - Creating ORM DAG for example_xcom
[2024-09-12T01:39:32.674-0300] {logging_mixin.py:190} INFO - [2024-09-12T01:39:32.673-0300] {dag.py:4156} INFO - Setting next_dagrun for example_xcom to 2021-01-01 00:00:00+00:00, run_after=2021-01-01 00:00:00+00:00
[2024-09-12T01:39:32.690-0300] {processor.py:208} INFO - Processing /home/gabzarp/.local/lib/python3.10/site-packages/airflow/example_dags/example_xcom.py took 0.166 seconds
[2024-09-12T01:40:30.355-0300] {processor.py:186} INFO - Started process (PID=2875) to work on /home/gabzarp/.local/lib/python3.10/site-packages/airflow/example_dags/example_xcom.py
[2024-09-12T01:40:30.356-0300] {processor.py:914} INFO - Processing file /home/gabzarp/.local/lib/python3.10/site-packages/airflow/example_dags/example_xcom.py for tasks to queue
[2024-09-12T01:40:30.358-0300] {logging_mixin.py:190} INFO - [2024-09-12T01:40:30.357-0300] {dagbag.py:587} INFO - Filling up the DagBag from /home/gabzarp/.local/lib/python3.10/site-packages/airflow/example_dags/example_xcom.py
[2024-09-12T01:40:30.363-0300] {processor.py:925} INFO - DAG(s) 'example_xcom' retrieved from /home/gabzarp/.local/lib/python3.10/site-packages/airflow/example_dags/example_xcom.py
[2024-09-12T01:40:30.374-0300] {logging_mixin.py:190} INFO - [2024-09-12T01:40:30.373-0300] {dag.py:3229} INFO - Sync 1 DAGs
[2024-09-12T01:40:30.385-0300] {logging_mixin.py:190} INFO - [2024-09-12T01:40:30.385-0300] {dag.py:4156} INFO - Setting next_dagrun for example_xcom to 2021-01-01 00:00:00+00:00, run_after=2021-01-01 00:00:00+00:00
[2024-09-12T01:40:30.400-0300] {processor.py:208} INFO - Processing /home/gabzarp/.local/lib/python3.10/site-packages/airflow/example_dags/example_xcom.py took 0.049 seconds
[2024-09-12T01:41:21.719-0300] {processor.py:186} INFO - Started process (PID=3218) to work on /home/gabzarp/.local/lib/python3.10/site-packages/airflow/example_dags/example_xcom.py
[2024-09-12T01:41:21.720-0300] {processor.py:914} INFO - Processing file /home/gabzarp/.local/lib/python3.10/site-packages/airflow/example_dags/example_xcom.py for tasks to queue
[2024-09-12T01:41:21.722-0300] {logging_mixin.py:190} INFO - [2024-09-12T01:41:21.722-0300] {dagbag.py:587} INFO - Filling up the DagBag from /home/gabzarp/.local/lib/python3.10/site-packages/airflow/example_dags/example_xcom.py
[2024-09-12T01:41:21.727-0300] {processor.py:925} INFO - DAG(s) 'example_xcom' retrieved from /home/gabzarp/.local/lib/python3.10/site-packages/airflow/example_dags/example_xcom.py
[2024-09-12T01:41:21.738-0300] {logging_mixin.py:190} INFO - [2024-09-12T01:41:21.738-0300] {dag.py:3229} INFO - Sync 1 DAGs
[2024-09-12T01:41:21.750-0300] {logging_mixin.py:190} INFO - [2024-09-12T01:41:21.749-0300] {dag.py:4156} INFO - Setting next_dagrun for example_xcom to 2021-01-01 00:00:00+00:00, run_after=2021-01-01 00:00:00+00:00
[2024-09-12T01:41:21.764-0300] {processor.py:208} INFO - Processing /home/gabzarp/.local/lib/python3.10/site-packages/airflow/example_dags/example_xcom.py took 0.048 seconds
[2024-09-12T01:42:11.930-0300] {processor.py:186} INFO - Started process (PID=3469) to work on /home/gabzarp/.local/lib/python3.10/site-packages/airflow/example_dags/example_xcom.py
[2024-09-12T01:42:11.931-0300] {processor.py:914} INFO - Processing file /home/gabzarp/.local/lib/python3.10/site-packages/airflow/example_dags/example_xcom.py for tasks to queue
[2024-09-12T01:42:11.933-0300] {logging_mixin.py:190} INFO - [2024-09-12T01:42:11.932-0300] {dagbag.py:587} INFO - Filling up the DagBag from /home/gabzarp/.local/lib/python3.10/site-packages/airflow/example_dags/example_xcom.py
[2024-09-12T01:42:11.938-0300] {processor.py:925} INFO - DAG(s) 'example_xcom' retrieved from /home/gabzarp/.local/lib/python3.10/site-packages/airflow/example_dags/example_xcom.py
[2024-09-12T01:42:11.949-0300] {logging_mixin.py:190} INFO - [2024-09-12T01:42:11.949-0300] {dag.py:3229} INFO - Sync 1 DAGs
[2024-09-12T01:42:11.962-0300] {logging_mixin.py:190} INFO - [2024-09-12T01:42:11.962-0300] {dag.py:4156} INFO - Setting next_dagrun for example_xcom to 2021-01-01 00:00:00+00:00, run_after=2021-01-01 00:00:00+00:00
[2024-09-12T01:42:11.975-0300] {processor.py:208} INFO - Processing /home/gabzarp/.local/lib/python3.10/site-packages/airflow/example_dags/example_xcom.py took 0.048 seconds
[2024-09-12T01:43:02.457-0300] {processor.py:186} INFO - Started process (PID=3723) to work on /home/gabzarp/.local/lib/python3.10/site-packages/airflow/example_dags/example_xcom.py
[2024-09-12T01:43:02.458-0300] {processor.py:914} INFO - Processing file /home/gabzarp/.local/lib/python3.10/site-packages/airflow/example_dags/example_xcom.py for tasks to queue
[2024-09-12T01:43:02.459-0300] {logging_mixin.py:190} INFO - [2024-09-12T01:43:02.459-0300] {dagbag.py:587} INFO - Filling up the DagBag from /home/gabzarp/.local/lib/python3.10/site-packages/airflow/example_dags/example_xcom.py
[2024-09-12T01:43:02.465-0300] {processor.py:925} INFO - DAG(s) 'example_xcom' retrieved from /home/gabzarp/.local/lib/python3.10/site-packages/airflow/example_dags/example_xcom.py
[2024-09-12T01:43:02.475-0300] {logging_mixin.py:190} INFO - [2024-09-12T01:43:02.475-0300] {dag.py:3229} INFO - Sync 1 DAGs
[2024-09-12T01:43:02.486-0300] {logging_mixin.py:190} INFO - [2024-09-12T01:43:02.486-0300] {dag.py:4156} INFO - Setting next_dagrun for example_xcom to 2021-01-01 00:00:00+00:00, run_after=2021-01-01 00:00:00+00:00
[2024-09-12T01:43:02.501-0300] {processor.py:208} INFO - Processing /home/gabzarp/.local/lib/python3.10/site-packages/airflow/example_dags/example_xcom.py took 0.048 seconds
[2024-09-12T01:43:50.862-0300] {processor.py:186} INFO - Started process (PID=4191) to work on /home/gabzarp/.local/lib/python3.10/site-packages/airflow/example_dags/example_xcom.py
[2024-09-12T01:43:51.027-0300] {processor.py:914} INFO - Processing file /home/gabzarp/.local/lib/python3.10/site-packages/airflow/example_dags/example_xcom.py for tasks to queue
[2024-09-12T01:43:51.028-0300] {logging_mixin.py:190} INFO - [2024-09-12T01:43:51.028-0300] {dagbag.py:587} INFO - Filling up the DagBag from /home/gabzarp/.local/lib/python3.10/site-packages/airflow/example_dags/example_xcom.py
[2024-09-12T01:43:51.034-0300] {processor.py:925} INFO - DAG(s) 'example_xcom' retrieved from /home/gabzarp/.local/lib/python3.10/site-packages/airflow/example_dags/example_xcom.py
[2024-09-12T01:43:51.045-0300] {logging_mixin.py:190} INFO - [2024-09-12T01:43:51.044-0300] {dag.py:3229} INFO - Sync 1 DAGs
[2024-09-12T01:43:51.056-0300] {logging_mixin.py:190} INFO - [2024-09-12T01:43:51.056-0300] {dag.py:4156} INFO - Setting next_dagrun for example_xcom to 2021-01-01 00:00:00+00:00, run_after=2021-01-01 00:00:00+00:00
[2024-09-12T01:43:57.627-0300] {processor.py:208} INFO - Processing /home/gabzarp/.local/lib/python3.10/site-packages/airflow/example_dags/example_xcom.py took 6.769 seconds
[2024-09-12T01:45:34.175-0300] {processor.py:186} INFO - Started process (PID=5303) to work on /home/gabzarp/.local/lib/python3.10/site-packages/airflow/example_dags/example_xcom.py
[2024-09-12T01:45:34.176-0300] {processor.py:914} INFO - Processing file /home/gabzarp/.local/lib/python3.10/site-packages/airflow/example_dags/example_xcom.py for tasks to queue
[2024-09-12T01:45:34.177-0300] {logging_mixin.py:190} INFO - [2024-09-12T01:45:34.177-0300] {dagbag.py:587} INFO - Filling up the DagBag from /home/gabzarp/.local/lib/python3.10/site-packages/airflow/example_dags/example_xcom.py
[2024-09-12T01:45:34.183-0300] {processor.py:925} INFO - DAG(s) 'example_xcom' retrieved from /home/gabzarp/.local/lib/python3.10/site-packages/airflow/example_dags/example_xcom.py
[2024-09-12T01:45:34.194-0300] {logging_mixin.py:190} INFO - [2024-09-12T01:45:34.194-0300] {dag.py:3229} INFO - Sync 1 DAGs
[2024-09-12T01:45:34.206-0300] {logging_mixin.py:190} INFO - [2024-09-12T01:45:34.206-0300] {dag.py:4156} INFO - Setting next_dagrun for example_xcom to 2021-01-01 00:00:00+00:00, run_after=2021-01-01 00:00:00+00:00
[2024-09-12T01:45:34.221-0300] {processor.py:208} INFO - Processing /home/gabzarp/.local/lib/python3.10/site-packages/airflow/example_dags/example_xcom.py took 0.049 seconds
[2024-09-12T01:46:24.378-0300] {processor.py:186} INFO - Started process (PID=5712) to work on /home/gabzarp/.local/lib/python3.10/site-packages/airflow/example_dags/example_xcom.py
[2024-09-12T01:46:24.379-0300] {processor.py:914} INFO - Processing file /home/gabzarp/.local/lib/python3.10/site-packages/airflow/example_dags/example_xcom.py for tasks to queue
[2024-09-12T01:46:24.380-0300] {logging_mixin.py:190} INFO - [2024-09-12T01:46:24.380-0300] {dagbag.py:587} INFO - Filling up the DagBag from /home/gabzarp/.local/lib/python3.10/site-packages/airflow/example_dags/example_xcom.py
[2024-09-12T01:46:24.386-0300] {processor.py:925} INFO - DAG(s) 'example_xcom' retrieved from /home/gabzarp/.local/lib/python3.10/site-packages/airflow/example_dags/example_xcom.py
[2024-09-12T01:46:24.397-0300] {logging_mixin.py:190} INFO - [2024-09-12T01:46:24.397-0300] {dag.py:3229} INFO - Sync 1 DAGs
[2024-09-12T01:46:24.409-0300] {logging_mixin.py:190} INFO - [2024-09-12T01:46:24.409-0300] {dag.py:4156} INFO - Setting next_dagrun for example_xcom to 2021-01-01 00:00:00+00:00, run_after=2021-01-01 00:00:00+00:00
[2024-09-12T01:46:24.424-0300] {processor.py:208} INFO - Processing /home/gabzarp/.local/lib/python3.10/site-packages/airflow/example_dags/example_xcom.py took 0.049 seconds
[2024-09-12T01:47:14.317-0300] {processor.py:186} INFO - Started process (PID=6106) to work on /home/gabzarp/.local/lib/python3.10/site-packages/airflow/example_dags/example_xcom.py
[2024-09-12T01:47:14.318-0300] {processor.py:914} INFO - Processing file /home/gabzarp/.local/lib/python3.10/site-packages/airflow/example_dags/example_xcom.py for tasks to queue
[2024-09-12T01:47:14.320-0300] {logging_mixin.py:190} INFO - [2024-09-12T01:47:14.320-0300] {dagbag.py:587} INFO - Filling up the DagBag from /home/gabzarp/.local/lib/python3.10/site-packages/airflow/example_dags/example_xcom.py
[2024-09-12T01:47:14.327-0300] {processor.py:925} INFO - DAG(s) 'example_xcom' retrieved from /home/gabzarp/.local/lib/python3.10/site-packages/airflow/example_dags/example_xcom.py
[2024-09-12T01:47:14.340-0300] {logging_mixin.py:190} INFO - [2024-09-12T01:47:14.339-0300] {dag.py:3229} INFO - Sync 1 DAGs
[2024-09-12T01:47:14.355-0300] {logging_mixin.py:190} INFO - [2024-09-12T01:47:14.355-0300] {dag.py:4156} INFO - Setting next_dagrun for example_xcom to 2021-01-01 00:00:00+00:00, run_after=2021-01-01 00:00:00+00:00
[2024-09-12T01:47:14.371-0300] {processor.py:208} INFO - Processing /home/gabzarp/.local/lib/python3.10/site-packages/airflow/example_dags/example_xcom.py took 0.059 seconds
[2024-09-12T01:48:01.706-0300] {processor.py:186} INFO - Started process (PID=6485) to work on /home/gabzarp/.local/lib/python3.10/site-packages/airflow/example_dags/example_xcom.py
[2024-09-12T01:48:01.707-0300] {processor.py:914} INFO - Processing file /home/gabzarp/.local/lib/python3.10/site-packages/airflow/example_dags/example_xcom.py for tasks to queue
[2024-09-12T01:48:01.709-0300] {logging_mixin.py:190} INFO - [2024-09-12T01:48:01.708-0300] {dagbag.py:587} INFO - Filling up the DagBag from /home/gabzarp/.local/lib/python3.10/site-packages/airflow/example_dags/example_xcom.py
[2024-09-12T01:48:01.714-0300] {processor.py:925} INFO - DAG(s) 'example_xcom' retrieved from /home/gabzarp/.local/lib/python3.10/site-packages/airflow/example_dags/example_xcom.py
[2024-09-12T01:48:01.725-0300] {logging_mixin.py:190} INFO - [2024-09-12T01:48:01.725-0300] {dag.py:3229} INFO - Sync 1 DAGs
[2024-09-12T01:48:01.738-0300] {logging_mixin.py:190} INFO - [2024-09-12T01:48:01.738-0300] {dag.py:4156} INFO - Setting next_dagrun for example_xcom to 2021-01-01 00:00:00+00:00, run_after=2021-01-01 00:00:00+00:00
[2024-09-12T01:48:01.754-0300] {processor.py:208} INFO - Processing /home/gabzarp/.local/lib/python3.10/site-packages/airflow/example_dags/example_xcom.py took 0.051 seconds
[2024-09-12T01:48:52.000-0300] {processor.py:186} INFO - Started process (PID=7026) to work on /home/gabzarp/.local/lib/python3.10/site-packages/airflow/example_dags/example_xcom.py
[2024-09-12T01:48:52.001-0300] {processor.py:914} INFO - Processing file /home/gabzarp/.local/lib/python3.10/site-packages/airflow/example_dags/example_xcom.py for tasks to queue
[2024-09-12T01:48:52.002-0300] {logging_mixin.py:190} INFO - [2024-09-12T01:48:52.002-0300] {dagbag.py:587} INFO - Filling up the DagBag from /home/gabzarp/.local/lib/python3.10/site-packages/airflow/example_dags/example_xcom.py
[2024-09-12T01:48:52.010-0300] {processor.py:925} INFO - DAG(s) 'example_xcom' retrieved from /home/gabzarp/.local/lib/python3.10/site-packages/airflow/example_dags/example_xcom.py
[2024-09-12T01:48:52.022-0300] {logging_mixin.py:190} INFO - [2024-09-12T01:48:52.021-0300] {dag.py:3229} INFO - Sync 1 DAGs
[2024-09-12T01:48:52.034-0300] {logging_mixin.py:190} INFO - [2024-09-12T01:48:52.034-0300] {dag.py:4156} INFO - Setting next_dagrun for example_xcom to 2021-01-01 00:00:00+00:00, run_after=2021-01-01 00:00:00+00:00
[2024-09-12T01:48:52.052-0300] {processor.py:208} INFO - Processing /home/gabzarp/.local/lib/python3.10/site-packages/airflow/example_dags/example_xcom.py took 0.056 seconds
[2024-09-12T01:49:41.091-0300] {processor.py:186} INFO - Started process (PID=7415) to work on /home/gabzarp/.local/lib/python3.10/site-packages/airflow/example_dags/example_xcom.py
[2024-09-12T01:49:41.092-0300] {processor.py:914} INFO - Processing file /home/gabzarp/.local/lib/python3.10/site-packages/airflow/example_dags/example_xcom.py for tasks to queue
[2024-09-12T01:49:41.093-0300] {logging_mixin.py:190} INFO - [2024-09-12T01:49:41.093-0300] {dagbag.py:587} INFO - Filling up the DagBag from /home/gabzarp/.local/lib/python3.10/site-packages/airflow/example_dags/example_xcom.py
[2024-09-12T01:49:41.099-0300] {processor.py:925} INFO - DAG(s) 'example_xcom' retrieved from /home/gabzarp/.local/lib/python3.10/site-packages/airflow/example_dags/example_xcom.py
[2024-09-12T01:49:41.114-0300] {logging_mixin.py:190} INFO - [2024-09-12T01:49:41.114-0300] {dag.py:3229} INFO - Sync 1 DAGs
[2024-09-12T01:49:41.129-0300] {logging_mixin.py:190} INFO - [2024-09-12T01:49:41.129-0300] {dag.py:4156} INFO - Setting next_dagrun for example_xcom to 2021-01-01 00:00:00+00:00, run_after=2021-01-01 00:00:00+00:00
[2024-09-12T01:49:41.145-0300] {processor.py:208} INFO - Processing /home/gabzarp/.local/lib/python3.10/site-packages/airflow/example_dags/example_xcom.py took 0.058 seconds
[2024-09-12T01:50:31.298-0300] {processor.py:186} INFO - Started process (PID=7896) to work on /home/gabzarp/.local/lib/python3.10/site-packages/airflow/example_dags/example_xcom.py
[2024-09-12T01:50:31.299-0300] {processor.py:914} INFO - Processing file /home/gabzarp/.local/lib/python3.10/site-packages/airflow/example_dags/example_xcom.py for tasks to queue
[2024-09-12T01:50:31.300-0300] {logging_mixin.py:190} INFO - [2024-09-12T01:50:31.300-0300] {dagbag.py:587} INFO - Filling up the DagBag from /home/gabzarp/.local/lib/python3.10/site-packages/airflow/example_dags/example_xcom.py
[2024-09-12T01:50:31.308-0300] {processor.py:925} INFO - DAG(s) 'example_xcom' retrieved from /home/gabzarp/.local/lib/python3.10/site-packages/airflow/example_dags/example_xcom.py
[2024-09-12T01:50:31.321-0300] {logging_mixin.py:190} INFO - [2024-09-12T01:50:31.321-0300] {dag.py:3229} INFO - Sync 1 DAGs
[2024-09-12T01:50:31.335-0300] {logging_mixin.py:190} INFO - [2024-09-12T01:50:31.335-0300] {dag.py:4156} INFO - Setting next_dagrun for example_xcom to 2021-01-01 00:00:00+00:00, run_after=2021-01-01 00:00:00+00:00
[2024-09-12T01:50:31.351-0300] {processor.py:208} INFO - Processing /home/gabzarp/.local/lib/python3.10/site-packages/airflow/example_dags/example_xcom.py took 0.058 seconds
[2024-09-12T01:51:18.859-0300] {processor.py:186} INFO - Started process (PID=8310) to work on /home/gabzarp/.local/lib/python3.10/site-packages/airflow/example_dags/example_xcom.py
[2024-09-12T01:51:18.860-0300] {processor.py:914} INFO - Processing file /home/gabzarp/.local/lib/python3.10/site-packages/airflow/example_dags/example_xcom.py for tasks to queue
[2024-09-12T01:51:18.861-0300] {logging_mixin.py:190} INFO - [2024-09-12T01:51:18.861-0300] {dagbag.py:587} INFO - Filling up the DagBag from /home/gabzarp/.local/lib/python3.10/site-packages/airflow/example_dags/example_xcom.py
[2024-09-12T01:51:18.867-0300] {processor.py:925} INFO - DAG(s) 'example_xcom' retrieved from /home/gabzarp/.local/lib/python3.10/site-packages/airflow/example_dags/example_xcom.py
[2024-09-12T01:51:18.878-0300] {logging_mixin.py:190} INFO - [2024-09-12T01:51:18.878-0300] {dag.py:3229} INFO - Sync 1 DAGs
[2024-09-12T01:51:18.891-0300] {logging_mixin.py:190} INFO - [2024-09-12T01:51:18.891-0300] {dag.py:4156} INFO - Setting next_dagrun for example_xcom to 2021-01-01 00:00:00+00:00, run_after=2021-01-01 00:00:00+00:00
[2024-09-12T01:51:18.939-0300] {processor.py:208} INFO - Processing /home/gabzarp/.local/lib/python3.10/site-packages/airflow/example_dags/example_xcom.py took 0.083 seconds
[2024-09-12T01:52:09.217-0300] {processor.py:186} INFO - Started process (PID=8819) to work on /home/gabzarp/.local/lib/python3.10/site-packages/airflow/example_dags/example_xcom.py
[2024-09-12T01:52:09.218-0300] {processor.py:914} INFO - Processing file /home/gabzarp/.local/lib/python3.10/site-packages/airflow/example_dags/example_xcom.py for tasks to queue
[2024-09-12T01:52:09.219-0300] {logging_mixin.py:190} INFO - [2024-09-12T01:52:09.218-0300] {dagbag.py:587} INFO - Filling up the DagBag from /home/gabzarp/.local/lib/python3.10/site-packages/airflow/example_dags/example_xcom.py
[2024-09-12T01:52:09.225-0300] {processor.py:925} INFO - DAG(s) 'example_xcom' retrieved from /home/gabzarp/.local/lib/python3.10/site-packages/airflow/example_dags/example_xcom.py
[2024-09-12T01:52:09.235-0300] {logging_mixin.py:190} INFO - [2024-09-12T01:52:09.235-0300] {dag.py:3229} INFO - Sync 1 DAGs
[2024-09-12T01:52:09.247-0300] {logging_mixin.py:190} INFO - [2024-09-12T01:52:09.247-0300] {dag.py:4156} INFO - Setting next_dagrun for example_xcom to 2021-01-01 00:00:00+00:00, run_after=2021-01-01 00:00:00+00:00
[2024-09-12T01:52:09.261-0300] {processor.py:208} INFO - Processing /home/gabzarp/.local/lib/python3.10/site-packages/airflow/example_dags/example_xcom.py took 0.048 seconds
[2024-09-12T01:53:01.880-0300] {processor.py:186} INFO - Started process (PID=9389) to work on /home/gabzarp/.local/lib/python3.10/site-packages/airflow/example_dags/example_xcom.py
[2024-09-12T01:53:01.881-0300] {processor.py:914} INFO - Processing file /home/gabzarp/.local/lib/python3.10/site-packages/airflow/example_dags/example_xcom.py for tasks to queue
[2024-09-12T01:53:01.882-0300] {logging_mixin.py:190} INFO - [2024-09-12T01:53:01.881-0300] {dagbag.py:587} INFO - Filling up the DagBag from /home/gabzarp/.local/lib/python3.10/site-packages/airflow/example_dags/example_xcom.py
[2024-09-12T01:53:01.888-0300] {processor.py:925} INFO - DAG(s) 'example_xcom' retrieved from /home/gabzarp/.local/lib/python3.10/site-packages/airflow/example_dags/example_xcom.py
[2024-09-12T01:53:01.899-0300] {logging_mixin.py:190} INFO - [2024-09-12T01:53:01.899-0300] {dag.py:3229} INFO - Sync 1 DAGs
[2024-09-12T01:53:01.912-0300] {logging_mixin.py:190} INFO - [2024-09-12T01:53:01.911-0300] {dag.py:4156} INFO - Setting next_dagrun for example_xcom to 2021-01-01 00:00:00+00:00, run_after=2021-01-01 00:00:00+00:00
[2024-09-12T01:53:01.926-0300] {processor.py:208} INFO - Processing /home/gabzarp/.local/lib/python3.10/site-packages/airflow/example_dags/example_xcom.py took 0.050 seconds
[2024-09-12T01:53:54.387-0300] {processor.py:186} INFO - Started process (PID=9827) to work on /home/gabzarp/.local/lib/python3.10/site-packages/airflow/example_dags/example_xcom.py
[2024-09-12T01:53:54.388-0300] {processor.py:914} INFO - Processing file /home/gabzarp/.local/lib/python3.10/site-packages/airflow/example_dags/example_xcom.py for tasks to queue
[2024-09-12T01:53:54.388-0300] {logging_mixin.py:190} INFO - [2024-09-12T01:53:54.388-0300] {dagbag.py:587} INFO - Filling up the DagBag from /home/gabzarp/.local/lib/python3.10/site-packages/airflow/example_dags/example_xcom.py
[2024-09-12T01:53:54.395-0300] {processor.py:925} INFO - DAG(s) 'example_xcom' retrieved from /home/gabzarp/.local/lib/python3.10/site-packages/airflow/example_dags/example_xcom.py
[2024-09-12T01:53:54.408-0300] {logging_mixin.py:190} INFO - [2024-09-12T01:53:54.408-0300] {dag.py:3229} INFO - Sync 1 DAGs
[2024-09-12T01:53:54.421-0300] {logging_mixin.py:190} INFO - [2024-09-12T01:53:54.421-0300] {dag.py:4156} INFO - Setting next_dagrun for example_xcom to 2021-01-01 00:00:00+00:00, run_after=2021-01-01 00:00:00+00:00
[2024-09-12T01:53:54.471-0300] {processor.py:208} INFO - Processing /home/gabzarp/.local/lib/python3.10/site-packages/airflow/example_dags/example_xcom.py took 0.088 seconds
[2024-09-12T01:54:44.608-0300] {processor.py:186} INFO - Started process (PID=10236) to work on /home/gabzarp/.local/lib/python3.10/site-packages/airflow/example_dags/example_xcom.py
[2024-09-12T01:54:44.609-0300] {processor.py:914} INFO - Processing file /home/gabzarp/.local/lib/python3.10/site-packages/airflow/example_dags/example_xcom.py for tasks to queue
[2024-09-12T01:54:44.610-0300] {logging_mixin.py:190} INFO - [2024-09-12T01:54:44.610-0300] {dagbag.py:587} INFO - Filling up the DagBag from /home/gabzarp/.local/lib/python3.10/site-packages/airflow/example_dags/example_xcom.py
[2024-09-12T01:54:44.616-0300] {processor.py:925} INFO - DAG(s) 'example_xcom' retrieved from /home/gabzarp/.local/lib/python3.10/site-packages/airflow/example_dags/example_xcom.py
[2024-09-12T01:54:44.626-0300] {logging_mixin.py:190} INFO - [2024-09-12T01:54:44.626-0300] {dag.py:3229} INFO - Sync 1 DAGs
[2024-09-12T01:54:44.638-0300] {logging_mixin.py:190} INFO - [2024-09-12T01:54:44.637-0300] {dag.py:4156} INFO - Setting next_dagrun for example_xcom to 2021-01-01 00:00:00+00:00, run_after=2021-01-01 00:00:00+00:00
[2024-09-12T01:54:44.651-0300] {processor.py:208} INFO - Processing /home/gabzarp/.local/lib/python3.10/site-packages/airflow/example_dags/example_xcom.py took 0.047 seconds
[2024-09-12T01:55:38.536-0300] {processor.py:186} INFO - Started process (PID=10660) to work on /home/gabzarp/.local/lib/python3.10/site-packages/airflow/example_dags/example_xcom.py
[2024-09-12T01:55:38.537-0300] {processor.py:914} INFO - Processing file /home/gabzarp/.local/lib/python3.10/site-packages/airflow/example_dags/example_xcom.py for tasks to queue
[2024-09-12T01:55:38.538-0300] {logging_mixin.py:190} INFO - [2024-09-12T01:55:38.538-0300] {dagbag.py:587} INFO - Filling up the DagBag from /home/gabzarp/.local/lib/python3.10/site-packages/airflow/example_dags/example_xcom.py
[2024-09-12T01:55:38.544-0300] {processor.py:925} INFO - DAG(s) 'example_xcom' retrieved from /home/gabzarp/.local/lib/python3.10/site-packages/airflow/example_dags/example_xcom.py
[2024-09-12T01:55:38.554-0300] {logging_mixin.py:190} INFO - [2024-09-12T01:55:38.554-0300] {dag.py:3229} INFO - Sync 1 DAGs
[2024-09-12T01:55:38.566-0300] {logging_mixin.py:190} INFO - [2024-09-12T01:55:38.566-0300] {dag.py:4156} INFO - Setting next_dagrun for example_xcom to 2021-01-01 00:00:00+00:00, run_after=2021-01-01 00:00:00+00:00
[2024-09-12T01:55:38.580-0300] {processor.py:208} INFO - Processing /home/gabzarp/.local/lib/python3.10/site-packages/airflow/example_dags/example_xcom.py took 0.048 seconds
[2024-09-12T01:56:32.969-0300] {processor.py:186} INFO - Started process (PID=11118) to work on /home/gabzarp/.local/lib/python3.10/site-packages/airflow/example_dags/example_xcom.py
[2024-09-12T01:56:32.970-0300] {processor.py:914} INFO - Processing file /home/gabzarp/.local/lib/python3.10/site-packages/airflow/example_dags/example_xcom.py for tasks to queue
[2024-09-12T01:56:32.970-0300] {logging_mixin.py:190} INFO - [2024-09-12T01:56:32.970-0300] {dagbag.py:587} INFO - Filling up the DagBag from /home/gabzarp/.local/lib/python3.10/site-packages/airflow/example_dags/example_xcom.py
[2024-09-12T01:56:32.978-0300] {processor.py:925} INFO - DAG(s) 'example_xcom' retrieved from /home/gabzarp/.local/lib/python3.10/site-packages/airflow/example_dags/example_xcom.py
[2024-09-12T01:56:32.991-0300] {logging_mixin.py:190} INFO - [2024-09-12T01:56:32.990-0300] {dag.py:3229} INFO - Sync 1 DAGs
[2024-09-12T01:56:33.002-0300] {logging_mixin.py:190} INFO - [2024-09-12T01:56:33.002-0300] {dag.py:4156} INFO - Setting next_dagrun for example_xcom to 2021-01-01 00:00:00+00:00, run_after=2021-01-01 00:00:00+00:00
[2024-09-12T01:56:33.016-0300] {processor.py:208} INFO - Processing /home/gabzarp/.local/lib/python3.10/site-packages/airflow/example_dags/example_xcom.py took 0.051 seconds
[2024-09-12T01:57:29.437-0300] {processor.py:186} INFO - Started process (PID=11608) to work on /home/gabzarp/.local/lib/python3.10/site-packages/airflow/example_dags/example_xcom.py
[2024-09-12T01:57:29.437-0300] {processor.py:914} INFO - Processing file /home/gabzarp/.local/lib/python3.10/site-packages/airflow/example_dags/example_xcom.py for tasks to queue
[2024-09-12T01:57:29.438-0300] {logging_mixin.py:190} INFO - [2024-09-12T01:57:29.438-0300] {dagbag.py:587} INFO - Filling up the DagBag from /home/gabzarp/.local/lib/python3.10/site-packages/airflow/example_dags/example_xcom.py
[2024-09-12T01:57:29.444-0300] {processor.py:925} INFO - DAG(s) 'example_xcom' retrieved from /home/gabzarp/.local/lib/python3.10/site-packages/airflow/example_dags/example_xcom.py
[2024-09-12T01:57:29.455-0300] {logging_mixin.py:190} INFO - [2024-09-12T01:57:29.455-0300] {dag.py:3229} INFO - Sync 1 DAGs
[2024-09-12T01:57:29.467-0300] {logging_mixin.py:190} INFO - [2024-09-12T01:57:29.467-0300] {dag.py:4156} INFO - Setting next_dagrun for example_xcom to 2021-01-01 00:00:00+00:00, run_after=2021-01-01 00:00:00+00:00
[2024-09-12T01:57:29.481-0300] {processor.py:208} INFO - Processing /home/gabzarp/.local/lib/python3.10/site-packages/airflow/example_dags/example_xcom.py took 0.048 seconds
[2024-09-12T01:58:22.280-0300] {processor.py:186} INFO - Started process (PID=12028) to work on /home/gabzarp/.local/lib/python3.10/site-packages/airflow/example_dags/example_xcom.py
[2024-09-12T01:58:22.280-0300] {processor.py:914} INFO - Processing file /home/gabzarp/.local/lib/python3.10/site-packages/airflow/example_dags/example_xcom.py for tasks to queue
[2024-09-12T01:58:22.281-0300] {logging_mixin.py:190} INFO - [2024-09-12T01:58:22.281-0300] {dagbag.py:587} INFO - Filling up the DagBag from /home/gabzarp/.local/lib/python3.10/site-packages/airflow/example_dags/example_xcom.py
[2024-09-12T01:58:22.287-0300] {processor.py:925} INFO - DAG(s) 'example_xcom' retrieved from /home/gabzarp/.local/lib/python3.10/site-packages/airflow/example_dags/example_xcom.py
[2024-09-12T01:58:22.297-0300] {logging_mixin.py:190} INFO - [2024-09-12T01:58:22.297-0300] {dag.py:3229} INFO - Sync 1 DAGs
[2024-09-12T01:58:22.308-0300] {logging_mixin.py:190} INFO - [2024-09-12T01:58:22.308-0300] {dag.py:4156} INFO - Setting next_dagrun for example_xcom to 2021-01-01 00:00:00+00:00, run_after=2021-01-01 00:00:00+00:00
[2024-09-12T01:58:22.353-0300] {processor.py:208} INFO - Processing /home/gabzarp/.local/lib/python3.10/site-packages/airflow/example_dags/example_xcom.py took 0.077 seconds
[2024-09-12T01:59:15.480-0300] {processor.py:186} INFO - Started process (PID=12448) to work on /home/gabzarp/.local/lib/python3.10/site-packages/airflow/example_dags/example_xcom.py
[2024-09-12T01:59:15.481-0300] {processor.py:914} INFO - Processing file /home/gabzarp/.local/lib/python3.10/site-packages/airflow/example_dags/example_xcom.py for tasks to queue
[2024-09-12T01:59:15.481-0300] {logging_mixin.py:190} INFO - [2024-09-12T01:59:15.481-0300] {dagbag.py:587} INFO - Filling up the DagBag from /home/gabzarp/.local/lib/python3.10/site-packages/airflow/example_dags/example_xcom.py
[2024-09-12T01:59:15.487-0300] {processor.py:925} INFO - DAG(s) 'example_xcom' retrieved from /home/gabzarp/.local/lib/python3.10/site-packages/airflow/example_dags/example_xcom.py
[2024-09-12T01:59:15.497-0300] {logging_mixin.py:190} INFO - [2024-09-12T01:59:15.497-0300] {dag.py:3229} INFO - Sync 1 DAGs
[2024-09-12T01:59:15.510-0300] {logging_mixin.py:190} INFO - [2024-09-12T01:59:15.510-0300] {dag.py:4156} INFO - Setting next_dagrun for example_xcom to 2021-01-01 00:00:00+00:00, run_after=2021-01-01 00:00:00+00:00
[2024-09-12T01:59:15.524-0300] {processor.py:208} INFO - Processing /home/gabzarp/.local/lib/python3.10/site-packages/airflow/example_dags/example_xcom.py took 0.048 seconds
[2024-09-12T02:00:06.540-0300] {processor.py:186} INFO - Started process (PID=12882) to work on /home/gabzarp/.local/lib/python3.10/site-packages/airflow/example_dags/example_xcom.py
[2024-09-12T02:00:06.541-0300] {processor.py:914} INFO - Processing file /home/gabzarp/.local/lib/python3.10/site-packages/airflow/example_dags/example_xcom.py for tasks to queue
[2024-09-12T02:00:06.542-0300] {logging_mixin.py:190} INFO - [2024-09-12T02:00:06.542-0300] {dagbag.py:587} INFO - Filling up the DagBag from /home/gabzarp/.local/lib/python3.10/site-packages/airflow/example_dags/example_xcom.py
[2024-09-12T02:00:06.548-0300] {processor.py:925} INFO - DAG(s) 'example_xcom' retrieved from /home/gabzarp/.local/lib/python3.10/site-packages/airflow/example_dags/example_xcom.py
[2024-09-12T02:00:06.559-0300] {logging_mixin.py:190} INFO - [2024-09-12T02:00:06.559-0300] {dag.py:3229} INFO - Sync 1 DAGs
[2024-09-12T02:00:06.571-0300] {logging_mixin.py:190} INFO - [2024-09-12T02:00:06.570-0300] {dag.py:4156} INFO - Setting next_dagrun for example_xcom to 2021-01-01 00:00:00+00:00, run_after=2021-01-01 00:00:00+00:00
[2024-09-12T02:00:06.584-0300] {processor.py:208} INFO - Processing /home/gabzarp/.local/lib/python3.10/site-packages/airflow/example_dags/example_xcom.py took 0.048 seconds
[2024-09-12T02:00:57.095-0300] {processor.py:186} INFO - Started process (PID=13371) to work on /home/gabzarp/.local/lib/python3.10/site-packages/airflow/example_dags/example_xcom.py
[2024-09-12T02:00:57.096-0300] {processor.py:914} INFO - Processing file /home/gabzarp/.local/lib/python3.10/site-packages/airflow/example_dags/example_xcom.py for tasks to queue
[2024-09-12T02:00:57.097-0300] {logging_mixin.py:190} INFO - [2024-09-12T02:00:57.097-0300] {dagbag.py:587} INFO - Filling up the DagBag from /home/gabzarp/.local/lib/python3.10/site-packages/airflow/example_dags/example_xcom.py
[2024-09-12T02:00:57.104-0300] {processor.py:925} INFO - DAG(s) 'example_xcom' retrieved from /home/gabzarp/.local/lib/python3.10/site-packages/airflow/example_dags/example_xcom.py
[2024-09-12T02:00:57.115-0300] {logging_mixin.py:190} INFO - [2024-09-12T02:00:57.115-0300] {dag.py:3229} INFO - Sync 1 DAGs
[2024-09-12T02:00:57.130-0300] {logging_mixin.py:190} INFO - [2024-09-12T02:00:57.130-0300] {dag.py:4156} INFO - Setting next_dagrun for example_xcom to 2021-01-01 00:00:00+00:00, run_after=2021-01-01 00:00:00+00:00
[2024-09-12T02:00:57.150-0300] {processor.py:208} INFO - Processing /home/gabzarp/.local/lib/python3.10/site-packages/airflow/example_dags/example_xcom.py took 0.060 seconds
[2024-09-12T02:01:48.041-0300] {processor.py:186} INFO - Started process (PID=13804) to work on /home/gabzarp/.local/lib/python3.10/site-packages/airflow/example_dags/example_xcom.py
[2024-09-12T02:01:48.042-0300] {processor.py:914} INFO - Processing file /home/gabzarp/.local/lib/python3.10/site-packages/airflow/example_dags/example_xcom.py for tasks to queue
[2024-09-12T02:01:48.043-0300] {logging_mixin.py:190} INFO - [2024-09-12T02:01:48.043-0300] {dagbag.py:587} INFO - Filling up the DagBag from /home/gabzarp/.local/lib/python3.10/site-packages/airflow/example_dags/example_xcom.py
[2024-09-12T02:01:48.049-0300] {processor.py:925} INFO - DAG(s) 'example_xcom' retrieved from /home/gabzarp/.local/lib/python3.10/site-packages/airflow/example_dags/example_xcom.py
[2024-09-12T02:01:48.059-0300] {logging_mixin.py:190} INFO - [2024-09-12T02:01:48.059-0300] {dag.py:3229} INFO - Sync 1 DAGs
[2024-09-12T02:01:48.071-0300] {logging_mixin.py:190} INFO - [2024-09-12T02:01:48.070-0300] {dag.py:4156} INFO - Setting next_dagrun for example_xcom to 2021-01-01 00:00:00+00:00, run_after=2021-01-01 00:00:00+00:00
[2024-09-12T02:01:48.084-0300] {processor.py:208} INFO - Processing /home/gabzarp/.local/lib/python3.10/site-packages/airflow/example_dags/example_xcom.py took 0.046 seconds
[2024-09-12T02:02:36.262-0300] {processor.py:186} INFO - Started process (PID=14229) to work on /home/gabzarp/.local/lib/python3.10/site-packages/airflow/example_dags/example_xcom.py
[2024-09-12T02:02:36.263-0300] {processor.py:914} INFO - Processing file /home/gabzarp/.local/lib/python3.10/site-packages/airflow/example_dags/example_xcom.py for tasks to queue
[2024-09-12T02:02:36.263-0300] {logging_mixin.py:190} INFO - [2024-09-12T02:02:36.263-0300] {dagbag.py:587} INFO - Filling up the DagBag from /home/gabzarp/.local/lib/python3.10/site-packages/airflow/example_dags/example_xcom.py
[2024-09-12T02:02:36.269-0300] {processor.py:925} INFO - DAG(s) 'example_xcom' retrieved from /home/gabzarp/.local/lib/python3.10/site-packages/airflow/example_dags/example_xcom.py
[2024-09-12T02:02:36.279-0300] {logging_mixin.py:190} INFO - [2024-09-12T02:02:36.279-0300] {dag.py:3229} INFO - Sync 1 DAGs
[2024-09-12T02:02:36.290-0300] {logging_mixin.py:190} INFO - [2024-09-12T02:02:36.290-0300] {dag.py:4156} INFO - Setting next_dagrun for example_xcom to 2021-01-01 00:00:00+00:00, run_after=2021-01-01 00:00:00+00:00
[2024-09-12T02:02:36.303-0300] {processor.py:208} INFO - Processing /home/gabzarp/.local/lib/python3.10/site-packages/airflow/example_dags/example_xcom.py took 0.045 seconds
[2024-09-12T02:03:24.218-0300] {processor.py:186} INFO - Started process (PID=14612) to work on /home/gabzarp/.local/lib/python3.10/site-packages/airflow/example_dags/example_xcom.py
[2024-09-12T02:03:24.218-0300] {processor.py:914} INFO - Processing file /home/gabzarp/.local/lib/python3.10/site-packages/airflow/example_dags/example_xcom.py for tasks to queue
[2024-09-12T02:03:24.219-0300] {logging_mixin.py:190} INFO - [2024-09-12T02:03:24.219-0300] {dagbag.py:587} INFO - Filling up the DagBag from /home/gabzarp/.local/lib/python3.10/site-packages/airflow/example_dags/example_xcom.py
[2024-09-12T02:03:24.225-0300] {processor.py:925} INFO - DAG(s) 'example_xcom' retrieved from /home/gabzarp/.local/lib/python3.10/site-packages/airflow/example_dags/example_xcom.py
[2024-09-12T02:03:24.236-0300] {logging_mixin.py:190} INFO - [2024-09-12T02:03:24.236-0300] {dag.py:3229} INFO - Sync 1 DAGs
[2024-09-12T02:03:24.248-0300] {logging_mixin.py:190} INFO - [2024-09-12T02:03:24.248-0300] {dag.py:4156} INFO - Setting next_dagrun for example_xcom to 2021-01-01 00:00:00+00:00, run_after=2021-01-01 00:00:00+00:00
[2024-09-12T02:03:24.263-0300] {processor.py:208} INFO - Processing /home/gabzarp/.local/lib/python3.10/site-packages/airflow/example_dags/example_xcom.py took 0.049 seconds
[2024-09-12T02:04:16.232-0300] {processor.py:186} INFO - Started process (PID=15028) to work on /home/gabzarp/.local/lib/python3.10/site-packages/airflow/example_dags/example_xcom.py
[2024-09-12T02:04:16.233-0300] {processor.py:914} INFO - Processing file /home/gabzarp/.local/lib/python3.10/site-packages/airflow/example_dags/example_xcom.py for tasks to queue
[2024-09-12T02:04:16.234-0300] {logging_mixin.py:190} INFO - [2024-09-12T02:04:16.234-0300] {dagbag.py:587} INFO - Filling up the DagBag from /home/gabzarp/.local/lib/python3.10/site-packages/airflow/example_dags/example_xcom.py
[2024-09-12T02:04:16.240-0300] {processor.py:925} INFO - DAG(s) 'example_xcom' retrieved from /home/gabzarp/.local/lib/python3.10/site-packages/airflow/example_dags/example_xcom.py
[2024-09-12T02:04:16.250-0300] {logging_mixin.py:190} INFO - [2024-09-12T02:04:16.250-0300] {dag.py:3229} INFO - Sync 1 DAGs
[2024-09-12T02:04:16.264-0300] {logging_mixin.py:190} INFO - [2024-09-12T02:04:16.264-0300] {dag.py:4156} INFO - Setting next_dagrun for example_xcom to 2021-01-01 00:00:00+00:00, run_after=2021-01-01 00:00:00+00:00
[2024-09-12T02:04:16.279-0300] {processor.py:208} INFO - Processing /home/gabzarp/.local/lib/python3.10/site-packages/airflow/example_dags/example_xcom.py took 0.050 seconds
[2024-09-12T02:05:10.052-0300] {processor.py:186} INFO - Started process (PID=15450) to work on /home/gabzarp/.local/lib/python3.10/site-packages/airflow/example_dags/example_xcom.py
[2024-09-12T02:05:10.053-0300] {processor.py:914} INFO - Processing file /home/gabzarp/.local/lib/python3.10/site-packages/airflow/example_dags/example_xcom.py for tasks to queue
[2024-09-12T02:05:10.054-0300] {logging_mixin.py:190} INFO - [2024-09-12T02:05:10.054-0300] {dagbag.py:587} INFO - Filling up the DagBag from /home/gabzarp/.local/lib/python3.10/site-packages/airflow/example_dags/example_xcom.py
[2024-09-12T02:05:10.060-0300] {processor.py:925} INFO - DAG(s) 'example_xcom' retrieved from /home/gabzarp/.local/lib/python3.10/site-packages/airflow/example_dags/example_xcom.py
[2024-09-12T02:05:10.071-0300] {logging_mixin.py:190} INFO - [2024-09-12T02:05:10.070-0300] {dag.py:3229} INFO - Sync 1 DAGs
[2024-09-12T02:05:10.083-0300] {logging_mixin.py:190} INFO - [2024-09-12T02:05:10.083-0300] {dag.py:4156} INFO - Setting next_dagrun for example_xcom to 2021-01-01 00:00:00+00:00, run_after=2021-01-01 00:00:00+00:00
[2024-09-12T02:05:10.099-0300] {processor.py:208} INFO - Processing /home/gabzarp/.local/lib/python3.10/site-packages/airflow/example_dags/example_xcom.py took 0.051 seconds
[2024-09-12T02:06:03.671-0300] {processor.py:186} INFO - Started process (PID=15871) to work on /home/gabzarp/.local/lib/python3.10/site-packages/airflow/example_dags/example_xcom.py
[2024-09-12T02:06:03.672-0300] {processor.py:914} INFO - Processing file /home/gabzarp/.local/lib/python3.10/site-packages/airflow/example_dags/example_xcom.py for tasks to queue
[2024-09-12T02:06:03.673-0300] {logging_mixin.py:190} INFO - [2024-09-12T02:06:03.673-0300] {dagbag.py:587} INFO - Filling up the DagBag from /home/gabzarp/.local/lib/python3.10/site-packages/airflow/example_dags/example_xcom.py
[2024-09-12T02:06:03.678-0300] {processor.py:925} INFO - DAG(s) 'example_xcom' retrieved from /home/gabzarp/.local/lib/python3.10/site-packages/airflow/example_dags/example_xcom.py
[2024-09-12T02:06:03.689-0300] {logging_mixin.py:190} INFO - [2024-09-12T02:06:03.689-0300] {dag.py:3229} INFO - Sync 1 DAGs
[2024-09-12T02:06:03.702-0300] {logging_mixin.py:190} INFO - [2024-09-12T02:06:03.702-0300] {dag.py:4156} INFO - Setting next_dagrun for example_xcom to 2021-01-01 00:00:00+00:00, run_after=2021-01-01 00:00:00+00:00
[2024-09-12T02:06:03.718-0300] {processor.py:208} INFO - Processing /home/gabzarp/.local/lib/python3.10/site-packages/airflow/example_dags/example_xcom.py took 0.050 seconds
[2024-09-12T02:06:54.419-0300] {processor.py:186} INFO - Started process (PID=16275) to work on /home/gabzarp/.local/lib/python3.10/site-packages/airflow/example_dags/example_xcom.py
[2024-09-12T02:06:54.420-0300] {processor.py:914} INFO - Processing file /home/gabzarp/.local/lib/python3.10/site-packages/airflow/example_dags/example_xcom.py for tasks to queue
[2024-09-12T02:06:54.421-0300] {logging_mixin.py:190} INFO - [2024-09-12T02:06:54.420-0300] {dagbag.py:587} INFO - Filling up the DagBag from /home/gabzarp/.local/lib/python3.10/site-packages/airflow/example_dags/example_xcom.py
[2024-09-12T02:06:54.427-0300] {processor.py:925} INFO - DAG(s) 'example_xcom' retrieved from /home/gabzarp/.local/lib/python3.10/site-packages/airflow/example_dags/example_xcom.py
[2024-09-12T02:06:54.438-0300] {logging_mixin.py:190} INFO - [2024-09-12T02:06:54.438-0300] {dag.py:3229} INFO - Sync 1 DAGs
[2024-09-12T02:06:54.450-0300] {logging_mixin.py:190} INFO - [2024-09-12T02:06:54.450-0300] {dag.py:4156} INFO - Setting next_dagrun for example_xcom to 2021-01-01 00:00:00+00:00, run_after=2021-01-01 00:00:00+00:00
[2024-09-12T02:06:54.476-0300] {processor.py:208} INFO - Processing /home/gabzarp/.local/lib/python3.10/site-packages/airflow/example_dags/example_xcom.py took 0.061 seconds
[2024-09-12T02:07:41.237-0300] {processor.py:186} INFO - Started process (PID=16647) to work on /home/gabzarp/.local/lib/python3.10/site-packages/airflow/example_dags/example_xcom.py
[2024-09-12T02:07:41.238-0300] {processor.py:914} INFO - Processing file /home/gabzarp/.local/lib/python3.10/site-packages/airflow/example_dags/example_xcom.py for tasks to queue
[2024-09-12T02:07:41.239-0300] {logging_mixin.py:190} INFO - [2024-09-12T02:07:41.239-0300] {dagbag.py:587} INFO - Filling up the DagBag from /home/gabzarp/.local/lib/python3.10/site-packages/airflow/example_dags/example_xcom.py
[2024-09-12T02:07:41.245-0300] {processor.py:925} INFO - DAG(s) 'example_xcom' retrieved from /home/gabzarp/.local/lib/python3.10/site-packages/airflow/example_dags/example_xcom.py
[2024-09-12T02:07:41.261-0300] {logging_mixin.py:190} INFO - [2024-09-12T02:07:41.260-0300] {dag.py:3229} INFO - Sync 1 DAGs
[2024-09-12T02:07:41.278-0300] {logging_mixin.py:190} INFO - [2024-09-12T02:07:41.278-0300] {dag.py:4156} INFO - Setting next_dagrun for example_xcom to 2021-01-01 00:00:00+00:00, run_after=2021-01-01 00:00:00+00:00
[2024-09-12T02:07:41.296-0300] {processor.py:208} INFO - Processing /home/gabzarp/.local/lib/python3.10/site-packages/airflow/example_dags/example_xcom.py took 0.063 seconds
[2024-09-12T02:08:31.215-0300] {processor.py:186} INFO - Started process (PID=17039) to work on /home/gabzarp/.local/lib/python3.10/site-packages/airflow/example_dags/example_xcom.py
[2024-09-12T02:08:31.216-0300] {processor.py:914} INFO - Processing file /home/gabzarp/.local/lib/python3.10/site-packages/airflow/example_dags/example_xcom.py for tasks to queue
[2024-09-12T02:08:31.217-0300] {logging_mixin.py:190} INFO - [2024-09-12T02:08:31.216-0300] {dagbag.py:587} INFO - Filling up the DagBag from /home/gabzarp/.local/lib/python3.10/site-packages/airflow/example_dags/example_xcom.py
[2024-09-12T02:08:31.223-0300] {processor.py:925} INFO - DAG(s) 'example_xcom' retrieved from /home/gabzarp/.local/lib/python3.10/site-packages/airflow/example_dags/example_xcom.py
[2024-09-12T02:08:31.234-0300] {logging_mixin.py:190} INFO - [2024-09-12T02:08:31.234-0300] {dag.py:3229} INFO - Sync 1 DAGs
[2024-09-12T02:08:31.247-0300] {logging_mixin.py:190} INFO - [2024-09-12T02:08:31.247-0300] {dag.py:4156} INFO - Setting next_dagrun for example_xcom to 2021-01-01 00:00:00+00:00, run_after=2021-01-01 00:00:00+00:00
[2024-09-12T02:08:31.264-0300] {processor.py:208} INFO - Processing /home/gabzarp/.local/lib/python3.10/site-packages/airflow/example_dags/example_xcom.py took 0.053 seconds
[2024-09-12T02:09:20.894-0300] {processor.py:186} INFO - Started process (PID=17431) to work on /home/gabzarp/.local/lib/python3.10/site-packages/airflow/example_dags/example_xcom.py
[2024-09-12T02:09:20.895-0300] {processor.py:914} INFO - Processing file /home/gabzarp/.local/lib/python3.10/site-packages/airflow/example_dags/example_xcom.py for tasks to queue
[2024-09-12T02:09:20.896-0300] {logging_mixin.py:190} INFO - [2024-09-12T02:09:20.895-0300] {dagbag.py:587} INFO - Filling up the DagBag from /home/gabzarp/.local/lib/python3.10/site-packages/airflow/example_dags/example_xcom.py
[2024-09-12T02:09:20.902-0300] {processor.py:925} INFO - DAG(s) 'example_xcom' retrieved from /home/gabzarp/.local/lib/python3.10/site-packages/airflow/example_dags/example_xcom.py
[2024-09-12T02:09:20.913-0300] {logging_mixin.py:190} INFO - [2024-09-12T02:09:20.913-0300] {dag.py:3229} INFO - Sync 1 DAGs
[2024-09-12T02:09:20.924-0300] {logging_mixin.py:190} INFO - [2024-09-12T02:09:20.924-0300] {dag.py:4156} INFO - Setting next_dagrun for example_xcom to 2021-01-01 00:00:00+00:00, run_after=2021-01-01 00:00:00+00:00
[2024-09-12T02:09:20.939-0300] {processor.py:208} INFO - Processing /home/gabzarp/.local/lib/python3.10/site-packages/airflow/example_dags/example_xcom.py took 0.049 seconds
