[2024-09-12T01:39:46.127-0300] {processor.py:186} INFO - Started process (PID=2658) to work on /home/gabzarp/.local/lib/python3.10/site-packages/airflow/example_dags/example_dataset_alias.py
[2024-09-12T01:39:46.128-0300] {processor.py:914} INFO - Processing file /home/gabzarp/.local/lib/python3.10/site-packages/airflow/example_dags/example_dataset_alias.py for tasks to queue
[2024-09-12T01:39:46.129-0300] {logging_mixin.py:190} INFO - [2024-09-12T01:39:46.129-0300] {dagbag.py:587} INFO - Filling up the DagBag from /home/gabzarp/.local/lib/python3.10/site-packages/airflow/example_dags/example_dataset_alias.py
[2024-09-12T01:39:46.142-0300] {processor.py:925} INFO - DAG(s) 'dataset_alias_example_alias_producer', 'dataset_s3_bucket_consumer', 'dataset_alias_example_alias_consumer', 'dataset_s3_bucket_producer' retrieved from /home/gabzarp/.local/lib/python3.10/site-packages/airflow/example_dags/example_dataset_alias.py
[2024-09-12T01:39:46.209-0300] {logging_mixin.py:190} INFO - [2024-09-12T01:39:46.209-0300] {override.py:1900} INFO - Created Permission View: can edit on DAG:dataset_alias_example_alias_producer
[2024-09-12T01:39:46.219-0300] {logging_mixin.py:190} INFO - [2024-09-12T01:39:46.219-0300] {override.py:1900} INFO - Created Permission View: can read on DAG:dataset_alias_example_alias_producer
[2024-09-12T01:39:46.226-0300] {logging_mixin.py:190} INFO - [2024-09-12T01:39:46.226-0300] {override.py:1900} INFO - Created Permission View: can delete on DAG:dataset_alias_example_alias_producer
[2024-09-12T01:39:46.238-0300] {logging_mixin.py:190} INFO - [2024-09-12T01:39:46.238-0300] {override.py:1900} INFO - Created Permission View: can read on DAG Run:dataset_alias_example_alias_producer
[2024-09-12T01:39:46.245-0300] {logging_mixin.py:190} INFO - [2024-09-12T01:39:46.245-0300] {override.py:1900} INFO - Created Permission View: can create on DAG Run:dataset_alias_example_alias_producer
[2024-09-12T01:39:46.253-0300] {logging_mixin.py:190} INFO - [2024-09-12T01:39:46.253-0300] {override.py:1900} INFO - Created Permission View: menu access on DAG Run:dataset_alias_example_alias_producer
[2024-09-12T01:39:46.260-0300] {logging_mixin.py:190} INFO - [2024-09-12T01:39:46.260-0300] {override.py:1900} INFO - Created Permission View: can delete on DAG Run:dataset_alias_example_alias_producer
[2024-09-12T01:39:46.274-0300] {logging_mixin.py:190} INFO - [2024-09-12T01:39:46.274-0300] {override.py:1900} INFO - Created Permission View: can edit on DAG:dataset_s3_bucket_consumer
[2024-09-12T01:39:46.283-0300] {logging_mixin.py:190} INFO - [2024-09-12T01:39:46.282-0300] {override.py:1900} INFO - Created Permission View: can read on DAG:dataset_s3_bucket_consumer
[2024-09-12T01:39:46.290-0300] {logging_mixin.py:190} INFO - [2024-09-12T01:39:46.290-0300] {override.py:1900} INFO - Created Permission View: can delete on DAG:dataset_s3_bucket_consumer
[2024-09-12T01:39:46.304-0300] {logging_mixin.py:190} INFO - [2024-09-12T01:39:46.304-0300] {override.py:1900} INFO - Created Permission View: can read on DAG Run:dataset_s3_bucket_consumer
[2024-09-12T01:39:46.313-0300] {logging_mixin.py:190} INFO - [2024-09-12T01:39:46.312-0300] {override.py:1900} INFO - Created Permission View: can create on DAG Run:dataset_s3_bucket_consumer
[2024-09-12T01:39:46.321-0300] {logging_mixin.py:190} INFO - [2024-09-12T01:39:46.320-0300] {override.py:1900} INFO - Created Permission View: menu access on DAG Run:dataset_s3_bucket_consumer
[2024-09-12T01:39:46.329-0300] {logging_mixin.py:190} INFO - [2024-09-12T01:39:46.328-0300] {override.py:1900} INFO - Created Permission View: can delete on DAG Run:dataset_s3_bucket_consumer
[2024-09-12T01:39:46.346-0300] {logging_mixin.py:190} INFO - [2024-09-12T01:39:46.345-0300] {override.py:1900} INFO - Created Permission View: can edit on DAG:dataset_alias_example_alias_consumer
[2024-09-12T01:39:46.355-0300] {logging_mixin.py:190} INFO - [2024-09-12T01:39:46.355-0300] {override.py:1900} INFO - Created Permission View: can read on DAG:dataset_alias_example_alias_consumer
[2024-09-12T01:39:46.363-0300] {logging_mixin.py:190} INFO - [2024-09-12T01:39:46.362-0300] {override.py:1900} INFO - Created Permission View: can delete on DAG:dataset_alias_example_alias_consumer
[2024-09-12T01:39:46.377-0300] {logging_mixin.py:190} INFO - [2024-09-12T01:39:46.376-0300] {override.py:1900} INFO - Created Permission View: can read on DAG Run:dataset_alias_example_alias_consumer
[2024-09-12T01:39:46.384-0300] {logging_mixin.py:190} INFO - [2024-09-12T01:39:46.384-0300] {override.py:1900} INFO - Created Permission View: can create on DAG Run:dataset_alias_example_alias_consumer
[2024-09-12T01:39:46.391-0300] {logging_mixin.py:190} INFO - [2024-09-12T01:39:46.391-0300] {override.py:1900} INFO - Created Permission View: menu access on DAG Run:dataset_alias_example_alias_consumer
[2024-09-12T01:39:46.400-0300] {logging_mixin.py:190} INFO - [2024-09-12T01:39:46.400-0300] {override.py:1900} INFO - Created Permission View: can delete on DAG Run:dataset_alias_example_alias_consumer
[2024-09-12T01:39:46.416-0300] {logging_mixin.py:190} INFO - [2024-09-12T01:39:46.416-0300] {override.py:1900} INFO - Created Permission View: can edit on DAG:dataset_s3_bucket_producer
[2024-09-12T01:39:46.424-0300] {logging_mixin.py:190} INFO - [2024-09-12T01:39:46.423-0300] {override.py:1900} INFO - Created Permission View: can read on DAG:dataset_s3_bucket_producer
[2024-09-12T01:39:46.431-0300] {logging_mixin.py:190} INFO - [2024-09-12T01:39:46.431-0300] {override.py:1900} INFO - Created Permission View: can delete on DAG:dataset_s3_bucket_producer
[2024-09-12T01:39:46.443-0300] {logging_mixin.py:190} INFO - [2024-09-12T01:39:46.443-0300] {override.py:1900} INFO - Created Permission View: can read on DAG Run:dataset_s3_bucket_producer
[2024-09-12T01:39:46.452-0300] {logging_mixin.py:190} INFO - [2024-09-12T01:39:46.452-0300] {override.py:1900} INFO - Created Permission View: can create on DAG Run:dataset_s3_bucket_producer
[2024-09-12T01:39:46.460-0300] {logging_mixin.py:190} INFO - [2024-09-12T01:39:46.460-0300] {override.py:1900} INFO - Created Permission View: menu access on DAG Run:dataset_s3_bucket_producer
[2024-09-12T01:39:46.469-0300] {logging_mixin.py:190} INFO - [2024-09-12T01:39:46.468-0300] {override.py:1900} INFO - Created Permission View: can delete on DAG Run:dataset_s3_bucket_producer
[2024-09-12T01:39:46.469-0300] {logging_mixin.py:190} INFO - [2024-09-12T01:39:46.469-0300] {dag.py:3229} INFO - Sync 4 DAGs
[2024-09-12T01:39:46.478-0300] {logging_mixin.py:190} INFO - [2024-09-12T01:39:46.478-0300] {dag.py:3252} INFO - Creating ORM DAG for dataset_s3_bucket_consumer
[2024-09-12T01:39:46.478-0300] {logging_mixin.py:190} INFO - [2024-09-12T01:39:46.478-0300] {dag.py:3252} INFO - Creating ORM DAG for dataset_alias_example_alias_consumer
[2024-09-12T01:39:46.479-0300] {logging_mixin.py:190} INFO - [2024-09-12T01:39:46.479-0300] {dag.py:3252} INFO - Creating ORM DAG for dataset_alias_example_alias_producer
[2024-09-12T01:39:46.479-0300] {logging_mixin.py:190} INFO - [2024-09-12T01:39:46.479-0300] {dag.py:3252} INFO - Creating ORM DAG for dataset_s3_bucket_producer
[2024-09-12T01:39:46.485-0300] {logging_mixin.py:190} INFO - [2024-09-12T01:39:46.485-0300] {dag.py:4156} INFO - Setting next_dagrun for dataset_alias_example_alias_consumer to None, run_after=None
[2024-09-12T01:39:46.486-0300] {logging_mixin.py:190} INFO - [2024-09-12T01:39:46.486-0300] {dag.py:4156} INFO - Setting next_dagrun for dataset_alias_example_alias_producer to None, run_after=None
[2024-09-12T01:39:46.486-0300] {logging_mixin.py:190} INFO - [2024-09-12T01:39:46.486-0300] {dag.py:4156} INFO - Setting next_dagrun for dataset_s3_bucket_consumer to None, run_after=None
[2024-09-12T01:39:46.486-0300] {logging_mixin.py:190} INFO - [2024-09-12T01:39:46.486-0300] {dag.py:4156} INFO - Setting next_dagrun for dataset_s3_bucket_producer to None, run_after=None
[2024-09-12T01:39:46.509-0300] {processor.py:208} INFO - Processing /home/gabzarp/.local/lib/python3.10/site-packages/airflow/example_dags/example_dataset_alias.py took 0.386 seconds
[2024-09-12T01:40:44.597-0300] {processor.py:186} INFO - Started process (PID=2950) to work on /home/gabzarp/.local/lib/python3.10/site-packages/airflow/example_dags/example_dataset_alias.py
[2024-09-12T01:40:44.598-0300] {processor.py:914} INFO - Processing file /home/gabzarp/.local/lib/python3.10/site-packages/airflow/example_dags/example_dataset_alias.py for tasks to queue
[2024-09-12T01:40:44.599-0300] {logging_mixin.py:190} INFO - [2024-09-12T01:40:44.599-0300] {dagbag.py:587} INFO - Filling up the DagBag from /home/gabzarp/.local/lib/python3.10/site-packages/airflow/example_dags/example_dataset_alias.py
[2024-09-12T01:40:44.614-0300] {processor.py:925} INFO - DAG(s) 'dataset_s3_bucket_consumer', 'dataset_alias_example_alias_producer', 'dataset_s3_bucket_producer', 'dataset_alias_example_alias_consumer' retrieved from /home/gabzarp/.local/lib/python3.10/site-packages/airflow/example_dags/example_dataset_alias.py
[2024-09-12T01:40:44.627-0300] {logging_mixin.py:190} INFO - [2024-09-12T01:40:44.626-0300] {dag.py:3229} INFO - Sync 4 DAGs
[2024-09-12T01:40:44.640-0300] {logging_mixin.py:190} INFO - [2024-09-12T01:40:44.639-0300] {dag.py:4156} INFO - Setting next_dagrun for dataset_alias_example_alias_consumer to None, run_after=None
[2024-09-12T01:40:44.641-0300] {logging_mixin.py:190} INFO - [2024-09-12T01:40:44.641-0300] {dag.py:4156} INFO - Setting next_dagrun for dataset_alias_example_alias_producer to None, run_after=None
[2024-09-12T01:40:44.641-0300] {logging_mixin.py:190} INFO - [2024-09-12T01:40:44.641-0300] {dag.py:4156} INFO - Setting next_dagrun for dataset_s3_bucket_consumer to None, run_after=None
[2024-09-12T01:40:44.642-0300] {logging_mixin.py:190} INFO - [2024-09-12T01:40:44.642-0300] {dag.py:4156} INFO - Setting next_dagrun for dataset_s3_bucket_producer to None, run_after=None
[2024-09-12T01:40:44.659-0300] {processor.py:208} INFO - Processing /home/gabzarp/.local/lib/python3.10/site-packages/airflow/example_dags/example_dataset_alias.py took 0.065 seconds
[2024-09-12T01:41:37.151-0300] {processor.py:186} INFO - Started process (PID=3295) to work on /home/gabzarp/.local/lib/python3.10/site-packages/airflow/example_dags/example_dataset_alias.py
[2024-09-12T01:41:37.152-0300] {processor.py:914} INFO - Processing file /home/gabzarp/.local/lib/python3.10/site-packages/airflow/example_dags/example_dataset_alias.py for tasks to queue
[2024-09-12T01:41:37.154-0300] {logging_mixin.py:190} INFO - [2024-09-12T01:41:37.154-0300] {dagbag.py:587} INFO - Filling up the DagBag from /home/gabzarp/.local/lib/python3.10/site-packages/airflow/example_dags/example_dataset_alias.py
[2024-09-12T01:41:37.170-0300] {processor.py:925} INFO - DAG(s) 'dataset_s3_bucket_producer', 'dataset_alias_example_alias_producer', 'dataset_alias_example_alias_consumer', 'dataset_s3_bucket_consumer' retrieved from /home/gabzarp/.local/lib/python3.10/site-packages/airflow/example_dags/example_dataset_alias.py
[2024-09-12T01:41:37.185-0300] {logging_mixin.py:190} INFO - [2024-09-12T01:41:37.184-0300] {dag.py:3229} INFO - Sync 4 DAGs
[2024-09-12T01:41:37.200-0300] {logging_mixin.py:190} INFO - [2024-09-12T01:41:37.200-0300] {dag.py:4156} INFO - Setting next_dagrun for dataset_alias_example_alias_consumer to None, run_after=None
[2024-09-12T01:41:37.202-0300] {logging_mixin.py:190} INFO - [2024-09-12T01:41:37.202-0300] {dag.py:4156} INFO - Setting next_dagrun for dataset_alias_example_alias_producer to None, run_after=None
[2024-09-12T01:41:37.203-0300] {logging_mixin.py:190} INFO - [2024-09-12T01:41:37.203-0300] {dag.py:4156} INFO - Setting next_dagrun for dataset_s3_bucket_consumer to None, run_after=None
[2024-09-12T01:41:37.203-0300] {logging_mixin.py:190} INFO - [2024-09-12T01:41:37.203-0300] {dag.py:4156} INFO - Setting next_dagrun for dataset_s3_bucket_producer to None, run_after=None
[2024-09-12T01:41:37.222-0300] {processor.py:208} INFO - Processing /home/gabzarp/.local/lib/python3.10/site-packages/airflow/example_dags/example_dataset_alias.py took 0.075 seconds
[2024-09-12T01:42:30.925-0300] {processor.py:186} INFO - Started process (PID=3564) to work on /home/gabzarp/.local/lib/python3.10/site-packages/airflow/example_dags/example_dataset_alias.py
[2024-09-12T01:42:30.926-0300] {processor.py:914} INFO - Processing file /home/gabzarp/.local/lib/python3.10/site-packages/airflow/example_dags/example_dataset_alias.py for tasks to queue
[2024-09-12T01:42:30.927-0300] {logging_mixin.py:190} INFO - [2024-09-12T01:42:30.927-0300] {dagbag.py:587} INFO - Filling up the DagBag from /home/gabzarp/.local/lib/python3.10/site-packages/airflow/example_dags/example_dataset_alias.py
[2024-09-12T01:42:30.941-0300] {processor.py:925} INFO - DAG(s) 'dataset_alias_example_alias_consumer', 'dataset_s3_bucket_producer', 'dataset_s3_bucket_consumer', 'dataset_alias_example_alias_producer' retrieved from /home/gabzarp/.local/lib/python3.10/site-packages/airflow/example_dags/example_dataset_alias.py
[2024-09-12T01:42:30.954-0300] {logging_mixin.py:190} INFO - [2024-09-12T01:42:30.953-0300] {dag.py:3229} INFO - Sync 4 DAGs
[2024-09-12T01:42:30.965-0300] {logging_mixin.py:190} INFO - [2024-09-12T01:42:30.965-0300] {dag.py:4156} INFO - Setting next_dagrun for dataset_alias_example_alias_consumer to None, run_after=None
[2024-09-12T01:42:30.967-0300] {logging_mixin.py:190} INFO - [2024-09-12T01:42:30.967-0300] {dag.py:4156} INFO - Setting next_dagrun for dataset_alias_example_alias_producer to None, run_after=None
[2024-09-12T01:42:30.967-0300] {logging_mixin.py:190} INFO - [2024-09-12T01:42:30.967-0300] {dag.py:4156} INFO - Setting next_dagrun for dataset_s3_bucket_consumer to None, run_after=None
[2024-09-12T01:42:30.968-0300] {logging_mixin.py:190} INFO - [2024-09-12T01:42:30.968-0300] {dag.py:4156} INFO - Setting next_dagrun for dataset_s3_bucket_producer to None, run_after=None
[2024-09-12T01:42:30.984-0300] {processor.py:208} INFO - Processing /home/gabzarp/.local/lib/python3.10/site-packages/airflow/example_dags/example_dataset_alias.py took 0.062 seconds
[2024-09-12T01:43:19.215-0300] {processor.py:186} INFO - Started process (PID=3808) to work on /home/gabzarp/.local/lib/python3.10/site-packages/airflow/example_dags/example_dataset_alias.py
[2024-09-12T01:43:19.216-0300] {processor.py:914} INFO - Processing file /home/gabzarp/.local/lib/python3.10/site-packages/airflow/example_dags/example_dataset_alias.py for tasks to queue
[2024-09-12T01:43:19.217-0300] {logging_mixin.py:190} INFO - [2024-09-12T01:43:19.217-0300] {dagbag.py:587} INFO - Filling up the DagBag from /home/gabzarp/.local/lib/python3.10/site-packages/airflow/example_dags/example_dataset_alias.py
[2024-09-12T01:43:19.230-0300] {processor.py:925} INFO - DAG(s) 'dataset_s3_bucket_producer', 'dataset_s3_bucket_consumer', 'dataset_alias_example_alias_consumer', 'dataset_alias_example_alias_producer' retrieved from /home/gabzarp/.local/lib/python3.10/site-packages/airflow/example_dags/example_dataset_alias.py
[2024-09-12T01:43:19.243-0300] {logging_mixin.py:190} INFO - [2024-09-12T01:43:19.243-0300] {dag.py:3229} INFO - Sync 4 DAGs
[2024-09-12T01:43:19.255-0300] {logging_mixin.py:190} INFO - [2024-09-12T01:43:19.255-0300] {dag.py:4156} INFO - Setting next_dagrun for dataset_alias_example_alias_consumer to None, run_after=None
[2024-09-12T01:43:19.256-0300] {logging_mixin.py:190} INFO - [2024-09-12T01:43:19.256-0300] {dag.py:4156} INFO - Setting next_dagrun for dataset_alias_example_alias_producer to None, run_after=None
[2024-09-12T01:43:19.257-0300] {logging_mixin.py:190} INFO - [2024-09-12T01:43:19.257-0300] {dag.py:4156} INFO - Setting next_dagrun for dataset_s3_bucket_consumer to None, run_after=None
[2024-09-12T01:43:19.257-0300] {logging_mixin.py:190} INFO - [2024-09-12T01:43:19.257-0300] {dag.py:4156} INFO - Setting next_dagrun for dataset_s3_bucket_producer to None, run_after=None
[2024-09-12T01:43:19.273-0300] {processor.py:208} INFO - Processing /home/gabzarp/.local/lib/python3.10/site-packages/airflow/example_dags/example_dataset_alias.py took 0.062 seconds
[2024-09-12T01:44:58.718-0300] {processor.py:186} INFO - Started process (PID=5015) to work on /home/gabzarp/.local/lib/python3.10/site-packages/airflow/example_dags/example_dataset_alias.py
[2024-09-12T01:44:58.719-0300] {processor.py:914} INFO - Processing file /home/gabzarp/.local/lib/python3.10/site-packages/airflow/example_dags/example_dataset_alias.py for tasks to queue
[2024-09-12T01:44:58.720-0300] {logging_mixin.py:190} INFO - [2024-09-12T01:44:58.720-0300] {dagbag.py:587} INFO - Filling up the DagBag from /home/gabzarp/.local/lib/python3.10/site-packages/airflow/example_dags/example_dataset_alias.py
[2024-09-12T01:44:58.735-0300] {processor.py:925} INFO - DAG(s) 'dataset_alias_example_alias_producer', 'dataset_s3_bucket_producer', 'dataset_alias_example_alias_consumer', 'dataset_s3_bucket_consumer' retrieved from /home/gabzarp/.local/lib/python3.10/site-packages/airflow/example_dags/example_dataset_alias.py
[2024-09-12T01:44:58.749-0300] {logging_mixin.py:190} INFO - [2024-09-12T01:44:58.748-0300] {dag.py:3229} INFO - Sync 4 DAGs
[2024-09-12T01:44:58.763-0300] {logging_mixin.py:190} INFO - [2024-09-12T01:44:58.763-0300] {dag.py:4156} INFO - Setting next_dagrun for dataset_alias_example_alias_consumer to None, run_after=None
[2024-09-12T01:44:58.765-0300] {logging_mixin.py:190} INFO - [2024-09-12T01:44:58.765-0300] {dag.py:4156} INFO - Setting next_dagrun for dataset_alias_example_alias_producer to None, run_after=None
[2024-09-12T01:44:58.766-0300] {logging_mixin.py:190} INFO - [2024-09-12T01:44:58.766-0300] {dag.py:4156} INFO - Setting next_dagrun for dataset_s3_bucket_consumer to None, run_after=None
[2024-09-12T01:44:58.767-0300] {logging_mixin.py:190} INFO - [2024-09-12T01:44:58.767-0300] {dag.py:4156} INFO - Setting next_dagrun for dataset_s3_bucket_producer to None, run_after=None
[2024-09-12T01:44:58.846-0300] {processor.py:208} INFO - Processing /home/gabzarp/.local/lib/python3.10/site-packages/airflow/example_dags/example_dataset_alias.py took 0.133 seconds
[2024-09-12T01:45:51.298-0300] {processor.py:186} INFO - Started process (PID=5442) to work on /home/gabzarp/.local/lib/python3.10/site-packages/airflow/example_dags/example_dataset_alias.py
[2024-09-12T01:45:51.299-0300] {processor.py:914} INFO - Processing file /home/gabzarp/.local/lib/python3.10/site-packages/airflow/example_dags/example_dataset_alias.py for tasks to queue
[2024-09-12T01:45:51.301-0300] {logging_mixin.py:190} INFO - [2024-09-12T01:45:51.300-0300] {dagbag.py:587} INFO - Filling up the DagBag from /home/gabzarp/.local/lib/python3.10/site-packages/airflow/example_dags/example_dataset_alias.py
[2024-09-12T01:45:51.317-0300] {processor.py:925} INFO - DAG(s) 'dataset_alias_example_alias_consumer', 'dataset_s3_bucket_producer', 'dataset_alias_example_alias_producer', 'dataset_s3_bucket_consumer' retrieved from /home/gabzarp/.local/lib/python3.10/site-packages/airflow/example_dags/example_dataset_alias.py
[2024-09-12T01:45:51.334-0300] {logging_mixin.py:190} INFO - [2024-09-12T01:45:51.333-0300] {dag.py:3229} INFO - Sync 4 DAGs
[2024-09-12T01:45:51.351-0300] {logging_mixin.py:190} INFO - [2024-09-12T01:45:51.350-0300] {dag.py:4156} INFO - Setting next_dagrun for dataset_alias_example_alias_consumer to None, run_after=None
[2024-09-12T01:45:51.352-0300] {logging_mixin.py:190} INFO - [2024-09-12T01:45:51.352-0300] {dag.py:4156} INFO - Setting next_dagrun for dataset_alias_example_alias_producer to None, run_after=None
[2024-09-12T01:45:51.353-0300] {logging_mixin.py:190} INFO - [2024-09-12T01:45:51.353-0300] {dag.py:4156} INFO - Setting next_dagrun for dataset_s3_bucket_consumer to None, run_after=None
[2024-09-12T01:45:51.353-0300] {logging_mixin.py:190} INFO - [2024-09-12T01:45:51.353-0300] {dag.py:4156} INFO - Setting next_dagrun for dataset_s3_bucket_producer to None, run_after=None
[2024-09-12T01:45:51.374-0300] {processor.py:208} INFO - Processing /home/gabzarp/.local/lib/python3.10/site-packages/airflow/example_dags/example_dataset_alias.py took 0.080 seconds
[2024-09-12T01:46:41.379-0300] {processor.py:186} INFO - Started process (PID=5843) to work on /home/gabzarp/.local/lib/python3.10/site-packages/airflow/example_dags/example_dataset_alias.py
[2024-09-12T01:46:41.380-0300] {processor.py:914} INFO - Processing file /home/gabzarp/.local/lib/python3.10/site-packages/airflow/example_dags/example_dataset_alias.py for tasks to queue
[2024-09-12T01:46:41.382-0300] {logging_mixin.py:190} INFO - [2024-09-12T01:46:41.381-0300] {dagbag.py:587} INFO - Filling up the DagBag from /home/gabzarp/.local/lib/python3.10/site-packages/airflow/example_dags/example_dataset_alias.py
[2024-09-12T01:46:41.396-0300] {processor.py:925} INFO - DAG(s) 'dataset_alias_example_alias_producer', 'dataset_s3_bucket_consumer', 'dataset_s3_bucket_producer', 'dataset_alias_example_alias_consumer' retrieved from /home/gabzarp/.local/lib/python3.10/site-packages/airflow/example_dags/example_dataset_alias.py
[2024-09-12T01:46:41.410-0300] {logging_mixin.py:190} INFO - [2024-09-12T01:46:41.410-0300] {dag.py:3229} INFO - Sync 4 DAGs
[2024-09-12T01:46:41.423-0300] {logging_mixin.py:190} INFO - [2024-09-12T01:46:41.423-0300] {dag.py:4156} INFO - Setting next_dagrun for dataset_alias_example_alias_consumer to None, run_after=None
[2024-09-12T01:46:41.424-0300] {logging_mixin.py:190} INFO - [2024-09-12T01:46:41.424-0300] {dag.py:4156} INFO - Setting next_dagrun for dataset_alias_example_alias_producer to None, run_after=None
[2024-09-12T01:46:41.425-0300] {logging_mixin.py:190} INFO - [2024-09-12T01:46:41.424-0300] {dag.py:4156} INFO - Setting next_dagrun for dataset_s3_bucket_consumer to None, run_after=None
[2024-09-12T01:46:41.425-0300] {logging_mixin.py:190} INFO - [2024-09-12T01:46:41.425-0300] {dag.py:4156} INFO - Setting next_dagrun for dataset_s3_bucket_producer to None, run_after=None
[2024-09-12T01:46:41.442-0300] {processor.py:208} INFO - Processing /home/gabzarp/.local/lib/python3.10/site-packages/airflow/example_dags/example_dataset_alias.py took 0.067 seconds
[2024-09-12T01:47:30.875-0300] {processor.py:186} INFO - Started process (PID=6240) to work on /home/gabzarp/.local/lib/python3.10/site-packages/airflow/example_dags/example_dataset_alias.py
[2024-09-12T01:47:30.876-0300] {processor.py:914} INFO - Processing file /home/gabzarp/.local/lib/python3.10/site-packages/airflow/example_dags/example_dataset_alias.py for tasks to queue
[2024-09-12T01:47:30.877-0300] {logging_mixin.py:190} INFO - [2024-09-12T01:47:30.877-0300] {dagbag.py:587} INFO - Filling up the DagBag from /home/gabzarp/.local/lib/python3.10/site-packages/airflow/example_dags/example_dataset_alias.py
[2024-09-12T01:47:30.893-0300] {processor.py:925} INFO - DAG(s) 'dataset_alias_example_alias_consumer', 'dataset_s3_bucket_producer', 'dataset_alias_example_alias_producer', 'dataset_s3_bucket_consumer' retrieved from /home/gabzarp/.local/lib/python3.10/site-packages/airflow/example_dags/example_dataset_alias.py
[2024-09-12T01:47:30.910-0300] {logging_mixin.py:190} INFO - [2024-09-12T01:47:30.910-0300] {dag.py:3229} INFO - Sync 4 DAGs
[2024-09-12T01:47:30.923-0300] {logging_mixin.py:190} INFO - [2024-09-12T01:47:30.923-0300] {dag.py:4156} INFO - Setting next_dagrun for dataset_alias_example_alias_consumer to None, run_after=None
[2024-09-12T01:47:30.924-0300] {logging_mixin.py:190} INFO - [2024-09-12T01:47:30.924-0300] {dag.py:4156} INFO - Setting next_dagrun for dataset_alias_example_alias_producer to None, run_after=None
[2024-09-12T01:47:30.925-0300] {logging_mixin.py:190} INFO - [2024-09-12T01:47:30.925-0300] {dag.py:4156} INFO - Setting next_dagrun for dataset_s3_bucket_consumer to None, run_after=None
[2024-09-12T01:47:30.925-0300] {logging_mixin.py:190} INFO - [2024-09-12T01:47:30.925-0300] {dag.py:4156} INFO - Setting next_dagrun for dataset_s3_bucket_producer to None, run_after=None
[2024-09-12T01:47:30.944-0300] {processor.py:208} INFO - Processing /home/gabzarp/.local/lib/python3.10/site-packages/airflow/example_dags/example_dataset_alias.py took 0.073 seconds
[2024-09-12T01:48:22.286-0300] {processor.py:186} INFO - Started process (PID=6715) to work on /home/gabzarp/.local/lib/python3.10/site-packages/airflow/example_dags/example_dataset_alias.py
[2024-09-12T01:48:22.287-0300] {processor.py:914} INFO - Processing file /home/gabzarp/.local/lib/python3.10/site-packages/airflow/example_dags/example_dataset_alias.py for tasks to queue
[2024-09-12T01:48:22.288-0300] {logging_mixin.py:190} INFO - [2024-09-12T01:48:22.288-0300] {dagbag.py:587} INFO - Filling up the DagBag from /home/gabzarp/.local/lib/python3.10/site-packages/airflow/example_dags/example_dataset_alias.py
[2024-09-12T01:48:22.304-0300] {processor.py:925} INFO - DAG(s) 'dataset_alias_example_alias_consumer', 'dataset_s3_bucket_consumer', 'dataset_s3_bucket_producer', 'dataset_alias_example_alias_producer' retrieved from /home/gabzarp/.local/lib/python3.10/site-packages/airflow/example_dags/example_dataset_alias.py
[2024-09-12T01:48:22.318-0300] {logging_mixin.py:190} INFO - [2024-09-12T01:48:22.318-0300] {dag.py:3229} INFO - Sync 4 DAGs
[2024-09-12T01:48:22.330-0300] {logging_mixin.py:190} INFO - [2024-09-12T01:48:22.330-0300] {dag.py:4156} INFO - Setting next_dagrun for dataset_alias_example_alias_consumer to None, run_after=None
[2024-09-12T01:48:22.333-0300] {logging_mixin.py:190} INFO - [2024-09-12T01:48:22.333-0300] {dag.py:4156} INFO - Setting next_dagrun for dataset_alias_example_alias_producer to None, run_after=None
[2024-09-12T01:48:22.334-0300] {logging_mixin.py:190} INFO - [2024-09-12T01:48:22.333-0300] {dag.py:4156} INFO - Setting next_dagrun for dataset_s3_bucket_consumer to None, run_after=None
[2024-09-12T01:48:22.334-0300] {logging_mixin.py:190} INFO - [2024-09-12T01:48:22.334-0300] {dag.py:4156} INFO - Setting next_dagrun for dataset_s3_bucket_producer to None, run_after=None
[2024-09-12T01:48:22.352-0300] {processor.py:208} INFO - Processing /home/gabzarp/.local/lib/python3.10/site-packages/airflow/example_dags/example_dataset_alias.py took 0.070 seconds
[2024-09-12T01:49:13.120-0300] {processor.py:186} INFO - Started process (PID=7190) to work on /home/gabzarp/.local/lib/python3.10/site-packages/airflow/example_dags/example_dataset_alias.py
[2024-09-12T01:49:13.121-0300] {processor.py:914} INFO - Processing file /home/gabzarp/.local/lib/python3.10/site-packages/airflow/example_dags/example_dataset_alias.py for tasks to queue
[2024-09-12T01:49:13.122-0300] {logging_mixin.py:190} INFO - [2024-09-12T01:49:13.122-0300] {dagbag.py:587} INFO - Filling up the DagBag from /home/gabzarp/.local/lib/python3.10/site-packages/airflow/example_dags/example_dataset_alias.py
[2024-09-12T01:49:13.138-0300] {processor.py:925} INFO - DAG(s) 'dataset_alias_example_alias_producer', 'dataset_alias_example_alias_consumer', 'dataset_s3_bucket_producer', 'dataset_s3_bucket_consumer' retrieved from /home/gabzarp/.local/lib/python3.10/site-packages/airflow/example_dags/example_dataset_alias.py
[2024-09-12T01:49:13.155-0300] {logging_mixin.py:190} INFO - [2024-09-12T01:49:13.155-0300] {dag.py:3229} INFO - Sync 4 DAGs
[2024-09-12T01:49:13.172-0300] {logging_mixin.py:190} INFO - [2024-09-12T01:49:13.172-0300] {dag.py:4156} INFO - Setting next_dagrun for dataset_alias_example_alias_consumer to None, run_after=None
[2024-09-12T01:49:13.174-0300] {logging_mixin.py:190} INFO - [2024-09-12T01:49:13.174-0300] {dag.py:4156} INFO - Setting next_dagrun for dataset_alias_example_alias_producer to None, run_after=None
[2024-09-12T01:49:13.175-0300] {logging_mixin.py:190} INFO - [2024-09-12T01:49:13.175-0300] {dag.py:4156} INFO - Setting next_dagrun for dataset_s3_bucket_consumer to None, run_after=None
[2024-09-12T01:49:13.176-0300] {logging_mixin.py:190} INFO - [2024-09-12T01:49:13.176-0300] {dag.py:4156} INFO - Setting next_dagrun for dataset_s3_bucket_producer to None, run_after=None
[2024-09-12T01:49:13.194-0300] {processor.py:208} INFO - Processing /home/gabzarp/.local/lib/python3.10/site-packages/airflow/example_dags/example_dataset_alias.py took 0.078 seconds
[2024-09-12T01:50:04.057-0300] {processor.py:186} INFO - Started process (PID=7641) to work on /home/gabzarp/.local/lib/python3.10/site-packages/airflow/example_dags/example_dataset_alias.py
[2024-09-12T01:50:04.058-0300] {processor.py:914} INFO - Processing file /home/gabzarp/.local/lib/python3.10/site-packages/airflow/example_dags/example_dataset_alias.py for tasks to queue
[2024-09-12T01:50:04.059-0300] {logging_mixin.py:190} INFO - [2024-09-12T01:50:04.059-0300] {dagbag.py:587} INFO - Filling up the DagBag from /home/gabzarp/.local/lib/python3.10/site-packages/airflow/example_dags/example_dataset_alias.py
[2024-09-12T01:50:04.074-0300] {processor.py:925} INFO - DAG(s) 'dataset_s3_bucket_producer', 'dataset_alias_example_alias_producer', 'dataset_alias_example_alias_consumer', 'dataset_s3_bucket_consumer' retrieved from /home/gabzarp/.local/lib/python3.10/site-packages/airflow/example_dags/example_dataset_alias.py
[2024-09-12T01:50:04.086-0300] {logging_mixin.py:190} INFO - [2024-09-12T01:50:04.086-0300] {dag.py:3229} INFO - Sync 4 DAGs
[2024-09-12T01:50:04.098-0300] {logging_mixin.py:190} INFO - [2024-09-12T01:50:04.098-0300] {dag.py:4156} INFO - Setting next_dagrun for dataset_alias_example_alias_consumer to None, run_after=None
[2024-09-12T01:50:04.100-0300] {logging_mixin.py:190} INFO - [2024-09-12T01:50:04.100-0300] {dag.py:4156} INFO - Setting next_dagrun for dataset_alias_example_alias_producer to None, run_after=None
[2024-09-12T01:50:04.100-0300] {logging_mixin.py:190} INFO - [2024-09-12T01:50:04.100-0300] {dag.py:4156} INFO - Setting next_dagrun for dataset_s3_bucket_consumer to None, run_after=None
[2024-09-12T01:50:04.101-0300] {logging_mixin.py:190} INFO - [2024-09-12T01:50:04.101-0300] {dag.py:4156} INFO - Setting next_dagrun for dataset_s3_bucket_producer to None, run_after=None
[2024-09-12T01:50:04.117-0300] {processor.py:208} INFO - Processing /home/gabzarp/.local/lib/python3.10/site-packages/airflow/example_dags/example_dataset_alias.py took 0.065 seconds
[2024-09-12T01:50:52.689-0300] {processor.py:186} INFO - Started process (PID=8070) to work on /home/gabzarp/.local/lib/python3.10/site-packages/airflow/example_dags/example_dataset_alias.py
[2024-09-12T01:50:52.690-0300] {processor.py:914} INFO - Processing file /home/gabzarp/.local/lib/python3.10/site-packages/airflow/example_dags/example_dataset_alias.py for tasks to queue
[2024-09-12T01:50:52.690-0300] {logging_mixin.py:190} INFO - [2024-09-12T01:50:52.690-0300] {dagbag.py:587} INFO - Filling up the DagBag from /home/gabzarp/.local/lib/python3.10/site-packages/airflow/example_dags/example_dataset_alias.py
[2024-09-12T01:50:52.706-0300] {processor.py:925} INFO - DAG(s) 'dataset_alias_example_alias_producer', 'dataset_s3_bucket_producer', 'dataset_alias_example_alias_consumer', 'dataset_s3_bucket_consumer' retrieved from /home/gabzarp/.local/lib/python3.10/site-packages/airflow/example_dags/example_dataset_alias.py
[2024-09-12T01:50:52.721-0300] {logging_mixin.py:190} INFO - [2024-09-12T01:50:52.720-0300] {dag.py:3229} INFO - Sync 4 DAGs
[2024-09-12T01:50:52.735-0300] {logging_mixin.py:190} INFO - [2024-09-12T01:50:52.734-0300] {dag.py:4156} INFO - Setting next_dagrun for dataset_alias_example_alias_consumer to None, run_after=None
[2024-09-12T01:50:52.736-0300] {logging_mixin.py:190} INFO - [2024-09-12T01:50:52.736-0300] {dag.py:4156} INFO - Setting next_dagrun for dataset_alias_example_alias_producer to None, run_after=None
[2024-09-12T01:50:52.737-0300] {logging_mixin.py:190} INFO - [2024-09-12T01:50:52.737-0300] {dag.py:4156} INFO - Setting next_dagrun for dataset_s3_bucket_consumer to None, run_after=None
[2024-09-12T01:50:52.738-0300] {logging_mixin.py:190} INFO - [2024-09-12T01:50:52.737-0300] {dag.py:4156} INFO - Setting next_dagrun for dataset_s3_bucket_producer to None, run_after=None
[2024-09-12T01:50:52.759-0300] {processor.py:208} INFO - Processing /home/gabzarp/.local/lib/python3.10/site-packages/airflow/example_dags/example_dataset_alias.py took 0.073 seconds
[2024-09-12T01:51:41.930-0300] {processor.py:186} INFO - Started process (PID=8548) to work on /home/gabzarp/.local/lib/python3.10/site-packages/airflow/example_dags/example_dataset_alias.py
[2024-09-12T01:51:41.931-0300] {processor.py:914} INFO - Processing file /home/gabzarp/.local/lib/python3.10/site-packages/airflow/example_dags/example_dataset_alias.py for tasks to queue
[2024-09-12T01:51:41.932-0300] {logging_mixin.py:190} INFO - [2024-09-12T01:51:41.931-0300] {dagbag.py:587} INFO - Filling up the DagBag from /home/gabzarp/.local/lib/python3.10/site-packages/airflow/example_dags/example_dataset_alias.py
[2024-09-12T01:51:41.947-0300] {processor.py:925} INFO - DAG(s) 'dataset_s3_bucket_consumer', 'dataset_alias_example_alias_producer', 'dataset_alias_example_alias_consumer', 'dataset_s3_bucket_producer' retrieved from /home/gabzarp/.local/lib/python3.10/site-packages/airflow/example_dags/example_dataset_alias.py
[2024-09-12T01:51:41.961-0300] {logging_mixin.py:190} INFO - [2024-09-12T01:51:41.961-0300] {dag.py:3229} INFO - Sync 4 DAGs
[2024-09-12T01:51:41.974-0300] {logging_mixin.py:190} INFO - [2024-09-12T01:51:41.974-0300] {dag.py:4156} INFO - Setting next_dagrun for dataset_alias_example_alias_consumer to None, run_after=None
[2024-09-12T01:51:41.975-0300] {logging_mixin.py:190} INFO - [2024-09-12T01:51:41.975-0300] {dag.py:4156} INFO - Setting next_dagrun for dataset_alias_example_alias_producer to None, run_after=None
[2024-09-12T01:51:41.976-0300] {logging_mixin.py:190} INFO - [2024-09-12T01:51:41.976-0300] {dag.py:4156} INFO - Setting next_dagrun for dataset_s3_bucket_consumer to None, run_after=None
[2024-09-12T01:51:41.976-0300] {logging_mixin.py:190} INFO - [2024-09-12T01:51:41.976-0300] {dag.py:4156} INFO - Setting next_dagrun for dataset_s3_bucket_producer to None, run_after=None
[2024-09-12T01:51:41.994-0300] {processor.py:208} INFO - Processing /home/gabzarp/.local/lib/python3.10/site-packages/airflow/example_dags/example_dataset_alias.py took 0.068 seconds
[2024-09-12T01:52:32.139-0300] {processor.py:186} INFO - Started process (PID=9046) to work on /home/gabzarp/.local/lib/python3.10/site-packages/airflow/example_dags/example_dataset_alias.py
[2024-09-12T01:52:32.140-0300] {processor.py:914} INFO - Processing file /home/gabzarp/.local/lib/python3.10/site-packages/airflow/example_dags/example_dataset_alias.py for tasks to queue
[2024-09-12T01:52:32.141-0300] {logging_mixin.py:190} INFO - [2024-09-12T01:52:32.141-0300] {dagbag.py:587} INFO - Filling up the DagBag from /home/gabzarp/.local/lib/python3.10/site-packages/airflow/example_dags/example_dataset_alias.py
[2024-09-12T01:52:32.155-0300] {processor.py:925} INFO - DAG(s) 'dataset_alias_example_alias_producer', 'dataset_alias_example_alias_consumer', 'dataset_s3_bucket_producer', 'dataset_s3_bucket_consumer' retrieved from /home/gabzarp/.local/lib/python3.10/site-packages/airflow/example_dags/example_dataset_alias.py
[2024-09-12T01:52:32.168-0300] {logging_mixin.py:190} INFO - [2024-09-12T01:52:32.168-0300] {dag.py:3229} INFO - Sync 4 DAGs
[2024-09-12T01:52:32.180-0300] {logging_mixin.py:190} INFO - [2024-09-12T01:52:32.180-0300] {dag.py:4156} INFO - Setting next_dagrun for dataset_alias_example_alias_consumer to None, run_after=None
[2024-09-12T01:52:32.181-0300] {logging_mixin.py:190} INFO - [2024-09-12T01:52:32.181-0300] {dag.py:4156} INFO - Setting next_dagrun for dataset_alias_example_alias_producer to None, run_after=None
[2024-09-12T01:52:32.182-0300] {logging_mixin.py:190} INFO - [2024-09-12T01:52:32.182-0300] {dag.py:4156} INFO - Setting next_dagrun for dataset_s3_bucket_consumer to None, run_after=None
[2024-09-12T01:52:32.183-0300] {logging_mixin.py:190} INFO - [2024-09-12T01:52:32.183-0300] {dag.py:4156} INFO - Setting next_dagrun for dataset_s3_bucket_producer to None, run_after=None
[2024-09-12T01:52:32.200-0300] {processor.py:208} INFO - Processing /home/gabzarp/.local/lib/python3.10/site-packages/airflow/example_dags/example_dataset_alias.py took 0.064 seconds
[2024-09-12T01:53:24.624-0300] {processor.py:186} INFO - Started process (PID=9571) to work on /home/gabzarp/.local/lib/python3.10/site-packages/airflow/example_dags/example_dataset_alias.py
[2024-09-12T01:53:24.625-0300] {processor.py:914} INFO - Processing file /home/gabzarp/.local/lib/python3.10/site-packages/airflow/example_dags/example_dataset_alias.py for tasks to queue
[2024-09-12T01:53:24.626-0300] {logging_mixin.py:190} INFO - [2024-09-12T01:53:24.626-0300] {dagbag.py:587} INFO - Filling up the DagBag from /home/gabzarp/.local/lib/python3.10/site-packages/airflow/example_dags/example_dataset_alias.py
[2024-09-12T01:53:24.641-0300] {processor.py:925} INFO - DAG(s) 'dataset_s3_bucket_consumer', 'dataset_s3_bucket_producer', 'dataset_alias_example_alias_producer', 'dataset_alias_example_alias_consumer' retrieved from /home/gabzarp/.local/lib/python3.10/site-packages/airflow/example_dags/example_dataset_alias.py
[2024-09-12T01:53:24.655-0300] {logging_mixin.py:190} INFO - [2024-09-12T01:53:24.654-0300] {dag.py:3229} INFO - Sync 4 DAGs
[2024-09-12T01:53:24.668-0300] {logging_mixin.py:190} INFO - [2024-09-12T01:53:24.668-0300] {dag.py:4156} INFO - Setting next_dagrun for dataset_alias_example_alias_consumer to None, run_after=None
[2024-09-12T01:53:24.670-0300] {logging_mixin.py:190} INFO - [2024-09-12T01:53:24.669-0300] {dag.py:4156} INFO - Setting next_dagrun for dataset_alias_example_alias_producer to None, run_after=None
[2024-09-12T01:53:24.670-0300] {logging_mixin.py:190} INFO - [2024-09-12T01:53:24.670-0300] {dag.py:4156} INFO - Setting next_dagrun for dataset_s3_bucket_consumer to None, run_after=None
[2024-09-12T01:53:24.671-0300] {logging_mixin.py:190} INFO - [2024-09-12T01:53:24.671-0300] {dag.py:4156} INFO - Setting next_dagrun for dataset_s3_bucket_producer to None, run_after=None
[2024-09-12T01:53:24.688-0300] {processor.py:208} INFO - Processing /home/gabzarp/.local/lib/python3.10/site-packages/airflow/example_dags/example_dataset_alias.py took 0.068 seconds
[2024-09-12T01:54:17.118-0300] {processor.py:186} INFO - Started process (PID=10013) to work on /home/gabzarp/.local/lib/python3.10/site-packages/airflow/example_dags/example_dataset_alias.py
[2024-09-12T01:54:17.119-0300] {processor.py:914} INFO - Processing file /home/gabzarp/.local/lib/python3.10/site-packages/airflow/example_dags/example_dataset_alias.py for tasks to queue
[2024-09-12T01:54:17.120-0300] {logging_mixin.py:190} INFO - [2024-09-12T01:54:17.120-0300] {dagbag.py:587} INFO - Filling up the DagBag from /home/gabzarp/.local/lib/python3.10/site-packages/airflow/example_dags/example_dataset_alias.py
[2024-09-12T01:54:17.138-0300] {processor.py:925} INFO - DAG(s) 'dataset_alias_example_alias_consumer', 'dataset_alias_example_alias_producer', 'dataset_s3_bucket_consumer', 'dataset_s3_bucket_producer' retrieved from /home/gabzarp/.local/lib/python3.10/site-packages/airflow/example_dags/example_dataset_alias.py
[2024-09-12T01:54:17.150-0300] {logging_mixin.py:190} INFO - [2024-09-12T01:54:17.150-0300] {dag.py:3229} INFO - Sync 4 DAGs
[2024-09-12T01:54:17.163-0300] {logging_mixin.py:190} INFO - [2024-09-12T01:54:17.163-0300] {dag.py:4156} INFO - Setting next_dagrun for dataset_alias_example_alias_consumer to None, run_after=None
[2024-09-12T01:54:17.165-0300] {logging_mixin.py:190} INFO - [2024-09-12T01:54:17.165-0300] {dag.py:4156} INFO - Setting next_dagrun for dataset_alias_example_alias_producer to None, run_after=None
[2024-09-12T01:54:17.165-0300] {logging_mixin.py:190} INFO - [2024-09-12T01:54:17.165-0300] {dag.py:4156} INFO - Setting next_dagrun for dataset_s3_bucket_consumer to None, run_after=None
[2024-09-12T01:54:17.167-0300] {logging_mixin.py:190} INFO - [2024-09-12T01:54:17.166-0300] {dag.py:4156} INFO - Setting next_dagrun for dataset_s3_bucket_producer to None, run_after=None
[2024-09-12T01:54:17.184-0300] {processor.py:208} INFO - Processing /home/gabzarp/.local/lib/python3.10/site-packages/airflow/example_dags/example_dataset_alias.py took 0.070 seconds
[2024-09-12T01:55:08.916-0300] {processor.py:186} INFO - Started process (PID=10428) to work on /home/gabzarp/.local/lib/python3.10/site-packages/airflow/example_dags/example_dataset_alias.py
[2024-09-12T01:55:08.917-0300] {processor.py:914} INFO - Processing file /home/gabzarp/.local/lib/python3.10/site-packages/airflow/example_dags/example_dataset_alias.py for tasks to queue
[2024-09-12T01:55:08.917-0300] {logging_mixin.py:190} INFO - [2024-09-12T01:55:08.917-0300] {dagbag.py:587} INFO - Filling up the DagBag from /home/gabzarp/.local/lib/python3.10/site-packages/airflow/example_dags/example_dataset_alias.py
[2024-09-12T01:55:08.931-0300] {processor.py:925} INFO - DAG(s) 'dataset_s3_bucket_producer', 'dataset_alias_example_alias_consumer', 'dataset_alias_example_alias_producer', 'dataset_s3_bucket_consumer' retrieved from /home/gabzarp/.local/lib/python3.10/site-packages/airflow/example_dags/example_dataset_alias.py
[2024-09-12T01:55:08.943-0300] {logging_mixin.py:190} INFO - [2024-09-12T01:55:08.943-0300] {dag.py:3229} INFO - Sync 4 DAGs
[2024-09-12T01:55:08.955-0300] {logging_mixin.py:190} INFO - [2024-09-12T01:55:08.955-0300] {dag.py:4156} INFO - Setting next_dagrun for dataset_alias_example_alias_consumer to None, run_after=None
[2024-09-12T01:55:08.956-0300] {logging_mixin.py:190} INFO - [2024-09-12T01:55:08.956-0300] {dag.py:4156} INFO - Setting next_dagrun for dataset_alias_example_alias_producer to None, run_after=None
[2024-09-12T01:55:08.957-0300] {logging_mixin.py:190} INFO - [2024-09-12T01:55:08.956-0300] {dag.py:4156} INFO - Setting next_dagrun for dataset_s3_bucket_consumer to None, run_after=None
[2024-09-12T01:55:08.957-0300] {logging_mixin.py:190} INFO - [2024-09-12T01:55:08.957-0300] {dag.py:4156} INFO - Setting next_dagrun for dataset_s3_bucket_producer to None, run_after=None
[2024-09-12T01:55:08.974-0300] {processor.py:208} INFO - Processing /home/gabzarp/.local/lib/python3.10/site-packages/airflow/example_dags/example_dataset_alias.py took 0.062 seconds
[2024-09-12T01:56:03.138-0300] {processor.py:186} INFO - Started process (PID=10878) to work on /home/gabzarp/.local/lib/python3.10/site-packages/airflow/example_dags/example_dataset_alias.py
[2024-09-12T01:56:03.139-0300] {processor.py:914} INFO - Processing file /home/gabzarp/.local/lib/python3.10/site-packages/airflow/example_dags/example_dataset_alias.py for tasks to queue
[2024-09-12T01:56:03.140-0300] {logging_mixin.py:190} INFO - [2024-09-12T01:56:03.140-0300] {dagbag.py:587} INFO - Filling up the DagBag from /home/gabzarp/.local/lib/python3.10/site-packages/airflow/example_dags/example_dataset_alias.py
[2024-09-12T01:56:03.157-0300] {processor.py:925} INFO - DAG(s) 'dataset_alias_example_alias_consumer', 'dataset_s3_bucket_producer', 'dataset_alias_example_alias_producer', 'dataset_s3_bucket_consumer' retrieved from /home/gabzarp/.local/lib/python3.10/site-packages/airflow/example_dags/example_dataset_alias.py
[2024-09-12T01:56:03.169-0300] {logging_mixin.py:190} INFO - [2024-09-12T01:56:03.169-0300] {dag.py:3229} INFO - Sync 4 DAGs
[2024-09-12T01:56:03.181-0300] {logging_mixin.py:190} INFO - [2024-09-12T01:56:03.181-0300] {dag.py:4156} INFO - Setting next_dagrun for dataset_alias_example_alias_consumer to None, run_after=None
[2024-09-12T01:56:03.182-0300] {logging_mixin.py:190} INFO - [2024-09-12T01:56:03.182-0300] {dag.py:4156} INFO - Setting next_dagrun for dataset_alias_example_alias_producer to None, run_after=None
[2024-09-12T01:56:03.183-0300] {logging_mixin.py:190} INFO - [2024-09-12T01:56:03.183-0300] {dag.py:4156} INFO - Setting next_dagrun for dataset_s3_bucket_consumer to None, run_after=None
[2024-09-12T01:56:03.183-0300] {logging_mixin.py:190} INFO - [2024-09-12T01:56:03.183-0300] {dag.py:4156} INFO - Setting next_dagrun for dataset_s3_bucket_producer to None, run_after=None
[2024-09-12T01:56:03.267-0300] {processor.py:208} INFO - Processing /home/gabzarp/.local/lib/python3.10/site-packages/airflow/example_dags/example_dataset_alias.py took 0.132 seconds
[2024-09-12T01:56:56.925-0300] {processor.py:186} INFO - Started process (PID=11340) to work on /home/gabzarp/.local/lib/python3.10/site-packages/airflow/example_dags/example_dataset_alias.py
[2024-09-12T01:56:56.926-0300] {processor.py:914} INFO - Processing file /home/gabzarp/.local/lib/python3.10/site-packages/airflow/example_dags/example_dataset_alias.py for tasks to queue
[2024-09-12T01:56:56.927-0300] {logging_mixin.py:190} INFO - [2024-09-12T01:56:56.927-0300] {dagbag.py:587} INFO - Filling up the DagBag from /home/gabzarp/.local/lib/python3.10/site-packages/airflow/example_dags/example_dataset_alias.py
[2024-09-12T01:56:56.942-0300] {processor.py:925} INFO - DAG(s) 'dataset_s3_bucket_consumer', 'dataset_alias_example_alias_consumer', 'dataset_s3_bucket_producer', 'dataset_alias_example_alias_producer' retrieved from /home/gabzarp/.local/lib/python3.10/site-packages/airflow/example_dags/example_dataset_alias.py
[2024-09-12T01:56:56.954-0300] {logging_mixin.py:190} INFO - [2024-09-12T01:56:56.954-0300] {dag.py:3229} INFO - Sync 4 DAGs
[2024-09-12T01:56:56.967-0300] {logging_mixin.py:190} INFO - [2024-09-12T01:56:56.967-0300] {dag.py:4156} INFO - Setting next_dagrun for dataset_alias_example_alias_consumer to None, run_after=None
[2024-09-12T01:56:56.968-0300] {logging_mixin.py:190} INFO - [2024-09-12T01:56:56.968-0300] {dag.py:4156} INFO - Setting next_dagrun for dataset_alias_example_alias_producer to None, run_after=None
[2024-09-12T01:56:56.969-0300] {logging_mixin.py:190} INFO - [2024-09-12T01:56:56.968-0300] {dag.py:4156} INFO - Setting next_dagrun for dataset_s3_bucket_consumer to None, run_after=None
[2024-09-12T01:56:56.969-0300] {logging_mixin.py:190} INFO - [2024-09-12T01:56:56.969-0300] {dag.py:4156} INFO - Setting next_dagrun for dataset_s3_bucket_producer to None, run_after=None
[2024-09-12T01:56:56.984-0300] {processor.py:208} INFO - Processing /home/gabzarp/.local/lib/python3.10/site-packages/airflow/example_dags/example_dataset_alias.py took 0.063 seconds
[2024-09-12T01:57:50.051-0300] {processor.py:186} INFO - Started process (PID=11773) to work on /home/gabzarp/.local/lib/python3.10/site-packages/airflow/example_dags/example_dataset_alias.py
[2024-09-12T01:57:50.052-0300] {processor.py:914} INFO - Processing file /home/gabzarp/.local/lib/python3.10/site-packages/airflow/example_dags/example_dataset_alias.py for tasks to queue
[2024-09-12T01:57:50.053-0300] {logging_mixin.py:190} INFO - [2024-09-12T01:57:50.053-0300] {dagbag.py:587} INFO - Filling up the DagBag from /home/gabzarp/.local/lib/python3.10/site-packages/airflow/example_dags/example_dataset_alias.py
[2024-09-12T01:57:50.068-0300] {processor.py:925} INFO - DAG(s) 'dataset_alias_example_alias_consumer', 'dataset_s3_bucket_consumer', 'dataset_s3_bucket_producer', 'dataset_alias_example_alias_producer' retrieved from /home/gabzarp/.local/lib/python3.10/site-packages/airflow/example_dags/example_dataset_alias.py
[2024-09-12T01:57:50.082-0300] {logging_mixin.py:190} INFO - [2024-09-12T01:57:50.082-0300] {dag.py:3229} INFO - Sync 4 DAGs
[2024-09-12T01:57:50.095-0300] {logging_mixin.py:190} INFO - [2024-09-12T01:57:50.095-0300] {dag.py:4156} INFO - Setting next_dagrun for dataset_alias_example_alias_consumer to None, run_after=None
[2024-09-12T01:57:50.097-0300] {logging_mixin.py:190} INFO - [2024-09-12T01:57:50.097-0300] {dag.py:4156} INFO - Setting next_dagrun for dataset_alias_example_alias_producer to None, run_after=None
[2024-09-12T01:57:50.098-0300] {logging_mixin.py:190} INFO - [2024-09-12T01:57:50.098-0300] {dag.py:4156} INFO - Setting next_dagrun for dataset_s3_bucket_consumer to None, run_after=None
[2024-09-12T01:57:50.098-0300] {logging_mixin.py:190} INFO - [2024-09-12T01:57:50.098-0300] {dag.py:4156} INFO - Setting next_dagrun for dataset_s3_bucket_producer to None, run_after=None
[2024-09-12T01:57:50.325-0300] {processor.py:208} INFO - Processing /home/gabzarp/.local/lib/python3.10/site-packages/airflow/example_dags/example_dataset_alias.py took 0.278 seconds
[2024-09-12T01:58:44.232-0300] {processor.py:186} INFO - Started process (PID=12202) to work on /home/gabzarp/.local/lib/python3.10/site-packages/airflow/example_dags/example_dataset_alias.py
[2024-09-12T01:58:44.233-0300] {processor.py:914} INFO - Processing file /home/gabzarp/.local/lib/python3.10/site-packages/airflow/example_dags/example_dataset_alias.py for tasks to queue
[2024-09-12T01:58:44.234-0300] {logging_mixin.py:190} INFO - [2024-09-12T01:58:44.234-0300] {dagbag.py:587} INFO - Filling up the DagBag from /home/gabzarp/.local/lib/python3.10/site-packages/airflow/example_dags/example_dataset_alias.py
[2024-09-12T01:58:44.248-0300] {processor.py:925} INFO - DAG(s) 'dataset_alias_example_alias_consumer', 'dataset_s3_bucket_producer', 'dataset_alias_example_alias_producer', 'dataset_s3_bucket_consumer' retrieved from /home/gabzarp/.local/lib/python3.10/site-packages/airflow/example_dags/example_dataset_alias.py
[2024-09-12T01:58:44.260-0300] {logging_mixin.py:190} INFO - [2024-09-12T01:58:44.259-0300] {dag.py:3229} INFO - Sync 4 DAGs
[2024-09-12T01:58:44.271-0300] {logging_mixin.py:190} INFO - [2024-09-12T01:58:44.271-0300] {dag.py:4156} INFO - Setting next_dagrun for dataset_alias_example_alias_consumer to None, run_after=None
[2024-09-12T01:58:44.273-0300] {logging_mixin.py:190} INFO - [2024-09-12T01:58:44.273-0300] {dag.py:4156} INFO - Setting next_dagrun for dataset_alias_example_alias_producer to None, run_after=None
[2024-09-12T01:58:44.273-0300] {logging_mixin.py:190} INFO - [2024-09-12T01:58:44.273-0300] {dag.py:4156} INFO - Setting next_dagrun for dataset_s3_bucket_consumer to None, run_after=None
[2024-09-12T01:58:44.274-0300] {logging_mixin.py:190} INFO - [2024-09-12T01:58:44.274-0300] {dag.py:4156} INFO - Setting next_dagrun for dataset_s3_bucket_producer to None, run_after=None
[2024-09-12T01:58:44.291-0300] {processor.py:208} INFO - Processing /home/gabzarp/.local/lib/python3.10/site-packages/airflow/example_dags/example_dataset_alias.py took 0.063 seconds
[2024-09-12T01:59:36.140-0300] {processor.py:186} INFO - Started process (PID=12612) to work on /home/gabzarp/.local/lib/python3.10/site-packages/airflow/example_dags/example_dataset_alias.py
[2024-09-12T01:59:36.141-0300] {processor.py:914} INFO - Processing file /home/gabzarp/.local/lib/python3.10/site-packages/airflow/example_dags/example_dataset_alias.py for tasks to queue
[2024-09-12T01:59:36.142-0300] {logging_mixin.py:190} INFO - [2024-09-12T01:59:36.142-0300] {dagbag.py:587} INFO - Filling up the DagBag from /home/gabzarp/.local/lib/python3.10/site-packages/airflow/example_dags/example_dataset_alias.py
[2024-09-12T01:59:36.157-0300] {processor.py:925} INFO - DAG(s) 'dataset_s3_bucket_consumer', 'dataset_alias_example_alias_consumer', 'dataset_s3_bucket_producer', 'dataset_alias_example_alias_producer' retrieved from /home/gabzarp/.local/lib/python3.10/site-packages/airflow/example_dags/example_dataset_alias.py
[2024-09-12T01:59:36.169-0300] {logging_mixin.py:190} INFO - [2024-09-12T01:59:36.169-0300] {dag.py:3229} INFO - Sync 4 DAGs
[2024-09-12T01:59:36.183-0300] {logging_mixin.py:190} INFO - [2024-09-12T01:59:36.183-0300] {dag.py:4156} INFO - Setting next_dagrun for dataset_alias_example_alias_consumer to None, run_after=None
[2024-09-12T01:59:36.185-0300] {logging_mixin.py:190} INFO - [2024-09-12T01:59:36.185-0300] {dag.py:4156} INFO - Setting next_dagrun for dataset_alias_example_alias_producer to None, run_after=None
[2024-09-12T01:59:36.186-0300] {logging_mixin.py:190} INFO - [2024-09-12T01:59:36.186-0300] {dag.py:4156} INFO - Setting next_dagrun for dataset_s3_bucket_consumer to None, run_after=None
[2024-09-12T01:59:36.186-0300] {logging_mixin.py:190} INFO - [2024-09-12T01:59:36.186-0300] {dag.py:4156} INFO - Setting next_dagrun for dataset_s3_bucket_producer to None, run_after=None
[2024-09-12T01:59:36.236-0300] {processor.py:208} INFO - Processing /home/gabzarp/.local/lib/python3.10/site-packages/airflow/example_dags/example_dataset_alias.py took 0.099 seconds
[2024-09-12T02:00:26.693-0300] {processor.py:186} INFO - Started process (PID=13073) to work on /home/gabzarp/.local/lib/python3.10/site-packages/airflow/example_dags/example_dataset_alias.py
[2024-09-12T02:00:26.694-0300] {processor.py:914} INFO - Processing file /home/gabzarp/.local/lib/python3.10/site-packages/airflow/example_dags/example_dataset_alias.py for tasks to queue
[2024-09-12T02:00:26.694-0300] {logging_mixin.py:190} INFO - [2024-09-12T02:00:26.694-0300] {dagbag.py:587} INFO - Filling up the DagBag from /home/gabzarp/.local/lib/python3.10/site-packages/airflow/example_dags/example_dataset_alias.py
[2024-09-12T02:00:26.709-0300] {processor.py:925} INFO - DAG(s) 'dataset_s3_bucket_producer', 'dataset_alias_example_alias_producer', 'dataset_s3_bucket_consumer', 'dataset_alias_example_alias_consumer' retrieved from /home/gabzarp/.local/lib/python3.10/site-packages/airflow/example_dags/example_dataset_alias.py
[2024-09-12T02:00:26.722-0300] {logging_mixin.py:190} INFO - [2024-09-12T02:00:26.721-0300] {dag.py:3229} INFO - Sync 4 DAGs
[2024-09-12T02:00:26.734-0300] {logging_mixin.py:190} INFO - [2024-09-12T02:00:26.733-0300] {dag.py:4156} INFO - Setting next_dagrun for dataset_alias_example_alias_consumer to None, run_after=None
[2024-09-12T02:00:26.735-0300] {logging_mixin.py:190} INFO - [2024-09-12T02:00:26.735-0300] {dag.py:4156} INFO - Setting next_dagrun for dataset_alias_example_alias_producer to None, run_after=None
[2024-09-12T02:00:26.735-0300] {logging_mixin.py:190} INFO - [2024-09-12T02:00:26.735-0300] {dag.py:4156} INFO - Setting next_dagrun for dataset_s3_bucket_consumer to None, run_after=None
[2024-09-12T02:00:26.736-0300] {logging_mixin.py:190} INFO - [2024-09-12T02:00:26.736-0300] {dag.py:4156} INFO - Setting next_dagrun for dataset_s3_bucket_producer to None, run_after=None
[2024-09-12T02:00:26.751-0300] {processor.py:208} INFO - Processing /home/gabzarp/.local/lib/python3.10/site-packages/airflow/example_dags/example_dataset_alias.py took 0.062 seconds
[2024-09-12T02:01:18.280-0300] {processor.py:186} INFO - Started process (PID=13566) to work on /home/gabzarp/.local/lib/python3.10/site-packages/airflow/example_dags/example_dataset_alias.py
[2024-09-12T02:01:18.282-0300] {processor.py:914} INFO - Processing file /home/gabzarp/.local/lib/python3.10/site-packages/airflow/example_dags/example_dataset_alias.py for tasks to queue
[2024-09-12T02:01:18.283-0300] {logging_mixin.py:190} INFO - [2024-09-12T02:01:18.282-0300] {dagbag.py:587} INFO - Filling up the DagBag from /home/gabzarp/.local/lib/python3.10/site-packages/airflow/example_dags/example_dataset_alias.py
[2024-09-12T02:01:18.298-0300] {processor.py:925} INFO - DAG(s) 'dataset_alias_example_alias_producer', 'dataset_alias_example_alias_consumer', 'dataset_s3_bucket_consumer', 'dataset_s3_bucket_producer' retrieved from /home/gabzarp/.local/lib/python3.10/site-packages/airflow/example_dags/example_dataset_alias.py
[2024-09-12T02:01:18.312-0300] {logging_mixin.py:190} INFO - [2024-09-12T02:01:18.312-0300] {dag.py:3229} INFO - Sync 4 DAGs
[2024-09-12T02:01:18.324-0300] {logging_mixin.py:190} INFO - [2024-09-12T02:01:18.324-0300] {dag.py:4156} INFO - Setting next_dagrun for dataset_alias_example_alias_consumer to None, run_after=None
[2024-09-12T02:01:18.326-0300] {logging_mixin.py:190} INFO - [2024-09-12T02:01:18.326-0300] {dag.py:4156} INFO - Setting next_dagrun for dataset_alias_example_alias_producer to None, run_after=None
[2024-09-12T02:01:18.327-0300] {logging_mixin.py:190} INFO - [2024-09-12T02:01:18.327-0300] {dag.py:4156} INFO - Setting next_dagrun for dataset_s3_bucket_consumer to None, run_after=None
[2024-09-12T02:01:18.327-0300] {logging_mixin.py:190} INFO - [2024-09-12T02:01:18.327-0300] {dag.py:4156} INFO - Setting next_dagrun for dataset_s3_bucket_producer to None, run_after=None
[2024-09-12T02:01:18.346-0300] {processor.py:208} INFO - Processing /home/gabzarp/.local/lib/python3.10/site-packages/airflow/example_dags/example_dataset_alias.py took 0.069 seconds
[2024-09-12T02:02:09.440-0300] {processor.py:186} INFO - Started process (PID=14008) to work on /home/gabzarp/.local/lib/python3.10/site-packages/airflow/example_dags/example_dataset_alias.py
[2024-09-12T02:02:09.441-0300] {processor.py:914} INFO - Processing file /home/gabzarp/.local/lib/python3.10/site-packages/airflow/example_dags/example_dataset_alias.py for tasks to queue
[2024-09-12T02:02:09.442-0300] {logging_mixin.py:190} INFO - [2024-09-12T02:02:09.441-0300] {dagbag.py:587} INFO - Filling up the DagBag from /home/gabzarp/.local/lib/python3.10/site-packages/airflow/example_dags/example_dataset_alias.py
[2024-09-12T02:02:09.455-0300] {processor.py:925} INFO - DAG(s) 'dataset_alias_example_alias_consumer', 'dataset_s3_bucket_consumer', 'dataset_s3_bucket_producer', 'dataset_alias_example_alias_producer' retrieved from /home/gabzarp/.local/lib/python3.10/site-packages/airflow/example_dags/example_dataset_alias.py
[2024-09-12T02:02:09.468-0300] {logging_mixin.py:190} INFO - [2024-09-12T02:02:09.468-0300] {dag.py:3229} INFO - Sync 4 DAGs
[2024-09-12T02:02:09.481-0300] {logging_mixin.py:190} INFO - [2024-09-12T02:02:09.481-0300] {dag.py:4156} INFO - Setting next_dagrun for dataset_alias_example_alias_consumer to None, run_after=None
[2024-09-12T02:02:09.483-0300] {logging_mixin.py:190} INFO - [2024-09-12T02:02:09.482-0300] {dag.py:4156} INFO - Setting next_dagrun for dataset_alias_example_alias_producer to None, run_after=None
[2024-09-12T02:02:09.483-0300] {logging_mixin.py:190} INFO - [2024-09-12T02:02:09.483-0300] {dag.py:4156} INFO - Setting next_dagrun for dataset_s3_bucket_consumer to None, run_after=None
[2024-09-12T02:02:09.484-0300] {logging_mixin.py:190} INFO - [2024-09-12T02:02:09.484-0300] {dag.py:4156} INFO - Setting next_dagrun for dataset_s3_bucket_producer to None, run_after=None
[2024-09-12T02:02:09.501-0300] {processor.py:208} INFO - Processing /home/gabzarp/.local/lib/python3.10/site-packages/airflow/example_dags/example_dataset_alias.py took 0.064 seconds
[2024-09-12T02:02:56.849-0300] {processor.py:186} INFO - Started process (PID=14395) to work on /home/gabzarp/.local/lib/python3.10/site-packages/airflow/example_dags/example_dataset_alias.py
[2024-09-12T02:02:56.850-0300] {processor.py:914} INFO - Processing file /home/gabzarp/.local/lib/python3.10/site-packages/airflow/example_dags/example_dataset_alias.py for tasks to queue
[2024-09-12T02:02:56.851-0300] {logging_mixin.py:190} INFO - [2024-09-12T02:02:56.851-0300] {dagbag.py:587} INFO - Filling up the DagBag from /home/gabzarp/.local/lib/python3.10/site-packages/airflow/example_dags/example_dataset_alias.py
[2024-09-12T02:02:56.868-0300] {processor.py:925} INFO - DAG(s) 'dataset_s3_bucket_producer', 'dataset_alias_example_alias_consumer', 'dataset_s3_bucket_consumer', 'dataset_alias_example_alias_producer' retrieved from /home/gabzarp/.local/lib/python3.10/site-packages/airflow/example_dags/example_dataset_alias.py
[2024-09-12T02:02:56.883-0300] {logging_mixin.py:190} INFO - [2024-09-12T02:02:56.883-0300] {dag.py:3229} INFO - Sync 4 DAGs
[2024-09-12T02:02:56.896-0300] {logging_mixin.py:190} INFO - [2024-09-12T02:02:56.896-0300] {dag.py:4156} INFO - Setting next_dagrun for dataset_alias_example_alias_consumer to None, run_after=None
[2024-09-12T02:02:56.898-0300] {logging_mixin.py:190} INFO - [2024-09-12T02:02:56.898-0300] {dag.py:4156} INFO - Setting next_dagrun for dataset_alias_example_alias_producer to None, run_after=None
[2024-09-12T02:02:56.898-0300] {logging_mixin.py:190} INFO - [2024-09-12T02:02:56.898-0300] {dag.py:4156} INFO - Setting next_dagrun for dataset_s3_bucket_consumer to None, run_after=None
[2024-09-12T02:02:56.899-0300] {logging_mixin.py:190} INFO - [2024-09-12T02:02:56.899-0300] {dag.py:4156} INFO - Setting next_dagrun for dataset_s3_bucket_producer to None, run_after=None
[2024-09-12T02:02:56.918-0300] {processor.py:208} INFO - Processing /home/gabzarp/.local/lib/python3.10/site-packages/airflow/example_dags/example_dataset_alias.py took 0.074 seconds
[2024-09-12T02:03:48.043-0300] {processor.py:186} INFO - Started process (PID=14803) to work on /home/gabzarp/.local/lib/python3.10/site-packages/airflow/example_dags/example_dataset_alias.py
[2024-09-12T02:03:48.044-0300] {processor.py:914} INFO - Processing file /home/gabzarp/.local/lib/python3.10/site-packages/airflow/example_dags/example_dataset_alias.py for tasks to queue
[2024-09-12T02:03:48.045-0300] {logging_mixin.py:190} INFO - [2024-09-12T02:03:48.045-0300] {dagbag.py:587} INFO - Filling up the DagBag from /home/gabzarp/.local/lib/python3.10/site-packages/airflow/example_dags/example_dataset_alias.py
[2024-09-12T02:03:48.063-0300] {processor.py:925} INFO - DAG(s) 'dataset_s3_bucket_consumer', 'dataset_alias_example_alias_consumer', 'dataset_s3_bucket_producer', 'dataset_alias_example_alias_producer' retrieved from /home/gabzarp/.local/lib/python3.10/site-packages/airflow/example_dags/example_dataset_alias.py
[2024-09-12T02:03:48.079-0300] {logging_mixin.py:190} INFO - [2024-09-12T02:03:48.079-0300] {dag.py:3229} INFO - Sync 4 DAGs
[2024-09-12T02:03:48.094-0300] {logging_mixin.py:190} INFO - [2024-09-12T02:03:48.094-0300] {dag.py:4156} INFO - Setting next_dagrun for dataset_alias_example_alias_consumer to None, run_after=None
[2024-09-12T02:03:48.096-0300] {logging_mixin.py:190} INFO - [2024-09-12T02:03:48.096-0300] {dag.py:4156} INFO - Setting next_dagrun for dataset_alias_example_alias_producer to None, run_after=None
[2024-09-12T02:03:48.097-0300] {logging_mixin.py:190} INFO - [2024-09-12T02:03:48.096-0300] {dag.py:4156} INFO - Setting next_dagrun for dataset_s3_bucket_consumer to None, run_after=None
[2024-09-12T02:03:48.097-0300] {logging_mixin.py:190} INFO - [2024-09-12T02:03:48.097-0300] {dag.py:4156} INFO - Setting next_dagrun for dataset_s3_bucket_producer to None, run_after=None
[2024-09-12T02:03:48.118-0300] {processor.py:208} INFO - Processing /home/gabzarp/.local/lib/python3.10/site-packages/airflow/example_dags/example_dataset_alias.py took 0.079 seconds
[2024-09-12T02:04:39.688-0300] {processor.py:186} INFO - Started process (PID=15210) to work on /home/gabzarp/.local/lib/python3.10/site-packages/airflow/example_dags/example_dataset_alias.py
[2024-09-12T02:04:39.689-0300] {processor.py:914} INFO - Processing file /home/gabzarp/.local/lib/python3.10/site-packages/airflow/example_dags/example_dataset_alias.py for tasks to queue
[2024-09-12T02:04:39.690-0300] {logging_mixin.py:190} INFO - [2024-09-12T02:04:39.689-0300] {dagbag.py:587} INFO - Filling up the DagBag from /home/gabzarp/.local/lib/python3.10/site-packages/airflow/example_dags/example_dataset_alias.py
[2024-09-12T02:04:39.704-0300] {processor.py:925} INFO - DAG(s) 'dataset_alias_example_alias_consumer', 'dataset_s3_bucket_consumer', 'dataset_s3_bucket_producer', 'dataset_alias_example_alias_producer' retrieved from /home/gabzarp/.local/lib/python3.10/site-packages/airflow/example_dags/example_dataset_alias.py
[2024-09-12T02:04:39.718-0300] {logging_mixin.py:190} INFO - [2024-09-12T02:04:39.718-0300] {dag.py:3229} INFO - Sync 4 DAGs
[2024-09-12T02:04:39.731-0300] {logging_mixin.py:190} INFO - [2024-09-12T02:04:39.731-0300] {dag.py:4156} INFO - Setting next_dagrun for dataset_alias_example_alias_consumer to None, run_after=None
[2024-09-12T02:04:39.732-0300] {logging_mixin.py:190} INFO - [2024-09-12T02:04:39.732-0300] {dag.py:4156} INFO - Setting next_dagrun for dataset_alias_example_alias_producer to None, run_after=None
[2024-09-12T02:04:39.733-0300] {logging_mixin.py:190} INFO - [2024-09-12T02:04:39.733-0300] {dag.py:4156} INFO - Setting next_dagrun for dataset_s3_bucket_consumer to None, run_after=None
[2024-09-12T02:04:39.734-0300] {logging_mixin.py:190} INFO - [2024-09-12T02:04:39.734-0300] {dag.py:4156} INFO - Setting next_dagrun for dataset_s3_bucket_producer to None, run_after=None
[2024-09-12T02:04:39.753-0300] {processor.py:208} INFO - Processing /home/gabzarp/.local/lib/python3.10/site-packages/airflow/example_dags/example_dataset_alias.py took 0.069 seconds
[2024-09-12T02:05:32.817-0300] {processor.py:186} INFO - Started process (PID=15629) to work on /home/gabzarp/.local/lib/python3.10/site-packages/airflow/example_dags/example_dataset_alias.py
[2024-09-12T02:05:32.818-0300] {processor.py:914} INFO - Processing file /home/gabzarp/.local/lib/python3.10/site-packages/airflow/example_dags/example_dataset_alias.py for tasks to queue
[2024-09-12T02:05:32.819-0300] {logging_mixin.py:190} INFO - [2024-09-12T02:05:32.818-0300] {dagbag.py:587} INFO - Filling up the DagBag from /home/gabzarp/.local/lib/python3.10/site-packages/airflow/example_dags/example_dataset_alias.py
[2024-09-12T02:05:32.833-0300] {processor.py:925} INFO - DAG(s) 'dataset_s3_bucket_producer', 'dataset_alias_example_alias_consumer', 'dataset_s3_bucket_consumer', 'dataset_alias_example_alias_producer' retrieved from /home/gabzarp/.local/lib/python3.10/site-packages/airflow/example_dags/example_dataset_alias.py
[2024-09-12T02:05:32.847-0300] {logging_mixin.py:190} INFO - [2024-09-12T02:05:32.847-0300] {dag.py:3229} INFO - Sync 4 DAGs
[2024-09-12T02:05:32.860-0300] {logging_mixin.py:190} INFO - [2024-09-12T02:05:32.860-0300] {dag.py:4156} INFO - Setting next_dagrun for dataset_alias_example_alias_consumer to None, run_after=None
[2024-09-12T02:05:32.862-0300] {logging_mixin.py:190} INFO - [2024-09-12T02:05:32.862-0300] {dag.py:4156} INFO - Setting next_dagrun for dataset_alias_example_alias_producer to None, run_after=None
[2024-09-12T02:05:32.862-0300] {logging_mixin.py:190} INFO - [2024-09-12T02:05:32.862-0300] {dag.py:4156} INFO - Setting next_dagrun for dataset_s3_bucket_consumer to None, run_after=None
[2024-09-12T02:05:32.863-0300] {logging_mixin.py:190} INFO - [2024-09-12T02:05:32.863-0300] {dag.py:4156} INFO - Setting next_dagrun for dataset_s3_bucket_producer to None, run_after=None
[2024-09-12T02:05:32.882-0300] {processor.py:208} INFO - Processing /home/gabzarp/.local/lib/python3.10/site-packages/airflow/example_dags/example_dataset_alias.py took 0.068 seconds
[2024-09-12T02:06:25.415-0300] {processor.py:186} INFO - Started process (PID=16045) to work on /home/gabzarp/.local/lib/python3.10/site-packages/airflow/example_dags/example_dataset_alias.py
[2024-09-12T02:06:25.417-0300] {processor.py:914} INFO - Processing file /home/gabzarp/.local/lib/python3.10/site-packages/airflow/example_dags/example_dataset_alias.py for tasks to queue
[2024-09-12T02:06:25.418-0300] {logging_mixin.py:190} INFO - [2024-09-12T02:06:25.417-0300] {dagbag.py:587} INFO - Filling up the DagBag from /home/gabzarp/.local/lib/python3.10/site-packages/airflow/example_dags/example_dataset_alias.py
[2024-09-12T02:06:25.433-0300] {processor.py:925} INFO - DAG(s) 'dataset_s3_bucket_producer', 'dataset_alias_example_alias_producer', 'dataset_alias_example_alias_consumer', 'dataset_s3_bucket_consumer' retrieved from /home/gabzarp/.local/lib/python3.10/site-packages/airflow/example_dags/example_dataset_alias.py
[2024-09-12T02:06:25.447-0300] {logging_mixin.py:190} INFO - [2024-09-12T02:06:25.447-0300] {dag.py:3229} INFO - Sync 4 DAGs
[2024-09-12T02:06:25.463-0300] {logging_mixin.py:190} INFO - [2024-09-12T02:06:25.462-0300] {dag.py:4156} INFO - Setting next_dagrun for dataset_alias_example_alias_consumer to None, run_after=None
[2024-09-12T02:06:25.464-0300] {logging_mixin.py:190} INFO - [2024-09-12T02:06:25.464-0300] {dag.py:4156} INFO - Setting next_dagrun for dataset_alias_example_alias_producer to None, run_after=None
[2024-09-12T02:06:25.465-0300] {logging_mixin.py:190} INFO - [2024-09-12T02:06:25.465-0300] {dag.py:4156} INFO - Setting next_dagrun for dataset_s3_bucket_consumer to None, run_after=None
[2024-09-12T02:06:25.466-0300] {logging_mixin.py:190} INFO - [2024-09-12T02:06:25.466-0300] {dag.py:4156} INFO - Setting next_dagrun for dataset_s3_bucket_producer to None, run_after=None
[2024-09-12T02:06:25.483-0300] {processor.py:208} INFO - Processing /home/gabzarp/.local/lib/python3.10/site-packages/airflow/example_dags/example_dataset_alias.py took 0.072 seconds
[2024-09-12T02:07:14.970-0300] {processor.py:186} INFO - Started process (PID=16438) to work on /home/gabzarp/.local/lib/python3.10/site-packages/airflow/example_dags/example_dataset_alias.py
[2024-09-12T02:07:14.971-0300] {processor.py:914} INFO - Processing file /home/gabzarp/.local/lib/python3.10/site-packages/airflow/example_dags/example_dataset_alias.py for tasks to queue
[2024-09-12T02:07:14.972-0300] {logging_mixin.py:190} INFO - [2024-09-12T02:07:14.972-0300] {dagbag.py:587} INFO - Filling up the DagBag from /home/gabzarp/.local/lib/python3.10/site-packages/airflow/example_dags/example_dataset_alias.py
[2024-09-12T02:07:14.986-0300] {processor.py:925} INFO - DAG(s) 'dataset_s3_bucket_consumer', 'dataset_s3_bucket_producer', 'dataset_alias_example_alias_consumer', 'dataset_alias_example_alias_producer' retrieved from /home/gabzarp/.local/lib/python3.10/site-packages/airflow/example_dags/example_dataset_alias.py
[2024-09-12T02:07:14.999-0300] {logging_mixin.py:190} INFO - [2024-09-12T02:07:14.999-0300] {dag.py:3229} INFO - Sync 4 DAGs
[2024-09-12T02:07:15.012-0300] {logging_mixin.py:190} INFO - [2024-09-12T02:07:15.012-0300] {dag.py:4156} INFO - Setting next_dagrun for dataset_alias_example_alias_consumer to None, run_after=None
[2024-09-12T02:07:15.013-0300] {logging_mixin.py:190} INFO - [2024-09-12T02:07:15.013-0300] {dag.py:4156} INFO - Setting next_dagrun for dataset_alias_example_alias_producer to None, run_after=None
[2024-09-12T02:07:15.014-0300] {logging_mixin.py:190} INFO - [2024-09-12T02:07:15.014-0300] {dag.py:4156} INFO - Setting next_dagrun for dataset_s3_bucket_consumer to None, run_after=None
[2024-09-12T02:07:15.014-0300] {logging_mixin.py:190} INFO - [2024-09-12T02:07:15.014-0300] {dag.py:4156} INFO - Setting next_dagrun for dataset_s3_bucket_producer to None, run_after=None
[2024-09-12T02:07:15.031-0300] {processor.py:208} INFO - Processing /home/gabzarp/.local/lib/python3.10/site-packages/airflow/example_dags/example_dataset_alias.py took 0.065 seconds
[2024-09-12T02:08:02.953-0300] {processor.py:186} INFO - Started process (PID=16814) to work on /home/gabzarp/.local/lib/python3.10/site-packages/airflow/example_dags/example_dataset_alias.py
[2024-09-12T02:08:02.954-0300] {processor.py:914} INFO - Processing file /home/gabzarp/.local/lib/python3.10/site-packages/airflow/example_dags/example_dataset_alias.py for tasks to queue
[2024-09-12T02:08:02.956-0300] {logging_mixin.py:190} INFO - [2024-09-12T02:08:02.955-0300] {dagbag.py:587} INFO - Filling up the DagBag from /home/gabzarp/.local/lib/python3.10/site-packages/airflow/example_dags/example_dataset_alias.py
[2024-09-12T02:08:02.972-0300] {processor.py:925} INFO - DAG(s) 'dataset_s3_bucket_consumer', 'dataset_alias_example_alias_producer', 'dataset_alias_example_alias_consumer', 'dataset_s3_bucket_producer' retrieved from /home/gabzarp/.local/lib/python3.10/site-packages/airflow/example_dags/example_dataset_alias.py
[2024-09-12T02:08:02.987-0300] {logging_mixin.py:190} INFO - [2024-09-12T02:08:02.987-0300] {dag.py:3229} INFO - Sync 4 DAGs
[2024-09-12T02:08:03.002-0300] {logging_mixin.py:190} INFO - [2024-09-12T02:08:03.002-0300] {dag.py:4156} INFO - Setting next_dagrun for dataset_alias_example_alias_consumer to None, run_after=None
[2024-09-12T02:08:03.003-0300] {logging_mixin.py:190} INFO - [2024-09-12T02:08:03.003-0300] {dag.py:4156} INFO - Setting next_dagrun for dataset_alias_example_alias_producer to None, run_after=None
[2024-09-12T02:08:03.004-0300] {logging_mixin.py:190} INFO - [2024-09-12T02:08:03.004-0300] {dag.py:4156} INFO - Setting next_dagrun for dataset_s3_bucket_consumer to None, run_after=None
[2024-09-12T02:08:03.005-0300] {logging_mixin.py:190} INFO - [2024-09-12T02:08:03.005-0300] {dag.py:4156} INFO - Setting next_dagrun for dataset_s3_bucket_producer to None, run_after=None
[2024-09-12T02:08:03.027-0300] {processor.py:208} INFO - Processing /home/gabzarp/.local/lib/python3.10/site-packages/airflow/example_dags/example_dataset_alias.py took 0.077 seconds
[2024-09-12T02:08:54.337-0300] {processor.py:186} INFO - Started process (PID=17221) to work on /home/gabzarp/.local/lib/python3.10/site-packages/airflow/example_dags/example_dataset_alias.py
[2024-09-12T02:08:54.338-0300] {processor.py:914} INFO - Processing file /home/gabzarp/.local/lib/python3.10/site-packages/airflow/example_dags/example_dataset_alias.py for tasks to queue
[2024-09-12T02:08:54.339-0300] {logging_mixin.py:190} INFO - [2024-09-12T02:08:54.338-0300] {dagbag.py:587} INFO - Filling up the DagBag from /home/gabzarp/.local/lib/python3.10/site-packages/airflow/example_dags/example_dataset_alias.py
[2024-09-12T02:08:54.355-0300] {processor.py:925} INFO - DAG(s) 'dataset_alias_example_alias_producer', 'dataset_s3_bucket_consumer', 'dataset_s3_bucket_producer', 'dataset_alias_example_alias_consumer' retrieved from /home/gabzarp/.local/lib/python3.10/site-packages/airflow/example_dags/example_dataset_alias.py
[2024-09-12T02:08:54.369-0300] {logging_mixin.py:190} INFO - [2024-09-12T02:08:54.369-0300] {dag.py:3229} INFO - Sync 4 DAGs
[2024-09-12T02:08:54.382-0300] {logging_mixin.py:190} INFO - [2024-09-12T02:08:54.382-0300] {dag.py:4156} INFO - Setting next_dagrun for dataset_alias_example_alias_consumer to None, run_after=None
[2024-09-12T02:08:54.384-0300] {logging_mixin.py:190} INFO - [2024-09-12T02:08:54.384-0300] {dag.py:4156} INFO - Setting next_dagrun for dataset_alias_example_alias_producer to None, run_after=None
[2024-09-12T02:08:54.384-0300] {logging_mixin.py:190} INFO - [2024-09-12T02:08:54.384-0300] {dag.py:4156} INFO - Setting next_dagrun for dataset_s3_bucket_consumer to None, run_after=None
[2024-09-12T02:08:54.385-0300] {logging_mixin.py:190} INFO - [2024-09-12T02:08:54.385-0300] {dag.py:4156} INFO - Setting next_dagrun for dataset_s3_bucket_producer to None, run_after=None
[2024-09-12T02:08:54.402-0300] {processor.py:208} INFO - Processing /home/gabzarp/.local/lib/python3.10/site-packages/airflow/example_dags/example_dataset_alias.py took 0.069 seconds
[2024-09-12T02:09:47.115-0300] {processor.py:186} INFO - Started process (PID=17779) to work on /home/gabzarp/.local/lib/python3.10/site-packages/airflow/example_dags/example_dataset_alias.py
[2024-09-12T02:09:47.116-0300] {processor.py:914} INFO - Processing file /home/gabzarp/.local/lib/python3.10/site-packages/airflow/example_dags/example_dataset_alias.py for tasks to queue
[2024-09-12T02:09:47.118-0300] {logging_mixin.py:190} INFO - [2024-09-12T02:09:47.118-0300] {dagbag.py:587} INFO - Filling up the DagBag from /home/gabzarp/.local/lib/python3.10/site-packages/airflow/example_dags/example_dataset_alias.py
[2024-09-12T02:09:47.136-0300] {processor.py:925} INFO - DAG(s) 'dataset_s3_bucket_producer', 'dataset_s3_bucket_consumer', 'dataset_alias_example_alias_producer', 'dataset_alias_example_alias_consumer' retrieved from /home/gabzarp/.local/lib/python3.10/site-packages/airflow/example_dags/example_dataset_alias.py
[2024-09-12T02:09:47.150-0300] {logging_mixin.py:190} INFO - [2024-09-12T02:09:47.149-0300] {dag.py:3229} INFO - Sync 4 DAGs
[2024-09-12T02:09:47.163-0300] {logging_mixin.py:190} INFO - [2024-09-12T02:09:47.163-0300] {dag.py:4156} INFO - Setting next_dagrun for dataset_alias_example_alias_consumer to None, run_after=None
[2024-09-12T02:09:47.164-0300] {logging_mixin.py:190} INFO - [2024-09-12T02:09:47.164-0300] {dag.py:4156} INFO - Setting next_dagrun for dataset_alias_example_alias_producer to None, run_after=None
[2024-09-12T02:09:47.165-0300] {logging_mixin.py:190} INFO - [2024-09-12T02:09:47.165-0300] {dag.py:4156} INFO - Setting next_dagrun for dataset_s3_bucket_consumer to None, run_after=None
[2024-09-12T02:09:47.165-0300] {logging_mixin.py:190} INFO - [2024-09-12T02:09:47.165-0300] {dag.py:4156} INFO - Setting next_dagrun for dataset_s3_bucket_producer to None, run_after=None
[2024-09-12T02:09:47.299-0300] {processor.py:208} INFO - Processing /home/gabzarp/.local/lib/python3.10/site-packages/airflow/example_dags/example_dataset_alias.py took 0.188 seconds
