[2024-09-12T01:39:52.746-0300] {processor.py:186} INFO - Started process (PID=2690) to work on /home/gabzarp/.local/lib/python3.10/site-packages/airflow/example_dags/example_bash_decorator.py
[2024-09-12T01:39:52.746-0300] {processor.py:914} INFO - Processing file /home/gabzarp/.local/lib/python3.10/site-packages/airflow/example_dags/example_bash_decorator.py for tasks to queue
[2024-09-12T01:39:52.747-0300] {logging_mixin.py:190} INFO - [2024-09-12T01:39:52.747-0300] {dagbag.py:587} INFO - Filling up the DagBag from /home/gabzarp/.local/lib/python3.10/site-packages/airflow/example_dags/example_bash_decorator.py
[2024-09-12T01:39:52.756-0300] {processor.py:925} INFO - DAG(s) 'example_bash_decorator' retrieved from /home/gabzarp/.local/lib/python3.10/site-packages/airflow/example_dags/example_bash_decorator.py
[2024-09-12T01:39:52.821-0300] {logging_mixin.py:190} INFO - [2024-09-12T01:39:52.820-0300] {override.py:1900} INFO - Created Permission View: can edit on DAG:example_bash_decorator
[2024-09-12T01:39:52.829-0300] {logging_mixin.py:190} INFO - [2024-09-12T01:39:52.829-0300] {override.py:1900} INFO - Created Permission View: can read on DAG:example_bash_decorator
[2024-09-12T01:39:52.836-0300] {logging_mixin.py:190} INFO - [2024-09-12T01:39:52.836-0300] {override.py:1900} INFO - Created Permission View: can delete on DAG:example_bash_decorator
[2024-09-12T01:39:52.847-0300] {logging_mixin.py:190} INFO - [2024-09-12T01:39:52.846-0300] {override.py:1900} INFO - Created Permission View: can read on DAG Run:example_bash_decorator
[2024-09-12T01:39:52.853-0300] {logging_mixin.py:190} INFO - [2024-09-12T01:39:52.853-0300] {override.py:1900} INFO - Created Permission View: can create on DAG Run:example_bash_decorator
[2024-09-12T01:39:52.860-0300] {logging_mixin.py:190} INFO - [2024-09-12T01:39:52.860-0300] {override.py:1900} INFO - Created Permission View: menu access on DAG Run:example_bash_decorator
[2024-09-12T01:39:52.867-0300] {logging_mixin.py:190} INFO - [2024-09-12T01:39:52.866-0300] {override.py:1900} INFO - Created Permission View: can delete on DAG Run:example_bash_decorator
[2024-09-12T01:39:52.867-0300] {logging_mixin.py:190} INFO - [2024-09-12T01:39:52.867-0300] {dag.py:3229} INFO - Sync 1 DAGs
[2024-09-12T01:39:52.875-0300] {logging_mixin.py:190} INFO - [2024-09-12T01:39:52.874-0300] {dag.py:3252} INFO - Creating ORM DAG for example_bash_decorator
[2024-09-12T01:39:52.875-0300] {logging_mixin.py:190} INFO - [2024-09-12T01:39:52.875-0300] {dag.py:4156} INFO - Setting next_dagrun for example_bash_decorator to None, run_after=None
[2024-09-12T01:39:52.888-0300] {processor.py:208} INFO - Processing /home/gabzarp/.local/lib/python3.10/site-packages/airflow/example_dags/example_bash_decorator.py took 0.146 seconds
[2024-09-12T01:40:49.745-0300] {processor.py:186} INFO - Started process (PID=2976) to work on /home/gabzarp/.local/lib/python3.10/site-packages/airflow/example_dags/example_bash_decorator.py
[2024-09-12T01:40:49.746-0300] {processor.py:914} INFO - Processing file /home/gabzarp/.local/lib/python3.10/site-packages/airflow/example_dags/example_bash_decorator.py for tasks to queue
[2024-09-12T01:40:49.748-0300] {logging_mixin.py:190} INFO - [2024-09-12T01:40:49.748-0300] {dagbag.py:587} INFO - Filling up the DagBag from /home/gabzarp/.local/lib/python3.10/site-packages/airflow/example_dags/example_bash_decorator.py
[2024-09-12T01:40:49.761-0300] {processor.py:925} INFO - DAG(s) 'example_bash_decorator' retrieved from /home/gabzarp/.local/lib/python3.10/site-packages/airflow/example_dags/example_bash_decorator.py
[2024-09-12T01:40:49.776-0300] {logging_mixin.py:190} INFO - [2024-09-12T01:40:49.776-0300] {dag.py:3229} INFO - Sync 1 DAGs
[2024-09-12T01:40:49.785-0300] {logging_mixin.py:190} INFO - [2024-09-12T01:40:49.784-0300] {dag.py:4156} INFO - Setting next_dagrun for example_bash_decorator to None, run_after=None
[2024-09-12T01:40:49.803-0300] {processor.py:208} INFO - Processing /home/gabzarp/.local/lib/python3.10/site-packages/airflow/example_dags/example_bash_decorator.py took 0.066 seconds
[2024-09-12T01:41:43.426-0300] {processor.py:186} INFO - Started process (PID=3326) to work on /home/gabzarp/.local/lib/python3.10/site-packages/airflow/example_dags/example_bash_decorator.py
[2024-09-12T01:41:43.427-0300] {processor.py:914} INFO - Processing file /home/gabzarp/.local/lib/python3.10/site-packages/airflow/example_dags/example_bash_decorator.py for tasks to queue
[2024-09-12T01:41:43.429-0300] {logging_mixin.py:190} INFO - [2024-09-12T01:41:43.429-0300] {dagbag.py:587} INFO - Filling up the DagBag from /home/gabzarp/.local/lib/python3.10/site-packages/airflow/example_dags/example_bash_decorator.py
[2024-09-12T01:41:43.439-0300] {processor.py:925} INFO - DAG(s) 'example_bash_decorator' retrieved from /home/gabzarp/.local/lib/python3.10/site-packages/airflow/example_dags/example_bash_decorator.py
[2024-09-12T01:41:43.452-0300] {logging_mixin.py:190} INFO - [2024-09-12T01:41:43.452-0300] {dag.py:3229} INFO - Sync 1 DAGs
[2024-09-12T01:41:43.462-0300] {logging_mixin.py:190} INFO - [2024-09-12T01:41:43.462-0300] {dag.py:4156} INFO - Setting next_dagrun for example_bash_decorator to None, run_after=None
[2024-09-12T01:41:43.478-0300] {processor.py:208} INFO - Processing /home/gabzarp/.local/lib/python3.10/site-packages/airflow/example_dags/example_bash_decorator.py took 0.055 seconds
[2024-09-12T01:42:35.932-0300] {processor.py:186} INFO - Started process (PID=3590) to work on /home/gabzarp/.local/lib/python3.10/site-packages/airflow/example_dags/example_bash_decorator.py
[2024-09-12T01:42:35.933-0300] {processor.py:914} INFO - Processing file /home/gabzarp/.local/lib/python3.10/site-packages/airflow/example_dags/example_bash_decorator.py for tasks to queue
[2024-09-12T01:42:35.934-0300] {logging_mixin.py:190} INFO - [2024-09-12T01:42:35.934-0300] {dagbag.py:587} INFO - Filling up the DagBag from /home/gabzarp/.local/lib/python3.10/site-packages/airflow/example_dags/example_bash_decorator.py
[2024-09-12T01:42:35.943-0300] {processor.py:925} INFO - DAG(s) 'example_bash_decorator' retrieved from /home/gabzarp/.local/lib/python3.10/site-packages/airflow/example_dags/example_bash_decorator.py
[2024-09-12T01:42:35.956-0300] {logging_mixin.py:190} INFO - [2024-09-12T01:42:35.955-0300] {dag.py:3229} INFO - Sync 1 DAGs
[2024-09-12T01:42:35.963-0300] {logging_mixin.py:190} INFO - [2024-09-12T01:42:35.963-0300] {dag.py:4156} INFO - Setting next_dagrun for example_bash_decorator to None, run_after=None
[2024-09-12T01:42:35.976-0300] {processor.py:208} INFO - Processing /home/gabzarp/.local/lib/python3.10/site-packages/airflow/example_dags/example_bash_decorator.py took 0.048 seconds
[2024-09-12T01:43:25.491-0300] {processor.py:186} INFO - Started process (PID=3839) to work on /home/gabzarp/.local/lib/python3.10/site-packages/airflow/example_dags/example_bash_decorator.py
[2024-09-12T01:43:25.492-0300] {processor.py:914} INFO - Processing file /home/gabzarp/.local/lib/python3.10/site-packages/airflow/example_dags/example_bash_decorator.py for tasks to queue
[2024-09-12T01:43:25.493-0300] {logging_mixin.py:190} INFO - [2024-09-12T01:43:25.493-0300] {dagbag.py:587} INFO - Filling up the DagBag from /home/gabzarp/.local/lib/python3.10/site-packages/airflow/example_dags/example_bash_decorator.py
[2024-09-12T01:43:25.502-0300] {processor.py:925} INFO - DAG(s) 'example_bash_decorator' retrieved from /home/gabzarp/.local/lib/python3.10/site-packages/airflow/example_dags/example_bash_decorator.py
[2024-09-12T01:43:25.515-0300] {logging_mixin.py:190} INFO - [2024-09-12T01:43:25.515-0300] {dag.py:3229} INFO - Sync 1 DAGs
[2024-09-12T01:43:25.523-0300] {logging_mixin.py:190} INFO - [2024-09-12T01:43:25.523-0300] {dag.py:4156} INFO - Setting next_dagrun for example_bash_decorator to None, run_after=None
[2024-09-12T01:43:25.536-0300] {processor.py:208} INFO - Processing /home/gabzarp/.local/lib/python3.10/site-packages/airflow/example_dags/example_bash_decorator.py took 0.049 seconds
[2024-09-12T01:45:05.093-0300] {processor.py:186} INFO - Started process (PID=5068) to work on /home/gabzarp/.local/lib/python3.10/site-packages/airflow/example_dags/example_bash_decorator.py
[2024-09-12T01:45:05.095-0300] {processor.py:914} INFO - Processing file /home/gabzarp/.local/lib/python3.10/site-packages/airflow/example_dags/example_bash_decorator.py for tasks to queue
[2024-09-12T01:45:05.096-0300] {logging_mixin.py:190} INFO - [2024-09-12T01:45:05.096-0300] {dagbag.py:587} INFO - Filling up the DagBag from /home/gabzarp/.local/lib/python3.10/site-packages/airflow/example_dags/example_bash_decorator.py
[2024-09-12T01:45:05.107-0300] {processor.py:925} INFO - DAG(s) 'example_bash_decorator' retrieved from /home/gabzarp/.local/lib/python3.10/site-packages/airflow/example_dags/example_bash_decorator.py
[2024-09-12T01:45:05.122-0300] {logging_mixin.py:190} INFO - [2024-09-12T01:45:05.121-0300] {dag.py:3229} INFO - Sync 1 DAGs
[2024-09-12T01:45:05.131-0300] {logging_mixin.py:190} INFO - [2024-09-12T01:45:05.131-0300] {dag.py:4156} INFO - Setting next_dagrun for example_bash_decorator to None, run_after=None
[2024-09-12T01:45:05.147-0300] {processor.py:208} INFO - Processing /home/gabzarp/.local/lib/python3.10/site-packages/airflow/example_dags/example_bash_decorator.py took 0.058 seconds
[2024-09-12T01:45:56.429-0300] {processor.py:186} INFO - Started process (PID=5480) to work on /home/gabzarp/.local/lib/python3.10/site-packages/airflow/example_dags/example_bash_decorator.py
[2024-09-12T01:45:56.430-0300] {processor.py:914} INFO - Processing file /home/gabzarp/.local/lib/python3.10/site-packages/airflow/example_dags/example_bash_decorator.py for tasks to queue
[2024-09-12T01:45:56.432-0300] {logging_mixin.py:190} INFO - [2024-09-12T01:45:56.432-0300] {dagbag.py:587} INFO - Filling up the DagBag from /home/gabzarp/.local/lib/python3.10/site-packages/airflow/example_dags/example_bash_decorator.py
[2024-09-12T01:45:56.441-0300] {processor.py:925} INFO - DAG(s) 'example_bash_decorator' retrieved from /home/gabzarp/.local/lib/python3.10/site-packages/airflow/example_dags/example_bash_decorator.py
[2024-09-12T01:45:56.454-0300] {logging_mixin.py:190} INFO - [2024-09-12T01:45:56.454-0300] {dag.py:3229} INFO - Sync 1 DAGs
[2024-09-12T01:45:56.463-0300] {logging_mixin.py:190} INFO - [2024-09-12T01:45:56.463-0300] {dag.py:4156} INFO - Setting next_dagrun for example_bash_decorator to None, run_after=None
[2024-09-12T01:45:56.478-0300] {processor.py:208} INFO - Processing /home/gabzarp/.local/lib/python3.10/site-packages/airflow/example_dags/example_bash_decorator.py took 0.052 seconds
[2024-09-12T01:46:47.523-0300] {processor.py:186} INFO - Started process (PID=5895) to work on /home/gabzarp/.local/lib/python3.10/site-packages/airflow/example_dags/example_bash_decorator.py
[2024-09-12T01:46:47.524-0300] {processor.py:914} INFO - Processing file /home/gabzarp/.local/lib/python3.10/site-packages/airflow/example_dags/example_bash_decorator.py for tasks to queue
[2024-09-12T01:46:47.526-0300] {logging_mixin.py:190} INFO - [2024-09-12T01:46:47.526-0300] {dagbag.py:587} INFO - Filling up the DagBag from /home/gabzarp/.local/lib/python3.10/site-packages/airflow/example_dags/example_bash_decorator.py
[2024-09-12T01:46:47.537-0300] {processor.py:925} INFO - DAG(s) 'example_bash_decorator' retrieved from /home/gabzarp/.local/lib/python3.10/site-packages/airflow/example_dags/example_bash_decorator.py
[2024-09-12T01:46:47.549-0300] {logging_mixin.py:190} INFO - [2024-09-12T01:46:47.548-0300] {dag.py:3229} INFO - Sync 1 DAGs
[2024-09-12T01:46:47.556-0300] {logging_mixin.py:190} INFO - [2024-09-12T01:46:47.556-0300] {dag.py:4156} INFO - Setting next_dagrun for example_bash_decorator to None, run_after=None
[2024-09-12T01:46:47.570-0300] {processor.py:208} INFO - Processing /home/gabzarp/.local/lib/python3.10/site-packages/airflow/example_dags/example_bash_decorator.py took 0.050 seconds
[2024-09-12T01:47:37.049-0300] {processor.py:186} INFO - Started process (PID=6289) to work on /home/gabzarp/.local/lib/python3.10/site-packages/airflow/example_dags/example_bash_decorator.py
[2024-09-12T01:47:37.050-0300] {processor.py:914} INFO - Processing file /home/gabzarp/.local/lib/python3.10/site-packages/airflow/example_dags/example_bash_decorator.py for tasks to queue
[2024-09-12T01:47:37.051-0300] {logging_mixin.py:190} INFO - [2024-09-12T01:47:37.051-0300] {dagbag.py:587} INFO - Filling up the DagBag from /home/gabzarp/.local/lib/python3.10/site-packages/airflow/example_dags/example_bash_decorator.py
[2024-09-12T01:47:37.062-0300] {processor.py:925} INFO - DAG(s) 'example_bash_decorator' retrieved from /home/gabzarp/.local/lib/python3.10/site-packages/airflow/example_dags/example_bash_decorator.py
[2024-09-12T01:47:37.075-0300] {logging_mixin.py:190} INFO - [2024-09-12T01:47:37.075-0300] {dag.py:3229} INFO - Sync 1 DAGs
[2024-09-12T01:47:37.084-0300] {logging_mixin.py:190} INFO - [2024-09-12T01:47:37.083-0300] {dag.py:4156} INFO - Setting next_dagrun for example_bash_decorator to None, run_after=None
[2024-09-12T01:47:37.099-0300] {processor.py:208} INFO - Processing /home/gabzarp/.local/lib/python3.10/site-packages/airflow/example_dags/example_bash_decorator.py took 0.054 seconds
[2024-09-12T01:48:27.716-0300] {processor.py:186} INFO - Started process (PID=6801) to work on /home/gabzarp/.local/lib/python3.10/site-packages/airflow/example_dags/example_bash_decorator.py
[2024-09-12T01:48:27.717-0300] {processor.py:914} INFO - Processing file /home/gabzarp/.local/lib/python3.10/site-packages/airflow/example_dags/example_bash_decorator.py for tasks to queue
[2024-09-12T01:48:27.718-0300] {logging_mixin.py:190} INFO - [2024-09-12T01:48:27.718-0300] {dagbag.py:587} INFO - Filling up the DagBag from /home/gabzarp/.local/lib/python3.10/site-packages/airflow/example_dags/example_bash_decorator.py
[2024-09-12T01:48:27.727-0300] {processor.py:925} INFO - DAG(s) 'example_bash_decorator' retrieved from /home/gabzarp/.local/lib/python3.10/site-packages/airflow/example_dags/example_bash_decorator.py
[2024-09-12T01:48:27.739-0300] {logging_mixin.py:190} INFO - [2024-09-12T01:48:27.739-0300] {dag.py:3229} INFO - Sync 1 DAGs
[2024-09-12T01:48:27.746-0300] {logging_mixin.py:190} INFO - [2024-09-12T01:48:27.746-0300] {dag.py:4156} INFO - Setting next_dagrun for example_bash_decorator to None, run_after=None
[2024-09-12T01:48:27.760-0300] {processor.py:208} INFO - Processing /home/gabzarp/.local/lib/python3.10/site-packages/airflow/example_dags/example_bash_decorator.py took 0.047 seconds
[2024-09-12T01:49:18.268-0300] {processor.py:186} INFO - Started process (PID=7235) to work on /home/gabzarp/.local/lib/python3.10/site-packages/airflow/example_dags/example_bash_decorator.py
[2024-09-12T01:49:18.270-0300] {processor.py:914} INFO - Processing file /home/gabzarp/.local/lib/python3.10/site-packages/airflow/example_dags/example_bash_decorator.py for tasks to queue
[2024-09-12T01:49:18.273-0300] {logging_mixin.py:190} INFO - [2024-09-12T01:49:18.272-0300] {dagbag.py:587} INFO - Filling up the DagBag from /home/gabzarp/.local/lib/python3.10/site-packages/airflow/example_dags/example_bash_decorator.py
[2024-09-12T01:49:18.287-0300] {processor.py:925} INFO - DAG(s) 'example_bash_decorator' retrieved from /home/gabzarp/.local/lib/python3.10/site-packages/airflow/example_dags/example_bash_decorator.py
[2024-09-12T01:49:18.302-0300] {logging_mixin.py:190} INFO - [2024-09-12T01:49:18.302-0300] {dag.py:3229} INFO - Sync 1 DAGs
[2024-09-12T01:49:18.311-0300] {logging_mixin.py:190} INFO - [2024-09-12T01:49:18.311-0300] {dag.py:4156} INFO - Setting next_dagrun for example_bash_decorator to None, run_after=None
[2024-09-12T01:49:18.328-0300] {processor.py:208} INFO - Processing /home/gabzarp/.local/lib/python3.10/site-packages/airflow/example_dags/example_bash_decorator.py took 0.065 seconds
[2024-09-12T01:50:09.910-0300] {processor.py:186} INFO - Started process (PID=7717) to work on /home/gabzarp/.local/lib/python3.10/site-packages/airflow/example_dags/example_bash_decorator.py
[2024-09-12T01:50:09.911-0300] {processor.py:914} INFO - Processing file /home/gabzarp/.local/lib/python3.10/site-packages/airflow/example_dags/example_bash_decorator.py for tasks to queue
[2024-09-12T01:50:09.912-0300] {logging_mixin.py:190} INFO - [2024-09-12T01:50:09.912-0300] {dagbag.py:587} INFO - Filling up the DagBag from /home/gabzarp/.local/lib/python3.10/site-packages/airflow/example_dags/example_bash_decorator.py
[2024-09-12T01:50:09.922-0300] {processor.py:925} INFO - DAG(s) 'example_bash_decorator' retrieved from /home/gabzarp/.local/lib/python3.10/site-packages/airflow/example_dags/example_bash_decorator.py
[2024-09-12T01:50:09.935-0300] {logging_mixin.py:190} INFO - [2024-09-12T01:50:09.934-0300] {dag.py:3229} INFO - Sync 1 DAGs
[2024-09-12T01:50:09.943-0300] {logging_mixin.py:190} INFO - [2024-09-12T01:50:09.943-0300] {dag.py:4156} INFO - Setting next_dagrun for example_bash_decorator to None, run_after=None
[2024-09-12T01:50:10.000-0300] {processor.py:208} INFO - Processing /home/gabzarp/.local/lib/python3.10/site-packages/airflow/example_dags/example_bash_decorator.py took 0.094 seconds
[2024-09-12T01:50:58.269-0300] {processor.py:186} INFO - Started process (PID=8110) to work on /home/gabzarp/.local/lib/python3.10/site-packages/airflow/example_dags/example_bash_decorator.py
[2024-09-12T01:50:58.270-0300] {processor.py:914} INFO - Processing file /home/gabzarp/.local/lib/python3.10/site-packages/airflow/example_dags/example_bash_decorator.py for tasks to queue
[2024-09-12T01:50:58.271-0300] {logging_mixin.py:190} INFO - [2024-09-12T01:50:58.271-0300] {dagbag.py:587} INFO - Filling up the DagBag from /home/gabzarp/.local/lib/python3.10/site-packages/airflow/example_dags/example_bash_decorator.py
[2024-09-12T01:50:58.281-0300] {processor.py:925} INFO - DAG(s) 'example_bash_decorator' retrieved from /home/gabzarp/.local/lib/python3.10/site-packages/airflow/example_dags/example_bash_decorator.py
[2024-09-12T01:50:58.294-0300] {logging_mixin.py:190} INFO - [2024-09-12T01:50:58.294-0300] {dag.py:3229} INFO - Sync 1 DAGs
[2024-09-12T01:50:58.302-0300] {logging_mixin.py:190} INFO - [2024-09-12T01:50:58.302-0300] {dag.py:4156} INFO - Setting next_dagrun for example_bash_decorator to None, run_after=None
[2024-09-12T01:50:58.318-0300] {processor.py:208} INFO - Processing /home/gabzarp/.local/lib/python3.10/site-packages/airflow/example_dags/example_bash_decorator.py took 0.053 seconds
[2024-09-12T01:51:48.255-0300] {processor.py:186} INFO - Started process (PID=8626) to work on /home/gabzarp/.local/lib/python3.10/site-packages/airflow/example_dags/example_bash_decorator.py
[2024-09-12T01:51:48.256-0300] {processor.py:914} INFO - Processing file /home/gabzarp/.local/lib/python3.10/site-packages/airflow/example_dags/example_bash_decorator.py for tasks to queue
[2024-09-12T01:51:48.256-0300] {logging_mixin.py:190} INFO - [2024-09-12T01:51:48.256-0300] {dagbag.py:587} INFO - Filling up the DagBag from /home/gabzarp/.local/lib/python3.10/site-packages/airflow/example_dags/example_bash_decorator.py
[2024-09-12T01:51:48.266-0300] {processor.py:925} INFO - DAG(s) 'example_bash_decorator' retrieved from /home/gabzarp/.local/lib/python3.10/site-packages/airflow/example_dags/example_bash_decorator.py
[2024-09-12T01:51:48.278-0300] {logging_mixin.py:190} INFO - [2024-09-12T01:51:48.278-0300] {dag.py:3229} INFO - Sync 1 DAGs
[2024-09-12T01:51:48.286-0300] {logging_mixin.py:190} INFO - [2024-09-12T01:51:48.286-0300] {dag.py:4156} INFO - Setting next_dagrun for example_bash_decorator to None, run_after=None
[2024-09-12T01:51:48.300-0300] {processor.py:208} INFO - Processing /home/gabzarp/.local/lib/python3.10/site-packages/airflow/example_dags/example_bash_decorator.py took 0.049 seconds
[2024-09-12T01:52:38.412-0300] {processor.py:186} INFO - Started process (PID=9126) to work on /home/gabzarp/.local/lib/python3.10/site-packages/airflow/example_dags/example_bash_decorator.py
[2024-09-12T01:52:38.412-0300] {processor.py:914} INFO - Processing file /home/gabzarp/.local/lib/python3.10/site-packages/airflow/example_dags/example_bash_decorator.py for tasks to queue
[2024-09-12T01:52:38.413-0300] {logging_mixin.py:190} INFO - [2024-09-12T01:52:38.413-0300] {dagbag.py:587} INFO - Filling up the DagBag from /home/gabzarp/.local/lib/python3.10/site-packages/airflow/example_dags/example_bash_decorator.py
[2024-09-12T01:52:38.423-0300] {processor.py:925} INFO - DAG(s) 'example_bash_decorator' retrieved from /home/gabzarp/.local/lib/python3.10/site-packages/airflow/example_dags/example_bash_decorator.py
[2024-09-12T01:52:38.435-0300] {logging_mixin.py:190} INFO - [2024-09-12T01:52:38.435-0300] {dag.py:3229} INFO - Sync 1 DAGs
[2024-09-12T01:52:38.443-0300] {logging_mixin.py:190} INFO - [2024-09-12T01:52:38.443-0300] {dag.py:4156} INFO - Setting next_dagrun for example_bash_decorator to None, run_after=None
[2024-09-12T01:52:38.456-0300] {processor.py:208} INFO - Processing /home/gabzarp/.local/lib/python3.10/site-packages/airflow/example_dags/example_bash_decorator.py took 0.049 seconds
[2024-09-12T01:53:30.179-0300] {processor.py:186} INFO - Started process (PID=9617) to work on /home/gabzarp/.local/lib/python3.10/site-packages/airflow/example_dags/example_bash_decorator.py
[2024-09-12T01:53:30.180-0300] {processor.py:914} INFO - Processing file /home/gabzarp/.local/lib/python3.10/site-packages/airflow/example_dags/example_bash_decorator.py for tasks to queue
[2024-09-12T01:53:30.180-0300] {logging_mixin.py:190} INFO - [2024-09-12T01:53:30.180-0300] {dagbag.py:587} INFO - Filling up the DagBag from /home/gabzarp/.local/lib/python3.10/site-packages/airflow/example_dags/example_bash_decorator.py
[2024-09-12T01:53:30.190-0300] {processor.py:925} INFO - DAG(s) 'example_bash_decorator' retrieved from /home/gabzarp/.local/lib/python3.10/site-packages/airflow/example_dags/example_bash_decorator.py
[2024-09-12T01:53:30.202-0300] {logging_mixin.py:190} INFO - [2024-09-12T01:53:30.202-0300] {dag.py:3229} INFO - Sync 1 DAGs
[2024-09-12T01:53:30.211-0300] {logging_mixin.py:190} INFO - [2024-09-12T01:53:30.211-0300] {dag.py:4156} INFO - Setting next_dagrun for example_bash_decorator to None, run_after=None
[2024-09-12T01:53:30.226-0300] {processor.py:208} INFO - Processing /home/gabzarp/.local/lib/python3.10/site-packages/airflow/example_dags/example_bash_decorator.py took 0.050 seconds
[2024-09-12T01:54:21.909-0300] {processor.py:186} INFO - Started process (PID=10056) to work on /home/gabzarp/.local/lib/python3.10/site-packages/airflow/example_dags/example_bash_decorator.py
[2024-09-12T01:54:21.910-0300] {processor.py:914} INFO - Processing file /home/gabzarp/.local/lib/python3.10/site-packages/airflow/example_dags/example_bash_decorator.py for tasks to queue
[2024-09-12T01:54:21.910-0300] {logging_mixin.py:190} INFO - [2024-09-12T01:54:21.910-0300] {dagbag.py:587} INFO - Filling up the DagBag from /home/gabzarp/.local/lib/python3.10/site-packages/airflow/example_dags/example_bash_decorator.py
[2024-09-12T01:54:21.920-0300] {processor.py:925} INFO - DAG(s) 'example_bash_decorator' retrieved from /home/gabzarp/.local/lib/python3.10/site-packages/airflow/example_dags/example_bash_decorator.py
[2024-09-12T01:54:21.931-0300] {logging_mixin.py:190} INFO - [2024-09-12T01:54:21.931-0300] {dag.py:3229} INFO - Sync 1 DAGs
[2024-09-12T01:54:21.939-0300] {logging_mixin.py:190} INFO - [2024-09-12T01:54:21.938-0300] {dag.py:4156} INFO - Setting next_dagrun for example_bash_decorator to None, run_after=None
[2024-09-12T01:54:21.953-0300] {processor.py:208} INFO - Processing /home/gabzarp/.local/lib/python3.10/site-packages/airflow/example_dags/example_bash_decorator.py took 0.047 seconds
[2024-09-12T01:55:14.762-0300] {processor.py:186} INFO - Started process (PID=10475) to work on /home/gabzarp/.local/lib/python3.10/site-packages/airflow/example_dags/example_bash_decorator.py
[2024-09-12T01:55:14.763-0300] {processor.py:914} INFO - Processing file /home/gabzarp/.local/lib/python3.10/site-packages/airflow/example_dags/example_bash_decorator.py for tasks to queue
[2024-09-12T01:55:14.764-0300] {logging_mixin.py:190} INFO - [2024-09-12T01:55:14.764-0300] {dagbag.py:587} INFO - Filling up the DagBag from /home/gabzarp/.local/lib/python3.10/site-packages/airflow/example_dags/example_bash_decorator.py
[2024-09-12T01:55:14.775-0300] {processor.py:925} INFO - DAG(s) 'example_bash_decorator' retrieved from /home/gabzarp/.local/lib/python3.10/site-packages/airflow/example_dags/example_bash_decorator.py
[2024-09-12T01:55:14.789-0300] {logging_mixin.py:190} INFO - [2024-09-12T01:55:14.789-0300] {dag.py:3229} INFO - Sync 1 DAGs
[2024-09-12T01:55:14.798-0300] {logging_mixin.py:190} INFO - [2024-09-12T01:55:14.798-0300] {dag.py:4156} INFO - Setting next_dagrun for example_bash_decorator to None, run_after=None
[2024-09-12T01:55:14.814-0300] {processor.py:208} INFO - Processing /home/gabzarp/.local/lib/python3.10/site-packages/airflow/example_dags/example_bash_decorator.py took 0.056 seconds
[2024-09-12T01:56:09.406-0300] {processor.py:186} INFO - Started process (PID=10927) to work on /home/gabzarp/.local/lib/python3.10/site-packages/airflow/example_dags/example_bash_decorator.py
[2024-09-12T01:56:09.407-0300] {processor.py:914} INFO - Processing file /home/gabzarp/.local/lib/python3.10/site-packages/airflow/example_dags/example_bash_decorator.py for tasks to queue
[2024-09-12T01:56:09.408-0300] {logging_mixin.py:190} INFO - [2024-09-12T01:56:09.408-0300] {dagbag.py:587} INFO - Filling up the DagBag from /home/gabzarp/.local/lib/python3.10/site-packages/airflow/example_dags/example_bash_decorator.py
[2024-09-12T01:56:09.418-0300] {processor.py:925} INFO - DAG(s) 'example_bash_decorator' retrieved from /home/gabzarp/.local/lib/python3.10/site-packages/airflow/example_dags/example_bash_decorator.py
[2024-09-12T01:56:09.430-0300] {logging_mixin.py:190} INFO - [2024-09-12T01:56:09.430-0300] {dag.py:3229} INFO - Sync 1 DAGs
[2024-09-12T01:56:09.439-0300] {logging_mixin.py:190} INFO - [2024-09-12T01:56:09.438-0300] {dag.py:4156} INFO - Setting next_dagrun for example_bash_decorator to None, run_after=None
[2024-09-12T01:56:09.455-0300] {processor.py:208} INFO - Processing /home/gabzarp/.local/lib/python3.10/site-packages/airflow/example_dags/example_bash_decorator.py took 0.053 seconds
[2024-09-12T01:57:02.903-0300] {processor.py:186} INFO - Started process (PID=11400) to work on /home/gabzarp/.local/lib/python3.10/site-packages/airflow/example_dags/example_bash_decorator.py
[2024-09-12T01:57:02.904-0300] {processor.py:914} INFO - Processing file /home/gabzarp/.local/lib/python3.10/site-packages/airflow/example_dags/example_bash_decorator.py for tasks to queue
[2024-09-12T01:57:02.906-0300] {logging_mixin.py:190} INFO - [2024-09-12T01:57:02.905-0300] {dagbag.py:587} INFO - Filling up the DagBag from /home/gabzarp/.local/lib/python3.10/site-packages/airflow/example_dags/example_bash_decorator.py
[2024-09-12T01:57:02.917-0300] {processor.py:925} INFO - DAG(s) 'example_bash_decorator' retrieved from /home/gabzarp/.local/lib/python3.10/site-packages/airflow/example_dags/example_bash_decorator.py
[2024-09-12T01:57:02.932-0300] {logging_mixin.py:190} INFO - [2024-09-12T01:57:02.932-0300] {dag.py:3229} INFO - Sync 1 DAGs
[2024-09-12T01:57:02.943-0300] {logging_mixin.py:190} INFO - [2024-09-12T01:57:02.943-0300] {dag.py:4156} INFO - Setting next_dagrun for example_bash_decorator to None, run_after=None
[2024-09-12T01:57:02.959-0300] {processor.py:208} INFO - Processing /home/gabzarp/.local/lib/python3.10/site-packages/airflow/example_dags/example_bash_decorator.py took 0.059 seconds
[2024-09-12T01:57:56.531-0300] {processor.py:186} INFO - Started process (PID=11822) to work on /home/gabzarp/.local/lib/python3.10/site-packages/airflow/example_dags/example_bash_decorator.py
[2024-09-12T01:57:56.542-0300] {processor.py:914} INFO - Processing file /home/gabzarp/.local/lib/python3.10/site-packages/airflow/example_dags/example_bash_decorator.py for tasks to queue
[2024-09-12T01:57:56.543-0300] {logging_mixin.py:190} INFO - [2024-09-12T01:57:56.542-0300] {dagbag.py:587} INFO - Filling up the DagBag from /home/gabzarp/.local/lib/python3.10/site-packages/airflow/example_dags/example_bash_decorator.py
[2024-09-12T01:57:56.553-0300] {processor.py:925} INFO - DAG(s) 'example_bash_decorator' retrieved from /home/gabzarp/.local/lib/python3.10/site-packages/airflow/example_dags/example_bash_decorator.py
[2024-09-12T01:57:56.566-0300] {logging_mixin.py:190} INFO - [2024-09-12T01:57:56.566-0300] {dag.py:3229} INFO - Sync 1 DAGs
[2024-09-12T01:57:56.574-0300] {logging_mixin.py:190} INFO - [2024-09-12T01:57:56.574-0300] {dag.py:4156} INFO - Setting next_dagrun for example_bash_decorator to None, run_after=None
[2024-09-12T01:57:56.590-0300] {processor.py:208} INFO - Processing /home/gabzarp/.local/lib/python3.10/site-packages/airflow/example_dags/example_bash_decorator.py took 0.062 seconds
[2024-09-12T01:58:50.070-0300] {processor.py:186} INFO - Started process (PID=12249) to work on /home/gabzarp/.local/lib/python3.10/site-packages/airflow/example_dags/example_bash_decorator.py
[2024-09-12T01:58:50.071-0300] {processor.py:914} INFO - Processing file /home/gabzarp/.local/lib/python3.10/site-packages/airflow/example_dags/example_bash_decorator.py for tasks to queue
[2024-09-12T01:58:50.072-0300] {logging_mixin.py:190} INFO - [2024-09-12T01:58:50.072-0300] {dagbag.py:587} INFO - Filling up the DagBag from /home/gabzarp/.local/lib/python3.10/site-packages/airflow/example_dags/example_bash_decorator.py
[2024-09-12T01:58:50.082-0300] {processor.py:925} INFO - DAG(s) 'example_bash_decorator' retrieved from /home/gabzarp/.local/lib/python3.10/site-packages/airflow/example_dags/example_bash_decorator.py
[2024-09-12T01:58:50.095-0300] {logging_mixin.py:190} INFO - [2024-09-12T01:58:50.095-0300] {dag.py:3229} INFO - Sync 1 DAGs
[2024-09-12T01:58:50.102-0300] {logging_mixin.py:190} INFO - [2024-09-12T01:58:50.102-0300] {dag.py:4156} INFO - Setting next_dagrun for example_bash_decorator to None, run_after=None
[2024-09-12T01:58:50.118-0300] {processor.py:208} INFO - Processing /home/gabzarp/.local/lib/python3.10/site-packages/airflow/example_dags/example_bash_decorator.py took 0.052 seconds
[2024-09-12T01:59:42.924-0300] {processor.py:186} INFO - Started process (PID=12663) to work on /home/gabzarp/.local/lib/python3.10/site-packages/airflow/example_dags/example_bash_decorator.py
[2024-09-12T01:59:42.925-0300] {processor.py:914} INFO - Processing file /home/gabzarp/.local/lib/python3.10/site-packages/airflow/example_dags/example_bash_decorator.py for tasks to queue
[2024-09-12T01:59:42.926-0300] {logging_mixin.py:190} INFO - [2024-09-12T01:59:42.926-0300] {dagbag.py:587} INFO - Filling up the DagBag from /home/gabzarp/.local/lib/python3.10/site-packages/airflow/example_dags/example_bash_decorator.py
[2024-09-12T01:59:42.935-0300] {processor.py:925} INFO - DAG(s) 'example_bash_decorator' retrieved from /home/gabzarp/.local/lib/python3.10/site-packages/airflow/example_dags/example_bash_decorator.py
[2024-09-12T01:59:42.947-0300] {logging_mixin.py:190} INFO - [2024-09-12T01:59:42.947-0300] {dag.py:3229} INFO - Sync 1 DAGs
[2024-09-12T01:59:42.955-0300] {logging_mixin.py:190} INFO - [2024-09-12T01:59:42.954-0300] {dag.py:4156} INFO - Setting next_dagrun for example_bash_decorator to None, run_after=None
[2024-09-12T01:59:42.968-0300] {processor.py:208} INFO - Processing /home/gabzarp/.local/lib/python3.10/site-packages/airflow/example_dags/example_bash_decorator.py took 0.047 seconds
[2024-09-12T02:00:32.275-0300] {processor.py:186} INFO - Started process (PID=13115) to work on /home/gabzarp/.local/lib/python3.10/site-packages/airflow/example_dags/example_bash_decorator.py
[2024-09-12T02:00:32.276-0300] {processor.py:914} INFO - Processing file /home/gabzarp/.local/lib/python3.10/site-packages/airflow/example_dags/example_bash_decorator.py for tasks to queue
[2024-09-12T02:00:32.277-0300] {logging_mixin.py:190} INFO - [2024-09-12T02:00:32.277-0300] {dagbag.py:587} INFO - Filling up the DagBag from /home/gabzarp/.local/lib/python3.10/site-packages/airflow/example_dags/example_bash_decorator.py
[2024-09-12T02:00:32.286-0300] {processor.py:925} INFO - DAG(s) 'example_bash_decorator' retrieved from /home/gabzarp/.local/lib/python3.10/site-packages/airflow/example_dags/example_bash_decorator.py
[2024-09-12T02:00:32.298-0300] {logging_mixin.py:190} INFO - [2024-09-12T02:00:32.298-0300] {dag.py:3229} INFO - Sync 1 DAGs
[2024-09-12T02:00:32.306-0300] {logging_mixin.py:190} INFO - [2024-09-12T02:00:32.306-0300] {dag.py:4156} INFO - Setting next_dagrun for example_bash_decorator to None, run_after=None
[2024-09-12T02:00:32.320-0300] {processor.py:208} INFO - Processing /home/gabzarp/.local/lib/python3.10/site-packages/airflow/example_dags/example_bash_decorator.py took 0.049 seconds
[2024-09-12T02:01:24.294-0300] {processor.py:186} INFO - Started process (PID=13615) to work on /home/gabzarp/.local/lib/python3.10/site-packages/airflow/example_dags/example_bash_decorator.py
[2024-09-12T02:01:24.295-0300] {processor.py:914} INFO - Processing file /home/gabzarp/.local/lib/python3.10/site-packages/airflow/example_dags/example_bash_decorator.py for tasks to queue
[2024-09-12T02:01:24.296-0300] {logging_mixin.py:190} INFO - [2024-09-12T02:01:24.295-0300] {dagbag.py:587} INFO - Filling up the DagBag from /home/gabzarp/.local/lib/python3.10/site-packages/airflow/example_dags/example_bash_decorator.py
[2024-09-12T02:01:24.305-0300] {processor.py:925} INFO - DAG(s) 'example_bash_decorator' retrieved from /home/gabzarp/.local/lib/python3.10/site-packages/airflow/example_dags/example_bash_decorator.py
[2024-09-12T02:01:24.317-0300] {logging_mixin.py:190} INFO - [2024-09-12T02:01:24.316-0300] {dag.py:3229} INFO - Sync 1 DAGs
[2024-09-12T02:01:24.324-0300] {logging_mixin.py:190} INFO - [2024-09-12T02:01:24.324-0300] {dag.py:4156} INFO - Setting next_dagrun for example_bash_decorator to None, run_after=None
[2024-09-12T02:01:24.374-0300] {processor.py:208} INFO - Processing /home/gabzarp/.local/lib/python3.10/site-packages/airflow/example_dags/example_bash_decorator.py took 0.084 seconds
[2024-09-12T02:02:15.713-0300] {processor.py:186} INFO - Started process (PID=14057) to work on /home/gabzarp/.local/lib/python3.10/site-packages/airflow/example_dags/example_bash_decorator.py
[2024-09-12T02:02:15.714-0300] {processor.py:914} INFO - Processing file /home/gabzarp/.local/lib/python3.10/site-packages/airflow/example_dags/example_bash_decorator.py for tasks to queue
[2024-09-12T02:02:15.714-0300] {logging_mixin.py:190} INFO - [2024-09-12T02:02:15.714-0300] {dagbag.py:587} INFO - Filling up the DagBag from /home/gabzarp/.local/lib/python3.10/site-packages/airflow/example_dags/example_bash_decorator.py
[2024-09-12T02:02:15.723-0300] {processor.py:925} INFO - DAG(s) 'example_bash_decorator' retrieved from /home/gabzarp/.local/lib/python3.10/site-packages/airflow/example_dags/example_bash_decorator.py
[2024-09-12T02:02:15.735-0300] {logging_mixin.py:190} INFO - [2024-09-12T02:02:15.735-0300] {dag.py:3229} INFO - Sync 1 DAGs
[2024-09-12T02:02:15.743-0300] {logging_mixin.py:190} INFO - [2024-09-12T02:02:15.743-0300] {dag.py:4156} INFO - Setting next_dagrun for example_bash_decorator to None, run_after=None
[2024-09-12T02:02:15.757-0300] {processor.py:208} INFO - Processing /home/gabzarp/.local/lib/python3.10/site-packages/airflow/example_dags/example_bash_decorator.py took 0.048 seconds
[2024-09-12T02:03:27.910-0300] {processor.py:186} INFO - Started process (PID=14642) to work on /home/gabzarp/.local/lib/python3.10/site-packages/airflow/example_dags/example_bash_decorator.py
[2024-09-12T02:03:27.911-0300] {processor.py:914} INFO - Processing file /home/gabzarp/.local/lib/python3.10/site-packages/airflow/example_dags/example_bash_decorator.py for tasks to queue
[2024-09-12T02:03:27.912-0300] {logging_mixin.py:190} INFO - [2024-09-12T02:03:27.912-0300] {dagbag.py:587} INFO - Filling up the DagBag from /home/gabzarp/.local/lib/python3.10/site-packages/airflow/example_dags/example_bash_decorator.py
[2024-09-12T02:03:27.922-0300] {processor.py:925} INFO - DAG(s) 'example_bash_decorator' retrieved from /home/gabzarp/.local/lib/python3.10/site-packages/airflow/example_dags/example_bash_decorator.py
[2024-09-12T02:03:27.936-0300] {logging_mixin.py:190} INFO - [2024-09-12T02:03:27.936-0300] {dag.py:3229} INFO - Sync 1 DAGs
[2024-09-12T02:03:27.945-0300] {logging_mixin.py:190} INFO - [2024-09-12T02:03:27.945-0300] {dag.py:4156} INFO - Setting next_dagrun for example_bash_decorator to None, run_after=None
[2024-09-12T02:03:27.961-0300] {processor.py:208} INFO - Processing /home/gabzarp/.local/lib/python3.10/site-packages/airflow/example_dags/example_bash_decorator.py took 0.055 seconds
[2024-09-12T02:04:20.183-0300] {processor.py:186} INFO - Started process (PID=15059) to work on /home/gabzarp/.local/lib/python3.10/site-packages/airflow/example_dags/example_bash_decorator.py
[2024-09-12T02:04:20.184-0300] {processor.py:914} INFO - Processing file /home/gabzarp/.local/lib/python3.10/site-packages/airflow/example_dags/example_bash_decorator.py for tasks to queue
[2024-09-12T02:04:20.184-0300] {logging_mixin.py:190} INFO - [2024-09-12T02:04:20.184-0300] {dagbag.py:587} INFO - Filling up the DagBag from /home/gabzarp/.local/lib/python3.10/site-packages/airflow/example_dags/example_bash_decorator.py
[2024-09-12T02:04:20.194-0300] {processor.py:925} INFO - DAG(s) 'example_bash_decorator' retrieved from /home/gabzarp/.local/lib/python3.10/site-packages/airflow/example_dags/example_bash_decorator.py
[2024-09-12T02:04:20.206-0300] {logging_mixin.py:190} INFO - [2024-09-12T02:04:20.206-0300] {dag.py:3229} INFO - Sync 1 DAGs
[2024-09-12T02:04:20.215-0300] {logging_mixin.py:190} INFO - [2024-09-12T02:04:20.214-0300] {dag.py:4156} INFO - Setting next_dagrun for example_bash_decorator to None, run_after=None
[2024-09-12T02:04:20.230-0300] {processor.py:208} INFO - Processing /home/gabzarp/.local/lib/python3.10/site-packages/airflow/example_dags/example_bash_decorator.py took 0.051 seconds
[2024-09-12T02:05:14.531-0300] {processor.py:186} INFO - Started process (PID=15483) to work on /home/gabzarp/.local/lib/python3.10/site-packages/airflow/example_dags/example_bash_decorator.py
[2024-09-12T02:05:14.532-0300] {processor.py:914} INFO - Processing file /home/gabzarp/.local/lib/python3.10/site-packages/airflow/example_dags/example_bash_decorator.py for tasks to queue
[2024-09-12T02:05:14.533-0300] {logging_mixin.py:190} INFO - [2024-09-12T02:05:14.533-0300] {dagbag.py:587} INFO - Filling up the DagBag from /home/gabzarp/.local/lib/python3.10/site-packages/airflow/example_dags/example_bash_decorator.py
[2024-09-12T02:05:14.544-0300] {processor.py:925} INFO - DAG(s) 'example_bash_decorator' retrieved from /home/gabzarp/.local/lib/python3.10/site-packages/airflow/example_dags/example_bash_decorator.py
[2024-09-12T02:05:14.557-0300] {logging_mixin.py:190} INFO - [2024-09-12T02:05:14.556-0300] {dag.py:3229} INFO - Sync 1 DAGs
[2024-09-12T02:05:14.565-0300] {logging_mixin.py:190} INFO - [2024-09-12T02:05:14.564-0300] {dag.py:4156} INFO - Setting next_dagrun for example_bash_decorator to None, run_after=None
[2024-09-12T02:05:14.579-0300] {processor.py:208} INFO - Processing /home/gabzarp/.local/lib/python3.10/site-packages/airflow/example_dags/example_bash_decorator.py took 0.051 seconds
[2024-09-12T02:06:07.628-0300] {processor.py:186} INFO - Started process (PID=15902) to work on /home/gabzarp/.local/lib/python3.10/site-packages/airflow/example_dags/example_bash_decorator.py
[2024-09-12T02:06:07.629-0300] {processor.py:914} INFO - Processing file /home/gabzarp/.local/lib/python3.10/site-packages/airflow/example_dags/example_bash_decorator.py for tasks to queue
[2024-09-12T02:06:07.630-0300] {logging_mixin.py:190} INFO - [2024-09-12T02:06:07.630-0300] {dagbag.py:587} INFO - Filling up the DagBag from /home/gabzarp/.local/lib/python3.10/site-packages/airflow/example_dags/example_bash_decorator.py
[2024-09-12T02:06:07.641-0300] {processor.py:925} INFO - DAG(s) 'example_bash_decorator' retrieved from /home/gabzarp/.local/lib/python3.10/site-packages/airflow/example_dags/example_bash_decorator.py
[2024-09-12T02:06:07.654-0300] {logging_mixin.py:190} INFO - [2024-09-12T02:06:07.654-0300] {dag.py:3229} INFO - Sync 1 DAGs
[2024-09-12T02:06:07.663-0300] {logging_mixin.py:190} INFO - [2024-09-12T02:06:07.662-0300] {dag.py:4156} INFO - Setting next_dagrun for example_bash_decorator to None, run_after=None
[2024-09-12T02:06:07.677-0300] {processor.py:208} INFO - Processing /home/gabzarp/.local/lib/python3.10/site-packages/airflow/example_dags/example_bash_decorator.py took 0.053 seconds
[2024-09-12T02:06:58.423-0300] {processor.py:186} INFO - Started process (PID=16306) to work on /home/gabzarp/.local/lib/python3.10/site-packages/airflow/example_dags/example_bash_decorator.py
[2024-09-12T02:06:58.424-0300] {processor.py:914} INFO - Processing file /home/gabzarp/.local/lib/python3.10/site-packages/airflow/example_dags/example_bash_decorator.py for tasks to queue
[2024-09-12T02:06:58.425-0300] {logging_mixin.py:190} INFO - [2024-09-12T02:06:58.425-0300] {dagbag.py:587} INFO - Filling up the DagBag from /home/gabzarp/.local/lib/python3.10/site-packages/airflow/example_dags/example_bash_decorator.py
[2024-09-12T02:06:58.435-0300] {processor.py:925} INFO - DAG(s) 'example_bash_decorator' retrieved from /home/gabzarp/.local/lib/python3.10/site-packages/airflow/example_dags/example_bash_decorator.py
[2024-09-12T02:06:58.447-0300] {logging_mixin.py:190} INFO - [2024-09-12T02:06:58.447-0300] {dag.py:3229} INFO - Sync 1 DAGs
[2024-09-12T02:06:58.455-0300] {logging_mixin.py:190} INFO - [2024-09-12T02:06:58.455-0300] {dag.py:4156} INFO - Setting next_dagrun for example_bash_decorator to None, run_after=None
[2024-09-12T02:06:58.470-0300] {processor.py:208} INFO - Processing /home/gabzarp/.local/lib/python3.10/site-packages/airflow/example_dags/example_bash_decorator.py took 0.050 seconds
[2024-09-12T02:08:09.221-0300] {processor.py:186} INFO - Started process (PID=16863) to work on /home/gabzarp/.local/lib/python3.10/site-packages/airflow/example_dags/example_bash_decorator.py
[2024-09-12T02:08:09.222-0300] {processor.py:914} INFO - Processing file /home/gabzarp/.local/lib/python3.10/site-packages/airflow/example_dags/example_bash_decorator.py for tasks to queue
[2024-09-12T02:08:09.223-0300] {logging_mixin.py:190} INFO - [2024-09-12T02:08:09.223-0300] {dagbag.py:587} INFO - Filling up the DagBag from /home/gabzarp/.local/lib/python3.10/site-packages/airflow/example_dags/example_bash_decorator.py
[2024-09-12T02:08:09.232-0300] {processor.py:925} INFO - DAG(s) 'example_bash_decorator' retrieved from /home/gabzarp/.local/lib/python3.10/site-packages/airflow/example_dags/example_bash_decorator.py
[2024-09-12T02:08:09.244-0300] {logging_mixin.py:190} INFO - [2024-09-12T02:08:09.244-0300] {dag.py:3229} INFO - Sync 1 DAGs
[2024-09-12T02:08:09.252-0300] {logging_mixin.py:190} INFO - [2024-09-12T02:08:09.252-0300] {dag.py:4156} INFO - Setting next_dagrun for example_bash_decorator to None, run_after=None
[2024-09-12T02:08:09.267-0300] {processor.py:208} INFO - Processing /home/gabzarp/.local/lib/python3.10/site-packages/airflow/example_dags/example_bash_decorator.py took 0.049 seconds
[2024-09-12T02:09:00.612-0300] {processor.py:186} INFO - Started process (PID=17269) to work on /home/gabzarp/.local/lib/python3.10/site-packages/airflow/example_dags/example_bash_decorator.py
[2024-09-12T02:09:00.613-0300] {processor.py:914} INFO - Processing file /home/gabzarp/.local/lib/python3.10/site-packages/airflow/example_dags/example_bash_decorator.py for tasks to queue
[2024-09-12T02:09:00.614-0300] {logging_mixin.py:190} INFO - [2024-09-12T02:09:00.614-0300] {dagbag.py:587} INFO - Filling up the DagBag from /home/gabzarp/.local/lib/python3.10/site-packages/airflow/example_dags/example_bash_decorator.py
[2024-09-12T02:09:00.624-0300] {processor.py:925} INFO - DAG(s) 'example_bash_decorator' retrieved from /home/gabzarp/.local/lib/python3.10/site-packages/airflow/example_dags/example_bash_decorator.py
[2024-09-12T02:09:00.637-0300] {logging_mixin.py:190} INFO - [2024-09-12T02:09:00.637-0300] {dag.py:3229} INFO - Sync 1 DAGs
[2024-09-12T02:09:00.646-0300] {logging_mixin.py:190} INFO - [2024-09-12T02:09:00.645-0300] {dag.py:4156} INFO - Setting next_dagrun for example_bash_decorator to None, run_after=None
[2024-09-12T02:09:00.661-0300] {processor.py:208} INFO - Processing /home/gabzarp/.local/lib/python3.10/site-packages/airflow/example_dags/example_bash_decorator.py took 0.052 seconds
[2024-09-12T02:09:53.623-0300] {processor.py:186} INFO - Started process (PID=17843) to work on /home/gabzarp/.local/lib/python3.10/site-packages/airflow/example_dags/example_bash_decorator.py
[2024-09-12T02:09:53.624-0300] {processor.py:914} INFO - Processing file /home/gabzarp/.local/lib/python3.10/site-packages/airflow/example_dags/example_bash_decorator.py for tasks to queue
[2024-09-12T02:09:53.625-0300] {logging_mixin.py:190} INFO - [2024-09-12T02:09:53.625-0300] {dagbag.py:587} INFO - Filling up the DagBag from /home/gabzarp/.local/lib/python3.10/site-packages/airflow/example_dags/example_bash_decorator.py
[2024-09-12T02:09:53.635-0300] {processor.py:925} INFO - DAG(s) 'example_bash_decorator' retrieved from /home/gabzarp/.local/lib/python3.10/site-packages/airflow/example_dags/example_bash_decorator.py
[2024-09-12T02:09:53.647-0300] {logging_mixin.py:190} INFO - [2024-09-12T02:09:53.647-0300] {dag.py:3229} INFO - Sync 1 DAGs
[2024-09-12T02:09:53.655-0300] {logging_mixin.py:190} INFO - [2024-09-12T02:09:53.655-0300] {dag.py:4156} INFO - Setting next_dagrun for example_bash_decorator to None, run_after=None
[2024-09-12T02:09:53.783-0300] {processor.py:208} INFO - Processing /home/gabzarp/.local/lib/python3.10/site-packages/airflow/example_dags/example_bash_decorator.py took 0.165 seconds
