[2024-09-12T01:39:56.447-0300] {processor.py:186} INFO - Started process (PID=2708) to work on /home/gabzarp/.local/lib/python3.10/site-packages/airflow/example_dags/example_bash_operator.py
[2024-09-12T01:39:56.447-0300] {processor.py:914} INFO - Processing file /home/gabzarp/.local/lib/python3.10/site-packages/airflow/example_dags/example_bash_operator.py for tasks to queue
[2024-09-12T01:39:56.448-0300] {logging_mixin.py:190} INFO - [2024-09-12T01:39:56.448-0300] {dagbag.py:587} INFO - Filling up the DagBag from /home/gabzarp/.local/lib/python3.10/site-packages/airflow/example_dags/example_bash_operator.py
[2024-09-12T01:39:56.457-0300] {processor.py:925} INFO - DAG(s) 'example_bash_operator' retrieved from /home/gabzarp/.local/lib/python3.10/site-packages/airflow/example_dags/example_bash_operator.py
[2024-09-12T01:39:56.529-0300] {logging_mixin.py:190} INFO - [2024-09-12T01:39:56.529-0300] {override.py:1900} INFO - Created Permission View: can edit on DAG:example_bash_operator
[2024-09-12T01:39:56.539-0300] {logging_mixin.py:190} INFO - [2024-09-12T01:39:56.538-0300] {override.py:1900} INFO - Created Permission View: can read on DAG:example_bash_operator
[2024-09-12T01:39:56.546-0300] {logging_mixin.py:190} INFO - [2024-09-12T01:39:56.546-0300] {override.py:1900} INFO - Created Permission View: can delete on DAG:example_bash_operator
[2024-09-12T01:39:56.558-0300] {logging_mixin.py:190} INFO - [2024-09-12T01:39:56.557-0300] {override.py:1900} INFO - Created Permission View: can read on DAG Run:example_bash_operator
[2024-09-12T01:39:56.565-0300] {logging_mixin.py:190} INFO - [2024-09-12T01:39:56.565-0300] {override.py:1900} INFO - Created Permission View: can create on DAG Run:example_bash_operator
[2024-09-12T01:39:56.571-0300] {logging_mixin.py:190} INFO - [2024-09-12T01:39:56.571-0300] {override.py:1900} INFO - Created Permission View: menu access on DAG Run:example_bash_operator
[2024-09-12T01:39:56.578-0300] {logging_mixin.py:190} INFO - [2024-09-12T01:39:56.578-0300] {override.py:1900} INFO - Created Permission View: can delete on DAG Run:example_bash_operator
[2024-09-12T01:39:56.578-0300] {logging_mixin.py:190} INFO - [2024-09-12T01:39:56.578-0300] {dag.py:3229} INFO - Sync 1 DAGs
[2024-09-12T01:39:56.586-0300] {logging_mixin.py:190} INFO - [2024-09-12T01:39:56.585-0300] {dag.py:3252} INFO - Creating ORM DAG for example_bash_operator
[2024-09-12T01:39:56.591-0300] {logging_mixin.py:190} INFO - [2024-09-12T01:39:56.591-0300] {dag.py:4156} INFO - Setting next_dagrun for example_bash_operator to 2024-09-11 00:00:00+00:00, run_after=2024-09-12 00:00:00+00:00
[2024-09-12T01:39:56.604-0300] {processor.py:208} INFO - Processing /home/gabzarp/.local/lib/python3.10/site-packages/airflow/example_dags/example_bash_operator.py took 0.161 seconds
[2024-09-12T01:40:53.150-0300] {processor.py:186} INFO - Started process (PID=2992) to work on /home/gabzarp/.local/lib/python3.10/site-packages/airflow/example_dags/example_bash_operator.py
[2024-09-12T01:40:53.151-0300] {processor.py:914} INFO - Processing file /home/gabzarp/.local/lib/python3.10/site-packages/airflow/example_dags/example_bash_operator.py for tasks to queue
[2024-09-12T01:40:53.152-0300] {logging_mixin.py:190} INFO - [2024-09-12T01:40:53.152-0300] {dagbag.py:587} INFO - Filling up the DagBag from /home/gabzarp/.local/lib/python3.10/site-packages/airflow/example_dags/example_bash_operator.py
[2024-09-12T01:40:53.160-0300] {processor.py:925} INFO - DAG(s) 'example_bash_operator' retrieved from /home/gabzarp/.local/lib/python3.10/site-packages/airflow/example_dags/example_bash_operator.py
[2024-09-12T01:40:53.175-0300] {logging_mixin.py:190} INFO - [2024-09-12T01:40:53.175-0300] {dag.py:3229} INFO - Sync 1 DAGs
[2024-09-12T01:40:53.189-0300] {logging_mixin.py:190} INFO - [2024-09-12T01:40:53.188-0300] {dag.py:4156} INFO - Setting next_dagrun for example_bash_operator to 2024-09-11 00:00:00+00:00, run_after=2024-09-12 00:00:00+00:00
[2024-09-12T01:40:53.203-0300] {processor.py:208} INFO - Processing /home/gabzarp/.local/lib/python3.10/site-packages/airflow/example_dags/example_bash_operator.py took 0.057 seconds
[2024-09-12T01:41:46.291-0300] {processor.py:186} INFO - Started process (PID=3340) to work on /home/gabzarp/.local/lib/python3.10/site-packages/airflow/example_dags/example_bash_operator.py
[2024-09-12T01:41:46.292-0300] {processor.py:914} INFO - Processing file /home/gabzarp/.local/lib/python3.10/site-packages/airflow/example_dags/example_bash_operator.py for tasks to queue
[2024-09-12T01:41:46.293-0300] {logging_mixin.py:190} INFO - [2024-09-12T01:41:46.293-0300] {dagbag.py:587} INFO - Filling up the DagBag from /home/gabzarp/.local/lib/python3.10/site-packages/airflow/example_dags/example_bash_operator.py
[2024-09-12T01:41:46.301-0300] {processor.py:925} INFO - DAG(s) 'example_bash_operator' retrieved from /home/gabzarp/.local/lib/python3.10/site-packages/airflow/example_dags/example_bash_operator.py
[2024-09-12T01:41:46.321-0300] {logging_mixin.py:190} INFO - [2024-09-12T01:41:46.321-0300] {dag.py:3229} INFO - Sync 1 DAGs
[2024-09-12T01:41:46.334-0300] {logging_mixin.py:190} INFO - [2024-09-12T01:41:46.334-0300] {dag.py:4156} INFO - Setting next_dagrun for example_bash_operator to 2024-09-11 00:00:00+00:00, run_after=2024-09-12 00:00:00+00:00
[2024-09-12T01:41:46.349-0300] {processor.py:208} INFO - Processing /home/gabzarp/.local/lib/python3.10/site-packages/airflow/example_dags/example_bash_operator.py took 0.062 seconds
[2024-09-12T01:42:38.792-0300] {processor.py:186} INFO - Started process (PID=3604) to work on /home/gabzarp/.local/lib/python3.10/site-packages/airflow/example_dags/example_bash_operator.py
[2024-09-12T01:42:38.793-0300] {processor.py:914} INFO - Processing file /home/gabzarp/.local/lib/python3.10/site-packages/airflow/example_dags/example_bash_operator.py for tasks to queue
[2024-09-12T01:42:38.794-0300] {logging_mixin.py:190} INFO - [2024-09-12T01:42:38.794-0300] {dagbag.py:587} INFO - Filling up the DagBag from /home/gabzarp/.local/lib/python3.10/site-packages/airflow/example_dags/example_bash_operator.py
[2024-09-12T01:42:38.803-0300] {processor.py:925} INFO - DAG(s) 'example_bash_operator' retrieved from /home/gabzarp/.local/lib/python3.10/site-packages/airflow/example_dags/example_bash_operator.py
[2024-09-12T01:42:38.818-0300] {logging_mixin.py:190} INFO - [2024-09-12T01:42:38.818-0300] {dag.py:3229} INFO - Sync 1 DAGs
[2024-09-12T01:42:38.831-0300] {logging_mixin.py:190} INFO - [2024-09-12T01:42:38.831-0300] {dag.py:4156} INFO - Setting next_dagrun for example_bash_operator to 2024-09-11 00:00:00+00:00, run_after=2024-09-12 00:00:00+00:00
[2024-09-12T01:42:38.845-0300] {processor.py:208} INFO - Processing /home/gabzarp/.local/lib/python3.10/site-packages/airflow/example_dags/example_bash_operator.py took 0.057 seconds
[2024-09-12T01:43:28.895-0300] {processor.py:186} INFO - Started process (PID=3856) to work on /home/gabzarp/.local/lib/python3.10/site-packages/airflow/example_dags/example_bash_operator.py
[2024-09-12T01:43:28.896-0300] {processor.py:914} INFO - Processing file /home/gabzarp/.local/lib/python3.10/site-packages/airflow/example_dags/example_bash_operator.py for tasks to queue
[2024-09-12T01:43:28.897-0300] {logging_mixin.py:190} INFO - [2024-09-12T01:43:28.897-0300] {dagbag.py:587} INFO - Filling up the DagBag from /home/gabzarp/.local/lib/python3.10/site-packages/airflow/example_dags/example_bash_operator.py
[2024-09-12T01:43:28.906-0300] {processor.py:925} INFO - DAG(s) 'example_bash_operator' retrieved from /home/gabzarp/.local/lib/python3.10/site-packages/airflow/example_dags/example_bash_operator.py
[2024-09-12T01:43:28.922-0300] {logging_mixin.py:190} INFO - [2024-09-12T01:43:28.922-0300] {dag.py:3229} INFO - Sync 1 DAGs
[2024-09-12T01:43:28.935-0300] {logging_mixin.py:190} INFO - [2024-09-12T01:43:28.935-0300] {dag.py:4156} INFO - Setting next_dagrun for example_bash_operator to 2024-09-11 00:00:00+00:00, run_after=2024-09-12 00:00:00+00:00
[2024-09-12T01:43:28.950-0300] {processor.py:208} INFO - Processing /home/gabzarp/.local/lib/python3.10/site-packages/airflow/example_dags/example_bash_operator.py took 0.059 seconds
[2024-09-12T01:45:08.504-0300] {processor.py:186} INFO - Started process (PID=5097) to work on /home/gabzarp/.local/lib/python3.10/site-packages/airflow/example_dags/example_bash_operator.py
[2024-09-12T01:45:08.505-0300] {processor.py:914} INFO - Processing file /home/gabzarp/.local/lib/python3.10/site-packages/airflow/example_dags/example_bash_operator.py for tasks to queue
[2024-09-12T01:45:08.506-0300] {logging_mixin.py:190} INFO - [2024-09-12T01:45:08.506-0300] {dagbag.py:587} INFO - Filling up the DagBag from /home/gabzarp/.local/lib/python3.10/site-packages/airflow/example_dags/example_bash_operator.py
[2024-09-12T01:45:08.516-0300] {processor.py:925} INFO - DAG(s) 'example_bash_operator' retrieved from /home/gabzarp/.local/lib/python3.10/site-packages/airflow/example_dags/example_bash_operator.py
[2024-09-12T01:45:08.533-0300] {logging_mixin.py:190} INFO - [2024-09-12T01:45:08.532-0300] {dag.py:3229} INFO - Sync 1 DAGs
[2024-09-12T01:45:08.549-0300] {logging_mixin.py:190} INFO - [2024-09-12T01:45:08.548-0300] {dag.py:4156} INFO - Setting next_dagrun for example_bash_operator to 2024-09-11 00:00:00+00:00, run_after=2024-09-12 00:00:00+00:00
[2024-09-12T01:45:08.565-0300] {processor.py:208} INFO - Processing /home/gabzarp/.local/lib/python3.10/site-packages/airflow/example_dags/example_bash_operator.py took 0.065 seconds
[2024-09-12T01:45:59.838-0300] {processor.py:186} INFO - Started process (PID=5510) to work on /home/gabzarp/.local/lib/python3.10/site-packages/airflow/example_dags/example_bash_operator.py
[2024-09-12T01:45:59.839-0300] {processor.py:914} INFO - Processing file /home/gabzarp/.local/lib/python3.10/site-packages/airflow/example_dags/example_bash_operator.py for tasks to queue
[2024-09-12T01:45:59.840-0300] {logging_mixin.py:190} INFO - [2024-09-12T01:45:59.840-0300] {dagbag.py:587} INFO - Filling up the DagBag from /home/gabzarp/.local/lib/python3.10/site-packages/airflow/example_dags/example_bash_operator.py
[2024-09-12T01:45:59.853-0300] {processor.py:925} INFO - DAG(s) 'example_bash_operator' retrieved from /home/gabzarp/.local/lib/python3.10/site-packages/airflow/example_dags/example_bash_operator.py
[2024-09-12T01:45:59.875-0300] {logging_mixin.py:190} INFO - [2024-09-12T01:45:59.874-0300] {dag.py:3229} INFO - Sync 1 DAGs
[2024-09-12T01:45:59.895-0300] {logging_mixin.py:190} INFO - [2024-09-12T01:45:59.894-0300] {dag.py:4156} INFO - Setting next_dagrun for example_bash_operator to 2024-09-11 00:00:00+00:00, run_after=2024-09-12 00:00:00+00:00
[2024-09-12T01:45:59.912-0300] {processor.py:208} INFO - Processing /home/gabzarp/.local/lib/python3.10/site-packages/airflow/example_dags/example_bash_operator.py took 0.078 seconds
[2024-09-12T01:46:50.919-0300] {processor.py:186} INFO - Started process (PID=5923) to work on /home/gabzarp/.local/lib/python3.10/site-packages/airflow/example_dags/example_bash_operator.py
[2024-09-12T01:46:50.920-0300] {processor.py:914} INFO - Processing file /home/gabzarp/.local/lib/python3.10/site-packages/airflow/example_dags/example_bash_operator.py for tasks to queue
[2024-09-12T01:46:50.921-0300] {logging_mixin.py:190} INFO - [2024-09-12T01:46:50.921-0300] {dagbag.py:587} INFO - Filling up the DagBag from /home/gabzarp/.local/lib/python3.10/site-packages/airflow/example_dags/example_bash_operator.py
[2024-09-12T01:46:50.930-0300] {processor.py:925} INFO - DAG(s) 'example_bash_operator' retrieved from /home/gabzarp/.local/lib/python3.10/site-packages/airflow/example_dags/example_bash_operator.py
[2024-09-12T01:46:50.947-0300] {logging_mixin.py:190} INFO - [2024-09-12T01:46:50.947-0300] {dag.py:3229} INFO - Sync 1 DAGs
[2024-09-12T01:46:50.961-0300] {logging_mixin.py:190} INFO - [2024-09-12T01:46:50.961-0300] {dag.py:4156} INFO - Setting next_dagrun for example_bash_operator to 2024-09-11 00:00:00+00:00, run_after=2024-09-12 00:00:00+00:00
[2024-09-12T01:46:50.978-0300] {processor.py:208} INFO - Processing /home/gabzarp/.local/lib/python3.10/site-packages/airflow/example_dags/example_bash_operator.py took 0.063 seconds
[2024-09-12T01:47:40.014-0300] {processor.py:186} INFO - Started process (PID=6317) to work on /home/gabzarp/.local/lib/python3.10/site-packages/airflow/example_dags/example_bash_operator.py
[2024-09-12T01:47:40.015-0300] {processor.py:914} INFO - Processing file /home/gabzarp/.local/lib/python3.10/site-packages/airflow/example_dags/example_bash_operator.py for tasks to queue
[2024-09-12T01:47:40.016-0300] {logging_mixin.py:190} INFO - [2024-09-12T01:47:40.016-0300] {dagbag.py:587} INFO - Filling up the DagBag from /home/gabzarp/.local/lib/python3.10/site-packages/airflow/example_dags/example_bash_operator.py
[2024-09-12T01:47:40.025-0300] {processor.py:925} INFO - DAG(s) 'example_bash_operator' retrieved from /home/gabzarp/.local/lib/python3.10/site-packages/airflow/example_dags/example_bash_operator.py
[2024-09-12T01:47:40.041-0300] {logging_mixin.py:190} INFO - [2024-09-12T01:47:40.041-0300] {dag.py:3229} INFO - Sync 1 DAGs
[2024-09-12T01:47:40.055-0300] {logging_mixin.py:190} INFO - [2024-09-12T01:47:40.055-0300] {dag.py:4156} INFO - Setting next_dagrun for example_bash_operator to 2024-09-11 00:00:00+00:00, run_after=2024-09-12 00:00:00+00:00
[2024-09-12T01:47:40.072-0300] {processor.py:208} INFO - Processing /home/gabzarp/.local/lib/python3.10/site-packages/airflow/example_dags/example_bash_operator.py took 0.062 seconds
[2024-09-12T01:48:30.302-0300] {processor.py:186} INFO - Started process (PID=6823) to work on /home/gabzarp/.local/lib/python3.10/site-packages/airflow/example_dags/example_bash_operator.py
[2024-09-12T01:48:30.303-0300] {processor.py:914} INFO - Processing file /home/gabzarp/.local/lib/python3.10/site-packages/airflow/example_dags/example_bash_operator.py for tasks to queue
[2024-09-12T01:48:30.304-0300] {logging_mixin.py:190} INFO - [2024-09-12T01:48:30.304-0300] {dagbag.py:587} INFO - Filling up the DagBag from /home/gabzarp/.local/lib/python3.10/site-packages/airflow/example_dags/example_bash_operator.py
[2024-09-12T01:48:30.313-0300] {processor.py:925} INFO - DAG(s) 'example_bash_operator' retrieved from /home/gabzarp/.local/lib/python3.10/site-packages/airflow/example_dags/example_bash_operator.py
[2024-09-12T01:48:30.328-0300] {logging_mixin.py:190} INFO - [2024-09-12T01:48:30.328-0300] {dag.py:3229} INFO - Sync 1 DAGs
[2024-09-12T01:48:30.341-0300] {logging_mixin.py:190} INFO - [2024-09-12T01:48:30.341-0300] {dag.py:4156} INFO - Setting next_dagrun for example_bash_operator to 2024-09-11 00:00:00+00:00, run_after=2024-09-12 00:00:00+00:00
[2024-09-12T01:48:30.357-0300] {processor.py:208} INFO - Processing /home/gabzarp/.local/lib/python3.10/site-packages/airflow/example_dags/example_bash_operator.py took 0.059 seconds
[2024-09-12T01:49:21.665-0300] {processor.py:186} INFO - Started process (PID=7258) to work on /home/gabzarp/.local/lib/python3.10/site-packages/airflow/example_dags/example_bash_operator.py
[2024-09-12T01:49:21.666-0300] {processor.py:914} INFO - Processing file /home/gabzarp/.local/lib/python3.10/site-packages/airflow/example_dags/example_bash_operator.py for tasks to queue
[2024-09-12T01:49:21.667-0300] {logging_mixin.py:190} INFO - [2024-09-12T01:49:21.666-0300] {dagbag.py:587} INFO - Filling up the DagBag from /home/gabzarp/.local/lib/python3.10/site-packages/airflow/example_dags/example_bash_operator.py
[2024-09-12T01:49:21.678-0300] {processor.py:925} INFO - DAG(s) 'example_bash_operator' retrieved from /home/gabzarp/.local/lib/python3.10/site-packages/airflow/example_dags/example_bash_operator.py
[2024-09-12T01:49:21.698-0300] {logging_mixin.py:190} INFO - [2024-09-12T01:49:21.698-0300] {dag.py:3229} INFO - Sync 1 DAGs
[2024-09-12T01:49:21.714-0300] {logging_mixin.py:190} INFO - [2024-09-12T01:49:21.714-0300] {dag.py:4156} INFO - Setting next_dagrun for example_bash_operator to 2024-09-11 00:00:00+00:00, run_after=2024-09-12 00:00:00+00:00
[2024-09-12T01:49:21.732-0300] {processor.py:208} INFO - Processing /home/gabzarp/.local/lib/python3.10/site-packages/airflow/example_dags/example_bash_operator.py took 0.071 seconds
[2024-09-12T01:50:12.062-0300] {processor.py:186} INFO - Started process (PID=7734) to work on /home/gabzarp/.local/lib/python3.10/site-packages/airflow/example_dags/example_bash_operator.py
[2024-09-12T01:50:12.063-0300] {processor.py:914} INFO - Processing file /home/gabzarp/.local/lib/python3.10/site-packages/airflow/example_dags/example_bash_operator.py for tasks to queue
[2024-09-12T01:50:12.063-0300] {logging_mixin.py:190} INFO - [2024-09-12T01:50:12.063-0300] {dagbag.py:587} INFO - Filling up the DagBag from /home/gabzarp/.local/lib/python3.10/site-packages/airflow/example_dags/example_bash_operator.py
[2024-09-12T01:50:12.072-0300] {processor.py:925} INFO - DAG(s) 'example_bash_operator' retrieved from /home/gabzarp/.local/lib/python3.10/site-packages/airflow/example_dags/example_bash_operator.py
[2024-09-12T01:50:12.087-0300] {logging_mixin.py:190} INFO - [2024-09-12T01:50:12.087-0300] {dag.py:3229} INFO - Sync 1 DAGs
[2024-09-12T01:50:12.099-0300] {logging_mixin.py:190} INFO - [2024-09-12T01:50:12.099-0300] {dag.py:4156} INFO - Setting next_dagrun for example_bash_operator to 2024-09-11 00:00:00+00:00, run_after=2024-09-12 00:00:00+00:00
[2024-09-12T01:50:12.114-0300] {processor.py:208} INFO - Processing /home/gabzarp/.local/lib/python3.10/site-packages/airflow/example_dags/example_bash_operator.py took 0.056 seconds
[2024-09-12T01:51:22.260-0300] {processor.py:186} INFO - Started process (PID=8339) to work on /home/gabzarp/.local/lib/python3.10/site-packages/airflow/example_dags/example_bash_operator.py
[2024-09-12T01:51:22.261-0300] {processor.py:914} INFO - Processing file /home/gabzarp/.local/lib/python3.10/site-packages/airflow/example_dags/example_bash_operator.py for tasks to queue
[2024-09-12T01:51:22.261-0300] {logging_mixin.py:190} INFO - [2024-09-12T01:51:22.261-0300] {dagbag.py:587} INFO - Filling up the DagBag from /home/gabzarp/.local/lib/python3.10/site-packages/airflow/example_dags/example_bash_operator.py
[2024-09-12T01:51:22.270-0300] {processor.py:925} INFO - DAG(s) 'example_bash_operator' retrieved from /home/gabzarp/.local/lib/python3.10/site-packages/airflow/example_dags/example_bash_operator.py
[2024-09-12T01:51:22.285-0300] {logging_mixin.py:190} INFO - [2024-09-12T01:51:22.285-0300] {dag.py:3229} INFO - Sync 1 DAGs
[2024-09-12T01:51:22.299-0300] {logging_mixin.py:190} INFO - [2024-09-12T01:51:22.299-0300] {dag.py:4156} INFO - Setting next_dagrun for example_bash_operator to 2024-09-11 00:00:00+00:00, run_after=2024-09-12 00:00:00+00:00
[2024-09-12T01:51:22.313-0300] {processor.py:208} INFO - Processing /home/gabzarp/.local/lib/python3.10/site-packages/airflow/example_dags/example_bash_operator.py took 0.056 seconds
[2024-09-12T01:52:13.325-0300] {processor.py:186} INFO - Started process (PID=8852) to work on /home/gabzarp/.local/lib/python3.10/site-packages/airflow/example_dags/example_bash_operator.py
[2024-09-12T01:52:13.326-0300] {processor.py:914} INFO - Processing file /home/gabzarp/.local/lib/python3.10/site-packages/airflow/example_dags/example_bash_operator.py for tasks to queue
[2024-09-12T01:52:13.327-0300] {logging_mixin.py:190} INFO - [2024-09-12T01:52:13.327-0300] {dagbag.py:587} INFO - Filling up the DagBag from /home/gabzarp/.local/lib/python3.10/site-packages/airflow/example_dags/example_bash_operator.py
[2024-09-12T01:52:13.335-0300] {processor.py:925} INFO - DAG(s) 'example_bash_operator' retrieved from /home/gabzarp/.local/lib/python3.10/site-packages/airflow/example_dags/example_bash_operator.py
[2024-09-12T01:52:13.350-0300] {logging_mixin.py:190} INFO - [2024-09-12T01:52:13.350-0300] {dag.py:3229} INFO - Sync 1 DAGs
[2024-09-12T01:52:13.362-0300] {logging_mixin.py:190} INFO - [2024-09-12T01:52:13.362-0300] {dag.py:4156} INFO - Setting next_dagrun for example_bash_operator to 2024-09-11 00:00:00+00:00, run_after=2024-09-12 00:00:00+00:00
[2024-09-12T01:52:13.411-0300] {processor.py:208} INFO - Processing /home/gabzarp/.local/lib/python3.10/site-packages/airflow/example_dags/example_bash_operator.py took 0.089 seconds
[2024-09-12T01:53:07.018-0300] {processor.py:186} INFO - Started process (PID=9430) to work on /home/gabzarp/.local/lib/python3.10/site-packages/airflow/example_dags/example_bash_operator.py
[2024-09-12T01:53:07.019-0300] {processor.py:914} INFO - Processing file /home/gabzarp/.local/lib/python3.10/site-packages/airflow/example_dags/example_bash_operator.py for tasks to queue
[2024-09-12T01:53:07.020-0300] {logging_mixin.py:190} INFO - [2024-09-12T01:53:07.020-0300] {dagbag.py:587} INFO - Filling up the DagBag from /home/gabzarp/.local/lib/python3.10/site-packages/airflow/example_dags/example_bash_operator.py
[2024-09-12T01:53:07.029-0300] {processor.py:925} INFO - DAG(s) 'example_bash_operator' retrieved from /home/gabzarp/.local/lib/python3.10/site-packages/airflow/example_dags/example_bash_operator.py
[2024-09-12T01:53:07.044-0300] {logging_mixin.py:190} INFO - [2024-09-12T01:53:07.044-0300] {dag.py:3229} INFO - Sync 1 DAGs
[2024-09-12T01:53:07.057-0300] {logging_mixin.py:190} INFO - [2024-09-12T01:53:07.057-0300] {dag.py:4156} INFO - Setting next_dagrun for example_bash_operator to 2024-09-11 00:00:00+00:00, run_after=2024-09-12 00:00:00+00:00
[2024-09-12T01:53:07.072-0300] {processor.py:208} INFO - Processing /home/gabzarp/.local/lib/python3.10/site-packages/airflow/example_dags/example_bash_operator.py took 0.057 seconds
[2024-09-12T01:53:58.386-0300] {processor.py:186} INFO - Started process (PID=9860) to work on /home/gabzarp/.local/lib/python3.10/site-packages/airflow/example_dags/example_bash_operator.py
[2024-09-12T01:53:58.387-0300] {processor.py:914} INFO - Processing file /home/gabzarp/.local/lib/python3.10/site-packages/airflow/example_dags/example_bash_operator.py for tasks to queue
[2024-09-12T01:53:58.387-0300] {logging_mixin.py:190} INFO - [2024-09-12T01:53:58.387-0300] {dagbag.py:587} INFO - Filling up the DagBag from /home/gabzarp/.local/lib/python3.10/site-packages/airflow/example_dags/example_bash_operator.py
[2024-09-12T01:53:58.396-0300] {processor.py:925} INFO - DAG(s) 'example_bash_operator' retrieved from /home/gabzarp/.local/lib/python3.10/site-packages/airflow/example_dags/example_bash_operator.py
[2024-09-12T01:53:58.412-0300] {logging_mixin.py:190} INFO - [2024-09-12T01:53:58.412-0300] {dag.py:3229} INFO - Sync 1 DAGs
[2024-09-12T01:53:58.427-0300] {logging_mixin.py:190} INFO - [2024-09-12T01:53:58.427-0300] {dag.py:4156} INFO - Setting next_dagrun for example_bash_operator to 2024-09-11 00:00:00+00:00, run_after=2024-09-12 00:00:00+00:00
[2024-09-12T01:53:58.488-0300] {processor.py:208} INFO - Processing /home/gabzarp/.local/lib/python3.10/site-packages/airflow/example_dags/example_bash_operator.py took 0.105 seconds
[2024-09-12T01:54:49.492-0300] {processor.py:186} INFO - Started process (PID=10272) to work on /home/gabzarp/.local/lib/python3.10/site-packages/airflow/example_dags/example_bash_operator.py
[2024-09-12T01:54:49.493-0300] {processor.py:914} INFO - Processing file /home/gabzarp/.local/lib/python3.10/site-packages/airflow/example_dags/example_bash_operator.py for tasks to queue
[2024-09-12T01:54:49.494-0300] {logging_mixin.py:190} INFO - [2024-09-12T01:54:49.494-0300] {dagbag.py:587} INFO - Filling up the DagBag from /home/gabzarp/.local/lib/python3.10/site-packages/airflow/example_dags/example_bash_operator.py
[2024-09-12T01:54:49.503-0300] {processor.py:925} INFO - DAG(s) 'example_bash_operator' retrieved from /home/gabzarp/.local/lib/python3.10/site-packages/airflow/example_dags/example_bash_operator.py
[2024-09-12T01:54:49.520-0300] {logging_mixin.py:190} INFO - [2024-09-12T01:54:49.520-0300] {dag.py:3229} INFO - Sync 1 DAGs
[2024-09-12T01:54:49.534-0300] {logging_mixin.py:190} INFO - [2024-09-12T01:54:49.534-0300] {dag.py:4156} INFO - Setting next_dagrun for example_bash_operator to 2024-09-11 00:00:00+00:00, run_after=2024-09-12 00:00:00+00:00
[2024-09-12T01:54:49.549-0300] {processor.py:208} INFO - Processing /home/gabzarp/.local/lib/python3.10/site-packages/airflow/example_dags/example_bash_operator.py took 0.060 seconds
[2024-09-12T01:55:42.896-0300] {processor.py:186} INFO - Started process (PID=10694) to work on /home/gabzarp/.local/lib/python3.10/site-packages/airflow/example_dags/example_bash_operator.py
[2024-09-12T01:55:42.897-0300] {processor.py:914} INFO - Processing file /home/gabzarp/.local/lib/python3.10/site-packages/airflow/example_dags/example_bash_operator.py for tasks to queue
[2024-09-12T01:55:42.898-0300] {logging_mixin.py:190} INFO - [2024-09-12T01:55:42.898-0300] {dagbag.py:587} INFO - Filling up the DagBag from /home/gabzarp/.local/lib/python3.10/site-packages/airflow/example_dags/example_bash_operator.py
[2024-09-12T01:55:42.906-0300] {processor.py:925} INFO - DAG(s) 'example_bash_operator' retrieved from /home/gabzarp/.local/lib/python3.10/site-packages/airflow/example_dags/example_bash_operator.py
[2024-09-12T01:55:42.921-0300] {logging_mixin.py:190} INFO - [2024-09-12T01:55:42.921-0300] {dag.py:3229} INFO - Sync 1 DAGs
[2024-09-12T01:55:42.934-0300] {logging_mixin.py:190} INFO - [2024-09-12T01:55:42.934-0300] {dag.py:4156} INFO - Setting next_dagrun for example_bash_operator to 2024-09-11 00:00:00+00:00, run_after=2024-09-12 00:00:00+00:00
[2024-09-12T01:55:42.948-0300] {processor.py:208} INFO - Processing /home/gabzarp/.local/lib/python3.10/site-packages/airflow/example_dags/example_bash_operator.py took 0.055 seconds
[2024-09-12T01:56:38.105-0300] {processor.py:186} INFO - Started process (PID=11155) to work on /home/gabzarp/.local/lib/python3.10/site-packages/airflow/example_dags/example_bash_operator.py
[2024-09-12T01:56:38.106-0300] {processor.py:914} INFO - Processing file /home/gabzarp/.local/lib/python3.10/site-packages/airflow/example_dags/example_bash_operator.py for tasks to queue
[2024-09-12T01:56:38.107-0300] {logging_mixin.py:190} INFO - [2024-09-12T01:56:38.107-0300] {dagbag.py:587} INFO - Filling up the DagBag from /home/gabzarp/.local/lib/python3.10/site-packages/airflow/example_dags/example_bash_operator.py
[2024-09-12T01:56:38.115-0300] {processor.py:925} INFO - DAG(s) 'example_bash_operator' retrieved from /home/gabzarp/.local/lib/python3.10/site-packages/airflow/example_dags/example_bash_operator.py
[2024-09-12T01:56:38.130-0300] {logging_mixin.py:190} INFO - [2024-09-12T01:56:38.130-0300] {dag.py:3229} INFO - Sync 1 DAGs
[2024-09-12T01:56:38.142-0300] {logging_mixin.py:190} INFO - [2024-09-12T01:56:38.142-0300] {dag.py:4156} INFO - Setting next_dagrun for example_bash_operator to 2024-09-11 00:00:00+00:00, run_after=2024-09-12 00:00:00+00:00
[2024-09-12T01:56:38.156-0300] {processor.py:208} INFO - Processing /home/gabzarp/.local/lib/python3.10/site-packages/airflow/example_dags/example_bash_operator.py took 0.054 seconds
[2024-09-12T01:57:33.301-0300] {processor.py:186} INFO - Started process (PID=11641) to work on /home/gabzarp/.local/lib/python3.10/site-packages/airflow/example_dags/example_bash_operator.py
[2024-09-12T01:57:33.302-0300] {processor.py:914} INFO - Processing file /home/gabzarp/.local/lib/python3.10/site-packages/airflow/example_dags/example_bash_operator.py for tasks to queue
[2024-09-12T01:57:33.303-0300] {logging_mixin.py:190} INFO - [2024-09-12T01:57:33.303-0300] {dagbag.py:587} INFO - Filling up the DagBag from /home/gabzarp/.local/lib/python3.10/site-packages/airflow/example_dags/example_bash_operator.py
[2024-09-12T01:57:33.312-0300] {processor.py:925} INFO - DAG(s) 'example_bash_operator' retrieved from /home/gabzarp/.local/lib/python3.10/site-packages/airflow/example_dags/example_bash_operator.py
[2024-09-12T01:57:33.328-0300] {logging_mixin.py:190} INFO - [2024-09-12T01:57:33.328-0300] {dag.py:3229} INFO - Sync 1 DAGs
[2024-09-12T01:57:33.341-0300] {logging_mixin.py:190} INFO - [2024-09-12T01:57:33.341-0300] {dag.py:4156} INFO - Setting next_dagrun for example_bash_operator to 2024-09-11 00:00:00+00:00, run_after=2024-09-12 00:00:00+00:00
[2024-09-12T01:57:33.355-0300] {processor.py:208} INFO - Processing /home/gabzarp/.local/lib/python3.10/site-packages/airflow/example_dags/example_bash_operator.py took 0.057 seconds
[2024-09-12T01:58:27.403-0300] {processor.py:186} INFO - Started process (PID=12071) to work on /home/gabzarp/.local/lib/python3.10/site-packages/airflow/example_dags/example_bash_operator.py
[2024-09-12T01:58:27.404-0300] {processor.py:914} INFO - Processing file /home/gabzarp/.local/lib/python3.10/site-packages/airflow/example_dags/example_bash_operator.py for tasks to queue
[2024-09-12T01:58:27.405-0300] {logging_mixin.py:190} INFO - [2024-09-12T01:58:27.405-0300] {dagbag.py:587} INFO - Filling up the DagBag from /home/gabzarp/.local/lib/python3.10/site-packages/airflow/example_dags/example_bash_operator.py
[2024-09-12T01:58:27.413-0300] {processor.py:925} INFO - DAG(s) 'example_bash_operator' retrieved from /home/gabzarp/.local/lib/python3.10/site-packages/airflow/example_dags/example_bash_operator.py
[2024-09-12T01:58:27.428-0300] {logging_mixin.py:190} INFO - [2024-09-12T01:58:27.428-0300] {dag.py:3229} INFO - Sync 1 DAGs
[2024-09-12T01:58:27.441-0300] {logging_mixin.py:190} INFO - [2024-09-12T01:58:27.440-0300] {dag.py:4156} INFO - Setting next_dagrun for example_bash_operator to 2024-09-11 00:00:00+00:00, run_after=2024-09-12 00:00:00+00:00
[2024-09-12T01:58:27.454-0300] {processor.py:208} INFO - Processing /home/gabzarp/.local/lib/python3.10/site-packages/airflow/example_dags/example_bash_operator.py took 0.054 seconds
[2024-09-12T01:59:19.456-0300] {processor.py:186} INFO - Started process (PID=12481) to work on /home/gabzarp/.local/lib/python3.10/site-packages/airflow/example_dags/example_bash_operator.py
[2024-09-12T01:59:19.457-0300] {processor.py:914} INFO - Processing file /home/gabzarp/.local/lib/python3.10/site-packages/airflow/example_dags/example_bash_operator.py for tasks to queue
[2024-09-12T01:59:19.458-0300] {logging_mixin.py:190} INFO - [2024-09-12T01:59:19.458-0300] {dagbag.py:587} INFO - Filling up the DagBag from /home/gabzarp/.local/lib/python3.10/site-packages/airflow/example_dags/example_bash_operator.py
[2024-09-12T01:59:19.472-0300] {processor.py:925} INFO - DAG(s) 'example_bash_operator' retrieved from /home/gabzarp/.local/lib/python3.10/site-packages/airflow/example_dags/example_bash_operator.py
[2024-09-12T01:59:19.491-0300] {logging_mixin.py:190} INFO - [2024-09-12T01:59:19.491-0300] {dag.py:3229} INFO - Sync 1 DAGs
[2024-09-12T01:59:19.509-0300] {logging_mixin.py:190} INFO - [2024-09-12T01:59:19.509-0300] {dag.py:4156} INFO - Setting next_dagrun for example_bash_operator to 2024-09-11 00:00:00+00:00, run_after=2024-09-12 00:00:00+00:00
[2024-09-12T01:59:19.558-0300] {processor.py:208} INFO - Processing /home/gabzarp/.local/lib/python3.10/site-packages/airflow/example_dags/example_bash_operator.py took 0.108 seconds
[2024-09-12T02:00:11.282-0300] {processor.py:186} INFO - Started process (PID=12918) to work on /home/gabzarp/.local/lib/python3.10/site-packages/airflow/example_dags/example_bash_operator.py
[2024-09-12T02:00:11.283-0300] {processor.py:914} INFO - Processing file /home/gabzarp/.local/lib/python3.10/site-packages/airflow/example_dags/example_bash_operator.py for tasks to queue
[2024-09-12T02:00:11.284-0300] {logging_mixin.py:190} INFO - [2024-09-12T02:00:11.284-0300] {dagbag.py:587} INFO - Filling up the DagBag from /home/gabzarp/.local/lib/python3.10/site-packages/airflow/example_dags/example_bash_operator.py
[2024-09-12T02:00:11.293-0300] {processor.py:925} INFO - DAG(s) 'example_bash_operator' retrieved from /home/gabzarp/.local/lib/python3.10/site-packages/airflow/example_dags/example_bash_operator.py
[2024-09-12T02:00:11.308-0300] {logging_mixin.py:190} INFO - [2024-09-12T02:00:11.308-0300] {dag.py:3229} INFO - Sync 1 DAGs
[2024-09-12T02:00:11.321-0300] {logging_mixin.py:190} INFO - [2024-09-12T02:00:11.321-0300] {dag.py:4156} INFO - Setting next_dagrun for example_bash_operator to 2024-09-11 00:00:00+00:00, run_after=2024-09-12 00:00:00+00:00
[2024-09-12T02:00:11.335-0300] {processor.py:208} INFO - Processing /home/gabzarp/.local/lib/python3.10/site-packages/airflow/example_dags/example_bash_operator.py took 0.056 seconds
[2024-09-12T02:01:02.542-0300] {processor.py:186} INFO - Started process (PID=13427) to work on /home/gabzarp/.local/lib/python3.10/site-packages/airflow/example_dags/example_bash_operator.py
[2024-09-12T02:01:02.543-0300] {processor.py:914} INFO - Processing file /home/gabzarp/.local/lib/python3.10/site-packages/airflow/example_dags/example_bash_operator.py for tasks to queue
[2024-09-12T02:01:02.544-0300] {logging_mixin.py:190} INFO - [2024-09-12T02:01:02.544-0300] {dagbag.py:587} INFO - Filling up the DagBag from /home/gabzarp/.local/lib/python3.10/site-packages/airflow/example_dags/example_bash_operator.py
[2024-09-12T02:01:02.554-0300] {processor.py:925} INFO - DAG(s) 'example_bash_operator' retrieved from /home/gabzarp/.local/lib/python3.10/site-packages/airflow/example_dags/example_bash_operator.py
[2024-09-12T02:01:02.570-0300] {logging_mixin.py:190} INFO - [2024-09-12T02:01:02.570-0300] {dag.py:3229} INFO - Sync 1 DAGs
[2024-09-12T02:01:02.585-0300] {logging_mixin.py:190} INFO - [2024-09-12T02:01:02.584-0300] {dag.py:4156} INFO - Setting next_dagrun for example_bash_operator to 2024-09-11 00:00:00+00:00, run_after=2024-09-12 00:00:00+00:00
[2024-09-12T02:01:02.605-0300] {processor.py:208} INFO - Processing /home/gabzarp/.local/lib/python3.10/site-packages/airflow/example_dags/example_bash_operator.py took 0.067 seconds
[2024-09-12T02:01:52.890-0300] {processor.py:186} INFO - Started process (PID=13848) to work on /home/gabzarp/.local/lib/python3.10/site-packages/airflow/example_dags/example_bash_operator.py
[2024-09-12T02:01:52.891-0300] {processor.py:914} INFO - Processing file /home/gabzarp/.local/lib/python3.10/site-packages/airflow/example_dags/example_bash_operator.py for tasks to queue
[2024-09-12T02:01:52.892-0300] {logging_mixin.py:190} INFO - [2024-09-12T02:01:52.892-0300] {dagbag.py:587} INFO - Filling up the DagBag from /home/gabzarp/.local/lib/python3.10/site-packages/airflow/example_dags/example_bash_operator.py
[2024-09-12T02:01:52.900-0300] {processor.py:925} INFO - DAG(s) 'example_bash_operator' retrieved from /home/gabzarp/.local/lib/python3.10/site-packages/airflow/example_dags/example_bash_operator.py
[2024-09-12T02:01:52.914-0300] {logging_mixin.py:190} INFO - [2024-09-12T02:01:52.914-0300] {dag.py:3229} INFO - Sync 1 DAGs
[2024-09-12T02:01:52.927-0300] {logging_mixin.py:190} INFO - [2024-09-12T02:01:52.927-0300] {dag.py:4156} INFO - Setting next_dagrun for example_bash_operator to 2024-09-11 00:00:00+00:00, run_after=2024-09-12 00:00:00+00:00
[2024-09-12T02:01:52.984-0300] {processor.py:208} INFO - Processing /home/gabzarp/.local/lib/python3.10/site-packages/airflow/example_dags/example_bash_operator.py took 0.098 seconds
[2024-09-12T02:03:03.720-0300] {processor.py:186} INFO - Started process (PID=14450) to work on /home/gabzarp/.local/lib/python3.10/site-packages/airflow/example_dags/example_bash_operator.py
[2024-09-12T02:03:03.721-0300] {processor.py:914} INFO - Processing file /home/gabzarp/.local/lib/python3.10/site-packages/airflow/example_dags/example_bash_operator.py for tasks to queue
[2024-09-12T02:03:03.722-0300] {logging_mixin.py:190} INFO - [2024-09-12T02:03:03.721-0300] {dagbag.py:587} INFO - Filling up the DagBag from /home/gabzarp/.local/lib/python3.10/site-packages/airflow/example_dags/example_bash_operator.py
[2024-09-12T02:03:03.731-0300] {processor.py:925} INFO - DAG(s) 'example_bash_operator' retrieved from /home/gabzarp/.local/lib/python3.10/site-packages/airflow/example_dags/example_bash_operator.py
[2024-09-12T02:03:03.748-0300] {logging_mixin.py:190} INFO - [2024-09-12T02:03:03.748-0300] {dag.py:3229} INFO - Sync 1 DAGs
[2024-09-12T02:03:03.763-0300] {logging_mixin.py:190} INFO - [2024-09-12T02:03:03.763-0300] {dag.py:4156} INFO - Setting next_dagrun for example_bash_operator to 2024-09-11 00:00:00+00:00, run_after=2024-09-12 00:00:00+00:00
[2024-09-12T02:03:03.780-0300] {processor.py:208} INFO - Processing /home/gabzarp/.local/lib/python3.10/site-packages/airflow/example_dags/example_bash_operator.py took 0.064 seconds
[2024-09-12T02:03:55.207-0300] {processor.py:186} INFO - Started process (PID=14856) to work on /home/gabzarp/.local/lib/python3.10/site-packages/airflow/example_dags/example_bash_operator.py
[2024-09-12T02:03:55.208-0300] {processor.py:914} INFO - Processing file /home/gabzarp/.local/lib/python3.10/site-packages/airflow/example_dags/example_bash_operator.py for tasks to queue
[2024-09-12T02:03:55.209-0300] {logging_mixin.py:190} INFO - [2024-09-12T02:03:55.208-0300] {dagbag.py:587} INFO - Filling up the DagBag from /home/gabzarp/.local/lib/python3.10/site-packages/airflow/example_dags/example_bash_operator.py
[2024-09-12T02:03:55.218-0300] {processor.py:925} INFO - DAG(s) 'example_bash_operator' retrieved from /home/gabzarp/.local/lib/python3.10/site-packages/airflow/example_dags/example_bash_operator.py
[2024-09-12T02:03:55.234-0300] {logging_mixin.py:190} INFO - [2024-09-12T02:03:55.234-0300] {dag.py:3229} INFO - Sync 1 DAGs
[2024-09-12T02:03:55.248-0300] {logging_mixin.py:190} INFO - [2024-09-12T02:03:55.248-0300] {dag.py:4156} INFO - Setting next_dagrun for example_bash_operator to 2024-09-11 00:00:00+00:00, run_after=2024-09-12 00:00:00+00:00
[2024-09-12T02:03:55.264-0300] {processor.py:208} INFO - Processing /home/gabzarp/.local/lib/python3.10/site-packages/airflow/example_dags/example_bash_operator.py took 0.061 seconds
[2024-09-12T02:04:46.564-0300] {processor.py:186} INFO - Started process (PID=15262) to work on /home/gabzarp/.local/lib/python3.10/site-packages/airflow/example_dags/example_bash_operator.py
[2024-09-12T02:04:46.565-0300] {processor.py:914} INFO - Processing file /home/gabzarp/.local/lib/python3.10/site-packages/airflow/example_dags/example_bash_operator.py for tasks to queue
[2024-09-12T02:04:46.566-0300] {logging_mixin.py:190} INFO - [2024-09-12T02:04:46.566-0300] {dagbag.py:587} INFO - Filling up the DagBag from /home/gabzarp/.local/lib/python3.10/site-packages/airflow/example_dags/example_bash_operator.py
[2024-09-12T02:04:46.577-0300] {processor.py:925} INFO - DAG(s) 'example_bash_operator' retrieved from /home/gabzarp/.local/lib/python3.10/site-packages/airflow/example_dags/example_bash_operator.py
[2024-09-12T02:04:46.594-0300] {logging_mixin.py:190} INFO - [2024-09-12T02:04:46.594-0300] {dag.py:3229} INFO - Sync 1 DAGs
[2024-09-12T02:04:46.608-0300] {logging_mixin.py:190} INFO - [2024-09-12T02:04:46.608-0300] {dag.py:4156} INFO - Setting next_dagrun for example_bash_operator to 2024-09-11 00:00:00+00:00, run_after=2024-09-12 00:00:00+00:00
[2024-09-12T02:04:46.624-0300] {processor.py:208} INFO - Processing /home/gabzarp/.local/lib/python3.10/site-packages/airflow/example_dags/example_bash_operator.py took 0.064 seconds
[2024-09-12T02:05:40.230-0300] {processor.py:186} INFO - Started process (PID=15689) to work on /home/gabzarp/.local/lib/python3.10/site-packages/airflow/example_dags/example_bash_operator.py
[2024-09-12T02:05:40.231-0300] {processor.py:914} INFO - Processing file /home/gabzarp/.local/lib/python3.10/site-packages/airflow/example_dags/example_bash_operator.py for tasks to queue
[2024-09-12T02:05:40.232-0300] {logging_mixin.py:190} INFO - [2024-09-12T02:05:40.232-0300] {dagbag.py:587} INFO - Filling up the DagBag from /home/gabzarp/.local/lib/python3.10/site-packages/airflow/example_dags/example_bash_operator.py
[2024-09-12T02:05:40.241-0300] {processor.py:925} INFO - DAG(s) 'example_bash_operator' retrieved from /home/gabzarp/.local/lib/python3.10/site-packages/airflow/example_dags/example_bash_operator.py
[2024-09-12T02:05:40.260-0300] {logging_mixin.py:190} INFO - [2024-09-12T02:05:40.260-0300] {dag.py:3229} INFO - Sync 1 DAGs
[2024-09-12T02:05:40.276-0300] {logging_mixin.py:190} INFO - [2024-09-12T02:05:40.276-0300] {dag.py:4156} INFO - Setting next_dagrun for example_bash_operator to 2024-09-11 00:00:00+00:00, run_after=2024-09-12 00:00:00+00:00
[2024-09-12T02:05:40.295-0300] {processor.py:208} INFO - Processing /home/gabzarp/.local/lib/python3.10/site-packages/airflow/example_dags/example_bash_operator.py took 0.069 seconds
[2024-09-12T02:06:31.907-0300] {processor.py:186} INFO - Started process (PID=16096) to work on /home/gabzarp/.local/lib/python3.10/site-packages/airflow/example_dags/example_bash_operator.py
[2024-09-12T02:06:31.908-0300] {processor.py:914} INFO - Processing file /home/gabzarp/.local/lib/python3.10/site-packages/airflow/example_dags/example_bash_operator.py for tasks to queue
[2024-09-12T02:06:31.909-0300] {logging_mixin.py:190} INFO - [2024-09-12T02:06:31.909-0300] {dagbag.py:587} INFO - Filling up the DagBag from /home/gabzarp/.local/lib/python3.10/site-packages/airflow/example_dags/example_bash_operator.py
[2024-09-12T02:06:31.919-0300] {processor.py:925} INFO - DAG(s) 'example_bash_operator' retrieved from /home/gabzarp/.local/lib/python3.10/site-packages/airflow/example_dags/example_bash_operator.py
[2024-09-12T02:06:31.935-0300] {logging_mixin.py:190} INFO - [2024-09-12T02:06:31.935-0300] {dag.py:3229} INFO - Sync 1 DAGs
[2024-09-12T02:06:31.951-0300] {logging_mixin.py:190} INFO - [2024-09-12T02:06:31.951-0300] {dag.py:4156} INFO - Setting next_dagrun for example_bash_operator to 2024-09-11 00:00:00+00:00, run_after=2024-09-12 00:00:00+00:00
[2024-09-12T02:06:31.971-0300] {processor.py:208} INFO - Processing /home/gabzarp/.local/lib/python3.10/site-packages/airflow/example_dags/example_bash_operator.py took 0.069 seconds
[2024-09-12T02:07:20.285-0300] {processor.py:186} INFO - Started process (PID=16477) to work on /home/gabzarp/.local/lib/python3.10/site-packages/airflow/example_dags/example_bash_operator.py
[2024-09-12T02:07:20.286-0300] {processor.py:914} INFO - Processing file /home/gabzarp/.local/lib/python3.10/site-packages/airflow/example_dags/example_bash_operator.py for tasks to queue
[2024-09-12T02:07:20.287-0300] {logging_mixin.py:190} INFO - [2024-09-12T02:07:20.287-0300] {dagbag.py:587} INFO - Filling up the DagBag from /home/gabzarp/.local/lib/python3.10/site-packages/airflow/example_dags/example_bash_operator.py
[2024-09-12T02:07:20.295-0300] {processor.py:925} INFO - DAG(s) 'example_bash_operator' retrieved from /home/gabzarp/.local/lib/python3.10/site-packages/airflow/example_dags/example_bash_operator.py
[2024-09-12T02:07:20.310-0300] {logging_mixin.py:190} INFO - [2024-09-12T02:07:20.310-0300] {dag.py:3229} INFO - Sync 1 DAGs
[2024-09-12T02:07:20.323-0300] {logging_mixin.py:190} INFO - [2024-09-12T02:07:20.323-0300] {dag.py:4156} INFO - Setting next_dagrun for example_bash_operator to 2024-09-11 00:00:00+00:00, run_after=2024-09-12 00:00:00+00:00
[2024-09-12T02:07:20.339-0300] {processor.py:208} INFO - Processing /home/gabzarp/.local/lib/python3.10/site-packages/airflow/example_dags/example_bash_operator.py took 0.057 seconds
[2024-09-12T02:08:32.638-0300] {processor.py:186} INFO - Started process (PID=17052) to work on /home/gabzarp/.local/lib/python3.10/site-packages/airflow/example_dags/example_bash_operator.py
[2024-09-12T02:08:32.639-0300] {processor.py:914} INFO - Processing file /home/gabzarp/.local/lib/python3.10/site-packages/airflow/example_dags/example_bash_operator.py for tasks to queue
[2024-09-12T02:08:32.640-0300] {logging_mixin.py:190} INFO - [2024-09-12T02:08:32.640-0300] {dagbag.py:587} INFO - Filling up the DagBag from /home/gabzarp/.local/lib/python3.10/site-packages/airflow/example_dags/example_bash_operator.py
[2024-09-12T02:08:32.649-0300] {processor.py:925} INFO - DAG(s) 'example_bash_operator' retrieved from /home/gabzarp/.local/lib/python3.10/site-packages/airflow/example_dags/example_bash_operator.py
[2024-09-12T02:08:32.668-0300] {logging_mixin.py:190} INFO - [2024-09-12T02:08:32.667-0300] {dag.py:3229} INFO - Sync 1 DAGs
[2024-09-12T02:08:32.682-0300] {logging_mixin.py:190} INFO - [2024-09-12T02:08:32.682-0300] {dag.py:4156} INFO - Setting next_dagrun for example_bash_operator to 2024-09-11 00:00:00+00:00, run_after=2024-09-12 00:00:00+00:00
[2024-09-12T02:08:32.703-0300] {processor.py:208} INFO - Processing /home/gabzarp/.local/lib/python3.10/site-packages/airflow/example_dags/example_bash_operator.py took 0.070 seconds
[2024-09-12T02:09:23.124-0300] {processor.py:186} INFO - Started process (PID=17448) to work on /home/gabzarp/.local/lib/python3.10/site-packages/airflow/example_dags/example_bash_operator.py
[2024-09-12T02:09:23.124-0300] {processor.py:914} INFO - Processing file /home/gabzarp/.local/lib/python3.10/site-packages/airflow/example_dags/example_bash_operator.py for tasks to queue
[2024-09-12T02:09:23.126-0300] {logging_mixin.py:190} INFO - [2024-09-12T02:09:23.125-0300] {dagbag.py:587} INFO - Filling up the DagBag from /home/gabzarp/.local/lib/python3.10/site-packages/airflow/example_dags/example_bash_operator.py
[2024-09-12T02:09:23.135-0300] {processor.py:925} INFO - DAG(s) 'example_bash_operator' retrieved from /home/gabzarp/.local/lib/python3.10/site-packages/airflow/example_dags/example_bash_operator.py
[2024-09-12T02:09:23.150-0300] {logging_mixin.py:190} INFO - [2024-09-12T02:09:23.150-0300] {dag.py:3229} INFO - Sync 1 DAGs
[2024-09-12T02:09:23.164-0300] {logging_mixin.py:190} INFO - [2024-09-12T02:09:23.164-0300] {dag.py:4156} INFO - Setting next_dagrun for example_bash_operator to 2024-09-11 00:00:00+00:00, run_after=2024-09-12 00:00:00+00:00
[2024-09-12T02:09:23.179-0300] {processor.py:208} INFO - Processing /home/gabzarp/.local/lib/python3.10/site-packages/airflow/example_dags/example_bash_operator.py took 0.059 seconds
