[2024-09-12T01:39:45.169-0300] {processor.py:186} INFO - Started process (PID=2653) to work on /home/gabzarp/.local/lib/python3.10/site-packages/airflow/example_dags/example_branch_datetime_operator.py
[2024-09-12T01:39:45.169-0300] {processor.py:914} INFO - Processing file /home/gabzarp/.local/lib/python3.10/site-packages/airflow/example_dags/example_branch_datetime_operator.py for tasks to queue
[2024-09-12T01:39:45.171-0300] {logging_mixin.py:190} INFO - [2024-09-12T01:39:45.171-0300] {dagbag.py:587} INFO - Filling up the DagBag from /home/gabzarp/.local/lib/python3.10/site-packages/airflow/example_dags/example_branch_datetime_operator.py
[2024-09-12T01:39:45.179-0300] {processor.py:925} INFO - DAG(s) 'example_branch_datetime_operator_3', 'example_branch_datetime_operator_2', 'example_branch_datetime_operator' retrieved from /home/gabzarp/.local/lib/python3.10/site-packages/airflow/example_dags/example_branch_datetime_operator.py
[2024-09-12T01:39:45.243-0300] {logging_mixin.py:190} INFO - [2024-09-12T01:39:45.242-0300] {override.py:1900} INFO - Created Permission View: can edit on DAG:example_branch_datetime_operator_3
[2024-09-12T01:39:45.253-0300] {logging_mixin.py:190} INFO - [2024-09-12T01:39:45.253-0300] {override.py:1900} INFO - Created Permission View: can read on DAG:example_branch_datetime_operator_3
[2024-09-12T01:39:45.260-0300] {logging_mixin.py:190} INFO - [2024-09-12T01:39:45.260-0300] {override.py:1900} INFO - Created Permission View: can delete on DAG:example_branch_datetime_operator_3
[2024-09-12T01:39:45.272-0300] {logging_mixin.py:190} INFO - [2024-09-12T01:39:45.272-0300] {override.py:1900} INFO - Created Permission View: can read on DAG Run:example_branch_datetime_operator_3
[2024-09-12T01:39:45.281-0300] {logging_mixin.py:190} INFO - [2024-09-12T01:39:45.280-0300] {override.py:1900} INFO - Created Permission View: can create on DAG Run:example_branch_datetime_operator_3
[2024-09-12T01:39:45.289-0300] {logging_mixin.py:190} INFO - [2024-09-12T01:39:45.289-0300] {override.py:1900} INFO - Created Permission View: menu access on DAG Run:example_branch_datetime_operator_3
[2024-09-12T01:39:45.297-0300] {logging_mixin.py:190} INFO - [2024-09-12T01:39:45.297-0300] {override.py:1900} INFO - Created Permission View: can delete on DAG Run:example_branch_datetime_operator_3
[2024-09-12T01:39:45.315-0300] {logging_mixin.py:190} INFO - [2024-09-12T01:39:45.315-0300] {override.py:1900} INFO - Created Permission View: can edit on DAG:example_branch_datetime_operator_2
[2024-09-12T01:39:45.323-0300] {logging_mixin.py:190} INFO - [2024-09-12T01:39:45.322-0300] {override.py:1900} INFO - Created Permission View: can read on DAG:example_branch_datetime_operator_2
[2024-09-12T01:39:45.330-0300] {logging_mixin.py:190} INFO - [2024-09-12T01:39:45.329-0300] {override.py:1900} INFO - Created Permission View: can delete on DAG:example_branch_datetime_operator_2
[2024-09-12T01:39:45.340-0300] {logging_mixin.py:190} INFO - [2024-09-12T01:39:45.340-0300] {override.py:1900} INFO - Created Permission View: can read on DAG Run:example_branch_datetime_operator_2
[2024-09-12T01:39:45.348-0300] {logging_mixin.py:190} INFO - [2024-09-12T01:39:45.348-0300] {override.py:1900} INFO - Created Permission View: can create on DAG Run:example_branch_datetime_operator_2
[2024-09-12T01:39:45.355-0300] {logging_mixin.py:190} INFO - [2024-09-12T01:39:45.354-0300] {override.py:1900} INFO - Created Permission View: menu access on DAG Run:example_branch_datetime_operator_2
[2024-09-12T01:39:45.362-0300] {logging_mixin.py:190} INFO - [2024-09-12T01:39:45.362-0300] {override.py:1900} INFO - Created Permission View: can delete on DAG Run:example_branch_datetime_operator_2
[2024-09-12T01:39:45.379-0300] {logging_mixin.py:190} INFO - [2024-09-12T01:39:45.379-0300] {override.py:1900} INFO - Created Permission View: can edit on DAG:example_branch_datetime_operator
[2024-09-12T01:39:45.386-0300] {logging_mixin.py:190} INFO - [2024-09-12T01:39:45.386-0300] {override.py:1900} INFO - Created Permission View: can read on DAG:example_branch_datetime_operator
[2024-09-12T01:39:45.403-0300] {logging_mixin.py:190} INFO - [2024-09-12T01:39:45.402-0300] {override.py:1900} INFO - Created Permission View: can delete on DAG:example_branch_datetime_operator
[2024-09-12T01:39:45.414-0300] {logging_mixin.py:190} INFO - [2024-09-12T01:39:45.413-0300] {override.py:1900} INFO - Created Permission View: can read on DAG Run:example_branch_datetime_operator
[2024-09-12T01:39:45.421-0300] {logging_mixin.py:190} INFO - [2024-09-12T01:39:45.420-0300] {override.py:1900} INFO - Created Permission View: can create on DAG Run:example_branch_datetime_operator
[2024-09-12T01:39:45.428-0300] {logging_mixin.py:190} INFO - [2024-09-12T01:39:45.427-0300] {override.py:1900} INFO - Created Permission View: menu access on DAG Run:example_branch_datetime_operator
[2024-09-12T01:39:45.435-0300] {logging_mixin.py:190} INFO - [2024-09-12T01:39:45.435-0300] {override.py:1900} INFO - Created Permission View: can delete on DAG Run:example_branch_datetime_operator
[2024-09-12T01:39:45.435-0300] {logging_mixin.py:190} INFO - [2024-09-12T01:39:45.435-0300] {dag.py:3229} INFO - Sync 3 DAGs
[2024-09-12T01:39:45.444-0300] {logging_mixin.py:190} INFO - [2024-09-12T01:39:45.444-0300] {dag.py:3252} INFO - Creating ORM DAG for example_branch_datetime_operator_3
[2024-09-12T01:39:45.445-0300] {logging_mixin.py:190} INFO - [2024-09-12T01:39:45.445-0300] {dag.py:3252} INFO - Creating ORM DAG for example_branch_datetime_operator_2
[2024-09-12T01:39:45.445-0300] {logging_mixin.py:190} INFO - [2024-09-12T01:39:45.445-0300] {dag.py:3252} INFO - Creating ORM DAG for example_branch_datetime_operator
[2024-09-12T01:39:45.452-0300] {logging_mixin.py:190} INFO - [2024-09-12T01:39:45.452-0300] {dag.py:4156} INFO - Setting next_dagrun for example_branch_datetime_operator to 2024-09-11 00:00:00+00:00, run_after=2024-09-12 00:00:00+00:00
[2024-09-12T01:39:45.454-0300] {logging_mixin.py:190} INFO - [2024-09-12T01:39:45.454-0300] {dag.py:4156} INFO - Setting next_dagrun for example_branch_datetime_operator_2 to 2024-09-11 00:00:00+00:00, run_after=2024-09-12 00:00:00+00:00
[2024-09-12T01:39:45.455-0300] {logging_mixin.py:190} INFO - [2024-09-12T01:39:45.455-0300] {dag.py:4156} INFO - Setting next_dagrun for example_branch_datetime_operator_3 to 2024-09-11 00:00:00+00:00, run_after=2024-09-12 00:00:00+00:00
[2024-09-12T01:39:45.534-0300] {processor.py:208} INFO - Processing /home/gabzarp/.local/lib/python3.10/site-packages/airflow/example_dags/example_branch_datetime_operator.py took 0.369 seconds
[2024-09-12T01:40:42.875-0300] {processor.py:186} INFO - Started process (PID=2941) to work on /home/gabzarp/.local/lib/python3.10/site-packages/airflow/example_dags/example_branch_datetime_operator.py
[2024-09-12T01:40:42.876-0300] {processor.py:914} INFO - Processing file /home/gabzarp/.local/lib/python3.10/site-packages/airflow/example_dags/example_branch_datetime_operator.py for tasks to queue
[2024-09-12T01:40:42.877-0300] {logging_mixin.py:190} INFO - [2024-09-12T01:40:42.877-0300] {dagbag.py:587} INFO - Filling up the DagBag from /home/gabzarp/.local/lib/python3.10/site-packages/airflow/example_dags/example_branch_datetime_operator.py
[2024-09-12T01:40:42.886-0300] {processor.py:925} INFO - DAG(s) 'example_branch_datetime_operator_3', 'example_branch_datetime_operator', 'example_branch_datetime_operator_2' retrieved from /home/gabzarp/.local/lib/python3.10/site-packages/airflow/example_dags/example_branch_datetime_operator.py
[2024-09-12T01:40:42.901-0300] {logging_mixin.py:190} INFO - [2024-09-12T01:40:42.901-0300] {dag.py:3229} INFO - Sync 3 DAGs
[2024-09-12T01:40:42.914-0300] {logging_mixin.py:190} INFO - [2024-09-12T01:40:42.914-0300] {dag.py:4156} INFO - Setting next_dagrun for example_branch_datetime_operator to 2024-09-11 00:00:00+00:00, run_after=2024-09-12 00:00:00+00:00
[2024-09-12T01:40:42.918-0300] {logging_mixin.py:190} INFO - [2024-09-12T01:40:42.918-0300] {dag.py:4156} INFO - Setting next_dagrun for example_branch_datetime_operator_2 to 2024-09-11 00:00:00+00:00, run_after=2024-09-12 00:00:00+00:00
[2024-09-12T01:40:42.919-0300] {logging_mixin.py:190} INFO - [2024-09-12T01:40:42.919-0300] {dag.py:4156} INFO - Setting next_dagrun for example_branch_datetime_operator_3 to 2024-09-11 00:00:00+00:00, run_after=2024-09-12 00:00:00+00:00
[2024-09-12T01:40:42.935-0300] {processor.py:208} INFO - Processing /home/gabzarp/.local/lib/python3.10/site-packages/airflow/example_dags/example_branch_datetime_operator.py took 0.064 seconds
[2024-09-12T01:41:35.404-0300] {processor.py:186} INFO - Started process (PID=3287) to work on /home/gabzarp/.local/lib/python3.10/site-packages/airflow/example_dags/example_branch_datetime_operator.py
[2024-09-12T01:41:35.405-0300] {processor.py:914} INFO - Processing file /home/gabzarp/.local/lib/python3.10/site-packages/airflow/example_dags/example_branch_datetime_operator.py for tasks to queue
[2024-09-12T01:41:35.407-0300] {logging_mixin.py:190} INFO - [2024-09-12T01:41:35.407-0300] {dagbag.py:587} INFO - Filling up the DagBag from /home/gabzarp/.local/lib/python3.10/site-packages/airflow/example_dags/example_branch_datetime_operator.py
[2024-09-12T01:41:35.420-0300] {processor.py:925} INFO - DAG(s) 'example_branch_datetime_operator_3', 'example_branch_datetime_operator_2', 'example_branch_datetime_operator' retrieved from /home/gabzarp/.local/lib/python3.10/site-packages/airflow/example_dags/example_branch_datetime_operator.py
[2024-09-12T01:41:35.449-0300] {logging_mixin.py:190} INFO - [2024-09-12T01:41:35.448-0300] {dag.py:3229} INFO - Sync 3 DAGs
[2024-09-12T01:41:35.480-0300] {logging_mixin.py:190} INFO - [2024-09-12T01:41:35.480-0300] {dag.py:4156} INFO - Setting next_dagrun for example_branch_datetime_operator to 2024-09-11 00:00:00+00:00, run_after=2024-09-12 00:00:00+00:00
[2024-09-12T01:41:35.485-0300] {logging_mixin.py:190} INFO - [2024-09-12T01:41:35.484-0300] {dag.py:4156} INFO - Setting next_dagrun for example_branch_datetime_operator_2 to 2024-09-11 00:00:00+00:00, run_after=2024-09-12 00:00:00+00:00
[2024-09-12T01:41:35.487-0300] {logging_mixin.py:190} INFO - [2024-09-12T01:41:35.487-0300] {dag.py:4156} INFO - Setting next_dagrun for example_branch_datetime_operator_3 to 2024-09-11 00:00:00+00:00, run_after=2024-09-12 00:00:00+00:00
[2024-09-12T01:41:35.511-0300] {processor.py:208} INFO - Processing /home/gabzarp/.local/lib/python3.10/site-packages/airflow/example_dags/example_branch_datetime_operator.py took 0.112 seconds
[2024-09-12T01:42:28.659-0300] {processor.py:186} INFO - Started process (PID=3553) to work on /home/gabzarp/.local/lib/python3.10/site-packages/airflow/example_dags/example_branch_datetime_operator.py
[2024-09-12T01:42:28.660-0300] {processor.py:914} INFO - Processing file /home/gabzarp/.local/lib/python3.10/site-packages/airflow/example_dags/example_branch_datetime_operator.py for tasks to queue
[2024-09-12T01:42:28.661-0300] {logging_mixin.py:190} INFO - [2024-09-12T01:42:28.661-0300] {dagbag.py:587} INFO - Filling up the DagBag from /home/gabzarp/.local/lib/python3.10/site-packages/airflow/example_dags/example_branch_datetime_operator.py
[2024-09-12T01:42:28.669-0300] {processor.py:925} INFO - DAG(s) 'example_branch_datetime_operator', 'example_branch_datetime_operator_2', 'example_branch_datetime_operator_3' retrieved from /home/gabzarp/.local/lib/python3.10/site-packages/airflow/example_dags/example_branch_datetime_operator.py
[2024-09-12T01:42:28.682-0300] {logging_mixin.py:190} INFO - [2024-09-12T01:42:28.681-0300] {dag.py:3229} INFO - Sync 3 DAGs
[2024-09-12T01:42:28.695-0300] {logging_mixin.py:190} INFO - [2024-09-12T01:42:28.695-0300] {dag.py:4156} INFO - Setting next_dagrun for example_branch_datetime_operator to 2024-09-11 00:00:00+00:00, run_after=2024-09-12 00:00:00+00:00
[2024-09-12T01:42:28.698-0300] {logging_mixin.py:190} INFO - [2024-09-12T01:42:28.698-0300] {dag.py:4156} INFO - Setting next_dagrun for example_branch_datetime_operator_2 to 2024-09-11 00:00:00+00:00, run_after=2024-09-12 00:00:00+00:00
[2024-09-12T01:42:28.699-0300] {logging_mixin.py:190} INFO - [2024-09-12T01:42:28.699-0300] {dag.py:4156} INFO - Setting next_dagrun for example_branch_datetime_operator_3 to 2024-09-11 00:00:00+00:00, run_after=2024-09-12 00:00:00+00:00
[2024-09-12T01:42:28.714-0300] {processor.py:208} INFO - Processing /home/gabzarp/.local/lib/python3.10/site-packages/airflow/example_dags/example_branch_datetime_operator.py took 0.058 seconds
[2024-09-12T01:43:17.937-0300] {processor.py:186} INFO - Started process (PID=3801) to work on /home/gabzarp/.local/lib/python3.10/site-packages/airflow/example_dags/example_branch_datetime_operator.py
[2024-09-12T01:43:17.938-0300] {processor.py:914} INFO - Processing file /home/gabzarp/.local/lib/python3.10/site-packages/airflow/example_dags/example_branch_datetime_operator.py for tasks to queue
[2024-09-12T01:43:17.939-0300] {logging_mixin.py:190} INFO - [2024-09-12T01:43:17.939-0300] {dagbag.py:587} INFO - Filling up the DagBag from /home/gabzarp/.local/lib/python3.10/site-packages/airflow/example_dags/example_branch_datetime_operator.py
[2024-09-12T01:43:17.946-0300] {processor.py:925} INFO - DAG(s) 'example_branch_datetime_operator', 'example_branch_datetime_operator_3', 'example_branch_datetime_operator_2' retrieved from /home/gabzarp/.local/lib/python3.10/site-packages/airflow/example_dags/example_branch_datetime_operator.py
[2024-09-12T01:43:17.960-0300] {logging_mixin.py:190} INFO - [2024-09-12T01:43:17.959-0300] {dag.py:3229} INFO - Sync 3 DAGs
[2024-09-12T01:43:17.973-0300] {logging_mixin.py:190} INFO - [2024-09-12T01:43:17.973-0300] {dag.py:4156} INFO - Setting next_dagrun for example_branch_datetime_operator to 2024-09-11 00:00:00+00:00, run_after=2024-09-12 00:00:00+00:00
[2024-09-12T01:43:17.976-0300] {logging_mixin.py:190} INFO - [2024-09-12T01:43:17.976-0300] {dag.py:4156} INFO - Setting next_dagrun for example_branch_datetime_operator_2 to 2024-09-11 00:00:00+00:00, run_after=2024-09-12 00:00:00+00:00
[2024-09-12T01:43:17.977-0300] {logging_mixin.py:190} INFO - [2024-09-12T01:43:17.977-0300] {dag.py:4156} INFO - Setting next_dagrun for example_branch_datetime_operator_3 to 2024-09-11 00:00:00+00:00, run_after=2024-09-12 00:00:00+00:00
[2024-09-12T01:43:17.990-0300] {processor.py:208} INFO - Processing /home/gabzarp/.local/lib/python3.10/site-packages/airflow/example_dags/example_branch_datetime_operator.py took 0.056 seconds
[2024-09-12T01:44:56.158-0300] {processor.py:186} INFO - Started process (PID=4997) to work on /home/gabzarp/.local/lib/python3.10/site-packages/airflow/example_dags/example_branch_datetime_operator.py
[2024-09-12T01:44:56.159-0300] {processor.py:914} INFO - Processing file /home/gabzarp/.local/lib/python3.10/site-packages/airflow/example_dags/example_branch_datetime_operator.py for tasks to queue
[2024-09-12T01:44:56.161-0300] {logging_mixin.py:190} INFO - [2024-09-12T01:44:56.160-0300] {dagbag.py:587} INFO - Filling up the DagBag from /home/gabzarp/.local/lib/python3.10/site-packages/airflow/example_dags/example_branch_datetime_operator.py
[2024-09-12T01:44:56.168-0300] {processor.py:925} INFO - DAG(s) 'example_branch_datetime_operator', 'example_branch_datetime_operator_2', 'example_branch_datetime_operator_3' retrieved from /home/gabzarp/.local/lib/python3.10/site-packages/airflow/example_dags/example_branch_datetime_operator.py
[2024-09-12T01:44:56.182-0300] {logging_mixin.py:190} INFO - [2024-09-12T01:44:56.182-0300] {dag.py:3229} INFO - Sync 3 DAGs
[2024-09-12T01:44:56.197-0300] {logging_mixin.py:190} INFO - [2024-09-12T01:44:56.197-0300] {dag.py:4156} INFO - Setting next_dagrun for example_branch_datetime_operator to 2024-09-11 00:00:00+00:00, run_after=2024-09-12 00:00:00+00:00
[2024-09-12T01:44:56.200-0300] {logging_mixin.py:190} INFO - [2024-09-12T01:44:56.199-0300] {dag.py:4156} INFO - Setting next_dagrun for example_branch_datetime_operator_2 to 2024-09-11 00:00:00+00:00, run_after=2024-09-12 00:00:00+00:00
[2024-09-12T01:44:56.201-0300] {logging_mixin.py:190} INFO - [2024-09-12T01:44:56.201-0300] {dag.py:4156} INFO - Setting next_dagrun for example_branch_datetime_operator_3 to 2024-09-11 00:00:00+00:00, run_after=2024-09-12 00:00:00+00:00
[2024-09-12T01:44:56.217-0300] {processor.py:208} INFO - Processing /home/gabzarp/.local/lib/python3.10/site-packages/airflow/example_dags/example_branch_datetime_operator.py took 0.062 seconds
[2024-09-12T01:45:49.564-0300] {processor.py:186} INFO - Started process (PID=5427) to work on /home/gabzarp/.local/lib/python3.10/site-packages/airflow/example_dags/example_branch_datetime_operator.py
[2024-09-12T01:45:49.565-0300] {processor.py:914} INFO - Processing file /home/gabzarp/.local/lib/python3.10/site-packages/airflow/example_dags/example_branch_datetime_operator.py for tasks to queue
[2024-09-12T01:45:49.566-0300] {logging_mixin.py:190} INFO - [2024-09-12T01:45:49.566-0300] {dagbag.py:587} INFO - Filling up the DagBag from /home/gabzarp/.local/lib/python3.10/site-packages/airflow/example_dags/example_branch_datetime_operator.py
[2024-09-12T01:45:49.574-0300] {processor.py:925} INFO - DAG(s) 'example_branch_datetime_operator', 'example_branch_datetime_operator_3', 'example_branch_datetime_operator_2' retrieved from /home/gabzarp/.local/lib/python3.10/site-packages/airflow/example_dags/example_branch_datetime_operator.py
[2024-09-12T01:45:49.588-0300] {logging_mixin.py:190} INFO - [2024-09-12T01:45:49.588-0300] {dag.py:3229} INFO - Sync 3 DAGs
[2024-09-12T01:45:49.602-0300] {logging_mixin.py:190} INFO - [2024-09-12T01:45:49.602-0300] {dag.py:4156} INFO - Setting next_dagrun for example_branch_datetime_operator to 2024-09-11 00:00:00+00:00, run_after=2024-09-12 00:00:00+00:00
[2024-09-12T01:45:49.605-0300] {logging_mixin.py:190} INFO - [2024-09-12T01:45:49.604-0300] {dag.py:4156} INFO - Setting next_dagrun for example_branch_datetime_operator_2 to 2024-09-11 00:00:00+00:00, run_after=2024-09-12 00:00:00+00:00
[2024-09-12T01:45:49.606-0300] {logging_mixin.py:190} INFO - [2024-09-12T01:45:49.606-0300] {dag.py:4156} INFO - Setting next_dagrun for example_branch_datetime_operator_3 to 2024-09-11 00:00:00+00:00, run_after=2024-09-12 00:00:00+00:00
[2024-09-12T01:45:49.620-0300] {processor.py:208} INFO - Processing /home/gabzarp/.local/lib/python3.10/site-packages/airflow/example_dags/example_branch_datetime_operator.py took 0.060 seconds
[2024-09-12T01:46:39.510-0300] {processor.py:186} INFO - Started process (PID=5828) to work on /home/gabzarp/.local/lib/python3.10/site-packages/airflow/example_dags/example_branch_datetime_operator.py
[2024-09-12T01:46:39.512-0300] {processor.py:914} INFO - Processing file /home/gabzarp/.local/lib/python3.10/site-packages/airflow/example_dags/example_branch_datetime_operator.py for tasks to queue
[2024-09-12T01:46:39.513-0300] {logging_mixin.py:190} INFO - [2024-09-12T01:46:39.513-0300] {dagbag.py:587} INFO - Filling up the DagBag from /home/gabzarp/.local/lib/python3.10/site-packages/airflow/example_dags/example_branch_datetime_operator.py
[2024-09-12T01:46:39.520-0300] {processor.py:925} INFO - DAG(s) 'example_branch_datetime_operator', 'example_branch_datetime_operator_2', 'example_branch_datetime_operator_3' retrieved from /home/gabzarp/.local/lib/python3.10/site-packages/airflow/example_dags/example_branch_datetime_operator.py
[2024-09-12T01:46:39.534-0300] {logging_mixin.py:190} INFO - [2024-09-12T01:46:39.534-0300] {dag.py:3229} INFO - Sync 3 DAGs
[2024-09-12T01:46:39.547-0300] {logging_mixin.py:190} INFO - [2024-09-12T01:46:39.547-0300] {dag.py:4156} INFO - Setting next_dagrun for example_branch_datetime_operator to 2024-09-11 00:00:00+00:00, run_after=2024-09-12 00:00:00+00:00
[2024-09-12T01:46:39.550-0300] {logging_mixin.py:190} INFO - [2024-09-12T01:46:39.550-0300] {dag.py:4156} INFO - Setting next_dagrun for example_branch_datetime_operator_2 to 2024-09-11 00:00:00+00:00, run_after=2024-09-12 00:00:00+00:00
[2024-09-12T01:46:39.551-0300] {logging_mixin.py:190} INFO - [2024-09-12T01:46:39.551-0300] {dag.py:4156} INFO - Setting next_dagrun for example_branch_datetime_operator_3 to 2024-09-11 00:00:00+00:00, run_after=2024-09-12 00:00:00+00:00
[2024-09-12T01:46:39.565-0300] {processor.py:208} INFO - Processing /home/gabzarp/.local/lib/python3.10/site-packages/airflow/example_dags/example_branch_datetime_operator.py took 0.059 seconds
[2024-09-12T01:47:28.605-0300] {processor.py:186} INFO - Started process (PID=6221) to work on /home/gabzarp/.local/lib/python3.10/site-packages/airflow/example_dags/example_branch_datetime_operator.py
[2024-09-12T01:47:28.606-0300] {processor.py:914} INFO - Processing file /home/gabzarp/.local/lib/python3.10/site-packages/airflow/example_dags/example_branch_datetime_operator.py for tasks to queue
[2024-09-12T01:47:28.607-0300] {logging_mixin.py:190} INFO - [2024-09-12T01:47:28.607-0300] {dagbag.py:587} INFO - Filling up the DagBag from /home/gabzarp/.local/lib/python3.10/site-packages/airflow/example_dags/example_branch_datetime_operator.py
[2024-09-12T01:47:28.615-0300] {processor.py:925} INFO - DAG(s) 'example_branch_datetime_operator_2', 'example_branch_datetime_operator_3', 'example_branch_datetime_operator' retrieved from /home/gabzarp/.local/lib/python3.10/site-packages/airflow/example_dags/example_branch_datetime_operator.py
[2024-09-12T01:47:28.629-0300] {logging_mixin.py:190} INFO - [2024-09-12T01:47:28.629-0300] {dag.py:3229} INFO - Sync 3 DAGs
[2024-09-12T01:47:28.645-0300] {logging_mixin.py:190} INFO - [2024-09-12T01:47:28.645-0300] {dag.py:4156} INFO - Setting next_dagrun for example_branch_datetime_operator to 2024-09-11 00:00:00+00:00, run_after=2024-09-12 00:00:00+00:00
[2024-09-12T01:47:28.648-0300] {logging_mixin.py:190} INFO - [2024-09-12T01:47:28.648-0300] {dag.py:4156} INFO - Setting next_dagrun for example_branch_datetime_operator_2 to 2024-09-11 00:00:00+00:00, run_after=2024-09-12 00:00:00+00:00
[2024-09-12T01:47:28.650-0300] {logging_mixin.py:190} INFO - [2024-09-12T01:47:28.650-0300] {dag.py:4156} INFO - Setting next_dagrun for example_branch_datetime_operator_3 to 2024-09-11 00:00:00+00:00, run_after=2024-09-12 00:00:00+00:00
[2024-09-12T01:47:28.667-0300] {processor.py:208} INFO - Processing /home/gabzarp/.local/lib/python3.10/site-packages/airflow/example_dags/example_branch_datetime_operator.py took 0.066 seconds
[2024-09-12T01:48:20.022-0300] {processor.py:186} INFO - Started process (PID=6630) to work on /home/gabzarp/.local/lib/python3.10/site-packages/airflow/example_dags/example_branch_datetime_operator.py
[2024-09-12T01:48:20.023-0300] {processor.py:914} INFO - Processing file /home/gabzarp/.local/lib/python3.10/site-packages/airflow/example_dags/example_branch_datetime_operator.py for tasks to queue
[2024-09-12T01:48:20.024-0300] {logging_mixin.py:190} INFO - [2024-09-12T01:48:20.024-0300] {dagbag.py:587} INFO - Filling up the DagBag from /home/gabzarp/.local/lib/python3.10/site-packages/airflow/example_dags/example_branch_datetime_operator.py
[2024-09-12T01:48:20.032-0300] {processor.py:925} INFO - DAG(s) 'example_branch_datetime_operator_2', 'example_branch_datetime_operator', 'example_branch_datetime_operator_3' retrieved from /home/gabzarp/.local/lib/python3.10/site-packages/airflow/example_dags/example_branch_datetime_operator.py
[2024-09-12T01:48:20.046-0300] {logging_mixin.py:190} INFO - [2024-09-12T01:48:20.046-0300] {dag.py:3229} INFO - Sync 3 DAGs
[2024-09-12T01:48:20.063-0300] {logging_mixin.py:190} INFO - [2024-09-12T01:48:20.062-0300] {dag.py:4156} INFO - Setting next_dagrun for example_branch_datetime_operator to 2024-09-11 00:00:00+00:00, run_after=2024-09-12 00:00:00+00:00
[2024-09-12T01:48:20.066-0300] {logging_mixin.py:190} INFO - [2024-09-12T01:48:20.066-0300] {dag.py:4156} INFO - Setting next_dagrun for example_branch_datetime_operator_2 to 2024-09-11 00:00:00+00:00, run_after=2024-09-12 00:00:00+00:00
[2024-09-12T01:48:20.067-0300] {logging_mixin.py:190} INFO - [2024-09-12T01:48:20.067-0300] {dag.py:4156} INFO - Setting next_dagrun for example_branch_datetime_operator_3 to 2024-09-11 00:00:00+00:00, run_after=2024-09-12 00:00:00+00:00
[2024-09-12T01:48:20.085-0300] {processor.py:208} INFO - Processing /home/gabzarp/.local/lib/python3.10/site-packages/airflow/example_dags/example_branch_datetime_operator.py took 0.067 seconds
[2024-09-12T01:49:10.857-0300] {processor.py:186} INFO - Started process (PID=7173) to work on /home/gabzarp/.local/lib/python3.10/site-packages/airflow/example_dags/example_branch_datetime_operator.py
[2024-09-12T01:49:10.858-0300] {processor.py:914} INFO - Processing file /home/gabzarp/.local/lib/python3.10/site-packages/airflow/example_dags/example_branch_datetime_operator.py for tasks to queue
[2024-09-12T01:49:10.859-0300] {logging_mixin.py:190} INFO - [2024-09-12T01:49:10.859-0300] {dagbag.py:587} INFO - Filling up the DagBag from /home/gabzarp/.local/lib/python3.10/site-packages/airflow/example_dags/example_branch_datetime_operator.py
[2024-09-12T01:49:10.867-0300] {processor.py:925} INFO - DAG(s) 'example_branch_datetime_operator', 'example_branch_datetime_operator_3', 'example_branch_datetime_operator_2' retrieved from /home/gabzarp/.local/lib/python3.10/site-packages/airflow/example_dags/example_branch_datetime_operator.py
[2024-09-12T01:49:10.880-0300] {logging_mixin.py:190} INFO - [2024-09-12T01:49:10.879-0300] {dag.py:3229} INFO - Sync 3 DAGs
[2024-09-12T01:49:10.892-0300] {logging_mixin.py:190} INFO - [2024-09-12T01:49:10.892-0300] {dag.py:4156} INFO - Setting next_dagrun for example_branch_datetime_operator to 2024-09-11 00:00:00+00:00, run_after=2024-09-12 00:00:00+00:00
[2024-09-12T01:49:10.894-0300] {logging_mixin.py:190} INFO - [2024-09-12T01:49:10.894-0300] {dag.py:4156} INFO - Setting next_dagrun for example_branch_datetime_operator_2 to 2024-09-11 00:00:00+00:00, run_after=2024-09-12 00:00:00+00:00
[2024-09-12T01:49:10.896-0300] {logging_mixin.py:190} INFO - [2024-09-12T01:49:10.896-0300] {dag.py:4156} INFO - Setting next_dagrun for example_branch_datetime_operator_3 to 2024-09-11 00:00:00+00:00, run_after=2024-09-12 00:00:00+00:00
[2024-09-12T01:49:10.910-0300] {processor.py:208} INFO - Processing /home/gabzarp/.local/lib/python3.10/site-packages/airflow/example_dags/example_branch_datetime_operator.py took 0.057 seconds
[2024-09-12T01:50:01.686-0300] {processor.py:186} INFO - Started process (PID=7623) to work on /home/gabzarp/.local/lib/python3.10/site-packages/airflow/example_dags/example_branch_datetime_operator.py
[2024-09-12T01:50:01.687-0300] {processor.py:914} INFO - Processing file /home/gabzarp/.local/lib/python3.10/site-packages/airflow/example_dags/example_branch_datetime_operator.py for tasks to queue
[2024-09-12T01:50:01.688-0300] {logging_mixin.py:190} INFO - [2024-09-12T01:50:01.687-0300] {dagbag.py:587} INFO - Filling up the DagBag from /home/gabzarp/.local/lib/python3.10/site-packages/airflow/example_dags/example_branch_datetime_operator.py
[2024-09-12T01:50:01.695-0300] {processor.py:925} INFO - DAG(s) 'example_branch_datetime_operator_2', 'example_branch_datetime_operator', 'example_branch_datetime_operator_3' retrieved from /home/gabzarp/.local/lib/python3.10/site-packages/airflow/example_dags/example_branch_datetime_operator.py
[2024-09-12T01:50:01.708-0300] {logging_mixin.py:190} INFO - [2024-09-12T01:50:01.708-0300] {dag.py:3229} INFO - Sync 3 DAGs
[2024-09-12T01:50:01.722-0300] {logging_mixin.py:190} INFO - [2024-09-12T01:50:01.722-0300] {dag.py:4156} INFO - Setting next_dagrun for example_branch_datetime_operator to 2024-09-11 00:00:00+00:00, run_after=2024-09-12 00:00:00+00:00
[2024-09-12T01:50:01.724-0300] {logging_mixin.py:190} INFO - [2024-09-12T01:50:01.724-0300] {dag.py:4156} INFO - Setting next_dagrun for example_branch_datetime_operator_2 to 2024-09-11 00:00:00+00:00, run_after=2024-09-12 00:00:00+00:00
[2024-09-12T01:50:01.726-0300] {logging_mixin.py:190} INFO - [2024-09-12T01:50:01.726-0300] {dag.py:4156} INFO - Setting next_dagrun for example_branch_datetime_operator_3 to 2024-09-11 00:00:00+00:00, run_after=2024-09-12 00:00:00+00:00
[2024-09-12T01:50:01.782-0300] {processor.py:208} INFO - Processing /home/gabzarp/.local/lib/python3.10/site-packages/airflow/example_dags/example_branch_datetime_operator.py took 0.100 seconds
[2024-09-12T01:50:50.428-0300] {processor.py:186} INFO - Started process (PID=8053) to work on /home/gabzarp/.local/lib/python3.10/site-packages/airflow/example_dags/example_branch_datetime_operator.py
[2024-09-12T01:50:50.429-0300] {processor.py:914} INFO - Processing file /home/gabzarp/.local/lib/python3.10/site-packages/airflow/example_dags/example_branch_datetime_operator.py for tasks to queue
[2024-09-12T01:50:50.430-0300] {logging_mixin.py:190} INFO - [2024-09-12T01:50:50.430-0300] {dagbag.py:587} INFO - Filling up the DagBag from /home/gabzarp/.local/lib/python3.10/site-packages/airflow/example_dags/example_branch_datetime_operator.py
[2024-09-12T01:50:50.438-0300] {processor.py:925} INFO - DAG(s) 'example_branch_datetime_operator_2', 'example_branch_datetime_operator', 'example_branch_datetime_operator_3' retrieved from /home/gabzarp/.local/lib/python3.10/site-packages/airflow/example_dags/example_branch_datetime_operator.py
[2024-09-12T01:50:50.451-0300] {logging_mixin.py:190} INFO - [2024-09-12T01:50:50.451-0300] {dag.py:3229} INFO - Sync 3 DAGs
[2024-09-12T01:50:50.465-0300] {logging_mixin.py:190} INFO - [2024-09-12T01:50:50.465-0300] {dag.py:4156} INFO - Setting next_dagrun for example_branch_datetime_operator to 2024-09-11 00:00:00+00:00, run_after=2024-09-12 00:00:00+00:00
[2024-09-12T01:50:50.468-0300] {logging_mixin.py:190} INFO - [2024-09-12T01:50:50.468-0300] {dag.py:4156} INFO - Setting next_dagrun for example_branch_datetime_operator_2 to 2024-09-11 00:00:00+00:00, run_after=2024-09-12 00:00:00+00:00
[2024-09-12T01:50:50.469-0300] {logging_mixin.py:190} INFO - [2024-09-12T01:50:50.469-0300] {dag.py:4156} INFO - Setting next_dagrun for example_branch_datetime_operator_3 to 2024-09-11 00:00:00+00:00, run_after=2024-09-12 00:00:00+00:00
[2024-09-12T01:50:50.482-0300] {processor.py:208} INFO - Processing /home/gabzarp/.local/lib/python3.10/site-packages/airflow/example_dags/example_branch_datetime_operator.py took 0.058 seconds
[2024-09-12T01:51:39.614-0300] {processor.py:186} INFO - Started process (PID=8526) to work on /home/gabzarp/.local/lib/python3.10/site-packages/airflow/example_dags/example_branch_datetime_operator.py
[2024-09-12T01:51:39.616-0300] {processor.py:914} INFO - Processing file /home/gabzarp/.local/lib/python3.10/site-packages/airflow/example_dags/example_branch_datetime_operator.py for tasks to queue
[2024-09-12T01:51:39.617-0300] {logging_mixin.py:190} INFO - [2024-09-12T01:51:39.616-0300] {dagbag.py:587} INFO - Filling up the DagBag from /home/gabzarp/.local/lib/python3.10/site-packages/airflow/example_dags/example_branch_datetime_operator.py
[2024-09-12T01:51:39.624-0300] {processor.py:925} INFO - DAG(s) 'example_branch_datetime_operator_3', 'example_branch_datetime_operator_2', 'example_branch_datetime_operator' retrieved from /home/gabzarp/.local/lib/python3.10/site-packages/airflow/example_dags/example_branch_datetime_operator.py
[2024-09-12T01:51:39.637-0300] {logging_mixin.py:190} INFO - [2024-09-12T01:51:39.637-0300] {dag.py:3229} INFO - Sync 3 DAGs
[2024-09-12T01:51:39.652-0300] {logging_mixin.py:190} INFO - [2024-09-12T01:51:39.651-0300] {dag.py:4156} INFO - Setting next_dagrun for example_branch_datetime_operator to 2024-09-11 00:00:00+00:00, run_after=2024-09-12 00:00:00+00:00
[2024-09-12T01:51:39.655-0300] {logging_mixin.py:190} INFO - [2024-09-12T01:51:39.654-0300] {dag.py:4156} INFO - Setting next_dagrun for example_branch_datetime_operator_2 to 2024-09-11 00:00:00+00:00, run_after=2024-09-12 00:00:00+00:00
[2024-09-12T01:51:39.656-0300] {logging_mixin.py:190} INFO - [2024-09-12T01:51:39.656-0300] {dag.py:4156} INFO - Setting next_dagrun for example_branch_datetime_operator_3 to 2024-09-11 00:00:00+00:00, run_after=2024-09-12 00:00:00+00:00
[2024-09-12T01:51:39.710-0300] {processor.py:208} INFO - Processing /home/gabzarp/.local/lib/python3.10/site-packages/airflow/example_dags/example_branch_datetime_operator.py took 0.099 seconds
[2024-09-12T01:52:30.619-0300] {processor.py:186} INFO - Started process (PID=9024) to work on /home/gabzarp/.local/lib/python3.10/site-packages/airflow/example_dags/example_branch_datetime_operator.py
[2024-09-12T01:52:30.620-0300] {processor.py:914} INFO - Processing file /home/gabzarp/.local/lib/python3.10/site-packages/airflow/example_dags/example_branch_datetime_operator.py for tasks to queue
[2024-09-12T01:52:30.620-0300] {logging_mixin.py:190} INFO - [2024-09-12T01:52:30.620-0300] {dagbag.py:587} INFO - Filling up the DagBag from /home/gabzarp/.local/lib/python3.10/site-packages/airflow/example_dags/example_branch_datetime_operator.py
[2024-09-12T01:52:30.628-0300] {processor.py:925} INFO - DAG(s) 'example_branch_datetime_operator', 'example_branch_datetime_operator_2', 'example_branch_datetime_operator_3' retrieved from /home/gabzarp/.local/lib/python3.10/site-packages/airflow/example_dags/example_branch_datetime_operator.py
[2024-09-12T01:52:30.641-0300] {logging_mixin.py:190} INFO - [2024-09-12T01:52:30.641-0300] {dag.py:3229} INFO - Sync 3 DAGs
[2024-09-12T01:52:30.654-0300] {logging_mixin.py:190} INFO - [2024-09-12T01:52:30.654-0300] {dag.py:4156} INFO - Setting next_dagrun for example_branch_datetime_operator to 2024-09-11 00:00:00+00:00, run_after=2024-09-12 00:00:00+00:00
[2024-09-12T01:52:30.657-0300] {logging_mixin.py:190} INFO - [2024-09-12T01:52:30.657-0300] {dag.py:4156} INFO - Setting next_dagrun for example_branch_datetime_operator_2 to 2024-09-11 00:00:00+00:00, run_after=2024-09-12 00:00:00+00:00
[2024-09-12T01:52:30.658-0300] {logging_mixin.py:190} INFO - [2024-09-12T01:52:30.658-0300] {dag.py:4156} INFO - Setting next_dagrun for example_branch_datetime_operator_3 to 2024-09-11 00:00:00+00:00, run_after=2024-09-12 00:00:00+00:00
[2024-09-12T01:52:30.671-0300] {processor.py:208} INFO - Processing /home/gabzarp/.local/lib/python3.10/site-packages/airflow/example_dags/example_branch_datetime_operator.py took 0.056 seconds
[2024-09-12T01:53:22.350-0300] {processor.py:186} INFO - Started process (PID=9554) to work on /home/gabzarp/.local/lib/python3.10/site-packages/airflow/example_dags/example_branch_datetime_operator.py
[2024-09-12T01:53:22.351-0300] {processor.py:914} INFO - Processing file /home/gabzarp/.local/lib/python3.10/site-packages/airflow/example_dags/example_branch_datetime_operator.py for tasks to queue
[2024-09-12T01:53:22.352-0300] {logging_mixin.py:190} INFO - [2024-09-12T01:53:22.352-0300] {dagbag.py:587} INFO - Filling up the DagBag from /home/gabzarp/.local/lib/python3.10/site-packages/airflow/example_dags/example_branch_datetime_operator.py
[2024-09-12T01:53:22.360-0300] {processor.py:925} INFO - DAG(s) 'example_branch_datetime_operator', 'example_branch_datetime_operator_3', 'example_branch_datetime_operator_2' retrieved from /home/gabzarp/.local/lib/python3.10/site-packages/airflow/example_dags/example_branch_datetime_operator.py
[2024-09-12T01:53:22.374-0300] {logging_mixin.py:190} INFO - [2024-09-12T01:53:22.374-0300] {dag.py:3229} INFO - Sync 3 DAGs
[2024-09-12T01:53:22.389-0300] {logging_mixin.py:190} INFO - [2024-09-12T01:53:22.389-0300] {dag.py:4156} INFO - Setting next_dagrun for example_branch_datetime_operator to 2024-09-11 00:00:00+00:00, run_after=2024-09-12 00:00:00+00:00
[2024-09-12T01:53:22.392-0300] {logging_mixin.py:190} INFO - [2024-09-12T01:53:22.392-0300] {dag.py:4156} INFO - Setting next_dagrun for example_branch_datetime_operator_2 to 2024-09-11 00:00:00+00:00, run_after=2024-09-12 00:00:00+00:00
[2024-09-12T01:53:22.394-0300] {logging_mixin.py:190} INFO - [2024-09-12T01:53:22.394-0300] {dag.py:4156} INFO - Setting next_dagrun for example_branch_datetime_operator_3 to 2024-09-11 00:00:00+00:00, run_after=2024-09-12 00:00:00+00:00
[2024-09-12T01:53:22.408-0300] {processor.py:208} INFO - Processing /home/gabzarp/.local/lib/python3.10/site-packages/airflow/example_dags/example_branch_datetime_operator.py took 0.061 seconds
[2024-09-12T01:54:15.073-0300] {processor.py:186} INFO - Started process (PID=9995) to work on /home/gabzarp/.local/lib/python3.10/site-packages/airflow/example_dags/example_branch_datetime_operator.py
[2024-09-12T01:54:15.074-0300] {processor.py:914} INFO - Processing file /home/gabzarp/.local/lib/python3.10/site-packages/airflow/example_dags/example_branch_datetime_operator.py for tasks to queue
[2024-09-12T01:54:15.075-0300] {logging_mixin.py:190} INFO - [2024-09-12T01:54:15.075-0300] {dagbag.py:587} INFO - Filling up the DagBag from /home/gabzarp/.local/lib/python3.10/site-packages/airflow/example_dags/example_branch_datetime_operator.py
[2024-09-12T01:54:15.083-0300] {processor.py:925} INFO - DAG(s) 'example_branch_datetime_operator_2', 'example_branch_datetime_operator', 'example_branch_datetime_operator_3' retrieved from /home/gabzarp/.local/lib/python3.10/site-packages/airflow/example_dags/example_branch_datetime_operator.py
[2024-09-12T01:54:15.099-0300] {logging_mixin.py:190} INFO - [2024-09-12T01:54:15.099-0300] {dag.py:3229} INFO - Sync 3 DAGs
[2024-09-12T01:54:15.117-0300] {logging_mixin.py:190} INFO - [2024-09-12T01:54:15.117-0300] {dag.py:4156} INFO - Setting next_dagrun for example_branch_datetime_operator to 2024-09-11 00:00:00+00:00, run_after=2024-09-12 00:00:00+00:00
[2024-09-12T01:54:15.120-0300] {logging_mixin.py:190} INFO - [2024-09-12T01:54:15.120-0300] {dag.py:4156} INFO - Setting next_dagrun for example_branch_datetime_operator_2 to 2024-09-11 00:00:00+00:00, run_after=2024-09-12 00:00:00+00:00
[2024-09-12T01:54:15.122-0300] {logging_mixin.py:190} INFO - [2024-09-12T01:54:15.122-0300] {dag.py:4156} INFO - Setting next_dagrun for example_branch_datetime_operator_3 to 2024-09-11 00:00:00+00:00, run_after=2024-09-12 00:00:00+00:00
[2024-09-12T01:54:15.136-0300] {processor.py:208} INFO - Processing /home/gabzarp/.local/lib/python3.10/site-packages/airflow/example_dags/example_branch_datetime_operator.py took 0.066 seconds
[2024-09-12T01:55:06.654-0300] {processor.py:186} INFO - Started process (PID=10411) to work on /home/gabzarp/.local/lib/python3.10/site-packages/airflow/example_dags/example_branch_datetime_operator.py
[2024-09-12T01:55:06.655-0300] {processor.py:914} INFO - Processing file /home/gabzarp/.local/lib/python3.10/site-packages/airflow/example_dags/example_branch_datetime_operator.py for tasks to queue
[2024-09-12T01:55:06.655-0300] {logging_mixin.py:190} INFO - [2024-09-12T01:55:06.655-0300] {dagbag.py:587} INFO - Filling up the DagBag from /home/gabzarp/.local/lib/python3.10/site-packages/airflow/example_dags/example_branch_datetime_operator.py
[2024-09-12T01:55:06.663-0300] {processor.py:925} INFO - DAG(s) 'example_branch_datetime_operator', 'example_branch_datetime_operator_3', 'example_branch_datetime_operator_2' retrieved from /home/gabzarp/.local/lib/python3.10/site-packages/airflow/example_dags/example_branch_datetime_operator.py
[2024-09-12T01:55:06.676-0300] {logging_mixin.py:190} INFO - [2024-09-12T01:55:06.676-0300] {dag.py:3229} INFO - Sync 3 DAGs
[2024-09-12T01:55:06.690-0300] {logging_mixin.py:190} INFO - [2024-09-12T01:55:06.689-0300] {dag.py:4156} INFO - Setting next_dagrun for example_branch_datetime_operator to 2024-09-11 00:00:00+00:00, run_after=2024-09-12 00:00:00+00:00
[2024-09-12T01:55:06.692-0300] {logging_mixin.py:190} INFO - [2024-09-12T01:55:06.692-0300] {dag.py:4156} INFO - Setting next_dagrun for example_branch_datetime_operator_2 to 2024-09-11 00:00:00+00:00, run_after=2024-09-12 00:00:00+00:00
[2024-09-12T01:55:06.694-0300] {logging_mixin.py:190} INFO - [2024-09-12T01:55:06.694-0300] {dag.py:4156} INFO - Setting next_dagrun for example_branch_datetime_operator_3 to 2024-09-11 00:00:00+00:00, run_after=2024-09-12 00:00:00+00:00
[2024-09-12T01:55:06.707-0300] {processor.py:208} INFO - Processing /home/gabzarp/.local/lib/python3.10/site-packages/airflow/example_dags/example_branch_datetime_operator.py took 0.057 seconds
[2024-09-12T01:56:01.290-0300] {processor.py:186} INFO - Started process (PID=10863) to work on /home/gabzarp/.local/lib/python3.10/site-packages/airflow/example_dags/example_branch_datetime_operator.py
[2024-09-12T01:56:01.291-0300] {processor.py:914} INFO - Processing file /home/gabzarp/.local/lib/python3.10/site-packages/airflow/example_dags/example_branch_datetime_operator.py for tasks to queue
[2024-09-12T01:56:01.292-0300] {logging_mixin.py:190} INFO - [2024-09-12T01:56:01.292-0300] {dagbag.py:587} INFO - Filling up the DagBag from /home/gabzarp/.local/lib/python3.10/site-packages/airflow/example_dags/example_branch_datetime_operator.py
[2024-09-12T01:56:01.301-0300] {processor.py:925} INFO - DAG(s) 'example_branch_datetime_operator', 'example_branch_datetime_operator_3', 'example_branch_datetime_operator_2' retrieved from /home/gabzarp/.local/lib/python3.10/site-packages/airflow/example_dags/example_branch_datetime_operator.py
[2024-09-12T01:56:01.316-0300] {logging_mixin.py:190} INFO - [2024-09-12T01:56:01.316-0300] {dag.py:3229} INFO - Sync 3 DAGs
[2024-09-12T01:56:01.332-0300] {logging_mixin.py:190} INFO - [2024-09-12T01:56:01.332-0300] {dag.py:4156} INFO - Setting next_dagrun for example_branch_datetime_operator to 2024-09-11 00:00:00+00:00, run_after=2024-09-12 00:00:00+00:00
[2024-09-12T01:56:01.336-0300] {logging_mixin.py:190} INFO - [2024-09-12T01:56:01.336-0300] {dag.py:4156} INFO - Setting next_dagrun for example_branch_datetime_operator_2 to 2024-09-11 00:00:00+00:00, run_after=2024-09-12 00:00:00+00:00
[2024-09-12T01:56:01.337-0300] {logging_mixin.py:190} INFO - [2024-09-12T01:56:01.337-0300] {dag.py:4156} INFO - Setting next_dagrun for example_branch_datetime_operator_3 to 2024-09-11 00:00:00+00:00, run_after=2024-09-12 00:00:00+00:00
[2024-09-12T01:56:01.352-0300] {processor.py:208} INFO - Processing /home/gabzarp/.local/lib/python3.10/site-packages/airflow/example_dags/example_branch_datetime_operator.py took 0.066 seconds
[2024-09-12T01:56:54.663-0300] {processor.py:186} INFO - Started process (PID=11323) to work on /home/gabzarp/.local/lib/python3.10/site-packages/airflow/example_dags/example_branch_datetime_operator.py
[2024-09-12T01:56:54.664-0300] {processor.py:914} INFO - Processing file /home/gabzarp/.local/lib/python3.10/site-packages/airflow/example_dags/example_branch_datetime_operator.py for tasks to queue
[2024-09-12T01:56:54.665-0300] {logging_mixin.py:190} INFO - [2024-09-12T01:56:54.665-0300] {dagbag.py:587} INFO - Filling up the DagBag from /home/gabzarp/.local/lib/python3.10/site-packages/airflow/example_dags/example_branch_datetime_operator.py
[2024-09-12T01:56:54.672-0300] {processor.py:925} INFO - DAG(s) 'example_branch_datetime_operator_2', 'example_branch_datetime_operator_3', 'example_branch_datetime_operator' retrieved from /home/gabzarp/.local/lib/python3.10/site-packages/airflow/example_dags/example_branch_datetime_operator.py
[2024-09-12T01:56:54.686-0300] {logging_mixin.py:190} INFO - [2024-09-12T01:56:54.686-0300] {dag.py:3229} INFO - Sync 3 DAGs
[2024-09-12T01:56:54.700-0300] {logging_mixin.py:190} INFO - [2024-09-12T01:56:54.700-0300] {dag.py:4156} INFO - Setting next_dagrun for example_branch_datetime_operator to 2024-09-11 00:00:00+00:00, run_after=2024-09-12 00:00:00+00:00
[2024-09-12T01:56:54.703-0300] {logging_mixin.py:190} INFO - [2024-09-12T01:56:54.703-0300] {dag.py:4156} INFO - Setting next_dagrun for example_branch_datetime_operator_2 to 2024-09-11 00:00:00+00:00, run_after=2024-09-12 00:00:00+00:00
[2024-09-12T01:56:54.705-0300] {logging_mixin.py:190} INFO - [2024-09-12T01:56:54.705-0300] {dag.py:4156} INFO - Setting next_dagrun for example_branch_datetime_operator_3 to 2024-09-11 00:00:00+00:00, run_after=2024-09-12 00:00:00+00:00
[2024-09-12T01:56:54.720-0300] {processor.py:208} INFO - Processing /home/gabzarp/.local/lib/python3.10/site-packages/airflow/example_dags/example_branch_datetime_operator.py took 0.060 seconds
[2024-09-12T01:57:48.329-0300] {processor.py:186} INFO - Started process (PID=11759) to work on /home/gabzarp/.local/lib/python3.10/site-packages/airflow/example_dags/example_branch_datetime_operator.py
[2024-09-12T01:57:48.330-0300] {processor.py:914} INFO - Processing file /home/gabzarp/.local/lib/python3.10/site-packages/airflow/example_dags/example_branch_datetime_operator.py for tasks to queue
[2024-09-12T01:57:48.331-0300] {logging_mixin.py:190} INFO - [2024-09-12T01:57:48.331-0300] {dagbag.py:587} INFO - Filling up the DagBag from /home/gabzarp/.local/lib/python3.10/site-packages/airflow/example_dags/example_branch_datetime_operator.py
[2024-09-12T01:57:48.340-0300] {processor.py:925} INFO - DAG(s) 'example_branch_datetime_operator_2', 'example_branch_datetime_operator_3', 'example_branch_datetime_operator' retrieved from /home/gabzarp/.local/lib/python3.10/site-packages/airflow/example_dags/example_branch_datetime_operator.py
[2024-09-12T01:57:48.356-0300] {logging_mixin.py:190} INFO - [2024-09-12T01:57:48.356-0300] {dag.py:3229} INFO - Sync 3 DAGs
[2024-09-12T01:57:48.377-0300] {logging_mixin.py:190} INFO - [2024-09-12T01:57:48.376-0300] {dag.py:4156} INFO - Setting next_dagrun for example_branch_datetime_operator to 2024-09-11 00:00:00+00:00, run_after=2024-09-12 00:00:00+00:00
[2024-09-12T01:57:48.380-0300] {logging_mixin.py:190} INFO - [2024-09-12T01:57:48.380-0300] {dag.py:4156} INFO - Setting next_dagrun for example_branch_datetime_operator_2 to 2024-09-11 00:00:00+00:00, run_after=2024-09-12 00:00:00+00:00
[2024-09-12T01:57:48.383-0300] {logging_mixin.py:190} INFO - [2024-09-12T01:57:48.383-0300] {dag.py:4156} INFO - Setting next_dagrun for example_branch_datetime_operator_3 to 2024-09-11 00:00:00+00:00, run_after=2024-09-12 00:00:00+00:00
[2024-09-12T01:57:48.442-0300] {processor.py:208} INFO - Processing /home/gabzarp/.local/lib/python3.10/site-packages/airflow/example_dags/example_branch_datetime_operator.py took 0.117 seconds
[2024-09-12T01:58:42.673-0300] {processor.py:186} INFO - Started process (PID=12188) to work on /home/gabzarp/.local/lib/python3.10/site-packages/airflow/example_dags/example_branch_datetime_operator.py
[2024-09-12T01:58:42.674-0300] {processor.py:914} INFO - Processing file /home/gabzarp/.local/lib/python3.10/site-packages/airflow/example_dags/example_branch_datetime_operator.py for tasks to queue
[2024-09-12T01:58:42.674-0300] {logging_mixin.py:190} INFO - [2024-09-12T01:58:42.674-0300] {dagbag.py:587} INFO - Filling up the DagBag from /home/gabzarp/.local/lib/python3.10/site-packages/airflow/example_dags/example_branch_datetime_operator.py
[2024-09-12T01:58:42.682-0300] {processor.py:925} INFO - DAG(s) 'example_branch_datetime_operator_3', 'example_branch_datetime_operator_2', 'example_branch_datetime_operator' retrieved from /home/gabzarp/.local/lib/python3.10/site-packages/airflow/example_dags/example_branch_datetime_operator.py
[2024-09-12T01:58:42.695-0300] {logging_mixin.py:190} INFO - [2024-09-12T01:58:42.695-0300] {dag.py:3229} INFO - Sync 3 DAGs
[2024-09-12T01:58:42.708-0300] {logging_mixin.py:190} INFO - [2024-09-12T01:58:42.708-0300] {dag.py:4156} INFO - Setting next_dagrun for example_branch_datetime_operator to 2024-09-11 00:00:00+00:00, run_after=2024-09-12 00:00:00+00:00
[2024-09-12T01:58:42.711-0300] {logging_mixin.py:190} INFO - [2024-09-12T01:58:42.711-0300] {dag.py:4156} INFO - Setting next_dagrun for example_branch_datetime_operator_2 to 2024-09-11 00:00:00+00:00, run_after=2024-09-12 00:00:00+00:00
[2024-09-12T01:58:42.713-0300] {logging_mixin.py:190} INFO - [2024-09-12T01:58:42.713-0300] {dag.py:4156} INFO - Setting next_dagrun for example_branch_datetime_operator_3 to 2024-09-11 00:00:00+00:00, run_after=2024-09-12 00:00:00+00:00
[2024-09-12T01:58:42.727-0300] {processor.py:208} INFO - Processing /home/gabzarp/.local/lib/python3.10/site-packages/airflow/example_dags/example_branch_datetime_operator.py took 0.057 seconds
[2024-09-12T01:59:34.188-0300] {processor.py:186} INFO - Started process (PID=12596) to work on /home/gabzarp/.local/lib/python3.10/site-packages/airflow/example_dags/example_branch_datetime_operator.py
[2024-09-12T01:59:34.189-0300] {processor.py:914} INFO - Processing file /home/gabzarp/.local/lib/python3.10/site-packages/airflow/example_dags/example_branch_datetime_operator.py for tasks to queue
[2024-09-12T01:59:34.190-0300] {logging_mixin.py:190} INFO - [2024-09-12T01:59:34.190-0300] {dagbag.py:587} INFO - Filling up the DagBag from /home/gabzarp/.local/lib/python3.10/site-packages/airflow/example_dags/example_branch_datetime_operator.py
[2024-09-12T01:59:34.197-0300] {processor.py:925} INFO - DAG(s) 'example_branch_datetime_operator', 'example_branch_datetime_operator_2', 'example_branch_datetime_operator_3' retrieved from /home/gabzarp/.local/lib/python3.10/site-packages/airflow/example_dags/example_branch_datetime_operator.py
[2024-09-12T01:59:34.211-0300] {logging_mixin.py:190} INFO - [2024-09-12T01:59:34.211-0300] {dag.py:3229} INFO - Sync 3 DAGs
[2024-09-12T01:59:34.225-0300] {logging_mixin.py:190} INFO - [2024-09-12T01:59:34.225-0300] {dag.py:4156} INFO - Setting next_dagrun for example_branch_datetime_operator to 2024-09-11 00:00:00+00:00, run_after=2024-09-12 00:00:00+00:00
[2024-09-12T01:59:34.227-0300] {logging_mixin.py:190} INFO - [2024-09-12T01:59:34.227-0300] {dag.py:4156} INFO - Setting next_dagrun for example_branch_datetime_operator_2 to 2024-09-11 00:00:00+00:00, run_after=2024-09-12 00:00:00+00:00
[2024-09-12T01:59:34.229-0300] {logging_mixin.py:190} INFO - [2024-09-12T01:59:34.229-0300] {dag.py:4156} INFO - Setting next_dagrun for example_branch_datetime_operator_3 to 2024-09-11 00:00:00+00:00, run_after=2024-09-12 00:00:00+00:00
[2024-09-12T01:59:34.242-0300] {processor.py:208} INFO - Processing /home/gabzarp/.local/lib/python3.10/site-packages/airflow/example_dags/example_branch_datetime_operator.py took 0.057 seconds
[2024-09-12T02:00:24.420-0300] {processor.py:186} INFO - Started process (PID=13056) to work on /home/gabzarp/.local/lib/python3.10/site-packages/airflow/example_dags/example_branch_datetime_operator.py
[2024-09-12T02:00:24.420-0300] {processor.py:914} INFO - Processing file /home/gabzarp/.local/lib/python3.10/site-packages/airflow/example_dags/example_branch_datetime_operator.py for tasks to queue
[2024-09-12T02:00:24.421-0300] {logging_mixin.py:190} INFO - [2024-09-12T02:00:24.421-0300] {dagbag.py:587} INFO - Filling up the DagBag from /home/gabzarp/.local/lib/python3.10/site-packages/airflow/example_dags/example_branch_datetime_operator.py
[2024-09-12T02:00:24.429-0300] {processor.py:925} INFO - DAG(s) 'example_branch_datetime_operator', 'example_branch_datetime_operator_2', 'example_branch_datetime_operator_3' retrieved from /home/gabzarp/.local/lib/python3.10/site-packages/airflow/example_dags/example_branch_datetime_operator.py
[2024-09-12T02:00:24.442-0300] {logging_mixin.py:190} INFO - [2024-09-12T02:00:24.442-0300] {dag.py:3229} INFO - Sync 3 DAGs
[2024-09-12T02:00:24.456-0300] {logging_mixin.py:190} INFO - [2024-09-12T02:00:24.456-0300] {dag.py:4156} INFO - Setting next_dagrun for example_branch_datetime_operator to 2024-09-11 00:00:00+00:00, run_after=2024-09-12 00:00:00+00:00
[2024-09-12T02:00:24.459-0300] {logging_mixin.py:190} INFO - [2024-09-12T02:00:24.459-0300] {dag.py:4156} INFO - Setting next_dagrun for example_branch_datetime_operator_2 to 2024-09-11 00:00:00+00:00, run_after=2024-09-12 00:00:00+00:00
[2024-09-12T02:00:24.461-0300] {logging_mixin.py:190} INFO - [2024-09-12T02:00:24.460-0300] {dag.py:4156} INFO - Setting next_dagrun for example_branch_datetime_operator_3 to 2024-09-11 00:00:00+00:00, run_after=2024-09-12 00:00:00+00:00
[2024-09-12T02:00:24.474-0300] {processor.py:208} INFO - Processing /home/gabzarp/.local/lib/python3.10/site-packages/airflow/example_dags/example_branch_datetime_operator.py took 0.058 seconds
[2024-09-12T02:01:16.542-0300] {processor.py:186} INFO - Started process (PID=13551) to work on /home/gabzarp/.local/lib/python3.10/site-packages/airflow/example_dags/example_branch_datetime_operator.py
[2024-09-12T02:01:16.543-0300] {processor.py:914} INFO - Processing file /home/gabzarp/.local/lib/python3.10/site-packages/airflow/example_dags/example_branch_datetime_operator.py for tasks to queue
[2024-09-12T02:01:16.544-0300] {logging_mixin.py:190} INFO - [2024-09-12T02:01:16.544-0300] {dagbag.py:587} INFO - Filling up the DagBag from /home/gabzarp/.local/lib/python3.10/site-packages/airflow/example_dags/example_branch_datetime_operator.py
[2024-09-12T02:01:16.553-0300] {processor.py:925} INFO - DAG(s) 'example_branch_datetime_operator_3', 'example_branch_datetime_operator', 'example_branch_datetime_operator_2' retrieved from /home/gabzarp/.local/lib/python3.10/site-packages/airflow/example_dags/example_branch_datetime_operator.py
[2024-09-12T02:01:16.570-0300] {logging_mixin.py:190} INFO - [2024-09-12T02:01:16.570-0300] {dag.py:3229} INFO - Sync 3 DAGs
[2024-09-12T02:01:16.588-0300] {logging_mixin.py:190} INFO - [2024-09-12T02:01:16.588-0300] {dag.py:4156} INFO - Setting next_dagrun for example_branch_datetime_operator to 2024-09-11 00:00:00+00:00, run_after=2024-09-12 00:00:00+00:00
[2024-09-12T02:01:16.593-0300] {logging_mixin.py:190} INFO - [2024-09-12T02:01:16.592-0300] {dag.py:4156} INFO - Setting next_dagrun for example_branch_datetime_operator_2 to 2024-09-11 00:00:00+00:00, run_after=2024-09-12 00:00:00+00:00
[2024-09-12T02:01:16.596-0300] {logging_mixin.py:190} INFO - [2024-09-12T02:01:16.596-0300] {dag.py:4156} INFO - Setting next_dagrun for example_branch_datetime_operator_3 to 2024-09-11 00:00:00+00:00, run_after=2024-09-12 00:00:00+00:00
[2024-09-12T02:01:16.648-0300] {processor.py:208} INFO - Processing /home/gabzarp/.local/lib/python3.10/site-packages/airflow/example_dags/example_branch_datetime_operator.py took 0.110 seconds
[2024-09-12T02:02:07.168-0300] {processor.py:186} INFO - Started process (PID=13991) to work on /home/gabzarp/.local/lib/python3.10/site-packages/airflow/example_dags/example_branch_datetime_operator.py
[2024-09-12T02:02:07.169-0300] {processor.py:914} INFO - Processing file /home/gabzarp/.local/lib/python3.10/site-packages/airflow/example_dags/example_branch_datetime_operator.py for tasks to queue
[2024-09-12T02:02:07.170-0300] {logging_mixin.py:190} INFO - [2024-09-12T02:02:07.170-0300] {dagbag.py:587} INFO - Filling up the DagBag from /home/gabzarp/.local/lib/python3.10/site-packages/airflow/example_dags/example_branch_datetime_operator.py
[2024-09-12T02:02:07.178-0300] {processor.py:925} INFO - DAG(s) 'example_branch_datetime_operator', 'example_branch_datetime_operator_2', 'example_branch_datetime_operator_3' retrieved from /home/gabzarp/.local/lib/python3.10/site-packages/airflow/example_dags/example_branch_datetime_operator.py
[2024-09-12T02:02:07.194-0300] {logging_mixin.py:190} INFO - [2024-09-12T02:02:07.193-0300] {dag.py:3229} INFO - Sync 3 DAGs
[2024-09-12T02:02:07.209-0300] {logging_mixin.py:190} INFO - [2024-09-12T02:02:07.209-0300] {dag.py:4156} INFO - Setting next_dagrun for example_branch_datetime_operator to 2024-09-11 00:00:00+00:00, run_after=2024-09-12 00:00:00+00:00
[2024-09-12T02:02:07.212-0300] {logging_mixin.py:190} INFO - [2024-09-12T02:02:07.212-0300] {dag.py:4156} INFO - Setting next_dagrun for example_branch_datetime_operator_2 to 2024-09-11 00:00:00+00:00, run_after=2024-09-12 00:00:00+00:00
[2024-09-12T02:02:07.214-0300] {logging_mixin.py:190} INFO - [2024-09-12T02:02:07.214-0300] {dag.py:4156} INFO - Setting next_dagrun for example_branch_datetime_operator_3 to 2024-09-11 00:00:00+00:00, run_after=2024-09-12 00:00:00+00:00
[2024-09-12T02:02:07.230-0300] {processor.py:208} INFO - Processing /home/gabzarp/.local/lib/python3.10/site-packages/airflow/example_dags/example_branch_datetime_operator.py took 0.066 seconds
[2024-09-12T02:02:54.567-0300] {processor.py:186} INFO - Started process (PID=14378) to work on /home/gabzarp/.local/lib/python3.10/site-packages/airflow/example_dags/example_branch_datetime_operator.py
[2024-09-12T02:02:54.568-0300] {processor.py:914} INFO - Processing file /home/gabzarp/.local/lib/python3.10/site-packages/airflow/example_dags/example_branch_datetime_operator.py for tasks to queue
[2024-09-12T02:02:54.569-0300] {logging_mixin.py:190} INFO - [2024-09-12T02:02:54.568-0300] {dagbag.py:587} INFO - Filling up the DagBag from /home/gabzarp/.local/lib/python3.10/site-packages/airflow/example_dags/example_branch_datetime_operator.py
[2024-09-12T02:02:54.576-0300] {processor.py:925} INFO - DAG(s) 'example_branch_datetime_operator_3', 'example_branch_datetime_operator_2', 'example_branch_datetime_operator' retrieved from /home/gabzarp/.local/lib/python3.10/site-packages/airflow/example_dags/example_branch_datetime_operator.py
[2024-09-12T02:02:54.589-0300] {logging_mixin.py:190} INFO - [2024-09-12T02:02:54.589-0300] {dag.py:3229} INFO - Sync 3 DAGs
[2024-09-12T02:02:54.602-0300] {logging_mixin.py:190} INFO - [2024-09-12T02:02:54.602-0300] {dag.py:4156} INFO - Setting next_dagrun for example_branch_datetime_operator to 2024-09-11 00:00:00+00:00, run_after=2024-09-12 00:00:00+00:00
[2024-09-12T02:02:54.605-0300] {logging_mixin.py:190} INFO - [2024-09-12T02:02:54.605-0300] {dag.py:4156} INFO - Setting next_dagrun for example_branch_datetime_operator_2 to 2024-09-11 00:00:00+00:00, run_after=2024-09-12 00:00:00+00:00
[2024-09-12T02:02:54.606-0300] {logging_mixin.py:190} INFO - [2024-09-12T02:02:54.606-0300] {dag.py:4156} INFO - Setting next_dagrun for example_branch_datetime_operator_3 to 2024-09-11 00:00:00+00:00, run_after=2024-09-12 00:00:00+00:00
[2024-09-12T02:02:54.619-0300] {processor.py:208} INFO - Processing /home/gabzarp/.local/lib/python3.10/site-packages/airflow/example_dags/example_branch_datetime_operator.py took 0.055 seconds
[2024-09-12T02:03:46.026-0300] {processor.py:186} INFO - Started process (PID=14787) to work on /home/gabzarp/.local/lib/python3.10/site-packages/airflow/example_dags/example_branch_datetime_operator.py
[2024-09-12T02:03:46.027-0300] {processor.py:914} INFO - Processing file /home/gabzarp/.local/lib/python3.10/site-packages/airflow/example_dags/example_branch_datetime_operator.py for tasks to queue
[2024-09-12T02:03:46.028-0300] {logging_mixin.py:190} INFO - [2024-09-12T02:03:46.028-0300] {dagbag.py:587} INFO - Filling up the DagBag from /home/gabzarp/.local/lib/python3.10/site-packages/airflow/example_dags/example_branch_datetime_operator.py
[2024-09-12T02:03:46.037-0300] {processor.py:925} INFO - DAG(s) 'example_branch_datetime_operator_2', 'example_branch_datetime_operator_3', 'example_branch_datetime_operator' retrieved from /home/gabzarp/.local/lib/python3.10/site-packages/airflow/example_dags/example_branch_datetime_operator.py
[2024-09-12T02:03:46.054-0300] {logging_mixin.py:190} INFO - [2024-09-12T02:03:46.054-0300] {dag.py:3229} INFO - Sync 3 DAGs
[2024-09-12T02:03:46.069-0300] {logging_mixin.py:190} INFO - [2024-09-12T02:03:46.069-0300] {dag.py:4156} INFO - Setting next_dagrun for example_branch_datetime_operator to 2024-09-11 00:00:00+00:00, run_after=2024-09-12 00:00:00+00:00
[2024-09-12T02:03:46.073-0300] {logging_mixin.py:190} INFO - [2024-09-12T02:03:46.073-0300] {dag.py:4156} INFO - Setting next_dagrun for example_branch_datetime_operator_2 to 2024-09-11 00:00:00+00:00, run_after=2024-09-12 00:00:00+00:00
[2024-09-12T02:03:46.074-0300] {logging_mixin.py:190} INFO - [2024-09-12T02:03:46.074-0300] {dag.py:4156} INFO - Setting next_dagrun for example_branch_datetime_operator_3 to 2024-09-11 00:00:00+00:00, run_after=2024-09-12 00:00:00+00:00
[2024-09-12T02:03:46.094-0300] {processor.py:208} INFO - Processing /home/gabzarp/.local/lib/python3.10/site-packages/airflow/example_dags/example_branch_datetime_operator.py took 0.072 seconds
[2024-09-12T02:04:37.424-0300] {processor.py:186} INFO - Started process (PID=15193) to work on /home/gabzarp/.local/lib/python3.10/site-packages/airflow/example_dags/example_branch_datetime_operator.py
[2024-09-12T02:04:37.425-0300] {processor.py:914} INFO - Processing file /home/gabzarp/.local/lib/python3.10/site-packages/airflow/example_dags/example_branch_datetime_operator.py for tasks to queue
[2024-09-12T02:04:37.426-0300] {logging_mixin.py:190} INFO - [2024-09-12T02:04:37.426-0300] {dagbag.py:587} INFO - Filling up the DagBag from /home/gabzarp/.local/lib/python3.10/site-packages/airflow/example_dags/example_branch_datetime_operator.py
[2024-09-12T02:04:37.434-0300] {processor.py:925} INFO - DAG(s) 'example_branch_datetime_operator_2', 'example_branch_datetime_operator_3', 'example_branch_datetime_operator' retrieved from /home/gabzarp/.local/lib/python3.10/site-packages/airflow/example_dags/example_branch_datetime_operator.py
[2024-09-12T02:04:37.447-0300] {logging_mixin.py:190} INFO - [2024-09-12T02:04:37.447-0300] {dag.py:3229} INFO - Sync 3 DAGs
[2024-09-12T02:04:37.460-0300] {logging_mixin.py:190} INFO - [2024-09-12T02:04:37.460-0300] {dag.py:4156} INFO - Setting next_dagrun for example_branch_datetime_operator to 2024-09-11 00:00:00+00:00, run_after=2024-09-12 00:00:00+00:00
[2024-09-12T02:04:37.463-0300] {logging_mixin.py:190} INFO - [2024-09-12T02:04:37.463-0300] {dag.py:4156} INFO - Setting next_dagrun for example_branch_datetime_operator_2 to 2024-09-11 00:00:00+00:00, run_after=2024-09-12 00:00:00+00:00
[2024-09-12T02:04:37.465-0300] {logging_mixin.py:190} INFO - [2024-09-12T02:04:37.465-0300] {dag.py:4156} INFO - Setting next_dagrun for example_branch_datetime_operator_3 to 2024-09-11 00:00:00+00:00, run_after=2024-09-12 00:00:00+00:00
[2024-09-12T02:04:37.478-0300] {processor.py:208} INFO - Processing /home/gabzarp/.local/lib/python3.10/site-packages/airflow/example_dags/example_branch_datetime_operator.py took 0.057 seconds
[2024-09-12T02:05:31.320-0300] {processor.py:186} INFO - Started process (PID=15615) to work on /home/gabzarp/.local/lib/python3.10/site-packages/airflow/example_dags/example_branch_datetime_operator.py
[2024-09-12T02:05:31.321-0300] {processor.py:914} INFO - Processing file /home/gabzarp/.local/lib/python3.10/site-packages/airflow/example_dags/example_branch_datetime_operator.py for tasks to queue
[2024-09-12T02:05:31.322-0300] {logging_mixin.py:190} INFO - [2024-09-12T02:05:31.322-0300] {dagbag.py:587} INFO - Filling up the DagBag from /home/gabzarp/.local/lib/python3.10/site-packages/airflow/example_dags/example_branch_datetime_operator.py
[2024-09-12T02:05:31.330-0300] {processor.py:925} INFO - DAG(s) 'example_branch_datetime_operator', 'example_branch_datetime_operator_2', 'example_branch_datetime_operator_3' retrieved from /home/gabzarp/.local/lib/python3.10/site-packages/airflow/example_dags/example_branch_datetime_operator.py
[2024-09-12T02:05:31.346-0300] {logging_mixin.py:190} INFO - [2024-09-12T02:05:31.345-0300] {dag.py:3229} INFO - Sync 3 DAGs
[2024-09-12T02:05:31.360-0300] {logging_mixin.py:190} INFO - [2024-09-12T02:05:31.359-0300] {dag.py:4156} INFO - Setting next_dagrun for example_branch_datetime_operator to 2024-09-11 00:00:00+00:00, run_after=2024-09-12 00:00:00+00:00
[2024-09-12T02:05:31.363-0300] {logging_mixin.py:190} INFO - [2024-09-12T02:05:31.363-0300] {dag.py:4156} INFO - Setting next_dagrun for example_branch_datetime_operator_2 to 2024-09-11 00:00:00+00:00, run_after=2024-09-12 00:00:00+00:00
[2024-09-12T02:05:31.365-0300] {logging_mixin.py:190} INFO - [2024-09-12T02:05:31.365-0300] {dag.py:4156} INFO - Setting next_dagrun for example_branch_datetime_operator_3 to 2024-09-11 00:00:00+00:00, run_after=2024-09-12 00:00:00+00:00
[2024-09-12T02:05:31.379-0300] {processor.py:208} INFO - Processing /home/gabzarp/.local/lib/python3.10/site-packages/airflow/example_dags/example_branch_datetime_operator.py took 0.063 seconds
[2024-09-12T02:06:24.022-0300] {processor.py:186} INFO - Started process (PID=16032) to work on /home/gabzarp/.local/lib/python3.10/site-packages/airflow/example_dags/example_branch_datetime_operator.py
[2024-09-12T02:06:24.024-0300] {processor.py:914} INFO - Processing file /home/gabzarp/.local/lib/python3.10/site-packages/airflow/example_dags/example_branch_datetime_operator.py for tasks to queue
[2024-09-12T02:06:24.024-0300] {logging_mixin.py:190} INFO - [2024-09-12T02:06:24.024-0300] {dagbag.py:587} INFO - Filling up the DagBag from /home/gabzarp/.local/lib/python3.10/site-packages/airflow/example_dags/example_branch_datetime_operator.py
[2024-09-12T02:06:24.032-0300] {processor.py:925} INFO - DAG(s) 'example_branch_datetime_operator_3', 'example_branch_datetime_operator_2', 'example_branch_datetime_operator' retrieved from /home/gabzarp/.local/lib/python3.10/site-packages/airflow/example_dags/example_branch_datetime_operator.py
[2024-09-12T02:06:24.045-0300] {logging_mixin.py:190} INFO - [2024-09-12T02:06:24.045-0300] {dag.py:3229} INFO - Sync 3 DAGs
[2024-09-12T02:06:24.060-0300] {logging_mixin.py:190} INFO - [2024-09-12T02:06:24.059-0300] {dag.py:4156} INFO - Setting next_dagrun for example_branch_datetime_operator to 2024-09-11 00:00:00+00:00, run_after=2024-09-12 00:00:00+00:00
[2024-09-12T02:06:24.063-0300] {logging_mixin.py:190} INFO - [2024-09-12T02:06:24.063-0300] {dag.py:4156} INFO - Setting next_dagrun for example_branch_datetime_operator_2 to 2024-09-11 00:00:00+00:00, run_after=2024-09-12 00:00:00+00:00
[2024-09-12T02:06:24.064-0300] {logging_mixin.py:190} INFO - [2024-09-12T02:06:24.064-0300] {dag.py:4156} INFO - Setting next_dagrun for example_branch_datetime_operator_3 to 2024-09-11 00:00:00+00:00, run_after=2024-09-12 00:00:00+00:00
[2024-09-12T02:06:24.077-0300] {processor.py:208} INFO - Processing /home/gabzarp/.local/lib/python3.10/site-packages/airflow/example_dags/example_branch_datetime_operator.py took 0.058 seconds
[2024-09-12T02:07:12.709-0300] {processor.py:186} INFO - Started process (PID=16421) to work on /home/gabzarp/.local/lib/python3.10/site-packages/airflow/example_dags/example_branch_datetime_operator.py
[2024-09-12T02:07:12.710-0300] {processor.py:914} INFO - Processing file /home/gabzarp/.local/lib/python3.10/site-packages/airflow/example_dags/example_branch_datetime_operator.py for tasks to queue
[2024-09-12T02:07:12.711-0300] {logging_mixin.py:190} INFO - [2024-09-12T02:07:12.710-0300] {dagbag.py:587} INFO - Filling up the DagBag from /home/gabzarp/.local/lib/python3.10/site-packages/airflow/example_dags/example_branch_datetime_operator.py
[2024-09-12T02:07:12.718-0300] {processor.py:925} INFO - DAG(s) 'example_branch_datetime_operator_2', 'example_branch_datetime_operator', 'example_branch_datetime_operator_3' retrieved from /home/gabzarp/.local/lib/python3.10/site-packages/airflow/example_dags/example_branch_datetime_operator.py
[2024-09-12T02:07:12.732-0300] {logging_mixin.py:190} INFO - [2024-09-12T02:07:12.732-0300] {dag.py:3229} INFO - Sync 3 DAGs
[2024-09-12T02:07:12.746-0300] {logging_mixin.py:190} INFO - [2024-09-12T02:07:12.746-0300] {dag.py:4156} INFO - Setting next_dagrun for example_branch_datetime_operator to 2024-09-11 00:00:00+00:00, run_after=2024-09-12 00:00:00+00:00
[2024-09-12T02:07:12.749-0300] {logging_mixin.py:190} INFO - [2024-09-12T02:07:12.749-0300] {dag.py:4156} INFO - Setting next_dagrun for example_branch_datetime_operator_2 to 2024-09-11 00:00:00+00:00, run_after=2024-09-12 00:00:00+00:00
[2024-09-12T02:07:12.750-0300] {logging_mixin.py:190} INFO - [2024-09-12T02:07:12.750-0300] {dag.py:4156} INFO - Setting next_dagrun for example_branch_datetime_operator_3 to 2024-09-11 00:00:00+00:00, run_after=2024-09-12 00:00:00+00:00
[2024-09-12T02:07:12.765-0300] {processor.py:208} INFO - Processing /home/gabzarp/.local/lib/python3.10/site-packages/airflow/example_dags/example_branch_datetime_operator.py took 0.060 seconds
[2024-09-12T02:08:00.813-0300] {processor.py:186} INFO - Started process (PID=16798) to work on /home/gabzarp/.local/lib/python3.10/site-packages/airflow/example_dags/example_branch_datetime_operator.py
[2024-09-12T02:08:00.814-0300] {processor.py:914} INFO - Processing file /home/gabzarp/.local/lib/python3.10/site-packages/airflow/example_dags/example_branch_datetime_operator.py for tasks to queue
[2024-09-12T02:08:00.815-0300] {logging_mixin.py:190} INFO - [2024-09-12T02:08:00.815-0300] {dagbag.py:587} INFO - Filling up the DagBag from /home/gabzarp/.local/lib/python3.10/site-packages/airflow/example_dags/example_branch_datetime_operator.py
[2024-09-12T02:08:00.823-0300] {processor.py:925} INFO - DAG(s) 'example_branch_datetime_operator', 'example_branch_datetime_operator_2', 'example_branch_datetime_operator_3' retrieved from /home/gabzarp/.local/lib/python3.10/site-packages/airflow/example_dags/example_branch_datetime_operator.py
[2024-09-12T02:08:00.839-0300] {logging_mixin.py:190} INFO - [2024-09-12T02:08:00.838-0300] {dag.py:3229} INFO - Sync 3 DAGs
[2024-09-12T02:08:00.853-0300] {logging_mixin.py:190} INFO - [2024-09-12T02:08:00.853-0300] {dag.py:4156} INFO - Setting next_dagrun for example_branch_datetime_operator to 2024-09-11 00:00:00+00:00, run_after=2024-09-12 00:00:00+00:00
[2024-09-12T02:08:00.857-0300] {logging_mixin.py:190} INFO - [2024-09-12T02:08:00.856-0300] {dag.py:4156} INFO - Setting next_dagrun for example_branch_datetime_operator_2 to 2024-09-11 00:00:00+00:00, run_after=2024-09-12 00:00:00+00:00
[2024-09-12T02:08:00.858-0300] {logging_mixin.py:190} INFO - [2024-09-12T02:08:00.858-0300] {dag.py:4156} INFO - Setting next_dagrun for example_branch_datetime_operator_3 to 2024-09-11 00:00:00+00:00, run_after=2024-09-12 00:00:00+00:00
[2024-09-12T02:08:00.872-0300] {processor.py:208} INFO - Processing /home/gabzarp/.local/lib/python3.10/site-packages/airflow/example_dags/example_branch_datetime_operator.py took 0.065 seconds
[2024-09-12T02:08:52.721-0300] {processor.py:186} INFO - Started process (PID=17206) to work on /home/gabzarp/.local/lib/python3.10/site-packages/airflow/example_dags/example_branch_datetime_operator.py
[2024-09-12T02:08:52.722-0300] {processor.py:914} INFO - Processing file /home/gabzarp/.local/lib/python3.10/site-packages/airflow/example_dags/example_branch_datetime_operator.py for tasks to queue
[2024-09-12T02:08:52.723-0300] {logging_mixin.py:190} INFO - [2024-09-12T02:08:52.723-0300] {dagbag.py:587} INFO - Filling up the DagBag from /home/gabzarp/.local/lib/python3.10/site-packages/airflow/example_dags/example_branch_datetime_operator.py
[2024-09-12T02:08:52.730-0300] {processor.py:925} INFO - DAG(s) 'example_branch_datetime_operator_3', 'example_branch_datetime_operator', 'example_branch_datetime_operator_2' retrieved from /home/gabzarp/.local/lib/python3.10/site-packages/airflow/example_dags/example_branch_datetime_operator.py
[2024-09-12T02:08:52.746-0300] {logging_mixin.py:190} INFO - [2024-09-12T02:08:52.746-0300] {dag.py:3229} INFO - Sync 3 DAGs
[2024-09-12T02:08:52.768-0300] {logging_mixin.py:190} INFO - [2024-09-12T02:08:52.768-0300] {dag.py:4156} INFO - Setting next_dagrun for example_branch_datetime_operator to 2024-09-11 00:00:00+00:00, run_after=2024-09-12 00:00:00+00:00
[2024-09-12T02:08:52.773-0300] {logging_mixin.py:190} INFO - [2024-09-12T02:08:52.773-0300] {dag.py:4156} INFO - Setting next_dagrun for example_branch_datetime_operator_2 to 2024-09-11 00:00:00+00:00, run_after=2024-09-12 00:00:00+00:00
[2024-09-12T02:08:52.775-0300] {logging_mixin.py:190} INFO - [2024-09-12T02:08:52.775-0300] {dag.py:4156} INFO - Setting next_dagrun for example_branch_datetime_operator_3 to 2024-09-11 00:00:00+00:00, run_after=2024-09-12 00:00:00+00:00
[2024-09-12T02:08:52.795-0300] {processor.py:208} INFO - Processing /home/gabzarp/.local/lib/python3.10/site-packages/airflow/example_dags/example_branch_datetime_operator.py took 0.078 seconds
[2024-09-12T02:09:44.521-0300] {processor.py:186} INFO - Started process (PID=17743) to work on /home/gabzarp/.local/lib/python3.10/site-packages/airflow/example_dags/example_branch_datetime_operator.py
[2024-09-12T02:09:44.522-0300] {processor.py:914} INFO - Processing file /home/gabzarp/.local/lib/python3.10/site-packages/airflow/example_dags/example_branch_datetime_operator.py for tasks to queue
[2024-09-12T02:09:44.523-0300] {logging_mixin.py:190} INFO - [2024-09-12T02:09:44.522-0300] {dagbag.py:587} INFO - Filling up the DagBag from /home/gabzarp/.local/lib/python3.10/site-packages/airflow/example_dags/example_branch_datetime_operator.py
[2024-09-12T02:09:44.530-0300] {processor.py:925} INFO - DAG(s) 'example_branch_datetime_operator_3', 'example_branch_datetime_operator', 'example_branch_datetime_operator_2' retrieved from /home/gabzarp/.local/lib/python3.10/site-packages/airflow/example_dags/example_branch_datetime_operator.py
[2024-09-12T02:09:44.545-0300] {logging_mixin.py:190} INFO - [2024-09-12T02:09:44.544-0300] {dag.py:3229} INFO - Sync 3 DAGs
[2024-09-12T02:09:44.558-0300] {logging_mixin.py:190} INFO - [2024-09-12T02:09:44.558-0300] {dag.py:4156} INFO - Setting next_dagrun for example_branch_datetime_operator to 2024-09-11 00:00:00+00:00, run_after=2024-09-12 00:00:00+00:00
[2024-09-12T02:09:44.561-0300] {logging_mixin.py:190} INFO - [2024-09-12T02:09:44.561-0300] {dag.py:4156} INFO - Setting next_dagrun for example_branch_datetime_operator_2 to 2024-09-11 00:00:00+00:00, run_after=2024-09-12 00:00:00+00:00
[2024-09-12T02:09:44.562-0300] {logging_mixin.py:190} INFO - [2024-09-12T02:09:44.562-0300] {dag.py:4156} INFO - Setting next_dagrun for example_branch_datetime_operator_3 to 2024-09-11 00:00:00+00:00, run_after=2024-09-12 00:00:00+00:00
[2024-09-12T02:09:44.685-0300] {processor.py:208} INFO - Processing /home/gabzarp/.local/lib/python3.10/site-packages/airflow/example_dags/example_branch_datetime_operator.py took 0.168 seconds
