[2024-09-12T01:39:45.933-0300] {processor.py:186} INFO - Started process (PID=2657) to work on /home/gabzarp/.local/lib/python3.10/site-packages/airflow/example_dags/example_kubernetes_executor.py
[2024-09-12T01:39:45.934-0300] {processor.py:914} INFO - Processing file /home/gabzarp/.local/lib/python3.10/site-packages/airflow/example_dags/example_kubernetes_executor.py for tasks to queue
[2024-09-12T01:39:45.935-0300] {logging_mixin.py:190} INFO - [2024-09-12T01:39:45.934-0300] {dagbag.py:587} INFO - Filling up the DagBag from /home/gabzarp/.local/lib/python3.10/site-packages/airflow/example_dags/example_kubernetes_executor.py
[2024-09-12T01:39:45.936-0300] {logging_mixin.py:190} INFO - [2024-09-12T01:39:45.936-0300] {example_kubernetes_executor.py:39} WARNING - The example_kubernetes_executor example DAG requires the kubernetes provider. Please install it with: pip install apache-airflow[cncf.kubernetes]
[2024-09-12T01:39:45.936-0300] {processor.py:927} WARNING - No viable dags retrieved from /home/gabzarp/.local/lib/python3.10/site-packages/airflow/example_dags/example_kubernetes_executor.py
[2024-09-12T01:39:45.944-0300] {processor.py:208} INFO - Processing /home/gabzarp/.local/lib/python3.10/site-packages/airflow/example_dags/example_kubernetes_executor.py took 0.014 seconds
[2024-09-12T01:40:44.007-0300] {processor.py:186} INFO - Started process (PID=2946) to work on /home/gabzarp/.local/lib/python3.10/site-packages/airflow/example_dags/example_kubernetes_executor.py
[2024-09-12T01:40:44.008-0300] {processor.py:914} INFO - Processing file /home/gabzarp/.local/lib/python3.10/site-packages/airflow/example_dags/example_kubernetes_executor.py for tasks to queue
[2024-09-12T01:40:44.009-0300] {logging_mixin.py:190} INFO - [2024-09-12T01:40:44.009-0300] {dagbag.py:587} INFO - Filling up the DagBag from /home/gabzarp/.local/lib/python3.10/site-packages/airflow/example_dags/example_kubernetes_executor.py
[2024-09-12T01:40:44.011-0300] {logging_mixin.py:190} INFO - [2024-09-12T01:40:44.011-0300] {example_kubernetes_executor.py:39} WARNING - The example_kubernetes_executor example DAG requires the kubernetes provider. Please install it with: pip install apache-airflow[cncf.kubernetes]
[2024-09-12T01:40:44.011-0300] {processor.py:927} WARNING - No viable dags retrieved from /home/gabzarp/.local/lib/python3.10/site-packages/airflow/example_dags/example_kubernetes_executor.py
[2024-09-12T01:40:44.019-0300] {processor.py:208} INFO - Processing /home/gabzarp/.local/lib/python3.10/site-packages/airflow/example_dags/example_kubernetes_executor.py took 0.015 seconds
[2024-09-12T01:41:36.009-0300] {processor.py:186} INFO - Started process (PID=3290) to work on /home/gabzarp/.local/lib/python3.10/site-packages/airflow/example_dags/example_kubernetes_executor.py
[2024-09-12T01:41:36.011-0300] {processor.py:914} INFO - Processing file /home/gabzarp/.local/lib/python3.10/site-packages/airflow/example_dags/example_kubernetes_executor.py for tasks to queue
[2024-09-12T01:41:36.013-0300] {logging_mixin.py:190} INFO - [2024-09-12T01:41:36.012-0300] {dagbag.py:587} INFO - Filling up the DagBag from /home/gabzarp/.local/lib/python3.10/site-packages/airflow/example_dags/example_kubernetes_executor.py
[2024-09-12T01:41:36.015-0300] {logging_mixin.py:190} INFO - [2024-09-12T01:41:36.015-0300] {example_kubernetes_executor.py:39} WARNING - The example_kubernetes_executor example DAG requires the kubernetes provider. Please install it with: pip install apache-airflow[cncf.kubernetes]
[2024-09-12T01:41:36.016-0300] {processor.py:927} WARNING - No viable dags retrieved from /home/gabzarp/.local/lib/python3.10/site-packages/airflow/example_dags/example_kubernetes_executor.py
[2024-09-12T01:41:36.025-0300] {processor.py:208} INFO - Processing /home/gabzarp/.local/lib/python3.10/site-packages/airflow/example_dags/example_kubernetes_executor.py took 0.022 seconds
[2024-09-12T01:42:29.793-0300] {processor.py:186} INFO - Started process (PID=3559) to work on /home/gabzarp/.local/lib/python3.10/site-packages/airflow/example_dags/example_kubernetes_executor.py
[2024-09-12T01:42:29.794-0300] {processor.py:914} INFO - Processing file /home/gabzarp/.local/lib/python3.10/site-packages/airflow/example_dags/example_kubernetes_executor.py for tasks to queue
[2024-09-12T01:42:29.795-0300] {logging_mixin.py:190} INFO - [2024-09-12T01:42:29.795-0300] {dagbag.py:587} INFO - Filling up the DagBag from /home/gabzarp/.local/lib/python3.10/site-packages/airflow/example_dags/example_kubernetes_executor.py
[2024-09-12T01:42:29.797-0300] {logging_mixin.py:190} INFO - [2024-09-12T01:42:29.797-0300] {example_kubernetes_executor.py:39} WARNING - The example_kubernetes_executor example DAG requires the kubernetes provider. Please install it with: pip install apache-airflow[cncf.kubernetes]
[2024-09-12T01:42:29.797-0300] {processor.py:927} WARNING - No viable dags retrieved from /home/gabzarp/.local/lib/python3.10/site-packages/airflow/example_dags/example_kubernetes_executor.py
[2024-09-12T01:42:29.804-0300] {processor.py:208} INFO - Processing /home/gabzarp/.local/lib/python3.10/site-packages/airflow/example_dags/example_kubernetes_executor.py took 0.015 seconds
[2024-09-12T01:43:19.070-0300] {processor.py:186} INFO - Started process (PID=3807) to work on /home/gabzarp/.local/lib/python3.10/site-packages/airflow/example_dags/example_kubernetes_executor.py
[2024-09-12T01:43:19.071-0300] {processor.py:914} INFO - Processing file /home/gabzarp/.local/lib/python3.10/site-packages/airflow/example_dags/example_kubernetes_executor.py for tasks to queue
[2024-09-12T01:43:19.073-0300] {logging_mixin.py:190} INFO - [2024-09-12T01:43:19.073-0300] {dagbag.py:587} INFO - Filling up the DagBag from /home/gabzarp/.local/lib/python3.10/site-packages/airflow/example_dags/example_kubernetes_executor.py
[2024-09-12T01:43:19.075-0300] {logging_mixin.py:190} INFO - [2024-09-12T01:43:19.074-0300] {example_kubernetes_executor.py:39} WARNING - The example_kubernetes_executor example DAG requires the kubernetes provider. Please install it with: pip install apache-airflow[cncf.kubernetes]
[2024-09-12T01:43:19.075-0300] {processor.py:927} WARNING - No viable dags retrieved from /home/gabzarp/.local/lib/python3.10/site-packages/airflow/example_dags/example_kubernetes_executor.py
[2024-09-12T01:43:19.081-0300] {processor.py:208} INFO - Processing /home/gabzarp/.local/lib/python3.10/site-packages/airflow/example_dags/example_kubernetes_executor.py took 0.015 seconds
[2024-09-12T01:44:57.297-0300] {processor.py:186} INFO - Started process (PID=5003) to work on /home/gabzarp/.local/lib/python3.10/site-packages/airflow/example_dags/example_kubernetes_executor.py
[2024-09-12T01:44:57.734-0300] {processor.py:914} INFO - Processing file /home/gabzarp/.local/lib/python3.10/site-packages/airflow/example_dags/example_kubernetes_executor.py for tasks to queue
[2024-09-12T01:44:57.736-0300] {logging_mixin.py:190} INFO - [2024-09-12T01:44:57.736-0300] {dagbag.py:587} INFO - Filling up the DagBag from /home/gabzarp/.local/lib/python3.10/site-packages/airflow/example_dags/example_kubernetes_executor.py
[2024-09-12T01:44:57.738-0300] {logging_mixin.py:190} INFO - [2024-09-12T01:44:57.738-0300] {example_kubernetes_executor.py:39} WARNING - The example_kubernetes_executor example DAG requires the kubernetes provider. Please install it with: pip install apache-airflow[cncf.kubernetes]
[2024-09-12T01:44:57.738-0300] {processor.py:927} WARNING - No viable dags retrieved from /home/gabzarp/.local/lib/python3.10/site-packages/airflow/example_dags/example_kubernetes_executor.py
[2024-09-12T01:44:57.746-0300] {processor.py:208} INFO - Processing /home/gabzarp/.local/lib/python3.10/site-packages/airflow/example_dags/example_kubernetes_executor.py took 0.453 seconds
[2024-09-12T01:45:50.162-0300] {processor.py:186} INFO - Started process (PID=5431) to work on /home/gabzarp/.local/lib/python3.10/site-packages/airflow/example_dags/example_kubernetes_executor.py
[2024-09-12T01:45:50.163-0300] {processor.py:914} INFO - Processing file /home/gabzarp/.local/lib/python3.10/site-packages/airflow/example_dags/example_kubernetes_executor.py for tasks to queue
[2024-09-12T01:45:50.164-0300] {logging_mixin.py:190} INFO - [2024-09-12T01:45:50.164-0300] {dagbag.py:587} INFO - Filling up the DagBag from /home/gabzarp/.local/lib/python3.10/site-packages/airflow/example_dags/example_kubernetes_executor.py
[2024-09-12T01:45:50.166-0300] {logging_mixin.py:190} INFO - [2024-09-12T01:45:50.166-0300] {example_kubernetes_executor.py:39} WARNING - The example_kubernetes_executor example DAG requires the kubernetes provider. Please install it with: pip install apache-airflow[cncf.kubernetes]
[2024-09-12T01:45:50.166-0300] {processor.py:927} WARNING - No viable dags retrieved from /home/gabzarp/.local/lib/python3.10/site-packages/airflow/example_dags/example_kubernetes_executor.py
[2024-09-12T01:45:50.173-0300] {processor.py:208} INFO - Processing /home/gabzarp/.local/lib/python3.10/site-packages/airflow/example_dags/example_kubernetes_executor.py took 0.015 seconds
[2024-09-12T01:46:40.644-0300] {processor.py:186} INFO - Started process (PID=5840) to work on /home/gabzarp/.local/lib/python3.10/site-packages/airflow/example_dags/example_kubernetes_executor.py
[2024-09-12T01:46:40.645-0300] {processor.py:914} INFO - Processing file /home/gabzarp/.local/lib/python3.10/site-packages/airflow/example_dags/example_kubernetes_executor.py for tasks to queue
[2024-09-12T01:46:40.647-0300] {logging_mixin.py:190} INFO - [2024-09-12T01:46:40.646-0300] {dagbag.py:587} INFO - Filling up the DagBag from /home/gabzarp/.local/lib/python3.10/site-packages/airflow/example_dags/example_kubernetes_executor.py
[2024-09-12T01:46:40.649-0300] {logging_mixin.py:190} INFO - [2024-09-12T01:46:40.649-0300] {example_kubernetes_executor.py:39} WARNING - The example_kubernetes_executor example DAG requires the kubernetes provider. Please install it with: pip install apache-airflow[cncf.kubernetes]
[2024-09-12T01:46:40.649-0300] {processor.py:927} WARNING - No viable dags retrieved from /home/gabzarp/.local/lib/python3.10/site-packages/airflow/example_dags/example_kubernetes_executor.py
[2024-09-12T01:46:40.657-0300] {processor.py:208} INFO - Processing /home/gabzarp/.local/lib/python3.10/site-packages/airflow/example_dags/example_kubernetes_executor.py took 0.016 seconds
[2024-09-12T01:47:29.740-0300] {processor.py:186} INFO - Started process (PID=6235) to work on /home/gabzarp/.local/lib/python3.10/site-packages/airflow/example_dags/example_kubernetes_executor.py
[2024-09-12T01:47:29.741-0300] {processor.py:914} INFO - Processing file /home/gabzarp/.local/lib/python3.10/site-packages/airflow/example_dags/example_kubernetes_executor.py for tasks to queue
[2024-09-12T01:47:29.743-0300] {logging_mixin.py:190} INFO - [2024-09-12T01:47:29.742-0300] {dagbag.py:587} INFO - Filling up the DagBag from /home/gabzarp/.local/lib/python3.10/site-packages/airflow/example_dags/example_kubernetes_executor.py
[2024-09-12T01:47:29.744-0300] {logging_mixin.py:190} INFO - [2024-09-12T01:47:29.744-0300] {example_kubernetes_executor.py:39} WARNING - The example_kubernetes_executor example DAG requires the kubernetes provider. Please install it with: pip install apache-airflow[cncf.kubernetes]
[2024-09-12T01:47:29.745-0300] {processor.py:927} WARNING - No viable dags retrieved from /home/gabzarp/.local/lib/python3.10/site-packages/airflow/example_dags/example_kubernetes_executor.py
[2024-09-12T01:47:29.752-0300] {processor.py:208} INFO - Processing /home/gabzarp/.local/lib/python3.10/site-packages/airflow/example_dags/example_kubernetes_executor.py took 0.015 seconds
[2024-09-12T01:48:21.154-0300] {processor.py:186} INFO - Started process (PID=6669) to work on /home/gabzarp/.local/lib/python3.10/site-packages/airflow/example_dags/example_kubernetes_executor.py
[2024-09-12T01:48:21.155-0300] {processor.py:914} INFO - Processing file /home/gabzarp/.local/lib/python3.10/site-packages/airflow/example_dags/example_kubernetes_executor.py for tasks to queue
[2024-09-12T01:48:21.156-0300] {logging_mixin.py:190} INFO - [2024-09-12T01:48:21.156-0300] {dagbag.py:587} INFO - Filling up the DagBag from /home/gabzarp/.local/lib/python3.10/site-packages/airflow/example_dags/example_kubernetes_executor.py
[2024-09-12T01:48:21.158-0300] {logging_mixin.py:190} INFO - [2024-09-12T01:48:21.158-0300] {example_kubernetes_executor.py:39} WARNING - The example_kubernetes_executor example DAG requires the kubernetes provider. Please install it with: pip install apache-airflow[cncf.kubernetes]
[2024-09-12T01:48:21.158-0300] {processor.py:927} WARNING - No viable dags retrieved from /home/gabzarp/.local/lib/python3.10/site-packages/airflow/example_dags/example_kubernetes_executor.py
[2024-09-12T01:48:21.167-0300] {processor.py:208} INFO - Processing /home/gabzarp/.local/lib/python3.10/site-packages/airflow/example_dags/example_kubernetes_executor.py took 0.017 seconds
[2024-09-12T01:49:11.989-0300] {processor.py:186} INFO - Started process (PID=7185) to work on /home/gabzarp/.local/lib/python3.10/site-packages/airflow/example_dags/example_kubernetes_executor.py
[2024-09-12T01:49:11.990-0300] {processor.py:914} INFO - Processing file /home/gabzarp/.local/lib/python3.10/site-packages/airflow/example_dags/example_kubernetes_executor.py for tasks to queue
[2024-09-12T01:49:11.991-0300] {logging_mixin.py:190} INFO - [2024-09-12T01:49:11.991-0300] {dagbag.py:587} INFO - Filling up the DagBag from /home/gabzarp/.local/lib/python3.10/site-packages/airflow/example_dags/example_kubernetes_executor.py
[2024-09-12T01:49:11.993-0300] {logging_mixin.py:190} INFO - [2024-09-12T01:49:11.993-0300] {example_kubernetes_executor.py:39} WARNING - The example_kubernetes_executor example DAG requires the kubernetes provider. Please install it with: pip install apache-airflow[cncf.kubernetes]
[2024-09-12T01:49:11.994-0300] {processor.py:927} WARNING - No viable dags retrieved from /home/gabzarp/.local/lib/python3.10/site-packages/airflow/example_dags/example_kubernetes_executor.py
[2024-09-12T01:49:12.000-0300] {processor.py:208} INFO - Processing /home/gabzarp/.local/lib/python3.10/site-packages/airflow/example_dags/example_kubernetes_executor.py took 0.014 seconds
[2024-09-12T01:50:02.924-0300] {processor.py:186} INFO - Started process (PID=7629) to work on /home/gabzarp/.local/lib/python3.10/site-packages/airflow/example_dags/example_kubernetes_executor.py
[2024-09-12T01:50:02.926-0300] {processor.py:914} INFO - Processing file /home/gabzarp/.local/lib/python3.10/site-packages/airflow/example_dags/example_kubernetes_executor.py for tasks to queue
[2024-09-12T01:50:02.926-0300] {logging_mixin.py:190} INFO - [2024-09-12T01:50:02.926-0300] {dagbag.py:587} INFO - Filling up the DagBag from /home/gabzarp/.local/lib/python3.10/site-packages/airflow/example_dags/example_kubernetes_executor.py
[2024-09-12T01:50:02.928-0300] {logging_mixin.py:190} INFO - [2024-09-12T01:50:02.928-0300] {example_kubernetes_executor.py:39} WARNING - The example_kubernetes_executor example DAG requires the kubernetes provider. Please install it with: pip install apache-airflow[cncf.kubernetes]
[2024-09-12T01:50:02.928-0300] {processor.py:927} WARNING - No viable dags retrieved from /home/gabzarp/.local/lib/python3.10/site-packages/airflow/example_dags/example_kubernetes_executor.py
[2024-09-12T01:50:02.935-0300] {processor.py:208} INFO - Processing /home/gabzarp/.local/lib/python3.10/site-packages/airflow/example_dags/example_kubernetes_executor.py took 0.014 seconds
[2024-09-12T01:50:51.558-0300] {processor.py:186} INFO - Started process (PID=8059) to work on /home/gabzarp/.local/lib/python3.10/site-packages/airflow/example_dags/example_kubernetes_executor.py
[2024-09-12T01:50:51.559-0300] {processor.py:914} INFO - Processing file /home/gabzarp/.local/lib/python3.10/site-packages/airflow/example_dags/example_kubernetes_executor.py for tasks to queue
[2024-09-12T01:50:51.560-0300] {logging_mixin.py:190} INFO - [2024-09-12T01:50:51.560-0300] {dagbag.py:587} INFO - Filling up the DagBag from /home/gabzarp/.local/lib/python3.10/site-packages/airflow/example_dags/example_kubernetes_executor.py
[2024-09-12T01:50:51.562-0300] {logging_mixin.py:190} INFO - [2024-09-12T01:50:51.562-0300] {example_kubernetes_executor.py:39} WARNING - The example_kubernetes_executor example DAG requires the kubernetes provider. Please install it with: pip install apache-airflow[cncf.kubernetes]
[2024-09-12T01:50:51.562-0300] {processor.py:927} WARNING - No viable dags retrieved from /home/gabzarp/.local/lib/python3.10/site-packages/airflow/example_dags/example_kubernetes_executor.py
[2024-09-12T01:50:51.568-0300] {processor.py:208} INFO - Processing /home/gabzarp/.local/lib/python3.10/site-packages/airflow/example_dags/example_kubernetes_executor.py took 0.013 seconds
[2024-09-12T01:51:40.856-0300] {processor.py:186} INFO - Started process (PID=8535) to work on /home/gabzarp/.local/lib/python3.10/site-packages/airflow/example_dags/example_kubernetes_executor.py
[2024-09-12T01:51:40.857-0300] {processor.py:914} INFO - Processing file /home/gabzarp/.local/lib/python3.10/site-packages/airflow/example_dags/example_kubernetes_executor.py for tasks to queue
[2024-09-12T01:51:40.858-0300] {logging_mixin.py:190} INFO - [2024-09-12T01:51:40.857-0300] {dagbag.py:587} INFO - Filling up the DagBag from /home/gabzarp/.local/lib/python3.10/site-packages/airflow/example_dags/example_kubernetes_executor.py
[2024-09-12T01:51:40.859-0300] {logging_mixin.py:190} INFO - [2024-09-12T01:51:40.859-0300] {example_kubernetes_executor.py:39} WARNING - The example_kubernetes_executor example DAG requires the kubernetes provider. Please install it with: pip install apache-airflow[cncf.kubernetes]
[2024-09-12T01:51:40.860-0300] {processor.py:927} WARNING - No viable dags retrieved from /home/gabzarp/.local/lib/python3.10/site-packages/airflow/example_dags/example_kubernetes_executor.py
[2024-09-12T01:51:40.865-0300] {processor.py:208} INFO - Processing /home/gabzarp/.local/lib/python3.10/site-packages/airflow/example_dags/example_kubernetes_executor.py took 0.013 seconds
[2024-09-12T01:52:31.002-0300] {processor.py:186} INFO - Started process (PID=9032) to work on /home/gabzarp/.local/lib/python3.10/site-packages/airflow/example_dags/example_kubernetes_executor.py
[2024-09-12T01:52:31.003-0300] {processor.py:914} INFO - Processing file /home/gabzarp/.local/lib/python3.10/site-packages/airflow/example_dags/example_kubernetes_executor.py for tasks to queue
[2024-09-12T01:52:31.004-0300] {logging_mixin.py:190} INFO - [2024-09-12T01:52:31.003-0300] {dagbag.py:587} INFO - Filling up the DagBag from /home/gabzarp/.local/lib/python3.10/site-packages/airflow/example_dags/example_kubernetes_executor.py
[2024-09-12T01:52:31.005-0300] {logging_mixin.py:190} INFO - [2024-09-12T01:52:31.005-0300] {example_kubernetes_executor.py:39} WARNING - The example_kubernetes_executor example DAG requires the kubernetes provider. Please install it with: pip install apache-airflow[cncf.kubernetes]
[2024-09-12T01:52:31.005-0300] {processor.py:927} WARNING - No viable dags retrieved from /home/gabzarp/.local/lib/python3.10/site-packages/airflow/example_dags/example_kubernetes_executor.py
[2024-09-12T01:52:31.011-0300] {processor.py:208} INFO - Processing /home/gabzarp/.local/lib/python3.10/site-packages/airflow/example_dags/example_kubernetes_executor.py took 0.013 seconds
[2024-09-12T01:53:23.494-0300] {processor.py:186} INFO - Started process (PID=9559) to work on /home/gabzarp/.local/lib/python3.10/site-packages/airflow/example_dags/example_kubernetes_executor.py
[2024-09-12T01:53:23.495-0300] {processor.py:914} INFO - Processing file /home/gabzarp/.local/lib/python3.10/site-packages/airflow/example_dags/example_kubernetes_executor.py for tasks to queue
[2024-09-12T01:53:23.496-0300] {logging_mixin.py:190} INFO - [2024-09-12T01:53:23.496-0300] {dagbag.py:587} INFO - Filling up the DagBag from /home/gabzarp/.local/lib/python3.10/site-packages/airflow/example_dags/example_kubernetes_executor.py
[2024-09-12T01:53:23.497-0300] {logging_mixin.py:190} INFO - [2024-09-12T01:53:23.497-0300] {example_kubernetes_executor.py:39} WARNING - The example_kubernetes_executor example DAG requires the kubernetes provider. Please install it with: pip install apache-airflow[cncf.kubernetes]
[2024-09-12T01:53:23.498-0300] {processor.py:927} WARNING - No viable dags retrieved from /home/gabzarp/.local/lib/python3.10/site-packages/airflow/example_dags/example_kubernetes_executor.py
[2024-09-12T01:53:23.504-0300] {processor.py:208} INFO - Processing /home/gabzarp/.local/lib/python3.10/site-packages/airflow/example_dags/example_kubernetes_executor.py took 0.015 seconds
[2024-09-12T01:54:15.968-0300] {processor.py:186} INFO - Started process (PID=10007) to work on /home/gabzarp/.local/lib/python3.10/site-packages/airflow/example_dags/example_kubernetes_executor.py
[2024-09-12T01:54:15.969-0300] {processor.py:914} INFO - Processing file /home/gabzarp/.local/lib/python3.10/site-packages/airflow/example_dags/example_kubernetes_executor.py for tasks to queue
[2024-09-12T01:54:15.970-0300] {logging_mixin.py:190} INFO - [2024-09-12T01:54:15.970-0300] {dagbag.py:587} INFO - Filling up the DagBag from /home/gabzarp/.local/lib/python3.10/site-packages/airflow/example_dags/example_kubernetes_executor.py
[2024-09-12T01:54:15.972-0300] {logging_mixin.py:190} INFO - [2024-09-12T01:54:15.972-0300] {example_kubernetes_executor.py:39} WARNING - The example_kubernetes_executor example DAG requires the kubernetes provider. Please install it with: pip install apache-airflow[cncf.kubernetes]
[2024-09-12T01:54:15.972-0300] {processor.py:927} WARNING - No viable dags retrieved from /home/gabzarp/.local/lib/python3.10/site-packages/airflow/example_dags/example_kubernetes_executor.py
[2024-09-12T01:54:15.978-0300] {processor.py:208} INFO - Processing /home/gabzarp/.local/lib/python3.10/site-packages/airflow/example_dags/example_kubernetes_executor.py took 0.014 seconds
[2024-09-12T01:55:07.785-0300] {processor.py:186} INFO - Started process (PID=10416) to work on /home/gabzarp/.local/lib/python3.10/site-packages/airflow/example_dags/example_kubernetes_executor.py
[2024-09-12T01:55:07.786-0300] {processor.py:914} INFO - Processing file /home/gabzarp/.local/lib/python3.10/site-packages/airflow/example_dags/example_kubernetes_executor.py for tasks to queue
[2024-09-12T01:55:07.787-0300] {logging_mixin.py:190} INFO - [2024-09-12T01:55:07.787-0300] {dagbag.py:587} INFO - Filling up the DagBag from /home/gabzarp/.local/lib/python3.10/site-packages/airflow/example_dags/example_kubernetes_executor.py
[2024-09-12T01:55:07.789-0300] {logging_mixin.py:190} INFO - [2024-09-12T01:55:07.789-0300] {example_kubernetes_executor.py:39} WARNING - The example_kubernetes_executor example DAG requires the kubernetes provider. Please install it with: pip install apache-airflow[cncf.kubernetes]
[2024-09-12T01:55:07.789-0300] {processor.py:927} WARNING - No viable dags retrieved from /home/gabzarp/.local/lib/python3.10/site-packages/airflow/example_dags/example_kubernetes_executor.py
[2024-09-12T01:55:07.795-0300] {processor.py:208} INFO - Processing /home/gabzarp/.local/lib/python3.10/site-packages/airflow/example_dags/example_kubernetes_executor.py took 0.014 seconds
[2024-09-12T01:56:01.931-0300] {processor.py:186} INFO - Started process (PID=10873) to work on /home/gabzarp/.local/lib/python3.10/site-packages/airflow/example_dags/example_kubernetes_executor.py
[2024-09-12T01:56:01.932-0300] {processor.py:914} INFO - Processing file /home/gabzarp/.local/lib/python3.10/site-packages/airflow/example_dags/example_kubernetes_executor.py for tasks to queue
[2024-09-12T01:56:01.932-0300] {logging_mixin.py:190} INFO - [2024-09-12T01:56:01.932-0300] {dagbag.py:587} INFO - Filling up the DagBag from /home/gabzarp/.local/lib/python3.10/site-packages/airflow/example_dags/example_kubernetes_executor.py
[2024-09-12T01:56:01.934-0300] {logging_mixin.py:190} INFO - [2024-09-12T01:56:01.934-0300] {example_kubernetes_executor.py:39} WARNING - The example_kubernetes_executor example DAG requires the kubernetes provider. Please install it with: pip install apache-airflow[cncf.kubernetes]
[2024-09-12T01:56:01.934-0300] {processor.py:927} WARNING - No viable dags retrieved from /home/gabzarp/.local/lib/python3.10/site-packages/airflow/example_dags/example_kubernetes_executor.py
[2024-09-12T01:56:01.940-0300] {processor.py:208} INFO - Processing /home/gabzarp/.local/lib/python3.10/site-packages/airflow/example_dags/example_kubernetes_executor.py took 0.013 seconds
[2024-09-12T01:56:55.794-0300] {processor.py:186} INFO - Started process (PID=11335) to work on /home/gabzarp/.local/lib/python3.10/site-packages/airflow/example_dags/example_kubernetes_executor.py
[2024-09-12T01:56:55.795-0300] {processor.py:914} INFO - Processing file /home/gabzarp/.local/lib/python3.10/site-packages/airflow/example_dags/example_kubernetes_executor.py for tasks to queue
[2024-09-12T01:56:55.796-0300] {logging_mixin.py:190} INFO - [2024-09-12T01:56:55.796-0300] {dagbag.py:587} INFO - Filling up the DagBag from /home/gabzarp/.local/lib/python3.10/site-packages/airflow/example_dags/example_kubernetes_executor.py
[2024-09-12T01:56:55.798-0300] {logging_mixin.py:190} INFO - [2024-09-12T01:56:55.798-0300] {example_kubernetes_executor.py:39} WARNING - The example_kubernetes_executor example DAG requires the kubernetes provider. Please install it with: pip install apache-airflow[cncf.kubernetes]
[2024-09-12T01:56:55.798-0300] {processor.py:927} WARNING - No viable dags retrieved from /home/gabzarp/.local/lib/python3.10/site-packages/airflow/example_dags/example_kubernetes_executor.py
[2024-09-12T01:56:55.805-0300] {processor.py:208} INFO - Processing /home/gabzarp/.local/lib/python3.10/site-packages/airflow/example_dags/example_kubernetes_executor.py took 0.014 seconds
[2024-09-12T01:57:49.563-0300] {processor.py:186} INFO - Started process (PID=11770) to work on /home/gabzarp/.local/lib/python3.10/site-packages/airflow/example_dags/example_kubernetes_executor.py
[2024-09-12T01:57:49.564-0300] {processor.py:914} INFO - Processing file /home/gabzarp/.local/lib/python3.10/site-packages/airflow/example_dags/example_kubernetes_executor.py for tasks to queue
[2024-09-12T01:57:49.565-0300] {logging_mixin.py:190} INFO - [2024-09-12T01:57:49.565-0300] {dagbag.py:587} INFO - Filling up the DagBag from /home/gabzarp/.local/lib/python3.10/site-packages/airflow/example_dags/example_kubernetes_executor.py
[2024-09-12T01:57:49.568-0300] {logging_mixin.py:190} INFO - [2024-09-12T01:57:49.567-0300] {example_kubernetes_executor.py:39} WARNING - The example_kubernetes_executor example DAG requires the kubernetes provider. Please install it with: pip install apache-airflow[cncf.kubernetes]
[2024-09-12T01:57:49.568-0300] {processor.py:927} WARNING - No viable dags retrieved from /home/gabzarp/.local/lib/python3.10/site-packages/airflow/example_dags/example_kubernetes_executor.py
[2024-09-12T01:57:49.577-0300] {processor.py:208} INFO - Processing /home/gabzarp/.local/lib/python3.10/site-packages/airflow/example_dags/example_kubernetes_executor.py took 0.018 seconds
[2024-09-12T01:58:43.804-0300] {processor.py:186} INFO - Started process (PID=12199) to work on /home/gabzarp/.local/lib/python3.10/site-packages/airflow/example_dags/example_kubernetes_executor.py
[2024-09-12T01:58:43.805-0300] {processor.py:914} INFO - Processing file /home/gabzarp/.local/lib/python3.10/site-packages/airflow/example_dags/example_kubernetes_executor.py for tasks to queue
[2024-09-12T01:58:43.806-0300] {logging_mixin.py:190} INFO - [2024-09-12T01:58:43.805-0300] {dagbag.py:587} INFO - Filling up the DagBag from /home/gabzarp/.local/lib/python3.10/site-packages/airflow/example_dags/example_kubernetes_executor.py
[2024-09-12T01:58:43.807-0300] {logging_mixin.py:190} INFO - [2024-09-12T01:58:43.807-0300] {example_kubernetes_executor.py:39} WARNING - The example_kubernetes_executor example DAG requires the kubernetes provider. Please install it with: pip install apache-airflow[cncf.kubernetes]
[2024-09-12T01:58:43.807-0300] {processor.py:927} WARNING - No viable dags retrieved from /home/gabzarp/.local/lib/python3.10/site-packages/airflow/example_dags/example_kubernetes_executor.py
[2024-09-12T01:58:43.814-0300] {processor.py:208} INFO - Processing /home/gabzarp/.local/lib/python3.10/site-packages/airflow/example_dags/example_kubernetes_executor.py took 0.013 seconds
[2024-09-12T01:59:35.004-0300] {processor.py:186} INFO - Started process (PID=12603) to work on /home/gabzarp/.local/lib/python3.10/site-packages/airflow/example_dags/example_kubernetes_executor.py
[2024-09-12T01:59:35.005-0300] {processor.py:914} INFO - Processing file /home/gabzarp/.local/lib/python3.10/site-packages/airflow/example_dags/example_kubernetes_executor.py for tasks to queue
[2024-09-12T01:59:35.006-0300] {logging_mixin.py:190} INFO - [2024-09-12T01:59:35.006-0300] {dagbag.py:587} INFO - Filling up the DagBag from /home/gabzarp/.local/lib/python3.10/site-packages/airflow/example_dags/example_kubernetes_executor.py
[2024-09-12T01:59:35.008-0300] {logging_mixin.py:190} INFO - [2024-09-12T01:59:35.008-0300] {example_kubernetes_executor.py:39} WARNING - The example_kubernetes_executor example DAG requires the kubernetes provider. Please install it with: pip install apache-airflow[cncf.kubernetes]
[2024-09-12T01:59:35.008-0300] {processor.py:927} WARNING - No viable dags retrieved from /home/gabzarp/.local/lib/python3.10/site-packages/airflow/example_dags/example_kubernetes_executor.py
[2024-09-12T01:59:35.015-0300] {processor.py:208} INFO - Processing /home/gabzarp/.local/lib/python3.10/site-packages/airflow/example_dags/example_kubernetes_executor.py took 0.015 seconds
[2024-09-12T02:00:25.559-0300] {processor.py:186} INFO - Started process (PID=13061) to work on /home/gabzarp/.local/lib/python3.10/site-packages/airflow/example_dags/example_kubernetes_executor.py
[2024-09-12T02:00:25.560-0300] {processor.py:914} INFO - Processing file /home/gabzarp/.local/lib/python3.10/site-packages/airflow/example_dags/example_kubernetes_executor.py for tasks to queue
[2024-09-12T02:00:25.561-0300] {logging_mixin.py:190} INFO - [2024-09-12T02:00:25.560-0300] {dagbag.py:587} INFO - Filling up the DagBag from /home/gabzarp/.local/lib/python3.10/site-packages/airflow/example_dags/example_kubernetes_executor.py
[2024-09-12T02:00:25.562-0300] {logging_mixin.py:190} INFO - [2024-09-12T02:00:25.562-0300] {example_kubernetes_executor.py:39} WARNING - The example_kubernetes_executor example DAG requires the kubernetes provider. Please install it with: pip install apache-airflow[cncf.kubernetes]
[2024-09-12T02:00:25.563-0300] {processor.py:927} WARNING - No viable dags retrieved from /home/gabzarp/.local/lib/python3.10/site-packages/airflow/example_dags/example_kubernetes_executor.py
[2024-09-12T02:00:25.569-0300] {processor.py:208} INFO - Processing /home/gabzarp/.local/lib/python3.10/site-packages/airflow/example_dags/example_kubernetes_executor.py took 0.014 seconds
[2024-09-12T02:01:17.148-0300] {processor.py:186} INFO - Started process (PID=13554) to work on /home/gabzarp/.local/lib/python3.10/site-packages/airflow/example_dags/example_kubernetes_executor.py
[2024-09-12T02:01:17.149-0300] {processor.py:914} INFO - Processing file /home/gabzarp/.local/lib/python3.10/site-packages/airflow/example_dags/example_kubernetes_executor.py for tasks to queue
[2024-09-12T02:01:17.150-0300] {logging_mixin.py:190} INFO - [2024-09-12T02:01:17.150-0300] {dagbag.py:587} INFO - Filling up the DagBag from /home/gabzarp/.local/lib/python3.10/site-packages/airflow/example_dags/example_kubernetes_executor.py
[2024-09-12T02:01:17.153-0300] {logging_mixin.py:190} INFO - [2024-09-12T02:01:17.153-0300] {example_kubernetes_executor.py:39} WARNING - The example_kubernetes_executor example DAG requires the kubernetes provider. Please install it with: pip install apache-airflow[cncf.kubernetes]
[2024-09-12T02:01:17.153-0300] {processor.py:927} WARNING - No viable dags retrieved from /home/gabzarp/.local/lib/python3.10/site-packages/airflow/example_dags/example_kubernetes_executor.py
[2024-09-12T02:01:17.163-0300] {processor.py:208} INFO - Processing /home/gabzarp/.local/lib/python3.10/site-packages/airflow/example_dags/example_kubernetes_executor.py took 0.020 seconds
[2024-09-12T02:02:08.311-0300] {processor.py:186} INFO - Started process (PID=13997) to work on /home/gabzarp/.local/lib/python3.10/site-packages/airflow/example_dags/example_kubernetes_executor.py
[2024-09-12T02:02:08.312-0300] {processor.py:914} INFO - Processing file /home/gabzarp/.local/lib/python3.10/site-packages/airflow/example_dags/example_kubernetes_executor.py for tasks to queue
[2024-09-12T02:02:08.313-0300] {logging_mixin.py:190} INFO - [2024-09-12T02:02:08.313-0300] {dagbag.py:587} INFO - Filling up the DagBag from /home/gabzarp/.local/lib/python3.10/site-packages/airflow/example_dags/example_kubernetes_executor.py
[2024-09-12T02:02:08.315-0300] {logging_mixin.py:190} INFO - [2024-09-12T02:02:08.315-0300] {example_kubernetes_executor.py:39} WARNING - The example_kubernetes_executor example DAG requires the kubernetes provider. Please install it with: pip install apache-airflow[cncf.kubernetes]
[2024-09-12T02:02:08.316-0300] {processor.py:927} WARNING - No viable dags retrieved from /home/gabzarp/.local/lib/python3.10/site-packages/airflow/example_dags/example_kubernetes_executor.py
[2024-09-12T02:02:08.324-0300] {processor.py:208} INFO - Processing /home/gabzarp/.local/lib/python3.10/site-packages/airflow/example_dags/example_kubernetes_executor.py took 0.018 seconds
[2024-09-12T02:02:55.716-0300] {processor.py:186} INFO - Started process (PID=14384) to work on /home/gabzarp/.local/lib/python3.10/site-packages/airflow/example_dags/example_kubernetes_executor.py
[2024-09-12T02:02:55.717-0300] {processor.py:914} INFO - Processing file /home/gabzarp/.local/lib/python3.10/site-packages/airflow/example_dags/example_kubernetes_executor.py for tasks to queue
[2024-09-12T02:02:55.718-0300] {logging_mixin.py:190} INFO - [2024-09-12T02:02:55.718-0300] {dagbag.py:587} INFO - Filling up the DagBag from /home/gabzarp/.local/lib/python3.10/site-packages/airflow/example_dags/example_kubernetes_executor.py
[2024-09-12T02:02:55.720-0300] {logging_mixin.py:190} INFO - [2024-09-12T02:02:55.720-0300] {example_kubernetes_executor.py:39} WARNING - The example_kubernetes_executor example DAG requires the kubernetes provider. Please install it with: pip install apache-airflow[cncf.kubernetes]
[2024-09-12T02:02:55.720-0300] {processor.py:927} WARNING - No viable dags retrieved from /home/gabzarp/.local/lib/python3.10/site-packages/airflow/example_dags/example_kubernetes_executor.py
[2024-09-12T02:02:55.727-0300] {processor.py:208} INFO - Processing /home/gabzarp/.local/lib/python3.10/site-packages/airflow/example_dags/example_kubernetes_executor.py took 0.014 seconds
[2024-09-12T02:03:47.161-0300] {processor.py:186} INFO - Started process (PID=14792) to work on /home/gabzarp/.local/lib/python3.10/site-packages/airflow/example_dags/example_kubernetes_executor.py
[2024-09-12T02:03:47.162-0300] {processor.py:914} INFO - Processing file /home/gabzarp/.local/lib/python3.10/site-packages/airflow/example_dags/example_kubernetes_executor.py for tasks to queue
[2024-09-12T02:03:47.163-0300] {logging_mixin.py:190} INFO - [2024-09-12T02:03:47.163-0300] {dagbag.py:587} INFO - Filling up the DagBag from /home/gabzarp/.local/lib/python3.10/site-packages/airflow/example_dags/example_kubernetes_executor.py
[2024-09-12T02:03:47.164-0300] {logging_mixin.py:190} INFO - [2024-09-12T02:03:47.164-0300] {example_kubernetes_executor.py:39} WARNING - The example_kubernetes_executor example DAG requires the kubernetes provider. Please install it with: pip install apache-airflow[cncf.kubernetes]
[2024-09-12T02:03:47.165-0300] {processor.py:927} WARNING - No viable dags retrieved from /home/gabzarp/.local/lib/python3.10/site-packages/airflow/example_dags/example_kubernetes_executor.py
[2024-09-12T02:03:47.171-0300] {processor.py:208} INFO - Processing /home/gabzarp/.local/lib/python3.10/site-packages/airflow/example_dags/example_kubernetes_executor.py took 0.014 seconds
[2024-09-12T02:04:38.555-0300] {processor.py:186} INFO - Started process (PID=15202) to work on /home/gabzarp/.local/lib/python3.10/site-packages/airflow/example_dags/example_kubernetes_executor.py
[2024-09-12T02:04:38.556-0300] {processor.py:914} INFO - Processing file /home/gabzarp/.local/lib/python3.10/site-packages/airflow/example_dags/example_kubernetes_executor.py for tasks to queue
[2024-09-12T02:04:38.557-0300] {logging_mixin.py:190} INFO - [2024-09-12T02:04:38.557-0300] {dagbag.py:587} INFO - Filling up the DagBag from /home/gabzarp/.local/lib/python3.10/site-packages/airflow/example_dags/example_kubernetes_executor.py
[2024-09-12T02:04:38.560-0300] {logging_mixin.py:190} INFO - [2024-09-12T02:04:38.559-0300] {example_kubernetes_executor.py:39} WARNING - The example_kubernetes_executor example DAG requires the kubernetes provider. Please install it with: pip install apache-airflow[cncf.kubernetes]
[2024-09-12T02:04:38.560-0300] {processor.py:927} WARNING - No viable dags retrieved from /home/gabzarp/.local/lib/python3.10/site-packages/airflow/example_dags/example_kubernetes_executor.py
[2024-09-12T02:04:38.568-0300] {processor.py:208} INFO - Processing /home/gabzarp/.local/lib/python3.10/site-packages/airflow/example_dags/example_kubernetes_executor.py took 0.017 seconds
[2024-09-12T02:05:32.452-0300] {processor.py:186} INFO - Started process (PID=15627) to work on /home/gabzarp/.local/lib/python3.10/site-packages/airflow/example_dags/example_kubernetes_executor.py
[2024-09-12T02:05:32.453-0300] {processor.py:914} INFO - Processing file /home/gabzarp/.local/lib/python3.10/site-packages/airflow/example_dags/example_kubernetes_executor.py for tasks to queue
[2024-09-12T02:05:32.454-0300] {logging_mixin.py:190} INFO - [2024-09-12T02:05:32.454-0300] {dagbag.py:587} INFO - Filling up the DagBag from /home/gabzarp/.local/lib/python3.10/site-packages/airflow/example_dags/example_kubernetes_executor.py
[2024-09-12T02:05:32.456-0300] {logging_mixin.py:190} INFO - [2024-09-12T02:05:32.456-0300] {example_kubernetes_executor.py:39} WARNING - The example_kubernetes_executor example DAG requires the kubernetes provider. Please install it with: pip install apache-airflow[cncf.kubernetes]
[2024-09-12T02:05:32.456-0300] {processor.py:927} WARNING - No viable dags retrieved from /home/gabzarp/.local/lib/python3.10/site-packages/airflow/example_dags/example_kubernetes_executor.py
[2024-09-12T02:05:32.463-0300] {processor.py:208} INFO - Processing /home/gabzarp/.local/lib/python3.10/site-packages/airflow/example_dags/example_kubernetes_executor.py took 0.014 seconds
[2024-09-12T02:06:24.277-0300] {processor.py:186} INFO - Started process (PID=16034) to work on /home/gabzarp/.local/lib/python3.10/site-packages/airflow/example_dags/example_kubernetes_executor.py
[2024-09-12T02:06:24.277-0300] {processor.py:914} INFO - Processing file /home/gabzarp/.local/lib/python3.10/site-packages/airflow/example_dags/example_kubernetes_executor.py for tasks to queue
[2024-09-12T02:06:24.278-0300] {logging_mixin.py:190} INFO - [2024-09-12T02:06:24.278-0300] {dagbag.py:587} INFO - Filling up the DagBag from /home/gabzarp/.local/lib/python3.10/site-packages/airflow/example_dags/example_kubernetes_executor.py
[2024-09-12T02:06:24.280-0300] {logging_mixin.py:190} INFO - [2024-09-12T02:06:24.280-0300] {example_kubernetes_executor.py:39} WARNING - The example_kubernetes_executor example DAG requires the kubernetes provider. Please install it with: pip install apache-airflow[cncf.kubernetes]
[2024-09-12T02:06:24.280-0300] {processor.py:927} WARNING - No viable dags retrieved from /home/gabzarp/.local/lib/python3.10/site-packages/airflow/example_dags/example_kubernetes_executor.py
[2024-09-12T02:06:24.286-0300] {processor.py:208} INFO - Processing /home/gabzarp/.local/lib/python3.10/site-packages/airflow/example_dags/example_kubernetes_executor.py took 0.013 seconds
[2024-09-12T02:07:13.840-0300] {processor.py:186} INFO - Started process (PID=16426) to work on /home/gabzarp/.local/lib/python3.10/site-packages/airflow/example_dags/example_kubernetes_executor.py
[2024-09-12T02:07:13.841-0300] {processor.py:914} INFO - Processing file /home/gabzarp/.local/lib/python3.10/site-packages/airflow/example_dags/example_kubernetes_executor.py for tasks to queue
[2024-09-12T02:07:13.842-0300] {logging_mixin.py:190} INFO - [2024-09-12T02:07:13.842-0300] {dagbag.py:587} INFO - Filling up the DagBag from /home/gabzarp/.local/lib/python3.10/site-packages/airflow/example_dags/example_kubernetes_executor.py
[2024-09-12T02:07:13.844-0300] {logging_mixin.py:190} INFO - [2024-09-12T02:07:13.844-0300] {example_kubernetes_executor.py:39} WARNING - The example_kubernetes_executor example DAG requires the kubernetes provider. Please install it with: pip install apache-airflow[cncf.kubernetes]
[2024-09-12T02:07:13.844-0300] {processor.py:927} WARNING - No viable dags retrieved from /home/gabzarp/.local/lib/python3.10/site-packages/airflow/example_dags/example_kubernetes_executor.py
[2024-09-12T02:07:13.850-0300] {processor.py:208} INFO - Processing /home/gabzarp/.local/lib/python3.10/site-packages/airflow/example_dags/example_kubernetes_executor.py took 0.014 seconds
[2024-09-12T02:08:01.813-0300] {processor.py:186} INFO - Started process (PID=16809) to work on /home/gabzarp/.local/lib/python3.10/site-packages/airflow/example_dags/example_kubernetes_executor.py
[2024-09-12T02:08:01.814-0300] {processor.py:914} INFO - Processing file /home/gabzarp/.local/lib/python3.10/site-packages/airflow/example_dags/example_kubernetes_executor.py for tasks to queue
[2024-09-12T02:08:01.814-0300] {logging_mixin.py:190} INFO - [2024-09-12T02:08:01.814-0300] {dagbag.py:587} INFO - Filling up the DagBag from /home/gabzarp/.local/lib/python3.10/site-packages/airflow/example_dags/example_kubernetes_executor.py
[2024-09-12T02:08:01.816-0300] {logging_mixin.py:190} INFO - [2024-09-12T02:08:01.816-0300] {example_kubernetes_executor.py:39} WARNING - The example_kubernetes_executor example DAG requires the kubernetes provider. Please install it with: pip install apache-airflow[cncf.kubernetes]
[2024-09-12T02:08:01.816-0300] {processor.py:927} WARNING - No viable dags retrieved from /home/gabzarp/.local/lib/python3.10/site-packages/airflow/example_dags/example_kubernetes_executor.py
[2024-09-12T02:08:01.824-0300] {processor.py:208} INFO - Processing /home/gabzarp/.local/lib/python3.10/site-packages/airflow/example_dags/example_kubernetes_executor.py took 0.016 seconds
[2024-09-12T02:08:53.194-0300] {processor.py:186} INFO - Started process (PID=17215) to work on /home/gabzarp/.local/lib/python3.10/site-packages/airflow/example_dags/example_kubernetes_executor.py
[2024-09-12T02:08:53.195-0300] {processor.py:914} INFO - Processing file /home/gabzarp/.local/lib/python3.10/site-packages/airflow/example_dags/example_kubernetes_executor.py for tasks to queue
[2024-09-12T02:08:53.195-0300] {logging_mixin.py:190} INFO - [2024-09-12T02:08:53.195-0300] {dagbag.py:587} INFO - Filling up the DagBag from /home/gabzarp/.local/lib/python3.10/site-packages/airflow/example_dags/example_kubernetes_executor.py
[2024-09-12T02:08:53.197-0300] {logging_mixin.py:190} INFO - [2024-09-12T02:08:53.197-0300] {example_kubernetes_executor.py:39} WARNING - The example_kubernetes_executor example DAG requires the kubernetes provider. Please install it with: pip install apache-airflow[cncf.kubernetes]
[2024-09-12T02:08:53.197-0300] {processor.py:927} WARNING - No viable dags retrieved from /home/gabzarp/.local/lib/python3.10/site-packages/airflow/example_dags/example_kubernetes_executor.py
[2024-09-12T02:08:53.205-0300] {processor.py:208} INFO - Processing /home/gabzarp/.local/lib/python3.10/site-packages/airflow/example_dags/example_kubernetes_executor.py took 0.015 seconds
[2024-09-12T02:09:45.982-0300] {processor.py:186} INFO - Started process (PID=17762) to work on /home/gabzarp/.local/lib/python3.10/site-packages/airflow/example_dags/example_kubernetes_executor.py
[2024-09-12T02:09:45.983-0300] {processor.py:914} INFO - Processing file /home/gabzarp/.local/lib/python3.10/site-packages/airflow/example_dags/example_kubernetes_executor.py for tasks to queue
[2024-09-12T02:09:45.984-0300] {logging_mixin.py:190} INFO - [2024-09-12T02:09:45.984-0300] {dagbag.py:587} INFO - Filling up the DagBag from /home/gabzarp/.local/lib/python3.10/site-packages/airflow/example_dags/example_kubernetes_executor.py
[2024-09-12T02:09:45.986-0300] {logging_mixin.py:190} INFO - [2024-09-12T02:09:45.986-0300] {example_kubernetes_executor.py:39} WARNING - The example_kubernetes_executor example DAG requires the kubernetes provider. Please install it with: pip install apache-airflow[cncf.kubernetes]
[2024-09-12T02:09:45.986-0300] {processor.py:927} WARNING - No viable dags retrieved from /home/gabzarp/.local/lib/python3.10/site-packages/airflow/example_dags/example_kubernetes_executor.py
[2024-09-12T02:09:45.993-0300] {processor.py:208} INFO - Processing /home/gabzarp/.local/lib/python3.10/site-packages/airflow/example_dags/example_kubernetes_executor.py took 0.014 seconds
