[2024-09-12T01:40:12.259-0300] {processor.py:186} INFO - Started process (PID=2784) to work on /home/gabzarp/.local/lib/python3.10/site-packages/airflow/example_dags/example_dynamic_task_mapping.py
[2024-09-12T01:40:12.260-0300] {processor.py:914} INFO - Processing file /home/gabzarp/.local/lib/python3.10/site-packages/airflow/example_dags/example_dynamic_task_mapping.py for tasks to queue
[2024-09-12T01:40:12.261-0300] {logging_mixin.py:190} INFO - [2024-09-12T01:40:12.261-0300] {dagbag.py:587} INFO - Filling up the DagBag from /home/gabzarp/.local/lib/python3.10/site-packages/airflow/example_dags/example_dynamic_task_mapping.py
[2024-09-12T01:40:12.266-0300] {processor.py:925} INFO - DAG(s) 'example_dynamic_task_mapping' retrieved from /home/gabzarp/.local/lib/python3.10/site-packages/airflow/example_dags/example_dynamic_task_mapping.py
[2024-09-12T01:40:12.333-0300] {logging_mixin.py:190} INFO - [2024-09-12T01:40:12.333-0300] {override.py:1900} INFO - Created Permission View: can edit on DAG:example_dynamic_task_mapping
[2024-09-12T01:40:12.344-0300] {logging_mixin.py:190} INFO - [2024-09-12T01:40:12.344-0300] {override.py:1900} INFO - Created Permission View: can read on DAG:example_dynamic_task_mapping
[2024-09-12T01:40:12.352-0300] {logging_mixin.py:190} INFO - [2024-09-12T01:40:12.352-0300] {override.py:1900} INFO - Created Permission View: can delete on DAG:example_dynamic_task_mapping
[2024-09-12T01:40:12.363-0300] {logging_mixin.py:190} INFO - [2024-09-12T01:40:12.363-0300] {override.py:1900} INFO - Created Permission View: can read on DAG Run:example_dynamic_task_mapping
[2024-09-12T01:40:12.371-0300] {logging_mixin.py:190} INFO - [2024-09-12T01:40:12.370-0300] {override.py:1900} INFO - Created Permission View: can create on DAG Run:example_dynamic_task_mapping
[2024-09-12T01:40:12.378-0300] {logging_mixin.py:190} INFO - [2024-09-12T01:40:12.377-0300] {override.py:1900} INFO - Created Permission View: menu access on DAG Run:example_dynamic_task_mapping
[2024-09-12T01:40:12.385-0300] {logging_mixin.py:190} INFO - [2024-09-12T01:40:12.385-0300] {override.py:1900} INFO - Created Permission View: can delete on DAG Run:example_dynamic_task_mapping
[2024-09-12T01:40:12.386-0300] {logging_mixin.py:190} INFO - [2024-09-12T01:40:12.385-0300] {dag.py:3229} INFO - Sync 1 DAGs
[2024-09-12T01:40:12.394-0300] {logging_mixin.py:190} INFO - [2024-09-12T01:40:12.393-0300] {dag.py:3252} INFO - Creating ORM DAG for example_dynamic_task_mapping
[2024-09-12T01:40:12.394-0300] {logging_mixin.py:190} INFO - [2024-09-12T01:40:12.394-0300] {dag.py:4156} INFO - Setting next_dagrun for example_dynamic_task_mapping to None, run_after=None
[2024-09-12T01:40:12.407-0300] {processor.py:208} INFO - Processing /home/gabzarp/.local/lib/python3.10/site-packages/airflow/example_dags/example_dynamic_task_mapping.py took 0.152 seconds
[2024-09-12T01:41:06.300-0300] {processor.py:186} INFO - Started process (PID=3060) to work on /home/gabzarp/.local/lib/python3.10/site-packages/airflow/example_dags/example_dynamic_task_mapping.py
[2024-09-12T01:41:06.301-0300] {processor.py:914} INFO - Processing file /home/gabzarp/.local/lib/python3.10/site-packages/airflow/example_dags/example_dynamic_task_mapping.py for tasks to queue
[2024-09-12T01:41:06.302-0300] {logging_mixin.py:190} INFO - [2024-09-12T01:41:06.302-0300] {dagbag.py:587} INFO - Filling up the DagBag from /home/gabzarp/.local/lib/python3.10/site-packages/airflow/example_dags/example_dynamic_task_mapping.py
[2024-09-12T01:41:06.307-0300] {processor.py:925} INFO - DAG(s) 'example_dynamic_task_mapping' retrieved from /home/gabzarp/.local/lib/python3.10/site-packages/airflow/example_dags/example_dynamic_task_mapping.py
[2024-09-12T01:41:06.316-0300] {logging_mixin.py:190} INFO - [2024-09-12T01:41:06.316-0300] {dag.py:3229} INFO - Sync 1 DAGs
[2024-09-12T01:41:06.324-0300] {logging_mixin.py:190} INFO - [2024-09-12T01:41:06.324-0300] {dag.py:4156} INFO - Setting next_dagrun for example_dynamic_task_mapping to None, run_after=None
[2024-09-12T01:41:06.339-0300] {processor.py:208} INFO - Processing /home/gabzarp/.local/lib/python3.10/site-packages/airflow/example_dags/example_dynamic_task_mapping.py took 0.043 seconds
[2024-09-12T01:42:20.793-0300] {processor.py:186} INFO - Started process (PID=3513) to work on /home/gabzarp/.local/lib/python3.10/site-packages/airflow/example_dags/example_dynamic_task_mapping.py
[2024-09-12T01:42:20.794-0300] {processor.py:914} INFO - Processing file /home/gabzarp/.local/lib/python3.10/site-packages/airflow/example_dags/example_dynamic_task_mapping.py for tasks to queue
[2024-09-12T01:42:20.795-0300] {logging_mixin.py:190} INFO - [2024-09-12T01:42:20.795-0300] {dagbag.py:587} INFO - Filling up the DagBag from /home/gabzarp/.local/lib/python3.10/site-packages/airflow/example_dags/example_dynamic_task_mapping.py
[2024-09-12T01:42:20.799-0300] {processor.py:925} INFO - DAG(s) 'example_dynamic_task_mapping' retrieved from /home/gabzarp/.local/lib/python3.10/site-packages/airflow/example_dags/example_dynamic_task_mapping.py
[2024-09-12T01:42:20.808-0300] {logging_mixin.py:190} INFO - [2024-09-12T01:42:20.808-0300] {dag.py:3229} INFO - Sync 1 DAGs
[2024-09-12T01:42:20.816-0300] {logging_mixin.py:190} INFO - [2024-09-12T01:42:20.816-0300] {dag.py:4156} INFO - Setting next_dagrun for example_dynamic_task_mapping to None, run_after=None
[2024-09-12T01:42:20.829-0300] {processor.py:208} INFO - Processing /home/gabzarp/.local/lib/python3.10/site-packages/airflow/example_dags/example_dynamic_task_mapping.py took 0.040 seconds
[2024-09-12T01:43:33.069-0300] {processor.py:186} INFO - Started process (PID=3878) to work on /home/gabzarp/.local/lib/python3.10/site-packages/airflow/example_dags/example_dynamic_task_mapping.py
[2024-09-12T01:43:33.070-0300] {processor.py:914} INFO - Processing file /home/gabzarp/.local/lib/python3.10/site-packages/airflow/example_dags/example_dynamic_task_mapping.py for tasks to queue
[2024-09-12T01:43:33.071-0300] {logging_mixin.py:190} INFO - [2024-09-12T01:43:33.071-0300] {dagbag.py:587} INFO - Filling up the DagBag from /home/gabzarp/.local/lib/python3.10/site-packages/airflow/example_dags/example_dynamic_task_mapping.py
[2024-09-12T01:43:33.077-0300] {processor.py:925} INFO - DAG(s) 'example_dynamic_task_mapping' retrieved from /home/gabzarp/.local/lib/python3.10/site-packages/airflow/example_dags/example_dynamic_task_mapping.py
[2024-09-12T01:43:33.090-0300] {logging_mixin.py:190} INFO - [2024-09-12T01:43:33.090-0300] {dag.py:3229} INFO - Sync 1 DAGs
[2024-09-12T01:43:33.099-0300] {logging_mixin.py:190} INFO - [2024-09-12T01:43:33.099-0300] {dag.py:4156} INFO - Setting next_dagrun for example_dynamic_task_mapping to None, run_after=None
[2024-09-12T01:43:33.116-0300] {processor.py:208} INFO - Processing /home/gabzarp/.local/lib/python3.10/site-packages/airflow/example_dags/example_dynamic_task_mapping.py took 0.051 seconds
[2024-09-12T01:45:16.224-0300] {processor.py:186} INFO - Started process (PID=5164) to work on /home/gabzarp/.local/lib/python3.10/site-packages/airflow/example_dags/example_dynamic_task_mapping.py
[2024-09-12T01:45:16.225-0300] {processor.py:914} INFO - Processing file /home/gabzarp/.local/lib/python3.10/site-packages/airflow/example_dags/example_dynamic_task_mapping.py for tasks to queue
[2024-09-12T01:45:16.226-0300] {logging_mixin.py:190} INFO - [2024-09-12T01:45:16.226-0300] {dagbag.py:587} INFO - Filling up the DagBag from /home/gabzarp/.local/lib/python3.10/site-packages/airflow/example_dags/example_dynamic_task_mapping.py
[2024-09-12T01:45:16.231-0300] {processor.py:925} INFO - DAG(s) 'example_dynamic_task_mapping' retrieved from /home/gabzarp/.local/lib/python3.10/site-packages/airflow/example_dags/example_dynamic_task_mapping.py
[2024-09-12T01:45:16.241-0300] {logging_mixin.py:190} INFO - [2024-09-12T01:45:16.240-0300] {dag.py:3229} INFO - Sync 1 DAGs
[2024-09-12T01:45:16.249-0300] {logging_mixin.py:190} INFO - [2024-09-12T01:45:16.248-0300] {dag.py:4156} INFO - Setting next_dagrun for example_dynamic_task_mapping to None, run_after=None
[2024-09-12T01:45:16.263-0300] {processor.py:208} INFO - Processing /home/gabzarp/.local/lib/python3.10/site-packages/airflow/example_dags/example_dynamic_task_mapping.py took 0.043 seconds
[2024-09-12T01:46:32.374-0300] {processor.py:186} INFO - Started process (PID=5775) to work on /home/gabzarp/.local/lib/python3.10/site-packages/airflow/example_dags/example_dynamic_task_mapping.py
[2024-09-12T01:46:32.375-0300] {processor.py:914} INFO - Processing file /home/gabzarp/.local/lib/python3.10/site-packages/airflow/example_dags/example_dynamic_task_mapping.py for tasks to queue
[2024-09-12T01:46:32.377-0300] {logging_mixin.py:190} INFO - [2024-09-12T01:46:32.376-0300] {dagbag.py:587} INFO - Filling up the DagBag from /home/gabzarp/.local/lib/python3.10/site-packages/airflow/example_dags/example_dynamic_task_mapping.py
[2024-09-12T01:46:32.381-0300] {processor.py:925} INFO - DAG(s) 'example_dynamic_task_mapping' retrieved from /home/gabzarp/.local/lib/python3.10/site-packages/airflow/example_dags/example_dynamic_task_mapping.py
[2024-09-12T01:46:32.391-0300] {logging_mixin.py:190} INFO - [2024-09-12T01:46:32.390-0300] {dag.py:3229} INFO - Sync 1 DAGs
[2024-09-12T01:46:32.400-0300] {logging_mixin.py:190} INFO - [2024-09-12T01:46:32.400-0300] {dag.py:4156} INFO - Setting next_dagrun for example_dynamic_task_mapping to None, run_after=None
[2024-09-12T01:46:32.414-0300] {processor.py:208} INFO - Processing /home/gabzarp/.local/lib/python3.10/site-packages/airflow/example_dags/example_dynamic_task_mapping.py took 0.046 seconds
[2024-09-12T01:47:42.883-0300] {processor.py:186} INFO - Started process (PID=6338) to work on /home/gabzarp/.local/lib/python3.10/site-packages/airflow/example_dags/example_dynamic_task_mapping.py
[2024-09-12T01:47:42.884-0300] {processor.py:914} INFO - Processing file /home/gabzarp/.local/lib/python3.10/site-packages/airflow/example_dags/example_dynamic_task_mapping.py for tasks to queue
[2024-09-12T01:47:42.885-0300] {logging_mixin.py:190} INFO - [2024-09-12T01:47:42.885-0300] {dagbag.py:587} INFO - Filling up the DagBag from /home/gabzarp/.local/lib/python3.10/site-packages/airflow/example_dags/example_dynamic_task_mapping.py
[2024-09-12T01:47:42.891-0300] {processor.py:925} INFO - DAG(s) 'example_dynamic_task_mapping' retrieved from /home/gabzarp/.local/lib/python3.10/site-packages/airflow/example_dags/example_dynamic_task_mapping.py
[2024-09-12T01:47:42.902-0300] {logging_mixin.py:190} INFO - [2024-09-12T01:47:42.902-0300] {dag.py:3229} INFO - Sync 1 DAGs
[2024-09-12T01:47:42.911-0300] {logging_mixin.py:190} INFO - [2024-09-12T01:47:42.911-0300] {dag.py:4156} INFO - Setting next_dagrun for example_dynamic_task_mapping to None, run_after=None
[2024-09-12T01:47:42.931-0300] {processor.py:208} INFO - Processing /home/gabzarp/.local/lib/python3.10/site-packages/airflow/example_dags/example_dynamic_task_mapping.py took 0.052 seconds
[2024-09-12T01:48:59.124-0300] {processor.py:186} INFO - Started process (PID=7079) to work on /home/gabzarp/.local/lib/python3.10/site-packages/airflow/example_dags/example_dynamic_task_mapping.py
[2024-09-12T01:48:59.125-0300] {processor.py:914} INFO - Processing file /home/gabzarp/.local/lib/python3.10/site-packages/airflow/example_dags/example_dynamic_task_mapping.py for tasks to queue
[2024-09-12T01:48:59.126-0300] {logging_mixin.py:190} INFO - [2024-09-12T01:48:59.126-0300] {dagbag.py:587} INFO - Filling up the DagBag from /home/gabzarp/.local/lib/python3.10/site-packages/airflow/example_dags/example_dynamic_task_mapping.py
[2024-09-12T01:48:59.131-0300] {processor.py:925} INFO - DAG(s) 'example_dynamic_task_mapping' retrieved from /home/gabzarp/.local/lib/python3.10/site-packages/airflow/example_dags/example_dynamic_task_mapping.py
[2024-09-12T01:48:59.141-0300] {logging_mixin.py:190} INFO - [2024-09-12T01:48:59.141-0300] {dag.py:3229} INFO - Sync 1 DAGs
[2024-09-12T01:48:59.150-0300] {logging_mixin.py:190} INFO - [2024-09-12T01:48:59.150-0300] {dag.py:4156} INFO - Setting next_dagrun for example_dynamic_task_mapping to None, run_after=None
[2024-09-12T01:48:59.166-0300] {processor.py:208} INFO - Processing /home/gabzarp/.local/lib/python3.10/site-packages/airflow/example_dags/example_dynamic_task_mapping.py took 0.045 seconds
[2024-09-12T01:50:14.372-0300] {processor.py:186} INFO - Started process (PID=7763) to work on /home/gabzarp/.local/lib/python3.10/site-packages/airflow/example_dags/example_dynamic_task_mapping.py
[2024-09-12T01:50:14.373-0300] {processor.py:914} INFO - Processing file /home/gabzarp/.local/lib/python3.10/site-packages/airflow/example_dags/example_dynamic_task_mapping.py for tasks to queue
[2024-09-12T01:50:14.374-0300] {logging_mixin.py:190} INFO - [2024-09-12T01:50:14.374-0300] {dagbag.py:587} INFO - Filling up the DagBag from /home/gabzarp/.local/lib/python3.10/site-packages/airflow/example_dags/example_dynamic_task_mapping.py
[2024-09-12T01:50:14.379-0300] {processor.py:925} INFO - DAG(s) 'example_dynamic_task_mapping' retrieved from /home/gabzarp/.local/lib/python3.10/site-packages/airflow/example_dags/example_dynamic_task_mapping.py
[2024-09-12T01:50:14.388-0300] {logging_mixin.py:190} INFO - [2024-09-12T01:50:14.388-0300] {dag.py:3229} INFO - Sync 1 DAGs
[2024-09-12T01:50:14.396-0300] {logging_mixin.py:190} INFO - [2024-09-12T01:50:14.396-0300] {dag.py:4156} INFO - Setting next_dagrun for example_dynamic_task_mapping to None, run_after=None
[2024-09-12T01:50:14.410-0300] {processor.py:208} INFO - Processing /home/gabzarp/.local/lib/python3.10/site-packages/airflow/example_dags/example_dynamic_task_mapping.py took 0.041 seconds
[2024-09-12T01:51:26.798-0300] {processor.py:186} INFO - Started process (PID=8374) to work on /home/gabzarp/.local/lib/python3.10/site-packages/airflow/example_dags/example_dynamic_task_mapping.py
[2024-09-12T01:51:26.799-0300] {processor.py:914} INFO - Processing file /home/gabzarp/.local/lib/python3.10/site-packages/airflow/example_dags/example_dynamic_task_mapping.py for tasks to queue
[2024-09-12T01:51:26.800-0300] {logging_mixin.py:190} INFO - [2024-09-12T01:51:26.799-0300] {dagbag.py:587} INFO - Filling up the DagBag from /home/gabzarp/.local/lib/python3.10/site-packages/airflow/example_dags/example_dynamic_task_mapping.py
[2024-09-12T01:51:26.805-0300] {processor.py:925} INFO - DAG(s) 'example_dynamic_task_mapping' retrieved from /home/gabzarp/.local/lib/python3.10/site-packages/airflow/example_dags/example_dynamic_task_mapping.py
[2024-09-12T01:51:26.814-0300] {logging_mixin.py:190} INFO - [2024-09-12T01:51:26.814-0300] {dag.py:3229} INFO - Sync 1 DAGs
[2024-09-12T01:51:26.822-0300] {logging_mixin.py:190} INFO - [2024-09-12T01:51:26.822-0300] {dag.py:4156} INFO - Setting next_dagrun for example_dynamic_task_mapping to None, run_after=None
[2024-09-12T01:51:26.836-0300] {processor.py:208} INFO - Processing /home/gabzarp/.local/lib/python3.10/site-packages/airflow/example_dags/example_dynamic_task_mapping.py took 0.041 seconds
[2024-09-12T01:52:43.553-0300] {processor.py:186} INFO - Started process (PID=9184) to work on /home/gabzarp/.local/lib/python3.10/site-packages/airflow/example_dags/example_dynamic_task_mapping.py
[2024-09-12T01:52:43.554-0300] {processor.py:914} INFO - Processing file /home/gabzarp/.local/lib/python3.10/site-packages/airflow/example_dags/example_dynamic_task_mapping.py for tasks to queue
[2024-09-12T01:52:43.555-0300] {logging_mixin.py:190} INFO - [2024-09-12T01:52:43.554-0300] {dagbag.py:587} INFO - Filling up the DagBag from /home/gabzarp/.local/lib/python3.10/site-packages/airflow/example_dags/example_dynamic_task_mapping.py
[2024-09-12T01:52:43.560-0300] {processor.py:925} INFO - DAG(s) 'example_dynamic_task_mapping' retrieved from /home/gabzarp/.local/lib/python3.10/site-packages/airflow/example_dags/example_dynamic_task_mapping.py
[2024-09-12T01:52:43.570-0300] {logging_mixin.py:190} INFO - [2024-09-12T01:52:43.570-0300] {dag.py:3229} INFO - Sync 1 DAGs
[2024-09-12T01:52:43.578-0300] {logging_mixin.py:190} INFO - [2024-09-12T01:52:43.578-0300] {dag.py:4156} INFO - Setting next_dagrun for example_dynamic_task_mapping to None, run_after=None
[2024-09-12T01:52:43.627-0300] {processor.py:208} INFO - Processing /home/gabzarp/.local/lib/python3.10/site-packages/airflow/example_dags/example_dynamic_task_mapping.py took 0.077 seconds
[2024-09-12T01:54:02.774-0300] {processor.py:186} INFO - Started process (PID=9895) to work on /home/gabzarp/.local/lib/python3.10/site-packages/airflow/example_dags/example_dynamic_task_mapping.py
[2024-09-12T01:54:02.775-0300] {processor.py:914} INFO - Processing file /home/gabzarp/.local/lib/python3.10/site-packages/airflow/example_dags/example_dynamic_task_mapping.py for tasks to queue
[2024-09-12T01:54:02.776-0300] {logging_mixin.py:190} INFO - [2024-09-12T01:54:02.776-0300] {dagbag.py:587} INFO - Filling up the DagBag from /home/gabzarp/.local/lib/python3.10/site-packages/airflow/example_dags/example_dynamic_task_mapping.py
[2024-09-12T01:54:02.783-0300] {processor.py:925} INFO - DAG(s) 'example_dynamic_task_mapping' retrieved from /home/gabzarp/.local/lib/python3.10/site-packages/airflow/example_dags/example_dynamic_task_mapping.py
[2024-09-12T01:54:02.795-0300] {logging_mixin.py:190} INFO - [2024-09-12T01:54:02.794-0300] {dag.py:3229} INFO - Sync 1 DAGs
[2024-09-12T01:54:02.803-0300] {logging_mixin.py:190} INFO - [2024-09-12T01:54:02.803-0300] {dag.py:4156} INFO - Setting next_dagrun for example_dynamic_task_mapping to None, run_after=None
[2024-09-12T01:54:02.818-0300] {processor.py:208} INFO - Processing /home/gabzarp/.local/lib/python3.10/site-packages/airflow/example_dags/example_dynamic_task_mapping.py took 0.048 seconds
[2024-09-12T01:55:20.118-0300] {processor.py:186} INFO - Started process (PID=10513) to work on /home/gabzarp/.local/lib/python3.10/site-packages/airflow/example_dags/example_dynamic_task_mapping.py
[2024-09-12T01:55:20.119-0300] {processor.py:914} INFO - Processing file /home/gabzarp/.local/lib/python3.10/site-packages/airflow/example_dags/example_dynamic_task_mapping.py for tasks to queue
[2024-09-12T01:55:20.120-0300] {logging_mixin.py:190} INFO - [2024-09-12T01:55:20.120-0300] {dagbag.py:587} INFO - Filling up the DagBag from /home/gabzarp/.local/lib/python3.10/site-packages/airflow/example_dags/example_dynamic_task_mapping.py
[2024-09-12T01:55:20.125-0300] {processor.py:925} INFO - DAG(s) 'example_dynamic_task_mapping' retrieved from /home/gabzarp/.local/lib/python3.10/site-packages/airflow/example_dags/example_dynamic_task_mapping.py
[2024-09-12T01:55:20.134-0300] {logging_mixin.py:190} INFO - [2024-09-12T01:55:20.134-0300] {dag.py:3229} INFO - Sync 1 DAGs
[2024-09-12T01:55:20.142-0300] {logging_mixin.py:190} INFO - [2024-09-12T01:55:20.142-0300] {dag.py:4156} INFO - Setting next_dagrun for example_dynamic_task_mapping to None, run_after=None
[2024-09-12T01:55:20.155-0300] {processor.py:208} INFO - Processing /home/gabzarp/.local/lib/python3.10/site-packages/airflow/example_dags/example_dynamic_task_mapping.py took 0.041 seconds
[2024-09-12T01:56:16.423-0300] {processor.py:186} INFO - Started process (PID=10987) to work on /home/gabzarp/.local/lib/python3.10/site-packages/airflow/example_dags/example_dynamic_task_mapping.py
[2024-09-12T01:56:16.424-0300] {processor.py:914} INFO - Processing file /home/gabzarp/.local/lib/python3.10/site-packages/airflow/example_dags/example_dynamic_task_mapping.py for tasks to queue
[2024-09-12T01:56:16.424-0300] {logging_mixin.py:190} INFO - [2024-09-12T01:56:16.424-0300] {dagbag.py:587} INFO - Filling up the DagBag from /home/gabzarp/.local/lib/python3.10/site-packages/airflow/example_dags/example_dynamic_task_mapping.py
[2024-09-12T01:56:16.429-0300] {processor.py:925} INFO - DAG(s) 'example_dynamic_task_mapping' retrieved from /home/gabzarp/.local/lib/python3.10/site-packages/airflow/example_dags/example_dynamic_task_mapping.py
[2024-09-12T01:56:16.439-0300] {logging_mixin.py:190} INFO - [2024-09-12T01:56:16.438-0300] {dag.py:3229} INFO - Sync 1 DAGs
[2024-09-12T01:56:16.447-0300] {logging_mixin.py:190} INFO - [2024-09-12T01:56:16.446-0300] {dag.py:4156} INFO - Setting next_dagrun for example_dynamic_task_mapping to None, run_after=None
[2024-09-12T01:56:16.462-0300] {processor.py:208} INFO - Processing /home/gabzarp/.local/lib/python3.10/site-packages/airflow/example_dags/example_dynamic_task_mapping.py took 0.043 seconds
[2024-09-12T01:57:38.082-0300] {processor.py:186} INFO - Started process (PID=11679) to work on /home/gabzarp/.local/lib/python3.10/site-packages/airflow/example_dags/example_dynamic_task_mapping.py
[2024-09-12T01:57:38.083-0300] {processor.py:914} INFO - Processing file /home/gabzarp/.local/lib/python3.10/site-packages/airflow/example_dags/example_dynamic_task_mapping.py for tasks to queue
[2024-09-12T01:57:38.084-0300] {logging_mixin.py:190} INFO - [2024-09-12T01:57:38.083-0300] {dagbag.py:587} INFO - Filling up the DagBag from /home/gabzarp/.local/lib/python3.10/site-packages/airflow/example_dags/example_dynamic_task_mapping.py
[2024-09-12T01:57:38.089-0300] {processor.py:925} INFO - DAG(s) 'example_dynamic_task_mapping' retrieved from /home/gabzarp/.local/lib/python3.10/site-packages/airflow/example_dags/example_dynamic_task_mapping.py
[2024-09-12T01:57:38.098-0300] {logging_mixin.py:190} INFO - [2024-09-12T01:57:38.098-0300] {dag.py:3229} INFO - Sync 1 DAGs
[2024-09-12T01:57:38.107-0300] {logging_mixin.py:190} INFO - [2024-09-12T01:57:38.107-0300] {dag.py:4156} INFO - Setting next_dagrun for example_dynamic_task_mapping to None, run_after=None
[2024-09-12T01:57:38.122-0300] {processor.py:208} INFO - Processing /home/gabzarp/.local/lib/python3.10/site-packages/airflow/example_dags/example_dynamic_task_mapping.py took 0.044 seconds
[2024-09-12T01:58:58.086-0300] {processor.py:186} INFO - Started process (PID=12311) to work on /home/gabzarp/.local/lib/python3.10/site-packages/airflow/example_dags/example_dynamic_task_mapping.py
[2024-09-12T01:58:58.087-0300] {processor.py:914} INFO - Processing file /home/gabzarp/.local/lib/python3.10/site-packages/airflow/example_dags/example_dynamic_task_mapping.py for tasks to queue
[2024-09-12T01:58:58.087-0300] {logging_mixin.py:190} INFO - [2024-09-12T01:58:58.087-0300] {dagbag.py:587} INFO - Filling up the DagBag from /home/gabzarp/.local/lib/python3.10/site-packages/airflow/example_dags/example_dynamic_task_mapping.py
[2024-09-12T01:58:58.092-0300] {processor.py:925} INFO - DAG(s) 'example_dynamic_task_mapping' retrieved from /home/gabzarp/.local/lib/python3.10/site-packages/airflow/example_dags/example_dynamic_task_mapping.py
[2024-09-12T01:58:58.102-0300] {logging_mixin.py:190} INFO - [2024-09-12T01:58:58.102-0300] {dag.py:3229} INFO - Sync 1 DAGs
[2024-09-12T01:58:58.110-0300] {logging_mixin.py:190} INFO - [2024-09-12T01:58:58.110-0300] {dag.py:4156} INFO - Setting next_dagrun for example_dynamic_task_mapping to None, run_after=None
[2024-09-12T01:58:58.158-0300] {processor.py:208} INFO - Processing /home/gabzarp/.local/lib/python3.10/site-packages/airflow/example_dags/example_dynamic_task_mapping.py took 0.075 seconds
[2024-09-12T02:00:15.282-0300] {processor.py:186} INFO - Started process (PID=12967) to work on /home/gabzarp/.local/lib/python3.10/site-packages/airflow/example_dags/example_dynamic_task_mapping.py
[2024-09-12T02:00:15.283-0300] {processor.py:914} INFO - Processing file /home/gabzarp/.local/lib/python3.10/site-packages/airflow/example_dags/example_dynamic_task_mapping.py for tasks to queue
[2024-09-12T02:00:15.284-0300] {logging_mixin.py:190} INFO - [2024-09-12T02:00:15.283-0300] {dagbag.py:587} INFO - Filling up the DagBag from /home/gabzarp/.local/lib/python3.10/site-packages/airflow/example_dags/example_dynamic_task_mapping.py
[2024-09-12T02:00:15.289-0300] {processor.py:925} INFO - DAG(s) 'example_dynamic_task_mapping' retrieved from /home/gabzarp/.local/lib/python3.10/site-packages/airflow/example_dags/example_dynamic_task_mapping.py
[2024-09-12T02:00:15.298-0300] {logging_mixin.py:190} INFO - [2024-09-12T02:00:15.298-0300] {dag.py:3229} INFO - Sync 1 DAGs
[2024-09-12T02:00:15.306-0300] {logging_mixin.py:190} INFO - [2024-09-12T02:00:15.306-0300] {dag.py:4156} INFO - Setting next_dagrun for example_dynamic_task_mapping to None, run_after=None
[2024-09-12T02:00:15.320-0300] {processor.py:208} INFO - Processing /home/gabzarp/.local/lib/python3.10/site-packages/airflow/example_dags/example_dynamic_task_mapping.py took 0.041 seconds
[2024-09-12T02:01:31.776-0300] {processor.py:186} INFO - Started process (PID=13670) to work on /home/gabzarp/.local/lib/python3.10/site-packages/airflow/example_dags/example_dynamic_task_mapping.py
[2024-09-12T02:01:31.777-0300] {processor.py:914} INFO - Processing file /home/gabzarp/.local/lib/python3.10/site-packages/airflow/example_dags/example_dynamic_task_mapping.py for tasks to queue
[2024-09-12T02:01:31.778-0300] {logging_mixin.py:190} INFO - [2024-09-12T02:01:31.778-0300] {dagbag.py:587} INFO - Filling up the DagBag from /home/gabzarp/.local/lib/python3.10/site-packages/airflow/example_dags/example_dynamic_task_mapping.py
[2024-09-12T02:01:31.783-0300] {processor.py:925} INFO - DAG(s) 'example_dynamic_task_mapping' retrieved from /home/gabzarp/.local/lib/python3.10/site-packages/airflow/example_dags/example_dynamic_task_mapping.py
[2024-09-12T02:01:31.792-0300] {logging_mixin.py:190} INFO - [2024-09-12T02:01:31.791-0300] {dag.py:3229} INFO - Sync 1 DAGs
[2024-09-12T02:01:31.799-0300] {logging_mixin.py:190} INFO - [2024-09-12T02:01:31.799-0300] {dag.py:4156} INFO - Setting next_dagrun for example_dynamic_task_mapping to None, run_after=None
[2024-09-12T02:01:31.813-0300] {processor.py:208} INFO - Processing /home/gabzarp/.local/lib/python3.10/site-packages/airflow/example_dags/example_dynamic_task_mapping.py took 0.040 seconds
[2024-09-12T02:02:42.537-0300] {processor.py:186} INFO - Started process (PID=14280) to work on /home/gabzarp/.local/lib/python3.10/site-packages/airflow/example_dags/example_dynamic_task_mapping.py
[2024-09-12T02:02:42.537-0300] {processor.py:914} INFO - Processing file /home/gabzarp/.local/lib/python3.10/site-packages/airflow/example_dags/example_dynamic_task_mapping.py for tasks to queue
[2024-09-12T02:02:42.538-0300] {logging_mixin.py:190} INFO - [2024-09-12T02:02:42.538-0300] {dagbag.py:587} INFO - Filling up the DagBag from /home/gabzarp/.local/lib/python3.10/site-packages/airflow/example_dags/example_dynamic_task_mapping.py
[2024-09-12T02:02:42.544-0300] {processor.py:925} INFO - DAG(s) 'example_dynamic_task_mapping' retrieved from /home/gabzarp/.local/lib/python3.10/site-packages/airflow/example_dags/example_dynamic_task_mapping.py
[2024-09-12T02:02:42.554-0300] {logging_mixin.py:190} INFO - [2024-09-12T02:02:42.554-0300] {dag.py:3229} INFO - Sync 1 DAGs
[2024-09-12T02:02:42.562-0300] {logging_mixin.py:190} INFO - [2024-09-12T02:02:42.562-0300] {dag.py:4156} INFO - Setting next_dagrun for example_dynamic_task_mapping to None, run_after=None
[2024-09-12T02:02:42.577-0300] {processor.py:208} INFO - Processing /home/gabzarp/.local/lib/python3.10/site-packages/airflow/example_dags/example_dynamic_task_mapping.py took 0.044 seconds
[2024-09-12T02:03:59.318-0300] {processor.py:186} INFO - Started process (PID=14888) to work on /home/gabzarp/.local/lib/python3.10/site-packages/airflow/example_dags/example_dynamic_task_mapping.py
[2024-09-12T02:03:59.320-0300] {processor.py:914} INFO - Processing file /home/gabzarp/.local/lib/python3.10/site-packages/airflow/example_dags/example_dynamic_task_mapping.py for tasks to queue
[2024-09-12T02:03:59.321-0300] {logging_mixin.py:190} INFO - [2024-09-12T02:03:59.321-0300] {dagbag.py:587} INFO - Filling up the DagBag from /home/gabzarp/.local/lib/python3.10/site-packages/airflow/example_dags/example_dynamic_task_mapping.py
[2024-09-12T02:03:59.327-0300] {processor.py:925} INFO - DAG(s) 'example_dynamic_task_mapping' retrieved from /home/gabzarp/.local/lib/python3.10/site-packages/airflow/example_dags/example_dynamic_task_mapping.py
[2024-09-12T02:03:59.339-0300] {logging_mixin.py:190} INFO - [2024-09-12T02:03:59.339-0300] {dag.py:3229} INFO - Sync 1 DAGs
[2024-09-12T02:03:59.350-0300] {logging_mixin.py:190} INFO - [2024-09-12T02:03:59.349-0300] {dag.py:4156} INFO - Setting next_dagrun for example_dynamic_task_mapping to None, run_after=None
[2024-09-12T02:03:59.369-0300] {processor.py:208} INFO - Processing /home/gabzarp/.local/lib/python3.10/site-packages/airflow/example_dags/example_dynamic_task_mapping.py took 0.054 seconds
[2024-09-12T02:05:19.179-0300] {processor.py:186} INFO - Started process (PID=15520) to work on /home/gabzarp/.local/lib/python3.10/site-packages/airflow/example_dags/example_dynamic_task_mapping.py
[2024-09-12T02:05:19.180-0300] {processor.py:914} INFO - Processing file /home/gabzarp/.local/lib/python3.10/site-packages/airflow/example_dags/example_dynamic_task_mapping.py for tasks to queue
[2024-09-12T02:05:19.181-0300] {logging_mixin.py:190} INFO - [2024-09-12T02:05:19.181-0300] {dagbag.py:587} INFO - Filling up the DagBag from /home/gabzarp/.local/lib/python3.10/site-packages/airflow/example_dags/example_dynamic_task_mapping.py
[2024-09-12T02:05:19.186-0300] {processor.py:925} INFO - DAG(s) 'example_dynamic_task_mapping' retrieved from /home/gabzarp/.local/lib/python3.10/site-packages/airflow/example_dags/example_dynamic_task_mapping.py
[2024-09-12T02:05:19.195-0300] {logging_mixin.py:190} INFO - [2024-09-12T02:05:19.195-0300] {dag.py:3229} INFO - Sync 1 DAGs
[2024-09-12T02:05:19.203-0300] {logging_mixin.py:190} INFO - [2024-09-12T02:05:19.202-0300] {dag.py:4156} INFO - Setting next_dagrun for example_dynamic_task_mapping to None, run_after=None
[2024-09-12T02:05:19.216-0300] {processor.py:208} INFO - Processing /home/gabzarp/.local/lib/python3.10/site-packages/airflow/example_dags/example_dynamic_task_mapping.py took 0.041 seconds
[2024-09-12T02:06:38.990-0300] {processor.py:186} INFO - Started process (PID=16149) to work on /home/gabzarp/.local/lib/python3.10/site-packages/airflow/example_dags/example_dynamic_task_mapping.py
[2024-09-12T02:06:38.992-0300] {processor.py:914} INFO - Processing file /home/gabzarp/.local/lib/python3.10/site-packages/airflow/example_dags/example_dynamic_task_mapping.py for tasks to queue
[2024-09-12T02:06:38.992-0300] {logging_mixin.py:190} INFO - [2024-09-12T02:06:38.992-0300] {dagbag.py:587} INFO - Filling up the DagBag from /home/gabzarp/.local/lib/python3.10/site-packages/airflow/example_dags/example_dynamic_task_mapping.py
[2024-09-12T02:06:38.998-0300] {processor.py:925} INFO - DAG(s) 'example_dynamic_task_mapping' retrieved from /home/gabzarp/.local/lib/python3.10/site-packages/airflow/example_dags/example_dynamic_task_mapping.py
[2024-09-12T02:06:39.007-0300] {logging_mixin.py:190} INFO - [2024-09-12T02:06:39.007-0300] {dag.py:3229} INFO - Sync 1 DAGs
[2024-09-12T02:06:39.016-0300] {logging_mixin.py:190} INFO - [2024-09-12T02:06:39.016-0300] {dag.py:4156} INFO - Setting next_dagrun for example_dynamic_task_mapping to None, run_after=None
[2024-09-12T02:06:39.031-0300] {processor.py:208} INFO - Processing /home/gabzarp/.local/lib/python3.10/site-packages/airflow/example_dags/example_dynamic_task_mapping.py took 0.044 seconds
[2024-09-12T02:07:48.649-0300] {processor.py:186} INFO - Started process (PID=16701) to work on /home/gabzarp/.local/lib/python3.10/site-packages/airflow/example_dags/example_dynamic_task_mapping.py
[2024-09-12T02:07:48.650-0300] {processor.py:914} INFO - Processing file /home/gabzarp/.local/lib/python3.10/site-packages/airflow/example_dags/example_dynamic_task_mapping.py for tasks to queue
[2024-09-12T02:07:48.651-0300] {logging_mixin.py:190} INFO - [2024-09-12T02:07:48.651-0300] {dagbag.py:587} INFO - Filling up the DagBag from /home/gabzarp/.local/lib/python3.10/site-packages/airflow/example_dags/example_dynamic_task_mapping.py
[2024-09-12T02:07:48.656-0300] {processor.py:925} INFO - DAG(s) 'example_dynamic_task_mapping' retrieved from /home/gabzarp/.local/lib/python3.10/site-packages/airflow/example_dags/example_dynamic_task_mapping.py
[2024-09-12T02:07:48.666-0300] {logging_mixin.py:190} INFO - [2024-09-12T02:07:48.666-0300] {dag.py:3229} INFO - Sync 1 DAGs
[2024-09-12T02:07:48.675-0300] {logging_mixin.py:190} INFO - [2024-09-12T02:07:48.675-0300] {dag.py:4156} INFO - Setting next_dagrun for example_dynamic_task_mapping to None, run_after=None
[2024-09-12T02:07:48.690-0300] {processor.py:208} INFO - Processing /home/gabzarp/.local/lib/python3.10/site-packages/airflow/example_dags/example_dynamic_task_mapping.py took 0.045 seconds
[2024-09-12T02:09:05.759-0300] {processor.py:186} INFO - Started process (PID=17313) to work on /home/gabzarp/.local/lib/python3.10/site-packages/airflow/example_dags/example_dynamic_task_mapping.py
[2024-09-12T02:09:05.760-0300] {processor.py:914} INFO - Processing file /home/gabzarp/.local/lib/python3.10/site-packages/airflow/example_dags/example_dynamic_task_mapping.py for tasks to queue
[2024-09-12T02:09:05.761-0300] {logging_mixin.py:190} INFO - [2024-09-12T02:09:05.761-0300] {dagbag.py:587} INFO - Filling up the DagBag from /home/gabzarp/.local/lib/python3.10/site-packages/airflow/example_dags/example_dynamic_task_mapping.py
[2024-09-12T02:09:05.767-0300] {processor.py:925} INFO - DAG(s) 'example_dynamic_task_mapping' retrieved from /home/gabzarp/.local/lib/python3.10/site-packages/airflow/example_dags/example_dynamic_task_mapping.py
[2024-09-12T02:09:05.778-0300] {logging_mixin.py:190} INFO - [2024-09-12T02:09:05.778-0300] {dag.py:3229} INFO - Sync 1 DAGs
[2024-09-12T02:09:05.786-0300] {logging_mixin.py:190} INFO - [2024-09-12T02:09:05.786-0300] {dag.py:4156} INFO - Setting next_dagrun for example_dynamic_task_mapping to None, run_after=None
[2024-09-12T02:09:05.805-0300] {processor.py:208} INFO - Processing /home/gabzarp/.local/lib/python3.10/site-packages/airflow/example_dags/example_dynamic_task_mapping.py took 0.050 seconds
