[2024-09-12T01:40:01.066-0300] {processor.py:186} INFO - Started process (PID=2730) to work on /home/gabzarp/.local/lib/python3.10/site-packages/airflow/example_dags/example_python_operator.py
[2024-09-12T01:40:01.066-0300] {processor.py:914} INFO - Processing file /home/gabzarp/.local/lib/python3.10/site-packages/airflow/example_dags/example_python_operator.py for tasks to queue
[2024-09-12T01:40:01.067-0300] {logging_mixin.py:190} INFO - [2024-09-12T01:40:01.067-0300] {dagbag.py:587} INFO - Filling up the DagBag from /home/gabzarp/.local/lib/python3.10/site-packages/airflow/example_dags/example_python_operator.py
[2024-09-12T01:40:01.090-0300] {logging_mixin.py:190} INFO - [2024-09-12T01:40:01.090-0300] {example_python_operator.py:93} WARNING - The virtalenv_python example task requires virtualenv, please install it.
[2024-09-12T01:40:01.092-0300] {processor.py:925} INFO - DAG(s) 'example_python_operator' retrieved from /home/gabzarp/.local/lib/python3.10/site-packages/airflow/example_dags/example_python_operator.py
[2024-09-12T01:40:01.156-0300] {logging_mixin.py:190} INFO - [2024-09-12T01:40:01.155-0300] {override.py:1900} INFO - Created Permission View: can edit on DAG:example_python_operator
[2024-09-12T01:40:01.165-0300] {logging_mixin.py:190} INFO - [2024-09-12T01:40:01.165-0300] {override.py:1900} INFO - Created Permission View: can read on DAG:example_python_operator
[2024-09-12T01:40:01.173-0300] {logging_mixin.py:190} INFO - [2024-09-12T01:40:01.173-0300] {override.py:1900} INFO - Created Permission View: can delete on DAG:example_python_operator
[2024-09-12T01:40:01.185-0300] {logging_mixin.py:190} INFO - [2024-09-12T01:40:01.185-0300] {override.py:1900} INFO - Created Permission View: can read on DAG Run:example_python_operator
[2024-09-12T01:40:01.192-0300] {logging_mixin.py:190} INFO - [2024-09-12T01:40:01.192-0300] {override.py:1900} INFO - Created Permission View: can create on DAG Run:example_python_operator
[2024-09-12T01:40:01.199-0300] {logging_mixin.py:190} INFO - [2024-09-12T01:40:01.199-0300] {override.py:1900} INFO - Created Permission View: menu access on DAG Run:example_python_operator
[2024-09-12T01:40:01.207-0300] {logging_mixin.py:190} INFO - [2024-09-12T01:40:01.206-0300] {override.py:1900} INFO - Created Permission View: can delete on DAG Run:example_python_operator
[2024-09-12T01:40:01.207-0300] {logging_mixin.py:190} INFO - [2024-09-12T01:40:01.207-0300] {dag.py:3229} INFO - Sync 1 DAGs
[2024-09-12T01:40:01.215-0300] {logging_mixin.py:190} INFO - [2024-09-12T01:40:01.214-0300] {dag.py:3252} INFO - Creating ORM DAG for example_python_operator
[2024-09-12T01:40:01.215-0300] {logging_mixin.py:190} INFO - [2024-09-12T01:40:01.215-0300] {dag.py:4156} INFO - Setting next_dagrun for example_python_operator to None, run_after=None
[2024-09-12T01:40:01.228-0300] {processor.py:208} INFO - Processing /home/gabzarp/.local/lib/python3.10/site-packages/airflow/example_dags/example_python_operator.py took 0.166 seconds
[2024-09-12T01:40:57.168-0300] {processor.py:186} INFO - Started process (PID=3012) to work on /home/gabzarp/.local/lib/python3.10/site-packages/airflow/example_dags/example_python_operator.py
[2024-09-12T01:40:57.169-0300] {processor.py:914} INFO - Processing file /home/gabzarp/.local/lib/python3.10/site-packages/airflow/example_dags/example_python_operator.py for tasks to queue
[2024-09-12T01:40:57.171-0300] {logging_mixin.py:190} INFO - [2024-09-12T01:40:57.170-0300] {dagbag.py:587} INFO - Filling up the DagBag from /home/gabzarp/.local/lib/python3.10/site-packages/airflow/example_dags/example_python_operator.py
[2024-09-12T01:40:57.195-0300] {logging_mixin.py:190} INFO - [2024-09-12T01:40:57.195-0300] {example_python_operator.py:93} WARNING - The virtalenv_python example task requires virtualenv, please install it.
[2024-09-12T01:40:57.196-0300] {processor.py:925} INFO - DAG(s) 'example_python_operator' retrieved from /home/gabzarp/.local/lib/python3.10/site-packages/airflow/example_dags/example_python_operator.py
[2024-09-12T01:40:57.208-0300] {logging_mixin.py:190} INFO - [2024-09-12T01:40:57.208-0300] {dag.py:3229} INFO - Sync 1 DAGs
[2024-09-12T01:40:57.216-0300] {logging_mixin.py:190} INFO - [2024-09-12T01:40:57.216-0300] {dag.py:4156} INFO - Setting next_dagrun for example_python_operator to None, run_after=None
[2024-09-12T01:40:57.232-0300] {processor.py:208} INFO - Processing /home/gabzarp/.local/lib/python3.10/site-packages/airflow/example_dags/example_python_operator.py took 0.069 seconds
[2024-09-12T01:41:50.388-0300] {processor.py:186} INFO - Started process (PID=3361) to work on /home/gabzarp/.local/lib/python3.10/site-packages/airflow/example_dags/example_python_operator.py
[2024-09-12T01:41:50.389-0300] {processor.py:914} INFO - Processing file /home/gabzarp/.local/lib/python3.10/site-packages/airflow/example_dags/example_python_operator.py for tasks to queue
[2024-09-12T01:41:50.390-0300] {logging_mixin.py:190} INFO - [2024-09-12T01:41:50.390-0300] {dagbag.py:587} INFO - Filling up the DagBag from /home/gabzarp/.local/lib/python3.10/site-packages/airflow/example_dags/example_python_operator.py
[2024-09-12T01:41:50.414-0300] {logging_mixin.py:190} INFO - [2024-09-12T01:41:50.414-0300] {example_python_operator.py:93} WARNING - The virtalenv_python example task requires virtualenv, please install it.
[2024-09-12T01:41:50.416-0300] {processor.py:925} INFO - DAG(s) 'example_python_operator' retrieved from /home/gabzarp/.local/lib/python3.10/site-packages/airflow/example_dags/example_python_operator.py
[2024-09-12T01:41:50.427-0300] {logging_mixin.py:190} INFO - [2024-09-12T01:41:50.426-0300] {dag.py:3229} INFO - Sync 1 DAGs
[2024-09-12T01:41:50.435-0300] {logging_mixin.py:190} INFO - [2024-09-12T01:41:50.434-0300] {dag.py:4156} INFO - Setting next_dagrun for example_python_operator to None, run_after=None
[2024-09-12T01:41:50.454-0300] {processor.py:208} INFO - Processing /home/gabzarp/.local/lib/python3.10/site-packages/airflow/example_dags/example_python_operator.py took 0.069 seconds
[2024-09-12T01:42:42.937-0300] {processor.py:186} INFO - Started process (PID=3625) to work on /home/gabzarp/.local/lib/python3.10/site-packages/airflow/example_dags/example_python_operator.py
[2024-09-12T01:42:42.939-0300] {processor.py:914} INFO - Processing file /home/gabzarp/.local/lib/python3.10/site-packages/airflow/example_dags/example_python_operator.py for tasks to queue
[2024-09-12T01:42:42.940-0300] {logging_mixin.py:190} INFO - [2024-09-12T01:42:42.940-0300] {dagbag.py:587} INFO - Filling up the DagBag from /home/gabzarp/.local/lib/python3.10/site-packages/airflow/example_dags/example_python_operator.py
[2024-09-12T01:42:42.968-0300] {logging_mixin.py:190} INFO - [2024-09-12T01:42:42.967-0300] {example_python_operator.py:93} WARNING - The virtalenv_python example task requires virtualenv, please install it.
[2024-09-12T01:42:42.970-0300] {processor.py:925} INFO - DAG(s) 'example_python_operator' retrieved from /home/gabzarp/.local/lib/python3.10/site-packages/airflow/example_dags/example_python_operator.py
[2024-09-12T01:42:42.981-0300] {logging_mixin.py:190} INFO - [2024-09-12T01:42:42.981-0300] {dag.py:3229} INFO - Sync 1 DAGs
[2024-09-12T01:42:42.991-0300] {logging_mixin.py:190} INFO - [2024-09-12T01:42:42.991-0300] {dag.py:4156} INFO - Setting next_dagrun for example_python_operator to None, run_after=None
[2024-09-12T01:42:43.007-0300] {processor.py:208} INFO - Processing /home/gabzarp/.local/lib/python3.10/site-packages/airflow/example_dags/example_python_operator.py took 0.074 seconds
[2024-09-12T01:44:13.140-0300] {processor.py:186} INFO - Started process (PID=4490) to work on /home/gabzarp/.local/lib/python3.10/site-packages/airflow/example_dags/example_python_operator.py
[2024-09-12T01:44:13.143-0300] {processor.py:914} INFO - Processing file /home/gabzarp/.local/lib/python3.10/site-packages/airflow/example_dags/example_python_operator.py for tasks to queue
[2024-09-12T01:44:13.145-0300] {logging_mixin.py:190} INFO - [2024-09-12T01:44:13.145-0300] {dagbag.py:587} INFO - Filling up the DagBag from /home/gabzarp/.local/lib/python3.10/site-packages/airflow/example_dags/example_python_operator.py
[2024-09-12T01:44:13.163-0300] {logging_mixin.py:190} INFO - [2024-09-12T01:44:13.162-0300] {example_python_operator.py:93} WARNING - The virtalenv_python example task requires virtualenv, please install it.
[2024-09-12T01:44:13.165-0300] {processor.py:925} INFO - DAG(s) 'example_python_operator' retrieved from /home/gabzarp/.local/lib/python3.10/site-packages/airflow/example_dags/example_python_operator.py
[2024-09-12T01:44:13.176-0300] {logging_mixin.py:190} INFO - [2024-09-12T01:44:13.176-0300] {dag.py:3229} INFO - Sync 1 DAGs
[2024-09-12T01:44:13.185-0300] {logging_mixin.py:190} INFO - [2024-09-12T01:44:13.184-0300] {dag.py:4156} INFO - Setting next_dagrun for example_python_operator to None, run_after=None
[2024-09-12T01:44:15.127-0300] {processor.py:208} INFO - Processing /home/gabzarp/.local/lib/python3.10/site-packages/airflow/example_dags/example_python_operator.py took 1.991 seconds
[2024-09-12T01:45:42.157-0300] {processor.py:186} INFO - Started process (PID=5367) to work on /home/gabzarp/.local/lib/python3.10/site-packages/airflow/example_dags/example_python_operator.py
[2024-09-12T01:45:42.158-0300] {processor.py:914} INFO - Processing file /home/gabzarp/.local/lib/python3.10/site-packages/airflow/example_dags/example_python_operator.py for tasks to queue
[2024-09-12T01:45:42.159-0300] {logging_mixin.py:190} INFO - [2024-09-12T01:45:42.159-0300] {dagbag.py:587} INFO - Filling up the DagBag from /home/gabzarp/.local/lib/python3.10/site-packages/airflow/example_dags/example_python_operator.py
[2024-09-12T01:45:42.173-0300] {logging_mixin.py:190} INFO - [2024-09-12T01:45:42.173-0300] {example_python_operator.py:93} WARNING - The virtalenv_python example task requires virtualenv, please install it.
[2024-09-12T01:45:42.175-0300] {processor.py:925} INFO - DAG(s) 'example_python_operator' retrieved from /home/gabzarp/.local/lib/python3.10/site-packages/airflow/example_dags/example_python_operator.py
[2024-09-12T01:45:42.186-0300] {logging_mixin.py:190} INFO - [2024-09-12T01:45:42.186-0300] {dag.py:3229} INFO - Sync 1 DAGs
[2024-09-12T01:45:42.194-0300] {logging_mixin.py:190} INFO - [2024-09-12T01:45:42.194-0300] {dag.py:4156} INFO - Setting next_dagrun for example_python_operator to None, run_after=None
[2024-09-12T01:45:42.209-0300] {processor.py:208} INFO - Processing /home/gabzarp/.local/lib/python3.10/site-packages/airflow/example_dags/example_python_operator.py took 0.056 seconds
[2024-09-12T01:46:54.643-0300] {processor.py:186} INFO - Started process (PID=5954) to work on /home/gabzarp/.local/lib/python3.10/site-packages/airflow/example_dags/example_python_operator.py
[2024-09-12T01:46:54.644-0300] {processor.py:914} INFO - Processing file /home/gabzarp/.local/lib/python3.10/site-packages/airflow/example_dags/example_python_operator.py for tasks to queue
[2024-09-12T01:46:54.645-0300] {logging_mixin.py:190} INFO - [2024-09-12T01:46:54.645-0300] {dagbag.py:587} INFO - Filling up the DagBag from /home/gabzarp/.local/lib/python3.10/site-packages/airflow/example_dags/example_python_operator.py
[2024-09-12T01:46:54.659-0300] {logging_mixin.py:190} INFO - [2024-09-12T01:46:54.659-0300] {example_python_operator.py:93} WARNING - The virtalenv_python example task requires virtualenv, please install it.
[2024-09-12T01:46:54.660-0300] {processor.py:925} INFO - DAG(s) 'example_python_operator' retrieved from /home/gabzarp/.local/lib/python3.10/site-packages/airflow/example_dags/example_python_operator.py
[2024-09-12T01:46:54.671-0300] {logging_mixin.py:190} INFO - [2024-09-12T01:46:54.671-0300] {dag.py:3229} INFO - Sync 1 DAGs
[2024-09-12T01:46:54.679-0300] {logging_mixin.py:190} INFO - [2024-09-12T01:46:54.678-0300] {dag.py:4156} INFO - Setting next_dagrun for example_python_operator to None, run_after=None
[2024-09-12T01:46:54.692-0300] {processor.py:208} INFO - Processing /home/gabzarp/.local/lib/python3.10/site-packages/airflow/example_dags/example_python_operator.py took 0.053 seconds
[2024-09-12T01:48:05.718-0300] {processor.py:186} INFO - Started process (PID=6517) to work on /home/gabzarp/.local/lib/python3.10/site-packages/airflow/example_dags/example_python_operator.py
[2024-09-12T01:48:05.719-0300] {processor.py:914} INFO - Processing file /home/gabzarp/.local/lib/python3.10/site-packages/airflow/example_dags/example_python_operator.py for tasks to queue
[2024-09-12T01:48:05.720-0300] {logging_mixin.py:190} INFO - [2024-09-12T01:48:05.720-0300] {dagbag.py:587} INFO - Filling up the DagBag from /home/gabzarp/.local/lib/python3.10/site-packages/airflow/example_dags/example_python_operator.py
[2024-09-12T01:48:05.733-0300] {logging_mixin.py:190} INFO - [2024-09-12T01:48:05.733-0300] {example_python_operator.py:93} WARNING - The virtalenv_python example task requires virtualenv, please install it.
[2024-09-12T01:48:05.735-0300] {processor.py:925} INFO - DAG(s) 'example_python_operator' retrieved from /home/gabzarp/.local/lib/python3.10/site-packages/airflow/example_dags/example_python_operator.py
[2024-09-12T01:48:05.746-0300] {logging_mixin.py:190} INFO - [2024-09-12T01:48:05.746-0300] {dag.py:3229} INFO - Sync 1 DAGs
[2024-09-12T01:48:05.754-0300] {logging_mixin.py:190} INFO - [2024-09-12T01:48:05.754-0300] {dag.py:4156} INFO - Setting next_dagrun for example_python_operator to None, run_after=None
[2024-09-12T01:48:05.769-0300] {processor.py:208} INFO - Processing /home/gabzarp/.local/lib/python3.10/site-packages/airflow/example_dags/example_python_operator.py took 0.055 seconds
[2024-09-12T01:48:56.859-0300] {processor.py:186} INFO - Started process (PID=7062) to work on /home/gabzarp/.local/lib/python3.10/site-packages/airflow/example_dags/example_python_operator.py
[2024-09-12T01:48:56.860-0300] {processor.py:914} INFO - Processing file /home/gabzarp/.local/lib/python3.10/site-packages/airflow/example_dags/example_python_operator.py for tasks to queue
[2024-09-12T01:48:56.862-0300] {logging_mixin.py:190} INFO - [2024-09-12T01:48:56.862-0300] {dagbag.py:587} INFO - Filling up the DagBag from /home/gabzarp/.local/lib/python3.10/site-packages/airflow/example_dags/example_python_operator.py
[2024-09-12T01:48:56.884-0300] {logging_mixin.py:190} INFO - [2024-09-12T01:48:56.883-0300] {example_python_operator.py:93} WARNING - The virtalenv_python example task requires virtualenv, please install it.
[2024-09-12T01:48:56.886-0300] {processor.py:925} INFO - DAG(s) 'example_python_operator' retrieved from /home/gabzarp/.local/lib/python3.10/site-packages/airflow/example_dags/example_python_operator.py
[2024-09-12T01:48:56.900-0300] {logging_mixin.py:190} INFO - [2024-09-12T01:48:56.900-0300] {dag.py:3229} INFO - Sync 1 DAGs
[2024-09-12T01:48:56.910-0300] {logging_mixin.py:190} INFO - [2024-09-12T01:48:56.910-0300] {dag.py:4156} INFO - Setting next_dagrun for example_python_operator to None, run_after=None
[2024-09-12T01:48:56.927-0300] {processor.py:208} INFO - Processing /home/gabzarp/.local/lib/python3.10/site-packages/airflow/example_dags/example_python_operator.py took 0.072 seconds
[2024-09-12T01:49:46.233-0300] {processor.py:186} INFO - Started process (PID=7452) to work on /home/gabzarp/.local/lib/python3.10/site-packages/airflow/example_dags/example_python_operator.py
[2024-09-12T01:49:46.234-0300] {processor.py:914} INFO - Processing file /home/gabzarp/.local/lib/python3.10/site-packages/airflow/example_dags/example_python_operator.py for tasks to queue
[2024-09-12T01:49:46.235-0300] {logging_mixin.py:190} INFO - [2024-09-12T01:49:46.234-0300] {dagbag.py:587} INFO - Filling up the DagBag from /home/gabzarp/.local/lib/python3.10/site-packages/airflow/example_dags/example_python_operator.py
[2024-09-12T01:49:46.253-0300] {logging_mixin.py:190} INFO - [2024-09-12T01:49:46.253-0300] {example_python_operator.py:93} WARNING - The virtalenv_python example task requires virtualenv, please install it.
[2024-09-12T01:49:46.255-0300] {processor.py:925} INFO - DAG(s) 'example_python_operator' retrieved from /home/gabzarp/.local/lib/python3.10/site-packages/airflow/example_dags/example_python_operator.py
[2024-09-12T01:49:46.260-0300] {logging_mixin.py:190} INFO - [2024-09-12T01:49:46.260-0300] {dag.py:3229} INFO - Sync 1 DAGs
[2024-09-12T01:49:46.269-0300] {logging_mixin.py:190} INFO - [2024-09-12T01:49:46.269-0300] {dag.py:4156} INFO - Setting next_dagrun for example_python_operator to None, run_after=None
[2024-09-12T01:49:46.283-0300] {processor.py:208} INFO - Processing /home/gabzarp/.local/lib/python3.10/site-packages/airflow/example_dags/example_python_operator.py took 0.054 seconds
[2024-09-12T01:50:37.104-0300] {processor.py:186} INFO - Started process (PID=7943) to work on /home/gabzarp/.local/lib/python3.10/site-packages/airflow/example_dags/example_python_operator.py
[2024-09-12T01:50:37.105-0300] {processor.py:914} INFO - Processing file /home/gabzarp/.local/lib/python3.10/site-packages/airflow/example_dags/example_python_operator.py for tasks to queue
[2024-09-12T01:50:37.105-0300] {logging_mixin.py:190} INFO - [2024-09-12T01:50:37.105-0300] {dagbag.py:587} INFO - Filling up the DagBag from /home/gabzarp/.local/lib/python3.10/site-packages/airflow/example_dags/example_python_operator.py
[2024-09-12T01:50:37.122-0300] {logging_mixin.py:190} INFO - [2024-09-12T01:50:37.122-0300] {example_python_operator.py:93} WARNING - The virtalenv_python example task requires virtualenv, please install it.
[2024-09-12T01:50:37.124-0300] {processor.py:925} INFO - DAG(s) 'example_python_operator' retrieved from /home/gabzarp/.local/lib/python3.10/site-packages/airflow/example_dags/example_python_operator.py
[2024-09-12T01:50:37.182-0300] {logging_mixin.py:190} INFO - [2024-09-12T01:50:37.182-0300] {dag.py:3229} INFO - Sync 1 DAGs
[2024-09-12T01:50:37.189-0300] {logging_mixin.py:190} INFO - [2024-09-12T01:50:37.189-0300] {dag.py:4156} INFO - Setting next_dagrun for example_python_operator to None, run_after=None
[2024-09-12T01:50:37.204-0300] {processor.py:208} INFO - Processing /home/gabzarp/.local/lib/python3.10/site-packages/airflow/example_dags/example_python_operator.py took 0.104 seconds
[2024-09-12T01:51:48.952-0300] {processor.py:186} INFO - Started process (PID=8630) to work on /home/gabzarp/.local/lib/python3.10/site-packages/airflow/example_dags/example_python_operator.py
[2024-09-12T01:51:48.953-0300] {processor.py:914} INFO - Processing file /home/gabzarp/.local/lib/python3.10/site-packages/airflow/example_dags/example_python_operator.py for tasks to queue
[2024-09-12T01:51:48.954-0300] {logging_mixin.py:190} INFO - [2024-09-12T01:51:48.954-0300] {dagbag.py:587} INFO - Filling up the DagBag from /home/gabzarp/.local/lib/python3.10/site-packages/airflow/example_dags/example_python_operator.py
[2024-09-12T01:51:48.972-0300] {logging_mixin.py:190} INFO - [2024-09-12T01:51:48.971-0300] {example_python_operator.py:93} WARNING - The virtalenv_python example task requires virtualenv, please install it.
[2024-09-12T01:51:48.973-0300] {processor.py:925} INFO - DAG(s) 'example_python_operator' retrieved from /home/gabzarp/.local/lib/python3.10/site-packages/airflow/example_dags/example_python_operator.py
[2024-09-12T01:51:48.978-0300] {logging_mixin.py:190} INFO - [2024-09-12T01:51:48.978-0300] {dag.py:3229} INFO - Sync 1 DAGs
[2024-09-12T01:51:48.988-0300] {logging_mixin.py:190} INFO - [2024-09-12T01:51:48.987-0300] {dag.py:4156} INFO - Setting next_dagrun for example_python_operator to None, run_after=None
[2024-09-12T01:51:49.002-0300] {processor.py:208} INFO - Processing /home/gabzarp/.local/lib/python3.10/site-packages/airflow/example_dags/example_python_operator.py took 0.053 seconds
[2024-09-12T01:52:40.677-0300] {processor.py:186} INFO - Started process (PID=9146) to work on /home/gabzarp/.local/lib/python3.10/site-packages/airflow/example_dags/example_python_operator.py
[2024-09-12T01:52:40.678-0300] {processor.py:914} INFO - Processing file /home/gabzarp/.local/lib/python3.10/site-packages/airflow/example_dags/example_python_operator.py for tasks to queue
[2024-09-12T01:52:40.678-0300] {logging_mixin.py:190} INFO - [2024-09-12T01:52:40.678-0300] {dagbag.py:587} INFO - Filling up the DagBag from /home/gabzarp/.local/lib/python3.10/site-packages/airflow/example_dags/example_python_operator.py
[2024-09-12T01:52:40.692-0300] {logging_mixin.py:190} INFO - [2024-09-12T01:52:40.692-0300] {example_python_operator.py:93} WARNING - The virtalenv_python example task requires virtualenv, please install it.
[2024-09-12T01:52:40.694-0300] {processor.py:925} INFO - DAG(s) 'example_python_operator' retrieved from /home/gabzarp/.local/lib/python3.10/site-packages/airflow/example_dags/example_python_operator.py
[2024-09-12T01:52:40.751-0300] {logging_mixin.py:190} INFO - [2024-09-12T01:52:40.750-0300] {dag.py:3229} INFO - Sync 1 DAGs
[2024-09-12T01:52:40.758-0300] {logging_mixin.py:190} INFO - [2024-09-12T01:52:40.758-0300] {dag.py:4156} INFO - Setting next_dagrun for example_python_operator to None, run_after=None
[2024-09-12T01:52:40.773-0300] {processor.py:208} INFO - Processing /home/gabzarp/.local/lib/python3.10/site-packages/airflow/example_dags/example_python_operator.py took 0.100 seconds
[2024-09-12T01:53:32.443-0300] {processor.py:186} INFO - Started process (PID=9634) to work on /home/gabzarp/.local/lib/python3.10/site-packages/airflow/example_dags/example_python_operator.py
[2024-09-12T01:53:32.444-0300] {processor.py:914} INFO - Processing file /home/gabzarp/.local/lib/python3.10/site-packages/airflow/example_dags/example_python_operator.py for tasks to queue
[2024-09-12T01:53:32.444-0300] {logging_mixin.py:190} INFO - [2024-09-12T01:53:32.444-0300] {dagbag.py:587} INFO - Filling up the DagBag from /home/gabzarp/.local/lib/python3.10/site-packages/airflow/example_dags/example_python_operator.py
[2024-09-12T01:53:32.462-0300] {logging_mixin.py:190} INFO - [2024-09-12T01:53:32.462-0300] {example_python_operator.py:93} WARNING - The virtalenv_python example task requires virtualenv, please install it.
[2024-09-12T01:53:32.464-0300] {processor.py:925} INFO - DAG(s) 'example_python_operator' retrieved from /home/gabzarp/.local/lib/python3.10/site-packages/airflow/example_dags/example_python_operator.py
[2024-09-12T01:53:32.469-0300] {logging_mixin.py:190} INFO - [2024-09-12T01:53:32.469-0300] {dag.py:3229} INFO - Sync 1 DAGs
[2024-09-12T01:53:32.478-0300] {logging_mixin.py:190} INFO - [2024-09-12T01:53:32.478-0300] {dag.py:4156} INFO - Setting next_dagrun for example_python_operator to None, run_after=None
[2024-09-12T01:53:32.493-0300] {processor.py:208} INFO - Processing /home/gabzarp/.local/lib/python3.10/site-packages/airflow/example_dags/example_python_operator.py took 0.054 seconds
[2024-09-12T01:54:24.173-0300] {processor.py:186} INFO - Started process (PID=10073) to work on /home/gabzarp/.local/lib/python3.10/site-packages/airflow/example_dags/example_python_operator.py
[2024-09-12T01:54:24.174-0300] {processor.py:914} INFO - Processing file /home/gabzarp/.local/lib/python3.10/site-packages/airflow/example_dags/example_python_operator.py for tasks to queue
[2024-09-12T01:54:24.175-0300] {logging_mixin.py:190} INFO - [2024-09-12T01:54:24.175-0300] {dagbag.py:587} INFO - Filling up the DagBag from /home/gabzarp/.local/lib/python3.10/site-packages/airflow/example_dags/example_python_operator.py
[2024-09-12T01:54:24.190-0300] {logging_mixin.py:190} INFO - [2024-09-12T01:54:24.189-0300] {example_python_operator.py:93} WARNING - The virtalenv_python example task requires virtualenv, please install it.
[2024-09-12T01:54:24.191-0300] {processor.py:925} INFO - DAG(s) 'example_python_operator' retrieved from /home/gabzarp/.local/lib/python3.10/site-packages/airflow/example_dags/example_python_operator.py
[2024-09-12T01:54:24.252-0300] {logging_mixin.py:190} INFO - [2024-09-12T01:54:24.252-0300] {dag.py:3229} INFO - Sync 1 DAGs
[2024-09-12T01:54:24.259-0300] {logging_mixin.py:190} INFO - [2024-09-12T01:54:24.259-0300] {dag.py:4156} INFO - Setting next_dagrun for example_python_operator to None, run_after=None
[2024-09-12T01:54:24.275-0300] {processor.py:208} INFO - Processing /home/gabzarp/.local/lib/python3.10/site-packages/airflow/example_dags/example_python_operator.py took 0.106 seconds
[2024-09-12T01:55:16.747-0300] {processor.py:186} INFO - Started process (PID=10491) to work on /home/gabzarp/.local/lib/python3.10/site-packages/airflow/example_dags/example_python_operator.py
[2024-09-12T01:55:16.747-0300] {processor.py:914} INFO - Processing file /home/gabzarp/.local/lib/python3.10/site-packages/airflow/example_dags/example_python_operator.py for tasks to queue
[2024-09-12T01:55:16.748-0300] {logging_mixin.py:190} INFO - [2024-09-12T01:55:16.748-0300] {dagbag.py:587} INFO - Filling up the DagBag from /home/gabzarp/.local/lib/python3.10/site-packages/airflow/example_dags/example_python_operator.py
[2024-09-12T01:55:16.766-0300] {logging_mixin.py:190} INFO - [2024-09-12T01:55:16.766-0300] {example_python_operator.py:93} WARNING - The virtalenv_python example task requires virtualenv, please install it.
[2024-09-12T01:55:16.768-0300] {processor.py:925} INFO - DAG(s) 'example_python_operator' retrieved from /home/gabzarp/.local/lib/python3.10/site-packages/airflow/example_dags/example_python_operator.py
[2024-09-12T01:55:16.773-0300] {logging_mixin.py:190} INFO - [2024-09-12T01:55:16.773-0300] {dag.py:3229} INFO - Sync 1 DAGs
[2024-09-12T01:55:16.781-0300] {logging_mixin.py:190} INFO - [2024-09-12T01:55:16.781-0300] {dag.py:4156} INFO - Setting next_dagrun for example_python_operator to None, run_after=None
[2024-09-12T01:55:16.797-0300] {processor.py:208} INFO - Processing /home/gabzarp/.local/lib/python3.10/site-packages/airflow/example_dags/example_python_operator.py took 0.053 seconds
[2024-09-12T01:56:11.767-0300] {processor.py:186} INFO - Started process (PID=10944) to work on /home/gabzarp/.local/lib/python3.10/site-packages/airflow/example_dags/example_python_operator.py
[2024-09-12T01:56:11.768-0300] {processor.py:914} INFO - Processing file /home/gabzarp/.local/lib/python3.10/site-packages/airflow/example_dags/example_python_operator.py for tasks to queue
[2024-09-12T01:56:11.769-0300] {logging_mixin.py:190} INFO - [2024-09-12T01:56:11.769-0300] {dagbag.py:587} INFO - Filling up the DagBag from /home/gabzarp/.local/lib/python3.10/site-packages/airflow/example_dags/example_python_operator.py
[2024-09-12T01:56:11.787-0300] {logging_mixin.py:190} INFO - [2024-09-12T01:56:11.787-0300] {example_python_operator.py:93} WARNING - The virtalenv_python example task requires virtualenv, please install it.
[2024-09-12T01:56:11.788-0300] {processor.py:925} INFO - DAG(s) 'example_python_operator' retrieved from /home/gabzarp/.local/lib/python3.10/site-packages/airflow/example_dags/example_python_operator.py
[2024-09-12T01:56:11.845-0300] {logging_mixin.py:190} INFO - [2024-09-12T01:56:11.845-0300] {dag.py:3229} INFO - Sync 1 DAGs
[2024-09-12T01:56:11.852-0300] {logging_mixin.py:190} INFO - [2024-09-12T01:56:11.852-0300] {dag.py:4156} INFO - Setting next_dagrun for example_python_operator to None, run_after=None
[2024-09-12T01:56:11.866-0300] {processor.py:208} INFO - Processing /home/gabzarp/.local/lib/python3.10/site-packages/airflow/example_dags/example_python_operator.py took 0.102 seconds
[2024-09-12T01:57:04.972-0300] {processor.py:186} INFO - Started process (PID=11416) to work on /home/gabzarp/.local/lib/python3.10/site-packages/airflow/example_dags/example_python_operator.py
[2024-09-12T01:57:04.973-0300] {processor.py:914} INFO - Processing file /home/gabzarp/.local/lib/python3.10/site-packages/airflow/example_dags/example_python_operator.py for tasks to queue
[2024-09-12T01:57:04.974-0300] {logging_mixin.py:190} INFO - [2024-09-12T01:57:04.973-0300] {dagbag.py:587} INFO - Filling up the DagBag from /home/gabzarp/.local/lib/python3.10/site-packages/airflow/example_dags/example_python_operator.py
[2024-09-12T01:57:04.993-0300] {logging_mixin.py:190} INFO - [2024-09-12T01:57:04.993-0300] {example_python_operator.py:93} WARNING - The virtalenv_python example task requires virtualenv, please install it.
[2024-09-12T01:57:04.995-0300] {processor.py:925} INFO - DAG(s) 'example_python_operator' retrieved from /home/gabzarp/.local/lib/python3.10/site-packages/airflow/example_dags/example_python_operator.py
[2024-09-12T01:57:05.006-0300] {logging_mixin.py:190} INFO - [2024-09-12T01:57:05.006-0300] {dag.py:3229} INFO - Sync 1 DAGs
[2024-09-12T01:57:05.015-0300] {logging_mixin.py:190} INFO - [2024-09-12T01:57:05.015-0300] {dag.py:4156} INFO - Setting next_dagrun for example_python_operator to None, run_after=None
[2024-09-12T01:57:05.032-0300] {processor.py:208} INFO - Processing /home/gabzarp/.local/lib/python3.10/site-packages/airflow/example_dags/example_python_operator.py took 0.064 seconds
[2024-09-12T01:57:58.793-0300] {processor.py:186} INFO - Started process (PID=11845) to work on /home/gabzarp/.local/lib/python3.10/site-packages/airflow/example_dags/example_python_operator.py
[2024-09-12T01:57:58.794-0300] {processor.py:914} INFO - Processing file /home/gabzarp/.local/lib/python3.10/site-packages/airflow/example_dags/example_python_operator.py for tasks to queue
[2024-09-12T01:57:58.795-0300] {logging_mixin.py:190} INFO - [2024-09-12T01:57:58.795-0300] {dagbag.py:587} INFO - Filling up the DagBag from /home/gabzarp/.local/lib/python3.10/site-packages/airflow/example_dags/example_python_operator.py
[2024-09-12T01:57:58.810-0300] {logging_mixin.py:190} INFO - [2024-09-12T01:57:58.810-0300] {example_python_operator.py:93} WARNING - The virtalenv_python example task requires virtualenv, please install it.
[2024-09-12T01:57:58.812-0300] {processor.py:925} INFO - DAG(s) 'example_python_operator' retrieved from /home/gabzarp/.local/lib/python3.10/site-packages/airflow/example_dags/example_python_operator.py
[2024-09-12T01:57:58.823-0300] {logging_mixin.py:190} INFO - [2024-09-12T01:57:58.823-0300] {dag.py:3229} INFO - Sync 1 DAGs
[2024-09-12T01:57:58.831-0300] {logging_mixin.py:190} INFO - [2024-09-12T01:57:58.831-0300] {dag.py:4156} INFO - Setting next_dagrun for example_python_operator to None, run_after=None
[2024-09-12T01:57:58.847-0300] {processor.py:208} INFO - Processing /home/gabzarp/.local/lib/python3.10/site-packages/airflow/example_dags/example_python_operator.py took 0.057 seconds
[2024-09-12T01:58:51.810-0300] {processor.py:186} INFO - Started process (PID=12258) to work on /home/gabzarp/.local/lib/python3.10/site-packages/airflow/example_dags/example_python_operator.py
[2024-09-12T01:58:51.811-0300] {processor.py:914} INFO - Processing file /home/gabzarp/.local/lib/python3.10/site-packages/airflow/example_dags/example_python_operator.py for tasks to queue
[2024-09-12T01:58:51.812-0300] {logging_mixin.py:190} INFO - [2024-09-12T01:58:51.812-0300] {dagbag.py:587} INFO - Filling up the DagBag from /home/gabzarp/.local/lib/python3.10/site-packages/airflow/example_dags/example_python_operator.py
[2024-09-12T01:58:51.827-0300] {logging_mixin.py:190} INFO - [2024-09-12T01:58:51.827-0300] {example_python_operator.py:93} WARNING - The virtalenv_python example task requires virtualenv, please install it.
[2024-09-12T01:58:51.828-0300] {processor.py:925} INFO - DAG(s) 'example_python_operator' retrieved from /home/gabzarp/.local/lib/python3.10/site-packages/airflow/example_dags/example_python_operator.py
[2024-09-12T01:58:51.839-0300] {logging_mixin.py:190} INFO - [2024-09-12T01:58:51.839-0300] {dag.py:3229} INFO - Sync 1 DAGs
[2024-09-12T01:58:51.847-0300] {logging_mixin.py:190} INFO - [2024-09-12T01:58:51.847-0300] {dag.py:4156} INFO - Setting next_dagrun for example_python_operator to None, run_after=None
[2024-09-12T01:58:51.862-0300] {processor.py:208} INFO - Processing /home/gabzarp/.local/lib/python3.10/site-packages/airflow/example_dags/example_python_operator.py took 0.055 seconds
[2024-09-12T01:59:44.476-0300] {processor.py:186} INFO - Started process (PID=12677) to work on /home/gabzarp/.local/lib/python3.10/site-packages/airflow/example_dags/example_python_operator.py
[2024-09-12T01:59:44.477-0300] {processor.py:914} INFO - Processing file /home/gabzarp/.local/lib/python3.10/site-packages/airflow/example_dags/example_python_operator.py for tasks to queue
[2024-09-12T01:59:44.478-0300] {logging_mixin.py:190} INFO - [2024-09-12T01:59:44.478-0300] {dagbag.py:587} INFO - Filling up the DagBag from /home/gabzarp/.local/lib/python3.10/site-packages/airflow/example_dags/example_python_operator.py
[2024-09-12T01:59:44.504-0300] {logging_mixin.py:190} INFO - [2024-09-12T01:59:44.503-0300] {example_python_operator.py:93} WARNING - The virtalenv_python example task requires virtualenv, please install it.
[2024-09-12T01:59:44.507-0300] {processor.py:925} INFO - DAG(s) 'example_python_operator' retrieved from /home/gabzarp/.local/lib/python3.10/site-packages/airflow/example_dags/example_python_operator.py
[2024-09-12T01:59:44.523-0300] {logging_mixin.py:190} INFO - [2024-09-12T01:59:44.523-0300] {dag.py:3229} INFO - Sync 1 DAGs
[2024-09-12T01:59:44.535-0300] {logging_mixin.py:190} INFO - [2024-09-12T01:59:44.534-0300] {dag.py:4156} INFO - Setting next_dagrun for example_python_operator to None, run_after=None
[2024-09-12T01:59:44.556-0300] {processor.py:208} INFO - Processing /home/gabzarp/.local/lib/python3.10/site-packages/airflow/example_dags/example_python_operator.py took 0.085 seconds
[2024-09-12T02:00:35.692-0300] {processor.py:186} INFO - Started process (PID=13158) to work on /home/gabzarp/.local/lib/python3.10/site-packages/airflow/example_dags/example_python_operator.py
[2024-09-12T02:00:35.693-0300] {processor.py:914} INFO - Processing file /home/gabzarp/.local/lib/python3.10/site-packages/airflow/example_dags/example_python_operator.py for tasks to queue
[2024-09-12T02:00:35.694-0300] {logging_mixin.py:190} INFO - [2024-09-12T02:00:35.694-0300] {dagbag.py:587} INFO - Filling up the DagBag from /home/gabzarp/.local/lib/python3.10/site-packages/airflow/example_dags/example_python_operator.py
[2024-09-12T02:00:35.711-0300] {logging_mixin.py:190} INFO - [2024-09-12T02:00:35.711-0300] {example_python_operator.py:93} WARNING - The virtalenv_python example task requires virtualenv, please install it.
[2024-09-12T02:00:35.713-0300] {processor.py:925} INFO - DAG(s) 'example_python_operator' retrieved from /home/gabzarp/.local/lib/python3.10/site-packages/airflow/example_dags/example_python_operator.py
[2024-09-12T02:00:35.723-0300] {logging_mixin.py:190} INFO - [2024-09-12T02:00:35.723-0300] {dag.py:3229} INFO - Sync 1 DAGs
[2024-09-12T02:00:35.731-0300] {logging_mixin.py:190} INFO - [2024-09-12T02:00:35.731-0300] {dag.py:4156} INFO - Setting next_dagrun for example_python_operator to None, run_after=None
[2024-09-12T02:00:35.746-0300] {processor.py:208} INFO - Processing /home/gabzarp/.local/lib/python3.10/site-packages/airflow/example_dags/example_python_operator.py took 0.057 seconds
[2024-09-12T02:01:27.599-0300] {processor.py:186} INFO - Started process (PID=13638) to work on /home/gabzarp/.local/lib/python3.10/site-packages/airflow/example_dags/example_python_operator.py
[2024-09-12T02:01:27.600-0300] {processor.py:914} INFO - Processing file /home/gabzarp/.local/lib/python3.10/site-packages/airflow/example_dags/example_python_operator.py for tasks to queue
[2024-09-12T02:01:27.601-0300] {logging_mixin.py:190} INFO - [2024-09-12T02:01:27.601-0300] {dagbag.py:587} INFO - Filling up the DagBag from /home/gabzarp/.local/lib/python3.10/site-packages/airflow/example_dags/example_python_operator.py
[2024-09-12T02:01:27.620-0300] {logging_mixin.py:190} INFO - [2024-09-12T02:01:27.620-0300] {example_python_operator.py:93} WARNING - The virtalenv_python example task requires virtualenv, please install it.
[2024-09-12T02:01:27.622-0300] {processor.py:925} INFO - DAG(s) 'example_python_operator' retrieved from /home/gabzarp/.local/lib/python3.10/site-packages/airflow/example_dags/example_python_operator.py
[2024-09-12T02:01:27.633-0300] {logging_mixin.py:190} INFO - [2024-09-12T02:01:27.633-0300] {dag.py:3229} INFO - Sync 1 DAGs
[2024-09-12T02:01:27.641-0300] {logging_mixin.py:190} INFO - [2024-09-12T02:01:27.641-0300] {dag.py:4156} INFO - Setting next_dagrun for example_python_operator to None, run_after=None
[2024-09-12T02:01:27.696-0300] {processor.py:208} INFO - Processing /home/gabzarp/.local/lib/python3.10/site-packages/airflow/example_dags/example_python_operator.py took 0.101 seconds
[2024-09-12T02:02:17.444-0300] {processor.py:186} INFO - Started process (PID=14074) to work on /home/gabzarp/.local/lib/python3.10/site-packages/airflow/example_dags/example_python_operator.py
[2024-09-12T02:02:17.445-0300] {processor.py:914} INFO - Processing file /home/gabzarp/.local/lib/python3.10/site-packages/airflow/example_dags/example_python_operator.py for tasks to queue
[2024-09-12T02:02:17.446-0300] {logging_mixin.py:190} INFO - [2024-09-12T02:02:17.445-0300] {dagbag.py:587} INFO - Filling up the DagBag from /home/gabzarp/.local/lib/python3.10/site-packages/airflow/example_dags/example_python_operator.py
[2024-09-12T02:02:17.463-0300] {logging_mixin.py:190} INFO - [2024-09-12T02:02:17.463-0300] {example_python_operator.py:93} WARNING - The virtalenv_python example task requires virtualenv, please install it.
[2024-09-12T02:02:17.465-0300] {processor.py:925} INFO - DAG(s) 'example_python_operator' retrieved from /home/gabzarp/.local/lib/python3.10/site-packages/airflow/example_dags/example_python_operator.py
[2024-09-12T02:02:17.478-0300] {logging_mixin.py:190} INFO - [2024-09-12T02:02:17.478-0300] {dag.py:3229} INFO - Sync 1 DAGs
[2024-09-12T02:02:17.488-0300] {logging_mixin.py:190} INFO - [2024-09-12T02:02:17.487-0300] {dag.py:4156} INFO - Setting next_dagrun for example_python_operator to None, run_after=None
[2024-09-12T02:02:17.503-0300] {processor.py:208} INFO - Processing /home/gabzarp/.local/lib/python3.10/site-packages/airflow/example_dags/example_python_operator.py took 0.063 seconds
[2024-09-12T02:03:31.627-0300] {processor.py:186} INFO - Started process (PID=14673) to work on /home/gabzarp/.local/lib/python3.10/site-packages/airflow/example_dags/example_python_operator.py
[2024-09-12T02:03:31.629-0300] {processor.py:914} INFO - Processing file /home/gabzarp/.local/lib/python3.10/site-packages/airflow/example_dags/example_python_operator.py for tasks to queue
[2024-09-12T02:03:31.630-0300] {logging_mixin.py:190} INFO - [2024-09-12T02:03:31.629-0300] {dagbag.py:587} INFO - Filling up the DagBag from /home/gabzarp/.local/lib/python3.10/site-packages/airflow/example_dags/example_python_operator.py
[2024-09-12T02:03:31.650-0300] {logging_mixin.py:190} INFO - [2024-09-12T02:03:31.650-0300] {example_python_operator.py:93} WARNING - The virtalenv_python example task requires virtualenv, please install it.
[2024-09-12T02:03:31.652-0300] {processor.py:925} INFO - DAG(s) 'example_python_operator' retrieved from /home/gabzarp/.local/lib/python3.10/site-packages/airflow/example_dags/example_python_operator.py
[2024-09-12T02:03:31.665-0300] {logging_mixin.py:190} INFO - [2024-09-12T02:03:31.665-0300] {dag.py:3229} INFO - Sync 1 DAGs
[2024-09-12T02:03:31.674-0300] {logging_mixin.py:190} INFO - [2024-09-12T02:03:31.674-0300] {dag.py:4156} INFO - Setting next_dagrun for example_python_operator to None, run_after=None
[2024-09-12T02:03:31.692-0300] {processor.py:208} INFO - Processing /home/gabzarp/.local/lib/python3.10/site-packages/airflow/example_dags/example_python_operator.py took 0.069 seconds
[2024-09-12T02:04:47.705-0300] {processor.py:186} INFO - Started process (PID=15274) to work on /home/gabzarp/.local/lib/python3.10/site-packages/airflow/example_dags/example_python_operator.py
[2024-09-12T02:04:47.706-0300] {processor.py:914} INFO - Processing file /home/gabzarp/.local/lib/python3.10/site-packages/airflow/example_dags/example_python_operator.py for tasks to queue
[2024-09-12T02:04:47.708-0300] {logging_mixin.py:190} INFO - [2024-09-12T02:04:47.707-0300] {dagbag.py:587} INFO - Filling up the DagBag from /home/gabzarp/.local/lib/python3.10/site-packages/airflow/example_dags/example_python_operator.py
[2024-09-12T02:04:47.729-0300] {logging_mixin.py:190} INFO - [2024-09-12T02:04:47.729-0300] {example_python_operator.py:93} WARNING - The virtalenv_python example task requires virtualenv, please install it.
[2024-09-12T02:04:47.731-0300] {processor.py:925} INFO - DAG(s) 'example_python_operator' retrieved from /home/gabzarp/.local/lib/python3.10/site-packages/airflow/example_dags/example_python_operator.py
[2024-09-12T02:04:47.742-0300] {logging_mixin.py:190} INFO - [2024-09-12T02:04:47.742-0300] {dag.py:3229} INFO - Sync 1 DAGs
[2024-09-12T02:04:47.750-0300] {logging_mixin.py:190} INFO - [2024-09-12T02:04:47.750-0300] {dag.py:4156} INFO - Setting next_dagrun for example_python_operator to None, run_after=None
[2024-09-12T02:04:47.764-0300] {processor.py:208} INFO - Processing /home/gabzarp/.local/lib/python3.10/site-packages/airflow/example_dags/example_python_operator.py took 0.063 seconds
[2024-09-12T02:05:41.364-0300] {processor.py:186} INFO - Started process (PID=15695) to work on /home/gabzarp/.local/lib/python3.10/site-packages/airflow/example_dags/example_python_operator.py
[2024-09-12T02:05:41.365-0300] {processor.py:914} INFO - Processing file /home/gabzarp/.local/lib/python3.10/site-packages/airflow/example_dags/example_python_operator.py for tasks to queue
[2024-09-12T02:05:41.366-0300] {logging_mixin.py:190} INFO - [2024-09-12T02:05:41.366-0300] {dagbag.py:587} INFO - Filling up the DagBag from /home/gabzarp/.local/lib/python3.10/site-packages/airflow/example_dags/example_python_operator.py
[2024-09-12T02:05:41.384-0300] {logging_mixin.py:190} INFO - [2024-09-12T02:05:41.384-0300] {example_python_operator.py:93} WARNING - The virtalenv_python example task requires virtualenv, please install it.
[2024-09-12T02:05:41.386-0300] {processor.py:925} INFO - DAG(s) 'example_python_operator' retrieved from /home/gabzarp/.local/lib/python3.10/site-packages/airflow/example_dags/example_python_operator.py
[2024-09-12T02:05:41.397-0300] {logging_mixin.py:190} INFO - [2024-09-12T02:05:41.397-0300] {dag.py:3229} INFO - Sync 1 DAGs
[2024-09-12T02:05:41.405-0300] {logging_mixin.py:190} INFO - [2024-09-12T02:05:41.404-0300] {dag.py:4156} INFO - Setting next_dagrun for example_python_operator to None, run_after=None
[2024-09-12T02:05:41.420-0300] {processor.py:208} INFO - Processing /home/gabzarp/.local/lib/python3.10/site-packages/airflow/example_dags/example_python_operator.py took 0.059 seconds
[2024-09-12T02:06:33.041-0300] {processor.py:186} INFO - Started process (PID=16101) to work on /home/gabzarp/.local/lib/python3.10/site-packages/airflow/example_dags/example_python_operator.py
[2024-09-12T02:06:33.042-0300] {processor.py:914} INFO - Processing file /home/gabzarp/.local/lib/python3.10/site-packages/airflow/example_dags/example_python_operator.py for tasks to queue
[2024-09-12T02:06:33.043-0300] {logging_mixin.py:190} INFO - [2024-09-12T02:06:33.043-0300] {dagbag.py:587} INFO - Filling up the DagBag from /home/gabzarp/.local/lib/python3.10/site-packages/airflow/example_dags/example_python_operator.py
[2024-09-12T02:06:33.063-0300] {logging_mixin.py:190} INFO - [2024-09-12T02:06:33.062-0300] {example_python_operator.py:93} WARNING - The virtalenv_python example task requires virtualenv, please install it.
[2024-09-12T02:06:33.065-0300] {processor.py:925} INFO - DAG(s) 'example_python_operator' retrieved from /home/gabzarp/.local/lib/python3.10/site-packages/airflow/example_dags/example_python_operator.py
[2024-09-12T02:06:33.082-0300] {logging_mixin.py:190} INFO - [2024-09-12T02:06:33.082-0300] {dag.py:3229} INFO - Sync 1 DAGs
[2024-09-12T02:06:33.092-0300] {logging_mixin.py:190} INFO - [2024-09-12T02:06:33.091-0300] {dag.py:4156} INFO - Setting next_dagrun for example_python_operator to None, run_after=None
[2024-09-12T02:06:33.110-0300] {processor.py:208} INFO - Processing /home/gabzarp/.local/lib/python3.10/site-packages/airflow/example_dags/example_python_operator.py took 0.073 seconds
[2024-09-12T02:07:21.860-0300] {processor.py:186} INFO - Started process (PID=16492) to work on /home/gabzarp/.local/lib/python3.10/site-packages/airflow/example_dags/example_python_operator.py
[2024-09-12T02:07:21.860-0300] {processor.py:914} INFO - Processing file /home/gabzarp/.local/lib/python3.10/site-packages/airflow/example_dags/example_python_operator.py for tasks to queue
[2024-09-12T02:07:21.861-0300] {logging_mixin.py:190} INFO - [2024-09-12T02:07:21.861-0300] {dagbag.py:587} INFO - Filling up the DagBag from /home/gabzarp/.local/lib/python3.10/site-packages/airflow/example_dags/example_python_operator.py
[2024-09-12T02:07:21.879-0300] {logging_mixin.py:190} INFO - [2024-09-12T02:07:21.878-0300] {example_python_operator.py:93} WARNING - The virtalenv_python example task requires virtualenv, please install it.
[2024-09-12T02:07:21.880-0300] {processor.py:925} INFO - DAG(s) 'example_python_operator' retrieved from /home/gabzarp/.local/lib/python3.10/site-packages/airflow/example_dags/example_python_operator.py
[2024-09-12T02:07:21.891-0300] {logging_mixin.py:190} INFO - [2024-09-12T02:07:21.890-0300] {dag.py:3229} INFO - Sync 1 DAGs
[2024-09-12T02:07:21.899-0300] {logging_mixin.py:190} INFO - [2024-09-12T02:07:21.898-0300] {dag.py:4156} INFO - Setting next_dagrun for example_python_operator to None, run_after=None
[2024-09-12T02:07:21.914-0300] {processor.py:208} INFO - Processing /home/gabzarp/.local/lib/python3.10/site-packages/airflow/example_dags/example_python_operator.py took 0.058 seconds
[2024-09-12T02:08:34.914-0300] {processor.py:186} INFO - Started process (PID=17069) to work on /home/gabzarp/.local/lib/python3.10/site-packages/airflow/example_dags/example_python_operator.py
[2024-09-12T02:08:34.915-0300] {processor.py:914} INFO - Processing file /home/gabzarp/.local/lib/python3.10/site-packages/airflow/example_dags/example_python_operator.py for tasks to queue
[2024-09-12T02:08:34.917-0300] {logging_mixin.py:190} INFO - [2024-09-12T02:08:34.916-0300] {dagbag.py:587} INFO - Filling up the DagBag from /home/gabzarp/.local/lib/python3.10/site-packages/airflow/example_dags/example_python_operator.py
[2024-09-12T02:08:34.935-0300] {logging_mixin.py:190} INFO - [2024-09-12T02:08:34.935-0300] {example_python_operator.py:93} WARNING - The virtalenv_python example task requires virtualenv, please install it.
[2024-09-12T02:08:34.937-0300] {processor.py:925} INFO - DAG(s) 'example_python_operator' retrieved from /home/gabzarp/.local/lib/python3.10/site-packages/airflow/example_dags/example_python_operator.py
[2024-09-12T02:08:34.949-0300] {logging_mixin.py:190} INFO - [2024-09-12T02:08:34.949-0300] {dag.py:3229} INFO - Sync 1 DAGs
[2024-09-12T02:08:34.958-0300] {logging_mixin.py:190} INFO - [2024-09-12T02:08:34.957-0300] {dag.py:4156} INFO - Setting next_dagrun for example_python_operator to None, run_after=None
[2024-09-12T02:08:34.974-0300] {processor.py:208} INFO - Processing /home/gabzarp/.local/lib/python3.10/site-packages/airflow/example_dags/example_python_operator.py took 0.064 seconds
[2024-09-12T02:09:26.237-0300] {processor.py:186} INFO - Started process (PID=17490) to work on /home/gabzarp/.local/lib/python3.10/site-packages/airflow/example_dags/example_python_operator.py
[2024-09-12T02:09:26.238-0300] {processor.py:914} INFO - Processing file /home/gabzarp/.local/lib/python3.10/site-packages/airflow/example_dags/example_python_operator.py for tasks to queue
[2024-09-12T02:09:26.239-0300] {logging_mixin.py:190} INFO - [2024-09-12T02:09:26.239-0300] {dagbag.py:587} INFO - Filling up the DagBag from /home/gabzarp/.local/lib/python3.10/site-packages/airflow/example_dags/example_python_operator.py
[2024-09-12T02:09:26.257-0300] {logging_mixin.py:190} INFO - [2024-09-12T02:09:26.257-0300] {example_python_operator.py:93} WARNING - The virtalenv_python example task requires virtualenv, please install it.
[2024-09-12T02:09:26.259-0300] {processor.py:925} INFO - DAG(s) 'example_python_operator' retrieved from /home/gabzarp/.local/lib/python3.10/site-packages/airflow/example_dags/example_python_operator.py
[2024-09-12T02:09:26.270-0300] {logging_mixin.py:190} INFO - [2024-09-12T02:09:26.270-0300] {dag.py:3229} INFO - Sync 1 DAGs
[2024-09-12T02:09:26.279-0300] {logging_mixin.py:190} INFO - [2024-09-12T02:09:26.278-0300] {dag.py:4156} INFO - Setting next_dagrun for example_python_operator to None, run_after=None
[2024-09-12T02:09:26.296-0300] {processor.py:208} INFO - Processing /home/gabzarp/.local/lib/python3.10/site-packages/airflow/example_dags/example_python_operator.py took 0.062 seconds
