[2024-09-12T01:40:09.698-0300] {processor.py:186} INFO - Started process (PID=2772) to work on /home/gabzarp/.local/lib/python3.10/site-packages/airflow/example_dags/example_inlet_event_extra.py
[2024-09-12T01:40:09.698-0300] {processor.py:914} INFO - Processing file /home/gabzarp/.local/lib/python3.10/site-packages/airflow/example_dags/example_inlet_event_extra.py for tasks to queue
[2024-09-12T01:40:09.699-0300] {logging_mixin.py:190} INFO - [2024-09-12T01:40:09.699-0300] {dagbag.py:587} INFO - Filling up the DagBag from /home/gabzarp/.local/lib/python3.10/site-packages/airflow/example_dags/example_inlet_event_extra.py
[2024-09-12T01:40:09.707-0300] {processor.py:925} INFO - DAG(s) 'read_dataset_event', 'read_dataset_event_from_classic' retrieved from /home/gabzarp/.local/lib/python3.10/site-packages/airflow/example_dags/example_inlet_event_extra.py
[2024-09-12T01:40:09.771-0300] {logging_mixin.py:190} INFO - [2024-09-12T01:40:09.771-0300] {override.py:1900} INFO - Created Permission View: can edit on DAG:read_dataset_event
[2024-09-12T01:40:09.781-0300] {logging_mixin.py:190} INFO - [2024-09-12T01:40:09.781-0300] {override.py:1900} INFO - Created Permission View: can read on DAG:read_dataset_event
[2024-09-12T01:40:09.789-0300] {logging_mixin.py:190} INFO - [2024-09-12T01:40:09.789-0300] {override.py:1900} INFO - Created Permission View: can delete on DAG:read_dataset_event
[2024-09-12T01:40:09.801-0300] {logging_mixin.py:190} INFO - [2024-09-12T01:40:09.801-0300] {override.py:1900} INFO - Created Permission View: can read on DAG Run:read_dataset_event
[2024-09-12T01:40:09.808-0300] {logging_mixin.py:190} INFO - [2024-09-12T01:40:09.808-0300] {override.py:1900} INFO - Created Permission View: can create on DAG Run:read_dataset_event
[2024-09-12T01:40:09.816-0300] {logging_mixin.py:190} INFO - [2024-09-12T01:40:09.816-0300] {override.py:1900} INFO - Created Permission View: menu access on DAG Run:read_dataset_event
[2024-09-12T01:40:09.823-0300] {logging_mixin.py:190} INFO - [2024-09-12T01:40:09.823-0300] {override.py:1900} INFO - Created Permission View: can delete on DAG Run:read_dataset_event
[2024-09-12T01:40:09.840-0300] {logging_mixin.py:190} INFO - [2024-09-12T01:40:09.840-0300] {override.py:1900} INFO - Created Permission View: can edit on DAG:read_dataset_event_from_classic
[2024-09-12T01:40:09.848-0300] {logging_mixin.py:190} INFO - [2024-09-12T01:40:09.848-0300] {override.py:1900} INFO - Created Permission View: can read on DAG:read_dataset_event_from_classic
[2024-09-12T01:40:09.856-0300] {logging_mixin.py:190} INFO - [2024-09-12T01:40:09.855-0300] {override.py:1900} INFO - Created Permission View: can delete on DAG:read_dataset_event_from_classic
[2024-09-12T01:40:09.869-0300] {logging_mixin.py:190} INFO - [2024-09-12T01:40:09.868-0300] {override.py:1900} INFO - Created Permission View: can read on DAG Run:read_dataset_event_from_classic
[2024-09-12T01:40:09.877-0300] {logging_mixin.py:190} INFO - [2024-09-12T01:40:09.877-0300] {override.py:1900} INFO - Created Permission View: can create on DAG Run:read_dataset_event_from_classic
[2024-09-12T01:40:09.887-0300] {logging_mixin.py:190} INFO - [2024-09-12T01:40:09.886-0300] {override.py:1900} INFO - Created Permission View: menu access on DAG Run:read_dataset_event_from_classic
[2024-09-12T01:40:09.895-0300] {logging_mixin.py:190} INFO - [2024-09-12T01:40:09.894-0300] {override.py:1900} INFO - Created Permission View: can delete on DAG Run:read_dataset_event_from_classic
[2024-09-12T01:40:09.895-0300] {logging_mixin.py:190} INFO - [2024-09-12T01:40:09.895-0300] {dag.py:3229} INFO - Sync 2 DAGs
[2024-09-12T01:40:09.903-0300] {logging_mixin.py:190} INFO - [2024-09-12T01:40:09.903-0300] {dag.py:3252} INFO - Creating ORM DAG for read_dataset_event_from_classic
[2024-09-12T01:40:09.904-0300] {logging_mixin.py:190} INFO - [2024-09-12T01:40:09.904-0300] {dag.py:3252} INFO - Creating ORM DAG for read_dataset_event
[2024-09-12T01:40:09.911-0300] {logging_mixin.py:190} INFO - [2024-09-12T01:40:09.911-0300] {dag.py:4156} INFO - Setting next_dagrun for read_dataset_event to 2024-09-11 00:00:00+00:00, run_after=2024-09-12 00:00:00+00:00
[2024-09-12T01:40:09.912-0300] {logging_mixin.py:190} INFO - [2024-09-12T01:40:09.912-0300] {dag.py:4156} INFO - Setting next_dagrun for read_dataset_event_from_classic to 2024-09-11 00:00:00+00:00, run_after=2024-09-12 00:00:00+00:00
[2024-09-12T01:40:09.928-0300] {processor.py:208} INFO - Processing /home/gabzarp/.local/lib/python3.10/site-packages/airflow/example_dags/example_inlet_event_extra.py took 0.234 seconds
[2024-09-12T01:41:04.030-0300] {processor.py:186} INFO - Started process (PID=3049) to work on /home/gabzarp/.local/lib/python3.10/site-packages/airflow/example_dags/example_inlet_event_extra.py
[2024-09-12T01:41:04.032-0300] {processor.py:914} INFO - Processing file /home/gabzarp/.local/lib/python3.10/site-packages/airflow/example_dags/example_inlet_event_extra.py for tasks to queue
[2024-09-12T01:41:04.033-0300] {logging_mixin.py:190} INFO - [2024-09-12T01:41:04.033-0300] {dagbag.py:587} INFO - Filling up the DagBag from /home/gabzarp/.local/lib/python3.10/site-packages/airflow/example_dags/example_inlet_event_extra.py
[2024-09-12T01:41:04.041-0300] {processor.py:925} INFO - DAG(s) 'read_dataset_event_from_classic', 'read_dataset_event' retrieved from /home/gabzarp/.local/lib/python3.10/site-packages/airflow/example_dags/example_inlet_event_extra.py
[2024-09-12T01:41:04.055-0300] {logging_mixin.py:190} INFO - [2024-09-12T01:41:04.055-0300] {dag.py:3229} INFO - Sync 2 DAGs
[2024-09-12T01:41:04.071-0300] {logging_mixin.py:190} INFO - [2024-09-12T01:41:04.070-0300] {dag.py:4156} INFO - Setting next_dagrun for read_dataset_event to 2024-09-11 00:00:00+00:00, run_after=2024-09-12 00:00:00+00:00
[2024-09-12T01:41:04.074-0300] {logging_mixin.py:190} INFO - [2024-09-12T01:41:04.074-0300] {dag.py:4156} INFO - Setting next_dagrun for read_dataset_event_from_classic to 2024-09-11 00:00:00+00:00, run_after=2024-09-12 00:00:00+00:00
[2024-09-12T01:41:04.090-0300] {processor.py:208} INFO - Processing /home/gabzarp/.local/lib/python3.10/site-packages/airflow/example_dags/example_inlet_event_extra.py took 0.064 seconds
[2024-09-12T01:42:18.523-0300] {processor.py:186} INFO - Started process (PID=3502) to work on /home/gabzarp/.local/lib/python3.10/site-packages/airflow/example_dags/example_inlet_event_extra.py
[2024-09-12T01:42:18.524-0300] {processor.py:914} INFO - Processing file /home/gabzarp/.local/lib/python3.10/site-packages/airflow/example_dags/example_inlet_event_extra.py for tasks to queue
[2024-09-12T01:42:18.525-0300] {logging_mixin.py:190} INFO - [2024-09-12T01:42:18.525-0300] {dagbag.py:587} INFO - Filling up the DagBag from /home/gabzarp/.local/lib/python3.10/site-packages/airflow/example_dags/example_inlet_event_extra.py
[2024-09-12T01:42:18.532-0300] {processor.py:925} INFO - DAG(s) 'read_dataset_event_from_classic', 'read_dataset_event' retrieved from /home/gabzarp/.local/lib/python3.10/site-packages/airflow/example_dags/example_inlet_event_extra.py
[2024-09-12T01:42:18.543-0300] {logging_mixin.py:190} INFO - [2024-09-12T01:42:18.543-0300] {dag.py:3229} INFO - Sync 2 DAGs
[2024-09-12T01:42:18.556-0300] {logging_mixin.py:190} INFO - [2024-09-12T01:42:18.556-0300] {dag.py:4156} INFO - Setting next_dagrun for read_dataset_event to 2024-09-11 00:00:00+00:00, run_after=2024-09-12 00:00:00+00:00
[2024-09-12T01:42:18.559-0300] {logging_mixin.py:190} INFO - [2024-09-12T01:42:18.559-0300] {dag.py:4156} INFO - Setting next_dagrun for read_dataset_event_from_classic to 2024-09-11 00:00:00+00:00, run_after=2024-09-12 00:00:00+00:00
[2024-09-12T01:42:18.572-0300] {processor.py:208} INFO - Processing /home/gabzarp/.local/lib/python3.10/site-packages/airflow/example_dags/example_inlet_event_extra.py took 0.052 seconds
[2024-09-12T01:43:31.761-0300] {processor.py:186} INFO - Started process (PID=3871) to work on /home/gabzarp/.local/lib/python3.10/site-packages/airflow/example_dags/example_inlet_event_extra.py
[2024-09-12T01:43:31.762-0300] {processor.py:914} INFO - Processing file /home/gabzarp/.local/lib/python3.10/site-packages/airflow/example_dags/example_inlet_event_extra.py for tasks to queue
[2024-09-12T01:43:31.763-0300] {logging_mixin.py:190} INFO - [2024-09-12T01:43:31.763-0300] {dagbag.py:587} INFO - Filling up the DagBag from /home/gabzarp/.local/lib/python3.10/site-packages/airflow/example_dags/example_inlet_event_extra.py
[2024-09-12T01:43:31.770-0300] {processor.py:925} INFO - DAG(s) 'read_dataset_event_from_classic', 'read_dataset_event' retrieved from /home/gabzarp/.local/lib/python3.10/site-packages/airflow/example_dags/example_inlet_event_extra.py
[2024-09-12T01:43:31.782-0300] {logging_mixin.py:190} INFO - [2024-09-12T01:43:31.781-0300] {dag.py:3229} INFO - Sync 2 DAGs
[2024-09-12T01:43:31.795-0300] {logging_mixin.py:190} INFO - [2024-09-12T01:43:31.795-0300] {dag.py:4156} INFO - Setting next_dagrun for read_dataset_event to 2024-09-11 00:00:00+00:00, run_after=2024-09-12 00:00:00+00:00
[2024-09-12T01:43:31.798-0300] {logging_mixin.py:190} INFO - [2024-09-12T01:43:31.798-0300] {dag.py:4156} INFO - Setting next_dagrun for read_dataset_event_from_classic to 2024-09-11 00:00:00+00:00, run_after=2024-09-12 00:00:00+00:00
[2024-09-12T01:43:31.811-0300] {processor.py:208} INFO - Processing /home/gabzarp/.local/lib/python3.10/site-packages/airflow/example_dags/example_inlet_event_extra.py took 0.054 seconds
[2024-09-12T01:45:15.355-0300] {processor.py:186} INFO - Started process (PID=5153) to work on /home/gabzarp/.local/lib/python3.10/site-packages/airflow/example_dags/example_inlet_event_extra.py
[2024-09-12T01:45:15.356-0300] {processor.py:914} INFO - Processing file /home/gabzarp/.local/lib/python3.10/site-packages/airflow/example_dags/example_inlet_event_extra.py for tasks to queue
[2024-09-12T01:45:15.357-0300] {logging_mixin.py:190} INFO - [2024-09-12T01:45:15.356-0300] {dagbag.py:587} INFO - Filling up the DagBag from /home/gabzarp/.local/lib/python3.10/site-packages/airflow/example_dags/example_inlet_event_extra.py
[2024-09-12T01:45:15.364-0300] {processor.py:925} INFO - DAG(s) 'read_dataset_event', 'read_dataset_event_from_classic' retrieved from /home/gabzarp/.local/lib/python3.10/site-packages/airflow/example_dags/example_inlet_event_extra.py
[2024-09-12T01:45:15.376-0300] {logging_mixin.py:190} INFO - [2024-09-12T01:45:15.375-0300] {dag.py:3229} INFO - Sync 2 DAGs
[2024-09-12T01:45:15.389-0300] {logging_mixin.py:190} INFO - [2024-09-12T01:45:15.389-0300] {dag.py:4156} INFO - Setting next_dagrun for read_dataset_event to 2024-09-11 00:00:00+00:00, run_after=2024-09-12 00:00:00+00:00
[2024-09-12T01:45:15.392-0300] {logging_mixin.py:190} INFO - [2024-09-12T01:45:15.392-0300] {dag.py:4156} INFO - Setting next_dagrun for read_dataset_event_from_classic to 2024-09-11 00:00:00+00:00, run_after=2024-09-12 00:00:00+00:00
[2024-09-12T01:45:15.405-0300] {processor.py:208} INFO - Processing /home/gabzarp/.local/lib/python3.10/site-packages/airflow/example_dags/example_inlet_event_extra.py took 0.054 seconds
[2024-09-12T01:46:09.059-0300] {processor.py:186} INFO - Started process (PID=5582) to work on /home/gabzarp/.local/lib/python3.10/site-packages/airflow/example_dags/example_inlet_event_extra.py
[2024-09-12T01:46:09.060-0300] {processor.py:914} INFO - Processing file /home/gabzarp/.local/lib/python3.10/site-packages/airflow/example_dags/example_inlet_event_extra.py for tasks to queue
[2024-09-12T01:46:09.062-0300] {logging_mixin.py:190} INFO - [2024-09-12T01:46:09.061-0300] {dagbag.py:587} INFO - Filling up the DagBag from /home/gabzarp/.local/lib/python3.10/site-packages/airflow/example_dags/example_inlet_event_extra.py
[2024-09-12T01:46:09.069-0300] {processor.py:925} INFO - DAG(s) 'read_dataset_event_from_classic', 'read_dataset_event' retrieved from /home/gabzarp/.local/lib/python3.10/site-packages/airflow/example_dags/example_inlet_event_extra.py
[2024-09-12T01:46:09.079-0300] {logging_mixin.py:190} INFO - [2024-09-12T01:46:09.078-0300] {dag.py:3229} INFO - Sync 2 DAGs
[2024-09-12T01:46:09.091-0300] {logging_mixin.py:190} INFO - [2024-09-12T01:46:09.091-0300] {dag.py:4156} INFO - Setting next_dagrun for read_dataset_event to 2024-09-11 00:00:00+00:00, run_after=2024-09-12 00:00:00+00:00
[2024-09-12T01:46:09.093-0300] {logging_mixin.py:190} INFO - [2024-09-12T01:46:09.093-0300] {dag.py:4156} INFO - Setting next_dagrun for read_dataset_event_from_classic to 2024-09-11 00:00:00+00:00, run_after=2024-09-12 00:00:00+00:00
[2024-09-12T01:46:09.106-0300] {processor.py:208} INFO - Processing /home/gabzarp/.local/lib/python3.10/site-packages/airflow/example_dags/example_inlet_event_extra.py took 0.050 seconds
[2024-09-12T01:47:21.721-0300] {processor.py:186} INFO - Started process (PID=6168) to work on /home/gabzarp/.local/lib/python3.10/site-packages/airflow/example_dags/example_inlet_event_extra.py
[2024-09-12T01:47:21.722-0300] {processor.py:914} INFO - Processing file /home/gabzarp/.local/lib/python3.10/site-packages/airflow/example_dags/example_inlet_event_extra.py for tasks to queue
[2024-09-12T01:47:21.723-0300] {logging_mixin.py:190} INFO - [2024-09-12T01:47:21.723-0300] {dagbag.py:587} INFO - Filling up the DagBag from /home/gabzarp/.local/lib/python3.10/site-packages/airflow/example_dags/example_inlet_event_extra.py
[2024-09-12T01:47:21.731-0300] {processor.py:925} INFO - DAG(s) 'read_dataset_event_from_classic', 'read_dataset_event' retrieved from /home/gabzarp/.local/lib/python3.10/site-packages/airflow/example_dags/example_inlet_event_extra.py
[2024-09-12T01:47:21.743-0300] {logging_mixin.py:190} INFO - [2024-09-12T01:47:21.743-0300] {dag.py:3229} INFO - Sync 2 DAGs
[2024-09-12T01:47:21.757-0300] {logging_mixin.py:190} INFO - [2024-09-12T01:47:21.756-0300] {dag.py:4156} INFO - Setting next_dagrun for read_dataset_event to 2024-09-11 00:00:00+00:00, run_after=2024-09-12 00:00:00+00:00
[2024-09-12T01:47:21.759-0300] {logging_mixin.py:190} INFO - [2024-09-12T01:47:21.759-0300] {dag.py:4156} INFO - Setting next_dagrun for read_dataset_event_from_classic to 2024-09-11 00:00:00+00:00, run_after=2024-09-12 00:00:00+00:00
[2024-09-12T01:47:21.773-0300] {processor.py:208} INFO - Processing /home/gabzarp/.local/lib/python3.10/site-packages/airflow/example_dags/example_inlet_event_extra.py took 0.056 seconds
[2024-09-12T01:48:35.442-0300] {processor.py:186} INFO - Started process (PID=6869) to work on /home/gabzarp/.local/lib/python3.10/site-packages/airflow/example_dags/example_inlet_event_extra.py
[2024-09-12T01:48:35.443-0300] {processor.py:914} INFO - Processing file /home/gabzarp/.local/lib/python3.10/site-packages/airflow/example_dags/example_inlet_event_extra.py for tasks to queue
[2024-09-12T01:48:35.444-0300] {logging_mixin.py:190} INFO - [2024-09-12T01:48:35.444-0300] {dagbag.py:587} INFO - Filling up the DagBag from /home/gabzarp/.local/lib/python3.10/site-packages/airflow/example_dags/example_inlet_event_extra.py
[2024-09-12T01:48:35.452-0300] {processor.py:925} INFO - DAG(s) 'read_dataset_event_from_classic', 'read_dataset_event' retrieved from /home/gabzarp/.local/lib/python3.10/site-packages/airflow/example_dags/example_inlet_event_extra.py
[2024-09-12T01:48:35.463-0300] {logging_mixin.py:190} INFO - [2024-09-12T01:48:35.463-0300] {dag.py:3229} INFO - Sync 2 DAGs
[2024-09-12T01:48:35.476-0300] {logging_mixin.py:190} INFO - [2024-09-12T01:48:35.475-0300] {dag.py:4156} INFO - Setting next_dagrun for read_dataset_event to 2024-09-11 00:00:00+00:00, run_after=2024-09-12 00:00:00+00:00
[2024-09-12T01:48:35.478-0300] {logging_mixin.py:190} INFO - [2024-09-12T01:48:35.478-0300] {dag.py:4156} INFO - Setting next_dagrun for read_dataset_event_from_classic to 2024-09-11 00:00:00+00:00, run_after=2024-09-12 00:00:00+00:00
[2024-09-12T01:48:35.491-0300] {processor.py:208} INFO - Processing /home/gabzarp/.local/lib/python3.10/site-packages/airflow/example_dags/example_inlet_event_extra.py took 0.053 seconds
[2024-09-12T01:49:50.767-0300] {processor.py:186} INFO - Started process (PID=7502) to work on /home/gabzarp/.local/lib/python3.10/site-packages/airflow/example_dags/example_inlet_event_extra.py
[2024-09-12T01:49:50.768-0300] {processor.py:914} INFO - Processing file /home/gabzarp/.local/lib/python3.10/site-packages/airflow/example_dags/example_inlet_event_extra.py for tasks to queue
[2024-09-12T01:49:50.769-0300] {logging_mixin.py:190} INFO - [2024-09-12T01:49:50.768-0300] {dagbag.py:587} INFO - Filling up the DagBag from /home/gabzarp/.local/lib/python3.10/site-packages/airflow/example_dags/example_inlet_event_extra.py
[2024-09-12T01:49:50.776-0300] {processor.py:925} INFO - DAG(s) 'read_dataset_event', 'read_dataset_event_from_classic' retrieved from /home/gabzarp/.local/lib/python3.10/site-packages/airflow/example_dags/example_inlet_event_extra.py
[2024-09-12T01:49:50.788-0300] {logging_mixin.py:190} INFO - [2024-09-12T01:49:50.787-0300] {dag.py:3229} INFO - Sync 2 DAGs
[2024-09-12T01:49:50.801-0300] {logging_mixin.py:190} INFO - [2024-09-12T01:49:50.801-0300] {dag.py:4156} INFO - Setting next_dagrun for read_dataset_event to 2024-09-11 00:00:00+00:00, run_after=2024-09-12 00:00:00+00:00
[2024-09-12T01:49:50.804-0300] {logging_mixin.py:190} INFO - [2024-09-12T01:49:50.804-0300] {dag.py:4156} INFO - Setting next_dagrun for read_dataset_event_from_classic to 2024-09-11 00:00:00+00:00, run_after=2024-09-12 00:00:00+00:00
[2024-09-12T01:49:50.818-0300] {processor.py:208} INFO - Processing /home/gabzarp/.local/lib/python3.10/site-packages/airflow/example_dags/example_inlet_event_extra.py took 0.055 seconds
[2024-09-12T01:51:04.590-0300] {processor.py:186} INFO - Started process (PID=8165) to work on /home/gabzarp/.local/lib/python3.10/site-packages/airflow/example_dags/example_inlet_event_extra.py
[2024-09-12T01:51:04.591-0300] {processor.py:914} INFO - Processing file /home/gabzarp/.local/lib/python3.10/site-packages/airflow/example_dags/example_inlet_event_extra.py for tasks to queue
[2024-09-12T01:51:04.592-0300] {logging_mixin.py:190} INFO - [2024-09-12T01:51:04.591-0300] {dagbag.py:587} INFO - Filling up the DagBag from /home/gabzarp/.local/lib/python3.10/site-packages/airflow/example_dags/example_inlet_event_extra.py
[2024-09-12T01:51:04.599-0300] {processor.py:925} INFO - DAG(s) 'read_dataset_event', 'read_dataset_event_from_classic' retrieved from /home/gabzarp/.local/lib/python3.10/site-packages/airflow/example_dags/example_inlet_event_extra.py
[2024-09-12T01:51:04.610-0300] {logging_mixin.py:190} INFO - [2024-09-12T01:51:04.609-0300] {dag.py:3229} INFO - Sync 2 DAGs
[2024-09-12T01:51:04.623-0300] {logging_mixin.py:190} INFO - [2024-09-12T01:51:04.623-0300] {dag.py:4156} INFO - Setting next_dagrun for read_dataset_event to 2024-09-11 00:00:00+00:00, run_after=2024-09-12 00:00:00+00:00
[2024-09-12T01:51:04.626-0300] {logging_mixin.py:190} INFO - [2024-09-12T01:51:04.626-0300] {dag.py:4156} INFO - Setting next_dagrun for read_dataset_event_from_classic to 2024-09-11 00:00:00+00:00, run_after=2024-09-12 00:00:00+00:00
[2024-09-12T01:51:04.639-0300] {processor.py:208} INFO - Processing /home/gabzarp/.local/lib/python3.10/site-packages/airflow/example_dags/example_inlet_event_extra.py took 0.053 seconds
[2024-09-12T01:52:19.356-0300] {processor.py:186} INFO - Started process (PID=8914) to work on /home/gabzarp/.local/lib/python3.10/site-packages/airflow/example_dags/example_inlet_event_extra.py
[2024-09-12T01:52:19.357-0300] {processor.py:914} INFO - Processing file /home/gabzarp/.local/lib/python3.10/site-packages/airflow/example_dags/example_inlet_event_extra.py for tasks to queue
[2024-09-12T01:52:19.358-0300] {logging_mixin.py:190} INFO - [2024-09-12T01:52:19.358-0300] {dagbag.py:587} INFO - Filling up the DagBag from /home/gabzarp/.local/lib/python3.10/site-packages/airflow/example_dags/example_inlet_event_extra.py
[2024-09-12T01:52:19.366-0300] {processor.py:925} INFO - DAG(s) 'read_dataset_event_from_classic', 'read_dataset_event' retrieved from /home/gabzarp/.local/lib/python3.10/site-packages/airflow/example_dags/example_inlet_event_extra.py
[2024-09-12T01:52:19.378-0300] {logging_mixin.py:190} INFO - [2024-09-12T01:52:19.378-0300] {dag.py:3229} INFO - Sync 2 DAGs
[2024-09-12T01:52:19.392-0300] {logging_mixin.py:190} INFO - [2024-09-12T01:52:19.392-0300] {dag.py:4156} INFO - Setting next_dagrun for read_dataset_event to 2024-09-11 00:00:00+00:00, run_after=2024-09-12 00:00:00+00:00
[2024-09-12T01:52:19.395-0300] {logging_mixin.py:190} INFO - [2024-09-12T01:52:19.395-0300] {dag.py:4156} INFO - Setting next_dagrun for read_dataset_event_from_classic to 2024-09-11 00:00:00+00:00, run_after=2024-09-12 00:00:00+00:00
[2024-09-12T01:52:19.409-0300] {processor.py:208} INFO - Processing /home/gabzarp/.local/lib/python3.10/site-packages/airflow/example_dags/example_inlet_event_extra.py took 0.057 seconds
[2024-09-12T01:53:37.800-0300] {processor.py:186} INFO - Started process (PID=9673) to work on /home/gabzarp/.local/lib/python3.10/site-packages/airflow/example_dags/example_inlet_event_extra.py
[2024-09-12T01:53:37.801-0300] {processor.py:914} INFO - Processing file /home/gabzarp/.local/lib/python3.10/site-packages/airflow/example_dags/example_inlet_event_extra.py for tasks to queue
[2024-09-12T01:53:37.802-0300] {logging_mixin.py:190} INFO - [2024-09-12T01:53:37.801-0300] {dagbag.py:587} INFO - Filling up the DagBag from /home/gabzarp/.local/lib/python3.10/site-packages/airflow/example_dags/example_inlet_event_extra.py
[2024-09-12T01:53:37.810-0300] {processor.py:925} INFO - DAG(s) 'read_dataset_event', 'read_dataset_event_from_classic' retrieved from /home/gabzarp/.local/lib/python3.10/site-packages/airflow/example_dags/example_inlet_event_extra.py
[2024-09-12T01:53:37.821-0300] {logging_mixin.py:190} INFO - [2024-09-12T01:53:37.820-0300] {dag.py:3229} INFO - Sync 2 DAGs
[2024-09-12T01:53:37.834-0300] {logging_mixin.py:190} INFO - [2024-09-12T01:53:37.834-0300] {dag.py:4156} INFO - Setting next_dagrun for read_dataset_event to 2024-09-11 00:00:00+00:00, run_after=2024-09-12 00:00:00+00:00
[2024-09-12T01:53:37.837-0300] {logging_mixin.py:190} INFO - [2024-09-12T01:53:37.837-0300] {dag.py:4156} INFO - Setting next_dagrun for read_dataset_event_from_classic to 2024-09-11 00:00:00+00:00, run_after=2024-09-12 00:00:00+00:00
[2024-09-12T01:53:37.884-0300] {processor.py:208} INFO - Processing /home/gabzarp/.local/lib/python3.10/site-packages/airflow/example_dags/example_inlet_event_extra.py took 0.088 seconds
[2024-09-12T01:54:54.491-0300] {processor.py:186} INFO - Started process (PID=10315) to work on /home/gabzarp/.local/lib/python3.10/site-packages/airflow/example_dags/example_inlet_event_extra.py
[2024-09-12T01:54:54.492-0300] {processor.py:914} INFO - Processing file /home/gabzarp/.local/lib/python3.10/site-packages/airflow/example_dags/example_inlet_event_extra.py for tasks to queue
[2024-09-12T01:54:54.493-0300] {logging_mixin.py:190} INFO - [2024-09-12T01:54:54.492-0300] {dagbag.py:587} INFO - Filling up the DagBag from /home/gabzarp/.local/lib/python3.10/site-packages/airflow/example_dags/example_inlet_event_extra.py
[2024-09-12T01:54:54.500-0300] {processor.py:925} INFO - DAG(s) 'read_dataset_event', 'read_dataset_event_from_classic' retrieved from /home/gabzarp/.local/lib/python3.10/site-packages/airflow/example_dags/example_inlet_event_extra.py
[2024-09-12T01:54:54.510-0300] {logging_mixin.py:190} INFO - [2024-09-12T01:54:54.510-0300] {dag.py:3229} INFO - Sync 2 DAGs
[2024-09-12T01:54:54.523-0300] {logging_mixin.py:190} INFO - [2024-09-12T01:54:54.523-0300] {dag.py:4156} INFO - Setting next_dagrun for read_dataset_event to 2024-09-11 00:00:00+00:00, run_after=2024-09-12 00:00:00+00:00
[2024-09-12T01:54:54.526-0300] {logging_mixin.py:190} INFO - [2024-09-12T01:54:54.526-0300] {dag.py:4156} INFO - Setting next_dagrun for read_dataset_event_from_classic to 2024-09-11 00:00:00+00:00, run_after=2024-09-12 00:00:00+00:00
[2024-09-12T01:54:54.538-0300] {processor.py:208} INFO - Processing /home/gabzarp/.local/lib/python3.10/site-packages/airflow/example_dags/example_inlet_event_extra.py took 0.051 seconds
[2024-09-12T01:56:14.158-0300] {processor.py:186} INFO - Started process (PID=10970) to work on /home/gabzarp/.local/lib/python3.10/site-packages/airflow/example_dags/example_inlet_event_extra.py
[2024-09-12T01:56:14.159-0300] {processor.py:914} INFO - Processing file /home/gabzarp/.local/lib/python3.10/site-packages/airflow/example_dags/example_inlet_event_extra.py for tasks to queue
[2024-09-12T01:56:14.160-0300] {logging_mixin.py:190} INFO - [2024-09-12T01:56:14.160-0300] {dagbag.py:587} INFO - Filling up the DagBag from /home/gabzarp/.local/lib/python3.10/site-packages/airflow/example_dags/example_inlet_event_extra.py
[2024-09-12T01:56:14.168-0300] {processor.py:925} INFO - DAG(s) 'read_dataset_event', 'read_dataset_event_from_classic' retrieved from /home/gabzarp/.local/lib/python3.10/site-packages/airflow/example_dags/example_inlet_event_extra.py
[2024-09-12T01:56:14.179-0300] {logging_mixin.py:190} INFO - [2024-09-12T01:56:14.178-0300] {dag.py:3229} INFO - Sync 2 DAGs
[2024-09-12T01:56:14.192-0300] {logging_mixin.py:190} INFO - [2024-09-12T01:56:14.192-0300] {dag.py:4156} INFO - Setting next_dagrun for read_dataset_event to 2024-09-11 00:00:00+00:00, run_after=2024-09-12 00:00:00+00:00
[2024-09-12T01:56:14.195-0300] {logging_mixin.py:190} INFO - [2024-09-12T01:56:14.195-0300] {dag.py:4156} INFO - Setting next_dagrun for read_dataset_event_from_classic to 2024-09-11 00:00:00+00:00, run_after=2024-09-12 00:00:00+00:00
[2024-09-12T01:56:14.207-0300] {processor.py:208} INFO - Processing /home/gabzarp/.local/lib/python3.10/site-packages/airflow/example_dags/example_inlet_event_extra.py took 0.053 seconds
[2024-09-12T01:57:10.109-0300] {processor.py:186} INFO - Started process (PID=11459) to work on /home/gabzarp/.local/lib/python3.10/site-packages/airflow/example_dags/example_inlet_event_extra.py
[2024-09-12T01:57:10.110-0300] {processor.py:914} INFO - Processing file /home/gabzarp/.local/lib/python3.10/site-packages/airflow/example_dags/example_inlet_event_extra.py for tasks to queue
[2024-09-12T01:57:10.111-0300] {logging_mixin.py:190} INFO - [2024-09-12T01:57:10.111-0300] {dagbag.py:587} INFO - Filling up the DagBag from /home/gabzarp/.local/lib/python3.10/site-packages/airflow/example_dags/example_inlet_event_extra.py
[2024-09-12T01:57:10.120-0300] {processor.py:925} INFO - DAG(s) 'read_dataset_event_from_classic', 'read_dataset_event' retrieved from /home/gabzarp/.local/lib/python3.10/site-packages/airflow/example_dags/example_inlet_event_extra.py
[2024-09-12T01:57:10.132-0300] {logging_mixin.py:190} INFO - [2024-09-12T01:57:10.131-0300] {dag.py:3229} INFO - Sync 2 DAGs
[2024-09-12T01:57:10.146-0300] {logging_mixin.py:190} INFO - [2024-09-12T01:57:10.146-0300] {dag.py:4156} INFO - Setting next_dagrun for read_dataset_event to 2024-09-11 00:00:00+00:00, run_after=2024-09-12 00:00:00+00:00
[2024-09-12T01:57:10.149-0300] {logging_mixin.py:190} INFO - [2024-09-12T01:57:10.149-0300] {dag.py:4156} INFO - Setting next_dagrun for read_dataset_event_from_classic to 2024-09-11 00:00:00+00:00, run_after=2024-09-12 00:00:00+00:00
[2024-09-12T01:57:10.163-0300] {processor.py:208} INFO - Processing /home/gabzarp/.local/lib/python3.10/site-packages/airflow/example_dags/example_inlet_event_extra.py took 0.058 seconds
[2024-09-12T01:58:30.106-0300] {processor.py:186} INFO - Started process (PID=12090) to work on /home/gabzarp/.local/lib/python3.10/site-packages/airflow/example_dags/example_inlet_event_extra.py
[2024-09-12T01:58:30.106-0300] {processor.py:914} INFO - Processing file /home/gabzarp/.local/lib/python3.10/site-packages/airflow/example_dags/example_inlet_event_extra.py for tasks to queue
[2024-09-12T01:58:30.107-0300] {logging_mixin.py:190} INFO - [2024-09-12T01:58:30.107-0300] {dagbag.py:587} INFO - Filling up the DagBag from /home/gabzarp/.local/lib/python3.10/site-packages/airflow/example_dags/example_inlet_event_extra.py
[2024-09-12T01:58:30.115-0300] {processor.py:925} INFO - DAG(s) 'read_dataset_event', 'read_dataset_event_from_classic' retrieved from /home/gabzarp/.local/lib/python3.10/site-packages/airflow/example_dags/example_inlet_event_extra.py
[2024-09-12T01:58:30.126-0300] {logging_mixin.py:190} INFO - [2024-09-12T01:58:30.126-0300] {dag.py:3229} INFO - Sync 2 DAGs
[2024-09-12T01:58:30.140-0300] {logging_mixin.py:190} INFO - [2024-09-12T01:58:30.139-0300] {dag.py:4156} INFO - Setting next_dagrun for read_dataset_event to 2024-09-11 00:00:00+00:00, run_after=2024-09-12 00:00:00+00:00
[2024-09-12T01:58:30.142-0300] {logging_mixin.py:190} INFO - [2024-09-12T01:58:30.142-0300] {dag.py:4156} INFO - Setting next_dagrun for read_dataset_event_from_classic to 2024-09-11 00:00:00+00:00, run_after=2024-09-12 00:00:00+00:00
[2024-09-12T01:58:30.155-0300] {processor.py:208} INFO - Processing /home/gabzarp/.local/lib/python3.10/site-packages/airflow/example_dags/example_inlet_event_extra.py took 0.053 seconds
[2024-09-12T01:59:23.914-0300] {processor.py:186} INFO - Started process (PID=12514) to work on /home/gabzarp/.local/lib/python3.10/site-packages/airflow/example_dags/example_inlet_event_extra.py
[2024-09-12T01:59:23.915-0300] {processor.py:914} INFO - Processing file /home/gabzarp/.local/lib/python3.10/site-packages/airflow/example_dags/example_inlet_event_extra.py for tasks to queue
[2024-09-12T01:59:23.916-0300] {logging_mixin.py:190} INFO - [2024-09-12T01:59:23.916-0300] {dagbag.py:587} INFO - Filling up the DagBag from /home/gabzarp/.local/lib/python3.10/site-packages/airflow/example_dags/example_inlet_event_extra.py
[2024-09-12T01:59:23.924-0300] {processor.py:925} INFO - DAG(s) 'read_dataset_event', 'read_dataset_event_from_classic' retrieved from /home/gabzarp/.local/lib/python3.10/site-packages/airflow/example_dags/example_inlet_event_extra.py
[2024-09-12T01:59:23.934-0300] {logging_mixin.py:190} INFO - [2024-09-12T01:59:23.934-0300] {dag.py:3229} INFO - Sync 2 DAGs
[2024-09-12T01:59:23.949-0300] {logging_mixin.py:190} INFO - [2024-09-12T01:59:23.949-0300] {dag.py:4156} INFO - Setting next_dagrun for read_dataset_event to 2024-09-11 00:00:00+00:00, run_after=2024-09-12 00:00:00+00:00
[2024-09-12T01:59:23.952-0300] {logging_mixin.py:190} INFO - [2024-09-12T01:59:23.951-0300] {dag.py:4156} INFO - Setting next_dagrun for read_dataset_event_from_classic to 2024-09-11 00:00:00+00:00, run_after=2024-09-12 00:00:00+00:00
[2024-09-12T01:59:23.964-0300] {processor.py:208} INFO - Processing /home/gabzarp/.local/lib/python3.10/site-packages/airflow/example_dags/example_inlet_event_extra.py took 0.055 seconds
[2024-09-12T02:00:39.781-0300] {processor.py:186} INFO - Started process (PID=13214) to work on /home/gabzarp/.local/lib/python3.10/site-packages/airflow/example_dags/example_inlet_event_extra.py
[2024-09-12T02:00:39.783-0300] {processor.py:914} INFO - Processing file /home/gabzarp/.local/lib/python3.10/site-packages/airflow/example_dags/example_inlet_event_extra.py for tasks to queue
[2024-09-12T02:00:39.784-0300] {logging_mixin.py:190} INFO - [2024-09-12T02:00:39.784-0300] {dagbag.py:587} INFO - Filling up the DagBag from /home/gabzarp/.local/lib/python3.10/site-packages/airflow/example_dags/example_inlet_event_extra.py
[2024-09-12T02:00:39.792-0300] {processor.py:925} INFO - DAG(s) 'read_dataset_event', 'read_dataset_event_from_classic' retrieved from /home/gabzarp/.local/lib/python3.10/site-packages/airflow/example_dags/example_inlet_event_extra.py
[2024-09-12T02:00:39.804-0300] {logging_mixin.py:190} INFO - [2024-09-12T02:00:39.803-0300] {dag.py:3229} INFO - Sync 2 DAGs
[2024-09-12T02:00:39.819-0300] {logging_mixin.py:190} INFO - [2024-09-12T02:00:39.819-0300] {dag.py:4156} INFO - Setting next_dagrun for read_dataset_event to 2024-09-11 00:00:00+00:00, run_after=2024-09-12 00:00:00+00:00
[2024-09-12T02:00:39.822-0300] {logging_mixin.py:190} INFO - [2024-09-12T02:00:39.822-0300] {dag.py:4156} INFO - Setting next_dagrun for read_dataset_event_from_classic to 2024-09-11 00:00:00+00:00, run_after=2024-09-12 00:00:00+00:00
[2024-09-12T02:00:39.838-0300] {processor.py:208} INFO - Processing /home/gabzarp/.local/lib/python3.10/site-packages/airflow/example_dags/example_inlet_event_extra.py took 0.061 seconds
[2024-09-12T02:01:56.753-0300] {processor.py:186} INFO - Started process (PID=13879) to work on /home/gabzarp/.local/lib/python3.10/site-packages/airflow/example_dags/example_inlet_event_extra.py
[2024-09-12T02:01:56.754-0300] {processor.py:914} INFO - Processing file /home/gabzarp/.local/lib/python3.10/site-packages/airflow/example_dags/example_inlet_event_extra.py for tasks to queue
[2024-09-12T02:01:56.755-0300] {logging_mixin.py:190} INFO - [2024-09-12T02:01:56.754-0300] {dagbag.py:587} INFO - Filling up the DagBag from /home/gabzarp/.local/lib/python3.10/site-packages/airflow/example_dags/example_inlet_event_extra.py
[2024-09-12T02:01:56.762-0300] {processor.py:925} INFO - DAG(s) 'read_dataset_event_from_classic', 'read_dataset_event' retrieved from /home/gabzarp/.local/lib/python3.10/site-packages/airflow/example_dags/example_inlet_event_extra.py
[2024-09-12T02:01:56.772-0300] {logging_mixin.py:190} INFO - [2024-09-12T02:01:56.772-0300] {dag.py:3229} INFO - Sync 2 DAGs
[2024-09-12T02:01:56.784-0300] {logging_mixin.py:190} INFO - [2024-09-12T02:01:56.784-0300] {dag.py:4156} INFO - Setting next_dagrun for read_dataset_event to 2024-09-11 00:00:00+00:00, run_after=2024-09-12 00:00:00+00:00
[2024-09-12T02:01:56.787-0300] {logging_mixin.py:190} INFO - [2024-09-12T02:01:56.787-0300] {dag.py:4156} INFO - Setting next_dagrun for read_dataset_event_from_classic to 2024-09-11 00:00:00+00:00, run_after=2024-09-12 00:00:00+00:00
[2024-09-12T02:01:56.800-0300] {processor.py:208} INFO - Processing /home/gabzarp/.local/lib/python3.10/site-packages/airflow/example_dags/example_inlet_event_extra.py took 0.051 seconds
[2024-09-12T02:03:07.676-0300] {processor.py:186} INFO - Started process (PID=14482) to work on /home/gabzarp/.local/lib/python3.10/site-packages/airflow/example_dags/example_inlet_event_extra.py
[2024-09-12T02:03:07.677-0300] {processor.py:914} INFO - Processing file /home/gabzarp/.local/lib/python3.10/site-packages/airflow/example_dags/example_inlet_event_extra.py for tasks to queue
[2024-09-12T02:03:07.677-0300] {logging_mixin.py:190} INFO - [2024-09-12T02:03:07.677-0300] {dagbag.py:587} INFO - Filling up the DagBag from /home/gabzarp/.local/lib/python3.10/site-packages/airflow/example_dags/example_inlet_event_extra.py
[2024-09-12T02:03:07.685-0300] {processor.py:925} INFO - DAG(s) 'read_dataset_event_from_classic', 'read_dataset_event' retrieved from /home/gabzarp/.local/lib/python3.10/site-packages/airflow/example_dags/example_inlet_event_extra.py
[2024-09-12T02:03:07.695-0300] {logging_mixin.py:190} INFO - [2024-09-12T02:03:07.695-0300] {dag.py:3229} INFO - Sync 2 DAGs
[2024-09-12T02:03:07.709-0300] {logging_mixin.py:190} INFO - [2024-09-12T02:03:07.709-0300] {dag.py:4156} INFO - Setting next_dagrun for read_dataset_event to 2024-09-11 00:00:00+00:00, run_after=2024-09-12 00:00:00+00:00
[2024-09-12T02:03:07.711-0300] {logging_mixin.py:190} INFO - [2024-09-12T02:03:07.711-0300] {dag.py:4156} INFO - Setting next_dagrun for read_dataset_event_from_classic to 2024-09-11 00:00:00+00:00, run_after=2024-09-12 00:00:00+00:00
[2024-09-12T02:03:07.725-0300] {processor.py:208} INFO - Processing /home/gabzarp/.local/lib/python3.10/site-packages/airflow/example_dags/example_inlet_event_extra.py took 0.052 seconds
[2024-09-12T02:04:26.008-0300] {processor.py:186} INFO - Started process (PID=15100) to work on /home/gabzarp/.local/lib/python3.10/site-packages/airflow/example_dags/example_inlet_event_extra.py
[2024-09-12T02:04:26.008-0300] {processor.py:914} INFO - Processing file /home/gabzarp/.local/lib/python3.10/site-packages/airflow/example_dags/example_inlet_event_extra.py for tasks to queue
[2024-09-12T02:04:26.009-0300] {logging_mixin.py:190} INFO - [2024-09-12T02:04:26.009-0300] {dagbag.py:587} INFO - Filling up the DagBag from /home/gabzarp/.local/lib/python3.10/site-packages/airflow/example_dags/example_inlet_event_extra.py
[2024-09-12T02:04:26.017-0300] {processor.py:925} INFO - DAG(s) 'read_dataset_event', 'read_dataset_event_from_classic' retrieved from /home/gabzarp/.local/lib/python3.10/site-packages/airflow/example_dags/example_inlet_event_extra.py
[2024-09-12T02:04:26.029-0300] {logging_mixin.py:190} INFO - [2024-09-12T02:04:26.029-0300] {dag.py:3229} INFO - Sync 2 DAGs
[2024-09-12T02:04:26.043-0300] {logging_mixin.py:190} INFO - [2024-09-12T02:04:26.043-0300] {dag.py:4156} INFO - Setting next_dagrun for read_dataset_event to 2024-09-11 00:00:00+00:00, run_after=2024-09-12 00:00:00+00:00
[2024-09-12T02:04:26.046-0300] {logging_mixin.py:190} INFO - [2024-09-12T02:04:26.045-0300] {dag.py:4156} INFO - Setting next_dagrun for read_dataset_event_from_classic to 2024-09-11 00:00:00+00:00, run_after=2024-09-12 00:00:00+00:00
[2024-09-12T02:04:26.059-0300] {processor.py:208} INFO - Processing /home/gabzarp/.local/lib/python3.10/site-packages/airflow/example_dags/example_inlet_event_extra.py took 0.055 seconds
[2024-09-12T02:05:46.502-0300] {processor.py:186} INFO - Started process (PID=15738) to work on /home/gabzarp/.local/lib/python3.10/site-packages/airflow/example_dags/example_inlet_event_extra.py
[2024-09-12T02:05:46.503-0300] {processor.py:914} INFO - Processing file /home/gabzarp/.local/lib/python3.10/site-packages/airflow/example_dags/example_inlet_event_extra.py for tasks to queue
[2024-09-12T02:05:46.504-0300] {logging_mixin.py:190} INFO - [2024-09-12T02:05:46.504-0300] {dagbag.py:587} INFO - Filling up the DagBag from /home/gabzarp/.local/lib/python3.10/site-packages/airflow/example_dags/example_inlet_event_extra.py
[2024-09-12T02:05:46.512-0300] {processor.py:925} INFO - DAG(s) 'read_dataset_event', 'read_dataset_event_from_classic' retrieved from /home/gabzarp/.local/lib/python3.10/site-packages/airflow/example_dags/example_inlet_event_extra.py
[2024-09-12T02:05:46.525-0300] {logging_mixin.py:190} INFO - [2024-09-12T02:05:46.525-0300] {dag.py:3229} INFO - Sync 2 DAGs
[2024-09-12T02:05:46.540-0300] {logging_mixin.py:190} INFO - [2024-09-12T02:05:46.540-0300] {dag.py:4156} INFO - Setting next_dagrun for read_dataset_event to 2024-09-11 00:00:00+00:00, run_after=2024-09-12 00:00:00+00:00
[2024-09-12T02:05:46.545-0300] {logging_mixin.py:190} INFO - [2024-09-12T02:05:46.544-0300] {dag.py:4156} INFO - Setting next_dagrun for read_dataset_event_from_classic to 2024-09-11 00:00:00+00:00, run_after=2024-09-12 00:00:00+00:00
[2024-09-12T02:05:46.561-0300] {processor.py:208} INFO - Processing /home/gabzarp/.local/lib/python3.10/site-packages/airflow/example_dags/example_inlet_event_extra.py took 0.063 seconds
[2024-09-12T02:07:01.300-0300] {processor.py:186} INFO - Started process (PID=16328) to work on /home/gabzarp/.local/lib/python3.10/site-packages/airflow/example_dags/example_inlet_event_extra.py
[2024-09-12T02:07:01.301-0300] {processor.py:914} INFO - Processing file /home/gabzarp/.local/lib/python3.10/site-packages/airflow/example_dags/example_inlet_event_extra.py for tasks to queue
[2024-09-12T02:07:01.302-0300] {logging_mixin.py:190} INFO - [2024-09-12T02:07:01.302-0300] {dagbag.py:587} INFO - Filling up the DagBag from /home/gabzarp/.local/lib/python3.10/site-packages/airflow/example_dags/example_inlet_event_extra.py
[2024-09-12T02:07:01.310-0300] {processor.py:925} INFO - DAG(s) 'read_dataset_event_from_classic', 'read_dataset_event' retrieved from /home/gabzarp/.local/lib/python3.10/site-packages/airflow/example_dags/example_inlet_event_extra.py
[2024-09-12T02:07:01.324-0300] {logging_mixin.py:190} INFO - [2024-09-12T02:07:01.323-0300] {dag.py:3229} INFO - Sync 2 DAGs
[2024-09-12T02:07:01.338-0300] {logging_mixin.py:190} INFO - [2024-09-12T02:07:01.338-0300] {dag.py:4156} INFO - Setting next_dagrun for read_dataset_event to 2024-09-11 00:00:00+00:00, run_after=2024-09-12 00:00:00+00:00
[2024-09-12T02:07:01.341-0300] {logging_mixin.py:190} INFO - [2024-09-12T02:07:01.341-0300] {dag.py:4156} INFO - Setting next_dagrun for read_dataset_event_from_classic to 2024-09-11 00:00:00+00:00, run_after=2024-09-12 00:00:00+00:00
[2024-09-12T02:07:01.355-0300] {processor.py:208} INFO - Processing /home/gabzarp/.local/lib/python3.10/site-packages/airflow/example_dags/example_inlet_event_extra.py took 0.059 seconds
[2024-09-12T02:08:15.478-0300] {processor.py:186} INFO - Started process (PID=16912) to work on /home/gabzarp/.local/lib/python3.10/site-packages/airflow/example_dags/example_inlet_event_extra.py
[2024-09-12T02:08:15.479-0300] {processor.py:914} INFO - Processing file /home/gabzarp/.local/lib/python3.10/site-packages/airflow/example_dags/example_inlet_event_extra.py for tasks to queue
[2024-09-12T02:08:15.480-0300] {logging_mixin.py:190} INFO - [2024-09-12T02:08:15.479-0300] {dagbag.py:587} INFO - Filling up the DagBag from /home/gabzarp/.local/lib/python3.10/site-packages/airflow/example_dags/example_inlet_event_extra.py
[2024-09-12T02:08:15.487-0300] {processor.py:925} INFO - DAG(s) 'read_dataset_event_from_classic', 'read_dataset_event' retrieved from /home/gabzarp/.local/lib/python3.10/site-packages/airflow/example_dags/example_inlet_event_extra.py
[2024-09-12T02:08:15.498-0300] {logging_mixin.py:190} INFO - [2024-09-12T02:08:15.498-0300] {dag.py:3229} INFO - Sync 2 DAGs
[2024-09-12T02:08:15.513-0300] {logging_mixin.py:190} INFO - [2024-09-12T02:08:15.512-0300] {dag.py:4156} INFO - Setting next_dagrun for read_dataset_event to 2024-09-11 00:00:00+00:00, run_after=2024-09-12 00:00:00+00:00
[2024-09-12T02:08:15.516-0300] {logging_mixin.py:190} INFO - [2024-09-12T02:08:15.515-0300] {dag.py:4156} INFO - Setting next_dagrun for read_dataset_event_from_classic to 2024-09-11 00:00:00+00:00, run_after=2024-09-12 00:00:00+00:00
[2024-09-12T02:08:15.531-0300] {processor.py:208} INFO - Processing /home/gabzarp/.local/lib/python3.10/site-packages/airflow/example_dags/example_inlet_event_extra.py took 0.057 seconds
[2024-09-12T02:09:31.382-0300] {processor.py:186} INFO - Started process (PID=17564) to work on /home/gabzarp/.local/lib/python3.10/site-packages/airflow/example_dags/example_inlet_event_extra.py
[2024-09-12T02:09:31.383-0300] {processor.py:914} INFO - Processing file /home/gabzarp/.local/lib/python3.10/site-packages/airflow/example_dags/example_inlet_event_extra.py for tasks to queue
[2024-09-12T02:09:31.384-0300] {logging_mixin.py:190} INFO - [2024-09-12T02:09:31.384-0300] {dagbag.py:587} INFO - Filling up the DagBag from /home/gabzarp/.local/lib/python3.10/site-packages/airflow/example_dags/example_inlet_event_extra.py
[2024-09-12T02:09:31.392-0300] {processor.py:925} INFO - DAG(s) 'read_dataset_event', 'read_dataset_event_from_classic' retrieved from /home/gabzarp/.local/lib/python3.10/site-packages/airflow/example_dags/example_inlet_event_extra.py
[2024-09-12T02:09:31.405-0300] {logging_mixin.py:190} INFO - [2024-09-12T02:09:31.405-0300] {dag.py:3229} INFO - Sync 2 DAGs
[2024-09-12T02:09:31.420-0300] {logging_mixin.py:190} INFO - [2024-09-12T02:09:31.420-0300] {dag.py:4156} INFO - Setting next_dagrun for read_dataset_event to 2024-09-11 00:00:00+00:00, run_after=2024-09-12 00:00:00+00:00
[2024-09-12T02:09:31.423-0300] {logging_mixin.py:190} INFO - [2024-09-12T02:09:31.423-0300] {dag.py:4156} INFO - Setting next_dagrun for read_dataset_event_from_classic to 2024-09-11 00:00:00+00:00, run_after=2024-09-12 00:00:00+00:00
[2024-09-12T02:09:31.438-0300] {processor.py:208} INFO - Processing /home/gabzarp/.local/lib/python3.10/site-packages/airflow/example_dags/example_inlet_event_extra.py took 0.059 seconds
