[2024-09-12T01:39:59.320-0300] {processor.py:186} INFO - Started process (PID=2721) to work on /home/gabzarp/.local/lib/python3.10/site-packages/airflow/example_dags/example_dataset_alias_with_no_taskflow.py
[2024-09-12T01:39:59.320-0300] {processor.py:914} INFO - Processing file /home/gabzarp/.local/lib/python3.10/site-packages/airflow/example_dags/example_dataset_alias_with_no_taskflow.py for tasks to queue
[2024-09-12T01:39:59.322-0300] {logging_mixin.py:190} INFO - [2024-09-12T01:39:59.322-0300] {dagbag.py:587} INFO - Filling up the DagBag from /home/gabzarp/.local/lib/python3.10/site-packages/airflow/example_dags/example_dataset_alias_with_no_taskflow.py
[2024-09-12T01:39:59.333-0300] {processor.py:925} INFO - DAG(s) 'dataset_s3_bucket_consumer_with_no_taskflow', 'dataset_s3_bucket_producer_with_no_taskflow', 'dataset_alias_example_alias_consumer_with_no_taskflow', 'dataset_alias_example_alias_producer_with_no_taskflow' retrieved from /home/gabzarp/.local/lib/python3.10/site-packages/airflow/example_dags/example_dataset_alias_with_no_taskflow.py
[2024-09-12T01:39:59.393-0300] {logging_mixin.py:190} INFO - [2024-09-12T01:39:59.393-0300] {override.py:1900} INFO - Created Permission View: can edit on DAG:dataset_s3_bucket_consumer_with_no_taskflow
[2024-09-12T01:39:59.402-0300] {logging_mixin.py:190} INFO - [2024-09-12T01:39:59.402-0300] {override.py:1900} INFO - Created Permission View: can read on DAG:dataset_s3_bucket_consumer_with_no_taskflow
[2024-09-12T01:39:59.409-0300] {logging_mixin.py:190} INFO - [2024-09-12T01:39:59.409-0300] {override.py:1900} INFO - Created Permission View: can delete on DAG:dataset_s3_bucket_consumer_with_no_taskflow
[2024-09-12T01:39:59.421-0300] {logging_mixin.py:190} INFO - [2024-09-12T01:39:59.421-0300] {override.py:1900} INFO - Created Permission View: can read on DAG Run:dataset_s3_bucket_consumer_with_no_taskflow
[2024-09-12T01:39:59.428-0300] {logging_mixin.py:190} INFO - [2024-09-12T01:39:59.428-0300] {override.py:1900} INFO - Created Permission View: can create on DAG Run:dataset_s3_bucket_consumer_with_no_taskflow
[2024-09-12T01:39:59.435-0300] {logging_mixin.py:190} INFO - [2024-09-12T01:39:59.434-0300] {override.py:1900} INFO - Created Permission View: menu access on DAG Run:dataset_s3_bucket_consumer_with_no_taskflow
[2024-09-12T01:39:59.443-0300] {logging_mixin.py:190} INFO - [2024-09-12T01:39:59.442-0300] {override.py:1900} INFO - Created Permission View: can delete on DAG Run:dataset_s3_bucket_consumer_with_no_taskflow
[2024-09-12T01:39:59.460-0300] {logging_mixin.py:190} INFO - [2024-09-12T01:39:59.459-0300] {override.py:1900} INFO - Created Permission View: can edit on DAG:dataset_s3_bucket_producer_with_no_taskflow
[2024-09-12T01:39:59.468-0300] {logging_mixin.py:190} INFO - [2024-09-12T01:39:59.468-0300] {override.py:1900} INFO - Created Permission View: can read on DAG:dataset_s3_bucket_producer_with_no_taskflow
[2024-09-12T01:39:59.475-0300] {logging_mixin.py:190} INFO - [2024-09-12T01:39:59.475-0300] {override.py:1900} INFO - Created Permission View: can delete on DAG:dataset_s3_bucket_producer_with_no_taskflow
[2024-09-12T01:39:59.486-0300] {logging_mixin.py:190} INFO - [2024-09-12T01:39:59.486-0300] {override.py:1900} INFO - Created Permission View: can read on DAG Run:dataset_s3_bucket_producer_with_no_taskflow
[2024-09-12T01:39:59.493-0300] {logging_mixin.py:190} INFO - [2024-09-12T01:39:59.493-0300] {override.py:1900} INFO - Created Permission View: can create on DAG Run:dataset_s3_bucket_producer_with_no_taskflow
[2024-09-12T01:39:59.503-0300] {logging_mixin.py:190} INFO - [2024-09-12T01:39:59.502-0300] {override.py:1900} INFO - Created Permission View: menu access on DAG Run:dataset_s3_bucket_producer_with_no_taskflow
[2024-09-12T01:39:59.510-0300] {logging_mixin.py:190} INFO - [2024-09-12T01:39:59.509-0300] {override.py:1900} INFO - Created Permission View: can delete on DAG Run:dataset_s3_bucket_producer_with_no_taskflow
[2024-09-12T01:39:59.524-0300] {logging_mixin.py:190} INFO - [2024-09-12T01:39:59.524-0300] {override.py:1900} INFO - Created Permission View: can edit on DAG:dataset_alias_example_alias_consumer_with_no_taskflow
[2024-09-12T01:39:59.531-0300] {logging_mixin.py:190} INFO - [2024-09-12T01:39:59.531-0300] {override.py:1900} INFO - Created Permission View: can read on DAG:dataset_alias_example_alias_consumer_with_no_taskflow
[2024-09-12T01:39:59.537-0300] {logging_mixin.py:190} INFO - [2024-09-12T01:39:59.537-0300] {override.py:1900} INFO - Created Permission View: can delete on DAG:dataset_alias_example_alias_consumer_with_no_taskflow
[2024-09-12T01:39:59.551-0300] {logging_mixin.py:190} INFO - [2024-09-12T01:39:59.551-0300] {override.py:1900} INFO - Created Permission View: can read on DAG Run:dataset_alias_example_alias_consumer_with_no_taskflow
[2024-09-12T01:39:59.558-0300] {logging_mixin.py:190} INFO - [2024-09-12T01:39:59.558-0300] {override.py:1900} INFO - Created Permission View: can create on DAG Run:dataset_alias_example_alias_consumer_with_no_taskflow
[2024-09-12T01:39:59.566-0300] {logging_mixin.py:190} INFO - [2024-09-12T01:39:59.566-0300] {override.py:1900} INFO - Created Permission View: menu access on DAG Run:dataset_alias_example_alias_consumer_with_no_taskflow
[2024-09-12T01:39:59.573-0300] {logging_mixin.py:190} INFO - [2024-09-12T01:39:59.573-0300] {override.py:1900} INFO - Created Permission View: can delete on DAG Run:dataset_alias_example_alias_consumer_with_no_taskflow
[2024-09-12T01:39:59.591-0300] {logging_mixin.py:190} INFO - [2024-09-12T01:39:59.591-0300] {override.py:1900} INFO - Created Permission View: can edit on DAG:dataset_alias_example_alias_producer_with_no_taskflow
[2024-09-12T01:39:59.598-0300] {logging_mixin.py:190} INFO - [2024-09-12T01:39:59.598-0300] {override.py:1900} INFO - Created Permission View: can read on DAG:dataset_alias_example_alias_producer_with_no_taskflow
[2024-09-12T01:39:59.605-0300] {logging_mixin.py:190} INFO - [2024-09-12T01:39:59.605-0300] {override.py:1900} INFO - Created Permission View: can delete on DAG:dataset_alias_example_alias_producer_with_no_taskflow
[2024-09-12T01:39:59.616-0300] {logging_mixin.py:190} INFO - [2024-09-12T01:39:59.616-0300] {override.py:1900} INFO - Created Permission View: can read on DAG Run:dataset_alias_example_alias_producer_with_no_taskflow
[2024-09-12T01:39:59.623-0300] {logging_mixin.py:190} INFO - [2024-09-12T01:39:59.623-0300] {override.py:1900} INFO - Created Permission View: can create on DAG Run:dataset_alias_example_alias_producer_with_no_taskflow
[2024-09-12T01:39:59.630-0300] {logging_mixin.py:190} INFO - [2024-09-12T01:39:59.630-0300] {override.py:1900} INFO - Created Permission View: menu access on DAG Run:dataset_alias_example_alias_producer_with_no_taskflow
[2024-09-12T01:39:59.639-0300] {logging_mixin.py:190} INFO - [2024-09-12T01:39:59.639-0300] {override.py:1900} INFO - Created Permission View: can delete on DAG Run:dataset_alias_example_alias_producer_with_no_taskflow
[2024-09-12T01:39:59.640-0300] {logging_mixin.py:190} INFO - [2024-09-12T01:39:59.640-0300] {dag.py:3229} INFO - Sync 4 DAGs
[2024-09-12T01:39:59.648-0300] {logging_mixin.py:190} INFO - [2024-09-12T01:39:59.648-0300] {dag.py:3252} INFO - Creating ORM DAG for dataset_alias_example_alias_producer_with_no_taskflow
[2024-09-12T01:39:59.649-0300] {logging_mixin.py:190} INFO - [2024-09-12T01:39:59.649-0300] {dag.py:3252} INFO - Creating ORM DAG for dataset_s3_bucket_producer_with_no_taskflow
[2024-09-12T01:39:59.649-0300] {logging_mixin.py:190} INFO - [2024-09-12T01:39:59.649-0300] {dag.py:3252} INFO - Creating ORM DAG for dataset_s3_bucket_consumer_with_no_taskflow
[2024-09-12T01:39:59.649-0300] {logging_mixin.py:190} INFO - [2024-09-12T01:39:59.649-0300] {dag.py:3252} INFO - Creating ORM DAG for dataset_alias_example_alias_consumer_with_no_taskflow
[2024-09-12T01:39:59.654-0300] {logging_mixin.py:190} INFO - [2024-09-12T01:39:59.654-0300] {dag.py:4156} INFO - Setting next_dagrun for dataset_alias_example_alias_consumer_with_no_taskflow to None, run_after=None
[2024-09-12T01:39:59.655-0300] {logging_mixin.py:190} INFO - [2024-09-12T01:39:59.655-0300] {dag.py:4156} INFO - Setting next_dagrun for dataset_alias_example_alias_producer_with_no_taskflow to None, run_after=None
[2024-09-12T01:39:59.655-0300] {logging_mixin.py:190} INFO - [2024-09-12T01:39:59.655-0300] {dag.py:4156} INFO - Setting next_dagrun for dataset_s3_bucket_consumer_with_no_taskflow to None, run_after=None
[2024-09-12T01:39:59.656-0300] {logging_mixin.py:190} INFO - [2024-09-12T01:39:59.656-0300] {dag.py:4156} INFO - Setting next_dagrun for dataset_s3_bucket_producer_with_no_taskflow to None, run_after=None
[2024-09-12T01:39:59.680-0300] {processor.py:208} INFO - Processing /home/gabzarp/.local/lib/python3.10/site-packages/airflow/example_dags/example_dataset_alias_with_no_taskflow.py took 0.363 seconds
[2024-09-12T01:40:54.887-0300] {processor.py:186} INFO - Started process (PID=3001) to work on /home/gabzarp/.local/lib/python3.10/site-packages/airflow/example_dags/example_dataset_alias_with_no_taskflow.py
[2024-09-12T01:40:54.888-0300] {processor.py:914} INFO - Processing file /home/gabzarp/.local/lib/python3.10/site-packages/airflow/example_dags/example_dataset_alias_with_no_taskflow.py for tasks to queue
[2024-09-12T01:40:54.890-0300] {logging_mixin.py:190} INFO - [2024-09-12T01:40:54.890-0300] {dagbag.py:587} INFO - Filling up the DagBag from /home/gabzarp/.local/lib/python3.10/site-packages/airflow/example_dags/example_dataset_alias_with_no_taskflow.py
[2024-09-12T01:40:54.908-0300] {processor.py:925} INFO - DAG(s) 'dataset_s3_bucket_producer_with_no_taskflow', 'dataset_s3_bucket_consumer_with_no_taskflow', 'dataset_alias_example_alias_producer_with_no_taskflow', 'dataset_alias_example_alias_consumer_with_no_taskflow' retrieved from /home/gabzarp/.local/lib/python3.10/site-packages/airflow/example_dags/example_dataset_alias_with_no_taskflow.py
[2024-09-12T01:40:54.924-0300] {logging_mixin.py:190} INFO - [2024-09-12T01:40:54.924-0300] {dag.py:3229} INFO - Sync 4 DAGs
[2024-09-12T01:40:54.942-0300] {logging_mixin.py:190} INFO - [2024-09-12T01:40:54.942-0300] {dag.py:4156} INFO - Setting next_dagrun for dataset_alias_example_alias_consumer_with_no_taskflow to None, run_after=None
[2024-09-12T01:40:54.945-0300] {logging_mixin.py:190} INFO - [2024-09-12T01:40:54.944-0300] {dag.py:4156} INFO - Setting next_dagrun for dataset_alias_example_alias_producer_with_no_taskflow to None, run_after=None
[2024-09-12T01:40:54.946-0300] {logging_mixin.py:190} INFO - [2024-09-12T01:40:54.945-0300] {dag.py:4156} INFO - Setting next_dagrun for dataset_s3_bucket_consumer_with_no_taskflow to None, run_after=None
[2024-09-12T01:40:54.946-0300] {logging_mixin.py:190} INFO - [2024-09-12T01:40:54.946-0300] {dag.py:4156} INFO - Setting next_dagrun for dataset_s3_bucket_producer_with_no_taskflow to None, run_after=None
[2024-09-12T01:40:54.967-0300] {processor.py:208} INFO - Processing /home/gabzarp/.local/lib/python3.10/site-packages/airflow/example_dags/example_dataset_alias_with_no_taskflow.py took 0.084 seconds
[2024-09-12T01:41:48.123-0300] {processor.py:186} INFO - Started process (PID=3350) to work on /home/gabzarp/.local/lib/python3.10/site-packages/airflow/example_dags/example_dataset_alias_with_no_taskflow.py
[2024-09-12T01:41:48.124-0300] {processor.py:914} INFO - Processing file /home/gabzarp/.local/lib/python3.10/site-packages/airflow/example_dags/example_dataset_alias_with_no_taskflow.py for tasks to queue
[2024-09-12T01:41:48.125-0300] {logging_mixin.py:190} INFO - [2024-09-12T01:41:48.125-0300] {dagbag.py:587} INFO - Filling up the DagBag from /home/gabzarp/.local/lib/python3.10/site-packages/airflow/example_dags/example_dataset_alias_with_no_taskflow.py
[2024-09-12T01:41:48.139-0300] {processor.py:925} INFO - DAG(s) 'dataset_alias_example_alias_consumer_with_no_taskflow', 'dataset_s3_bucket_consumer_with_no_taskflow', 'dataset_s3_bucket_producer_with_no_taskflow', 'dataset_alias_example_alias_producer_with_no_taskflow' retrieved from /home/gabzarp/.local/lib/python3.10/site-packages/airflow/example_dags/example_dataset_alias_with_no_taskflow.py
[2024-09-12T01:41:48.152-0300] {logging_mixin.py:190} INFO - [2024-09-12T01:41:48.151-0300] {dag.py:3229} INFO - Sync 4 DAGs
[2024-09-12T01:41:48.165-0300] {logging_mixin.py:190} INFO - [2024-09-12T01:41:48.165-0300] {dag.py:4156} INFO - Setting next_dagrun for dataset_alias_example_alias_consumer_with_no_taskflow to None, run_after=None
[2024-09-12T01:41:48.166-0300] {logging_mixin.py:190} INFO - [2024-09-12T01:41:48.166-0300] {dag.py:4156} INFO - Setting next_dagrun for dataset_alias_example_alias_producer_with_no_taskflow to None, run_after=None
[2024-09-12T01:41:48.167-0300] {logging_mixin.py:190} INFO - [2024-09-12T01:41:48.167-0300] {dag.py:4156} INFO - Setting next_dagrun for dataset_s3_bucket_consumer_with_no_taskflow to None, run_after=None
[2024-09-12T01:41:48.167-0300] {logging_mixin.py:190} INFO - [2024-09-12T01:41:48.167-0300] {dag.py:4156} INFO - Setting next_dagrun for dataset_s3_bucket_producer_with_no_taskflow to None, run_after=None
[2024-09-12T01:41:48.183-0300] {processor.py:208} INFO - Processing /home/gabzarp/.local/lib/python3.10/site-packages/airflow/example_dags/example_dataset_alias_with_no_taskflow.py took 0.063 seconds
[2024-09-12T01:42:41.056-0300] {processor.py:186} INFO - Started process (PID=3615) to work on /home/gabzarp/.local/lib/python3.10/site-packages/airflow/example_dags/example_dataset_alias_with_no_taskflow.py
[2024-09-12T01:42:41.057-0300] {processor.py:914} INFO - Processing file /home/gabzarp/.local/lib/python3.10/site-packages/airflow/example_dags/example_dataset_alias_with_no_taskflow.py for tasks to queue
[2024-09-12T01:42:41.058-0300] {logging_mixin.py:190} INFO - [2024-09-12T01:42:41.058-0300] {dagbag.py:587} INFO - Filling up the DagBag from /home/gabzarp/.local/lib/python3.10/site-packages/airflow/example_dags/example_dataset_alias_with_no_taskflow.py
[2024-09-12T01:42:41.072-0300] {processor.py:925} INFO - DAG(s) 'dataset_alias_example_alias_producer_with_no_taskflow', 'dataset_s3_bucket_producer_with_no_taskflow', 'dataset_s3_bucket_consumer_with_no_taskflow', 'dataset_alias_example_alias_consumer_with_no_taskflow' retrieved from /home/gabzarp/.local/lib/python3.10/site-packages/airflow/example_dags/example_dataset_alias_with_no_taskflow.py
[2024-09-12T01:42:41.088-0300] {logging_mixin.py:190} INFO - [2024-09-12T01:42:41.087-0300] {dag.py:3229} INFO - Sync 4 DAGs
[2024-09-12T01:42:41.101-0300] {logging_mixin.py:190} INFO - [2024-09-12T01:42:41.101-0300] {dag.py:4156} INFO - Setting next_dagrun for dataset_alias_example_alias_consumer_with_no_taskflow to None, run_after=None
[2024-09-12T01:42:41.102-0300] {logging_mixin.py:190} INFO - [2024-09-12T01:42:41.102-0300] {dag.py:4156} INFO - Setting next_dagrun for dataset_alias_example_alias_producer_with_no_taskflow to None, run_after=None
[2024-09-12T01:42:41.103-0300] {logging_mixin.py:190} INFO - [2024-09-12T01:42:41.103-0300] {dag.py:4156} INFO - Setting next_dagrun for dataset_s3_bucket_consumer_with_no_taskflow to None, run_after=None
[2024-09-12T01:42:41.103-0300] {logging_mixin.py:190} INFO - [2024-09-12T01:42:41.103-0300] {dag.py:4156} INFO - Setting next_dagrun for dataset_s3_bucket_producer_with_no_taskflow to None, run_after=None
[2024-09-12T01:42:41.120-0300] {processor.py:208} INFO - Processing /home/gabzarp/.local/lib/python3.10/site-packages/airflow/example_dags/example_dataset_alias_with_no_taskflow.py took 0.068 seconds
[2024-09-12T01:43:29.489-0300] {processor.py:186} INFO - Started process (PID=3860) to work on /home/gabzarp/.local/lib/python3.10/site-packages/airflow/example_dags/example_dataset_alias_with_no_taskflow.py
[2024-09-12T01:43:29.490-0300] {processor.py:914} INFO - Processing file /home/gabzarp/.local/lib/python3.10/site-packages/airflow/example_dags/example_dataset_alias_with_no_taskflow.py for tasks to queue
[2024-09-12T01:43:29.492-0300] {logging_mixin.py:190} INFO - [2024-09-12T01:43:29.491-0300] {dagbag.py:587} INFO - Filling up the DagBag from /home/gabzarp/.local/lib/python3.10/site-packages/airflow/example_dags/example_dataset_alias_with_no_taskflow.py
[2024-09-12T01:43:29.505-0300] {processor.py:925} INFO - DAG(s) 'dataset_alias_example_alias_consumer_with_no_taskflow', 'dataset_s3_bucket_consumer_with_no_taskflow', 'dataset_s3_bucket_producer_with_no_taskflow', 'dataset_alias_example_alias_producer_with_no_taskflow' retrieved from /home/gabzarp/.local/lib/python3.10/site-packages/airflow/example_dags/example_dataset_alias_with_no_taskflow.py
[2024-09-12T01:43:29.518-0300] {logging_mixin.py:190} INFO - [2024-09-12T01:43:29.518-0300] {dag.py:3229} INFO - Sync 4 DAGs
[2024-09-12T01:43:29.530-0300] {logging_mixin.py:190} INFO - [2024-09-12T01:43:29.529-0300] {dag.py:4156} INFO - Setting next_dagrun for dataset_alias_example_alias_consumer_with_no_taskflow to None, run_after=None
[2024-09-12T01:43:29.531-0300] {logging_mixin.py:190} INFO - [2024-09-12T01:43:29.531-0300] {dag.py:4156} INFO - Setting next_dagrun for dataset_alias_example_alias_producer_with_no_taskflow to None, run_after=None
[2024-09-12T01:43:29.532-0300] {logging_mixin.py:190} INFO - [2024-09-12T01:43:29.532-0300] {dag.py:4156} INFO - Setting next_dagrun for dataset_s3_bucket_consumer_with_no_taskflow to None, run_after=None
[2024-09-12T01:43:29.533-0300] {logging_mixin.py:190} INFO - [2024-09-12T01:43:29.533-0300] {dag.py:4156} INFO - Setting next_dagrun for dataset_s3_bucket_producer_with_no_taskflow to None, run_after=None
[2024-09-12T01:43:29.549-0300] {processor.py:208} INFO - Processing /home/gabzarp/.local/lib/python3.10/site-packages/airflow/example_dags/example_dataset_alias_with_no_taskflow.py took 0.063 seconds
[2024-09-12T01:45:09.089-0300] {processor.py:186} INFO - Started process (PID=5101) to work on /home/gabzarp/.local/lib/python3.10/site-packages/airflow/example_dags/example_dataset_alias_with_no_taskflow.py
[2024-09-12T01:45:09.090-0300] {processor.py:914} INFO - Processing file /home/gabzarp/.local/lib/python3.10/site-packages/airflow/example_dags/example_dataset_alias_with_no_taskflow.py for tasks to queue
[2024-09-12T01:45:09.091-0300] {logging_mixin.py:190} INFO - [2024-09-12T01:45:09.091-0300] {dagbag.py:587} INFO - Filling up the DagBag from /home/gabzarp/.local/lib/python3.10/site-packages/airflow/example_dags/example_dataset_alias_with_no_taskflow.py
[2024-09-12T01:45:09.105-0300] {processor.py:925} INFO - DAG(s) 'dataset_s3_bucket_producer_with_no_taskflow', 'dataset_alias_example_alias_consumer_with_no_taskflow', 'dataset_alias_example_alias_producer_with_no_taskflow', 'dataset_s3_bucket_consumer_with_no_taskflow' retrieved from /home/gabzarp/.local/lib/python3.10/site-packages/airflow/example_dags/example_dataset_alias_with_no_taskflow.py
[2024-09-12T01:45:09.120-0300] {logging_mixin.py:190} INFO - [2024-09-12T01:45:09.120-0300] {dag.py:3229} INFO - Sync 4 DAGs
[2024-09-12T01:45:09.133-0300] {logging_mixin.py:190} INFO - [2024-09-12T01:45:09.133-0300] {dag.py:4156} INFO - Setting next_dagrun for dataset_alias_example_alias_consumer_with_no_taskflow to None, run_after=None
[2024-09-12T01:45:09.134-0300] {logging_mixin.py:190} INFO - [2024-09-12T01:45:09.134-0300] {dag.py:4156} INFO - Setting next_dagrun for dataset_alias_example_alias_producer_with_no_taskflow to None, run_after=None
[2024-09-12T01:45:09.135-0300] {logging_mixin.py:190} INFO - [2024-09-12T01:45:09.135-0300] {dag.py:4156} INFO - Setting next_dagrun for dataset_s3_bucket_consumer_with_no_taskflow to None, run_after=None
[2024-09-12T01:45:09.135-0300] {logging_mixin.py:190} INFO - [2024-09-12T01:45:09.135-0300] {dag.py:4156} INFO - Setting next_dagrun for dataset_s3_bucket_producer_with_no_taskflow to None, run_after=None
[2024-09-12T01:45:09.153-0300] {processor.py:208} INFO - Processing /home/gabzarp/.local/lib/python3.10/site-packages/airflow/example_dags/example_dataset_alias_with_no_taskflow.py took 0.068 seconds
[2024-09-12T01:46:01.563-0300] {processor.py:186} INFO - Started process (PID=5525) to work on /home/gabzarp/.local/lib/python3.10/site-packages/airflow/example_dags/example_dataset_alias_with_no_taskflow.py
[2024-09-12T01:46:01.564-0300] {processor.py:914} INFO - Processing file /home/gabzarp/.local/lib/python3.10/site-packages/airflow/example_dags/example_dataset_alias_with_no_taskflow.py for tasks to queue
[2024-09-12T01:46:01.566-0300] {logging_mixin.py:190} INFO - [2024-09-12T01:46:01.565-0300] {dagbag.py:587} INFO - Filling up the DagBag from /home/gabzarp/.local/lib/python3.10/site-packages/airflow/example_dags/example_dataset_alias_with_no_taskflow.py
[2024-09-12T01:46:01.579-0300] {processor.py:925} INFO - DAG(s) 'dataset_s3_bucket_consumer_with_no_taskflow', 'dataset_alias_example_alias_producer_with_no_taskflow', 'dataset_s3_bucket_producer_with_no_taskflow', 'dataset_alias_example_alias_consumer_with_no_taskflow' retrieved from /home/gabzarp/.local/lib/python3.10/site-packages/airflow/example_dags/example_dataset_alias_with_no_taskflow.py
[2024-09-12T01:46:01.593-0300] {logging_mixin.py:190} INFO - [2024-09-12T01:46:01.592-0300] {dag.py:3229} INFO - Sync 4 DAGs
[2024-09-12T01:46:01.605-0300] {logging_mixin.py:190} INFO - [2024-09-12T01:46:01.605-0300] {dag.py:4156} INFO - Setting next_dagrun for dataset_alias_example_alias_consumer_with_no_taskflow to None, run_after=None
[2024-09-12T01:46:01.607-0300] {logging_mixin.py:190} INFO - [2024-09-12T01:46:01.607-0300] {dag.py:4156} INFO - Setting next_dagrun for dataset_alias_example_alias_producer_with_no_taskflow to None, run_after=None
[2024-09-12T01:46:01.607-0300] {logging_mixin.py:190} INFO - [2024-09-12T01:46:01.607-0300] {dag.py:4156} INFO - Setting next_dagrun for dataset_s3_bucket_consumer_with_no_taskflow to None, run_after=None
[2024-09-12T01:46:01.608-0300] {logging_mixin.py:190} INFO - [2024-09-12T01:46:01.608-0300] {dag.py:4156} INFO - Setting next_dagrun for dataset_s3_bucket_producer_with_no_taskflow to None, run_after=None
[2024-09-12T01:46:01.624-0300] {processor.py:208} INFO - Processing /home/gabzarp/.local/lib/python3.10/site-packages/airflow/example_dags/example_dataset_alias_with_no_taskflow.py took 0.065 seconds
[2024-09-12T01:46:52.663-0300] {processor.py:186} INFO - Started process (PID=5938) to work on /home/gabzarp/.local/lib/python3.10/site-packages/airflow/example_dags/example_dataset_alias_with_no_taskflow.py
[2024-09-12T01:46:52.664-0300] {processor.py:914} INFO - Processing file /home/gabzarp/.local/lib/python3.10/site-packages/airflow/example_dags/example_dataset_alias_with_no_taskflow.py for tasks to queue
[2024-09-12T01:46:52.665-0300] {logging_mixin.py:190} INFO - [2024-09-12T01:46:52.665-0300] {dagbag.py:587} INFO - Filling up the DagBag from /home/gabzarp/.local/lib/python3.10/site-packages/airflow/example_dags/example_dataset_alias_with_no_taskflow.py
[2024-09-12T01:46:52.679-0300] {processor.py:925} INFO - DAG(s) 'dataset_s3_bucket_producer_with_no_taskflow', 'dataset_alias_example_alias_producer_with_no_taskflow', 'dataset_s3_bucket_consumer_with_no_taskflow', 'dataset_alias_example_alias_consumer_with_no_taskflow' retrieved from /home/gabzarp/.local/lib/python3.10/site-packages/airflow/example_dags/example_dataset_alias_with_no_taskflow.py
[2024-09-12T01:46:52.693-0300] {logging_mixin.py:190} INFO - [2024-09-12T01:46:52.692-0300] {dag.py:3229} INFO - Sync 4 DAGs
[2024-09-12T01:46:52.705-0300] {logging_mixin.py:190} INFO - [2024-09-12T01:46:52.705-0300] {dag.py:4156} INFO - Setting next_dagrun for dataset_alias_example_alias_consumer_with_no_taskflow to None, run_after=None
[2024-09-12T01:46:52.708-0300] {logging_mixin.py:190} INFO - [2024-09-12T01:46:52.708-0300] {dag.py:4156} INFO - Setting next_dagrun for dataset_alias_example_alias_producer_with_no_taskflow to None, run_after=None
[2024-09-12T01:46:52.709-0300] {logging_mixin.py:190} INFO - [2024-09-12T01:46:52.709-0300] {dag.py:4156} INFO - Setting next_dagrun for dataset_s3_bucket_consumer_with_no_taskflow to None, run_after=None
[2024-09-12T01:46:52.709-0300] {logging_mixin.py:190} INFO - [2024-09-12T01:46:52.709-0300] {dag.py:4156} INFO - Setting next_dagrun for dataset_s3_bucket_producer_with_no_taskflow to None, run_after=None
[2024-09-12T01:46:52.726-0300] {processor.py:208} INFO - Processing /home/gabzarp/.local/lib/python3.10/site-packages/airflow/example_dags/example_dataset_alias_with_no_taskflow.py took 0.067 seconds
[2024-09-12T01:47:42.280-0300] {processor.py:186} INFO - Started process (PID=6334) to work on /home/gabzarp/.local/lib/python3.10/site-packages/airflow/example_dags/example_dataset_alias_with_no_taskflow.py
[2024-09-12T01:47:42.281-0300] {processor.py:914} INFO - Processing file /home/gabzarp/.local/lib/python3.10/site-packages/airflow/example_dags/example_dataset_alias_with_no_taskflow.py for tasks to queue
[2024-09-12T01:47:42.283-0300] {logging_mixin.py:190} INFO - [2024-09-12T01:47:42.282-0300] {dagbag.py:587} INFO - Filling up the DagBag from /home/gabzarp/.local/lib/python3.10/site-packages/airflow/example_dags/example_dataset_alias_with_no_taskflow.py
[2024-09-12T01:47:42.299-0300] {processor.py:925} INFO - DAG(s) 'dataset_s3_bucket_consumer_with_no_taskflow', 'dataset_s3_bucket_producer_with_no_taskflow', 'dataset_alias_example_alias_consumer_with_no_taskflow', 'dataset_alias_example_alias_producer_with_no_taskflow' retrieved from /home/gabzarp/.local/lib/python3.10/site-packages/airflow/example_dags/example_dataset_alias_with_no_taskflow.py
[2024-09-12T01:47:42.317-0300] {logging_mixin.py:190} INFO - [2024-09-12T01:47:42.317-0300] {dag.py:3229} INFO - Sync 4 DAGs
[2024-09-12T01:47:42.334-0300] {logging_mixin.py:190} INFO - [2024-09-12T01:47:42.334-0300] {dag.py:4156} INFO - Setting next_dagrun for dataset_alias_example_alias_consumer_with_no_taskflow to None, run_after=None
[2024-09-12T01:47:42.336-0300] {logging_mixin.py:190} INFO - [2024-09-12T01:47:42.336-0300] {dag.py:4156} INFO - Setting next_dagrun for dataset_alias_example_alias_producer_with_no_taskflow to None, run_after=None
[2024-09-12T01:47:42.337-0300] {logging_mixin.py:190} INFO - [2024-09-12T01:47:42.337-0300] {dag.py:4156} INFO - Setting next_dagrun for dataset_s3_bucket_consumer_with_no_taskflow to None, run_after=None
[2024-09-12T01:47:42.338-0300] {logging_mixin.py:190} INFO - [2024-09-12T01:47:42.338-0300] {dag.py:4156} INFO - Setting next_dagrun for dataset_s3_bucket_producer_with_no_taskflow to None, run_after=None
[2024-09-12T01:47:42.360-0300] {processor.py:208} INFO - Processing /home/gabzarp/.local/lib/python3.10/site-packages/airflow/example_dags/example_dataset_alias_with_no_taskflow.py took 0.084 seconds
[2024-09-12T01:48:54.868-0300] {processor.py:186} INFO - Started process (PID=7046) to work on /home/gabzarp/.local/lib/python3.10/site-packages/airflow/example_dags/example_dataset_alias_with_no_taskflow.py
[2024-09-12T01:48:54.869-0300] {processor.py:914} INFO - Processing file /home/gabzarp/.local/lib/python3.10/site-packages/airflow/example_dags/example_dataset_alias_with_no_taskflow.py for tasks to queue
[2024-09-12T01:48:54.871-0300] {logging_mixin.py:190} INFO - [2024-09-12T01:48:54.871-0300] {dagbag.py:587} INFO - Filling up the DagBag from /home/gabzarp/.local/lib/python3.10/site-packages/airflow/example_dags/example_dataset_alias_with_no_taskflow.py
[2024-09-12T01:48:54.885-0300] {processor.py:925} INFO - DAG(s) 'dataset_s3_bucket_producer_with_no_taskflow', 'dataset_alias_example_alias_producer_with_no_taskflow', 'dataset_alias_example_alias_consumer_with_no_taskflow', 'dataset_s3_bucket_consumer_with_no_taskflow' retrieved from /home/gabzarp/.local/lib/python3.10/site-packages/airflow/example_dags/example_dataset_alias_with_no_taskflow.py
[2024-09-12T01:48:54.899-0300] {logging_mixin.py:190} INFO - [2024-09-12T01:48:54.899-0300] {dag.py:3229} INFO - Sync 4 DAGs
[2024-09-12T01:48:54.911-0300] {logging_mixin.py:190} INFO - [2024-09-12T01:48:54.911-0300] {dag.py:4156} INFO - Setting next_dagrun for dataset_alias_example_alias_consumer_with_no_taskflow to None, run_after=None
[2024-09-12T01:48:54.912-0300] {logging_mixin.py:190} INFO - [2024-09-12T01:48:54.912-0300] {dag.py:4156} INFO - Setting next_dagrun for dataset_alias_example_alias_producer_with_no_taskflow to None, run_after=None
[2024-09-12T01:48:54.913-0300] {logging_mixin.py:190} INFO - [2024-09-12T01:48:54.913-0300] {dag.py:4156} INFO - Setting next_dagrun for dataset_s3_bucket_consumer_with_no_taskflow to None, run_after=None
[2024-09-12T01:48:54.914-0300] {logging_mixin.py:190} INFO - [2024-09-12T01:48:54.913-0300] {dag.py:4156} INFO - Setting next_dagrun for dataset_s3_bucket_producer_with_no_taskflow to None, run_after=None
[2024-09-12T01:48:54.932-0300] {processor.py:208} INFO - Processing /home/gabzarp/.local/lib/python3.10/site-packages/airflow/example_dags/example_dataset_alias_with_no_taskflow.py took 0.067 seconds
[2024-09-12T01:49:44.497-0300] {processor.py:186} INFO - Started process (PID=7438) to work on /home/gabzarp/.local/lib/python3.10/site-packages/airflow/example_dags/example_dataset_alias_with_no_taskflow.py
[2024-09-12T01:49:44.498-0300] {processor.py:914} INFO - Processing file /home/gabzarp/.local/lib/python3.10/site-packages/airflow/example_dags/example_dataset_alias_with_no_taskflow.py for tasks to queue
[2024-09-12T01:49:44.499-0300] {logging_mixin.py:190} INFO - [2024-09-12T01:49:44.499-0300] {dagbag.py:587} INFO - Filling up the DagBag from /home/gabzarp/.local/lib/python3.10/site-packages/airflow/example_dags/example_dataset_alias_with_no_taskflow.py
[2024-09-12T01:49:44.513-0300] {processor.py:925} INFO - DAG(s) 'dataset_alias_example_alias_consumer_with_no_taskflow', 'dataset_s3_bucket_producer_with_no_taskflow', 'dataset_alias_example_alias_producer_with_no_taskflow', 'dataset_s3_bucket_consumer_with_no_taskflow' retrieved from /home/gabzarp/.local/lib/python3.10/site-packages/airflow/example_dags/example_dataset_alias_with_no_taskflow.py
[2024-09-12T01:49:44.526-0300] {logging_mixin.py:190} INFO - [2024-09-12T01:49:44.526-0300] {dag.py:3229} INFO - Sync 4 DAGs
[2024-09-12T01:49:44.539-0300] {logging_mixin.py:190} INFO - [2024-09-12T01:49:44.539-0300] {dag.py:4156} INFO - Setting next_dagrun for dataset_alias_example_alias_consumer_with_no_taskflow to None, run_after=None
[2024-09-12T01:49:44.540-0300] {logging_mixin.py:190} INFO - [2024-09-12T01:49:44.540-0300] {dag.py:4156} INFO - Setting next_dagrun for dataset_alias_example_alias_producer_with_no_taskflow to None, run_after=None
[2024-09-12T01:49:44.541-0300] {logging_mixin.py:190} INFO - [2024-09-12T01:49:44.541-0300] {dag.py:4156} INFO - Setting next_dagrun for dataset_s3_bucket_consumer_with_no_taskflow to None, run_after=None
[2024-09-12T01:49:44.542-0300] {logging_mixin.py:190} INFO - [2024-09-12T01:49:44.542-0300] {dag.py:4156} INFO - Setting next_dagrun for dataset_s3_bucket_producer_with_no_taskflow to None, run_after=None
[2024-09-12T01:49:44.560-0300] {processor.py:208} INFO - Processing /home/gabzarp/.local/lib/python3.10/site-packages/airflow/example_dags/example_dataset_alias_with_no_taskflow.py took 0.066 seconds
[2024-09-12T01:50:34.843-0300] {processor.py:186} INFO - Started process (PID=7926) to work on /home/gabzarp/.local/lib/python3.10/site-packages/airflow/example_dags/example_dataset_alias_with_no_taskflow.py
[2024-09-12T01:50:34.844-0300] {processor.py:914} INFO - Processing file /home/gabzarp/.local/lib/python3.10/site-packages/airflow/example_dags/example_dataset_alias_with_no_taskflow.py for tasks to queue
[2024-09-12T01:50:34.845-0300] {logging_mixin.py:190} INFO - [2024-09-12T01:50:34.844-0300] {dagbag.py:587} INFO - Filling up the DagBag from /home/gabzarp/.local/lib/python3.10/site-packages/airflow/example_dags/example_dataset_alias_with_no_taskflow.py
[2024-09-12T01:50:34.860-0300] {processor.py:925} INFO - DAG(s) 'dataset_alias_example_alias_producer_with_no_taskflow', 'dataset_s3_bucket_consumer_with_no_taskflow', 'dataset_alias_example_alias_consumer_with_no_taskflow', 'dataset_s3_bucket_producer_with_no_taskflow' retrieved from /home/gabzarp/.local/lib/python3.10/site-packages/airflow/example_dags/example_dataset_alias_with_no_taskflow.py
[2024-09-12T01:50:34.873-0300] {logging_mixin.py:190} INFO - [2024-09-12T01:50:34.873-0300] {dag.py:3229} INFO - Sync 4 DAGs
[2024-09-12T01:50:34.886-0300] {logging_mixin.py:190} INFO - [2024-09-12T01:50:34.886-0300] {dag.py:4156} INFO - Setting next_dagrun for dataset_alias_example_alias_consumer_with_no_taskflow to None, run_after=None
[2024-09-12T01:50:34.887-0300] {logging_mixin.py:190} INFO - [2024-09-12T01:50:34.887-0300] {dag.py:4156} INFO - Setting next_dagrun for dataset_alias_example_alias_producer_with_no_taskflow to None, run_after=None
[2024-09-12T01:50:34.888-0300] {logging_mixin.py:190} INFO - [2024-09-12T01:50:34.888-0300] {dag.py:4156} INFO - Setting next_dagrun for dataset_s3_bucket_consumer_with_no_taskflow to None, run_after=None
[2024-09-12T01:50:34.889-0300] {logging_mixin.py:190} INFO - [2024-09-12T01:50:34.889-0300] {dag.py:4156} INFO - Setting next_dagrun for dataset_s3_bucket_producer_with_no_taskflow to None, run_after=None
[2024-09-12T01:50:34.905-0300] {processor.py:208} INFO - Processing /home/gabzarp/.local/lib/python3.10/site-packages/airflow/example_dags/example_dataset_alias_with_no_taskflow.py took 0.066 seconds
[2024-09-12T01:51:23.996-0300] {processor.py:186} INFO - Started process (PID=8354) to work on /home/gabzarp/.local/lib/python3.10/site-packages/airflow/example_dags/example_dataset_alias_with_no_taskflow.py
[2024-09-12T01:51:23.997-0300] {processor.py:914} INFO - Processing file /home/gabzarp/.local/lib/python3.10/site-packages/airflow/example_dags/example_dataset_alias_with_no_taskflow.py for tasks to queue
[2024-09-12T01:51:23.997-0300] {logging_mixin.py:190} INFO - [2024-09-12T01:51:23.997-0300] {dagbag.py:587} INFO - Filling up the DagBag from /home/gabzarp/.local/lib/python3.10/site-packages/airflow/example_dags/example_dataset_alias_with_no_taskflow.py
[2024-09-12T01:51:24.010-0300] {processor.py:925} INFO - DAG(s) 'dataset_s3_bucket_consumer_with_no_taskflow', 'dataset_alias_example_alias_consumer_with_no_taskflow', 'dataset_s3_bucket_producer_with_no_taskflow', 'dataset_alias_example_alias_producer_with_no_taskflow' retrieved from /home/gabzarp/.local/lib/python3.10/site-packages/airflow/example_dags/example_dataset_alias_with_no_taskflow.py
[2024-09-12T01:51:24.023-0300] {logging_mixin.py:190} INFO - [2024-09-12T01:51:24.022-0300] {dag.py:3229} INFO - Sync 4 DAGs
[2024-09-12T01:51:24.035-0300] {logging_mixin.py:190} INFO - [2024-09-12T01:51:24.035-0300] {dag.py:4156} INFO - Setting next_dagrun for dataset_alias_example_alias_consumer_with_no_taskflow to None, run_after=None
[2024-09-12T01:51:24.036-0300] {logging_mixin.py:190} INFO - [2024-09-12T01:51:24.036-0300] {dag.py:4156} INFO - Setting next_dagrun for dataset_alias_example_alias_producer_with_no_taskflow to None, run_after=None
[2024-09-12T01:51:24.037-0300] {logging_mixin.py:190} INFO - [2024-09-12T01:51:24.037-0300] {dag.py:4156} INFO - Setting next_dagrun for dataset_s3_bucket_consumer_with_no_taskflow to None, run_after=None
[2024-09-12T01:51:24.037-0300] {logging_mixin.py:190} INFO - [2024-09-12T01:51:24.037-0300] {dag.py:4156} INFO - Setting next_dagrun for dataset_s3_bucket_producer_with_no_taskflow to None, run_after=None
[2024-09-12T01:51:24.097-0300] {processor.py:208} INFO - Processing /home/gabzarp/.local/lib/python3.10/site-packages/airflow/example_dags/example_dataset_alias_with_no_taskflow.py took 0.105 seconds
[2024-09-12T01:52:15.587-0300] {processor.py:186} INFO - Started process (PID=8869) to work on /home/gabzarp/.local/lib/python3.10/site-packages/airflow/example_dags/example_dataset_alias_with_no_taskflow.py
[2024-09-12T01:52:15.588-0300] {processor.py:914} INFO - Processing file /home/gabzarp/.local/lib/python3.10/site-packages/airflow/example_dags/example_dataset_alias_with_no_taskflow.py for tasks to queue
[2024-09-12T01:52:15.589-0300] {logging_mixin.py:190} INFO - [2024-09-12T01:52:15.588-0300] {dagbag.py:587} INFO - Filling up the DagBag from /home/gabzarp/.local/lib/python3.10/site-packages/airflow/example_dags/example_dataset_alias_with_no_taskflow.py
[2024-09-12T01:52:15.602-0300] {processor.py:925} INFO - DAG(s) 'dataset_alias_example_alias_consumer_with_no_taskflow', 'dataset_alias_example_alias_producer_with_no_taskflow', 'dataset_s3_bucket_producer_with_no_taskflow', 'dataset_s3_bucket_consumer_with_no_taskflow' retrieved from /home/gabzarp/.local/lib/python3.10/site-packages/airflow/example_dags/example_dataset_alias_with_no_taskflow.py
[2024-09-12T01:52:15.613-0300] {logging_mixin.py:190} INFO - [2024-09-12T01:52:15.613-0300] {dag.py:3229} INFO - Sync 4 DAGs
[2024-09-12T01:52:15.626-0300] {logging_mixin.py:190} INFO - [2024-09-12T01:52:15.626-0300] {dag.py:4156} INFO - Setting next_dagrun for dataset_alias_example_alias_consumer_with_no_taskflow to None, run_after=None
[2024-09-12T01:52:15.627-0300] {logging_mixin.py:190} INFO - [2024-09-12T01:52:15.627-0300] {dag.py:4156} INFO - Setting next_dagrun for dataset_alias_example_alias_producer_with_no_taskflow to None, run_after=None
[2024-09-12T01:52:15.628-0300] {logging_mixin.py:190} INFO - [2024-09-12T01:52:15.628-0300] {dag.py:4156} INFO - Setting next_dagrun for dataset_s3_bucket_consumer_with_no_taskflow to None, run_after=None
[2024-09-12T01:52:15.628-0300] {logging_mixin.py:190} INFO - [2024-09-12T01:52:15.628-0300] {dag.py:4156} INFO - Setting next_dagrun for dataset_s3_bucket_producer_with_no_taskflow to None, run_after=None
[2024-09-12T01:52:15.644-0300] {processor.py:208} INFO - Processing /home/gabzarp/.local/lib/python3.10/site-packages/airflow/example_dags/example_dataset_alias_with_no_taskflow.py took 0.060 seconds
[2024-09-12T01:53:09.288-0300] {processor.py:186} INFO - Started process (PID=9446) to work on /home/gabzarp/.local/lib/python3.10/site-packages/airflow/example_dags/example_dataset_alias_with_no_taskflow.py
[2024-09-12T01:53:09.290-0300] {processor.py:914} INFO - Processing file /home/gabzarp/.local/lib/python3.10/site-packages/airflow/example_dags/example_dataset_alias_with_no_taskflow.py for tasks to queue
[2024-09-12T01:53:09.291-0300] {logging_mixin.py:190} INFO - [2024-09-12T01:53:09.291-0300] {dagbag.py:587} INFO - Filling up the DagBag from /home/gabzarp/.local/lib/python3.10/site-packages/airflow/example_dags/example_dataset_alias_with_no_taskflow.py
[2024-09-12T01:53:09.306-0300] {processor.py:925} INFO - DAG(s) 'dataset_alias_example_alias_consumer_with_no_taskflow', 'dataset_alias_example_alias_producer_with_no_taskflow', 'dataset_s3_bucket_consumer_with_no_taskflow', 'dataset_s3_bucket_producer_with_no_taskflow' retrieved from /home/gabzarp/.local/lib/python3.10/site-packages/airflow/example_dags/example_dataset_alias_with_no_taskflow.py
[2024-09-12T01:53:09.320-0300] {logging_mixin.py:190} INFO - [2024-09-12T01:53:09.320-0300] {dag.py:3229} INFO - Sync 4 DAGs
[2024-09-12T01:53:09.335-0300] {logging_mixin.py:190} INFO - [2024-09-12T01:53:09.334-0300] {dag.py:4156} INFO - Setting next_dagrun for dataset_alias_example_alias_consumer_with_no_taskflow to None, run_after=None
[2024-09-12T01:53:09.336-0300] {logging_mixin.py:190} INFO - [2024-09-12T01:53:09.336-0300] {dag.py:4156} INFO - Setting next_dagrun for dataset_alias_example_alias_producer_with_no_taskflow to None, run_after=None
[2024-09-12T01:53:09.337-0300] {logging_mixin.py:190} INFO - [2024-09-12T01:53:09.337-0300] {dag.py:4156} INFO - Setting next_dagrun for dataset_s3_bucket_consumer_with_no_taskflow to None, run_after=None
[2024-09-12T01:53:09.337-0300] {logging_mixin.py:190} INFO - [2024-09-12T01:53:09.337-0300] {dag.py:4156} INFO - Setting next_dagrun for dataset_s3_bucket_producer_with_no_taskflow to None, run_after=None
[2024-09-12T01:53:09.354-0300] {processor.py:208} INFO - Processing /home/gabzarp/.local/lib/python3.10/site-packages/airflow/example_dags/example_dataset_alias_with_no_taskflow.py took 0.070 seconds
[2024-09-12T01:54:00.510-0300] {processor.py:186} INFO - Started process (PID=9876) to work on /home/gabzarp/.local/lib/python3.10/site-packages/airflow/example_dags/example_dataset_alias_with_no_taskflow.py
[2024-09-12T01:54:00.511-0300] {processor.py:914} INFO - Processing file /home/gabzarp/.local/lib/python3.10/site-packages/airflow/example_dags/example_dataset_alias_with_no_taskflow.py for tasks to queue
[2024-09-12T01:54:00.512-0300] {logging_mixin.py:190} INFO - [2024-09-12T01:54:00.511-0300] {dagbag.py:587} INFO - Filling up the DagBag from /home/gabzarp/.local/lib/python3.10/site-packages/airflow/example_dags/example_dataset_alias_with_no_taskflow.py
[2024-09-12T01:54:00.529-0300] {processor.py:925} INFO - DAG(s) 'dataset_alias_example_alias_consumer_with_no_taskflow', 'dataset_s3_bucket_consumer_with_no_taskflow', 'dataset_s3_bucket_producer_with_no_taskflow', 'dataset_alias_example_alias_producer_with_no_taskflow' retrieved from /home/gabzarp/.local/lib/python3.10/site-packages/airflow/example_dags/example_dataset_alias_with_no_taskflow.py
[2024-09-12T01:54:00.542-0300] {logging_mixin.py:190} INFO - [2024-09-12T01:54:00.541-0300] {dag.py:3229} INFO - Sync 4 DAGs
[2024-09-12T01:54:00.555-0300] {logging_mixin.py:190} INFO - [2024-09-12T01:54:00.555-0300] {dag.py:4156} INFO - Setting next_dagrun for dataset_alias_example_alias_consumer_with_no_taskflow to None, run_after=None
[2024-09-12T01:54:00.557-0300] {logging_mixin.py:190} INFO - [2024-09-12T01:54:00.556-0300] {dag.py:4156} INFO - Setting next_dagrun for dataset_alias_example_alias_producer_with_no_taskflow to None, run_after=None
[2024-09-12T01:54:00.557-0300] {logging_mixin.py:190} INFO - [2024-09-12T01:54:00.557-0300] {dag.py:4156} INFO - Setting next_dagrun for dataset_s3_bucket_consumer_with_no_taskflow to None, run_after=None
[2024-09-12T01:54:00.558-0300] {logging_mixin.py:190} INFO - [2024-09-12T01:54:00.558-0300] {dag.py:4156} INFO - Setting next_dagrun for dataset_s3_bucket_producer_with_no_taskflow to None, run_after=None
[2024-09-12T01:54:00.576-0300] {processor.py:208} INFO - Processing /home/gabzarp/.local/lib/python3.10/site-packages/airflow/example_dags/example_dataset_alias_with_no_taskflow.py took 0.069 seconds
[2024-09-12T01:54:51.099-0300] {processor.py:186} INFO - Started process (PID=10287) to work on /home/gabzarp/.local/lib/python3.10/site-packages/airflow/example_dags/example_dataset_alias_with_no_taskflow.py
[2024-09-12T01:54:51.100-0300] {processor.py:914} INFO - Processing file /home/gabzarp/.local/lib/python3.10/site-packages/airflow/example_dags/example_dataset_alias_with_no_taskflow.py for tasks to queue
[2024-09-12T01:54:51.101-0300] {logging_mixin.py:190} INFO - [2024-09-12T01:54:51.100-0300] {dagbag.py:587} INFO - Filling up the DagBag from /home/gabzarp/.local/lib/python3.10/site-packages/airflow/example_dags/example_dataset_alias_with_no_taskflow.py
[2024-09-12T01:54:51.114-0300] {processor.py:925} INFO - DAG(s) 'dataset_alias_example_alias_producer_with_no_taskflow', 'dataset_s3_bucket_producer_with_no_taskflow', 'dataset_s3_bucket_consumer_with_no_taskflow', 'dataset_alias_example_alias_consumer_with_no_taskflow' retrieved from /home/gabzarp/.local/lib/python3.10/site-packages/airflow/example_dags/example_dataset_alias_with_no_taskflow.py
[2024-09-12T01:54:51.126-0300] {logging_mixin.py:190} INFO - [2024-09-12T01:54:51.126-0300] {dag.py:3229} INFO - Sync 4 DAGs
[2024-09-12T01:54:51.138-0300] {logging_mixin.py:190} INFO - [2024-09-12T01:54:51.137-0300] {dag.py:4156} INFO - Setting next_dagrun for dataset_alias_example_alias_consumer_with_no_taskflow to None, run_after=None
[2024-09-12T01:54:51.139-0300] {logging_mixin.py:190} INFO - [2024-09-12T01:54:51.139-0300] {dag.py:4156} INFO - Setting next_dagrun for dataset_alias_example_alias_producer_with_no_taskflow to None, run_after=None
[2024-09-12T01:54:51.139-0300] {logging_mixin.py:190} INFO - [2024-09-12T01:54:51.139-0300] {dag.py:4156} INFO - Setting next_dagrun for dataset_s3_bucket_consumer_with_no_taskflow to None, run_after=None
[2024-09-12T01:54:51.140-0300] {logging_mixin.py:190} INFO - [2024-09-12T01:54:51.140-0300] {dag.py:4156} INFO - Setting next_dagrun for dataset_s3_bucket_producer_with_no_taskflow to None, run_after=None
[2024-09-12T01:54:51.155-0300] {processor.py:208} INFO - Processing /home/gabzarp/.local/lib/python3.10/site-packages/airflow/example_dags/example_dataset_alias_with_no_taskflow.py took 0.060 seconds
[2024-09-12T01:55:45.029-0300] {processor.py:186} INFO - Started process (PID=10710) to work on /home/gabzarp/.local/lib/python3.10/site-packages/airflow/example_dags/example_dataset_alias_with_no_taskflow.py
[2024-09-12T01:55:45.030-0300] {processor.py:914} INFO - Processing file /home/gabzarp/.local/lib/python3.10/site-packages/airflow/example_dags/example_dataset_alias_with_no_taskflow.py for tasks to queue
[2024-09-12T01:55:45.032-0300] {logging_mixin.py:190} INFO - [2024-09-12T01:55:45.031-0300] {dagbag.py:587} INFO - Filling up the DagBag from /home/gabzarp/.local/lib/python3.10/site-packages/airflow/example_dags/example_dataset_alias_with_no_taskflow.py
[2024-09-12T01:55:45.048-0300] {processor.py:925} INFO - DAG(s) 'dataset_s3_bucket_producer_with_no_taskflow', 'dataset_alias_example_alias_consumer_with_no_taskflow', 'dataset_s3_bucket_consumer_with_no_taskflow', 'dataset_alias_example_alias_producer_with_no_taskflow' retrieved from /home/gabzarp/.local/lib/python3.10/site-packages/airflow/example_dags/example_dataset_alias_with_no_taskflow.py
[2024-09-12T01:55:45.072-0300] {logging_mixin.py:190} INFO - [2024-09-12T01:55:45.071-0300] {dag.py:3229} INFO - Sync 4 DAGs
[2024-09-12T01:55:45.090-0300] {logging_mixin.py:190} INFO - [2024-09-12T01:55:45.089-0300] {dag.py:4156} INFO - Setting next_dagrun for dataset_alias_example_alias_consumer_with_no_taskflow to None, run_after=None
[2024-09-12T01:55:45.092-0300] {logging_mixin.py:190} INFO - [2024-09-12T01:55:45.092-0300] {dag.py:4156} INFO - Setting next_dagrun for dataset_alias_example_alias_producer_with_no_taskflow to None, run_after=None
[2024-09-12T01:55:45.093-0300] {logging_mixin.py:190} INFO - [2024-09-12T01:55:45.093-0300] {dag.py:4156} INFO - Setting next_dagrun for dataset_s3_bucket_consumer_with_no_taskflow to None, run_after=None
[2024-09-12T01:55:45.094-0300] {logging_mixin.py:190} INFO - [2024-09-12T01:55:45.094-0300] {dag.py:4156} INFO - Setting next_dagrun for dataset_s3_bucket_producer_with_no_taskflow to None, run_after=None
[2024-09-12T01:55:45.117-0300] {processor.py:208} INFO - Processing /home/gabzarp/.local/lib/python3.10/site-packages/airflow/example_dags/example_dataset_alias_with_no_taskflow.py took 0.092 seconds
[2024-09-12T01:56:40.374-0300] {processor.py:186} INFO - Started process (PID=11172) to work on /home/gabzarp/.local/lib/python3.10/site-packages/airflow/example_dags/example_dataset_alias_with_no_taskflow.py
[2024-09-12T01:56:40.374-0300] {processor.py:914} INFO - Processing file /home/gabzarp/.local/lib/python3.10/site-packages/airflow/example_dags/example_dataset_alias_with_no_taskflow.py for tasks to queue
[2024-09-12T01:56:40.375-0300] {logging_mixin.py:190} INFO - [2024-09-12T01:56:40.375-0300] {dagbag.py:587} INFO - Filling up the DagBag from /home/gabzarp/.local/lib/python3.10/site-packages/airflow/example_dags/example_dataset_alias_with_no_taskflow.py
[2024-09-12T01:56:40.388-0300] {processor.py:925} INFO - DAG(s) 'dataset_alias_example_alias_producer_with_no_taskflow', 'dataset_alias_example_alias_consumer_with_no_taskflow', 'dataset_s3_bucket_consumer_with_no_taskflow', 'dataset_s3_bucket_producer_with_no_taskflow' retrieved from /home/gabzarp/.local/lib/python3.10/site-packages/airflow/example_dags/example_dataset_alias_with_no_taskflow.py
[2024-09-12T01:56:40.400-0300] {logging_mixin.py:190} INFO - [2024-09-12T01:56:40.400-0300] {dag.py:3229} INFO - Sync 4 DAGs
[2024-09-12T01:56:40.413-0300] {logging_mixin.py:190} INFO - [2024-09-12T01:56:40.413-0300] {dag.py:4156} INFO - Setting next_dagrun for dataset_alias_example_alias_consumer_with_no_taskflow to None, run_after=None
[2024-09-12T01:56:40.415-0300] {logging_mixin.py:190} INFO - [2024-09-12T01:56:40.415-0300] {dag.py:4156} INFO - Setting next_dagrun for dataset_alias_example_alias_producer_with_no_taskflow to None, run_after=None
[2024-09-12T01:56:40.415-0300] {logging_mixin.py:190} INFO - [2024-09-12T01:56:40.415-0300] {dag.py:4156} INFO - Setting next_dagrun for dataset_s3_bucket_consumer_with_no_taskflow to None, run_after=None
[2024-09-12T01:56:40.416-0300] {logging_mixin.py:190} INFO - [2024-09-12T01:56:40.416-0300] {dag.py:4156} INFO - Setting next_dagrun for dataset_s3_bucket_producer_with_no_taskflow to None, run_after=None
[2024-09-12T01:56:40.476-0300] {processor.py:208} INFO - Processing /home/gabzarp/.local/lib/python3.10/site-packages/airflow/example_dags/example_dataset_alias_with_no_taskflow.py took 0.106 seconds
[2024-09-12T01:57:34.577-0300] {processor.py:186} INFO - Started process (PID=11654) to work on /home/gabzarp/.local/lib/python3.10/site-packages/airflow/example_dags/example_dataset_alias_with_no_taskflow.py
[2024-09-12T01:57:34.578-0300] {processor.py:914} INFO - Processing file /home/gabzarp/.local/lib/python3.10/site-packages/airflow/example_dags/example_dataset_alias_with_no_taskflow.py for tasks to queue
[2024-09-12T01:57:34.579-0300] {logging_mixin.py:190} INFO - [2024-09-12T01:57:34.578-0300] {dagbag.py:587} INFO - Filling up the DagBag from /home/gabzarp/.local/lib/python3.10/site-packages/airflow/example_dags/example_dataset_alias_with_no_taskflow.py
[2024-09-12T01:57:34.594-0300] {processor.py:925} INFO - DAG(s) 'dataset_s3_bucket_producer_with_no_taskflow', 'dataset_s3_bucket_consumer_with_no_taskflow', 'dataset_alias_example_alias_producer_with_no_taskflow', 'dataset_alias_example_alias_consumer_with_no_taskflow' retrieved from /home/gabzarp/.local/lib/python3.10/site-packages/airflow/example_dags/example_dataset_alias_with_no_taskflow.py
[2024-09-12T01:57:34.609-0300] {logging_mixin.py:190} INFO - [2024-09-12T01:57:34.608-0300] {dag.py:3229} INFO - Sync 4 DAGs
[2024-09-12T01:57:34.622-0300] {logging_mixin.py:190} INFO - [2024-09-12T01:57:34.622-0300] {dag.py:4156} INFO - Setting next_dagrun for dataset_alias_example_alias_consumer_with_no_taskflow to None, run_after=None
[2024-09-12T01:57:34.624-0300] {logging_mixin.py:190} INFO - [2024-09-12T01:57:34.624-0300] {dag.py:4156} INFO - Setting next_dagrun for dataset_alias_example_alias_producer_with_no_taskflow to None, run_after=None
[2024-09-12T01:57:34.624-0300] {logging_mixin.py:190} INFO - [2024-09-12T01:57:34.624-0300] {dag.py:4156} INFO - Setting next_dagrun for dataset_s3_bucket_consumer_with_no_taskflow to None, run_after=None
[2024-09-12T01:57:34.625-0300] {logging_mixin.py:190} INFO - [2024-09-12T01:57:34.625-0300] {dag.py:4156} INFO - Setting next_dagrun for dataset_s3_bucket_producer_with_no_taskflow to None, run_after=None
[2024-09-12T01:57:34.675-0300] {processor.py:208} INFO - Processing /home/gabzarp/.local/lib/python3.10/site-packages/airflow/example_dags/example_dataset_alias_with_no_taskflow.py took 0.102 seconds
[2024-09-12T01:58:29.664-0300] {processor.py:186} INFO - Started process (PID=12088) to work on /home/gabzarp/.local/lib/python3.10/site-packages/airflow/example_dags/example_dataset_alias_with_no_taskflow.py
[2024-09-12T01:58:29.665-0300] {processor.py:914} INFO - Processing file /home/gabzarp/.local/lib/python3.10/site-packages/airflow/example_dags/example_dataset_alias_with_no_taskflow.py for tasks to queue
[2024-09-12T01:58:29.666-0300] {logging_mixin.py:190} INFO - [2024-09-12T01:58:29.665-0300] {dagbag.py:587} INFO - Filling up the DagBag from /home/gabzarp/.local/lib/python3.10/site-packages/airflow/example_dags/example_dataset_alias_with_no_taskflow.py
[2024-09-12T01:58:29.679-0300] {processor.py:925} INFO - DAG(s) 'dataset_s3_bucket_producer_with_no_taskflow', 'dataset_alias_example_alias_producer_with_no_taskflow', 'dataset_s3_bucket_consumer_with_no_taskflow', 'dataset_alias_example_alias_consumer_with_no_taskflow' retrieved from /home/gabzarp/.local/lib/python3.10/site-packages/airflow/example_dags/example_dataset_alias_with_no_taskflow.py
[2024-09-12T01:58:29.691-0300] {logging_mixin.py:190} INFO - [2024-09-12T01:58:29.690-0300] {dag.py:3229} INFO - Sync 4 DAGs
[2024-09-12T01:58:29.703-0300] {logging_mixin.py:190} INFO - [2024-09-12T01:58:29.702-0300] {dag.py:4156} INFO - Setting next_dagrun for dataset_alias_example_alias_consumer_with_no_taskflow to None, run_after=None
[2024-09-12T01:58:29.704-0300] {logging_mixin.py:190} INFO - [2024-09-12T01:58:29.704-0300] {dag.py:4156} INFO - Setting next_dagrun for dataset_alias_example_alias_producer_with_no_taskflow to None, run_after=None
[2024-09-12T01:58:29.704-0300] {logging_mixin.py:190} INFO - [2024-09-12T01:58:29.704-0300] {dag.py:4156} INFO - Setting next_dagrun for dataset_s3_bucket_consumer_with_no_taskflow to None, run_after=None
[2024-09-12T01:58:29.705-0300] {logging_mixin.py:190} INFO - [2024-09-12T01:58:29.705-0300] {dag.py:4156} INFO - Setting next_dagrun for dataset_s3_bucket_producer_with_no_taskflow to None, run_after=None
[2024-09-12T01:58:29.721-0300] {processor.py:208} INFO - Processing /home/gabzarp/.local/lib/python3.10/site-packages/airflow/example_dags/example_dataset_alias_with_no_taskflow.py took 0.061 seconds
[2024-09-12T01:59:21.818-0300] {processor.py:186} INFO - Started process (PID=12498) to work on /home/gabzarp/.local/lib/python3.10/site-packages/airflow/example_dags/example_dataset_alias_with_no_taskflow.py
[2024-09-12T01:59:21.819-0300] {processor.py:914} INFO - Processing file /home/gabzarp/.local/lib/python3.10/site-packages/airflow/example_dags/example_dataset_alias_with_no_taskflow.py for tasks to queue
[2024-09-12T01:59:21.820-0300] {logging_mixin.py:190} INFO - [2024-09-12T01:59:21.819-0300] {dagbag.py:587} INFO - Filling up the DagBag from /home/gabzarp/.local/lib/python3.10/site-packages/airflow/example_dags/example_dataset_alias_with_no_taskflow.py
[2024-09-12T01:59:21.833-0300] {processor.py:925} INFO - DAG(s) 'dataset_alias_example_alias_consumer_with_no_taskflow', 'dataset_s3_bucket_producer_with_no_taskflow', 'dataset_s3_bucket_consumer_with_no_taskflow', 'dataset_alias_example_alias_producer_with_no_taskflow' retrieved from /home/gabzarp/.local/lib/python3.10/site-packages/airflow/example_dags/example_dataset_alias_with_no_taskflow.py
[2024-09-12T01:59:21.846-0300] {logging_mixin.py:190} INFO - [2024-09-12T01:59:21.846-0300] {dag.py:3229} INFO - Sync 4 DAGs
[2024-09-12T01:59:21.858-0300] {logging_mixin.py:190} INFO - [2024-09-12T01:59:21.858-0300] {dag.py:4156} INFO - Setting next_dagrun for dataset_alias_example_alias_consumer_with_no_taskflow to None, run_after=None
[2024-09-12T01:59:21.859-0300] {logging_mixin.py:190} INFO - [2024-09-12T01:59:21.859-0300] {dag.py:4156} INFO - Setting next_dagrun for dataset_alias_example_alias_producer_with_no_taskflow to None, run_after=None
[2024-09-12T01:59:21.860-0300] {logging_mixin.py:190} INFO - [2024-09-12T01:59:21.860-0300] {dag.py:4156} INFO - Setting next_dagrun for dataset_s3_bucket_consumer_with_no_taskflow to None, run_after=None
[2024-09-12T01:59:21.860-0300] {logging_mixin.py:190} INFO - [2024-09-12T01:59:21.860-0300] {dag.py:4156} INFO - Setting next_dagrun for dataset_s3_bucket_producer_with_no_taskflow to None, run_after=None
[2024-09-12T01:59:21.877-0300] {processor.py:208} INFO - Processing /home/gabzarp/.local/lib/python3.10/site-packages/airflow/example_dags/example_dataset_alias_with_no_taskflow.py took 0.063 seconds
[2024-09-12T02:00:33.407-0300] {processor.py:186} INFO - Started process (PID=13136) to work on /home/gabzarp/.local/lib/python3.10/site-packages/airflow/example_dags/example_dataset_alias_with_no_taskflow.py
[2024-09-12T02:00:33.408-0300] {processor.py:914} INFO - Processing file /home/gabzarp/.local/lib/python3.10/site-packages/airflow/example_dags/example_dataset_alias_with_no_taskflow.py for tasks to queue
[2024-09-12T02:00:33.409-0300] {logging_mixin.py:190} INFO - [2024-09-12T02:00:33.409-0300] {dagbag.py:587} INFO - Filling up the DagBag from /home/gabzarp/.local/lib/python3.10/site-packages/airflow/example_dags/example_dataset_alias_with_no_taskflow.py
[2024-09-12T02:00:33.423-0300] {processor.py:925} INFO - DAG(s) 'dataset_s3_bucket_producer_with_no_taskflow', 'dataset_alias_example_alias_producer_with_no_taskflow', 'dataset_alias_example_alias_consumer_with_no_taskflow', 'dataset_s3_bucket_consumer_with_no_taskflow' retrieved from /home/gabzarp/.local/lib/python3.10/site-packages/airflow/example_dags/example_dataset_alias_with_no_taskflow.py
[2024-09-12T02:00:33.440-0300] {logging_mixin.py:190} INFO - [2024-09-12T02:00:33.440-0300] {dag.py:3229} INFO - Sync 4 DAGs
[2024-09-12T02:00:33.454-0300] {logging_mixin.py:190} INFO - [2024-09-12T02:00:33.454-0300] {dag.py:4156} INFO - Setting next_dagrun for dataset_alias_example_alias_consumer_with_no_taskflow to None, run_after=None
[2024-09-12T02:00:33.456-0300] {logging_mixin.py:190} INFO - [2024-09-12T02:00:33.455-0300] {dag.py:4156} INFO - Setting next_dagrun for dataset_alias_example_alias_producer_with_no_taskflow to None, run_after=None
[2024-09-12T02:00:33.456-0300] {logging_mixin.py:190} INFO - [2024-09-12T02:00:33.456-0300] {dag.py:4156} INFO - Setting next_dagrun for dataset_s3_bucket_consumer_with_no_taskflow to None, run_after=None
[2024-09-12T02:00:33.457-0300] {logging_mixin.py:190} INFO - [2024-09-12T02:00:33.457-0300] {dag.py:4156} INFO - Setting next_dagrun for dataset_s3_bucket_producer_with_no_taskflow to None, run_after=None
[2024-09-12T02:00:33.508-0300] {processor.py:208} INFO - Processing /home/gabzarp/.local/lib/python3.10/site-packages/airflow/example_dags/example_dataset_alias_with_no_taskflow.py took 0.105 seconds
[2024-09-12T02:01:26.031-0300] {processor.py:186} INFO - Started process (PID=13629) to work on /home/gabzarp/.local/lib/python3.10/site-packages/airflow/example_dags/example_dataset_alias_with_no_taskflow.py
[2024-09-12T02:01:26.032-0300] {processor.py:914} INFO - Processing file /home/gabzarp/.local/lib/python3.10/site-packages/airflow/example_dags/example_dataset_alias_with_no_taskflow.py for tasks to queue
[2024-09-12T02:01:26.033-0300] {logging_mixin.py:190} INFO - [2024-09-12T02:01:26.033-0300] {dagbag.py:587} INFO - Filling up the DagBag from /home/gabzarp/.local/lib/python3.10/site-packages/airflow/example_dags/example_dataset_alias_with_no_taskflow.py
[2024-09-12T02:01:26.046-0300] {processor.py:925} INFO - DAG(s) 'dataset_s3_bucket_producer_with_no_taskflow', 'dataset_alias_example_alias_consumer_with_no_taskflow', 'dataset_s3_bucket_consumer_with_no_taskflow', 'dataset_alias_example_alias_producer_with_no_taskflow' retrieved from /home/gabzarp/.local/lib/python3.10/site-packages/airflow/example_dags/example_dataset_alias_with_no_taskflow.py
[2024-09-12T02:01:26.059-0300] {logging_mixin.py:190} INFO - [2024-09-12T02:01:26.059-0300] {dag.py:3229} INFO - Sync 4 DAGs
[2024-09-12T02:01:26.071-0300] {logging_mixin.py:190} INFO - [2024-09-12T02:01:26.070-0300] {dag.py:4156} INFO - Setting next_dagrun for dataset_alias_example_alias_consumer_with_no_taskflow to None, run_after=None
[2024-09-12T02:01:26.072-0300] {logging_mixin.py:190} INFO - [2024-09-12T02:01:26.072-0300] {dag.py:4156} INFO - Setting next_dagrun for dataset_alias_example_alias_producer_with_no_taskflow to None, run_after=None
[2024-09-12T02:01:26.072-0300] {logging_mixin.py:190} INFO - [2024-09-12T02:01:26.072-0300] {dag.py:4156} INFO - Setting next_dagrun for dataset_s3_bucket_consumer_with_no_taskflow to None, run_after=None
[2024-09-12T02:01:26.073-0300] {logging_mixin.py:190} INFO - [2024-09-12T02:01:26.073-0300] {dag.py:4156} INFO - Setting next_dagrun for dataset_s3_bucket_producer_with_no_taskflow to None, run_after=None
[2024-09-12T02:01:26.089-0300] {processor.py:208} INFO - Processing /home/gabzarp/.local/lib/python3.10/site-packages/airflow/example_dags/example_dataset_alias_with_no_taskflow.py took 0.062 seconds
[2024-09-12T02:02:17.017-0300] {processor.py:186} INFO - Started process (PID=14070) to work on /home/gabzarp/.local/lib/python3.10/site-packages/airflow/example_dags/example_dataset_alias_with_no_taskflow.py
[2024-09-12T02:02:17.018-0300] {processor.py:914} INFO - Processing file /home/gabzarp/.local/lib/python3.10/site-packages/airflow/example_dags/example_dataset_alias_with_no_taskflow.py for tasks to queue
[2024-09-12T02:02:17.019-0300] {logging_mixin.py:190} INFO - [2024-09-12T02:02:17.019-0300] {dagbag.py:587} INFO - Filling up the DagBag from /home/gabzarp/.local/lib/python3.10/site-packages/airflow/example_dags/example_dataset_alias_with_no_taskflow.py
[2024-09-12T02:02:17.032-0300] {processor.py:925} INFO - DAG(s) 'dataset_alias_example_alias_consumer_with_no_taskflow', 'dataset_alias_example_alias_producer_with_no_taskflow', 'dataset_s3_bucket_consumer_with_no_taskflow', 'dataset_s3_bucket_producer_with_no_taskflow' retrieved from /home/gabzarp/.local/lib/python3.10/site-packages/airflow/example_dags/example_dataset_alias_with_no_taskflow.py
[2024-09-12T02:02:17.044-0300] {logging_mixin.py:190} INFO - [2024-09-12T02:02:17.044-0300] {dag.py:3229} INFO - Sync 4 DAGs
[2024-09-12T02:02:17.056-0300] {logging_mixin.py:190} INFO - [2024-09-12T02:02:17.056-0300] {dag.py:4156} INFO - Setting next_dagrun for dataset_alias_example_alias_consumer_with_no_taskflow to None, run_after=None
[2024-09-12T02:02:17.057-0300] {logging_mixin.py:190} INFO - [2024-09-12T02:02:17.057-0300] {dag.py:4156} INFO - Setting next_dagrun for dataset_alias_example_alias_producer_with_no_taskflow to None, run_after=None
[2024-09-12T02:02:17.058-0300] {logging_mixin.py:190} INFO - [2024-09-12T02:02:17.058-0300] {dag.py:4156} INFO - Setting next_dagrun for dataset_s3_bucket_consumer_with_no_taskflow to None, run_after=None
[2024-09-12T02:02:17.058-0300] {logging_mixin.py:190} INFO - [2024-09-12T02:02:17.058-0300] {dag.py:4156} INFO - Setting next_dagrun for dataset_s3_bucket_producer_with_no_taskflow to None, run_after=None
[2024-09-12T02:02:17.075-0300] {processor.py:208} INFO - Processing /home/gabzarp/.local/lib/python3.10/site-packages/airflow/example_dags/example_dataset_alias_with_no_taskflow.py took 0.062 seconds
[2024-09-12T02:03:29.355-0300] {processor.py:186} INFO - Started process (PID=14656) to work on /home/gabzarp/.local/lib/python3.10/site-packages/airflow/example_dags/example_dataset_alias_with_no_taskflow.py
[2024-09-12T02:03:29.356-0300] {processor.py:914} INFO - Processing file /home/gabzarp/.local/lib/python3.10/site-packages/airflow/example_dags/example_dataset_alias_with_no_taskflow.py for tasks to queue
[2024-09-12T02:03:29.357-0300] {logging_mixin.py:190} INFO - [2024-09-12T02:03:29.357-0300] {dagbag.py:587} INFO - Filling up the DagBag from /home/gabzarp/.local/lib/python3.10/site-packages/airflow/example_dags/example_dataset_alias_with_no_taskflow.py
[2024-09-12T02:03:29.371-0300] {processor.py:925} INFO - DAG(s) 'dataset_alias_example_alias_producer_with_no_taskflow', 'dataset_s3_bucket_consumer_with_no_taskflow', 'dataset_s3_bucket_producer_with_no_taskflow', 'dataset_alias_example_alias_consumer_with_no_taskflow' retrieved from /home/gabzarp/.local/lib/python3.10/site-packages/airflow/example_dags/example_dataset_alias_with_no_taskflow.py
[2024-09-12T02:03:29.384-0300] {logging_mixin.py:190} INFO - [2024-09-12T02:03:29.384-0300] {dag.py:3229} INFO - Sync 4 DAGs
[2024-09-12T02:03:29.396-0300] {logging_mixin.py:190} INFO - [2024-09-12T02:03:29.396-0300] {dag.py:4156} INFO - Setting next_dagrun for dataset_alias_example_alias_consumer_with_no_taskflow to None, run_after=None
[2024-09-12T02:03:29.398-0300] {logging_mixin.py:190} INFO - [2024-09-12T02:03:29.398-0300] {dag.py:4156} INFO - Setting next_dagrun for dataset_alias_example_alias_producer_with_no_taskflow to None, run_after=None
[2024-09-12T02:03:29.399-0300] {logging_mixin.py:190} INFO - [2024-09-12T02:03:29.399-0300] {dag.py:4156} INFO - Setting next_dagrun for dataset_s3_bucket_consumer_with_no_taskflow to None, run_after=None
[2024-09-12T02:03:29.399-0300] {logging_mixin.py:190} INFO - [2024-09-12T02:03:29.399-0300] {dag.py:4156} INFO - Setting next_dagrun for dataset_s3_bucket_producer_with_no_taskflow to None, run_after=None
[2024-09-12T02:03:29.416-0300] {processor.py:208} INFO - Processing /home/gabzarp/.local/lib/python3.10/site-packages/airflow/example_dags/example_dataset_alias_with_no_taskflow.py took 0.065 seconds
[2024-09-12T02:04:22.009-0300] {processor.py:186} INFO - Started process (PID=15068) to work on /home/gabzarp/.local/lib/python3.10/site-packages/airflow/example_dags/example_dataset_alias_with_no_taskflow.py
[2024-09-12T02:04:22.009-0300] {processor.py:914} INFO - Processing file /home/gabzarp/.local/lib/python3.10/site-packages/airflow/example_dags/example_dataset_alias_with_no_taskflow.py for tasks to queue
[2024-09-12T02:04:22.010-0300] {logging_mixin.py:190} INFO - [2024-09-12T02:04:22.010-0300] {dagbag.py:587} INFO - Filling up the DagBag from /home/gabzarp/.local/lib/python3.10/site-packages/airflow/example_dags/example_dataset_alias_with_no_taskflow.py
[2024-09-12T02:04:22.026-0300] {processor.py:925} INFO - DAG(s) 'dataset_alias_example_alias_consumer_with_no_taskflow', 'dataset_alias_example_alias_producer_with_no_taskflow', 'dataset_s3_bucket_producer_with_no_taskflow', 'dataset_s3_bucket_consumer_with_no_taskflow' retrieved from /home/gabzarp/.local/lib/python3.10/site-packages/airflow/example_dags/example_dataset_alias_with_no_taskflow.py
[2024-09-12T02:04:22.039-0300] {logging_mixin.py:190} INFO - [2024-09-12T02:04:22.039-0300] {dag.py:3229} INFO - Sync 4 DAGs
[2024-09-12T02:04:22.055-0300] {logging_mixin.py:190} INFO - [2024-09-12T02:04:22.055-0300] {dag.py:4156} INFO - Setting next_dagrun for dataset_alias_example_alias_consumer_with_no_taskflow to None, run_after=None
[2024-09-12T02:04:22.057-0300] {logging_mixin.py:190} INFO - [2024-09-12T02:04:22.057-0300] {dag.py:4156} INFO - Setting next_dagrun for dataset_alias_example_alias_producer_with_no_taskflow to None, run_after=None
[2024-09-12T02:04:22.057-0300] {logging_mixin.py:190} INFO - [2024-09-12T02:04:22.057-0300] {dag.py:4156} INFO - Setting next_dagrun for dataset_s3_bucket_consumer_with_no_taskflow to None, run_after=None
[2024-09-12T02:04:22.058-0300] {logging_mixin.py:190} INFO - [2024-09-12T02:04:22.058-0300] {dag.py:4156} INFO - Setting next_dagrun for dataset_s3_bucket_producer_with_no_taskflow to None, run_after=None
[2024-09-12T02:04:22.076-0300] {processor.py:208} INFO - Processing /home/gabzarp/.local/lib/python3.10/site-packages/airflow/example_dags/example_dataset_alias_with_no_taskflow.py took 0.071 seconds
[2024-09-12T02:05:16.793-0300] {processor.py:186} INFO - Started process (PID=15500) to work on /home/gabzarp/.local/lib/python3.10/site-packages/airflow/example_dags/example_dataset_alias_with_no_taskflow.py
[2024-09-12T02:05:16.794-0300] {processor.py:914} INFO - Processing file /home/gabzarp/.local/lib/python3.10/site-packages/airflow/example_dags/example_dataset_alias_with_no_taskflow.py for tasks to queue
[2024-09-12T02:05:16.795-0300] {logging_mixin.py:190} INFO - [2024-09-12T02:05:16.794-0300] {dagbag.py:587} INFO - Filling up the DagBag from /home/gabzarp/.local/lib/python3.10/site-packages/airflow/example_dags/example_dataset_alias_with_no_taskflow.py
[2024-09-12T02:05:16.808-0300] {processor.py:925} INFO - DAG(s) 'dataset_alias_example_alias_consumer_with_no_taskflow', 'dataset_s3_bucket_consumer_with_no_taskflow', 'dataset_s3_bucket_producer_with_no_taskflow', 'dataset_alias_example_alias_producer_with_no_taskflow' retrieved from /home/gabzarp/.local/lib/python3.10/site-packages/airflow/example_dags/example_dataset_alias_with_no_taskflow.py
[2024-09-12T02:05:16.821-0300] {logging_mixin.py:190} INFO - [2024-09-12T02:05:16.820-0300] {dag.py:3229} INFO - Sync 4 DAGs
[2024-09-12T02:05:16.833-0300] {logging_mixin.py:190} INFO - [2024-09-12T02:05:16.833-0300] {dag.py:4156} INFO - Setting next_dagrun for dataset_alias_example_alias_consumer_with_no_taskflow to None, run_after=None
[2024-09-12T02:05:16.834-0300] {logging_mixin.py:190} INFO - [2024-09-12T02:05:16.834-0300] {dag.py:4156} INFO - Setting next_dagrun for dataset_alias_example_alias_producer_with_no_taskflow to None, run_after=None
[2024-09-12T02:05:16.835-0300] {logging_mixin.py:190} INFO - [2024-09-12T02:05:16.835-0300] {dag.py:4156} INFO - Setting next_dagrun for dataset_s3_bucket_consumer_with_no_taskflow to None, run_after=None
[2024-09-12T02:05:16.835-0300] {logging_mixin.py:190} INFO - [2024-09-12T02:05:16.835-0300] {dag.py:4156} INFO - Setting next_dagrun for dataset_s3_bucket_producer_with_no_taskflow to None, run_after=None
[2024-09-12T02:05:16.852-0300] {processor.py:208} INFO - Processing /home/gabzarp/.local/lib/python3.10/site-packages/airflow/example_dags/example_dataset_alias_with_no_taskflow.py took 0.063 seconds
[2024-09-12T02:06:09.365-0300] {processor.py:186} INFO - Started process (PID=15917) to work on /home/gabzarp/.local/lib/python3.10/site-packages/airflow/example_dags/example_dataset_alias_with_no_taskflow.py
[2024-09-12T02:06:09.366-0300] {processor.py:914} INFO - Processing file /home/gabzarp/.local/lib/python3.10/site-packages/airflow/example_dags/example_dataset_alias_with_no_taskflow.py for tasks to queue
[2024-09-12T02:06:09.367-0300] {logging_mixin.py:190} INFO - [2024-09-12T02:06:09.366-0300] {dagbag.py:587} INFO - Filling up the DagBag from /home/gabzarp/.local/lib/python3.10/site-packages/airflow/example_dags/example_dataset_alias_with_no_taskflow.py
[2024-09-12T02:06:09.382-0300] {processor.py:925} INFO - DAG(s) 'dataset_s3_bucket_consumer_with_no_taskflow', 'dataset_alias_example_alias_consumer_with_no_taskflow', 'dataset_alias_example_alias_producer_with_no_taskflow', 'dataset_s3_bucket_producer_with_no_taskflow' retrieved from /home/gabzarp/.local/lib/python3.10/site-packages/airflow/example_dags/example_dataset_alias_with_no_taskflow.py
[2024-09-12T02:06:09.397-0300] {logging_mixin.py:190} INFO - [2024-09-12T02:06:09.396-0300] {dag.py:3229} INFO - Sync 4 DAGs
[2024-09-12T02:06:09.410-0300] {logging_mixin.py:190} INFO - [2024-09-12T02:06:09.409-0300] {dag.py:4156} INFO - Setting next_dagrun for dataset_alias_example_alias_consumer_with_no_taskflow to None, run_after=None
[2024-09-12T02:06:09.412-0300] {logging_mixin.py:190} INFO - [2024-09-12T02:06:09.412-0300] {dag.py:4156} INFO - Setting next_dagrun for dataset_alias_example_alias_producer_with_no_taskflow to None, run_after=None
[2024-09-12T02:06:09.412-0300] {logging_mixin.py:190} INFO - [2024-09-12T02:06:09.412-0300] {dag.py:4156} INFO - Setting next_dagrun for dataset_s3_bucket_consumer_with_no_taskflow to None, run_after=None
[2024-09-12T02:06:09.413-0300] {logging_mixin.py:190} INFO - [2024-09-12T02:06:09.413-0300] {dag.py:4156} INFO - Setting next_dagrun for dataset_s3_bucket_producer_with_no_taskflow to None, run_after=None
[2024-09-12T02:06:09.429-0300] {processor.py:208} INFO - Processing /home/gabzarp/.local/lib/python3.10/site-packages/airflow/example_dags/example_dataset_alias_with_no_taskflow.py took 0.068 seconds
[2024-09-12T02:07:00.021-0300] {processor.py:186} INFO - Started process (PID=16315) to work on /home/gabzarp/.local/lib/python3.10/site-packages/airflow/example_dags/example_dataset_alias_with_no_taskflow.py
[2024-09-12T02:07:00.022-0300] {processor.py:914} INFO - Processing file /home/gabzarp/.local/lib/python3.10/site-packages/airflow/example_dags/example_dataset_alias_with_no_taskflow.py for tasks to queue
[2024-09-12T02:07:00.023-0300] {logging_mixin.py:190} INFO - [2024-09-12T02:07:00.023-0300] {dagbag.py:587} INFO - Filling up the DagBag from /home/gabzarp/.local/lib/python3.10/site-packages/airflow/example_dags/example_dataset_alias_with_no_taskflow.py
[2024-09-12T02:07:00.037-0300] {processor.py:925} INFO - DAG(s) 'dataset_alias_example_alias_producer_with_no_taskflow', 'dataset_s3_bucket_consumer_with_no_taskflow', 'dataset_s3_bucket_producer_with_no_taskflow', 'dataset_alias_example_alias_consumer_with_no_taskflow' retrieved from /home/gabzarp/.local/lib/python3.10/site-packages/airflow/example_dags/example_dataset_alias_with_no_taskflow.py
[2024-09-12T02:07:00.049-0300] {logging_mixin.py:190} INFO - [2024-09-12T02:07:00.049-0300] {dag.py:3229} INFO - Sync 4 DAGs
[2024-09-12T02:07:00.062-0300] {logging_mixin.py:190} INFO - [2024-09-12T02:07:00.062-0300] {dag.py:4156} INFO - Setting next_dagrun for dataset_alias_example_alias_consumer_with_no_taskflow to None, run_after=None
[2024-09-12T02:07:00.063-0300] {logging_mixin.py:190} INFO - [2024-09-12T02:07:00.063-0300] {dag.py:4156} INFO - Setting next_dagrun for dataset_alias_example_alias_producer_with_no_taskflow to None, run_after=None
[2024-09-12T02:07:00.064-0300] {logging_mixin.py:190} INFO - [2024-09-12T02:07:00.063-0300] {dag.py:4156} INFO - Setting next_dagrun for dataset_s3_bucket_consumer_with_no_taskflow to None, run_after=None
[2024-09-12T02:07:00.064-0300] {logging_mixin.py:190} INFO - [2024-09-12T02:07:00.064-0300] {dag.py:4156} INFO - Setting next_dagrun for dataset_s3_bucket_producer_with_no_taskflow to None, run_after=None
[2024-09-12T02:07:00.081-0300] {processor.py:208} INFO - Processing /home/gabzarp/.local/lib/python3.10/site-packages/airflow/example_dags/example_dataset_alias_with_no_taskflow.py took 0.063 seconds
[2024-09-12T02:08:13.217-0300] {processor.py:186} INFO - Started process (PID=16895) to work on /home/gabzarp/.local/lib/python3.10/site-packages/airflow/example_dags/example_dataset_alias_with_no_taskflow.py
[2024-09-12T02:08:13.218-0300] {processor.py:914} INFO - Processing file /home/gabzarp/.local/lib/python3.10/site-packages/airflow/example_dags/example_dataset_alias_with_no_taskflow.py for tasks to queue
[2024-09-12T02:08:13.219-0300] {logging_mixin.py:190} INFO - [2024-09-12T02:08:13.219-0300] {dagbag.py:587} INFO - Filling up the DagBag from /home/gabzarp/.local/lib/python3.10/site-packages/airflow/example_dags/example_dataset_alias_with_no_taskflow.py
[2024-09-12T02:08:13.233-0300] {processor.py:925} INFO - DAG(s) 'dataset_alias_example_alias_consumer_with_no_taskflow', 'dataset_s3_bucket_consumer_with_no_taskflow', 'dataset_alias_example_alias_producer_with_no_taskflow', 'dataset_s3_bucket_producer_with_no_taskflow' retrieved from /home/gabzarp/.local/lib/python3.10/site-packages/airflow/example_dags/example_dataset_alias_with_no_taskflow.py
[2024-09-12T02:08:13.246-0300] {logging_mixin.py:190} INFO - [2024-09-12T02:08:13.246-0300] {dag.py:3229} INFO - Sync 4 DAGs
[2024-09-12T02:08:13.258-0300] {logging_mixin.py:190} INFO - [2024-09-12T02:08:13.258-0300] {dag.py:4156} INFO - Setting next_dagrun for dataset_alias_example_alias_consumer_with_no_taskflow to None, run_after=None
[2024-09-12T02:08:13.259-0300] {logging_mixin.py:190} INFO - [2024-09-12T02:08:13.259-0300] {dag.py:4156} INFO - Setting next_dagrun for dataset_alias_example_alias_producer_with_no_taskflow to None, run_after=None
[2024-09-12T02:08:13.260-0300] {logging_mixin.py:190} INFO - [2024-09-12T02:08:13.259-0300] {dag.py:4156} INFO - Setting next_dagrun for dataset_s3_bucket_consumer_with_no_taskflow to None, run_after=None
[2024-09-12T02:08:13.260-0300] {logging_mixin.py:190} INFO - [2024-09-12T02:08:13.260-0300] {dag.py:4156} INFO - Setting next_dagrun for dataset_s3_bucket_producer_with_no_taskflow to None, run_after=None
[2024-09-12T02:08:13.277-0300] {processor.py:208} INFO - Processing /home/gabzarp/.local/lib/python3.10/site-packages/airflow/example_dags/example_dataset_alias_with_no_taskflow.py took 0.063 seconds
[2024-09-12T02:09:23.966-0300] {processor.py:186} INFO - Started process (PID=17458) to work on /home/gabzarp/.local/lib/python3.10/site-packages/airflow/example_dags/example_dataset_alias_with_no_taskflow.py
[2024-09-12T02:09:23.967-0300] {processor.py:914} INFO - Processing file /home/gabzarp/.local/lib/python3.10/site-packages/airflow/example_dags/example_dataset_alias_with_no_taskflow.py for tasks to queue
[2024-09-12T02:09:23.968-0300] {logging_mixin.py:190} INFO - [2024-09-12T02:09:23.968-0300] {dagbag.py:587} INFO - Filling up the DagBag from /home/gabzarp/.local/lib/python3.10/site-packages/airflow/example_dags/example_dataset_alias_with_no_taskflow.py
[2024-09-12T02:09:23.982-0300] {processor.py:925} INFO - DAG(s) 'dataset_alias_example_alias_consumer_with_no_taskflow', 'dataset_s3_bucket_consumer_with_no_taskflow', 'dataset_s3_bucket_producer_with_no_taskflow', 'dataset_alias_example_alias_producer_with_no_taskflow' retrieved from /home/gabzarp/.local/lib/python3.10/site-packages/airflow/example_dags/example_dataset_alias_with_no_taskflow.py
[2024-09-12T02:09:23.995-0300] {logging_mixin.py:190} INFO - [2024-09-12T02:09:23.995-0300] {dag.py:3229} INFO - Sync 4 DAGs
[2024-09-12T02:09:24.008-0300] {logging_mixin.py:190} INFO - [2024-09-12T02:09:24.007-0300] {dag.py:4156} INFO - Setting next_dagrun for dataset_alias_example_alias_consumer_with_no_taskflow to None, run_after=None
[2024-09-12T02:09:24.009-0300] {logging_mixin.py:190} INFO - [2024-09-12T02:09:24.009-0300] {dag.py:4156} INFO - Setting next_dagrun for dataset_alias_example_alias_producer_with_no_taskflow to None, run_after=None
[2024-09-12T02:09:24.010-0300] {logging_mixin.py:190} INFO - [2024-09-12T02:09:24.010-0300] {dag.py:4156} INFO - Setting next_dagrun for dataset_s3_bucket_consumer_with_no_taskflow to None, run_after=None
[2024-09-12T02:09:24.010-0300] {logging_mixin.py:190} INFO - [2024-09-12T02:09:24.010-0300] {dag.py:4156} INFO - Setting next_dagrun for dataset_s3_bucket_producer_with_no_taskflow to None, run_after=None
[2024-09-12T02:09:24.028-0300] {processor.py:208} INFO - Processing /home/gabzarp/.local/lib/python3.10/site-packages/airflow/example_dags/example_dataset_alias_with_no_taskflow.py took 0.065 seconds
