[2024-09-12T01:39:27.291-0300] {processor.py:186} INFO - Started process (PID=2562) to work on /home/gabzarp/.local/lib/python3.10/site-packages/airflow/example_dags/example_short_circuit_operator.py
[2024-09-12T01:39:27.292-0300] {processor.py:914} INFO - Processing file /home/gabzarp/.local/lib/python3.10/site-packages/airflow/example_dags/example_short_circuit_operator.py for tasks to queue
[2024-09-12T01:39:27.294-0300] {logging_mixin.py:190} INFO - [2024-09-12T01:39:27.293-0300] {dagbag.py:587} INFO - Filling up the DagBag from /home/gabzarp/.local/lib/python3.10/site-packages/airflow/example_dags/example_short_circuit_operator.py
[2024-09-12T01:39:27.300-0300] {processor.py:925} INFO - DAG(s) 'example_short_circuit_operator' retrieved from /home/gabzarp/.local/lib/python3.10/site-packages/airflow/example_dags/example_short_circuit_operator.py
[2024-09-12T01:39:27.375-0300] {logging_mixin.py:190} INFO - [2024-09-12T01:39:27.375-0300] {override.py:1900} INFO - Created Permission View: can edit on DAG:example_short_circuit_operator
[2024-09-12T01:39:27.387-0300] {logging_mixin.py:190} INFO - [2024-09-12T01:39:27.387-0300] {override.py:1900} INFO - Created Permission View: can read on DAG:example_short_circuit_operator
[2024-09-12T01:39:27.395-0300] {logging_mixin.py:190} INFO - [2024-09-12T01:39:27.395-0300] {override.py:1900} INFO - Created Permission View: can delete on DAG:example_short_circuit_operator
[2024-09-12T01:39:27.408-0300] {logging_mixin.py:190} INFO - [2024-09-12T01:39:27.408-0300] {override.py:1900} INFO - Created Permission View: can read on DAG Run:example_short_circuit_operator
[2024-09-12T01:39:27.416-0300] {logging_mixin.py:190} INFO - [2024-09-12T01:39:27.415-0300] {override.py:1900} INFO - Created Permission View: can create on DAG Run:example_short_circuit_operator
[2024-09-12T01:39:27.423-0300] {logging_mixin.py:190} INFO - [2024-09-12T01:39:27.423-0300] {override.py:1900} INFO - Created Permission View: menu access on DAG Run:example_short_circuit_operator
[2024-09-12T01:39:27.431-0300] {logging_mixin.py:190} INFO - [2024-09-12T01:39:27.430-0300] {override.py:1900} INFO - Created Permission View: can delete on DAG Run:example_short_circuit_operator
[2024-09-12T01:39:27.431-0300] {logging_mixin.py:190} INFO - [2024-09-12T01:39:27.431-0300] {dag.py:3229} INFO - Sync 1 DAGs
[2024-09-12T01:39:27.439-0300] {logging_mixin.py:190} INFO - [2024-09-12T01:39:27.439-0300] {dag.py:3252} INFO - Creating ORM DAG for example_short_circuit_operator
[2024-09-12T01:39:27.440-0300] {logging_mixin.py:190} INFO - [2024-09-12T01:39:27.440-0300] {dag.py:4156} INFO - Setting next_dagrun for example_short_circuit_operator to None, run_after=None
[2024-09-12T01:39:27.456-0300] {processor.py:208} INFO - Processing /home/gabzarp/.local/lib/python3.10/site-packages/airflow/example_dags/example_short_circuit_operator.py took 0.169 seconds
[2024-09-12T01:40:25.214-0300] {processor.py:186} INFO - Started process (PID=2849) to work on /home/gabzarp/.local/lib/python3.10/site-packages/airflow/example_dags/example_short_circuit_operator.py
[2024-09-12T01:40:25.215-0300] {processor.py:914} INFO - Processing file /home/gabzarp/.local/lib/python3.10/site-packages/airflow/example_dags/example_short_circuit_operator.py for tasks to queue
[2024-09-12T01:40:25.216-0300] {logging_mixin.py:190} INFO - [2024-09-12T01:40:25.216-0300] {dagbag.py:587} INFO - Filling up the DagBag from /home/gabzarp/.local/lib/python3.10/site-packages/airflow/example_dags/example_short_circuit_operator.py
[2024-09-12T01:40:25.221-0300] {processor.py:925} INFO - DAG(s) 'example_short_circuit_operator' retrieved from /home/gabzarp/.local/lib/python3.10/site-packages/airflow/example_dags/example_short_circuit_operator.py
[2024-09-12T01:40:25.233-0300] {logging_mixin.py:190} INFO - [2024-09-12T01:40:25.233-0300] {dag.py:3229} INFO - Sync 1 DAGs
[2024-09-12T01:40:25.241-0300] {logging_mixin.py:190} INFO - [2024-09-12T01:40:25.240-0300] {dag.py:4156} INFO - Setting next_dagrun for example_short_circuit_operator to None, run_after=None
[2024-09-12T01:40:25.255-0300] {processor.py:208} INFO - Processing /home/gabzarp/.local/lib/python3.10/site-packages/airflow/example_dags/example_short_circuit_operator.py took 0.045 seconds
[2024-09-12T01:41:16.900-0300] {processor.py:186} INFO - Started process (PID=3192) to work on /home/gabzarp/.local/lib/python3.10/site-packages/airflow/example_dags/example_short_circuit_operator.py
[2024-09-12T01:41:16.902-0300] {processor.py:914} INFO - Processing file /home/gabzarp/.local/lib/python3.10/site-packages/airflow/example_dags/example_short_circuit_operator.py for tasks to queue
[2024-09-12T01:41:16.903-0300] {logging_mixin.py:190} INFO - [2024-09-12T01:41:16.903-0300] {dagbag.py:587} INFO - Filling up the DagBag from /home/gabzarp/.local/lib/python3.10/site-packages/airflow/example_dags/example_short_circuit_operator.py
[2024-09-12T01:41:16.909-0300] {processor.py:925} INFO - DAG(s) 'example_short_circuit_operator' retrieved from /home/gabzarp/.local/lib/python3.10/site-packages/airflow/example_dags/example_short_circuit_operator.py
[2024-09-12T01:41:16.921-0300] {logging_mixin.py:190} INFO - [2024-09-12T01:41:16.921-0300] {dag.py:3229} INFO - Sync 1 DAGs
[2024-09-12T01:41:16.928-0300] {logging_mixin.py:190} INFO - [2024-09-12T01:41:16.928-0300] {dag.py:4156} INFO - Setting next_dagrun for example_short_circuit_operator to None, run_after=None
[2024-09-12T01:41:16.943-0300] {processor.py:208} INFO - Processing /home/gabzarp/.local/lib/python3.10/site-packages/airflow/example_dags/example_short_circuit_operator.py took 0.046 seconds
[2024-09-12T01:42:07.931-0300] {processor.py:186} INFO - Started process (PID=3449) to work on /home/gabzarp/.local/lib/python3.10/site-packages/airflow/example_dags/example_short_circuit_operator.py
[2024-09-12T01:42:08.004-0300] {processor.py:914} INFO - Processing file /home/gabzarp/.local/lib/python3.10/site-packages/airflow/example_dags/example_short_circuit_operator.py for tasks to queue
[2024-09-12T01:42:08.005-0300] {logging_mixin.py:190} INFO - [2024-09-12T01:42:08.005-0300] {dagbag.py:587} INFO - Filling up the DagBag from /home/gabzarp/.local/lib/python3.10/site-packages/airflow/example_dags/example_short_circuit_operator.py
[2024-09-12T01:42:08.011-0300] {processor.py:925} INFO - DAG(s) 'example_short_circuit_operator' retrieved from /home/gabzarp/.local/lib/python3.10/site-packages/airflow/example_dags/example_short_circuit_operator.py
[2024-09-12T01:42:08.025-0300] {logging_mixin.py:190} INFO - [2024-09-12T01:42:08.024-0300] {dag.py:3229} INFO - Sync 1 DAGs
[2024-09-12T01:42:08.034-0300] {logging_mixin.py:190} INFO - [2024-09-12T01:42:08.034-0300] {dag.py:4156} INFO - Setting next_dagrun for example_short_circuit_operator to None, run_after=None
[2024-09-12T01:42:08.057-0300] {processor.py:208} INFO - Processing /home/gabzarp/.local/lib/python3.10/site-packages/airflow/example_dags/example_short_circuit_operator.py took 0.129 seconds
[2024-09-12T01:42:57.848-0300] {processor.py:186} INFO - Started process (PID=3700) to work on /home/gabzarp/.local/lib/python3.10/site-packages/airflow/example_dags/example_short_circuit_operator.py
[2024-09-12T01:42:57.849-0300] {processor.py:914} INFO - Processing file /home/gabzarp/.local/lib/python3.10/site-packages/airflow/example_dags/example_short_circuit_operator.py for tasks to queue
[2024-09-12T01:42:57.851-0300] {logging_mixin.py:190} INFO - [2024-09-12T01:42:57.850-0300] {dagbag.py:587} INFO - Filling up the DagBag from /home/gabzarp/.local/lib/python3.10/site-packages/airflow/example_dags/example_short_circuit_operator.py
[2024-09-12T01:42:57.857-0300] {processor.py:925} INFO - DAG(s) 'example_short_circuit_operator' retrieved from /home/gabzarp/.local/lib/python3.10/site-packages/airflow/example_dags/example_short_circuit_operator.py
[2024-09-12T01:42:57.869-0300] {logging_mixin.py:190} INFO - [2024-09-12T01:42:57.869-0300] {dag.py:3229} INFO - Sync 1 DAGs
[2024-09-12T01:42:57.877-0300] {logging_mixin.py:190} INFO - [2024-09-12T01:42:57.877-0300] {dag.py:4156} INFO - Setting next_dagrun for example_short_circuit_operator to None, run_after=None
[2024-09-12T01:42:57.892-0300] {processor.py:208} INFO - Processing /home/gabzarp/.local/lib/python3.10/site-packages/airflow/example_dags/example_short_circuit_operator.py took 0.047 seconds
[2024-09-12T01:43:45.123-0300] {processor.py:186} INFO - Started process (PID=3970) to work on /home/gabzarp/.local/lib/python3.10/site-packages/airflow/example_dags/example_short_circuit_operator.py
[2024-09-12T01:43:45.218-0300] {processor.py:914} INFO - Processing file /home/gabzarp/.local/lib/python3.10/site-packages/airflow/example_dags/example_short_circuit_operator.py for tasks to queue
[2024-09-12T01:43:45.220-0300] {logging_mixin.py:190} INFO - [2024-09-12T01:43:45.220-0300] {dagbag.py:587} INFO - Filling up the DagBag from /home/gabzarp/.local/lib/python3.10/site-packages/airflow/example_dags/example_short_circuit_operator.py
[2024-09-12T01:43:45.227-0300] {processor.py:925} INFO - DAG(s) 'example_short_circuit_operator' retrieved from /home/gabzarp/.local/lib/python3.10/site-packages/airflow/example_dags/example_short_circuit_operator.py
[2024-09-12T01:43:45.242-0300] {logging_mixin.py:190} INFO - [2024-09-12T01:43:45.242-0300] {dag.py:3229} INFO - Sync 1 DAGs
[2024-09-12T01:43:45.250-0300] {logging_mixin.py:190} INFO - [2024-09-12T01:43:45.250-0300] {dag.py:4156} INFO - Setting next_dagrun for example_short_circuit_operator to None, run_after=None
[2024-09-12T01:43:46.255-0300] {processor.py:208} INFO - Processing /home/gabzarp/.local/lib/python3.10/site-packages/airflow/example_dags/example_short_circuit_operator.py took 1.136 seconds
[2024-09-12T01:44:42.025-0300] {processor.py:186} INFO - Started process (PID=4890) to work on /home/gabzarp/.local/lib/python3.10/site-packages/airflow/example_dags/example_short_circuit_operator.py
[2024-09-12T01:44:42.026-0300] {processor.py:914} INFO - Processing file /home/gabzarp/.local/lib/python3.10/site-packages/airflow/example_dags/example_short_circuit_operator.py for tasks to queue
[2024-09-12T01:44:42.027-0300] {logging_mixin.py:190} INFO - [2024-09-12T01:44:42.027-0300] {dagbag.py:587} INFO - Filling up the DagBag from /home/gabzarp/.local/lib/python3.10/site-packages/airflow/example_dags/example_short_circuit_operator.py
[2024-09-12T01:44:42.033-0300] {processor.py:925} INFO - DAG(s) 'example_short_circuit_operator' retrieved from /home/gabzarp/.local/lib/python3.10/site-packages/airflow/example_dags/example_short_circuit_operator.py
[2024-09-12T01:44:42.045-0300] {logging_mixin.py:190} INFO - [2024-09-12T01:44:42.044-0300] {dag.py:3229} INFO - Sync 1 DAGs
[2024-09-12T01:44:42.052-0300] {logging_mixin.py:190} INFO - [2024-09-12T01:44:42.052-0300] {dag.py:4156} INFO - Setting next_dagrun for example_short_circuit_operator to None, run_after=None
[2024-09-12T01:44:42.067-0300] {processor.py:208} INFO - Processing /home/gabzarp/.local/lib/python3.10/site-packages/airflow/example_dags/example_short_circuit_operator.py took 0.046 seconds
[2024-09-12T01:45:29.028-0300] {processor.py:186} INFO - Started process (PID=5266) to work on /home/gabzarp/.local/lib/python3.10/site-packages/airflow/example_dags/example_short_circuit_operator.py
[2024-09-12T01:45:29.029-0300] {processor.py:914} INFO - Processing file /home/gabzarp/.local/lib/python3.10/site-packages/airflow/example_dags/example_short_circuit_operator.py for tasks to queue
[2024-09-12T01:45:29.030-0300] {logging_mixin.py:190} INFO - [2024-09-12T01:45:29.030-0300] {dagbag.py:587} INFO - Filling up the DagBag from /home/gabzarp/.local/lib/python3.10/site-packages/airflow/example_dags/example_short_circuit_operator.py
[2024-09-12T01:45:29.037-0300] {processor.py:925} INFO - DAG(s) 'example_short_circuit_operator' retrieved from /home/gabzarp/.local/lib/python3.10/site-packages/airflow/example_dags/example_short_circuit_operator.py
[2024-09-12T01:45:29.053-0300] {logging_mixin.py:190} INFO - [2024-09-12T01:45:29.052-0300] {dag.py:3229} INFO - Sync 1 DAGs
[2024-09-12T01:45:29.061-0300] {logging_mixin.py:190} INFO - [2024-09-12T01:45:29.061-0300] {dag.py:4156} INFO - Setting next_dagrun for example_short_circuit_operator to None, run_after=None
[2024-09-12T01:45:29.077-0300] {processor.py:208} INFO - Processing /home/gabzarp/.local/lib/python3.10/site-packages/airflow/example_dags/example_short_circuit_operator.py took 0.052 seconds
[2024-09-12T01:46:19.763-0300] {processor.py:186} INFO - Started process (PID=5676) to work on /home/gabzarp/.local/lib/python3.10/site-packages/airflow/example_dags/example_short_circuit_operator.py
[2024-09-12T01:46:19.764-0300] {processor.py:914} INFO - Processing file /home/gabzarp/.local/lib/python3.10/site-packages/airflow/example_dags/example_short_circuit_operator.py for tasks to queue
[2024-09-12T01:46:19.766-0300] {logging_mixin.py:190} INFO - [2024-09-12T01:46:19.765-0300] {dagbag.py:587} INFO - Filling up the DagBag from /home/gabzarp/.local/lib/python3.10/site-packages/airflow/example_dags/example_short_circuit_operator.py
[2024-09-12T01:46:19.772-0300] {processor.py:925} INFO - DAG(s) 'example_short_circuit_operator' retrieved from /home/gabzarp/.local/lib/python3.10/site-packages/airflow/example_dags/example_short_circuit_operator.py
[2024-09-12T01:46:19.786-0300] {logging_mixin.py:190} INFO - [2024-09-12T01:46:19.785-0300] {dag.py:3229} INFO - Sync 1 DAGs
[2024-09-12T01:46:19.795-0300] {logging_mixin.py:190} INFO - [2024-09-12T01:46:19.795-0300] {dag.py:4156} INFO - Setting next_dagrun for example_short_circuit_operator to None, run_after=None
[2024-09-12T01:46:19.819-0300] {processor.py:208} INFO - Processing /home/gabzarp/.local/lib/python3.10/site-packages/airflow/example_dags/example_short_circuit_operator.py took 0.060 seconds
[2024-09-12T01:47:09.208-0300] {processor.py:186} INFO - Started process (PID=6069) to work on /home/gabzarp/.local/lib/python3.10/site-packages/airflow/example_dags/example_short_circuit_operator.py
[2024-09-12T01:47:09.208-0300] {processor.py:914} INFO - Processing file /home/gabzarp/.local/lib/python3.10/site-packages/airflow/example_dags/example_short_circuit_operator.py for tasks to queue
[2024-09-12T01:47:09.210-0300] {logging_mixin.py:190} INFO - [2024-09-12T01:47:09.209-0300] {dagbag.py:587} INFO - Filling up the DagBag from /home/gabzarp/.local/lib/python3.10/site-packages/airflow/example_dags/example_short_circuit_operator.py
[2024-09-12T01:47:09.217-0300] {processor.py:925} INFO - DAG(s) 'example_short_circuit_operator' retrieved from /home/gabzarp/.local/lib/python3.10/site-packages/airflow/example_dags/example_short_circuit_operator.py
[2024-09-12T01:47:09.231-0300] {logging_mixin.py:190} INFO - [2024-09-12T01:47:09.231-0300] {dag.py:3229} INFO - Sync 1 DAGs
[2024-09-12T01:47:09.240-0300] {logging_mixin.py:190} INFO - [2024-09-12T01:47:09.240-0300] {dag.py:4156} INFO - Setting next_dagrun for example_short_circuit_operator to None, run_after=None
[2024-09-12T01:47:09.255-0300] {processor.py:208} INFO - Processing /home/gabzarp/.local/lib/python3.10/site-packages/airflow/example_dags/example_short_circuit_operator.py took 0.051 seconds
[2024-09-12T01:47:56.181-0300] {processor.py:186} INFO - Started process (PID=6446) to work on /home/gabzarp/.local/lib/python3.10/site-packages/airflow/example_dags/example_short_circuit_operator.py
[2024-09-12T01:47:56.182-0300] {processor.py:914} INFO - Processing file /home/gabzarp/.local/lib/python3.10/site-packages/airflow/example_dags/example_short_circuit_operator.py for tasks to queue
[2024-09-12T01:47:56.184-0300] {logging_mixin.py:190} INFO - [2024-09-12T01:47:56.183-0300] {dagbag.py:587} INFO - Filling up the DagBag from /home/gabzarp/.local/lib/python3.10/site-packages/airflow/example_dags/example_short_circuit_operator.py
[2024-09-12T01:47:56.192-0300] {processor.py:925} INFO - DAG(s) 'example_short_circuit_operator' retrieved from /home/gabzarp/.local/lib/python3.10/site-packages/airflow/example_dags/example_short_circuit_operator.py
[2024-09-12T01:47:56.207-0300] {logging_mixin.py:190} INFO - [2024-09-12T01:47:56.207-0300] {dag.py:3229} INFO - Sync 1 DAGs
[2024-09-12T01:47:56.217-0300] {logging_mixin.py:190} INFO - [2024-09-12T01:47:56.216-0300] {dag.py:4156} INFO - Setting next_dagrun for example_short_circuit_operator to None, run_after=None
[2024-09-12T01:47:56.235-0300] {processor.py:208} INFO - Processing /home/gabzarp/.local/lib/python3.10/site-packages/airflow/example_dags/example_short_circuit_operator.py took 0.057 seconds
[2024-09-12T01:48:46.850-0300] {processor.py:186} INFO - Started process (PID=6983) to work on /home/gabzarp/.local/lib/python3.10/site-packages/airflow/example_dags/example_short_circuit_operator.py
[2024-09-12T01:48:46.852-0300] {processor.py:914} INFO - Processing file /home/gabzarp/.local/lib/python3.10/site-packages/airflow/example_dags/example_short_circuit_operator.py for tasks to queue
[2024-09-12T01:48:46.853-0300] {logging_mixin.py:190} INFO - [2024-09-12T01:48:46.853-0300] {dagbag.py:587} INFO - Filling up the DagBag from /home/gabzarp/.local/lib/python3.10/site-packages/airflow/example_dags/example_short_circuit_operator.py
[2024-09-12T01:48:46.859-0300] {processor.py:925} INFO - DAG(s) 'example_short_circuit_operator' retrieved from /home/gabzarp/.local/lib/python3.10/site-packages/airflow/example_dags/example_short_circuit_operator.py
[2024-09-12T01:48:46.874-0300] {logging_mixin.py:190} INFO - [2024-09-12T01:48:46.874-0300] {dag.py:3229} INFO - Sync 1 DAGs
[2024-09-12T01:48:46.882-0300] {logging_mixin.py:190} INFO - [2024-09-12T01:48:46.882-0300] {dag.py:4156} INFO - Setting next_dagrun for example_short_circuit_operator to None, run_after=None
[2024-09-12T01:48:46.900-0300] {processor.py:208} INFO - Processing /home/gabzarp/.local/lib/python3.10/site-packages/airflow/example_dags/example_short_circuit_operator.py took 0.055 seconds
[2024-09-12T01:49:37.092-0300] {processor.py:186} INFO - Started process (PID=7382) to work on /home/gabzarp/.local/lib/python3.10/site-packages/airflow/example_dags/example_short_circuit_operator.py
[2024-09-12T01:49:37.093-0300] {processor.py:914} INFO - Processing file /home/gabzarp/.local/lib/python3.10/site-packages/airflow/example_dags/example_short_circuit_operator.py for tasks to queue
[2024-09-12T01:49:37.095-0300] {logging_mixin.py:190} INFO - [2024-09-12T01:49:37.095-0300] {dagbag.py:587} INFO - Filling up the DagBag from /home/gabzarp/.local/lib/python3.10/site-packages/airflow/example_dags/example_short_circuit_operator.py
[2024-09-12T01:49:37.101-0300] {processor.py:925} INFO - DAG(s) 'example_short_circuit_operator' retrieved from /home/gabzarp/.local/lib/python3.10/site-packages/airflow/example_dags/example_short_circuit_operator.py
[2024-09-12T01:49:37.115-0300] {logging_mixin.py:190} INFO - [2024-09-12T01:49:37.115-0300] {dag.py:3229} INFO - Sync 1 DAGs
[2024-09-12T01:49:37.123-0300] {logging_mixin.py:190} INFO - [2024-09-12T01:49:37.123-0300] {dag.py:4156} INFO - Setting next_dagrun for example_short_circuit_operator to None, run_after=None
[2024-09-12T01:49:37.139-0300] {processor.py:208} INFO - Processing /home/gabzarp/.local/lib/python3.10/site-packages/airflow/example_dags/example_short_circuit_operator.py took 0.051 seconds
[2024-09-12T01:50:26.496-0300] {processor.py:186} INFO - Started process (PID=7860) to work on /home/gabzarp/.local/lib/python3.10/site-packages/airflow/example_dags/example_short_circuit_operator.py
[2024-09-12T01:50:26.497-0300] {processor.py:914} INFO - Processing file /home/gabzarp/.local/lib/python3.10/site-packages/airflow/example_dags/example_short_circuit_operator.py for tasks to queue
[2024-09-12T01:50:26.497-0300] {logging_mixin.py:190} INFO - [2024-09-12T01:50:26.497-0300] {dagbag.py:587} INFO - Filling up the DagBag from /home/gabzarp/.local/lib/python3.10/site-packages/airflow/example_dags/example_short_circuit_operator.py
[2024-09-12T01:50:26.503-0300] {processor.py:925} INFO - DAG(s) 'example_short_circuit_operator' retrieved from /home/gabzarp/.local/lib/python3.10/site-packages/airflow/example_dags/example_short_circuit_operator.py
[2024-09-12T01:50:26.516-0300] {logging_mixin.py:190} INFO - [2024-09-12T01:50:26.516-0300] {dag.py:3229} INFO - Sync 1 DAGs
[2024-09-12T01:50:26.525-0300] {logging_mixin.py:190} INFO - [2024-09-12T01:50:26.524-0300] {dag.py:4156} INFO - Setting next_dagrun for example_short_circuit_operator to None, run_after=None
[2024-09-12T01:50:26.540-0300] {processor.py:208} INFO - Processing /home/gabzarp/.local/lib/python3.10/site-packages/airflow/example_dags/example_short_circuit_operator.py took 0.047 seconds
[2024-09-12T01:51:15.994-0300] {processor.py:186} INFO - Started process (PID=8285) to work on /home/gabzarp/.local/lib/python3.10/site-packages/airflow/example_dags/example_short_circuit_operator.py
[2024-09-12T01:51:15.995-0300] {processor.py:914} INFO - Processing file /home/gabzarp/.local/lib/python3.10/site-packages/airflow/example_dags/example_short_circuit_operator.py for tasks to queue
[2024-09-12T01:51:15.996-0300] {logging_mixin.py:190} INFO - [2024-09-12T01:51:15.995-0300] {dagbag.py:587} INFO - Filling up the DagBag from /home/gabzarp/.local/lib/python3.10/site-packages/airflow/example_dags/example_short_circuit_operator.py
[2024-09-12T01:51:16.001-0300] {processor.py:925} INFO - DAG(s) 'example_short_circuit_operator' retrieved from /home/gabzarp/.local/lib/python3.10/site-packages/airflow/example_dags/example_short_circuit_operator.py
[2024-09-12T01:51:16.013-0300] {logging_mixin.py:190} INFO - [2024-09-12T01:51:16.012-0300] {dag.py:3229} INFO - Sync 1 DAGs
[2024-09-12T01:51:16.020-0300] {logging_mixin.py:190} INFO - [2024-09-12T01:51:16.020-0300] {dag.py:4156} INFO - Setting next_dagrun for example_short_circuit_operator to None, run_after=None
[2024-09-12T01:51:16.070-0300] {processor.py:208} INFO - Processing /home/gabzarp/.local/lib/python3.10/site-packages/airflow/example_dags/example_short_circuit_operator.py took 0.080 seconds
[2024-09-12T01:52:04.747-0300] {processor.py:186} INFO - Started process (PID=8784) to work on /home/gabzarp/.local/lib/python3.10/site-packages/airflow/example_dags/example_short_circuit_operator.py
[2024-09-12T01:52:04.748-0300] {processor.py:914} INFO - Processing file /home/gabzarp/.local/lib/python3.10/site-packages/airflow/example_dags/example_short_circuit_operator.py for tasks to queue
[2024-09-12T01:52:04.749-0300] {logging_mixin.py:190} INFO - [2024-09-12T01:52:04.749-0300] {dagbag.py:587} INFO - Filling up the DagBag from /home/gabzarp/.local/lib/python3.10/site-packages/airflow/example_dags/example_short_circuit_operator.py
[2024-09-12T01:52:04.755-0300] {processor.py:925} INFO - DAG(s) 'example_short_circuit_operator' retrieved from /home/gabzarp/.local/lib/python3.10/site-packages/airflow/example_dags/example_short_circuit_operator.py
[2024-09-12T01:52:04.768-0300] {logging_mixin.py:190} INFO - [2024-09-12T01:52:04.768-0300] {dag.py:3229} INFO - Sync 1 DAGs
[2024-09-12T01:52:04.776-0300] {logging_mixin.py:190} INFO - [2024-09-12T01:52:04.776-0300] {dag.py:4156} INFO - Setting next_dagrun for example_short_circuit_operator to None, run_after=None
[2024-09-12T01:52:04.792-0300] {processor.py:208} INFO - Processing /home/gabzarp/.local/lib/python3.10/site-packages/airflow/example_dags/example_short_circuit_operator.py took 0.049 seconds
[2024-09-12T01:52:56.738-0300] {processor.py:186} INFO - Started process (PID=9334) to work on /home/gabzarp/.local/lib/python3.10/site-packages/airflow/example_dags/example_short_circuit_operator.py
[2024-09-12T01:52:56.739-0300] {processor.py:914} INFO - Processing file /home/gabzarp/.local/lib/python3.10/site-packages/airflow/example_dags/example_short_circuit_operator.py for tasks to queue
[2024-09-12T01:52:56.740-0300] {logging_mixin.py:190} INFO - [2024-09-12T01:52:56.740-0300] {dagbag.py:587} INFO - Filling up the DagBag from /home/gabzarp/.local/lib/python3.10/site-packages/airflow/example_dags/example_short_circuit_operator.py
[2024-09-12T01:52:56.746-0300] {processor.py:925} INFO - DAG(s) 'example_short_circuit_operator' retrieved from /home/gabzarp/.local/lib/python3.10/site-packages/airflow/example_dags/example_short_circuit_operator.py
[2024-09-12T01:52:56.760-0300] {logging_mixin.py:190} INFO - [2024-09-12T01:52:56.760-0300] {dag.py:3229} INFO - Sync 1 DAGs
[2024-09-12T01:52:56.769-0300] {logging_mixin.py:190} INFO - [2024-09-12T01:52:56.768-0300] {dag.py:4156} INFO - Setting next_dagrun for example_short_circuit_operator to None, run_after=None
[2024-09-12T01:52:56.785-0300] {processor.py:208} INFO - Processing /home/gabzarp/.local/lib/python3.10/site-packages/airflow/example_dags/example_short_circuit_operator.py took 0.051 seconds
[2024-09-12T01:53:49.249-0300] {processor.py:186} INFO - Started process (PID=9790) to work on /home/gabzarp/.local/lib/python3.10/site-packages/airflow/example_dags/example_short_circuit_operator.py
[2024-09-12T01:53:49.249-0300] {processor.py:914} INFO - Processing file /home/gabzarp/.local/lib/python3.10/site-packages/airflow/example_dags/example_short_circuit_operator.py for tasks to queue
[2024-09-12T01:53:49.250-0300] {logging_mixin.py:190} INFO - [2024-09-12T01:53:49.250-0300] {dagbag.py:587} INFO - Filling up the DagBag from /home/gabzarp/.local/lib/python3.10/site-packages/airflow/example_dags/example_short_circuit_operator.py
[2024-09-12T01:53:49.257-0300] {processor.py:925} INFO - DAG(s) 'example_short_circuit_operator' retrieved from /home/gabzarp/.local/lib/python3.10/site-packages/airflow/example_dags/example_short_circuit_operator.py
[2024-09-12T01:53:49.270-0300] {logging_mixin.py:190} INFO - [2024-09-12T01:53:49.270-0300] {dag.py:3229} INFO - Sync 1 DAGs
[2024-09-12T01:53:49.278-0300] {logging_mixin.py:190} INFO - [2024-09-12T01:53:49.277-0300] {dag.py:4156} INFO - Setting next_dagrun for example_short_circuit_operator to None, run_after=None
[2024-09-12T01:53:49.292-0300] {processor.py:208} INFO - Processing /home/gabzarp/.local/lib/python3.10/site-packages/airflow/example_dags/example_short_circuit_operator.py took 0.046 seconds
[2024-09-12T01:54:39.824-0300] {processor.py:186} INFO - Started process (PID=10200) to work on /home/gabzarp/.local/lib/python3.10/site-packages/airflow/example_dags/example_short_circuit_operator.py
[2024-09-12T01:54:39.825-0300] {processor.py:914} INFO - Processing file /home/gabzarp/.local/lib/python3.10/site-packages/airflow/example_dags/example_short_circuit_operator.py for tasks to queue
[2024-09-12T01:54:39.826-0300] {logging_mixin.py:190} INFO - [2024-09-12T01:54:39.826-0300] {dagbag.py:587} INFO - Filling up the DagBag from /home/gabzarp/.local/lib/python3.10/site-packages/airflow/example_dags/example_short_circuit_operator.py
[2024-09-12T01:54:39.832-0300] {processor.py:925} INFO - DAG(s) 'example_short_circuit_operator' retrieved from /home/gabzarp/.local/lib/python3.10/site-packages/airflow/example_dags/example_short_circuit_operator.py
[2024-09-12T01:54:39.844-0300] {logging_mixin.py:190} INFO - [2024-09-12T01:54:39.844-0300] {dag.py:3229} INFO - Sync 1 DAGs
[2024-09-12T01:54:39.853-0300] {logging_mixin.py:190} INFO - [2024-09-12T01:54:39.853-0300] {dag.py:4156} INFO - Setting next_dagrun for example_short_circuit_operator to None, run_after=None
[2024-09-12T01:54:39.908-0300] {processor.py:208} INFO - Processing /home/gabzarp/.local/lib/python3.10/site-packages/airflow/example_dags/example_short_circuit_operator.py took 0.087 seconds
[2024-09-12T01:55:32.764-0300] {processor.py:186} INFO - Started process (PID=10614) to work on /home/gabzarp/.local/lib/python3.10/site-packages/airflow/example_dags/example_short_circuit_operator.py
[2024-09-12T01:55:32.809-0300] {processor.py:914} INFO - Processing file /home/gabzarp/.local/lib/python3.10/site-packages/airflow/example_dags/example_short_circuit_operator.py for tasks to queue
[2024-09-12T01:55:32.810-0300] {logging_mixin.py:190} INFO - [2024-09-12T01:55:32.810-0300] {dagbag.py:587} INFO - Filling up the DagBag from /home/gabzarp/.local/lib/python3.10/site-packages/airflow/example_dags/example_short_circuit_operator.py
[2024-09-12T01:55:32.816-0300] {processor.py:925} INFO - DAG(s) 'example_short_circuit_operator' retrieved from /home/gabzarp/.local/lib/python3.10/site-packages/airflow/example_dags/example_short_circuit_operator.py
[2024-09-12T01:55:32.829-0300] {logging_mixin.py:190} INFO - [2024-09-12T01:55:32.829-0300] {dag.py:3229} INFO - Sync 1 DAGs
[2024-09-12T01:55:32.837-0300] {logging_mixin.py:190} INFO - [2024-09-12T01:55:32.837-0300] {dag.py:4156} INFO - Setting next_dagrun for example_short_circuit_operator to None, run_after=None
[2024-09-12T01:55:32.889-0300] {processor.py:208} INFO - Processing /home/gabzarp/.local/lib/python3.10/site-packages/airflow/example_dags/example_short_circuit_operator.py took 0.129 seconds
[2024-09-12T01:56:28.969-0300] {processor.py:186} INFO - Started process (PID=11085) to work on /home/gabzarp/.local/lib/python3.10/site-packages/airflow/example_dags/example_short_circuit_operator.py
[2024-09-12T01:56:28.970-0300] {processor.py:914} INFO - Processing file /home/gabzarp/.local/lib/python3.10/site-packages/airflow/example_dags/example_short_circuit_operator.py for tasks to queue
[2024-09-12T01:56:28.971-0300] {logging_mixin.py:190} INFO - [2024-09-12T01:56:28.970-0300] {dagbag.py:587} INFO - Filling up the DagBag from /home/gabzarp/.local/lib/python3.10/site-packages/airflow/example_dags/example_short_circuit_operator.py
[2024-09-12T01:56:28.976-0300] {processor.py:925} INFO - DAG(s) 'example_short_circuit_operator' retrieved from /home/gabzarp/.local/lib/python3.10/site-packages/airflow/example_dags/example_short_circuit_operator.py
[2024-09-12T01:56:28.988-0300] {logging_mixin.py:190} INFO - [2024-09-12T01:56:28.988-0300] {dag.py:3229} INFO - Sync 1 DAGs
[2024-09-12T01:56:28.997-0300] {logging_mixin.py:190} INFO - [2024-09-12T01:56:28.996-0300] {dag.py:4156} INFO - Setting next_dagrun for example_short_circuit_operator to None, run_after=None
[2024-09-12T01:56:29.047-0300] {processor.py:208} INFO - Processing /home/gabzarp/.local/lib/python3.10/site-packages/airflow/example_dags/example_short_circuit_operator.py took 0.082 seconds
[2024-09-12T01:57:24.297-0300] {processor.py:186} INFO - Started process (PID=11571) to work on /home/gabzarp/.local/lib/python3.10/site-packages/airflow/example_dags/example_short_circuit_operator.py
[2024-09-12T01:57:24.298-0300] {processor.py:914} INFO - Processing file /home/gabzarp/.local/lib/python3.10/site-packages/airflow/example_dags/example_short_circuit_operator.py for tasks to queue
[2024-09-12T01:57:24.299-0300] {logging_mixin.py:190} INFO - [2024-09-12T01:57:24.298-0300] {dagbag.py:587} INFO - Filling up the DagBag from /home/gabzarp/.local/lib/python3.10/site-packages/airflow/example_dags/example_short_circuit_operator.py
[2024-09-12T01:57:24.304-0300] {processor.py:925} INFO - DAG(s) 'example_short_circuit_operator' retrieved from /home/gabzarp/.local/lib/python3.10/site-packages/airflow/example_dags/example_short_circuit_operator.py
[2024-09-12T01:57:24.316-0300] {logging_mixin.py:190} INFO - [2024-09-12T01:57:24.316-0300] {dag.py:3229} INFO - Sync 1 DAGs
[2024-09-12T01:57:24.325-0300] {logging_mixin.py:190} INFO - [2024-09-12T01:57:24.324-0300] {dag.py:4156} INFO - Setting next_dagrun for example_short_circuit_operator to None, run_after=None
[2024-09-12T01:57:24.340-0300] {processor.py:208} INFO - Processing /home/gabzarp/.local/lib/python3.10/site-packages/airflow/example_dags/example_short_circuit_operator.py took 0.046 seconds
[2024-09-12T01:58:17.142-0300] {processor.py:186} INFO - Started process (PID=11987) to work on /home/gabzarp/.local/lib/python3.10/site-packages/airflow/example_dags/example_short_circuit_operator.py
[2024-09-12T01:58:17.143-0300] {processor.py:914} INFO - Processing file /home/gabzarp/.local/lib/python3.10/site-packages/airflow/example_dags/example_short_circuit_operator.py for tasks to queue
[2024-09-12T01:58:17.144-0300] {logging_mixin.py:190} INFO - [2024-09-12T01:58:17.144-0300] {dagbag.py:587} INFO - Filling up the DagBag from /home/gabzarp/.local/lib/python3.10/site-packages/airflow/example_dags/example_short_circuit_operator.py
[2024-09-12T01:58:17.150-0300] {processor.py:925} INFO - DAG(s) 'example_short_circuit_operator' retrieved from /home/gabzarp/.local/lib/python3.10/site-packages/airflow/example_dags/example_short_circuit_operator.py
[2024-09-12T01:58:17.162-0300] {logging_mixin.py:190} INFO - [2024-09-12T01:58:17.162-0300] {dag.py:3229} INFO - Sync 1 DAGs
[2024-09-12T01:58:17.170-0300] {logging_mixin.py:190} INFO - [2024-09-12T01:58:17.170-0300] {dag.py:4156} INFO - Setting next_dagrun for example_short_circuit_operator to None, run_after=None
[2024-09-12T01:58:17.217-0300] {processor.py:208} INFO - Processing /home/gabzarp/.local/lib/python3.10/site-packages/airflow/example_dags/example_short_circuit_operator.py took 0.078 seconds
[2024-09-12T01:59:10.624-0300] {processor.py:186} INFO - Started process (PID=12412) to work on /home/gabzarp/.local/lib/python3.10/site-packages/airflow/example_dags/example_short_circuit_operator.py
[2024-09-12T01:59:10.625-0300] {processor.py:914} INFO - Processing file /home/gabzarp/.local/lib/python3.10/site-packages/airflow/example_dags/example_short_circuit_operator.py for tasks to queue
[2024-09-12T01:59:10.626-0300] {logging_mixin.py:190} INFO - [2024-09-12T01:59:10.626-0300] {dagbag.py:587} INFO - Filling up the DagBag from /home/gabzarp/.local/lib/python3.10/site-packages/airflow/example_dags/example_short_circuit_operator.py
[2024-09-12T01:59:10.632-0300] {processor.py:925} INFO - DAG(s) 'example_short_circuit_operator' retrieved from /home/gabzarp/.local/lib/python3.10/site-packages/airflow/example_dags/example_short_circuit_operator.py
[2024-09-12T01:59:10.643-0300] {logging_mixin.py:190} INFO - [2024-09-12T01:59:10.643-0300] {dag.py:3229} INFO - Sync 1 DAGs
[2024-09-12T01:59:10.651-0300] {logging_mixin.py:190} INFO - [2024-09-12T01:59:10.651-0300] {dag.py:4156} INFO - Setting next_dagrun for example_short_circuit_operator to None, run_after=None
[2024-09-12T01:59:10.696-0300] {processor.py:208} INFO - Processing /home/gabzarp/.local/lib/python3.10/site-packages/airflow/example_dags/example_short_circuit_operator.py took 0.076 seconds
[2024-09-12T02:00:02.011-0300] {processor.py:186} INFO - Started process (PID=12847) to work on /home/gabzarp/.local/lib/python3.10/site-packages/airflow/example_dags/example_short_circuit_operator.py
[2024-09-12T02:00:02.012-0300] {processor.py:914} INFO - Processing file /home/gabzarp/.local/lib/python3.10/site-packages/airflow/example_dags/example_short_circuit_operator.py for tasks to queue
[2024-09-12T02:00:02.013-0300] {logging_mixin.py:190} INFO - [2024-09-12T02:00:02.013-0300] {dagbag.py:587} INFO - Filling up the DagBag from /home/gabzarp/.local/lib/python3.10/site-packages/airflow/example_dags/example_short_circuit_operator.py
[2024-09-12T02:00:02.018-0300] {processor.py:925} INFO - DAG(s) 'example_short_circuit_operator' retrieved from /home/gabzarp/.local/lib/python3.10/site-packages/airflow/example_dags/example_short_circuit_operator.py
[2024-09-12T02:00:02.032-0300] {logging_mixin.py:190} INFO - [2024-09-12T02:00:02.032-0300] {dag.py:3229} INFO - Sync 1 DAGs
[2024-09-12T02:00:02.041-0300] {logging_mixin.py:190} INFO - [2024-09-12T02:00:02.041-0300] {dag.py:4156} INFO - Setting next_dagrun for example_short_circuit_operator to None, run_after=None
[2024-09-12T02:00:02.056-0300] {processor.py:208} INFO - Processing /home/gabzarp/.local/lib/python3.10/site-packages/airflow/example_dags/example_short_circuit_operator.py took 0.049 seconds
[2024-09-12T02:00:52.330-0300] {processor.py:186} INFO - Started process (PID=13330) to work on /home/gabzarp/.local/lib/python3.10/site-packages/airflow/example_dags/example_short_circuit_operator.py
[2024-09-12T02:00:52.331-0300] {processor.py:914} INFO - Processing file /home/gabzarp/.local/lib/python3.10/site-packages/airflow/example_dags/example_short_circuit_operator.py for tasks to queue
[2024-09-12T02:00:52.331-0300] {logging_mixin.py:190} INFO - [2024-09-12T02:00:52.331-0300] {dagbag.py:587} INFO - Filling up the DagBag from /home/gabzarp/.local/lib/python3.10/site-packages/airflow/example_dags/example_short_circuit_operator.py
[2024-09-12T02:00:52.337-0300] {processor.py:925} INFO - DAG(s) 'example_short_circuit_operator' retrieved from /home/gabzarp/.local/lib/python3.10/site-packages/airflow/example_dags/example_short_circuit_operator.py
[2024-09-12T02:00:52.349-0300] {logging_mixin.py:190} INFO - [2024-09-12T02:00:52.349-0300] {dag.py:3229} INFO - Sync 1 DAGs
[2024-09-12T02:00:52.357-0300] {logging_mixin.py:190} INFO - [2024-09-12T02:00:52.357-0300] {dag.py:4156} INFO - Setting next_dagrun for example_short_circuit_operator to None, run_after=None
[2024-09-12T02:00:52.372-0300] {processor.py:208} INFO - Processing /home/gabzarp/.local/lib/python3.10/site-packages/airflow/example_dags/example_short_circuit_operator.py took 0.046 seconds
[2024-09-12T02:01:43.744-0300] {processor.py:186} INFO - Started process (PID=13770) to work on /home/gabzarp/.local/lib/python3.10/site-packages/airflow/example_dags/example_short_circuit_operator.py
[2024-09-12T02:01:43.745-0300] {processor.py:914} INFO - Processing file /home/gabzarp/.local/lib/python3.10/site-packages/airflow/example_dags/example_short_circuit_operator.py for tasks to queue
[2024-09-12T02:01:43.746-0300] {logging_mixin.py:190} INFO - [2024-09-12T02:01:43.746-0300] {dagbag.py:587} INFO - Filling up the DagBag from /home/gabzarp/.local/lib/python3.10/site-packages/airflow/example_dags/example_short_circuit_operator.py
[2024-09-12T02:01:43.752-0300] {processor.py:925} INFO - DAG(s) 'example_short_circuit_operator' retrieved from /home/gabzarp/.local/lib/python3.10/site-packages/airflow/example_dags/example_short_circuit_operator.py
[2024-09-12T02:01:43.764-0300] {logging_mixin.py:190} INFO - [2024-09-12T02:01:43.764-0300] {dag.py:3229} INFO - Sync 1 DAGs
[2024-09-12T02:01:43.772-0300] {logging_mixin.py:190} INFO - [2024-09-12T02:01:43.772-0300] {dag.py:4156} INFO - Setting next_dagrun for example_short_circuit_operator to None, run_after=None
[2024-09-12T02:01:43.786-0300] {processor.py:208} INFO - Processing /home/gabzarp/.local/lib/python3.10/site-packages/airflow/example_dags/example_short_circuit_operator.py took 0.045 seconds
[2024-09-12T02:02:31.138-0300] {processor.py:186} INFO - Started process (PID=14186) to work on /home/gabzarp/.local/lib/python3.10/site-packages/airflow/example_dags/example_short_circuit_operator.py
[2024-09-12T02:02:31.139-0300] {processor.py:914} INFO - Processing file /home/gabzarp/.local/lib/python3.10/site-packages/airflow/example_dags/example_short_circuit_operator.py for tasks to queue
[2024-09-12T02:02:31.140-0300] {logging_mixin.py:190} INFO - [2024-09-12T02:02:31.140-0300] {dagbag.py:587} INFO - Filling up the DagBag from /home/gabzarp/.local/lib/python3.10/site-packages/airflow/example_dags/example_short_circuit_operator.py
[2024-09-12T02:02:31.145-0300] {processor.py:925} INFO - DAG(s) 'example_short_circuit_operator' retrieved from /home/gabzarp/.local/lib/python3.10/site-packages/airflow/example_dags/example_short_circuit_operator.py
[2024-09-12T02:02:31.157-0300] {logging_mixin.py:190} INFO - [2024-09-12T02:02:31.157-0300] {dag.py:3229} INFO - Sync 1 DAGs
[2024-09-12T02:02:31.164-0300] {logging_mixin.py:190} INFO - [2024-09-12T02:02:31.164-0300] {dag.py:4156} INFO - Setting next_dagrun for example_short_circuit_operator to None, run_after=None
[2024-09-12T02:02:31.180-0300] {processor.py:208} INFO - Processing /home/gabzarp/.local/lib/python3.10/site-packages/airflow/example_dags/example_short_circuit_operator.py took 0.045 seconds
[2024-09-12T02:03:19.081-0300] {processor.py:186} INFO - Started process (PID=14575) to work on /home/gabzarp/.local/lib/python3.10/site-packages/airflow/example_dags/example_short_circuit_operator.py
[2024-09-12T02:03:19.082-0300] {processor.py:914} INFO - Processing file /home/gabzarp/.local/lib/python3.10/site-packages/airflow/example_dags/example_short_circuit_operator.py for tasks to queue
[2024-09-12T02:03:19.082-0300] {logging_mixin.py:190} INFO - [2024-09-12T02:03:19.082-0300] {dagbag.py:587} INFO - Filling up the DagBag from /home/gabzarp/.local/lib/python3.10/site-packages/airflow/example_dags/example_short_circuit_operator.py
[2024-09-12T02:03:19.089-0300] {processor.py:925} INFO - DAG(s) 'example_short_circuit_operator' retrieved from /home/gabzarp/.local/lib/python3.10/site-packages/airflow/example_dags/example_short_circuit_operator.py
[2024-09-12T02:03:19.101-0300] {logging_mixin.py:190} INFO - [2024-09-12T02:03:19.101-0300] {dag.py:3229} INFO - Sync 1 DAGs
[2024-09-12T02:03:19.109-0300] {logging_mixin.py:190} INFO - [2024-09-12T02:03:19.109-0300] {dag.py:4156} INFO - Setting next_dagrun for example_short_circuit_operator to None, run_after=None
[2024-09-12T02:03:19.123-0300] {processor.py:208} INFO - Processing /home/gabzarp/.local/lib/python3.10/site-packages/airflow/example_dags/example_short_circuit_operator.py took 0.046 seconds
[2024-09-12T02:04:11.727-0300] {processor.py:186} INFO - Started process (PID=14987) to work on /home/gabzarp/.local/lib/python3.10/site-packages/airflow/example_dags/example_short_circuit_operator.py
[2024-09-12T02:04:11.728-0300] {processor.py:914} INFO - Processing file /home/gabzarp/.local/lib/python3.10/site-packages/airflow/example_dags/example_short_circuit_operator.py for tasks to queue
[2024-09-12T02:04:11.729-0300] {logging_mixin.py:190} INFO - [2024-09-12T02:04:11.729-0300] {dagbag.py:587} INFO - Filling up the DagBag from /home/gabzarp/.local/lib/python3.10/site-packages/airflow/example_dags/example_short_circuit_operator.py
[2024-09-12T02:04:11.735-0300] {processor.py:925} INFO - DAG(s) 'example_short_circuit_operator' retrieved from /home/gabzarp/.local/lib/python3.10/site-packages/airflow/example_dags/example_short_circuit_operator.py
[2024-09-12T02:04:11.749-0300] {logging_mixin.py:190} INFO - [2024-09-12T02:04:11.749-0300] {dag.py:3229} INFO - Sync 1 DAGs
[2024-09-12T02:04:11.760-0300] {logging_mixin.py:190} INFO - [2024-09-12T02:04:11.760-0300] {dag.py:4156} INFO - Setting next_dagrun for example_short_circuit_operator to None, run_after=None
[2024-09-12T02:04:11.778-0300] {processor.py:208} INFO - Processing /home/gabzarp/.local/lib/python3.10/site-packages/airflow/example_dags/example_short_circuit_operator.py took 0.055 seconds
[2024-09-12T02:05:04.924-0300] {processor.py:186} INFO - Started process (PID=15406) to work on /home/gabzarp/.local/lib/python3.10/site-packages/airflow/example_dags/example_short_circuit_operator.py
[2024-09-12T02:05:04.925-0300] {processor.py:914} INFO - Processing file /home/gabzarp/.local/lib/python3.10/site-packages/airflow/example_dags/example_short_circuit_operator.py for tasks to queue
[2024-09-12T02:05:04.926-0300] {logging_mixin.py:190} INFO - [2024-09-12T02:05:04.925-0300] {dagbag.py:587} INFO - Filling up the DagBag from /home/gabzarp/.local/lib/python3.10/site-packages/airflow/example_dags/example_short_circuit_operator.py
[2024-09-12T02:05:04.932-0300] {processor.py:925} INFO - DAG(s) 'example_short_circuit_operator' retrieved from /home/gabzarp/.local/lib/python3.10/site-packages/airflow/example_dags/example_short_circuit_operator.py
[2024-09-12T02:05:04.949-0300] {logging_mixin.py:190} INFO - [2024-09-12T02:05:04.949-0300] {dag.py:3229} INFO - Sync 1 DAGs
[2024-09-12T02:05:04.959-0300] {logging_mixin.py:190} INFO - [2024-09-12T02:05:04.959-0300] {dag.py:4156} INFO - Setting next_dagrun for example_short_circuit_operator to None, run_after=None
[2024-09-12T02:05:04.975-0300] {processor.py:208} INFO - Processing /home/gabzarp/.local/lib/python3.10/site-packages/airflow/example_dags/example_short_circuit_operator.py took 0.056 seconds
[2024-09-12T02:05:58.532-0300] {processor.py:186} INFO - Started process (PID=15828) to work on /home/gabzarp/.local/lib/python3.10/site-packages/airflow/example_dags/example_short_circuit_operator.py
[2024-09-12T02:05:58.533-0300] {processor.py:914} INFO - Processing file /home/gabzarp/.local/lib/python3.10/site-packages/airflow/example_dags/example_short_circuit_operator.py for tasks to queue
[2024-09-12T02:05:58.534-0300] {logging_mixin.py:190} INFO - [2024-09-12T02:05:58.533-0300] {dagbag.py:587} INFO - Filling up the DagBag from /home/gabzarp/.local/lib/python3.10/site-packages/airflow/example_dags/example_short_circuit_operator.py
[2024-09-12T02:05:58.540-0300] {processor.py:925} INFO - DAG(s) 'example_short_circuit_operator' retrieved from /home/gabzarp/.local/lib/python3.10/site-packages/airflow/example_dags/example_short_circuit_operator.py
[2024-09-12T02:05:58.553-0300] {logging_mixin.py:190} INFO - [2024-09-12T02:05:58.553-0300] {dag.py:3229} INFO - Sync 1 DAGs
[2024-09-12T02:05:58.561-0300] {logging_mixin.py:190} INFO - [2024-09-12T02:05:58.561-0300] {dag.py:4156} INFO - Setting next_dagrun for example_short_circuit_operator to None, run_after=None
[2024-09-12T02:05:58.576-0300] {processor.py:208} INFO - Processing /home/gabzarp/.local/lib/python3.10/site-packages/airflow/example_dags/example_short_circuit_operator.py took 0.047 seconds
[2024-09-12T02:06:49.591-0300] {processor.py:186} INFO - Started process (PID=16233) to work on /home/gabzarp/.local/lib/python3.10/site-packages/airflow/example_dags/example_short_circuit_operator.py
[2024-09-12T02:06:49.592-0300] {processor.py:914} INFO - Processing file /home/gabzarp/.local/lib/python3.10/site-packages/airflow/example_dags/example_short_circuit_operator.py for tasks to queue
[2024-09-12T02:06:49.593-0300] {logging_mixin.py:190} INFO - [2024-09-12T02:06:49.593-0300] {dagbag.py:587} INFO - Filling up the DagBag from /home/gabzarp/.local/lib/python3.10/site-packages/airflow/example_dags/example_short_circuit_operator.py
[2024-09-12T02:06:49.599-0300] {processor.py:925} INFO - DAG(s) 'example_short_circuit_operator' retrieved from /home/gabzarp/.local/lib/python3.10/site-packages/airflow/example_dags/example_short_circuit_operator.py
[2024-09-12T02:06:49.612-0300] {logging_mixin.py:190} INFO - [2024-09-12T02:06:49.612-0300] {dag.py:3229} INFO - Sync 1 DAGs
[2024-09-12T02:06:49.622-0300] {logging_mixin.py:190} INFO - [2024-09-12T02:06:49.622-0300] {dag.py:4156} INFO - Setting next_dagrun for example_short_circuit_operator to None, run_after=None
[2024-09-12T02:06:49.639-0300] {processor.py:208} INFO - Processing /home/gabzarp/.local/lib/python3.10/site-packages/airflow/example_dags/example_short_circuit_operator.py took 0.052 seconds
[2024-09-12T02:07:36.095-0300] {processor.py:186} INFO - Started process (PID=16604) to work on /home/gabzarp/.local/lib/python3.10/site-packages/airflow/example_dags/example_short_circuit_operator.py
[2024-09-12T02:07:36.096-0300] {processor.py:914} INFO - Processing file /home/gabzarp/.local/lib/python3.10/site-packages/airflow/example_dags/example_short_circuit_operator.py for tasks to queue
[2024-09-12T02:07:36.097-0300] {logging_mixin.py:190} INFO - [2024-09-12T02:07:36.097-0300] {dagbag.py:587} INFO - Filling up the DagBag from /home/gabzarp/.local/lib/python3.10/site-packages/airflow/example_dags/example_short_circuit_operator.py
[2024-09-12T02:07:36.104-0300] {processor.py:925} INFO - DAG(s) 'example_short_circuit_operator' retrieved from /home/gabzarp/.local/lib/python3.10/site-packages/airflow/example_dags/example_short_circuit_operator.py
[2024-09-12T02:07:36.117-0300] {logging_mixin.py:190} INFO - [2024-09-12T02:07:36.117-0300] {dag.py:3229} INFO - Sync 1 DAGs
[2024-09-12T02:07:36.127-0300] {logging_mixin.py:190} INFO - [2024-09-12T02:07:36.126-0300] {dag.py:4156} INFO - Setting next_dagrun for example_short_circuit_operator to None, run_after=None
[2024-09-12T02:07:36.143-0300] {processor.py:208} INFO - Processing /home/gabzarp/.local/lib/python3.10/site-packages/airflow/example_dags/example_short_circuit_operator.py took 0.052 seconds
[2024-09-12T02:08:26.890-0300] {processor.py:186} INFO - Started process (PID=17005) to work on /home/gabzarp/.local/lib/python3.10/site-packages/airflow/example_dags/example_short_circuit_operator.py
[2024-09-12T02:08:26.891-0300] {processor.py:914} INFO - Processing file /home/gabzarp/.local/lib/python3.10/site-packages/airflow/example_dags/example_short_circuit_operator.py for tasks to queue
[2024-09-12T02:08:26.891-0300] {logging_mixin.py:190} INFO - [2024-09-12T02:08:26.891-0300] {dagbag.py:587} INFO - Filling up the DagBag from /home/gabzarp/.local/lib/python3.10/site-packages/airflow/example_dags/example_short_circuit_operator.py
[2024-09-12T02:08:26.897-0300] {processor.py:925} INFO - DAG(s) 'example_short_circuit_operator' retrieved from /home/gabzarp/.local/lib/python3.10/site-packages/airflow/example_dags/example_short_circuit_operator.py
[2024-09-12T02:08:26.909-0300] {logging_mixin.py:190} INFO - [2024-09-12T02:08:26.909-0300] {dag.py:3229} INFO - Sync 1 DAGs
[2024-09-12T02:08:26.916-0300] {logging_mixin.py:190} INFO - [2024-09-12T02:08:26.916-0300] {dag.py:4156} INFO - Setting next_dagrun for example_short_circuit_operator to None, run_after=None
[2024-09-12T02:08:26.931-0300] {processor.py:208} INFO - Processing /home/gabzarp/.local/lib/python3.10/site-packages/airflow/example_dags/example_short_circuit_operator.py took 0.044 seconds
[2024-09-12T02:09:17.501-0300] {processor.py:186} INFO - Started process (PID=17401) to work on /home/gabzarp/.local/lib/python3.10/site-packages/airflow/example_dags/example_short_circuit_operator.py
[2024-09-12T02:09:17.502-0300] {processor.py:914} INFO - Processing file /home/gabzarp/.local/lib/python3.10/site-packages/airflow/example_dags/example_short_circuit_operator.py for tasks to queue
[2024-09-12T02:09:17.503-0300] {logging_mixin.py:190} INFO - [2024-09-12T02:09:17.503-0300] {dagbag.py:587} INFO - Filling up the DagBag from /home/gabzarp/.local/lib/python3.10/site-packages/airflow/example_dags/example_short_circuit_operator.py
[2024-09-12T02:09:17.509-0300] {processor.py:925} INFO - DAG(s) 'example_short_circuit_operator' retrieved from /home/gabzarp/.local/lib/python3.10/site-packages/airflow/example_dags/example_short_circuit_operator.py
[2024-09-12T02:09:17.522-0300] {logging_mixin.py:190} INFO - [2024-09-12T02:09:17.521-0300] {dag.py:3229} INFO - Sync 1 DAGs
[2024-09-12T02:09:17.530-0300] {logging_mixin.py:190} INFO - [2024-09-12T02:09:17.530-0300] {dag.py:4156} INFO - Setting next_dagrun for example_short_circuit_operator to None, run_after=None
[2024-09-12T02:09:17.545-0300] {processor.py:208} INFO - Processing /home/gabzarp/.local/lib/python3.10/site-packages/airflow/example_dags/example_short_circuit_operator.py took 0.048 seconds
