[2024-09-12T01:40:05.796-0300] {processor.py:186} INFO - Started process (PID=2753) to work on /home/gabzarp/.local/lib/python3.10/site-packages/airflow/example_dags/example_external_task_marker_dag.py
[2024-09-12T01:40:05.796-0300] {processor.py:914} INFO - Processing file /home/gabzarp/.local/lib/python3.10/site-packages/airflow/example_dags/example_external_task_marker_dag.py for tasks to queue
[2024-09-12T01:40:05.798-0300] {logging_mixin.py:190} INFO - [2024-09-12T01:40:05.798-0300] {dagbag.py:587} INFO - Filling up the DagBag from /home/gabzarp/.local/lib/python3.10/site-packages/airflow/example_dags/example_external_task_marker_dag.py
[2024-09-12T01:40:05.802-0300] {processor.py:925} INFO - DAG(s) 'example_external_task_marker_parent', 'example_external_task_marker_child' retrieved from /home/gabzarp/.local/lib/python3.10/site-packages/airflow/example_dags/example_external_task_marker_dag.py
[2024-09-12T01:40:05.866-0300] {logging_mixin.py:190} INFO - [2024-09-12T01:40:05.865-0300] {override.py:1900} INFO - Created Permission View: can edit on DAG:example_external_task_marker_parent
[2024-09-12T01:40:05.876-0300] {logging_mixin.py:190} INFO - [2024-09-12T01:40:05.876-0300] {override.py:1900} INFO - Created Permission View: can read on DAG:example_external_task_marker_parent
[2024-09-12T01:40:05.884-0300] {logging_mixin.py:190} INFO - [2024-09-12T01:40:05.884-0300] {override.py:1900} INFO - Created Permission View: can delete on DAG:example_external_task_marker_parent
[2024-09-12T01:40:05.896-0300] {logging_mixin.py:190} INFO - [2024-09-12T01:40:05.895-0300] {override.py:1900} INFO - Created Permission View: can read on DAG Run:example_external_task_marker_parent
[2024-09-12T01:40:05.903-0300] {logging_mixin.py:190} INFO - [2024-09-12T01:40:05.903-0300] {override.py:1900} INFO - Created Permission View: can create on DAG Run:example_external_task_marker_parent
[2024-09-12T01:40:05.911-0300] {logging_mixin.py:190} INFO - [2024-09-12T01:40:05.910-0300] {override.py:1900} INFO - Created Permission View: menu access on DAG Run:example_external_task_marker_parent
[2024-09-12T01:40:05.918-0300] {logging_mixin.py:190} INFO - [2024-09-12T01:40:05.918-0300] {override.py:1900} INFO - Created Permission View: can delete on DAG Run:example_external_task_marker_parent
[2024-09-12T01:40:05.936-0300] {logging_mixin.py:190} INFO - [2024-09-12T01:40:05.936-0300] {override.py:1900} INFO - Created Permission View: can edit on DAG:example_external_task_marker_child
[2024-09-12T01:40:05.943-0300] {logging_mixin.py:190} INFO - [2024-09-12T01:40:05.943-0300] {override.py:1900} INFO - Created Permission View: can read on DAG:example_external_task_marker_child
[2024-09-12T01:40:05.951-0300] {logging_mixin.py:190} INFO - [2024-09-12T01:40:05.950-0300] {override.py:1900} INFO - Created Permission View: can delete on DAG:example_external_task_marker_child
[2024-09-12T01:40:05.962-0300] {logging_mixin.py:190} INFO - [2024-09-12T01:40:05.962-0300] {override.py:1900} INFO - Created Permission View: can read on DAG Run:example_external_task_marker_child
[2024-09-12T01:40:05.969-0300] {logging_mixin.py:190} INFO - [2024-09-12T01:40:05.969-0300] {override.py:1900} INFO - Created Permission View: can create on DAG Run:example_external_task_marker_child
[2024-09-12T01:40:05.976-0300] {logging_mixin.py:190} INFO - [2024-09-12T01:40:05.976-0300] {override.py:1900} INFO - Created Permission View: menu access on DAG Run:example_external_task_marker_child
[2024-09-12T01:40:05.983-0300] {logging_mixin.py:190} INFO - [2024-09-12T01:40:05.983-0300] {override.py:1900} INFO - Created Permission View: can delete on DAG Run:example_external_task_marker_child
[2024-09-12T01:40:05.984-0300] {logging_mixin.py:190} INFO - [2024-09-12T01:40:05.984-0300] {dag.py:3229} INFO - Sync 2 DAGs
[2024-09-12T01:40:05.991-0300] {logging_mixin.py:190} INFO - [2024-09-12T01:40:05.991-0300] {dag.py:3252} INFO - Creating ORM DAG for example_external_task_marker_parent
[2024-09-12T01:40:05.992-0300] {logging_mixin.py:190} INFO - [2024-09-12T01:40:05.992-0300] {dag.py:3252} INFO - Creating ORM DAG for example_external_task_marker_child
[2024-09-12T01:40:05.992-0300] {logging_mixin.py:190} INFO - [2024-09-12T01:40:05.992-0300] {dag.py:4156} INFO - Setting next_dagrun for example_external_task_marker_child to None, run_after=None
[2024-09-12T01:40:05.992-0300] {logging_mixin.py:190} INFO - [2024-09-12T01:40:05.992-0300] {dag.py:4156} INFO - Setting next_dagrun for example_external_task_marker_parent to None, run_after=None
[2024-09-12T01:40:06.006-0300] {processor.py:208} INFO - Processing /home/gabzarp/.local/lib/python3.10/site-packages/airflow/example_dags/example_external_task_marker_dag.py took 0.214 seconds
[2024-09-12T01:41:00.032-0300] {processor.py:186} INFO - Started process (PID=3027) to work on /home/gabzarp/.local/lib/python3.10/site-packages/airflow/example_dags/example_external_task_marker_dag.py
[2024-09-12T01:41:00.033-0300] {processor.py:914} INFO - Processing file /home/gabzarp/.local/lib/python3.10/site-packages/airflow/example_dags/example_external_task_marker_dag.py for tasks to queue
[2024-09-12T01:41:00.035-0300] {logging_mixin.py:190} INFO - [2024-09-12T01:41:00.035-0300] {dagbag.py:587} INFO - Filling up the DagBag from /home/gabzarp/.local/lib/python3.10/site-packages/airflow/example_dags/example_external_task_marker_dag.py
[2024-09-12T01:41:00.040-0300] {processor.py:925} INFO - DAG(s) 'example_external_task_marker_child', 'example_external_task_marker_parent' retrieved from /home/gabzarp/.local/lib/python3.10/site-packages/airflow/example_dags/example_external_task_marker_dag.py
[2024-09-12T01:41:00.052-0300] {logging_mixin.py:190} INFO - [2024-09-12T01:41:00.052-0300] {dag.py:3229} INFO - Sync 2 DAGs
[2024-09-12T01:41:00.061-0300] {logging_mixin.py:190} INFO - [2024-09-12T01:41:00.061-0300] {dag.py:4156} INFO - Setting next_dagrun for example_external_task_marker_child to None, run_after=None
[2024-09-12T01:41:00.064-0300] {logging_mixin.py:190} INFO - [2024-09-12T01:41:00.064-0300] {dag.py:4156} INFO - Setting next_dagrun for example_external_task_marker_parent to None, run_after=None
[2024-09-12T01:41:00.080-0300] {processor.py:208} INFO - Processing /home/gabzarp/.local/lib/python3.10/site-packages/airflow/example_dags/example_external_task_marker_dag.py took 0.052 seconds
[2024-09-12T01:41:54.831-0300] {processor.py:186} INFO - Started process (PID=3382) to work on /home/gabzarp/.local/lib/python3.10/site-packages/airflow/example_dags/example_external_task_marker_dag.py
[2024-09-12T01:41:54.833-0300] {processor.py:914} INFO - Processing file /home/gabzarp/.local/lib/python3.10/site-packages/airflow/example_dags/example_external_task_marker_dag.py for tasks to queue
[2024-09-12T01:41:54.834-0300] {logging_mixin.py:190} INFO - [2024-09-12T01:41:54.834-0300] {dagbag.py:587} INFO - Filling up the DagBag from /home/gabzarp/.local/lib/python3.10/site-packages/airflow/example_dags/example_external_task_marker_dag.py
[2024-09-12T01:41:54.839-0300] {processor.py:925} INFO - DAG(s) 'example_external_task_marker_parent', 'example_external_task_marker_child' retrieved from /home/gabzarp/.local/lib/python3.10/site-packages/airflow/example_dags/example_external_task_marker_dag.py
[2024-09-12T01:41:54.851-0300] {logging_mixin.py:190} INFO - [2024-09-12T01:41:54.851-0300] {dag.py:3229} INFO - Sync 2 DAGs
[2024-09-12T01:41:54.859-0300] {logging_mixin.py:190} INFO - [2024-09-12T01:41:54.859-0300] {dag.py:4156} INFO - Setting next_dagrun for example_external_task_marker_child to None, run_after=None
[2024-09-12T01:41:54.861-0300] {logging_mixin.py:190} INFO - [2024-09-12T01:41:54.861-0300] {dag.py:4156} INFO - Setting next_dagrun for example_external_task_marker_parent to None, run_after=None
[2024-09-12T01:41:54.876-0300] {processor.py:208} INFO - Processing /home/gabzarp/.local/lib/python3.10/site-packages/airflow/example_dags/example_external_task_marker_dag.py took 0.048 seconds
[2024-09-12T01:43:08.939-0300] {processor.py:186} INFO - Started process (PID=3756) to work on /home/gabzarp/.local/lib/python3.10/site-packages/airflow/example_dags/example_external_task_marker_dag.py
[2024-09-12T01:43:08.940-0300] {processor.py:914} INFO - Processing file /home/gabzarp/.local/lib/python3.10/site-packages/airflow/example_dags/example_external_task_marker_dag.py for tasks to queue
[2024-09-12T01:43:08.942-0300] {logging_mixin.py:190} INFO - [2024-09-12T01:43:08.941-0300] {dagbag.py:587} INFO - Filling up the DagBag from /home/gabzarp/.local/lib/python3.10/site-packages/airflow/example_dags/example_external_task_marker_dag.py
[2024-09-12T01:43:08.946-0300] {processor.py:925} INFO - DAG(s) 'example_external_task_marker_parent', 'example_external_task_marker_child' retrieved from /home/gabzarp/.local/lib/python3.10/site-packages/airflow/example_dags/example_external_task_marker_dag.py
[2024-09-12T01:43:08.958-0300] {logging_mixin.py:190} INFO - [2024-09-12T01:43:08.958-0300] {dag.py:3229} INFO - Sync 2 DAGs
[2024-09-12T01:43:08.966-0300] {logging_mixin.py:190} INFO - [2024-09-12T01:43:08.966-0300] {dag.py:4156} INFO - Setting next_dagrun for example_external_task_marker_child to None, run_after=None
[2024-09-12T01:43:08.968-0300] {logging_mixin.py:190} INFO - [2024-09-12T01:43:08.967-0300] {dag.py:4156} INFO - Setting next_dagrun for example_external_task_marker_parent to None, run_after=None
[2024-09-12T01:43:08.980-0300] {processor.py:208} INFO - Processing /home/gabzarp/.local/lib/python3.10/site-packages/airflow/example_dags/example_external_task_marker_dag.py took 0.045 seconds
[2024-09-12T01:45:12.498-0300] {processor.py:186} INFO - Started process (PID=5131) to work on /home/gabzarp/.local/lib/python3.10/site-packages/airflow/example_dags/example_external_task_marker_dag.py
[2024-09-12T01:45:12.499-0300] {processor.py:914} INFO - Processing file /home/gabzarp/.local/lib/python3.10/site-packages/airflow/example_dags/example_external_task_marker_dag.py for tasks to queue
[2024-09-12T01:45:12.500-0300] {logging_mixin.py:190} INFO - [2024-09-12T01:45:12.500-0300] {dagbag.py:587} INFO - Filling up the DagBag from /home/gabzarp/.local/lib/python3.10/site-packages/airflow/example_dags/example_external_task_marker_dag.py
[2024-09-12T01:45:12.505-0300] {processor.py:925} INFO - DAG(s) 'example_external_task_marker_child', 'example_external_task_marker_parent' retrieved from /home/gabzarp/.local/lib/python3.10/site-packages/airflow/example_dags/example_external_task_marker_dag.py
[2024-09-12T01:45:12.516-0300] {logging_mixin.py:190} INFO - [2024-09-12T01:45:12.516-0300] {dag.py:3229} INFO - Sync 2 DAGs
[2024-09-12T01:45:12.524-0300] {logging_mixin.py:190} INFO - [2024-09-12T01:45:12.524-0300] {dag.py:4156} INFO - Setting next_dagrun for example_external_task_marker_child to None, run_after=None
[2024-09-12T01:45:12.526-0300] {logging_mixin.py:190} INFO - [2024-09-12T01:45:12.525-0300] {dag.py:4156} INFO - Setting next_dagrun for example_external_task_marker_parent to None, run_after=None
[2024-09-12T01:45:12.539-0300] {processor.py:208} INFO - Processing /home/gabzarp/.local/lib/python3.10/site-packages/airflow/example_dags/example_external_task_marker_dag.py took 0.045 seconds
[2024-09-12T01:46:04.696-0300] {processor.py:186} INFO - Started process (PID=5548) to work on /home/gabzarp/.local/lib/python3.10/site-packages/airflow/example_dags/example_external_task_marker_dag.py
[2024-09-12T01:46:04.697-0300] {processor.py:914} INFO - Processing file /home/gabzarp/.local/lib/python3.10/site-packages/airflow/example_dags/example_external_task_marker_dag.py for tasks to queue
[2024-09-12T01:46:04.698-0300] {logging_mixin.py:190} INFO - [2024-09-12T01:46:04.698-0300] {dagbag.py:587} INFO - Filling up the DagBag from /home/gabzarp/.local/lib/python3.10/site-packages/airflow/example_dags/example_external_task_marker_dag.py
[2024-09-12T01:46:04.704-0300] {processor.py:925} INFO - DAG(s) 'example_external_task_marker_child', 'example_external_task_marker_parent' retrieved from /home/gabzarp/.local/lib/python3.10/site-packages/airflow/example_dags/example_external_task_marker_dag.py
[2024-09-12T01:46:04.717-0300] {logging_mixin.py:190} INFO - [2024-09-12T01:46:04.717-0300] {dag.py:3229} INFO - Sync 2 DAGs
[2024-09-12T01:46:04.726-0300] {logging_mixin.py:190} INFO - [2024-09-12T01:46:04.725-0300] {dag.py:4156} INFO - Setting next_dagrun for example_external_task_marker_child to None, run_after=None
[2024-09-12T01:46:04.728-0300] {logging_mixin.py:190} INFO - [2024-09-12T01:46:04.728-0300] {dag.py:4156} INFO - Setting next_dagrun for example_external_task_marker_parent to None, run_after=None
[2024-09-12T01:46:04.743-0300] {processor.py:208} INFO - Processing /home/gabzarp/.local/lib/python3.10/site-packages/airflow/example_dags/example_external_task_marker_dag.py took 0.051 seconds
[2024-09-12T01:46:57.800-0300] {processor.py:186} INFO - Started process (PID=5976) to work on /home/gabzarp/.local/lib/python3.10/site-packages/airflow/example_dags/example_external_task_marker_dag.py
[2024-09-12T01:46:57.802-0300] {processor.py:914} INFO - Processing file /home/gabzarp/.local/lib/python3.10/site-packages/airflow/example_dags/example_external_task_marker_dag.py for tasks to queue
[2024-09-12T01:46:57.803-0300] {logging_mixin.py:190} INFO - [2024-09-12T01:46:57.803-0300] {dagbag.py:587} INFO - Filling up the DagBag from /home/gabzarp/.local/lib/python3.10/site-packages/airflow/example_dags/example_external_task_marker_dag.py
[2024-09-12T01:46:57.807-0300] {processor.py:925} INFO - DAG(s) 'example_external_task_marker_parent', 'example_external_task_marker_child' retrieved from /home/gabzarp/.local/lib/python3.10/site-packages/airflow/example_dags/example_external_task_marker_dag.py
[2024-09-12T01:46:57.819-0300] {logging_mixin.py:190} INFO - [2024-09-12T01:46:57.818-0300] {dag.py:3229} INFO - Sync 2 DAGs
[2024-09-12T01:46:57.827-0300] {logging_mixin.py:190} INFO - [2024-09-12T01:46:57.826-0300] {dag.py:4156} INFO - Setting next_dagrun for example_external_task_marker_child to None, run_after=None
[2024-09-12T01:46:57.829-0300] {logging_mixin.py:190} INFO - [2024-09-12T01:46:57.828-0300] {dag.py:4156} INFO - Setting next_dagrun for example_external_task_marker_parent to None, run_after=None
[2024-09-12T01:46:57.843-0300] {processor.py:208} INFO - Processing /home/gabzarp/.local/lib/python3.10/site-packages/airflow/example_dags/example_external_task_marker_dag.py took 0.046 seconds
[2024-09-12T01:48:09.738-0300] {processor.py:186} INFO - Started process (PID=6548) to work on /home/gabzarp/.local/lib/python3.10/site-packages/airflow/example_dags/example_external_task_marker_dag.py
[2024-09-12T01:48:09.739-0300] {processor.py:914} INFO - Processing file /home/gabzarp/.local/lib/python3.10/site-packages/airflow/example_dags/example_external_task_marker_dag.py for tasks to queue
[2024-09-12T01:48:09.741-0300] {logging_mixin.py:190} INFO - [2024-09-12T01:48:09.740-0300] {dagbag.py:587} INFO - Filling up the DagBag from /home/gabzarp/.local/lib/python3.10/site-packages/airflow/example_dags/example_external_task_marker_dag.py
[2024-09-12T01:48:09.746-0300] {processor.py:925} INFO - DAG(s) 'example_external_task_marker_child', 'example_external_task_marker_parent' retrieved from /home/gabzarp/.local/lib/python3.10/site-packages/airflow/example_dags/example_external_task_marker_dag.py
[2024-09-12T01:48:09.762-0300] {logging_mixin.py:190} INFO - [2024-09-12T01:48:09.762-0300] {dag.py:3229} INFO - Sync 2 DAGs
[2024-09-12T01:48:09.773-0300] {logging_mixin.py:190} INFO - [2024-09-12T01:48:09.772-0300] {dag.py:4156} INFO - Setting next_dagrun for example_external_task_marker_child to None, run_after=None
[2024-09-12T01:48:09.776-0300] {logging_mixin.py:190} INFO - [2024-09-12T01:48:09.776-0300] {dag.py:4156} INFO - Setting next_dagrun for example_external_task_marker_parent to None, run_after=None
[2024-09-12T01:48:09.798-0300] {processor.py:208} INFO - Processing /home/gabzarp/.local/lib/python3.10/site-packages/airflow/example_dags/example_external_task_marker_dag.py took 0.064 seconds
[2024-09-12T01:49:25.665-0300] {processor.py:186} INFO - Started process (PID=7289) to work on /home/gabzarp/.local/lib/python3.10/site-packages/airflow/example_dags/example_external_task_marker_dag.py
[2024-09-12T01:49:25.666-0300] {processor.py:914} INFO - Processing file /home/gabzarp/.local/lib/python3.10/site-packages/airflow/example_dags/example_external_task_marker_dag.py for tasks to queue
[2024-09-12T01:49:25.667-0300] {logging_mixin.py:190} INFO - [2024-09-12T01:49:25.666-0300] {dagbag.py:587} INFO - Filling up the DagBag from /home/gabzarp/.local/lib/python3.10/site-packages/airflow/example_dags/example_external_task_marker_dag.py
[2024-09-12T01:49:25.672-0300] {processor.py:925} INFO - DAG(s) 'example_external_task_marker_child', 'example_external_task_marker_parent' retrieved from /home/gabzarp/.local/lib/python3.10/site-packages/airflow/example_dags/example_external_task_marker_dag.py
[2024-09-12T01:49:25.686-0300] {logging_mixin.py:190} INFO - [2024-09-12T01:49:25.686-0300] {dag.py:3229} INFO - Sync 2 DAGs
[2024-09-12T01:49:25.695-0300] {logging_mixin.py:190} INFO - [2024-09-12T01:49:25.694-0300] {dag.py:4156} INFO - Setting next_dagrun for example_external_task_marker_child to None, run_after=None
[2024-09-12T01:49:25.697-0300] {logging_mixin.py:190} INFO - [2024-09-12T01:49:25.697-0300] {dag.py:4156} INFO - Setting next_dagrun for example_external_task_marker_parent to None, run_after=None
[2024-09-12T01:49:25.711-0300] {processor.py:208} INFO - Processing /home/gabzarp/.local/lib/python3.10/site-packages/airflow/example_dags/example_external_task_marker_dag.py took 0.051 seconds
[2024-09-12T01:50:39.167-0300] {processor.py:186} INFO - Started process (PID=7960) to work on /home/gabzarp/.local/lib/python3.10/site-packages/airflow/example_dags/example_external_task_marker_dag.py
[2024-09-12T01:50:39.168-0300] {processor.py:914} INFO - Processing file /home/gabzarp/.local/lib/python3.10/site-packages/airflow/example_dags/example_external_task_marker_dag.py for tasks to queue
[2024-09-12T01:50:39.168-0300] {logging_mixin.py:190} INFO - [2024-09-12T01:50:39.168-0300] {dagbag.py:587} INFO - Filling up the DagBag from /home/gabzarp/.local/lib/python3.10/site-packages/airflow/example_dags/example_external_task_marker_dag.py
[2024-09-12T01:50:39.173-0300] {processor.py:925} INFO - DAG(s) 'example_external_task_marker_child', 'example_external_task_marker_parent' retrieved from /home/gabzarp/.local/lib/python3.10/site-packages/airflow/example_dags/example_external_task_marker_dag.py
[2024-09-12T01:50:39.185-0300] {logging_mixin.py:190} INFO - [2024-09-12T01:50:39.185-0300] {dag.py:3229} INFO - Sync 2 DAGs
[2024-09-12T01:50:39.193-0300] {logging_mixin.py:190} INFO - [2024-09-12T01:50:39.193-0300] {dag.py:4156} INFO - Setting next_dagrun for example_external_task_marker_child to None, run_after=None
[2024-09-12T01:50:39.195-0300] {logging_mixin.py:190} INFO - [2024-09-12T01:50:39.195-0300] {dag.py:4156} INFO - Setting next_dagrun for example_external_task_marker_parent to None, run_after=None
[2024-09-12T01:50:39.210-0300] {processor.py:208} INFO - Processing /home/gabzarp/.local/lib/python3.10/site-packages/airflow/example_dags/example_external_task_marker_dag.py took 0.046 seconds
[2024-09-12T01:51:52.271-0300] {processor.py:186} INFO - Started process (PID=8671) to work on /home/gabzarp/.local/lib/python3.10/site-packages/airflow/example_dags/example_external_task_marker_dag.py
[2024-09-12T01:51:52.272-0300] {processor.py:914} INFO - Processing file /home/gabzarp/.local/lib/python3.10/site-packages/airflow/example_dags/example_external_task_marker_dag.py for tasks to queue
[2024-09-12T01:51:52.272-0300] {logging_mixin.py:190} INFO - [2024-09-12T01:51:52.272-0300] {dagbag.py:587} INFO - Filling up the DagBag from /home/gabzarp/.local/lib/python3.10/site-packages/airflow/example_dags/example_external_task_marker_dag.py
[2024-09-12T01:51:52.277-0300] {processor.py:925} INFO - DAG(s) 'example_external_task_marker_child', 'example_external_task_marker_parent' retrieved from /home/gabzarp/.local/lib/python3.10/site-packages/airflow/example_dags/example_external_task_marker_dag.py
[2024-09-12T01:51:52.288-0300] {logging_mixin.py:190} INFO - [2024-09-12T01:51:52.288-0300] {dag.py:3229} INFO - Sync 2 DAGs
[2024-09-12T01:51:52.296-0300] {logging_mixin.py:190} INFO - [2024-09-12T01:51:52.296-0300] {dag.py:4156} INFO - Setting next_dagrun for example_external_task_marker_child to None, run_after=None
[2024-09-12T01:51:52.298-0300] {logging_mixin.py:190} INFO - [2024-09-12T01:51:52.298-0300] {dag.py:4156} INFO - Setting next_dagrun for example_external_task_marker_parent to None, run_after=None
[2024-09-12T01:51:52.312-0300] {processor.py:208} INFO - Processing /home/gabzarp/.local/lib/python3.10/site-packages/airflow/example_dags/example_external_task_marker_dag.py took 0.045 seconds
[2024-09-12T01:53:11.087-0300] {processor.py:186} INFO - Started process (PID=9462) to work on /home/gabzarp/.local/lib/python3.10/site-packages/airflow/example_dags/example_external_task_marker_dag.py
[2024-09-12T01:53:11.088-0300] {processor.py:914} INFO - Processing file /home/gabzarp/.local/lib/python3.10/site-packages/airflow/example_dags/example_external_task_marker_dag.py for tasks to queue
[2024-09-12T01:53:11.089-0300] {logging_mixin.py:190} INFO - [2024-09-12T01:53:11.089-0300] {dagbag.py:587} INFO - Filling up the DagBag from /home/gabzarp/.local/lib/python3.10/site-packages/airflow/example_dags/example_external_task_marker_dag.py
[2024-09-12T01:53:11.094-0300] {processor.py:925} INFO - DAG(s) 'example_external_task_marker_parent', 'example_external_task_marker_child' retrieved from /home/gabzarp/.local/lib/python3.10/site-packages/airflow/example_dags/example_external_task_marker_dag.py
[2024-09-12T01:53:11.106-0300] {logging_mixin.py:190} INFO - [2024-09-12T01:53:11.106-0300] {dag.py:3229} INFO - Sync 2 DAGs
[2024-09-12T01:53:11.115-0300] {logging_mixin.py:190} INFO - [2024-09-12T01:53:11.114-0300] {dag.py:4156} INFO - Setting next_dagrun for example_external_task_marker_child to None, run_after=None
[2024-09-12T01:53:11.116-0300] {logging_mixin.py:190} INFO - [2024-09-12T01:53:11.116-0300] {dag.py:4156} INFO - Setting next_dagrun for example_external_task_marker_parent to None, run_after=None
[2024-09-12T01:53:11.129-0300] {processor.py:208} INFO - Processing /home/gabzarp/.local/lib/python3.10/site-packages/airflow/example_dags/example_external_task_marker_dag.py took 0.046 seconds
[2024-09-12T01:54:27.707-0300] {processor.py:186} INFO - Started process (PID=10101) to work on /home/gabzarp/.local/lib/python3.10/site-packages/airflow/example_dags/example_external_task_marker_dag.py
[2024-09-12T01:54:27.708-0300] {processor.py:914} INFO - Processing file /home/gabzarp/.local/lib/python3.10/site-packages/airflow/example_dags/example_external_task_marker_dag.py for tasks to queue
[2024-09-12T01:54:27.709-0300] {logging_mixin.py:190} INFO - [2024-09-12T01:54:27.709-0300] {dagbag.py:587} INFO - Filling up the DagBag from /home/gabzarp/.local/lib/python3.10/site-packages/airflow/example_dags/example_external_task_marker_dag.py
[2024-09-12T01:54:27.714-0300] {processor.py:925} INFO - DAG(s) 'example_external_task_marker_child', 'example_external_task_marker_parent' retrieved from /home/gabzarp/.local/lib/python3.10/site-packages/airflow/example_dags/example_external_task_marker_dag.py
[2024-09-12T01:54:27.726-0300] {logging_mixin.py:190} INFO - [2024-09-12T01:54:27.726-0300] {dag.py:3229} INFO - Sync 2 DAGs
[2024-09-12T01:54:27.734-0300] {logging_mixin.py:190} INFO - [2024-09-12T01:54:27.734-0300] {dag.py:4156} INFO - Setting next_dagrun for example_external_task_marker_child to None, run_after=None
[2024-09-12T01:54:27.736-0300] {logging_mixin.py:190} INFO - [2024-09-12T01:54:27.735-0300] {dag.py:4156} INFO - Setting next_dagrun for example_external_task_marker_parent to None, run_after=None
[2024-09-12T01:54:27.749-0300] {processor.py:208} INFO - Processing /home/gabzarp/.local/lib/python3.10/site-packages/airflow/example_dags/example_external_task_marker_dag.py took 0.045 seconds
[2024-09-12T01:55:46.588-0300] {processor.py:186} INFO - Started process (PID=10733) to work on /home/gabzarp/.local/lib/python3.10/site-packages/airflow/example_dags/example_external_task_marker_dag.py
[2024-09-12T01:55:46.589-0300] {processor.py:914} INFO - Processing file /home/gabzarp/.local/lib/python3.10/site-packages/airflow/example_dags/example_external_task_marker_dag.py for tasks to queue
[2024-09-12T01:55:46.590-0300] {logging_mixin.py:190} INFO - [2024-09-12T01:55:46.589-0300] {dagbag.py:587} INFO - Filling up the DagBag from /home/gabzarp/.local/lib/python3.10/site-packages/airflow/example_dags/example_external_task_marker_dag.py
[2024-09-12T01:55:46.595-0300] {processor.py:925} INFO - DAG(s) 'example_external_task_marker_child', 'example_external_task_marker_parent' retrieved from /home/gabzarp/.local/lib/python3.10/site-packages/airflow/example_dags/example_external_task_marker_dag.py
[2024-09-12T01:55:46.607-0300] {logging_mixin.py:190} INFO - [2024-09-12T01:55:46.607-0300] {dag.py:3229} INFO - Sync 2 DAGs
[2024-09-12T01:55:46.616-0300] {logging_mixin.py:190} INFO - [2024-09-12T01:55:46.615-0300] {dag.py:4156} INFO - Setting next_dagrun for example_external_task_marker_child to None, run_after=None
[2024-09-12T01:55:46.618-0300] {logging_mixin.py:190} INFO - [2024-09-12T01:55:46.618-0300] {dag.py:4156} INFO - Setting next_dagrun for example_external_task_marker_parent to None, run_after=None
[2024-09-12T01:55:46.633-0300] {processor.py:208} INFO - Processing /home/gabzarp/.local/lib/python3.10/site-packages/airflow/example_dags/example_external_task_marker_dag.py took 0.048 seconds
[2024-09-12T01:56:42.633-0300] {processor.py:186} INFO - Started process (PID=11189) to work on /home/gabzarp/.local/lib/python3.10/site-packages/airflow/example_dags/example_external_task_marker_dag.py
[2024-09-12T01:56:42.634-0300] {processor.py:914} INFO - Processing file /home/gabzarp/.local/lib/python3.10/site-packages/airflow/example_dags/example_external_task_marker_dag.py for tasks to queue
[2024-09-12T01:56:42.635-0300] {logging_mixin.py:190} INFO - [2024-09-12T01:56:42.634-0300] {dagbag.py:587} INFO - Filling up the DagBag from /home/gabzarp/.local/lib/python3.10/site-packages/airflow/example_dags/example_external_task_marker_dag.py
[2024-09-12T01:56:42.640-0300] {processor.py:925} INFO - DAG(s) 'example_external_task_marker_child', 'example_external_task_marker_parent' retrieved from /home/gabzarp/.local/lib/python3.10/site-packages/airflow/example_dags/example_external_task_marker_dag.py
[2024-09-12T01:56:42.651-0300] {logging_mixin.py:190} INFO - [2024-09-12T01:56:42.651-0300] {dag.py:3229} INFO - Sync 2 DAGs
[2024-09-12T01:56:42.659-0300] {logging_mixin.py:190} INFO - [2024-09-12T01:56:42.659-0300] {dag.py:4156} INFO - Setting next_dagrun for example_external_task_marker_child to None, run_after=None
[2024-09-12T01:56:42.662-0300] {logging_mixin.py:190} INFO - [2024-09-12T01:56:42.661-0300] {dag.py:4156} INFO - Setting next_dagrun for example_external_task_marker_parent to None, run_after=None
[2024-09-12T01:56:42.675-0300] {processor.py:208} INFO - Processing /home/gabzarp/.local/lib/python3.10/site-packages/airflow/example_dags/example_external_task_marker_dag.py took 0.046 seconds
[2024-09-12T01:57:36.950-0300] {processor.py:186} INFO - Started process (PID=11671) to work on /home/gabzarp/.local/lib/python3.10/site-packages/airflow/example_dags/example_external_task_marker_dag.py
[2024-09-12T01:57:36.951-0300] {processor.py:914} INFO - Processing file /home/gabzarp/.local/lib/python3.10/site-packages/airflow/example_dags/example_external_task_marker_dag.py for tasks to queue
[2024-09-12T01:57:36.952-0300] {logging_mixin.py:190} INFO - [2024-09-12T01:57:36.951-0300] {dagbag.py:587} INFO - Filling up the DagBag from /home/gabzarp/.local/lib/python3.10/site-packages/airflow/example_dags/example_external_task_marker_dag.py
[2024-09-12T01:57:36.957-0300] {processor.py:925} INFO - DAG(s) 'example_external_task_marker_parent', 'example_external_task_marker_child' retrieved from /home/gabzarp/.local/lib/python3.10/site-packages/airflow/example_dags/example_external_task_marker_dag.py
[2024-09-12T01:57:36.972-0300] {logging_mixin.py:190} INFO - [2024-09-12T01:57:36.971-0300] {dag.py:3229} INFO - Sync 2 DAGs
[2024-09-12T01:57:36.981-0300] {logging_mixin.py:190} INFO - [2024-09-12T01:57:36.981-0300] {dag.py:4156} INFO - Setting next_dagrun for example_external_task_marker_child to None, run_after=None
[2024-09-12T01:57:36.983-0300] {logging_mixin.py:190} INFO - [2024-09-12T01:57:36.983-0300] {dag.py:4156} INFO - Setting next_dagrun for example_external_task_marker_parent to None, run_after=None
[2024-09-12T01:57:37.000-0300] {processor.py:208} INFO - Processing /home/gabzarp/.local/lib/python3.10/site-packages/airflow/example_dags/example_external_task_marker_dag.py took 0.054 seconds
[2024-09-12T01:58:55.499-0300] {processor.py:186} INFO - Started process (PID=12288) to work on /home/gabzarp/.local/lib/python3.10/site-packages/airflow/example_dags/example_external_task_marker_dag.py
[2024-09-12T01:58:55.500-0300] {processor.py:914} INFO - Processing file /home/gabzarp/.local/lib/python3.10/site-packages/airflow/example_dags/example_external_task_marker_dag.py for tasks to queue
[2024-09-12T01:58:55.501-0300] {logging_mixin.py:190} INFO - [2024-09-12T01:58:55.501-0300] {dagbag.py:587} INFO - Filling up the DagBag from /home/gabzarp/.local/lib/python3.10/site-packages/airflow/example_dags/example_external_task_marker_dag.py
[2024-09-12T01:58:55.507-0300] {processor.py:925} INFO - DAG(s) 'example_external_task_marker_child', 'example_external_task_marker_parent' retrieved from /home/gabzarp/.local/lib/python3.10/site-packages/airflow/example_dags/example_external_task_marker_dag.py
[2024-09-12T01:58:55.521-0300] {logging_mixin.py:190} INFO - [2024-09-12T01:58:55.521-0300] {dag.py:3229} INFO - Sync 2 DAGs
[2024-09-12T01:58:55.530-0300] {logging_mixin.py:190} INFO - [2024-09-12T01:58:55.530-0300] {dag.py:4156} INFO - Setting next_dagrun for example_external_task_marker_child to None, run_after=None
[2024-09-12T01:58:55.532-0300] {logging_mixin.py:190} INFO - [2024-09-12T01:58:55.531-0300] {dag.py:4156} INFO - Setting next_dagrun for example_external_task_marker_parent to None, run_after=None
[2024-09-12T01:58:55.545-0300] {processor.py:208} INFO - Processing /home/gabzarp/.local/lib/python3.10/site-packages/airflow/example_dags/example_external_task_marker_dag.py took 0.050 seconds
[2024-09-12T01:59:48.011-0300] {processor.py:186} INFO - Started process (PID=12707) to work on /home/gabzarp/.local/lib/python3.10/site-packages/airflow/example_dags/example_external_task_marker_dag.py
[2024-09-12T01:59:48.012-0300] {processor.py:914} INFO - Processing file /home/gabzarp/.local/lib/python3.10/site-packages/airflow/example_dags/example_external_task_marker_dag.py for tasks to queue
[2024-09-12T01:59:48.012-0300] {logging_mixin.py:190} INFO - [2024-09-12T01:59:48.012-0300] {dagbag.py:587} INFO - Filling up the DagBag from /home/gabzarp/.local/lib/python3.10/site-packages/airflow/example_dags/example_external_task_marker_dag.py
[2024-09-12T01:59:48.017-0300] {processor.py:925} INFO - DAG(s) 'example_external_task_marker_child', 'example_external_task_marker_parent' retrieved from /home/gabzarp/.local/lib/python3.10/site-packages/airflow/example_dags/example_external_task_marker_dag.py
[2024-09-12T01:59:48.028-0300] {logging_mixin.py:190} INFO - [2024-09-12T01:59:48.028-0300] {dag.py:3229} INFO - Sync 2 DAGs
[2024-09-12T01:59:48.037-0300] {logging_mixin.py:190} INFO - [2024-09-12T01:59:48.036-0300] {dag.py:4156} INFO - Setting next_dagrun for example_external_task_marker_child to None, run_after=None
[2024-09-12T01:59:48.039-0300] {logging_mixin.py:190} INFO - [2024-09-12T01:59:48.038-0300] {dag.py:4156} INFO - Setting next_dagrun for example_external_task_marker_parent to None, run_after=None
[2024-09-12T01:59:48.053-0300] {processor.py:208} INFO - Processing /home/gabzarp/.local/lib/python3.10/site-packages/airflow/example_dags/example_external_task_marker_dag.py took 0.045 seconds
[2024-09-12T02:01:04.903-0300] {processor.py:186} INFO - Started process (PID=13456) to work on /home/gabzarp/.local/lib/python3.10/site-packages/airflow/example_dags/example_external_task_marker_dag.py
[2024-09-12T02:01:04.904-0300] {processor.py:914} INFO - Processing file /home/gabzarp/.local/lib/python3.10/site-packages/airflow/example_dags/example_external_task_marker_dag.py for tasks to queue
[2024-09-12T02:01:04.905-0300] {logging_mixin.py:190} INFO - [2024-09-12T02:01:04.905-0300] {dagbag.py:587} INFO - Filling up the DagBag from /home/gabzarp/.local/lib/python3.10/site-packages/airflow/example_dags/example_external_task_marker_dag.py
[2024-09-12T02:01:04.911-0300] {processor.py:925} INFO - DAG(s) 'example_external_task_marker_parent', 'example_external_task_marker_child' retrieved from /home/gabzarp/.local/lib/python3.10/site-packages/airflow/example_dags/example_external_task_marker_dag.py
[2024-09-12T02:01:04.925-0300] {logging_mixin.py:190} INFO - [2024-09-12T02:01:04.925-0300] {dag.py:3229} INFO - Sync 2 DAGs
[2024-09-12T02:01:04.934-0300] {logging_mixin.py:190} INFO - [2024-09-12T02:01:04.934-0300] {dag.py:4156} INFO - Setting next_dagrun for example_external_task_marker_child to None, run_after=None
[2024-09-12T02:01:04.937-0300] {logging_mixin.py:190} INFO - [2024-09-12T02:01:04.937-0300] {dag.py:4156} INFO - Setting next_dagrun for example_external_task_marker_parent to None, run_after=None
[2024-09-12T02:01:04.952-0300] {processor.py:208} INFO - Processing /home/gabzarp/.local/lib/python3.10/site-packages/airflow/example_dags/example_external_task_marker_dag.py took 0.052 seconds
[2024-09-12T02:02:18.584-0300] {processor.py:186} INFO - Started process (PID=14081) to work on /home/gabzarp/.local/lib/python3.10/site-packages/airflow/example_dags/example_external_task_marker_dag.py
[2024-09-12T02:02:18.585-0300] {processor.py:914} INFO - Processing file /home/gabzarp/.local/lib/python3.10/site-packages/airflow/example_dags/example_external_task_marker_dag.py for tasks to queue
[2024-09-12T02:02:18.586-0300] {logging_mixin.py:190} INFO - [2024-09-12T02:02:18.585-0300] {dagbag.py:587} INFO - Filling up the DagBag from /home/gabzarp/.local/lib/python3.10/site-packages/airflow/example_dags/example_external_task_marker_dag.py
[2024-09-12T02:02:18.591-0300] {processor.py:925} INFO - DAG(s) 'example_external_task_marker_child', 'example_external_task_marker_parent' retrieved from /home/gabzarp/.local/lib/python3.10/site-packages/airflow/example_dags/example_external_task_marker_dag.py
[2024-09-12T02:02:18.603-0300] {logging_mixin.py:190} INFO - [2024-09-12T02:02:18.603-0300] {dag.py:3229} INFO - Sync 2 DAGs
[2024-09-12T02:02:18.612-0300] {logging_mixin.py:190} INFO - [2024-09-12T02:02:18.612-0300] {dag.py:4156} INFO - Setting next_dagrun for example_external_task_marker_child to None, run_after=None
[2024-09-12T02:02:18.615-0300] {logging_mixin.py:190} INFO - [2024-09-12T02:02:18.615-0300] {dag.py:4156} INFO - Setting next_dagrun for example_external_task_marker_parent to None, run_after=None
[2024-09-12T02:02:18.630-0300] {processor.py:208} INFO - Processing /home/gabzarp/.local/lib/python3.10/site-packages/airflow/example_dags/example_external_task_marker_dag.py took 0.050 seconds
[2024-09-12T02:03:32.909-0300] {processor.py:186} INFO - Started process (PID=14686) to work on /home/gabzarp/.local/lib/python3.10/site-packages/airflow/example_dags/example_external_task_marker_dag.py
[2024-09-12T02:03:32.910-0300] {processor.py:914} INFO - Processing file /home/gabzarp/.local/lib/python3.10/site-packages/airflow/example_dags/example_external_task_marker_dag.py for tasks to queue
[2024-09-12T02:03:32.911-0300] {logging_mixin.py:190} INFO - [2024-09-12T02:03:32.911-0300] {dagbag.py:587} INFO - Filling up the DagBag from /home/gabzarp/.local/lib/python3.10/site-packages/airflow/example_dags/example_external_task_marker_dag.py
[2024-09-12T02:03:32.917-0300] {processor.py:925} INFO - DAG(s) 'example_external_task_marker_child', 'example_external_task_marker_parent' retrieved from /home/gabzarp/.local/lib/python3.10/site-packages/airflow/example_dags/example_external_task_marker_dag.py
[2024-09-12T02:03:32.931-0300] {logging_mixin.py:190} INFO - [2024-09-12T02:03:32.931-0300] {dag.py:3229} INFO - Sync 2 DAGs
[2024-09-12T02:03:32.940-0300] {logging_mixin.py:190} INFO - [2024-09-12T02:03:32.940-0300] {dag.py:4156} INFO - Setting next_dagrun for example_external_task_marker_child to None, run_after=None
[2024-09-12T02:03:32.943-0300] {logging_mixin.py:190} INFO - [2024-09-12T02:03:32.943-0300] {dag.py:4156} INFO - Setting next_dagrun for example_external_task_marker_parent to None, run_after=None
[2024-09-12T02:03:32.956-0300] {processor.py:208} INFO - Processing /home/gabzarp/.local/lib/python3.10/site-packages/airflow/example_dags/example_external_task_marker_dag.py took 0.053 seconds
[2024-09-12T02:04:50.923-0300] {processor.py:186} INFO - Started process (PID=15301) to work on /home/gabzarp/.local/lib/python3.10/site-packages/airflow/example_dags/example_external_task_marker_dag.py
[2024-09-12T02:04:50.924-0300] {processor.py:914} INFO - Processing file /home/gabzarp/.local/lib/python3.10/site-packages/airflow/example_dags/example_external_task_marker_dag.py for tasks to queue
[2024-09-12T02:04:50.925-0300] {logging_mixin.py:190} INFO - [2024-09-12T02:04:50.924-0300] {dagbag.py:587} INFO - Filling up the DagBag from /home/gabzarp/.local/lib/python3.10/site-packages/airflow/example_dags/example_external_task_marker_dag.py
[2024-09-12T02:04:50.930-0300] {processor.py:925} INFO - DAG(s) 'example_external_task_marker_child', 'example_external_task_marker_parent' retrieved from /home/gabzarp/.local/lib/python3.10/site-packages/airflow/example_dags/example_external_task_marker_dag.py
[2024-09-12T02:04:50.942-0300] {logging_mixin.py:190} INFO - [2024-09-12T02:04:50.942-0300] {dag.py:3229} INFO - Sync 2 DAGs
[2024-09-12T02:04:50.951-0300] {logging_mixin.py:190} INFO - [2024-09-12T02:04:50.950-0300] {dag.py:4156} INFO - Setting next_dagrun for example_external_task_marker_child to None, run_after=None
[2024-09-12T02:04:50.953-0300] {logging_mixin.py:190} INFO - [2024-09-12T02:04:50.953-0300] {dag.py:4156} INFO - Setting next_dagrun for example_external_task_marker_parent to None, run_after=None
[2024-09-12T02:04:50.967-0300] {processor.py:208} INFO - Processing /home/gabzarp/.local/lib/python3.10/site-packages/airflow/example_dags/example_external_task_marker_dag.py took 0.048 seconds
[2024-09-12T02:05:44.236-0300] {processor.py:186} INFO - Started process (PID=15721) to work on /home/gabzarp/.local/lib/python3.10/site-packages/airflow/example_dags/example_external_task_marker_dag.py
[2024-09-12T02:05:44.237-0300] {processor.py:914} INFO - Processing file /home/gabzarp/.local/lib/python3.10/site-packages/airflow/example_dags/example_external_task_marker_dag.py for tasks to queue
[2024-09-12T02:05:44.238-0300] {logging_mixin.py:190} INFO - [2024-09-12T02:05:44.238-0300] {dagbag.py:587} INFO - Filling up the DagBag from /home/gabzarp/.local/lib/python3.10/site-packages/airflow/example_dags/example_external_task_marker_dag.py
[2024-09-12T02:05:44.243-0300] {processor.py:925} INFO - DAG(s) 'example_external_task_marker_child', 'example_external_task_marker_parent' retrieved from /home/gabzarp/.local/lib/python3.10/site-packages/airflow/example_dags/example_external_task_marker_dag.py
[2024-09-12T02:05:44.254-0300] {logging_mixin.py:190} INFO - [2024-09-12T02:05:44.254-0300] {dag.py:3229} INFO - Sync 2 DAGs
[2024-09-12T02:05:44.263-0300] {logging_mixin.py:190} INFO - [2024-09-12T02:05:44.263-0300] {dag.py:4156} INFO - Setting next_dagrun for example_external_task_marker_child to None, run_after=None
[2024-09-12T02:05:44.265-0300] {logging_mixin.py:190} INFO - [2024-09-12T02:05:44.265-0300] {dag.py:4156} INFO - Setting next_dagrun for example_external_task_marker_parent to None, run_after=None
[2024-09-12T02:05:44.280-0300] {processor.py:208} INFO - Processing /home/gabzarp/.local/lib/python3.10/site-packages/airflow/example_dags/example_external_task_marker_dag.py took 0.047 seconds
[2024-09-12T02:06:36.727-0300] {processor.py:186} INFO - Started process (PID=16132) to work on /home/gabzarp/.local/lib/python3.10/site-packages/airflow/example_dags/example_external_task_marker_dag.py
[2024-09-12T02:06:36.728-0300] {processor.py:914} INFO - Processing file /home/gabzarp/.local/lib/python3.10/site-packages/airflow/example_dags/example_external_task_marker_dag.py for tasks to queue
[2024-09-12T02:06:36.729-0300] {logging_mixin.py:190} INFO - [2024-09-12T02:06:36.728-0300] {dagbag.py:587} INFO - Filling up the DagBag from /home/gabzarp/.local/lib/python3.10/site-packages/airflow/example_dags/example_external_task_marker_dag.py
[2024-09-12T02:06:36.734-0300] {processor.py:925} INFO - DAG(s) 'example_external_task_marker_parent', 'example_external_task_marker_child' retrieved from /home/gabzarp/.local/lib/python3.10/site-packages/airflow/example_dags/example_external_task_marker_dag.py
[2024-09-12T02:06:36.747-0300] {logging_mixin.py:190} INFO - [2024-09-12T02:06:36.747-0300] {dag.py:3229} INFO - Sync 2 DAGs
[2024-09-12T02:06:36.756-0300] {logging_mixin.py:190} INFO - [2024-09-12T02:06:36.756-0300] {dag.py:4156} INFO - Setting next_dagrun for example_external_task_marker_child to None, run_after=None
[2024-09-12T02:06:36.758-0300] {logging_mixin.py:190} INFO - [2024-09-12T02:06:36.758-0300] {dag.py:4156} INFO - Setting next_dagrun for example_external_task_marker_parent to None, run_after=None
[2024-09-12T02:06:36.772-0300] {processor.py:208} INFO - Processing /home/gabzarp/.local/lib/python3.10/site-packages/airflow/example_dags/example_external_task_marker_dag.py took 0.050 seconds
[2024-09-12T02:07:46.378-0300] {processor.py:186} INFO - Started process (PID=16684) to work on /home/gabzarp/.local/lib/python3.10/site-packages/airflow/example_dags/example_external_task_marker_dag.py
[2024-09-12T02:07:46.379-0300] {processor.py:914} INFO - Processing file /home/gabzarp/.local/lib/python3.10/site-packages/airflow/example_dags/example_external_task_marker_dag.py for tasks to queue
[2024-09-12T02:07:46.380-0300] {logging_mixin.py:190} INFO - [2024-09-12T02:07:46.379-0300] {dagbag.py:587} INFO - Filling up the DagBag from /home/gabzarp/.local/lib/python3.10/site-packages/airflow/example_dags/example_external_task_marker_dag.py
[2024-09-12T02:07:46.384-0300] {processor.py:925} INFO - DAG(s) 'example_external_task_marker_parent', 'example_external_task_marker_child' retrieved from /home/gabzarp/.local/lib/python3.10/site-packages/airflow/example_dags/example_external_task_marker_dag.py
[2024-09-12T02:07:46.396-0300] {logging_mixin.py:190} INFO - [2024-09-12T02:07:46.396-0300] {dag.py:3229} INFO - Sync 2 DAGs
[2024-09-12T02:07:46.404-0300] {logging_mixin.py:190} INFO - [2024-09-12T02:07:46.404-0300] {dag.py:4156} INFO - Setting next_dagrun for example_external_task_marker_child to None, run_after=None
[2024-09-12T02:07:46.406-0300] {logging_mixin.py:190} INFO - [2024-09-12T02:07:46.406-0300] {dag.py:4156} INFO - Setting next_dagrun for example_external_task_marker_parent to None, run_after=None
[2024-09-12T02:07:46.419-0300] {processor.py:208} INFO - Processing /home/gabzarp/.local/lib/python3.10/site-packages/airflow/example_dags/example_external_task_marker_dag.py took 0.045 seconds
[2024-09-12T02:08:38.916-0300] {processor.py:186} INFO - Started process (PID=17101) to work on /home/gabzarp/.local/lib/python3.10/site-packages/airflow/example_dags/example_external_task_marker_dag.py
[2024-09-12T02:08:38.917-0300] {processor.py:914} INFO - Processing file /home/gabzarp/.local/lib/python3.10/site-packages/airflow/example_dags/example_external_task_marker_dag.py for tasks to queue
[2024-09-12T02:08:38.918-0300] {logging_mixin.py:190} INFO - [2024-09-12T02:08:38.918-0300] {dagbag.py:587} INFO - Filling up the DagBag from /home/gabzarp/.local/lib/python3.10/site-packages/airflow/example_dags/example_external_task_marker_dag.py
[2024-09-12T02:08:38.924-0300] {processor.py:925} INFO - DAG(s) 'example_external_task_marker_child', 'example_external_task_marker_parent' retrieved from /home/gabzarp/.local/lib/python3.10/site-packages/airflow/example_dags/example_external_task_marker_dag.py
[2024-09-12T02:08:38.938-0300] {logging_mixin.py:190} INFO - [2024-09-12T02:08:38.938-0300] {dag.py:3229} INFO - Sync 2 DAGs
[2024-09-12T02:08:38.948-0300] {logging_mixin.py:190} INFO - [2024-09-12T02:08:38.948-0300] {dag.py:4156} INFO - Setting next_dagrun for example_external_task_marker_child to None, run_after=None
[2024-09-12T02:08:38.950-0300] {logging_mixin.py:190} INFO - [2024-09-12T02:08:38.950-0300] {dag.py:4156} INFO - Setting next_dagrun for example_external_task_marker_parent to None, run_after=None
[2024-09-12T02:08:38.966-0300] {processor.py:208} INFO - Processing /home/gabzarp/.local/lib/python3.10/site-packages/airflow/example_dags/example_external_task_marker_dag.py took 0.055 seconds
[2024-09-12T02:09:56.570-0300] {processor.py:186} INFO - Started process (PID=17864) to work on /home/gabzarp/.local/lib/python3.10/site-packages/airflow/example_dags/example_external_task_marker_dag.py
[2024-09-12T02:09:56.571-0300] {processor.py:914} INFO - Processing file /home/gabzarp/.local/lib/python3.10/site-packages/airflow/example_dags/example_external_task_marker_dag.py for tasks to queue
[2024-09-12T02:09:56.572-0300] {logging_mixin.py:190} INFO - [2024-09-12T02:09:56.572-0300] {dagbag.py:587} INFO - Filling up the DagBag from /home/gabzarp/.local/lib/python3.10/site-packages/airflow/example_dags/example_external_task_marker_dag.py
[2024-09-12T02:09:56.578-0300] {processor.py:925} INFO - DAG(s) 'example_external_task_marker_child', 'example_external_task_marker_parent' retrieved from /home/gabzarp/.local/lib/python3.10/site-packages/airflow/example_dags/example_external_task_marker_dag.py
[2024-09-12T02:09:56.591-0300] {logging_mixin.py:190} INFO - [2024-09-12T02:09:56.591-0300] {dag.py:3229} INFO - Sync 2 DAGs
[2024-09-12T02:09:56.600-0300] {logging_mixin.py:190} INFO - [2024-09-12T02:09:56.600-0300] {dag.py:4156} INFO - Setting next_dagrun for example_external_task_marker_child to None, run_after=None
[2024-09-12T02:09:56.602-0300] {logging_mixin.py:190} INFO - [2024-09-12T02:09:56.602-0300] {dag.py:4156} INFO - Setting next_dagrun for example_external_task_marker_parent to None, run_after=None
[2024-09-12T02:09:57.183-0300] {processor.py:208} INFO - Processing /home/gabzarp/.local/lib/python3.10/site-packages/airflow/example_dags/example_external_task_marker_dag.py took 0.620 seconds
