[2024-09-12T01:40:06.679-0300] {processor.py:186} INFO - Started process (PID=2757) to work on /home/gabzarp/.local/lib/python3.10/site-packages/airflow/example_dags/example_latest_only.py
[2024-09-12T01:40:06.680-0300] {processor.py:914} INFO - Processing file /home/gabzarp/.local/lib/python3.10/site-packages/airflow/example_dags/example_latest_only.py for tasks to queue
[2024-09-12T01:40:06.681-0300] {logging_mixin.py:190} INFO - [2024-09-12T01:40:06.681-0300] {dagbag.py:587} INFO - Filling up the DagBag from /home/gabzarp/.local/lib/python3.10/site-packages/airflow/example_dags/example_latest_only.py
[2024-09-12T01:40:06.685-0300] {processor.py:925} INFO - DAG(s) 'latest_only' retrieved from /home/gabzarp/.local/lib/python3.10/site-packages/airflow/example_dags/example_latest_only.py
[2024-09-12T01:40:06.750-0300] {logging_mixin.py:190} INFO - [2024-09-12T01:40:06.749-0300] {override.py:1900} INFO - Created Permission View: can edit on DAG:latest_only
[2024-09-12T01:40:06.759-0300] {logging_mixin.py:190} INFO - [2024-09-12T01:40:06.758-0300] {override.py:1900} INFO - Created Permission View: can read on DAG:latest_only
[2024-09-12T01:40:06.768-0300] {logging_mixin.py:190} INFO - [2024-09-12T01:40:06.768-0300] {override.py:1900} INFO - Created Permission View: can delete on DAG:latest_only
[2024-09-12T01:40:06.781-0300] {logging_mixin.py:190} INFO - [2024-09-12T01:40:06.781-0300] {override.py:1900} INFO - Created Permission View: can read on DAG Run:latest_only
[2024-09-12T01:40:06.788-0300] {logging_mixin.py:190} INFO - [2024-09-12T01:40:06.788-0300] {override.py:1900} INFO - Created Permission View: can create on DAG Run:latest_only
[2024-09-12T01:40:06.795-0300] {logging_mixin.py:190} INFO - [2024-09-12T01:40:06.795-0300] {override.py:1900} INFO - Created Permission View: menu access on DAG Run:latest_only
[2024-09-12T01:40:06.802-0300] {logging_mixin.py:190} INFO - [2024-09-12T01:40:06.802-0300] {override.py:1900} INFO - Created Permission View: can delete on DAG Run:latest_only
[2024-09-12T01:40:06.803-0300] {logging_mixin.py:190} INFO - [2024-09-12T01:40:06.803-0300] {dag.py:3229} INFO - Sync 1 DAGs
[2024-09-12T01:40:06.811-0300] {logging_mixin.py:190} INFO - [2024-09-12T01:40:06.811-0300] {dag.py:3252} INFO - Creating ORM DAG for latest_only
[2024-09-12T01:40:06.816-0300] {logging_mixin.py:190} INFO - [2024-09-12T01:40:06.816-0300] {dag.py:4156} INFO - Setting next_dagrun for latest_only to 2024-09-12 00:00:00+00:00, run_after=2024-09-12 04:00:00+00:00
[2024-09-12T01:40:06.829-0300] {processor.py:208} INFO - Processing /home/gabzarp/.local/lib/python3.10/site-packages/airflow/example_dags/example_latest_only.py took 0.154 seconds
[2024-09-12T01:41:01.173-0300] {processor.py:186} INFO - Started process (PID=3033) to work on /home/gabzarp/.local/lib/python3.10/site-packages/airflow/example_dags/example_latest_only.py
[2024-09-12T01:41:01.186-0300] {processor.py:914} INFO - Processing file /home/gabzarp/.local/lib/python3.10/site-packages/airflow/example_dags/example_latest_only.py for tasks to queue
[2024-09-12T01:41:01.188-0300] {logging_mixin.py:190} INFO - [2024-09-12T01:41:01.187-0300] {dagbag.py:587} INFO - Filling up the DagBag from /home/gabzarp/.local/lib/python3.10/site-packages/airflow/example_dags/example_latest_only.py
[2024-09-12T01:41:01.193-0300] {processor.py:925} INFO - DAG(s) 'latest_only' retrieved from /home/gabzarp/.local/lib/python3.10/site-packages/airflow/example_dags/example_latest_only.py
[2024-09-12T01:41:01.204-0300] {logging_mixin.py:190} INFO - [2024-09-12T01:41:01.204-0300] {dag.py:3229} INFO - Sync 1 DAGs
[2024-09-12T01:41:01.218-0300] {logging_mixin.py:190} INFO - [2024-09-12T01:41:01.218-0300] {dag.py:4156} INFO - Setting next_dagrun for latest_only to 2024-09-12 00:00:00+00:00, run_after=2024-09-12 04:00:00+00:00
[2024-09-12T01:41:01.251-0300] {processor.py:208} INFO - Processing /home/gabzarp/.local/lib/python3.10/site-packages/airflow/example_dags/example_latest_only.py took 0.082 seconds
[2024-09-12T01:41:55.962-0300] {processor.py:186} INFO - Started process (PID=3388) to work on /home/gabzarp/.local/lib/python3.10/site-packages/airflow/example_dags/example_latest_only.py
[2024-09-12T01:41:55.963-0300] {processor.py:914} INFO - Processing file /home/gabzarp/.local/lib/python3.10/site-packages/airflow/example_dags/example_latest_only.py for tasks to queue
[2024-09-12T01:41:55.965-0300] {logging_mixin.py:190} INFO - [2024-09-12T01:41:55.965-0300] {dagbag.py:587} INFO - Filling up the DagBag from /home/gabzarp/.local/lib/python3.10/site-packages/airflow/example_dags/example_latest_only.py
[2024-09-12T01:41:55.969-0300] {processor.py:925} INFO - DAG(s) 'latest_only' retrieved from /home/gabzarp/.local/lib/python3.10/site-packages/airflow/example_dags/example_latest_only.py
[2024-09-12T01:41:55.979-0300] {logging_mixin.py:190} INFO - [2024-09-12T01:41:55.979-0300] {dag.py:3229} INFO - Sync 1 DAGs
[2024-09-12T01:41:55.993-0300] {logging_mixin.py:190} INFO - [2024-09-12T01:41:55.993-0300] {dag.py:4156} INFO - Setting next_dagrun for latest_only to 2024-09-12 00:00:00+00:00, run_after=2024-09-12 04:00:00+00:00
[2024-09-12T01:41:56.008-0300] {processor.py:208} INFO - Processing /home/gabzarp/.local/lib/python3.10/site-packages/airflow/example_dags/example_latest_only.py took 0.049 seconds
[2024-09-12T01:43:09.194-0300] {processor.py:186} INFO - Started process (PID=3758) to work on /home/gabzarp/.local/lib/python3.10/site-packages/airflow/example_dags/example_latest_only.py
[2024-09-12T01:43:09.195-0300] {processor.py:914} INFO - Processing file /home/gabzarp/.local/lib/python3.10/site-packages/airflow/example_dags/example_latest_only.py for tasks to queue
[2024-09-12T01:43:09.196-0300] {logging_mixin.py:190} INFO - [2024-09-12T01:43:09.195-0300] {dagbag.py:587} INFO - Filling up the DagBag from /home/gabzarp/.local/lib/python3.10/site-packages/airflow/example_dags/example_latest_only.py
[2024-09-12T01:43:09.200-0300] {processor.py:925} INFO - DAG(s) 'latest_only' retrieved from /home/gabzarp/.local/lib/python3.10/site-packages/airflow/example_dags/example_latest_only.py
[2024-09-12T01:43:09.209-0300] {logging_mixin.py:190} INFO - [2024-09-12T01:43:09.209-0300] {dag.py:3229} INFO - Sync 1 DAGs
[2024-09-12T01:43:09.222-0300] {logging_mixin.py:190} INFO - [2024-09-12T01:43:09.222-0300] {dag.py:4156} INFO - Setting next_dagrun for latest_only to 2024-09-12 00:00:00+00:00, run_after=2024-09-12 04:00:00+00:00
[2024-09-12T01:43:09.237-0300] {processor.py:208} INFO - Processing /home/gabzarp/.local/lib/python3.10/site-packages/airflow/example_dags/example_latest_only.py took 0.047 seconds
[2024-09-12T01:45:13.628-0300] {processor.py:186} INFO - Started process (PID=5137) to work on /home/gabzarp/.local/lib/python3.10/site-packages/airflow/example_dags/example_latest_only.py
[2024-09-12T01:45:13.629-0300] {processor.py:914} INFO - Processing file /home/gabzarp/.local/lib/python3.10/site-packages/airflow/example_dags/example_latest_only.py for tasks to queue
[2024-09-12T01:45:13.630-0300] {logging_mixin.py:190} INFO - [2024-09-12T01:45:13.630-0300] {dagbag.py:587} INFO - Filling up the DagBag from /home/gabzarp/.local/lib/python3.10/site-packages/airflow/example_dags/example_latest_only.py
[2024-09-12T01:45:13.635-0300] {processor.py:925} INFO - DAG(s) 'latest_only' retrieved from /home/gabzarp/.local/lib/python3.10/site-packages/airflow/example_dags/example_latest_only.py
[2024-09-12T01:45:13.645-0300] {logging_mixin.py:190} INFO - [2024-09-12T01:45:13.645-0300] {dag.py:3229} INFO - Sync 1 DAGs
[2024-09-12T01:45:13.658-0300] {logging_mixin.py:190} INFO - [2024-09-12T01:45:13.657-0300] {dag.py:4156} INFO - Setting next_dagrun for latest_only to 2024-09-12 00:00:00+00:00, run_after=2024-09-12 04:00:00+00:00
[2024-09-12T01:45:13.672-0300] {processor.py:208} INFO - Processing /home/gabzarp/.local/lib/python3.10/site-packages/airflow/example_dags/example_latest_only.py took 0.048 seconds
[2024-09-12T01:46:05.563-0300] {processor.py:186} INFO - Started process (PID=5559) to work on /home/gabzarp/.local/lib/python3.10/site-packages/airflow/example_dags/example_latest_only.py
[2024-09-12T01:46:05.564-0300] {processor.py:914} INFO - Processing file /home/gabzarp/.local/lib/python3.10/site-packages/airflow/example_dags/example_latest_only.py for tasks to queue
[2024-09-12T01:46:05.566-0300] {logging_mixin.py:190} INFO - [2024-09-12T01:46:05.565-0300] {dagbag.py:587} INFO - Filling up the DagBag from /home/gabzarp/.local/lib/python3.10/site-packages/airflow/example_dags/example_latest_only.py
[2024-09-12T01:46:05.570-0300] {processor.py:925} INFO - DAG(s) 'latest_only' retrieved from /home/gabzarp/.local/lib/python3.10/site-packages/airflow/example_dags/example_latest_only.py
[2024-09-12T01:46:05.580-0300] {logging_mixin.py:190} INFO - [2024-09-12T01:46:05.580-0300] {dag.py:3229} INFO - Sync 1 DAGs
[2024-09-12T01:46:05.594-0300] {logging_mixin.py:190} INFO - [2024-09-12T01:46:05.593-0300] {dag.py:4156} INFO - Setting next_dagrun for latest_only to 2024-09-12 00:00:00+00:00, run_after=2024-09-12 04:00:00+00:00
[2024-09-12T01:46:05.614-0300] {processor.py:208} INFO - Processing /home/gabzarp/.local/lib/python3.10/site-packages/airflow/example_dags/example_latest_only.py took 0.055 seconds
[2024-09-12T01:47:18.325-0300] {processor.py:186} INFO - Started process (PID=6140) to work on /home/gabzarp/.local/lib/python3.10/site-packages/airflow/example_dags/example_latest_only.py
[2024-09-12T01:47:18.326-0300] {processor.py:914} INFO - Processing file /home/gabzarp/.local/lib/python3.10/site-packages/airflow/example_dags/example_latest_only.py for tasks to queue
[2024-09-12T01:47:18.327-0300] {logging_mixin.py:190} INFO - [2024-09-12T01:47:18.327-0300] {dagbag.py:587} INFO - Filling up the DagBag from /home/gabzarp/.local/lib/python3.10/site-packages/airflow/example_dags/example_latest_only.py
[2024-09-12T01:47:18.334-0300] {processor.py:925} INFO - DAG(s) 'latest_only' retrieved from /home/gabzarp/.local/lib/python3.10/site-packages/airflow/example_dags/example_latest_only.py
[2024-09-12T01:47:18.345-0300] {logging_mixin.py:190} INFO - [2024-09-12T01:47:18.345-0300] {dag.py:3229} INFO - Sync 1 DAGs
[2024-09-12T01:47:18.362-0300] {logging_mixin.py:190} INFO - [2024-09-12T01:47:18.362-0300] {dag.py:4156} INFO - Setting next_dagrun for latest_only to 2024-09-12 00:00:00+00:00, run_after=2024-09-12 04:00:00+00:00
[2024-09-12T01:47:18.379-0300] {processor.py:208} INFO - Processing /home/gabzarp/.local/lib/python3.10/site-packages/airflow/example_dags/example_latest_only.py took 0.059 seconds
[2024-09-12T01:48:32.564-0300] {processor.py:186} INFO - Started process (PID=6840) to work on /home/gabzarp/.local/lib/python3.10/site-packages/airflow/example_dags/example_latest_only.py
[2024-09-12T01:48:32.565-0300] {processor.py:914} INFO - Processing file /home/gabzarp/.local/lib/python3.10/site-packages/airflow/example_dags/example_latest_only.py for tasks to queue
[2024-09-12T01:48:32.567-0300] {logging_mixin.py:190} INFO - [2024-09-12T01:48:32.567-0300] {dagbag.py:587} INFO - Filling up the DagBag from /home/gabzarp/.local/lib/python3.10/site-packages/airflow/example_dags/example_latest_only.py
[2024-09-12T01:48:32.573-0300] {processor.py:925} INFO - DAG(s) 'latest_only' retrieved from /home/gabzarp/.local/lib/python3.10/site-packages/airflow/example_dags/example_latest_only.py
[2024-09-12T01:48:32.585-0300] {logging_mixin.py:190} INFO - [2024-09-12T01:48:32.584-0300] {dag.py:3229} INFO - Sync 1 DAGs
[2024-09-12T01:48:32.600-0300] {logging_mixin.py:190} INFO - [2024-09-12T01:48:32.600-0300] {dag.py:4156} INFO - Setting next_dagrun for latest_only to 2024-09-12 00:00:00+00:00, run_after=2024-09-12 04:00:00+00:00
[2024-09-12T01:48:32.620-0300] {processor.py:208} INFO - Processing /home/gabzarp/.local/lib/python3.10/site-packages/airflow/example_dags/example_latest_only.py took 0.060 seconds
[2024-09-12T01:49:47.374-0300] {processor.py:186} INFO - Started process (PID=7464) to work on /home/gabzarp/.local/lib/python3.10/site-packages/airflow/example_dags/example_latest_only.py
[2024-09-12T01:49:47.376-0300] {processor.py:914} INFO - Processing file /home/gabzarp/.local/lib/python3.10/site-packages/airflow/example_dags/example_latest_only.py for tasks to queue
[2024-09-12T01:49:47.377-0300] {logging_mixin.py:190} INFO - [2024-09-12T01:49:47.377-0300] {dagbag.py:587} INFO - Filling up the DagBag from /home/gabzarp/.local/lib/python3.10/site-packages/airflow/example_dags/example_latest_only.py
[2024-09-12T01:49:47.383-0300] {processor.py:925} INFO - DAG(s) 'latest_only' retrieved from /home/gabzarp/.local/lib/python3.10/site-packages/airflow/example_dags/example_latest_only.py
[2024-09-12T01:49:47.394-0300] {logging_mixin.py:190} INFO - [2024-09-12T01:49:47.394-0300] {dag.py:3229} INFO - Sync 1 DAGs
[2024-09-12T01:49:47.409-0300] {logging_mixin.py:190} INFO - [2024-09-12T01:49:47.409-0300] {dag.py:4156} INFO - Setting next_dagrun for latest_only to 2024-09-12 00:00:00+00:00, run_after=2024-09-12 04:00:00+00:00
[2024-09-12T01:49:47.426-0300] {processor.py:208} INFO - Processing /home/gabzarp/.local/lib/python3.10/site-packages/airflow/example_dags/example_latest_only.py took 0.055 seconds
[2024-09-12T01:51:01.676-0300] {processor.py:186} INFO - Started process (PID=8139) to work on /home/gabzarp/.local/lib/python3.10/site-packages/airflow/example_dags/example_latest_only.py
[2024-09-12T01:51:01.677-0300] {processor.py:914} INFO - Processing file /home/gabzarp/.local/lib/python3.10/site-packages/airflow/example_dags/example_latest_only.py for tasks to queue
[2024-09-12T01:51:01.678-0300] {logging_mixin.py:190} INFO - [2024-09-12T01:51:01.678-0300] {dagbag.py:587} INFO - Filling up the DagBag from /home/gabzarp/.local/lib/python3.10/site-packages/airflow/example_dags/example_latest_only.py
[2024-09-12T01:51:01.683-0300] {processor.py:925} INFO - DAG(s) 'latest_only' retrieved from /home/gabzarp/.local/lib/python3.10/site-packages/airflow/example_dags/example_latest_only.py
[2024-09-12T01:51:01.693-0300] {logging_mixin.py:190} INFO - [2024-09-12T01:51:01.692-0300] {dag.py:3229} INFO - Sync 1 DAGs
[2024-09-12T01:51:01.705-0300] {logging_mixin.py:190} INFO - [2024-09-12T01:51:01.704-0300] {dag.py:4156} INFO - Setting next_dagrun for latest_only to 2024-09-12 00:00:00+00:00, run_after=2024-09-12 04:00:00+00:00
[2024-09-12T01:51:01.719-0300] {processor.py:208} INFO - Processing /home/gabzarp/.local/lib/python3.10/site-packages/airflow/example_dags/example_latest_only.py took 0.046 seconds
[2024-09-12T01:52:16.727-0300] {processor.py:186} INFO - Started process (PID=8882) to work on /home/gabzarp/.local/lib/python3.10/site-packages/airflow/example_dags/example_latest_only.py
[2024-09-12T01:52:16.728-0300] {processor.py:914} INFO - Processing file /home/gabzarp/.local/lib/python3.10/site-packages/airflow/example_dags/example_latest_only.py for tasks to queue
[2024-09-12T01:52:16.728-0300] {logging_mixin.py:190} INFO - [2024-09-12T01:52:16.728-0300] {dagbag.py:587} INFO - Filling up the DagBag from /home/gabzarp/.local/lib/python3.10/site-packages/airflow/example_dags/example_latest_only.py
[2024-09-12T01:52:16.733-0300] {processor.py:925} INFO - DAG(s) 'latest_only' retrieved from /home/gabzarp/.local/lib/python3.10/site-packages/airflow/example_dags/example_latest_only.py
[2024-09-12T01:52:16.743-0300] {logging_mixin.py:190} INFO - [2024-09-12T01:52:16.742-0300] {dag.py:3229} INFO - Sync 1 DAGs
[2024-09-12T01:52:16.755-0300] {logging_mixin.py:190} INFO - [2024-09-12T01:52:16.754-0300] {dag.py:4156} INFO - Setting next_dagrun for latest_only to 2024-09-12 00:00:00+00:00, run_after=2024-09-12 04:00:00+00:00
[2024-09-12T01:52:16.808-0300] {processor.py:208} INFO - Processing /home/gabzarp/.local/lib/python3.10/site-packages/airflow/example_dags/example_latest_only.py took 0.084 seconds
[2024-09-12T01:53:34.932-0300] {processor.py:186} INFO - Started process (PID=9652) to work on /home/gabzarp/.local/lib/python3.10/site-packages/airflow/example_dags/example_latest_only.py
[2024-09-12T01:53:34.933-0300] {processor.py:914} INFO - Processing file /home/gabzarp/.local/lib/python3.10/site-packages/airflow/example_dags/example_latest_only.py for tasks to queue
[2024-09-12T01:53:34.934-0300] {logging_mixin.py:190} INFO - [2024-09-12T01:53:34.934-0300] {dagbag.py:587} INFO - Filling up the DagBag from /home/gabzarp/.local/lib/python3.10/site-packages/airflow/example_dags/example_latest_only.py
[2024-09-12T01:53:34.939-0300] {processor.py:925} INFO - DAG(s) 'latest_only' retrieved from /home/gabzarp/.local/lib/python3.10/site-packages/airflow/example_dags/example_latest_only.py
[2024-09-12T01:53:34.951-0300] {logging_mixin.py:190} INFO - [2024-09-12T01:53:34.951-0300] {dag.py:3229} INFO - Sync 1 DAGs
[2024-09-12T01:53:34.964-0300] {logging_mixin.py:190} INFO - [2024-09-12T01:53:34.964-0300] {dag.py:4156} INFO - Setting next_dagrun for latest_only to 2024-09-12 00:00:00+00:00, run_after=2024-09-12 04:00:00+00:00
[2024-09-12T01:53:34.980-0300] {processor.py:208} INFO - Processing /home/gabzarp/.local/lib/python3.10/site-packages/airflow/example_dags/example_latest_only.py took 0.052 seconds
[2024-09-12T01:54:28.345-0300] {processor.py:186} INFO - Started process (PID=10105) to work on /home/gabzarp/.local/lib/python3.10/site-packages/airflow/example_dags/example_latest_only.py
[2024-09-12T01:54:28.346-0300] {processor.py:914} INFO - Processing file /home/gabzarp/.local/lib/python3.10/site-packages/airflow/example_dags/example_latest_only.py for tasks to queue
[2024-09-12T01:54:28.347-0300] {logging_mixin.py:190} INFO - [2024-09-12T01:54:28.346-0300] {dagbag.py:587} INFO - Filling up the DagBag from /home/gabzarp/.local/lib/python3.10/site-packages/airflow/example_dags/example_latest_only.py
[2024-09-12T01:54:28.351-0300] {processor.py:925} INFO - DAG(s) 'latest_only' retrieved from /home/gabzarp/.local/lib/python3.10/site-packages/airflow/example_dags/example_latest_only.py
[2024-09-12T01:54:28.362-0300] {logging_mixin.py:190} INFO - [2024-09-12T01:54:28.362-0300] {dag.py:3229} INFO - Sync 1 DAGs
[2024-09-12T01:54:28.377-0300] {logging_mixin.py:190} INFO - [2024-09-12T01:54:28.377-0300] {dag.py:4156} INFO - Setting next_dagrun for latest_only to 2024-09-12 00:00:00+00:00, run_after=2024-09-12 04:00:00+00:00
[2024-09-12T01:54:28.393-0300] {processor.py:208} INFO - Processing /home/gabzarp/.local/lib/python3.10/site-packages/airflow/example_dags/example_latest_only.py took 0.052 seconds
[2024-09-12T01:55:47.729-0300] {processor.py:186} INFO - Started process (PID=10748) to work on /home/gabzarp/.local/lib/python3.10/site-packages/airflow/example_dags/example_latest_only.py
[2024-09-12T01:55:47.730-0300] {processor.py:914} INFO - Processing file /home/gabzarp/.local/lib/python3.10/site-packages/airflow/example_dags/example_latest_only.py for tasks to queue
[2024-09-12T01:55:47.731-0300] {logging_mixin.py:190} INFO - [2024-09-12T01:55:47.731-0300] {dagbag.py:587} INFO - Filling up the DagBag from /home/gabzarp/.local/lib/python3.10/site-packages/airflow/example_dags/example_latest_only.py
[2024-09-12T01:55:47.736-0300] {processor.py:925} INFO - DAG(s) 'latest_only' retrieved from /home/gabzarp/.local/lib/python3.10/site-packages/airflow/example_dags/example_latest_only.py
[2024-09-12T01:55:47.745-0300] {logging_mixin.py:190} INFO - [2024-09-12T01:55:47.745-0300] {dag.py:3229} INFO - Sync 1 DAGs
[2024-09-12T01:55:47.757-0300] {logging_mixin.py:190} INFO - [2024-09-12T01:55:47.757-0300] {dag.py:4156} INFO - Setting next_dagrun for latest_only to 2024-09-12 00:00:00+00:00, run_after=2024-09-12 04:00:00+00:00
[2024-09-12T01:55:47.771-0300] {processor.py:208} INFO - Processing /home/gabzarp/.local/lib/python3.10/site-packages/airflow/example_dags/example_latest_only.py took 0.045 seconds
[2024-09-12T01:56:43.243-0300] {processor.py:186} INFO - Started process (PID=11198) to work on /home/gabzarp/.local/lib/python3.10/site-packages/airflow/example_dags/example_latest_only.py
[2024-09-12T01:56:43.244-0300] {processor.py:914} INFO - Processing file /home/gabzarp/.local/lib/python3.10/site-packages/airflow/example_dags/example_latest_only.py for tasks to queue
[2024-09-12T01:56:43.245-0300] {logging_mixin.py:190} INFO - [2024-09-12T01:56:43.245-0300] {dagbag.py:587} INFO - Filling up the DagBag from /home/gabzarp/.local/lib/python3.10/site-packages/airflow/example_dags/example_latest_only.py
[2024-09-12T01:56:43.250-0300] {processor.py:925} INFO - DAG(s) 'latest_only' retrieved from /home/gabzarp/.local/lib/python3.10/site-packages/airflow/example_dags/example_latest_only.py
[2024-09-12T01:56:43.261-0300] {logging_mixin.py:190} INFO - [2024-09-12T01:56:43.261-0300] {dag.py:3229} INFO - Sync 1 DAGs
[2024-09-12T01:56:43.275-0300] {logging_mixin.py:190} INFO - [2024-09-12T01:56:43.275-0300] {dag.py:4156} INFO - Setting next_dagrun for latest_only to 2024-09-12 00:00:00+00:00, run_after=2024-09-12 04:00:00+00:00
[2024-09-12T01:56:43.290-0300] {processor.py:208} INFO - Processing /home/gabzarp/.local/lib/python3.10/site-packages/airflow/example_dags/example_latest_only.py took 0.051 seconds
[2024-09-12T01:58:01.671-0300] {processor.py:186} INFO - Started process (PID=11865) to work on /home/gabzarp/.local/lib/python3.10/site-packages/airflow/example_dags/example_latest_only.py
[2024-09-12T01:58:01.672-0300] {processor.py:914} INFO - Processing file /home/gabzarp/.local/lib/python3.10/site-packages/airflow/example_dags/example_latest_only.py for tasks to queue
[2024-09-12T01:58:01.673-0300] {logging_mixin.py:190} INFO - [2024-09-12T01:58:01.672-0300] {dagbag.py:587} INFO - Filling up the DagBag from /home/gabzarp/.local/lib/python3.10/site-packages/airflow/example_dags/example_latest_only.py
[2024-09-12T01:58:01.677-0300] {processor.py:925} INFO - DAG(s) 'latest_only' retrieved from /home/gabzarp/.local/lib/python3.10/site-packages/airflow/example_dags/example_latest_only.py
[2024-09-12T01:58:01.686-0300] {logging_mixin.py:190} INFO - [2024-09-12T01:58:01.686-0300] {dag.py:3229} INFO - Sync 1 DAGs
[2024-09-12T01:58:01.699-0300] {logging_mixin.py:190} INFO - [2024-09-12T01:58:01.698-0300] {dag.py:4156} INFO - Setting next_dagrun for latest_only to 2024-09-12 00:00:00+00:00, run_after=2024-09-12 04:00:00+00:00
[2024-09-12T01:58:01.712-0300] {processor.py:208} INFO - Processing /home/gabzarp/.local/lib/python3.10/site-packages/airflow/example_dags/example_latest_only.py took 0.045 seconds
[2024-09-12T01:58:56.631-0300] {processor.py:186} INFO - Started process (PID=12300) to work on /home/gabzarp/.local/lib/python3.10/site-packages/airflow/example_dags/example_latest_only.py
[2024-09-12T01:58:56.632-0300] {processor.py:914} INFO - Processing file /home/gabzarp/.local/lib/python3.10/site-packages/airflow/example_dags/example_latest_only.py for tasks to queue
[2024-09-12T01:58:56.632-0300] {logging_mixin.py:190} INFO - [2024-09-12T01:58:56.632-0300] {dagbag.py:587} INFO - Filling up the DagBag from /home/gabzarp/.local/lib/python3.10/site-packages/airflow/example_dags/example_latest_only.py
[2024-09-12T01:58:56.637-0300] {processor.py:925} INFO - DAG(s) 'latest_only' retrieved from /home/gabzarp/.local/lib/python3.10/site-packages/airflow/example_dags/example_latest_only.py
[2024-09-12T01:58:56.647-0300] {logging_mixin.py:190} INFO - [2024-09-12T01:58:56.647-0300] {dag.py:3229} INFO - Sync 1 DAGs
[2024-09-12T01:58:56.661-0300] {logging_mixin.py:190} INFO - [2024-09-12T01:58:56.661-0300] {dag.py:4156} INFO - Setting next_dagrun for latest_only to 2024-09-12 00:00:00+00:00, run_after=2024-09-12 04:00:00+00:00
[2024-09-12T01:58:56.675-0300] {processor.py:208} INFO - Processing /home/gabzarp/.local/lib/python3.10/site-packages/airflow/example_dags/example_latest_only.py took 0.048 seconds
[2024-09-12T02:00:13.549-0300] {processor.py:186} INFO - Started process (PID=12948) to work on /home/gabzarp/.local/lib/python3.10/site-packages/airflow/example_dags/example_latest_only.py
[2024-09-12T02:00:13.550-0300] {processor.py:914} INFO - Processing file /home/gabzarp/.local/lib/python3.10/site-packages/airflow/example_dags/example_latest_only.py for tasks to queue
[2024-09-12T02:00:13.551-0300] {logging_mixin.py:190} INFO - [2024-09-12T02:00:13.551-0300] {dagbag.py:587} INFO - Filling up the DagBag from /home/gabzarp/.local/lib/python3.10/site-packages/airflow/example_dags/example_latest_only.py
[2024-09-12T02:00:13.556-0300] {processor.py:925} INFO - DAG(s) 'latest_only' retrieved from /home/gabzarp/.local/lib/python3.10/site-packages/airflow/example_dags/example_latest_only.py
[2024-09-12T02:00:13.566-0300] {logging_mixin.py:190} INFO - [2024-09-12T02:00:13.566-0300] {dag.py:3229} INFO - Sync 1 DAGs
[2024-09-12T02:00:13.578-0300] {logging_mixin.py:190} INFO - [2024-09-12T02:00:13.578-0300] {dag.py:4156} INFO - Setting next_dagrun for latest_only to 2024-09-12 00:00:00+00:00, run_after=2024-09-12 04:00:00+00:00
[2024-09-12T02:00:13.593-0300] {processor.py:208} INFO - Processing /home/gabzarp/.local/lib/python3.10/site-packages/airflow/example_dags/example_latest_only.py took 0.047 seconds
[2024-09-12T02:01:30.021-0300] {processor.py:186} INFO - Started process (PID=13661) to work on /home/gabzarp/.local/lib/python3.10/site-packages/airflow/example_dags/example_latest_only.py
[2024-09-12T02:01:30.022-0300] {processor.py:914} INFO - Processing file /home/gabzarp/.local/lib/python3.10/site-packages/airflow/example_dags/example_latest_only.py for tasks to queue
[2024-09-12T02:01:30.023-0300] {logging_mixin.py:190} INFO - [2024-09-12T02:01:30.023-0300] {dagbag.py:587} INFO - Filling up the DagBag from /home/gabzarp/.local/lib/python3.10/site-packages/airflow/example_dags/example_latest_only.py
[2024-09-12T02:01:30.028-0300] {processor.py:925} INFO - DAG(s) 'latest_only' retrieved from /home/gabzarp/.local/lib/python3.10/site-packages/airflow/example_dags/example_latest_only.py
[2024-09-12T02:01:30.042-0300] {logging_mixin.py:190} INFO - [2024-09-12T02:01:30.042-0300] {dag.py:3229} INFO - Sync 1 DAGs
[2024-09-12T02:01:30.057-0300] {logging_mixin.py:190} INFO - [2024-09-12T02:01:30.057-0300] {dag.py:4156} INFO - Setting next_dagrun for latest_only to 2024-09-12 00:00:00+00:00, run_after=2024-09-12 04:00:00+00:00
[2024-09-12T02:01:30.072-0300] {processor.py:208} INFO - Processing /home/gabzarp/.local/lib/python3.10/site-packages/airflow/example_dags/example_latest_only.py took 0.054 seconds
[2024-09-12T02:02:40.279-0300] {processor.py:186} INFO - Started process (PID=14263) to work on /home/gabzarp/.local/lib/python3.10/site-packages/airflow/example_dags/example_latest_only.py
[2024-09-12T02:02:40.280-0300] {processor.py:914} INFO - Processing file /home/gabzarp/.local/lib/python3.10/site-packages/airflow/example_dags/example_latest_only.py for tasks to queue
[2024-09-12T02:02:40.281-0300] {logging_mixin.py:190} INFO - [2024-09-12T02:02:40.281-0300] {dagbag.py:587} INFO - Filling up the DagBag from /home/gabzarp/.local/lib/python3.10/site-packages/airflow/example_dags/example_latest_only.py
[2024-09-12T02:02:40.285-0300] {processor.py:925} INFO - DAG(s) 'latest_only' retrieved from /home/gabzarp/.local/lib/python3.10/site-packages/airflow/example_dags/example_latest_only.py
[2024-09-12T02:02:40.295-0300] {logging_mixin.py:190} INFO - [2024-09-12T02:02:40.294-0300] {dag.py:3229} INFO - Sync 1 DAGs
[2024-09-12T02:02:40.310-0300] {logging_mixin.py:190} INFO - [2024-09-12T02:02:40.310-0300] {dag.py:4156} INFO - Setting next_dagrun for latest_only to 2024-09-12 00:00:00+00:00, run_after=2024-09-12 04:00:00+00:00
[2024-09-12T02:02:40.328-0300] {processor.py:208} INFO - Processing /home/gabzarp/.local/lib/python3.10/site-packages/airflow/example_dags/example_latest_only.py took 0.053 seconds
[2024-09-12T02:03:57.482-0300] {processor.py:186} INFO - Started process (PID=14876) to work on /home/gabzarp/.local/lib/python3.10/site-packages/airflow/example_dags/example_latest_only.py
[2024-09-12T02:03:57.483-0300] {processor.py:914} INFO - Processing file /home/gabzarp/.local/lib/python3.10/site-packages/airflow/example_dags/example_latest_only.py for tasks to queue
[2024-09-12T02:03:57.484-0300] {logging_mixin.py:190} INFO - [2024-09-12T02:03:57.484-0300] {dagbag.py:587} INFO - Filling up the DagBag from /home/gabzarp/.local/lib/python3.10/site-packages/airflow/example_dags/example_latest_only.py
[2024-09-12T02:03:57.488-0300] {processor.py:925} INFO - DAG(s) 'latest_only' retrieved from /home/gabzarp/.local/lib/python3.10/site-packages/airflow/example_dags/example_latest_only.py
[2024-09-12T02:03:57.498-0300] {logging_mixin.py:190} INFO - [2024-09-12T02:03:57.498-0300] {dag.py:3229} INFO - Sync 1 DAGs
[2024-09-12T02:03:57.512-0300] {logging_mixin.py:190} INFO - [2024-09-12T02:03:57.512-0300] {dag.py:4156} INFO - Setting next_dagrun for latest_only to 2024-09-12 00:00:00+00:00, run_after=2024-09-12 04:00:00+00:00
[2024-09-12T02:03:57.530-0300] {processor.py:208} INFO - Processing /home/gabzarp/.local/lib/python3.10/site-packages/airflow/example_dags/example_latest_only.py took 0.051 seconds
[2024-09-12T02:04:51.702-0300] {processor.py:186} INFO - Started process (PID=15305) to work on /home/gabzarp/.local/lib/python3.10/site-packages/airflow/example_dags/example_latest_only.py
[2024-09-12T02:04:51.703-0300] {processor.py:914} INFO - Processing file /home/gabzarp/.local/lib/python3.10/site-packages/airflow/example_dags/example_latest_only.py for tasks to queue
[2024-09-12T02:04:51.704-0300] {logging_mixin.py:190} INFO - [2024-09-12T02:04:51.704-0300] {dagbag.py:587} INFO - Filling up the DagBag from /home/gabzarp/.local/lib/python3.10/site-packages/airflow/example_dags/example_latest_only.py
[2024-09-12T02:04:51.709-0300] {processor.py:925} INFO - DAG(s) 'latest_only' retrieved from /home/gabzarp/.local/lib/python3.10/site-packages/airflow/example_dags/example_latest_only.py
[2024-09-12T02:04:51.719-0300] {logging_mixin.py:190} INFO - [2024-09-12T02:04:51.719-0300] {dag.py:3229} INFO - Sync 1 DAGs
[2024-09-12T02:04:51.733-0300] {logging_mixin.py:190} INFO - [2024-09-12T02:04:51.732-0300] {dag.py:4156} INFO - Setting next_dagrun for latest_only to 2024-09-12 00:00:00+00:00, run_after=2024-09-12 04:00:00+00:00
[2024-09-12T02:04:51.747-0300] {processor.py:208} INFO - Processing /home/gabzarp/.local/lib/python3.10/site-packages/airflow/example_dags/example_latest_only.py took 0.049 seconds
[2024-09-12T02:06:11.631-0300] {processor.py:186} INFO - Started process (PID=15934) to work on /home/gabzarp/.local/lib/python3.10/site-packages/airflow/example_dags/example_latest_only.py
[2024-09-12T02:06:11.632-0300] {processor.py:914} INFO - Processing file /home/gabzarp/.local/lib/python3.10/site-packages/airflow/example_dags/example_latest_only.py for tasks to queue
[2024-09-12T02:06:11.633-0300] {logging_mixin.py:190} INFO - [2024-09-12T02:06:11.633-0300] {dagbag.py:587} INFO - Filling up the DagBag from /home/gabzarp/.local/lib/python3.10/site-packages/airflow/example_dags/example_latest_only.py
[2024-09-12T02:06:11.638-0300] {processor.py:925} INFO - DAG(s) 'latest_only' retrieved from /home/gabzarp/.local/lib/python3.10/site-packages/airflow/example_dags/example_latest_only.py
[2024-09-12T02:06:11.649-0300] {logging_mixin.py:190} INFO - [2024-09-12T02:06:11.648-0300] {dag.py:3229} INFO - Sync 1 DAGs
[2024-09-12T02:06:11.661-0300] {logging_mixin.py:190} INFO - [2024-09-12T02:06:11.661-0300] {dag.py:4156} INFO - Setting next_dagrun for latest_only to 2024-09-12 00:00:00+00:00, run_after=2024-09-12 04:00:00+00:00
[2024-09-12T02:06:11.678-0300] {processor.py:208} INFO - Processing /home/gabzarp/.local/lib/python3.10/site-packages/airflow/example_dags/example_latest_only.py took 0.050 seconds
[2024-09-12T02:07:22.990-0300] {processor.py:186} INFO - Started process (PID=16503) to work on /home/gabzarp/.local/lib/python3.10/site-packages/airflow/example_dags/example_latest_only.py
[2024-09-12T02:07:22.991-0300] {processor.py:914} INFO - Processing file /home/gabzarp/.local/lib/python3.10/site-packages/airflow/example_dags/example_latest_only.py for tasks to queue
[2024-09-12T02:07:22.992-0300] {logging_mixin.py:190} INFO - [2024-09-12T02:07:22.991-0300] {dagbag.py:587} INFO - Filling up the DagBag from /home/gabzarp/.local/lib/python3.10/site-packages/airflow/example_dags/example_latest_only.py
[2024-09-12T02:07:22.996-0300] {processor.py:925} INFO - DAG(s) 'latest_only' retrieved from /home/gabzarp/.local/lib/python3.10/site-packages/airflow/example_dags/example_latest_only.py
[2024-09-12T02:07:23.005-0300] {logging_mixin.py:190} INFO - [2024-09-12T02:07:23.005-0300] {dag.py:3229} INFO - Sync 1 DAGs
[2024-09-12T02:07:23.018-0300] {logging_mixin.py:190} INFO - [2024-09-12T02:07:23.018-0300] {dag.py:4156} INFO - Setting next_dagrun for latest_only to 2024-09-12 00:00:00+00:00, run_after=2024-09-12 04:00:00+00:00
[2024-09-12T02:07:23.034-0300] {processor.py:208} INFO - Processing /home/gabzarp/.local/lib/python3.10/site-packages/airflow/example_dags/example_latest_only.py took 0.048 seconds
[2024-09-12T02:08:40.046-0300] {processor.py:186} INFO - Started process (PID=17106) to work on /home/gabzarp/.local/lib/python3.10/site-packages/airflow/example_dags/example_latest_only.py
[2024-09-12T02:08:40.047-0300] {processor.py:914} INFO - Processing file /home/gabzarp/.local/lib/python3.10/site-packages/airflow/example_dags/example_latest_only.py for tasks to queue
[2024-09-12T02:08:40.048-0300] {logging_mixin.py:190} INFO - [2024-09-12T02:08:40.048-0300] {dagbag.py:587} INFO - Filling up the DagBag from /home/gabzarp/.local/lib/python3.10/site-packages/airflow/example_dags/example_latest_only.py
[2024-09-12T02:08:40.053-0300] {processor.py:925} INFO - DAG(s) 'latest_only' retrieved from /home/gabzarp/.local/lib/python3.10/site-packages/airflow/example_dags/example_latest_only.py
[2024-09-12T02:08:40.064-0300] {logging_mixin.py:190} INFO - [2024-09-12T02:08:40.063-0300] {dag.py:3229} INFO - Sync 1 DAGs
[2024-09-12T02:08:40.077-0300] {logging_mixin.py:190} INFO - [2024-09-12T02:08:40.077-0300] {dag.py:4156} INFO - Setting next_dagrun for latest_only to 2024-09-12 00:00:00+00:00, run_after=2024-09-12 04:00:00+00:00
[2024-09-12T02:08:40.092-0300] {processor.py:208} INFO - Processing /home/gabzarp/.local/lib/python3.10/site-packages/airflow/example_dags/example_latest_only.py took 0.049 seconds
[2024-09-12T02:09:58.304-0300] {processor.py:186} INFO - Started process (PID=17878) to work on /home/gabzarp/.local/lib/python3.10/site-packages/airflow/example_dags/example_latest_only.py
[2024-09-12T02:09:58.305-0300] {processor.py:914} INFO - Processing file /home/gabzarp/.local/lib/python3.10/site-packages/airflow/example_dags/example_latest_only.py for tasks to queue
[2024-09-12T02:09:58.306-0300] {logging_mixin.py:190} INFO - [2024-09-12T02:09:58.306-0300] {dagbag.py:587} INFO - Filling up the DagBag from /home/gabzarp/.local/lib/python3.10/site-packages/airflow/example_dags/example_latest_only.py
[2024-09-12T02:09:58.311-0300] {processor.py:925} INFO - DAG(s) 'latest_only' retrieved from /home/gabzarp/.local/lib/python3.10/site-packages/airflow/example_dags/example_latest_only.py
[2024-09-12T02:09:58.322-0300] {logging_mixin.py:190} INFO - [2024-09-12T02:09:58.322-0300] {dag.py:3229} INFO - Sync 1 DAGs
[2024-09-12T02:09:58.334-0300] {logging_mixin.py:190} INFO - [2024-09-12T02:09:58.334-0300] {dag.py:4156} INFO - Setting next_dagrun for latest_only to 2024-09-12 00:00:00+00:00, run_after=2024-09-12 04:00:00+00:00
[2024-09-12T02:09:58.690-0300] {processor.py:208} INFO - Processing /home/gabzarp/.local/lib/python3.10/site-packages/airflow/example_dags/example_latest_only.py took 0.393 seconds
