[2024-09-12T01:39:34.996-0300] {processor.py:186} INFO - Started process (PID=2599) to work on /home/gabzarp/.local/lib/python3.10/site-packages/airflow/example_dags/example_skip_dag.py
[2024-09-12T01:39:34.997-0300] {processor.py:914} INFO - Processing file /home/gabzarp/.local/lib/python3.10/site-packages/airflow/example_dags/example_skip_dag.py for tasks to queue
[2024-09-12T01:39:34.998-0300] {logging_mixin.py:190} INFO - [2024-09-12T01:39:34.998-0300] {dagbag.py:587} INFO - Filling up the DagBag from /home/gabzarp/.local/lib/python3.10/site-packages/airflow/example_dags/example_skip_dag.py
[2024-09-12T01:39:35.004-0300] {processor.py:925} INFO - DAG(s) 'example_skip_dag' retrieved from /home/gabzarp/.local/lib/python3.10/site-packages/airflow/example_dags/example_skip_dag.py
[2024-09-12T01:39:35.078-0300] {logging_mixin.py:190} INFO - [2024-09-12T01:39:35.077-0300] {override.py:1900} INFO - Created Permission View: can edit on DAG:example_skip_dag
[2024-09-12T01:39:35.089-0300] {logging_mixin.py:190} INFO - [2024-09-12T01:39:35.089-0300] {override.py:1900} INFO - Created Permission View: can read on DAG:example_skip_dag
[2024-09-12T01:39:35.099-0300] {logging_mixin.py:190} INFO - [2024-09-12T01:39:35.098-0300] {override.py:1900} INFO - Created Permission View: can delete on DAG:example_skip_dag
[2024-09-12T01:39:35.113-0300] {logging_mixin.py:190} INFO - [2024-09-12T01:39:35.112-0300] {override.py:1900} INFO - Created Permission View: can read on DAG Run:example_skip_dag
[2024-09-12T01:39:35.121-0300] {logging_mixin.py:190} INFO - [2024-09-12T01:39:35.121-0300] {override.py:1900} INFO - Created Permission View: can create on DAG Run:example_skip_dag
[2024-09-12T01:39:35.129-0300] {logging_mixin.py:190} INFO - [2024-09-12T01:39:35.129-0300] {override.py:1900} INFO - Created Permission View: menu access on DAG Run:example_skip_dag
[2024-09-12T01:39:35.137-0300] {logging_mixin.py:190} INFO - [2024-09-12T01:39:35.137-0300] {override.py:1900} INFO - Created Permission View: can delete on DAG Run:example_skip_dag
[2024-09-12T01:39:35.137-0300] {logging_mixin.py:190} INFO - [2024-09-12T01:39:35.137-0300] {dag.py:3229} INFO - Sync 1 DAGs
[2024-09-12T01:39:35.147-0300] {logging_mixin.py:190} INFO - [2024-09-12T01:39:35.147-0300] {dag.py:3252} INFO - Creating ORM DAG for example_skip_dag
[2024-09-12T01:39:35.153-0300] {logging_mixin.py:190} INFO - [2024-09-12T01:39:35.153-0300] {dag.py:4156} INFO - Setting next_dagrun for example_skip_dag to 2024-09-11 00:00:00+00:00, run_after=2024-09-12 00:00:00+00:00
[2024-09-12T01:39:35.169-0300] {processor.py:208} INFO - Processing /home/gabzarp/.local/lib/python3.10/site-packages/airflow/example_dags/example_skip_dag.py took 0.178 seconds
[2024-09-12T01:40:32.568-0300] {processor.py:186} INFO - Started process (PID=2885) to work on /home/gabzarp/.local/lib/python3.10/site-packages/airflow/example_dags/example_skip_dag.py
[2024-09-12T01:40:32.569-0300] {processor.py:914} INFO - Processing file /home/gabzarp/.local/lib/python3.10/site-packages/airflow/example_dags/example_skip_dag.py for tasks to queue
[2024-09-12T01:40:32.570-0300] {logging_mixin.py:190} INFO - [2024-09-12T01:40:32.570-0300] {dagbag.py:587} INFO - Filling up the DagBag from /home/gabzarp/.local/lib/python3.10/site-packages/airflow/example_dags/example_skip_dag.py
[2024-09-12T01:40:32.575-0300] {processor.py:925} INFO - DAG(s) 'example_skip_dag' retrieved from /home/gabzarp/.local/lib/python3.10/site-packages/airflow/example_dags/example_skip_dag.py
[2024-09-12T01:40:32.586-0300] {logging_mixin.py:190} INFO - [2024-09-12T01:40:32.586-0300] {dag.py:3229} INFO - Sync 1 DAGs
[2024-09-12T01:40:32.598-0300] {logging_mixin.py:190} INFO - [2024-09-12T01:40:32.598-0300] {dag.py:4156} INFO - Setting next_dagrun for example_skip_dag to 2024-09-11 00:00:00+00:00, run_after=2024-09-12 00:00:00+00:00
[2024-09-12T01:40:32.612-0300] {processor.py:208} INFO - Processing /home/gabzarp/.local/lib/python3.10/site-packages/airflow/example_dags/example_skip_dag.py took 0.048 seconds
[2024-09-12T01:41:23.980-0300] {processor.py:186} INFO - Started process (PID=3229) to work on /home/gabzarp/.local/lib/python3.10/site-packages/airflow/example_dags/example_skip_dag.py
[2024-09-12T01:41:23.981-0300] {processor.py:914} INFO - Processing file /home/gabzarp/.local/lib/python3.10/site-packages/airflow/example_dags/example_skip_dag.py for tasks to queue
[2024-09-12T01:41:23.982-0300] {logging_mixin.py:190} INFO - [2024-09-12T01:41:23.982-0300] {dagbag.py:587} INFO - Filling up the DagBag from /home/gabzarp/.local/lib/python3.10/site-packages/airflow/example_dags/example_skip_dag.py
[2024-09-12T01:41:23.987-0300] {processor.py:925} INFO - DAG(s) 'example_skip_dag' retrieved from /home/gabzarp/.local/lib/python3.10/site-packages/airflow/example_dags/example_skip_dag.py
[2024-09-12T01:41:23.997-0300] {logging_mixin.py:190} INFO - [2024-09-12T01:41:23.997-0300] {dag.py:3229} INFO - Sync 1 DAGs
[2024-09-12T01:41:24.009-0300] {logging_mixin.py:190} INFO - [2024-09-12T01:41:24.008-0300] {dag.py:4156} INFO - Setting next_dagrun for example_skip_dag to 2024-09-11 00:00:00+00:00, run_after=2024-09-12 00:00:00+00:00
[2024-09-12T01:41:24.023-0300] {processor.py:208} INFO - Processing /home/gabzarp/.local/lib/python3.10/site-packages/airflow/example_dags/example_skip_dag.py took 0.046 seconds
[2024-09-12T01:42:14.198-0300] {processor.py:186} INFO - Started process (PID=3480) to work on /home/gabzarp/.local/lib/python3.10/site-packages/airflow/example_dags/example_skip_dag.py
[2024-09-12T01:42:14.199-0300] {processor.py:914} INFO - Processing file /home/gabzarp/.local/lib/python3.10/site-packages/airflow/example_dags/example_skip_dag.py for tasks to queue
[2024-09-12T01:42:14.201-0300] {logging_mixin.py:190} INFO - [2024-09-12T01:42:14.201-0300] {dagbag.py:587} INFO - Filling up the DagBag from /home/gabzarp/.local/lib/python3.10/site-packages/airflow/example_dags/example_skip_dag.py
[2024-09-12T01:42:14.206-0300] {processor.py:925} INFO - DAG(s) 'example_skip_dag' retrieved from /home/gabzarp/.local/lib/python3.10/site-packages/airflow/example_dags/example_skip_dag.py
[2024-09-12T01:42:14.218-0300] {logging_mixin.py:190} INFO - [2024-09-12T01:42:14.217-0300] {dag.py:3229} INFO - Sync 1 DAGs
[2024-09-12T01:42:14.230-0300] {logging_mixin.py:190} INFO - [2024-09-12T01:42:14.230-0300] {dag.py:4156} INFO - Setting next_dagrun for example_skip_dag to 2024-09-11 00:00:00+00:00, run_after=2024-09-12 00:00:00+00:00
[2024-09-12T01:42:14.245-0300] {processor.py:208} INFO - Processing /home/gabzarp/.local/lib/python3.10/site-packages/airflow/example_dags/example_skip_dag.py took 0.050 seconds
[2024-09-12T01:43:03.699-0300] {processor.py:186} INFO - Started process (PID=3730) to work on /home/gabzarp/.local/lib/python3.10/site-packages/airflow/example_dags/example_skip_dag.py
[2024-09-12T01:43:03.700-0300] {processor.py:914} INFO - Processing file /home/gabzarp/.local/lib/python3.10/site-packages/airflow/example_dags/example_skip_dag.py for tasks to queue
[2024-09-12T01:43:03.702-0300] {logging_mixin.py:190} INFO - [2024-09-12T01:43:03.701-0300] {dagbag.py:587} INFO - Filling up the DagBag from /home/gabzarp/.local/lib/python3.10/site-packages/airflow/example_dags/example_skip_dag.py
[2024-09-12T01:43:03.706-0300] {processor.py:925} INFO - DAG(s) 'example_skip_dag' retrieved from /home/gabzarp/.local/lib/python3.10/site-packages/airflow/example_dags/example_skip_dag.py
[2024-09-12T01:43:03.717-0300] {logging_mixin.py:190} INFO - [2024-09-12T01:43:03.717-0300] {dag.py:3229} INFO - Sync 1 DAGs
[2024-09-12T01:43:03.729-0300] {logging_mixin.py:190} INFO - [2024-09-12T01:43:03.729-0300] {dag.py:4156} INFO - Setting next_dagrun for example_skip_dag to 2024-09-11 00:00:00+00:00, run_after=2024-09-12 00:00:00+00:00
[2024-09-12T01:43:03.847-0300] {processor.py:208} INFO - Processing /home/gabzarp/.local/lib/python3.10/site-packages/airflow/example_dags/example_skip_dag.py took 0.152 seconds
[2024-09-12T01:44:08.240-0300] {processor.py:186} INFO - Started process (PID=4453) to work on /home/gabzarp/.local/lib/python3.10/site-packages/airflow/example_dags/example_skip_dag.py
[2024-09-12T01:44:08.256-0300] {processor.py:914} INFO - Processing file /home/gabzarp/.local/lib/python3.10/site-packages/airflow/example_dags/example_skip_dag.py for tasks to queue
[2024-09-12T01:44:08.257-0300] {logging_mixin.py:190} INFO - [2024-09-12T01:44:08.257-0300] {dagbag.py:587} INFO - Filling up the DagBag from /home/gabzarp/.local/lib/python3.10/site-packages/airflow/example_dags/example_skip_dag.py
[2024-09-12T01:44:08.265-0300] {processor.py:925} INFO - DAG(s) 'example_skip_dag' retrieved from /home/gabzarp/.local/lib/python3.10/site-packages/airflow/example_dags/example_skip_dag.py
[2024-09-12T01:44:08.284-0300] {logging_mixin.py:190} INFO - [2024-09-12T01:44:08.284-0300] {dag.py:3229} INFO - Sync 1 DAGs
[2024-09-12T01:44:08.300-0300] {logging_mixin.py:190} INFO - [2024-09-12T01:44:08.299-0300] {dag.py:4156} INFO - Setting next_dagrun for example_skip_dag to 2024-09-11 00:00:00+00:00, run_after=2024-09-12 00:00:00+00:00
[2024-09-12T01:44:09.272-0300] {processor.py:208} INFO - Processing /home/gabzarp/.local/lib/python3.10/site-packages/airflow/example_dags/example_skip_dag.py took 1.036 seconds
[2024-09-12T01:45:34.759-0300] {processor.py:186} INFO - Started process (PID=5313) to work on /home/gabzarp/.local/lib/python3.10/site-packages/airflow/example_dags/example_skip_dag.py
[2024-09-12T01:45:34.760-0300] {processor.py:914} INFO - Processing file /home/gabzarp/.local/lib/python3.10/site-packages/airflow/example_dags/example_skip_dag.py for tasks to queue
[2024-09-12T01:45:34.762-0300] {logging_mixin.py:190} INFO - [2024-09-12T01:45:34.761-0300] {dagbag.py:587} INFO - Filling up the DagBag from /home/gabzarp/.local/lib/python3.10/site-packages/airflow/example_dags/example_skip_dag.py
[2024-09-12T01:45:34.767-0300] {processor.py:925} INFO - DAG(s) 'example_skip_dag' retrieved from /home/gabzarp/.local/lib/python3.10/site-packages/airflow/example_dags/example_skip_dag.py
[2024-09-12T01:45:34.779-0300] {logging_mixin.py:190} INFO - [2024-09-12T01:45:34.778-0300] {dag.py:3229} INFO - Sync 1 DAGs
[2024-09-12T01:45:34.791-0300] {logging_mixin.py:190} INFO - [2024-09-12T01:45:34.791-0300] {dag.py:4156} INFO - Setting next_dagrun for example_skip_dag to 2024-09-11 00:00:00+00:00, run_after=2024-09-12 00:00:00+00:00
[2024-09-12T01:45:34.808-0300] {processor.py:208} INFO - Processing /home/gabzarp/.local/lib/python3.10/site-packages/airflow/example_dags/example_skip_dag.py took 0.053 seconds
[2024-09-12T01:46:26.106-0300] {processor.py:186} INFO - Started process (PID=5726) to work on /home/gabzarp/.local/lib/python3.10/site-packages/airflow/example_dags/example_skip_dag.py
[2024-09-12T01:46:26.107-0300] {processor.py:914} INFO - Processing file /home/gabzarp/.local/lib/python3.10/site-packages/airflow/example_dags/example_skip_dag.py for tasks to queue
[2024-09-12T01:46:26.108-0300] {logging_mixin.py:190} INFO - [2024-09-12T01:46:26.108-0300] {dagbag.py:587} INFO - Filling up the DagBag from /home/gabzarp/.local/lib/python3.10/site-packages/airflow/example_dags/example_skip_dag.py
[2024-09-12T01:46:26.113-0300] {processor.py:925} INFO - DAG(s) 'example_skip_dag' retrieved from /home/gabzarp/.local/lib/python3.10/site-packages/airflow/example_dags/example_skip_dag.py
[2024-09-12T01:46:26.124-0300] {logging_mixin.py:190} INFO - [2024-09-12T01:46:26.124-0300] {dag.py:3229} INFO - Sync 1 DAGs
[2024-09-12T01:46:26.136-0300] {logging_mixin.py:190} INFO - [2024-09-12T01:46:26.136-0300] {dag.py:4156} INFO - Setting next_dagrun for example_skip_dag to 2024-09-11 00:00:00+00:00, run_after=2024-09-12 00:00:00+00:00
[2024-09-12T01:46:26.152-0300] {processor.py:208} INFO - Processing /home/gabzarp/.local/lib/python3.10/site-packages/airflow/example_dags/example_skip_dag.py took 0.049 seconds
[2024-09-12T01:47:15.646-0300] {processor.py:186} INFO - Started process (PID=6119) to work on /home/gabzarp/.local/lib/python3.10/site-packages/airflow/example_dags/example_skip_dag.py
[2024-09-12T01:47:15.646-0300] {processor.py:914} INFO - Processing file /home/gabzarp/.local/lib/python3.10/site-packages/airflow/example_dags/example_skip_dag.py for tasks to queue
[2024-09-12T01:47:15.648-0300] {logging_mixin.py:190} INFO - [2024-09-12T01:47:15.647-0300] {dagbag.py:587} INFO - Filling up the DagBag from /home/gabzarp/.local/lib/python3.10/site-packages/airflow/example_dags/example_skip_dag.py
[2024-09-12T01:47:15.653-0300] {processor.py:925} INFO - DAG(s) 'example_skip_dag' retrieved from /home/gabzarp/.local/lib/python3.10/site-packages/airflow/example_dags/example_skip_dag.py
[2024-09-12T01:47:15.664-0300] {logging_mixin.py:190} INFO - [2024-09-12T01:47:15.664-0300] {dag.py:3229} INFO - Sync 1 DAGs
[2024-09-12T01:47:15.677-0300] {logging_mixin.py:190} INFO - [2024-09-12T01:47:15.676-0300] {dag.py:4156} INFO - Setting next_dagrun for example_skip_dag to 2024-09-11 00:00:00+00:00, run_after=2024-09-12 00:00:00+00:00
[2024-09-12T01:47:15.690-0300] {processor.py:208} INFO - Processing /home/gabzarp/.local/lib/python3.10/site-packages/airflow/example_dags/example_skip_dag.py took 0.048 seconds
[2024-09-12T01:48:03.443-0300] {processor.py:186} INFO - Started process (PID=6500) to work on /home/gabzarp/.local/lib/python3.10/site-packages/airflow/example_dags/example_skip_dag.py
[2024-09-12T01:48:03.444-0300] {processor.py:914} INFO - Processing file /home/gabzarp/.local/lib/python3.10/site-packages/airflow/example_dags/example_skip_dag.py for tasks to queue
[2024-09-12T01:48:03.446-0300] {logging_mixin.py:190} INFO - [2024-09-12T01:48:03.445-0300] {dagbag.py:587} INFO - Filling up the DagBag from /home/gabzarp/.local/lib/python3.10/site-packages/airflow/example_dags/example_skip_dag.py
[2024-09-12T01:48:03.451-0300] {processor.py:925} INFO - DAG(s) 'example_skip_dag' retrieved from /home/gabzarp/.local/lib/python3.10/site-packages/airflow/example_dags/example_skip_dag.py
[2024-09-12T01:48:03.463-0300] {logging_mixin.py:190} INFO - [2024-09-12T01:48:03.463-0300] {dag.py:3229} INFO - Sync 1 DAGs
[2024-09-12T01:48:03.477-0300] {logging_mixin.py:190} INFO - [2024-09-12T01:48:03.477-0300] {dag.py:4156} INFO - Setting next_dagrun for example_skip_dag to 2024-09-11 00:00:00+00:00, run_after=2024-09-12 00:00:00+00:00
[2024-09-12T01:48:03.494-0300] {processor.py:208} INFO - Processing /home/gabzarp/.local/lib/python3.10/site-packages/airflow/example_dags/example_skip_dag.py took 0.054 seconds
[2024-09-12T01:48:54.262-0300] {processor.py:186} INFO - Started process (PID=7043) to work on /home/gabzarp/.local/lib/python3.10/site-packages/airflow/example_dags/example_skip_dag.py
[2024-09-12T01:48:54.263-0300] {processor.py:914} INFO - Processing file /home/gabzarp/.local/lib/python3.10/site-packages/airflow/example_dags/example_skip_dag.py for tasks to queue
[2024-09-12T01:48:54.264-0300] {logging_mixin.py:190} INFO - [2024-09-12T01:48:54.264-0300] {dagbag.py:587} INFO - Filling up the DagBag from /home/gabzarp/.local/lib/python3.10/site-packages/airflow/example_dags/example_skip_dag.py
[2024-09-12T01:48:54.270-0300] {processor.py:925} INFO - DAG(s) 'example_skip_dag' retrieved from /home/gabzarp/.local/lib/python3.10/site-packages/airflow/example_dags/example_skip_dag.py
[2024-09-12T01:48:54.283-0300] {logging_mixin.py:190} INFO - [2024-09-12T01:48:54.283-0300] {dag.py:3229} INFO - Sync 1 DAGs
[2024-09-12T01:48:54.298-0300] {logging_mixin.py:190} INFO - [2024-09-12T01:48:54.297-0300] {dag.py:4156} INFO - Setting next_dagrun for example_skip_dag to 2024-09-11 00:00:00+00:00, run_after=2024-09-12 00:00:00+00:00
[2024-09-12T01:48:54.314-0300] {processor.py:208} INFO - Processing /home/gabzarp/.local/lib/python3.10/site-packages/airflow/example_dags/example_skip_dag.py took 0.057 seconds
[2024-09-12T01:49:43.366-0300] {processor.py:186} INFO - Started process (PID=7432) to work on /home/gabzarp/.local/lib/python3.10/site-packages/airflow/example_dags/example_skip_dag.py
[2024-09-12T01:49:43.366-0300] {processor.py:914} INFO - Processing file /home/gabzarp/.local/lib/python3.10/site-packages/airflow/example_dags/example_skip_dag.py for tasks to queue
[2024-09-12T01:49:43.367-0300] {logging_mixin.py:190} INFO - [2024-09-12T01:49:43.367-0300] {dagbag.py:587} INFO - Filling up the DagBag from /home/gabzarp/.local/lib/python3.10/site-packages/airflow/example_dags/example_skip_dag.py
[2024-09-12T01:49:43.373-0300] {processor.py:925} INFO - DAG(s) 'example_skip_dag' retrieved from /home/gabzarp/.local/lib/python3.10/site-packages/airflow/example_dags/example_skip_dag.py
[2024-09-12T01:49:43.384-0300] {logging_mixin.py:190} INFO - [2024-09-12T01:49:43.384-0300] {dag.py:3229} INFO - Sync 1 DAGs
[2024-09-12T01:49:43.398-0300] {logging_mixin.py:190} INFO - [2024-09-12T01:49:43.397-0300] {dag.py:4156} INFO - Setting next_dagrun for example_skip_dag to 2024-09-11 00:00:00+00:00, run_after=2024-09-12 00:00:00+00:00
[2024-09-12T01:49:43.412-0300] {processor.py:208} INFO - Processing /home/gabzarp/.local/lib/python3.10/site-packages/airflow/example_dags/example_skip_dag.py took 0.050 seconds
[2024-09-12T01:50:32.573-0300] {processor.py:186} INFO - Started process (PID=7909) to work on /home/gabzarp/.local/lib/python3.10/site-packages/airflow/example_dags/example_skip_dag.py
[2024-09-12T01:50:32.574-0300] {processor.py:914} INFO - Processing file /home/gabzarp/.local/lib/python3.10/site-packages/airflow/example_dags/example_skip_dag.py for tasks to queue
[2024-09-12T01:50:32.575-0300] {logging_mixin.py:190} INFO - [2024-09-12T01:50:32.575-0300] {dagbag.py:587} INFO - Filling up the DagBag from /home/gabzarp/.local/lib/python3.10/site-packages/airflow/example_dags/example_skip_dag.py
[2024-09-12T01:50:32.580-0300] {processor.py:925} INFO - DAG(s) 'example_skip_dag' retrieved from /home/gabzarp/.local/lib/python3.10/site-packages/airflow/example_dags/example_skip_dag.py
[2024-09-12T01:50:32.591-0300] {logging_mixin.py:190} INFO - [2024-09-12T01:50:32.590-0300] {dag.py:3229} INFO - Sync 1 DAGs
[2024-09-12T01:50:32.602-0300] {logging_mixin.py:190} INFO - [2024-09-12T01:50:32.602-0300] {dag.py:4156} INFO - Setting next_dagrun for example_skip_dag to 2024-09-11 00:00:00+00:00, run_after=2024-09-12 00:00:00+00:00
[2024-09-12T01:50:32.616-0300] {processor.py:208} INFO - Processing /home/gabzarp/.local/lib/python3.10/site-packages/airflow/example_dags/example_skip_dag.py took 0.046 seconds
[2024-09-12T01:51:21.127-0300] {processor.py:186} INFO - Started process (PID=8333) to work on /home/gabzarp/.local/lib/python3.10/site-packages/airflow/example_dags/example_skip_dag.py
[2024-09-12T01:51:21.128-0300] {processor.py:914} INFO - Processing file /home/gabzarp/.local/lib/python3.10/site-packages/airflow/example_dags/example_skip_dag.py for tasks to queue
[2024-09-12T01:51:21.129-0300] {logging_mixin.py:190} INFO - [2024-09-12T01:51:21.128-0300] {dagbag.py:587} INFO - Filling up the DagBag from /home/gabzarp/.local/lib/python3.10/site-packages/airflow/example_dags/example_skip_dag.py
[2024-09-12T01:51:21.134-0300] {processor.py:925} INFO - DAG(s) 'example_skip_dag' retrieved from /home/gabzarp/.local/lib/python3.10/site-packages/airflow/example_dags/example_skip_dag.py
[2024-09-12T01:51:21.144-0300] {logging_mixin.py:190} INFO - [2024-09-12T01:51:21.144-0300] {dag.py:3229} INFO - Sync 1 DAGs
[2024-09-12T01:51:21.156-0300] {logging_mixin.py:190} INFO - [2024-09-12T01:51:21.156-0300] {dag.py:4156} INFO - Setting next_dagrun for example_skip_dag to 2024-09-11 00:00:00+00:00, run_after=2024-09-12 00:00:00+00:00
[2024-09-12T01:51:21.170-0300] {processor.py:208} INFO - Processing /home/gabzarp/.local/lib/python3.10/site-packages/airflow/example_dags/example_skip_dag.py took 0.046 seconds
[2024-09-12T01:52:10.494-0300] {processor.py:186} INFO - Started process (PID=8832) to work on /home/gabzarp/.local/lib/python3.10/site-packages/airflow/example_dags/example_skip_dag.py
[2024-09-12T01:52:10.495-0300] {processor.py:914} INFO - Processing file /home/gabzarp/.local/lib/python3.10/site-packages/airflow/example_dags/example_skip_dag.py for tasks to queue
[2024-09-12T01:52:10.496-0300] {logging_mixin.py:190} INFO - [2024-09-12T01:52:10.496-0300] {dagbag.py:587} INFO - Filling up the DagBag from /home/gabzarp/.local/lib/python3.10/site-packages/airflow/example_dags/example_skip_dag.py
[2024-09-12T01:52:10.501-0300] {processor.py:925} INFO - DAG(s) 'example_skip_dag' retrieved from /home/gabzarp/.local/lib/python3.10/site-packages/airflow/example_dags/example_skip_dag.py
[2024-09-12T01:52:10.512-0300] {logging_mixin.py:190} INFO - [2024-09-12T01:52:10.512-0300] {dag.py:3229} INFO - Sync 1 DAGs
[2024-09-12T01:52:10.525-0300] {logging_mixin.py:190} INFO - [2024-09-12T01:52:10.525-0300] {dag.py:4156} INFO - Setting next_dagrun for example_skip_dag to 2024-09-11 00:00:00+00:00, run_after=2024-09-12 00:00:00+00:00
[2024-09-12T01:52:10.539-0300] {processor.py:208} INFO - Processing /home/gabzarp/.local/lib/python3.10/site-packages/airflow/example_dags/example_skip_dag.py took 0.048 seconds
[2024-09-12T01:53:04.149-0300] {processor.py:186} INFO - Started process (PID=9409) to work on /home/gabzarp/.local/lib/python3.10/site-packages/airflow/example_dags/example_skip_dag.py
[2024-09-12T01:53:04.150-0300] {processor.py:914} INFO - Processing file /home/gabzarp/.local/lib/python3.10/site-packages/airflow/example_dags/example_skip_dag.py for tasks to queue
[2024-09-12T01:53:04.152-0300] {logging_mixin.py:190} INFO - [2024-09-12T01:53:04.151-0300] {dagbag.py:587} INFO - Filling up the DagBag from /home/gabzarp/.local/lib/python3.10/site-packages/airflow/example_dags/example_skip_dag.py
[2024-09-12T01:53:04.157-0300] {processor.py:925} INFO - DAG(s) 'example_skip_dag' retrieved from /home/gabzarp/.local/lib/python3.10/site-packages/airflow/example_dags/example_skip_dag.py
[2024-09-12T01:53:04.170-0300] {logging_mixin.py:190} INFO - [2024-09-12T01:53:04.169-0300] {dag.py:3229} INFO - Sync 1 DAGs
[2024-09-12T01:53:04.183-0300] {logging_mixin.py:190} INFO - [2024-09-12T01:53:04.182-0300] {dag.py:4156} INFO - Setting next_dagrun for example_skip_dag to 2024-09-11 00:00:00+00:00, run_after=2024-09-12 00:00:00+00:00
[2024-09-12T01:53:04.198-0300] {processor.py:208} INFO - Processing /home/gabzarp/.local/lib/python3.10/site-packages/airflow/example_dags/example_skip_dag.py took 0.052 seconds
[2024-09-12T01:53:56.647-0300] {processor.py:186} INFO - Started process (PID=9844) to work on /home/gabzarp/.local/lib/python3.10/site-packages/airflow/example_dags/example_skip_dag.py
[2024-09-12T01:53:56.648-0300] {processor.py:914} INFO - Processing file /home/gabzarp/.local/lib/python3.10/site-packages/airflow/example_dags/example_skip_dag.py for tasks to queue
[2024-09-12T01:53:56.649-0300] {logging_mixin.py:190} INFO - [2024-09-12T01:53:56.649-0300] {dagbag.py:587} INFO - Filling up the DagBag from /home/gabzarp/.local/lib/python3.10/site-packages/airflow/example_dags/example_skip_dag.py
[2024-09-12T01:53:56.654-0300] {processor.py:925} INFO - DAG(s) 'example_skip_dag' retrieved from /home/gabzarp/.local/lib/python3.10/site-packages/airflow/example_dags/example_skip_dag.py
[2024-09-12T01:53:56.665-0300] {logging_mixin.py:190} INFO - [2024-09-12T01:53:56.665-0300] {dag.py:3229} INFO - Sync 1 DAGs
[2024-09-12T01:53:56.677-0300] {logging_mixin.py:190} INFO - [2024-09-12T01:53:56.677-0300] {dag.py:4156} INFO - Setting next_dagrun for example_skip_dag to 2024-09-11 00:00:00+00:00, run_after=2024-09-12 00:00:00+00:00
[2024-09-12T01:53:56.692-0300] {processor.py:208} INFO - Processing /home/gabzarp/.local/lib/python3.10/site-packages/airflow/example_dags/example_skip_dag.py took 0.048 seconds
[2024-09-12T01:54:46.101-0300] {processor.py:186} INFO - Started process (PID=10250) to work on /home/gabzarp/.local/lib/python3.10/site-packages/airflow/example_dags/example_skip_dag.py
[2024-09-12T01:54:46.102-0300] {processor.py:914} INFO - Processing file /home/gabzarp/.local/lib/python3.10/site-packages/airflow/example_dags/example_skip_dag.py for tasks to queue
[2024-09-12T01:54:46.103-0300] {logging_mixin.py:190} INFO - [2024-09-12T01:54:46.103-0300] {dagbag.py:587} INFO - Filling up the DagBag from /home/gabzarp/.local/lib/python3.10/site-packages/airflow/example_dags/example_skip_dag.py
[2024-09-12T01:54:46.108-0300] {processor.py:925} INFO - DAG(s) 'example_skip_dag' retrieved from /home/gabzarp/.local/lib/python3.10/site-packages/airflow/example_dags/example_skip_dag.py
[2024-09-12T01:54:46.119-0300] {logging_mixin.py:190} INFO - [2024-09-12T01:54:46.118-0300] {dag.py:3229} INFO - Sync 1 DAGs
[2024-09-12T01:54:46.130-0300] {logging_mixin.py:190} INFO - [2024-09-12T01:54:46.130-0300] {dag.py:4156} INFO - Setting next_dagrun for example_skip_dag to 2024-09-11 00:00:00+00:00, run_after=2024-09-12 00:00:00+00:00
[2024-09-12T01:54:46.144-0300] {processor.py:208} INFO - Processing /home/gabzarp/.local/lib/python3.10/site-packages/airflow/example_dags/example_skip_dag.py took 0.046 seconds
[2024-09-12T01:55:40.797-0300] {processor.py:186} INFO - Started process (PID=10676) to work on /home/gabzarp/.local/lib/python3.10/site-packages/airflow/example_dags/example_skip_dag.py
[2024-09-12T01:55:40.798-0300] {processor.py:914} INFO - Processing file /home/gabzarp/.local/lib/python3.10/site-packages/airflow/example_dags/example_skip_dag.py for tasks to queue
[2024-09-12T01:55:40.799-0300] {logging_mixin.py:190} INFO - [2024-09-12T01:55:40.799-0300] {dagbag.py:587} INFO - Filling up the DagBag from /home/gabzarp/.local/lib/python3.10/site-packages/airflow/example_dags/example_skip_dag.py
[2024-09-12T01:55:40.804-0300] {processor.py:925} INFO - DAG(s) 'example_skip_dag' retrieved from /home/gabzarp/.local/lib/python3.10/site-packages/airflow/example_dags/example_skip_dag.py
[2024-09-12T01:55:40.817-0300] {logging_mixin.py:190} INFO - [2024-09-12T01:55:40.816-0300] {dag.py:3229} INFO - Sync 1 DAGs
[2024-09-12T01:55:40.831-0300] {logging_mixin.py:190} INFO - [2024-09-12T01:55:40.831-0300] {dag.py:4156} INFO - Setting next_dagrun for example_skip_dag to 2024-09-11 00:00:00+00:00, run_after=2024-09-12 00:00:00+00:00
[2024-09-12T01:55:40.849-0300] {processor.py:208} INFO - Processing /home/gabzarp/.local/lib/python3.10/site-packages/airflow/example_dags/example_skip_dag.py took 0.055 seconds
[2024-09-12T01:56:35.237-0300] {processor.py:186} INFO - Started process (PID=11135) to work on /home/gabzarp/.local/lib/python3.10/site-packages/airflow/example_dags/example_skip_dag.py
[2024-09-12T01:56:35.238-0300] {processor.py:914} INFO - Processing file /home/gabzarp/.local/lib/python3.10/site-packages/airflow/example_dags/example_skip_dag.py for tasks to queue
[2024-09-12T01:56:35.238-0300] {logging_mixin.py:190} INFO - [2024-09-12T01:56:35.238-0300] {dagbag.py:587} INFO - Filling up the DagBag from /home/gabzarp/.local/lib/python3.10/site-packages/airflow/example_dags/example_skip_dag.py
[2024-09-12T01:56:35.243-0300] {processor.py:925} INFO - DAG(s) 'example_skip_dag' retrieved from /home/gabzarp/.local/lib/python3.10/site-packages/airflow/example_dags/example_skip_dag.py
[2024-09-12T01:56:35.254-0300] {logging_mixin.py:190} INFO - [2024-09-12T01:56:35.253-0300] {dag.py:3229} INFO - Sync 1 DAGs
[2024-09-12T01:56:35.265-0300] {logging_mixin.py:190} INFO - [2024-09-12T01:56:35.265-0300] {dag.py:4156} INFO - Setting next_dagrun for example_skip_dag to 2024-09-11 00:00:00+00:00, run_after=2024-09-12 00:00:00+00:00
[2024-09-12T01:56:35.279-0300] {processor.py:208} INFO - Processing /home/gabzarp/.local/lib/python3.10/site-packages/airflow/example_dags/example_skip_dag.py took 0.046 seconds
[2024-09-12T01:57:30.910-0300] {processor.py:186} INFO - Started process (PID=11622) to work on /home/gabzarp/.local/lib/python3.10/site-packages/airflow/example_dags/example_skip_dag.py
[2024-09-12T01:57:30.911-0300] {processor.py:914} INFO - Processing file /home/gabzarp/.local/lib/python3.10/site-packages/airflow/example_dags/example_skip_dag.py for tasks to queue
[2024-09-12T01:57:30.912-0300] {logging_mixin.py:190} INFO - [2024-09-12T01:57:30.912-0300] {dagbag.py:587} INFO - Filling up the DagBag from /home/gabzarp/.local/lib/python3.10/site-packages/airflow/example_dags/example_skip_dag.py
[2024-09-12T01:57:30.918-0300] {processor.py:925} INFO - DAG(s) 'example_skip_dag' retrieved from /home/gabzarp/.local/lib/python3.10/site-packages/airflow/example_dags/example_skip_dag.py
[2024-09-12T01:57:30.929-0300] {logging_mixin.py:190} INFO - [2024-09-12T01:57:30.929-0300] {dag.py:3229} INFO - Sync 1 DAGs
[2024-09-12T01:57:30.941-0300] {logging_mixin.py:190} INFO - [2024-09-12T01:57:30.941-0300] {dag.py:4156} INFO - Setting next_dagrun for example_skip_dag to 2024-09-11 00:00:00+00:00, run_after=2024-09-12 00:00:00+00:00
[2024-09-12T01:57:30.988-0300] {processor.py:208} INFO - Processing /home/gabzarp/.local/lib/python3.10/site-packages/airflow/example_dags/example_skip_dag.py took 0.081 seconds
[2024-09-12T01:58:23.968-0300] {processor.py:186} INFO - Started process (PID=12042) to work on /home/gabzarp/.local/lib/python3.10/site-packages/airflow/example_dags/example_skip_dag.py
[2024-09-12T01:58:23.969-0300] {processor.py:914} INFO - Processing file /home/gabzarp/.local/lib/python3.10/site-packages/airflow/example_dags/example_skip_dag.py for tasks to queue
[2024-09-12T01:58:23.970-0300] {logging_mixin.py:190} INFO - [2024-09-12T01:58:23.970-0300] {dagbag.py:587} INFO - Filling up the DagBag from /home/gabzarp/.local/lib/python3.10/site-packages/airflow/example_dags/example_skip_dag.py
[2024-09-12T01:58:23.976-0300] {processor.py:925} INFO - DAG(s) 'example_skip_dag' retrieved from /home/gabzarp/.local/lib/python3.10/site-packages/airflow/example_dags/example_skip_dag.py
[2024-09-12T01:58:23.987-0300] {logging_mixin.py:190} INFO - [2024-09-12T01:58:23.987-0300] {dag.py:3229} INFO - Sync 1 DAGs
[2024-09-12T01:58:23.999-0300] {logging_mixin.py:190} INFO - [2024-09-12T01:58:23.998-0300] {dag.py:4156} INFO - Setting next_dagrun for example_skip_dag to 2024-09-11 00:00:00+00:00, run_after=2024-09-12 00:00:00+00:00
[2024-09-12T01:58:24.012-0300] {processor.py:208} INFO - Processing /home/gabzarp/.local/lib/python3.10/site-packages/airflow/example_dags/example_skip_dag.py took 0.047 seconds
[2024-09-12T01:59:17.012-0300] {processor.py:186} INFO - Started process (PID=12462) to work on /home/gabzarp/.local/lib/python3.10/site-packages/airflow/example_dags/example_skip_dag.py
[2024-09-12T01:59:17.012-0300] {processor.py:914} INFO - Processing file /home/gabzarp/.local/lib/python3.10/site-packages/airflow/example_dags/example_skip_dag.py for tasks to queue
[2024-09-12T01:59:17.013-0300] {logging_mixin.py:190} INFO - [2024-09-12T01:59:17.013-0300] {dagbag.py:587} INFO - Filling up the DagBag from /home/gabzarp/.local/lib/python3.10/site-packages/airflow/example_dags/example_skip_dag.py
[2024-09-12T01:59:17.018-0300] {processor.py:925} INFO - DAG(s) 'example_skip_dag' retrieved from /home/gabzarp/.local/lib/python3.10/site-packages/airflow/example_dags/example_skip_dag.py
[2024-09-12T01:59:17.029-0300] {logging_mixin.py:190} INFO - [2024-09-12T01:59:17.029-0300] {dag.py:3229} INFO - Sync 1 DAGs
[2024-09-12T01:59:17.042-0300] {logging_mixin.py:190} INFO - [2024-09-12T01:59:17.042-0300] {dag.py:4156} INFO - Setting next_dagrun for example_skip_dag to 2024-09-11 00:00:00+00:00, run_after=2024-09-12 00:00:00+00:00
[2024-09-12T01:59:17.056-0300] {processor.py:208} INFO - Processing /home/gabzarp/.local/lib/python3.10/site-packages/airflow/example_dags/example_skip_dag.py took 0.048 seconds
[2024-09-12T02:00:08.801-0300] {processor.py:186} INFO - Started process (PID=12899) to work on /home/gabzarp/.local/lib/python3.10/site-packages/airflow/example_dags/example_skip_dag.py
[2024-09-12T02:00:08.802-0300] {processor.py:914} INFO - Processing file /home/gabzarp/.local/lib/python3.10/site-packages/airflow/example_dags/example_skip_dag.py for tasks to queue
[2024-09-12T02:00:08.803-0300] {logging_mixin.py:190} INFO - [2024-09-12T02:00:08.802-0300] {dagbag.py:587} INFO - Filling up the DagBag from /home/gabzarp/.local/lib/python3.10/site-packages/airflow/example_dags/example_skip_dag.py
[2024-09-12T02:00:08.808-0300] {processor.py:925} INFO - DAG(s) 'example_skip_dag' retrieved from /home/gabzarp/.local/lib/python3.10/site-packages/airflow/example_dags/example_skip_dag.py
[2024-09-12T02:00:08.819-0300] {logging_mixin.py:190} INFO - [2024-09-12T02:00:08.819-0300] {dag.py:3229} INFO - Sync 1 DAGs
[2024-09-12T02:00:08.832-0300] {logging_mixin.py:190} INFO - [2024-09-12T02:00:08.831-0300] {dag.py:4156} INFO - Setting next_dagrun for example_skip_dag to 2024-09-11 00:00:00+00:00, run_after=2024-09-12 00:00:00+00:00
[2024-09-12T02:00:08.845-0300] {processor.py:208} INFO - Processing /home/gabzarp/.local/lib/python3.10/site-packages/airflow/example_dags/example_skip_dag.py took 0.048 seconds
[2024-09-12T02:00:59.358-0300] {processor.py:186} INFO - Started process (PID=13390) to work on /home/gabzarp/.local/lib/python3.10/site-packages/airflow/example_dags/example_skip_dag.py
[2024-09-12T02:00:59.359-0300] {processor.py:914} INFO - Processing file /home/gabzarp/.local/lib/python3.10/site-packages/airflow/example_dags/example_skip_dag.py for tasks to queue
[2024-09-12T02:00:59.360-0300] {logging_mixin.py:190} INFO - [2024-09-12T02:00:59.359-0300] {dagbag.py:587} INFO - Filling up the DagBag from /home/gabzarp/.local/lib/python3.10/site-packages/airflow/example_dags/example_skip_dag.py
[2024-09-12T02:00:59.365-0300] {processor.py:925} INFO - DAG(s) 'example_skip_dag' retrieved from /home/gabzarp/.local/lib/python3.10/site-packages/airflow/example_dags/example_skip_dag.py
[2024-09-12T02:00:59.375-0300] {logging_mixin.py:190} INFO - [2024-09-12T02:00:59.375-0300] {dag.py:3229} INFO - Sync 1 DAGs
[2024-09-12T02:00:59.387-0300] {logging_mixin.py:190} INFO - [2024-09-12T02:00:59.387-0300] {dag.py:4156} INFO - Setting next_dagrun for example_skip_dag to 2024-09-11 00:00:00+00:00, run_after=2024-09-12 00:00:00+00:00
[2024-09-12T02:00:59.401-0300] {processor.py:208} INFO - Processing /home/gabzarp/.local/lib/python3.10/site-packages/airflow/example_dags/example_skip_dag.py took 0.047 seconds
[2024-09-12T02:01:50.304-0300] {processor.py:186} INFO - Started process (PID=13824) to work on /home/gabzarp/.local/lib/python3.10/site-packages/airflow/example_dags/example_skip_dag.py
[2024-09-12T02:01:50.305-0300] {processor.py:914} INFO - Processing file /home/gabzarp/.local/lib/python3.10/site-packages/airflow/example_dags/example_skip_dag.py for tasks to queue
[2024-09-12T02:01:50.306-0300] {logging_mixin.py:190} INFO - [2024-09-12T02:01:50.306-0300] {dagbag.py:587} INFO - Filling up the DagBag from /home/gabzarp/.local/lib/python3.10/site-packages/airflow/example_dags/example_skip_dag.py
[2024-09-12T02:01:50.312-0300] {processor.py:925} INFO - DAG(s) 'example_skip_dag' retrieved from /home/gabzarp/.local/lib/python3.10/site-packages/airflow/example_dags/example_skip_dag.py
[2024-09-12T02:01:50.323-0300] {logging_mixin.py:190} INFO - [2024-09-12T02:01:50.322-0300] {dag.py:3229} INFO - Sync 1 DAGs
[2024-09-12T02:01:50.335-0300] {logging_mixin.py:190} INFO - [2024-09-12T02:01:50.334-0300] {dag.py:4156} INFO - Setting next_dagrun for example_skip_dag to 2024-09-11 00:00:00+00:00, run_after=2024-09-12 00:00:00+00:00
[2024-09-12T02:01:50.349-0300] {processor.py:208} INFO - Processing /home/gabzarp/.local/lib/python3.10/site-packages/airflow/example_dags/example_skip_dag.py took 0.048 seconds
[2024-09-12T02:02:38.004-0300] {processor.py:186} INFO - Started process (PID=14246) to work on /home/gabzarp/.local/lib/python3.10/site-packages/airflow/example_dags/example_skip_dag.py
[2024-09-12T02:02:38.005-0300] {processor.py:914} INFO - Processing file /home/gabzarp/.local/lib/python3.10/site-packages/airflow/example_dags/example_skip_dag.py for tasks to queue
[2024-09-12T02:02:38.006-0300] {logging_mixin.py:190} INFO - [2024-09-12T02:02:38.006-0300] {dagbag.py:587} INFO - Filling up the DagBag from /home/gabzarp/.local/lib/python3.10/site-packages/airflow/example_dags/example_skip_dag.py
[2024-09-12T02:02:38.012-0300] {processor.py:925} INFO - DAG(s) 'example_skip_dag' retrieved from /home/gabzarp/.local/lib/python3.10/site-packages/airflow/example_dags/example_skip_dag.py
[2024-09-12T02:02:38.024-0300] {logging_mixin.py:190} INFO - [2024-09-12T02:02:38.024-0300] {dag.py:3229} INFO - Sync 1 DAGs
[2024-09-12T02:02:38.038-0300] {logging_mixin.py:190} INFO - [2024-09-12T02:02:38.038-0300] {dag.py:4156} INFO - Setting next_dagrun for example_skip_dag to 2024-09-11 00:00:00+00:00, run_after=2024-09-12 00:00:00+00:00
[2024-09-12T02:02:38.056-0300] {processor.py:208} INFO - Processing /home/gabzarp/.local/lib/python3.10/site-packages/airflow/example_dags/example_skip_dag.py took 0.057 seconds
[2024-09-12T02:03:26.487-0300] {processor.py:186} INFO - Started process (PID=14629) to work on /home/gabzarp/.local/lib/python3.10/site-packages/airflow/example_dags/example_skip_dag.py
[2024-09-12T02:03:26.488-0300] {processor.py:914} INFO - Processing file /home/gabzarp/.local/lib/python3.10/site-packages/airflow/example_dags/example_skip_dag.py for tasks to queue
[2024-09-12T02:03:26.489-0300] {logging_mixin.py:190} INFO - [2024-09-12T02:03:26.488-0300] {dagbag.py:587} INFO - Filling up the DagBag from /home/gabzarp/.local/lib/python3.10/site-packages/airflow/example_dags/example_skip_dag.py
[2024-09-12T02:03:26.497-0300] {processor.py:925} INFO - DAG(s) 'example_skip_dag' retrieved from /home/gabzarp/.local/lib/python3.10/site-packages/airflow/example_dags/example_skip_dag.py
[2024-09-12T02:03:26.515-0300] {logging_mixin.py:190} INFO - [2024-09-12T02:03:26.514-0300] {dag.py:3229} INFO - Sync 1 DAGs
[2024-09-12T02:03:26.529-0300] {logging_mixin.py:190} INFO - [2024-09-12T02:03:26.529-0300] {dag.py:4156} INFO - Setting next_dagrun for example_skip_dag to 2024-09-11 00:00:00+00:00, run_after=2024-09-12 00:00:00+00:00
[2024-09-12T02:03:26.547-0300] {processor.py:208} INFO - Processing /home/gabzarp/.local/lib/python3.10/site-packages/airflow/example_dags/example_skip_dag.py took 0.064 seconds
[2024-09-12T02:04:18.333-0300] {processor.py:186} INFO - Started process (PID=15044) to work on /home/gabzarp/.local/lib/python3.10/site-packages/airflow/example_dags/example_skip_dag.py
[2024-09-12T02:04:18.334-0300] {processor.py:914} INFO - Processing file /home/gabzarp/.local/lib/python3.10/site-packages/airflow/example_dags/example_skip_dag.py for tasks to queue
[2024-09-12T02:04:18.335-0300] {logging_mixin.py:190} INFO - [2024-09-12T02:04:18.335-0300] {dagbag.py:587} INFO - Filling up the DagBag from /home/gabzarp/.local/lib/python3.10/site-packages/airflow/example_dags/example_skip_dag.py
[2024-09-12T02:04:18.340-0300] {processor.py:925} INFO - DAG(s) 'example_skip_dag' retrieved from /home/gabzarp/.local/lib/python3.10/site-packages/airflow/example_dags/example_skip_dag.py
[2024-09-12T02:04:18.351-0300] {logging_mixin.py:190} INFO - [2024-09-12T02:04:18.351-0300] {dag.py:3229} INFO - Sync 1 DAGs
[2024-09-12T02:04:18.365-0300] {logging_mixin.py:190} INFO - [2024-09-12T02:04:18.365-0300] {dag.py:4156} INFO - Setting next_dagrun for example_skip_dag to 2024-09-11 00:00:00+00:00, run_after=2024-09-12 00:00:00+00:00
[2024-09-12T02:04:18.380-0300] {processor.py:208} INFO - Processing /home/gabzarp/.local/lib/python3.10/site-packages/airflow/example_dags/example_skip_dag.py took 0.052 seconds
[2024-09-12T02:05:12.259-0300] {processor.py:186} INFO - Started process (PID=15466) to work on /home/gabzarp/.local/lib/python3.10/site-packages/airflow/example_dags/example_skip_dag.py
[2024-09-12T02:05:12.260-0300] {processor.py:914} INFO - Processing file /home/gabzarp/.local/lib/python3.10/site-packages/airflow/example_dags/example_skip_dag.py for tasks to queue
[2024-09-12T02:05:12.261-0300] {logging_mixin.py:190} INFO - [2024-09-12T02:05:12.261-0300] {dagbag.py:587} INFO - Filling up the DagBag from /home/gabzarp/.local/lib/python3.10/site-packages/airflow/example_dags/example_skip_dag.py
[2024-09-12T02:05:12.266-0300] {processor.py:925} INFO - DAG(s) 'example_skip_dag' retrieved from /home/gabzarp/.local/lib/python3.10/site-packages/airflow/example_dags/example_skip_dag.py
[2024-09-12T02:05:12.277-0300] {logging_mixin.py:190} INFO - [2024-09-12T02:05:12.277-0300] {dag.py:3229} INFO - Sync 1 DAGs
[2024-09-12T02:05:12.293-0300] {logging_mixin.py:190} INFO - [2024-09-12T02:05:12.293-0300] {dag.py:4156} INFO - Setting next_dagrun for example_skip_dag to 2024-09-11 00:00:00+00:00, run_after=2024-09-12 00:00:00+00:00
[2024-09-12T02:05:12.308-0300] {processor.py:208} INFO - Processing /home/gabzarp/.local/lib/python3.10/site-packages/airflow/example_dags/example_skip_dag.py took 0.052 seconds
[2024-09-12T02:06:05.366-0300] {processor.py:186} INFO - Started process (PID=15885) to work on /home/gabzarp/.local/lib/python3.10/site-packages/airflow/example_dags/example_skip_dag.py
[2024-09-12T02:06:05.367-0300] {processor.py:914} INFO - Processing file /home/gabzarp/.local/lib/python3.10/site-packages/airflow/example_dags/example_skip_dag.py for tasks to queue
[2024-09-12T02:06:05.368-0300] {logging_mixin.py:190} INFO - [2024-09-12T02:06:05.368-0300] {dagbag.py:587} INFO - Filling up the DagBag from /home/gabzarp/.local/lib/python3.10/site-packages/airflow/example_dags/example_skip_dag.py
[2024-09-12T02:06:05.373-0300] {processor.py:925} INFO - DAG(s) 'example_skip_dag' retrieved from /home/gabzarp/.local/lib/python3.10/site-packages/airflow/example_dags/example_skip_dag.py
[2024-09-12T02:06:05.385-0300] {logging_mixin.py:190} INFO - [2024-09-12T02:06:05.385-0300] {dag.py:3229} INFO - Sync 1 DAGs
[2024-09-12T02:06:05.398-0300] {logging_mixin.py:190} INFO - [2024-09-12T02:06:05.398-0300] {dag.py:4156} INFO - Setting next_dagrun for example_skip_dag to 2024-09-11 00:00:00+00:00, run_after=2024-09-12 00:00:00+00:00
[2024-09-12T02:06:05.414-0300] {processor.py:208} INFO - Processing /home/gabzarp/.local/lib/python3.10/site-packages/airflow/example_dags/example_skip_dag.py took 0.052 seconds
[2024-09-12T02:06:56.160-0300] {processor.py:186} INFO - Started process (PID=16289) to work on /home/gabzarp/.local/lib/python3.10/site-packages/airflow/example_dags/example_skip_dag.py
[2024-09-12T02:06:56.161-0300] {processor.py:914} INFO - Processing file /home/gabzarp/.local/lib/python3.10/site-packages/airflow/example_dags/example_skip_dag.py for tasks to queue
[2024-09-12T02:06:56.162-0300] {logging_mixin.py:190} INFO - [2024-09-12T02:06:56.161-0300] {dagbag.py:587} INFO - Filling up the DagBag from /home/gabzarp/.local/lib/python3.10/site-packages/airflow/example_dags/example_skip_dag.py
[2024-09-12T02:06:56.167-0300] {processor.py:925} INFO - DAG(s) 'example_skip_dag' retrieved from /home/gabzarp/.local/lib/python3.10/site-packages/airflow/example_dags/example_skip_dag.py
[2024-09-12T02:06:56.179-0300] {logging_mixin.py:190} INFO - [2024-09-12T02:06:56.178-0300] {dag.py:3229} INFO - Sync 1 DAGs
[2024-09-12T02:06:56.191-0300] {logging_mixin.py:190} INFO - [2024-09-12T02:06:56.190-0300] {dag.py:4156} INFO - Setting next_dagrun for example_skip_dag to 2024-09-11 00:00:00+00:00, run_after=2024-09-12 00:00:00+00:00
[2024-09-12T02:06:56.206-0300] {processor.py:208} INFO - Processing /home/gabzarp/.local/lib/python3.10/site-packages/airflow/example_dags/example_skip_dag.py took 0.050 seconds
[2024-09-12T02:07:50.678-0300] {processor.py:186} INFO - Started process (PID=16718) to work on /home/gabzarp/.local/lib/python3.10/site-packages/airflow/example_dags/example_skip_dag.py
[2024-09-12T02:07:50.680-0300] {processor.py:914} INFO - Processing file /home/gabzarp/.local/lib/python3.10/site-packages/airflow/example_dags/example_skip_dag.py for tasks to queue
[2024-09-12T02:07:50.682-0300] {logging_mixin.py:190} INFO - [2024-09-12T02:07:50.681-0300] {dagbag.py:587} INFO - Filling up the DagBag from /home/gabzarp/.local/lib/python3.10/site-packages/airflow/example_dags/example_skip_dag.py
[2024-09-12T02:07:50.688-0300] {processor.py:925} INFO - DAG(s) 'example_skip_dag' retrieved from /home/gabzarp/.local/lib/python3.10/site-packages/airflow/example_dags/example_skip_dag.py
[2024-09-12T02:07:50.700-0300] {logging_mixin.py:190} INFO - [2024-09-12T02:07:50.700-0300] {dag.py:3229} INFO - Sync 1 DAGs
[2024-09-12T02:07:50.714-0300] {logging_mixin.py:190} INFO - [2024-09-12T02:07:50.713-0300] {dag.py:4156} INFO - Setting next_dagrun for example_skip_dag to 2024-09-11 00:00:00+00:00, run_after=2024-09-12 00:00:00+00:00
[2024-09-12T02:07:50.732-0300] {processor.py:208} INFO - Processing /home/gabzarp/.local/lib/python3.10/site-packages/airflow/example_dags/example_skip_dag.py took 0.059 seconds
[2024-09-12T02:08:42.914-0300] {processor.py:186} INFO - Started process (PID=17134) to work on /home/gabzarp/.local/lib/python3.10/site-packages/airflow/example_dags/example_skip_dag.py
[2024-09-12T02:08:42.915-0300] {processor.py:914} INFO - Processing file /home/gabzarp/.local/lib/python3.10/site-packages/airflow/example_dags/example_skip_dag.py for tasks to queue
[2024-09-12T02:08:42.916-0300] {logging_mixin.py:190} INFO - [2024-09-12T02:08:42.916-0300] {dagbag.py:587} INFO - Filling up the DagBag from /home/gabzarp/.local/lib/python3.10/site-packages/airflow/example_dags/example_skip_dag.py
[2024-09-12T02:08:42.922-0300] {processor.py:925} INFO - DAG(s) 'example_skip_dag' retrieved from /home/gabzarp/.local/lib/python3.10/site-packages/airflow/example_dags/example_skip_dag.py
[2024-09-12T02:08:42.935-0300] {logging_mixin.py:190} INFO - [2024-09-12T02:08:42.935-0300] {dag.py:3229} INFO - Sync 1 DAGs
[2024-09-12T02:08:42.954-0300] {logging_mixin.py:190} INFO - [2024-09-12T02:08:42.954-0300] {dag.py:4156} INFO - Setting next_dagrun for example_skip_dag to 2024-09-11 00:00:00+00:00, run_after=2024-09-12 00:00:00+00:00
[2024-09-12T02:08:42.977-0300] {processor.py:208} INFO - Processing /home/gabzarp/.local/lib/python3.10/site-packages/airflow/example_dags/example_skip_dag.py took 0.067 seconds
[2024-09-12T02:09:34.246-0300] {processor.py:186} INFO - Started process (PID=17617) to work on /home/gabzarp/.local/lib/python3.10/site-packages/airflow/example_dags/example_skip_dag.py
[2024-09-12T02:09:34.247-0300] {processor.py:914} INFO - Processing file /home/gabzarp/.local/lib/python3.10/site-packages/airflow/example_dags/example_skip_dag.py for tasks to queue
[2024-09-12T02:09:34.248-0300] {logging_mixin.py:190} INFO - [2024-09-12T02:09:34.248-0300] {dagbag.py:587} INFO - Filling up the DagBag from /home/gabzarp/.local/lib/python3.10/site-packages/airflow/example_dags/example_skip_dag.py
[2024-09-12T02:09:34.255-0300] {processor.py:925} INFO - DAG(s) 'example_skip_dag' retrieved from /home/gabzarp/.local/lib/python3.10/site-packages/airflow/example_dags/example_skip_dag.py
[2024-09-12T02:09:34.268-0300] {logging_mixin.py:190} INFO - [2024-09-12T02:09:34.268-0300] {dag.py:3229} INFO - Sync 1 DAGs
[2024-09-12T02:09:34.284-0300] {logging_mixin.py:190} INFO - [2024-09-12T02:09:34.284-0300] {dag.py:4156} INFO - Setting next_dagrun for example_skip_dag to 2024-09-11 00:00:00+00:00, run_after=2024-09-12 00:00:00+00:00
[2024-09-12T02:09:34.301-0300] {processor.py:208} INFO - Processing /home/gabzarp/.local/lib/python3.10/site-packages/airflow/example_dags/example_skip_dag.py took 0.059 seconds
