[2024-09-12T01:39:25.655-0300] {processor.py:186} INFO - Started process (PID=2554) to work on /home/gabzarp/.local/lib/python3.10/site-packages/airflow/example_dags/example_task_group.py
[2024-09-12T01:39:25.655-0300] {processor.py:914} INFO - Processing file /home/gabzarp/.local/lib/python3.10/site-packages/airflow/example_dags/example_task_group.py for tasks to queue
[2024-09-12T01:39:25.657-0300] {logging_mixin.py:190} INFO - [2024-09-12T01:39:25.657-0300] {dagbag.py:587} INFO - Filling up the DagBag from /home/gabzarp/.local/lib/python3.10/site-packages/airflow/example_dags/example_task_group.py
[2024-09-12T01:39:25.663-0300] {processor.py:925} INFO - DAG(s) 'example_task_group' retrieved from /home/gabzarp/.local/lib/python3.10/site-packages/airflow/example_dags/example_task_group.py
[2024-09-12T01:39:25.734-0300] {logging_mixin.py:190} INFO - [2024-09-12T01:39:25.734-0300] {override.py:1900} INFO - Created Permission View: can edit on DAG:example_task_group
[2024-09-12T01:39:25.744-0300] {logging_mixin.py:190} INFO - [2024-09-12T01:39:25.744-0300] {override.py:1900} INFO - Created Permission View: can read on DAG:example_task_group
[2024-09-12T01:39:25.752-0300] {logging_mixin.py:190} INFO - [2024-09-12T01:39:25.751-0300] {override.py:1900} INFO - Created Permission View: can delete on DAG:example_task_group
[2024-09-12T01:39:25.763-0300] {logging_mixin.py:190} INFO - [2024-09-12T01:39:25.762-0300] {override.py:1900} INFO - Created Permission View: can read on DAG Run:example_task_group
[2024-09-12T01:39:25.770-0300] {logging_mixin.py:190} INFO - [2024-09-12T01:39:25.769-0300] {override.py:1900} INFO - Created Permission View: can create on DAG Run:example_task_group
[2024-09-12T01:39:25.777-0300] {logging_mixin.py:190} INFO - [2024-09-12T01:39:25.776-0300] {override.py:1900} INFO - Created Permission View: menu access on DAG Run:example_task_group
[2024-09-12T01:39:25.784-0300] {logging_mixin.py:190} INFO - [2024-09-12T01:39:25.784-0300] {override.py:1900} INFO - Created Permission View: can delete on DAG Run:example_task_group
[2024-09-12T01:39:25.784-0300] {logging_mixin.py:190} INFO - [2024-09-12T01:39:25.784-0300] {dag.py:3229} INFO - Sync 1 DAGs
[2024-09-12T01:39:25.792-0300] {logging_mixin.py:190} INFO - [2024-09-12T01:39:25.792-0300] {dag.py:3252} INFO - Creating ORM DAG for example_task_group
[2024-09-12T01:39:25.793-0300] {logging_mixin.py:190} INFO - [2024-09-12T01:39:25.793-0300] {dag.py:4156} INFO - Setting next_dagrun for example_task_group to None, run_after=None
[2024-09-12T01:39:25.808-0300] {processor.py:208} INFO - Processing /home/gabzarp/.local/lib/python3.10/site-packages/airflow/example_dags/example_task_group.py took 0.157 seconds
[2024-09-12T01:40:23.467-0300] {processor.py:186} INFO - Started process (PID=2840) to work on /home/gabzarp/.local/lib/python3.10/site-packages/airflow/example_dags/example_task_group.py
[2024-09-12T01:40:23.468-0300] {processor.py:914} INFO - Processing file /home/gabzarp/.local/lib/python3.10/site-packages/airflow/example_dags/example_task_group.py for tasks to queue
[2024-09-12T01:40:23.469-0300] {logging_mixin.py:190} INFO - [2024-09-12T01:40:23.469-0300] {dagbag.py:587} INFO - Filling up the DagBag from /home/gabzarp/.local/lib/python3.10/site-packages/airflow/example_dags/example_task_group.py
[2024-09-12T01:40:23.474-0300] {processor.py:925} INFO - DAG(s) 'example_task_group' retrieved from /home/gabzarp/.local/lib/python3.10/site-packages/airflow/example_dags/example_task_group.py
[2024-09-12T01:40:23.486-0300] {logging_mixin.py:190} INFO - [2024-09-12T01:40:23.486-0300] {dag.py:3229} INFO - Sync 1 DAGs
[2024-09-12T01:40:23.494-0300] {logging_mixin.py:190} INFO - [2024-09-12T01:40:23.494-0300] {dag.py:4156} INFO - Setting next_dagrun for example_task_group to None, run_after=None
[2024-09-12T01:40:23.508-0300] {processor.py:208} INFO - Processing /home/gabzarp/.local/lib/python3.10/site-packages/airflow/example_dags/example_task_group.py took 0.044 seconds
[2024-09-12T01:41:15.701-0300] {processor.py:186} INFO - Started process (PID=3185) to work on /home/gabzarp/.local/lib/python3.10/site-packages/airflow/example_dags/example_task_group.py
[2024-09-12T01:41:15.702-0300] {processor.py:914} INFO - Processing file /home/gabzarp/.local/lib/python3.10/site-packages/airflow/example_dags/example_task_group.py for tasks to queue
[2024-09-12T01:41:15.703-0300] {logging_mixin.py:190} INFO - [2024-09-12T01:41:15.703-0300] {dagbag.py:587} INFO - Filling up the DagBag from /home/gabzarp/.local/lib/python3.10/site-packages/airflow/example_dags/example_task_group.py
[2024-09-12T01:41:15.709-0300] {processor.py:925} INFO - DAG(s) 'example_task_group' retrieved from /home/gabzarp/.local/lib/python3.10/site-packages/airflow/example_dags/example_task_group.py
[2024-09-12T01:41:15.720-0300] {logging_mixin.py:190} INFO - [2024-09-12T01:41:15.719-0300] {dag.py:3229} INFO - Sync 1 DAGs
[2024-09-12T01:41:15.728-0300] {logging_mixin.py:190} INFO - [2024-09-12T01:41:15.727-0300] {dag.py:4156} INFO - Setting next_dagrun for example_task_group to None, run_after=None
[2024-09-12T01:41:15.745-0300] {processor.py:208} INFO - Processing /home/gabzarp/.local/lib/python3.10/site-packages/airflow/example_dags/example_task_group.py took 0.048 seconds
[2024-09-12T01:42:05.665-0300] {processor.py:186} INFO - Started process (PID=3438) to work on /home/gabzarp/.local/lib/python3.10/site-packages/airflow/example_dags/example_task_group.py
[2024-09-12T01:42:05.667-0300] {processor.py:914} INFO - Processing file /home/gabzarp/.local/lib/python3.10/site-packages/airflow/example_dags/example_task_group.py for tasks to queue
[2024-09-12T01:42:05.668-0300] {logging_mixin.py:190} INFO - [2024-09-12T01:42:05.667-0300] {dagbag.py:587} INFO - Filling up the DagBag from /home/gabzarp/.local/lib/python3.10/site-packages/airflow/example_dags/example_task_group.py
[2024-09-12T01:42:05.673-0300] {processor.py:925} INFO - DAG(s) 'example_task_group' retrieved from /home/gabzarp/.local/lib/python3.10/site-packages/airflow/example_dags/example_task_group.py
[2024-09-12T01:42:05.684-0300] {logging_mixin.py:190} INFO - [2024-09-12T01:42:05.683-0300] {dag.py:3229} INFO - Sync 1 DAGs
[2024-09-12T01:42:05.692-0300] {logging_mixin.py:190} INFO - [2024-09-12T01:42:05.692-0300] {dag.py:4156} INFO - Setting next_dagrun for example_task_group to None, run_after=None
[2024-09-12T01:42:05.706-0300] {processor.py:208} INFO - Processing /home/gabzarp/.local/lib/python3.10/site-packages/airflow/example_dags/example_task_group.py took 0.044 seconds
[2024-09-12T01:42:55.586-0300] {processor.py:186} INFO - Started process (PID=3689) to work on /home/gabzarp/.local/lib/python3.10/site-packages/airflow/example_dags/example_task_group.py
[2024-09-12T01:42:55.586-0300] {processor.py:914} INFO - Processing file /home/gabzarp/.local/lib/python3.10/site-packages/airflow/example_dags/example_task_group.py for tasks to queue
[2024-09-12T01:42:55.588-0300] {logging_mixin.py:190} INFO - [2024-09-12T01:42:55.587-0300] {dagbag.py:587} INFO - Filling up the DagBag from /home/gabzarp/.local/lib/python3.10/site-packages/airflow/example_dags/example_task_group.py
[2024-09-12T01:42:55.593-0300] {processor.py:925} INFO - DAG(s) 'example_task_group' retrieved from /home/gabzarp/.local/lib/python3.10/site-packages/airflow/example_dags/example_task_group.py
[2024-09-12T01:42:55.603-0300] {logging_mixin.py:190} INFO - [2024-09-12T01:42:55.603-0300] {dag.py:3229} INFO - Sync 1 DAGs
[2024-09-12T01:42:55.611-0300] {logging_mixin.py:190} INFO - [2024-09-12T01:42:55.610-0300] {dag.py:4156} INFO - Setting next_dagrun for example_task_group to None, run_after=None
[2024-09-12T01:42:55.624-0300] {processor.py:208} INFO - Processing /home/gabzarp/.local/lib/python3.10/site-packages/airflow/example_dags/example_task_group.py took 0.042 seconds
[2024-09-12T01:43:43.405-0300] {processor.py:186} INFO - Started process (PID=3957) to work on /home/gabzarp/.local/lib/python3.10/site-packages/airflow/example_dags/example_task_group.py
[2024-09-12T01:43:43.406-0300] {processor.py:914} INFO - Processing file /home/gabzarp/.local/lib/python3.10/site-packages/airflow/example_dags/example_task_group.py for tasks to queue
[2024-09-12T01:43:43.407-0300] {logging_mixin.py:190} INFO - [2024-09-12T01:43:43.407-0300] {dagbag.py:587} INFO - Filling up the DagBag from /home/gabzarp/.local/lib/python3.10/site-packages/airflow/example_dags/example_task_group.py
[2024-09-12T01:43:43.413-0300] {processor.py:925} INFO - DAG(s) 'example_task_group' retrieved from /home/gabzarp/.local/lib/python3.10/site-packages/airflow/example_dags/example_task_group.py
[2024-09-12T01:43:43.426-0300] {logging_mixin.py:190} INFO - [2024-09-12T01:43:43.426-0300] {dag.py:3229} INFO - Sync 1 DAGs
[2024-09-12T01:43:43.436-0300] {logging_mixin.py:190} INFO - [2024-09-12T01:43:43.435-0300] {dag.py:4156} INFO - Setting next_dagrun for example_task_group to None, run_after=None
[2024-09-12T01:43:43.570-0300] {processor.py:208} INFO - Processing /home/gabzarp/.local/lib/python3.10/site-packages/airflow/example_dags/example_task_group.py took 0.170 seconds
[2024-09-12T01:44:39.760-0300] {processor.py:186} INFO - Started process (PID=4874) to work on /home/gabzarp/.local/lib/python3.10/site-packages/airflow/example_dags/example_task_group.py
[2024-09-12T01:44:39.762-0300] {processor.py:914} INFO - Processing file /home/gabzarp/.local/lib/python3.10/site-packages/airflow/example_dags/example_task_group.py for tasks to queue
[2024-09-12T01:44:39.764-0300] {logging_mixin.py:190} INFO - [2024-09-12T01:44:39.764-0300] {dagbag.py:587} INFO - Filling up the DagBag from /home/gabzarp/.local/lib/python3.10/site-packages/airflow/example_dags/example_task_group.py
[2024-09-12T01:44:39.771-0300] {processor.py:925} INFO - DAG(s) 'example_task_group' retrieved from /home/gabzarp/.local/lib/python3.10/site-packages/airflow/example_dags/example_task_group.py
[2024-09-12T01:44:39.785-0300] {logging_mixin.py:190} INFO - [2024-09-12T01:44:39.785-0300] {dag.py:3229} INFO - Sync 1 DAGs
[2024-09-12T01:44:39.794-0300] {logging_mixin.py:190} INFO - [2024-09-12T01:44:39.793-0300] {dag.py:4156} INFO - Setting next_dagrun for example_task_group to None, run_after=None
[2024-09-12T01:44:39.810-0300] {processor.py:208} INFO - Processing /home/gabzarp/.local/lib/python3.10/site-packages/airflow/example_dags/example_task_group.py took 0.054 seconds
[2024-09-12T01:45:26.757-0300] {processor.py:186} INFO - Started process (PID=5249) to work on /home/gabzarp/.local/lib/python3.10/site-packages/airflow/example_dags/example_task_group.py
[2024-09-12T01:45:26.758-0300] {processor.py:914} INFO - Processing file /home/gabzarp/.local/lib/python3.10/site-packages/airflow/example_dags/example_task_group.py for tasks to queue
[2024-09-12T01:45:26.759-0300] {logging_mixin.py:190} INFO - [2024-09-12T01:45:26.759-0300] {dagbag.py:587} INFO - Filling up the DagBag from /home/gabzarp/.local/lib/python3.10/site-packages/airflow/example_dags/example_task_group.py
[2024-09-12T01:45:26.765-0300] {processor.py:925} INFO - DAG(s) 'example_task_group' retrieved from /home/gabzarp/.local/lib/python3.10/site-packages/airflow/example_dags/example_task_group.py
[2024-09-12T01:45:26.776-0300] {logging_mixin.py:190} INFO - [2024-09-12T01:45:26.776-0300] {dag.py:3229} INFO - Sync 1 DAGs
[2024-09-12T01:45:26.784-0300] {logging_mixin.py:190} INFO - [2024-09-12T01:45:26.783-0300] {dag.py:4156} INFO - Setting next_dagrun for example_task_group to None, run_after=None
[2024-09-12T01:45:26.800-0300] {processor.py:208} INFO - Processing /home/gabzarp/.local/lib/python3.10/site-packages/airflow/example_dags/example_task_group.py took 0.047 seconds
[2024-09-12T01:46:17.499-0300] {processor.py:186} INFO - Started process (PID=5659) to work on /home/gabzarp/.local/lib/python3.10/site-packages/airflow/example_dags/example_task_group.py
[2024-09-12T01:46:17.500-0300] {processor.py:914} INFO - Processing file /home/gabzarp/.local/lib/python3.10/site-packages/airflow/example_dags/example_task_group.py for tasks to queue
[2024-09-12T01:46:17.503-0300] {logging_mixin.py:190} INFO - [2024-09-12T01:46:17.503-0300] {dagbag.py:587} INFO - Filling up the DagBag from /home/gabzarp/.local/lib/python3.10/site-packages/airflow/example_dags/example_task_group.py
[2024-09-12T01:46:17.510-0300] {processor.py:925} INFO - DAG(s) 'example_task_group' retrieved from /home/gabzarp/.local/lib/python3.10/site-packages/airflow/example_dags/example_task_group.py
[2024-09-12T01:46:17.526-0300] {logging_mixin.py:190} INFO - [2024-09-12T01:46:17.526-0300] {dag.py:3229} INFO - Sync 1 DAGs
[2024-09-12T01:46:17.536-0300] {logging_mixin.py:190} INFO - [2024-09-12T01:46:17.535-0300] {dag.py:4156} INFO - Setting next_dagrun for example_task_group to None, run_after=None
[2024-09-12T01:46:17.554-0300] {processor.py:208} INFO - Processing /home/gabzarp/.local/lib/python3.10/site-packages/airflow/example_dags/example_task_group.py took 0.061 seconds
[2024-09-12T01:47:06.937-0300] {processor.py:186} INFO - Started process (PID=6052) to work on /home/gabzarp/.local/lib/python3.10/site-packages/airflow/example_dags/example_task_group.py
[2024-09-12T01:47:06.938-0300] {processor.py:914} INFO - Processing file /home/gabzarp/.local/lib/python3.10/site-packages/airflow/example_dags/example_task_group.py for tasks to queue
[2024-09-12T01:47:06.939-0300] {logging_mixin.py:190} INFO - [2024-09-12T01:47:06.939-0300] {dagbag.py:587} INFO - Filling up the DagBag from /home/gabzarp/.local/lib/python3.10/site-packages/airflow/example_dags/example_task_group.py
[2024-09-12T01:47:06.945-0300] {processor.py:925} INFO - DAG(s) 'example_task_group' retrieved from /home/gabzarp/.local/lib/python3.10/site-packages/airflow/example_dags/example_task_group.py
[2024-09-12T01:47:06.957-0300] {logging_mixin.py:190} INFO - [2024-09-12T01:47:06.957-0300] {dag.py:3229} INFO - Sync 1 DAGs
[2024-09-12T01:47:06.966-0300] {logging_mixin.py:190} INFO - [2024-09-12T01:47:06.965-0300] {dag.py:4156} INFO - Setting next_dagrun for example_task_group to None, run_after=None
[2024-09-12T01:47:06.983-0300] {processor.py:208} INFO - Processing /home/gabzarp/.local/lib/python3.10/site-packages/airflow/example_dags/example_task_group.py took 0.049 seconds
[2024-09-12T01:47:54.303-0300] {processor.py:186} INFO - Started process (PID=6431) to work on /home/gabzarp/.local/lib/python3.10/site-packages/airflow/example_dags/example_task_group.py
[2024-09-12T01:47:54.304-0300] {processor.py:914} INFO - Processing file /home/gabzarp/.local/lib/python3.10/site-packages/airflow/example_dags/example_task_group.py for tasks to queue
[2024-09-12T01:47:54.306-0300] {logging_mixin.py:190} INFO - [2024-09-12T01:47:54.305-0300] {dagbag.py:587} INFO - Filling up the DagBag from /home/gabzarp/.local/lib/python3.10/site-packages/airflow/example_dags/example_task_group.py
[2024-09-12T01:47:54.311-0300] {processor.py:925} INFO - DAG(s) 'example_task_group' retrieved from /home/gabzarp/.local/lib/python3.10/site-packages/airflow/example_dags/example_task_group.py
[2024-09-12T01:47:54.322-0300] {logging_mixin.py:190} INFO - [2024-09-12T01:47:54.322-0300] {dag.py:3229} INFO - Sync 1 DAGs
[2024-09-12T01:47:54.330-0300] {logging_mixin.py:190} INFO - [2024-09-12T01:47:54.329-0300] {dag.py:4156} INFO - Setting next_dagrun for example_task_group to None, run_after=None
[2024-09-12T01:47:54.388-0300] {processor.py:208} INFO - Processing /home/gabzarp/.local/lib/python3.10/site-packages/airflow/example_dags/example_task_group.py took 0.088 seconds
[2024-09-12T01:48:44.585-0300] {processor.py:186} INFO - Started process (PID=6964) to work on /home/gabzarp/.local/lib/python3.10/site-packages/airflow/example_dags/example_task_group.py
[2024-09-12T01:48:44.586-0300] {processor.py:914} INFO - Processing file /home/gabzarp/.local/lib/python3.10/site-packages/airflow/example_dags/example_task_group.py for tasks to queue
[2024-09-12T01:48:44.587-0300] {logging_mixin.py:190} INFO - [2024-09-12T01:48:44.587-0300] {dagbag.py:587} INFO - Filling up the DagBag from /home/gabzarp/.local/lib/python3.10/site-packages/airflow/example_dags/example_task_group.py
[2024-09-12T01:48:44.593-0300] {processor.py:925} INFO - DAG(s) 'example_task_group' retrieved from /home/gabzarp/.local/lib/python3.10/site-packages/airflow/example_dags/example_task_group.py
[2024-09-12T01:48:44.605-0300] {logging_mixin.py:190} INFO - [2024-09-12T01:48:44.604-0300] {dag.py:3229} INFO - Sync 1 DAGs
[2024-09-12T01:48:44.612-0300] {logging_mixin.py:190} INFO - [2024-09-12T01:48:44.612-0300] {dag.py:4156} INFO - Setting next_dagrun for example_task_group to None, run_after=None
[2024-09-12T01:48:44.627-0300] {processor.py:208} INFO - Processing /home/gabzarp/.local/lib/python3.10/site-packages/airflow/example_dags/example_task_group.py took 0.046 seconds
[2024-09-12T01:49:35.354-0300] {processor.py:186} INFO - Started process (PID=7368) to work on /home/gabzarp/.local/lib/python3.10/site-packages/airflow/example_dags/example_task_group.py
[2024-09-12T01:49:35.355-0300] {processor.py:914} INFO - Processing file /home/gabzarp/.local/lib/python3.10/site-packages/airflow/example_dags/example_task_group.py for tasks to queue
[2024-09-12T01:49:35.356-0300] {logging_mixin.py:190} INFO - [2024-09-12T01:49:35.356-0300] {dagbag.py:587} INFO - Filling up the DagBag from /home/gabzarp/.local/lib/python3.10/site-packages/airflow/example_dags/example_task_group.py
[2024-09-12T01:49:35.362-0300] {processor.py:925} INFO - DAG(s) 'example_task_group' retrieved from /home/gabzarp/.local/lib/python3.10/site-packages/airflow/example_dags/example_task_group.py
[2024-09-12T01:49:35.373-0300] {logging_mixin.py:190} INFO - [2024-09-12T01:49:35.372-0300] {dag.py:3229} INFO - Sync 1 DAGs
[2024-09-12T01:49:35.381-0300] {logging_mixin.py:190} INFO - [2024-09-12T01:49:35.381-0300] {dag.py:4156} INFO - Setting next_dagrun for example_task_group to None, run_after=None
[2024-09-12T01:49:35.400-0300] {processor.py:208} INFO - Processing /home/gabzarp/.local/lib/python3.10/site-packages/airflow/example_dags/example_task_group.py took 0.049 seconds
[2024-09-12T01:50:24.568-0300] {processor.py:186} INFO - Started process (PID=7844) to work on /home/gabzarp/.local/lib/python3.10/site-packages/airflow/example_dags/example_task_group.py
[2024-09-12T01:50:24.569-0300] {processor.py:914} INFO - Processing file /home/gabzarp/.local/lib/python3.10/site-packages/airflow/example_dags/example_task_group.py for tasks to queue
[2024-09-12T01:50:24.570-0300] {logging_mixin.py:190} INFO - [2024-09-12T01:50:24.569-0300] {dagbag.py:587} INFO - Filling up the DagBag from /home/gabzarp/.local/lib/python3.10/site-packages/airflow/example_dags/example_task_group.py
[2024-09-12T01:50:24.577-0300] {processor.py:925} INFO - DAG(s) 'example_task_group' retrieved from /home/gabzarp/.local/lib/python3.10/site-packages/airflow/example_dags/example_task_group.py
[2024-09-12T01:50:24.589-0300] {logging_mixin.py:190} INFO - [2024-09-12T01:50:24.589-0300] {dag.py:3229} INFO - Sync 1 DAGs
[2024-09-12T01:50:24.598-0300] {logging_mixin.py:190} INFO - [2024-09-12T01:50:24.598-0300] {dag.py:4156} INFO - Setting next_dagrun for example_task_group to None, run_after=None
[2024-09-12T01:50:24.659-0300] {processor.py:208} INFO - Processing /home/gabzarp/.local/lib/python3.10/site-packages/airflow/example_dags/example_task_group.py took 0.095 seconds
[2024-09-12T01:51:13.720-0300] {processor.py:186} INFO - Started process (PID=8256) to work on /home/gabzarp/.local/lib/python3.10/site-packages/airflow/example_dags/example_task_group.py
[2024-09-12T01:51:13.721-0300] {processor.py:914} INFO - Processing file /home/gabzarp/.local/lib/python3.10/site-packages/airflow/example_dags/example_task_group.py for tasks to queue
[2024-09-12T01:51:13.722-0300] {logging_mixin.py:190} INFO - [2024-09-12T01:51:13.722-0300] {dagbag.py:587} INFO - Filling up the DagBag from /home/gabzarp/.local/lib/python3.10/site-packages/airflow/example_dags/example_task_group.py
[2024-09-12T01:51:13.727-0300] {processor.py:925} INFO - DAG(s) 'example_task_group' retrieved from /home/gabzarp/.local/lib/python3.10/site-packages/airflow/example_dags/example_task_group.py
[2024-09-12T01:51:13.738-0300] {logging_mixin.py:190} INFO - [2024-09-12T01:51:13.738-0300] {dag.py:3229} INFO - Sync 1 DAGs
[2024-09-12T01:51:13.746-0300] {logging_mixin.py:190} INFO - [2024-09-12T01:51:13.746-0300] {dag.py:4156} INFO - Setting next_dagrun for example_task_group to None, run_after=None
[2024-09-12T01:51:13.761-0300] {processor.py:208} INFO - Processing /home/gabzarp/.local/lib/python3.10/site-packages/airflow/example_dags/example_task_group.py took 0.044 seconds
[2024-09-12T01:52:02.487-0300] {processor.py:186} INFO - Started process (PID=8767) to work on /home/gabzarp/.local/lib/python3.10/site-packages/airflow/example_dags/example_task_group.py
[2024-09-12T01:52:02.488-0300] {processor.py:914} INFO - Processing file /home/gabzarp/.local/lib/python3.10/site-packages/airflow/example_dags/example_task_group.py for tasks to queue
[2024-09-12T01:52:02.489-0300] {logging_mixin.py:190} INFO - [2024-09-12T01:52:02.488-0300] {dagbag.py:587} INFO - Filling up the DagBag from /home/gabzarp/.local/lib/python3.10/site-packages/airflow/example_dags/example_task_group.py
[2024-09-12T01:52:02.494-0300] {processor.py:925} INFO - DAG(s) 'example_task_group' retrieved from /home/gabzarp/.local/lib/python3.10/site-packages/airflow/example_dags/example_task_group.py
[2024-09-12T01:52:02.505-0300] {logging_mixin.py:190} INFO - [2024-09-12T01:52:02.505-0300] {dag.py:3229} INFO - Sync 1 DAGs
[2024-09-12T01:52:02.513-0300] {logging_mixin.py:190} INFO - [2024-09-12T01:52:02.512-0300] {dag.py:4156} INFO - Setting next_dagrun for example_task_group to None, run_after=None
[2024-09-12T01:52:02.526-0300] {processor.py:208} INFO - Processing /home/gabzarp/.local/lib/python3.10/site-packages/airflow/example_dags/example_task_group.py took 0.043 seconds
[2024-09-12T01:52:55.006-0300] {processor.py:186} INFO - Started process (PID=9310) to work on /home/gabzarp/.local/lib/python3.10/site-packages/airflow/example_dags/example_task_group.py
[2024-09-12T01:52:55.007-0300] {processor.py:914} INFO - Processing file /home/gabzarp/.local/lib/python3.10/site-packages/airflow/example_dags/example_task_group.py for tasks to queue
[2024-09-12T01:52:55.008-0300] {logging_mixin.py:190} INFO - [2024-09-12T01:52:55.007-0300] {dagbag.py:587} INFO - Filling up the DagBag from /home/gabzarp/.local/lib/python3.10/site-packages/airflow/example_dags/example_task_group.py
[2024-09-12T01:52:55.018-0300] {processor.py:925} INFO - DAG(s) 'example_task_group' retrieved from /home/gabzarp/.local/lib/python3.10/site-packages/airflow/example_dags/example_task_group.py
[2024-09-12T01:52:55.032-0300] {logging_mixin.py:190} INFO - [2024-09-12T01:52:55.032-0300] {dag.py:3229} INFO - Sync 1 DAGs
[2024-09-12T01:52:55.041-0300] {logging_mixin.py:190} INFO - [2024-09-12T01:52:55.040-0300] {dag.py:4156} INFO - Setting next_dagrun for example_task_group to None, run_after=None
[2024-09-12T01:52:55.092-0300] {processor.py:208} INFO - Processing /home/gabzarp/.local/lib/python3.10/site-packages/airflow/example_dags/example_task_group.py took 0.092 seconds
[2024-09-12T01:53:47.472-0300] {processor.py:186} INFO - Started process (PID=9775) to work on /home/gabzarp/.local/lib/python3.10/site-packages/airflow/example_dags/example_task_group.py
[2024-09-12T01:53:47.473-0300] {processor.py:914} INFO - Processing file /home/gabzarp/.local/lib/python3.10/site-packages/airflow/example_dags/example_task_group.py for tasks to queue
[2024-09-12T01:53:47.474-0300] {logging_mixin.py:190} INFO - [2024-09-12T01:53:47.474-0300] {dagbag.py:587} INFO - Filling up the DagBag from /home/gabzarp/.local/lib/python3.10/site-packages/airflow/example_dags/example_task_group.py
[2024-09-12T01:53:47.479-0300] {processor.py:925} INFO - DAG(s) 'example_task_group' retrieved from /home/gabzarp/.local/lib/python3.10/site-packages/airflow/example_dags/example_task_group.py
[2024-09-12T01:53:47.490-0300] {logging_mixin.py:190} INFO - [2024-09-12T01:53:47.490-0300] {dag.py:3229} INFO - Sync 1 DAGs
[2024-09-12T01:53:47.498-0300] {logging_mixin.py:190} INFO - [2024-09-12T01:53:47.498-0300] {dag.py:4156} INFO - Setting next_dagrun for example_task_group to None, run_after=None
[2024-09-12T01:53:47.513-0300] {processor.py:208} INFO - Processing /home/gabzarp/.local/lib/python3.10/site-packages/airflow/example_dags/example_task_group.py took 0.045 seconds
[2024-09-12T01:54:38.083-0300] {processor.py:186} INFO - Started process (PID=10185) to work on /home/gabzarp/.local/lib/python3.10/site-packages/airflow/example_dags/example_task_group.py
[2024-09-12T01:54:38.084-0300] {processor.py:914} INFO - Processing file /home/gabzarp/.local/lib/python3.10/site-packages/airflow/example_dags/example_task_group.py for tasks to queue
[2024-09-12T01:54:38.085-0300] {logging_mixin.py:190} INFO - [2024-09-12T01:54:38.085-0300] {dagbag.py:587} INFO - Filling up the DagBag from /home/gabzarp/.local/lib/python3.10/site-packages/airflow/example_dags/example_task_group.py
[2024-09-12T01:54:38.091-0300] {processor.py:925} INFO - DAG(s) 'example_task_group' retrieved from /home/gabzarp/.local/lib/python3.10/site-packages/airflow/example_dags/example_task_group.py
[2024-09-12T01:54:38.101-0300] {logging_mixin.py:190} INFO - [2024-09-12T01:54:38.101-0300] {dag.py:3229} INFO - Sync 1 DAGs
[2024-09-12T01:54:38.109-0300] {logging_mixin.py:190} INFO - [2024-09-12T01:54:38.109-0300] {dag.py:4156} INFO - Setting next_dagrun for example_task_group to None, run_after=None
[2024-09-12T01:54:38.123-0300] {processor.py:208} INFO - Processing /home/gabzarp/.local/lib/python3.10/site-packages/airflow/example_dags/example_task_group.py took 0.043 seconds
[2024-09-12T01:55:31.027-0300] {processor.py:186} INFO - Started process (PID=10603) to work on /home/gabzarp/.local/lib/python3.10/site-packages/airflow/example_dags/example_task_group.py
[2024-09-12T01:55:31.028-0300] {processor.py:914} INFO - Processing file /home/gabzarp/.local/lib/python3.10/site-packages/airflow/example_dags/example_task_group.py for tasks to queue
[2024-09-12T01:55:31.029-0300] {logging_mixin.py:190} INFO - [2024-09-12T01:55:31.029-0300] {dagbag.py:587} INFO - Filling up the DagBag from /home/gabzarp/.local/lib/python3.10/site-packages/airflow/example_dags/example_task_group.py
[2024-09-12T01:55:31.036-0300] {processor.py:925} INFO - DAG(s) 'example_task_group' retrieved from /home/gabzarp/.local/lib/python3.10/site-packages/airflow/example_dags/example_task_group.py
[2024-09-12T01:55:31.049-0300] {logging_mixin.py:190} INFO - [2024-09-12T01:55:31.049-0300] {dag.py:3229} INFO - Sync 1 DAGs
[2024-09-12T01:55:31.059-0300] {logging_mixin.py:190} INFO - [2024-09-12T01:55:31.058-0300] {dag.py:4156} INFO - Setting next_dagrun for example_task_group to None, run_after=None
[2024-09-12T01:55:31.122-0300] {processor.py:208} INFO - Processing /home/gabzarp/.local/lib/python3.10/site-packages/airflow/example_dags/example_task_group.py took 0.099 seconds
[2024-09-12T01:56:27.224-0300] {processor.py:186} INFO - Started process (PID=11070) to work on /home/gabzarp/.local/lib/python3.10/site-packages/airflow/example_dags/example_task_group.py
[2024-09-12T01:56:27.225-0300] {processor.py:914} INFO - Processing file /home/gabzarp/.local/lib/python3.10/site-packages/airflow/example_dags/example_task_group.py for tasks to queue
[2024-09-12T01:56:27.225-0300] {logging_mixin.py:190} INFO - [2024-09-12T01:56:27.225-0300] {dagbag.py:587} INFO - Filling up the DagBag from /home/gabzarp/.local/lib/python3.10/site-packages/airflow/example_dags/example_task_group.py
[2024-09-12T01:56:27.231-0300] {processor.py:925} INFO - DAG(s) 'example_task_group' retrieved from /home/gabzarp/.local/lib/python3.10/site-packages/airflow/example_dags/example_task_group.py
[2024-09-12T01:56:27.241-0300] {logging_mixin.py:190} INFO - [2024-09-12T01:56:27.241-0300] {dag.py:3229} INFO - Sync 1 DAGs
[2024-09-12T01:56:27.249-0300] {logging_mixin.py:190} INFO - [2024-09-12T01:56:27.249-0300] {dag.py:4156} INFO - Setting next_dagrun for example_task_group to None, run_after=None
[2024-09-12T01:56:27.295-0300] {processor.py:208} INFO - Processing /home/gabzarp/.local/lib/python3.10/site-packages/airflow/example_dags/example_task_group.py took 0.075 seconds
[2024-09-12T01:57:22.559-0300] {processor.py:186} INFO - Started process (PID=11556) to work on /home/gabzarp/.local/lib/python3.10/site-packages/airflow/example_dags/example_task_group.py
[2024-09-12T01:57:22.560-0300] {processor.py:914} INFO - Processing file /home/gabzarp/.local/lib/python3.10/site-packages/airflow/example_dags/example_task_group.py for tasks to queue
[2024-09-12T01:57:22.561-0300] {logging_mixin.py:190} INFO - [2024-09-12T01:57:22.561-0300] {dagbag.py:587} INFO - Filling up the DagBag from /home/gabzarp/.local/lib/python3.10/site-packages/airflow/example_dags/example_task_group.py
[2024-09-12T01:57:22.566-0300] {processor.py:925} INFO - DAG(s) 'example_task_group' retrieved from /home/gabzarp/.local/lib/python3.10/site-packages/airflow/example_dags/example_task_group.py
[2024-09-12T01:57:22.577-0300] {logging_mixin.py:190} INFO - [2024-09-12T01:57:22.577-0300] {dag.py:3229} INFO - Sync 1 DAGs
[2024-09-12T01:57:22.585-0300] {logging_mixin.py:190} INFO - [2024-09-12T01:57:22.585-0300] {dag.py:4156} INFO - Setting next_dagrun for example_task_group to None, run_after=None
[2024-09-12T01:57:22.601-0300] {processor.py:208} INFO - Processing /home/gabzarp/.local/lib/python3.10/site-packages/airflow/example_dags/example_task_group.py took 0.045 seconds
[2024-09-12T01:58:14.969-0300] {processor.py:186} INFO - Started process (PID=11967) to work on /home/gabzarp/.local/lib/python3.10/site-packages/airflow/example_dags/example_task_group.py
[2024-09-12T01:58:14.970-0300] {processor.py:914} INFO - Processing file /home/gabzarp/.local/lib/python3.10/site-packages/airflow/example_dags/example_task_group.py for tasks to queue
[2024-09-12T01:58:14.971-0300] {logging_mixin.py:190} INFO - [2024-09-12T01:58:14.971-0300] {dagbag.py:587} INFO - Filling up the DagBag from /home/gabzarp/.local/lib/python3.10/site-packages/airflow/example_dags/example_task_group.py
[2024-09-12T01:58:14.978-0300] {processor.py:925} INFO - DAG(s) 'example_task_group' retrieved from /home/gabzarp/.local/lib/python3.10/site-packages/airflow/example_dags/example_task_group.py
[2024-09-12T01:58:14.993-0300] {logging_mixin.py:190} INFO - [2024-09-12T01:58:14.993-0300] {dag.py:3229} INFO - Sync 1 DAGs
[2024-09-12T01:58:15.003-0300] {logging_mixin.py:190} INFO - [2024-09-12T01:58:15.002-0300] {dag.py:4156} INFO - Setting next_dagrun for example_task_group to None, run_after=None
[2024-09-12T01:58:15.019-0300] {processor.py:208} INFO - Processing /home/gabzarp/.local/lib/python3.10/site-packages/airflow/example_dags/example_task_group.py took 0.054 seconds
[2024-09-12T01:59:08.363-0300] {processor.py:186} INFO - Started process (PID=12395) to work on /home/gabzarp/.local/lib/python3.10/site-packages/airflow/example_dags/example_task_group.py
[2024-09-12T01:59:08.364-0300] {processor.py:914} INFO - Processing file /home/gabzarp/.local/lib/python3.10/site-packages/airflow/example_dags/example_task_group.py for tasks to queue
[2024-09-12T01:59:08.365-0300] {logging_mixin.py:190} INFO - [2024-09-12T01:59:08.365-0300] {dagbag.py:587} INFO - Filling up the DagBag from /home/gabzarp/.local/lib/python3.10/site-packages/airflow/example_dags/example_task_group.py
[2024-09-12T01:59:08.372-0300] {processor.py:925} INFO - DAG(s) 'example_task_group' retrieved from /home/gabzarp/.local/lib/python3.10/site-packages/airflow/example_dags/example_task_group.py
[2024-09-12T01:59:08.384-0300] {logging_mixin.py:190} INFO - [2024-09-12T01:59:08.383-0300] {dag.py:3229} INFO - Sync 1 DAGs
[2024-09-12T01:59:08.392-0300] {logging_mixin.py:190} INFO - [2024-09-12T01:59:08.392-0300] {dag.py:4156} INFO - Setting next_dagrun for example_task_group to None, run_after=None
[2024-09-12T01:59:08.439-0300] {processor.py:208} INFO - Processing /home/gabzarp/.local/lib/python3.10/site-packages/airflow/example_dags/example_task_group.py took 0.079 seconds
[2024-09-12T01:59:59.807-0300] {processor.py:186} INFO - Started process (PID=12831) to work on /home/gabzarp/.local/lib/python3.10/site-packages/airflow/example_dags/example_task_group.py
[2024-09-12T01:59:59.808-0300] {processor.py:914} INFO - Processing file /home/gabzarp/.local/lib/python3.10/site-packages/airflow/example_dags/example_task_group.py for tasks to queue
[2024-09-12T01:59:59.809-0300] {logging_mixin.py:190} INFO - [2024-09-12T01:59:59.809-0300] {dagbag.py:587} INFO - Filling up the DagBag from /home/gabzarp/.local/lib/python3.10/site-packages/airflow/example_dags/example_task_group.py
[2024-09-12T01:59:59.815-0300] {processor.py:925} INFO - DAG(s) 'example_task_group' retrieved from /home/gabzarp/.local/lib/python3.10/site-packages/airflow/example_dags/example_task_group.py
[2024-09-12T01:59:59.826-0300] {logging_mixin.py:190} INFO - [2024-09-12T01:59:59.826-0300] {dag.py:3229} INFO - Sync 1 DAGs
[2024-09-12T01:59:59.835-0300] {logging_mixin.py:190} INFO - [2024-09-12T01:59:59.835-0300] {dag.py:4156} INFO - Setting next_dagrun for example_task_group to None, run_after=None
[2024-09-12T01:59:59.904-0300] {processor.py:208} INFO - Processing /home/gabzarp/.local/lib/python3.10/site-packages/airflow/example_dags/example_task_group.py took 0.100 seconds
[2024-09-12T02:00:50.062-0300] {processor.py:186} INFO - Started process (PID=13313) to work on /home/gabzarp/.local/lib/python3.10/site-packages/airflow/example_dags/example_task_group.py
[2024-09-12T02:00:50.063-0300] {processor.py:914} INFO - Processing file /home/gabzarp/.local/lib/python3.10/site-packages/airflow/example_dags/example_task_group.py for tasks to queue
[2024-09-12T02:00:50.064-0300] {logging_mixin.py:190} INFO - [2024-09-12T02:00:50.064-0300] {dagbag.py:587} INFO - Filling up the DagBag from /home/gabzarp/.local/lib/python3.10/site-packages/airflow/example_dags/example_task_group.py
[2024-09-12T02:00:50.070-0300] {processor.py:925} INFO - DAG(s) 'example_task_group' retrieved from /home/gabzarp/.local/lib/python3.10/site-packages/airflow/example_dags/example_task_group.py
[2024-09-12T02:00:50.082-0300] {logging_mixin.py:190} INFO - [2024-09-12T02:00:50.081-0300] {dag.py:3229} INFO - Sync 1 DAGs
[2024-09-12T02:00:50.091-0300] {logging_mixin.py:190} INFO - [2024-09-12T02:00:50.090-0300] {dag.py:4156} INFO - Setting next_dagrun for example_task_group to None, run_after=None
[2024-09-12T02:00:50.107-0300] {processor.py:208} INFO - Processing /home/gabzarp/.local/lib/python3.10/site-packages/airflow/example_dags/example_task_group.py took 0.048 seconds
[2024-09-12T02:01:41.470-0300] {processor.py:186} INFO - Started process (PID=13752) to work on /home/gabzarp/.local/lib/python3.10/site-packages/airflow/example_dags/example_task_group.py
[2024-09-12T02:01:41.471-0300] {processor.py:914} INFO - Processing file /home/gabzarp/.local/lib/python3.10/site-packages/airflow/example_dags/example_task_group.py for tasks to queue
[2024-09-12T02:01:41.472-0300] {logging_mixin.py:190} INFO - [2024-09-12T02:01:41.472-0300] {dagbag.py:587} INFO - Filling up the DagBag from /home/gabzarp/.local/lib/python3.10/site-packages/airflow/example_dags/example_task_group.py
[2024-09-12T02:01:41.477-0300] {processor.py:925} INFO - DAG(s) 'example_task_group' retrieved from /home/gabzarp/.local/lib/python3.10/site-packages/airflow/example_dags/example_task_group.py
[2024-09-12T02:01:41.488-0300] {logging_mixin.py:190} INFO - [2024-09-12T02:01:41.488-0300] {dag.py:3229} INFO - Sync 1 DAGs
[2024-09-12T02:01:41.497-0300] {logging_mixin.py:190} INFO - [2024-09-12T02:01:41.496-0300] {dag.py:4156} INFO - Setting next_dagrun for example_task_group to None, run_after=None
[2024-09-12T02:01:41.515-0300] {processor.py:208} INFO - Processing /home/gabzarp/.local/lib/python3.10/site-packages/airflow/example_dags/example_task_group.py took 0.049 seconds
[2024-09-12T02:02:28.869-0300] {processor.py:186} INFO - Started process (PID=14168) to work on /home/gabzarp/.local/lib/python3.10/site-packages/airflow/example_dags/example_task_group.py
[2024-09-12T02:02:28.871-0300] {processor.py:914} INFO - Processing file /home/gabzarp/.local/lib/python3.10/site-packages/airflow/example_dags/example_task_group.py for tasks to queue
[2024-09-12T02:02:28.872-0300] {logging_mixin.py:190} INFO - [2024-09-12T02:02:28.871-0300] {dagbag.py:587} INFO - Filling up the DagBag from /home/gabzarp/.local/lib/python3.10/site-packages/airflow/example_dags/example_task_group.py
[2024-09-12T02:02:28.878-0300] {processor.py:925} INFO - DAG(s) 'example_task_group' retrieved from /home/gabzarp/.local/lib/python3.10/site-packages/airflow/example_dags/example_task_group.py
[2024-09-12T02:02:28.892-0300] {logging_mixin.py:190} INFO - [2024-09-12T02:02:28.892-0300] {dag.py:3229} INFO - Sync 1 DAGs
[2024-09-12T02:02:28.902-0300] {logging_mixin.py:190} INFO - [2024-09-12T02:02:28.901-0300] {dag.py:4156} INFO - Setting next_dagrun for example_task_group to None, run_after=None
[2024-09-12T02:02:28.920-0300] {processor.py:208} INFO - Processing /home/gabzarp/.local/lib/python3.10/site-packages/airflow/example_dags/example_task_group.py took 0.055 seconds
[2024-09-12T02:03:17.773-0300] {processor.py:186} INFO - Started process (PID=14562) to work on /home/gabzarp/.local/lib/python3.10/site-packages/airflow/example_dags/example_task_group.py
[2024-09-12T02:03:17.773-0300] {processor.py:914} INFO - Processing file /home/gabzarp/.local/lib/python3.10/site-packages/airflow/example_dags/example_task_group.py for tasks to queue
[2024-09-12T02:03:17.774-0300] {logging_mixin.py:190} INFO - [2024-09-12T02:03:17.774-0300] {dagbag.py:587} INFO - Filling up the DagBag from /home/gabzarp/.local/lib/python3.10/site-packages/airflow/example_dags/example_task_group.py
[2024-09-12T02:03:17.780-0300] {processor.py:925} INFO - DAG(s) 'example_task_group' retrieved from /home/gabzarp/.local/lib/python3.10/site-packages/airflow/example_dags/example_task_group.py
[2024-09-12T02:03:17.790-0300] {logging_mixin.py:190} INFO - [2024-09-12T02:03:17.790-0300] {dag.py:3229} INFO - Sync 1 DAGs
[2024-09-12T02:03:17.798-0300] {logging_mixin.py:190} INFO - [2024-09-12T02:03:17.798-0300] {dag.py:4156} INFO - Setting next_dagrun for example_task_group to None, run_after=None
[2024-09-12T02:03:17.812-0300] {processor.py:208} INFO - Processing /home/gabzarp/.local/lib/python3.10/site-packages/airflow/example_dags/example_task_group.py took 0.043 seconds
[2024-09-12T02:04:09.453-0300] {processor.py:186} INFO - Started process (PID=14970) to work on /home/gabzarp/.local/lib/python3.10/site-packages/airflow/example_dags/example_task_group.py
[2024-09-12T02:04:09.454-0300] {processor.py:914} INFO - Processing file /home/gabzarp/.local/lib/python3.10/site-packages/airflow/example_dags/example_task_group.py for tasks to queue
[2024-09-12T02:04:09.454-0300] {logging_mixin.py:190} INFO - [2024-09-12T02:04:09.454-0300] {dagbag.py:587} INFO - Filling up the DagBag from /home/gabzarp/.local/lib/python3.10/site-packages/airflow/example_dags/example_task_group.py
[2024-09-12T02:04:09.460-0300] {processor.py:925} INFO - DAG(s) 'example_task_group' retrieved from /home/gabzarp/.local/lib/python3.10/site-packages/airflow/example_dags/example_task_group.py
[2024-09-12T02:04:09.472-0300] {logging_mixin.py:190} INFO - [2024-09-12T02:04:09.471-0300] {dag.py:3229} INFO - Sync 1 DAGs
[2024-09-12T02:04:09.480-0300] {logging_mixin.py:190} INFO - [2024-09-12T02:04:09.479-0300] {dag.py:4156} INFO - Setting next_dagrun for example_task_group to None, run_after=None
[2024-09-12T02:04:09.496-0300] {processor.py:208} INFO - Processing /home/gabzarp/.local/lib/python3.10/site-packages/airflow/example_dags/example_task_group.py took 0.047 seconds
[2024-09-12T02:05:03.120-0300] {processor.py:186} INFO - Started process (PID=15391) to work on /home/gabzarp/.local/lib/python3.10/site-packages/airflow/example_dags/example_task_group.py
[2024-09-12T02:05:03.121-0300] {processor.py:914} INFO - Processing file /home/gabzarp/.local/lib/python3.10/site-packages/airflow/example_dags/example_task_group.py for tasks to queue
[2024-09-12T02:05:03.122-0300] {logging_mixin.py:190} INFO - [2024-09-12T02:05:03.121-0300] {dagbag.py:587} INFO - Filling up the DagBag from /home/gabzarp/.local/lib/python3.10/site-packages/airflow/example_dags/example_task_group.py
[2024-09-12T02:05:03.128-0300] {processor.py:925} INFO - DAG(s) 'example_task_group' retrieved from /home/gabzarp/.local/lib/python3.10/site-packages/airflow/example_dags/example_task_group.py
[2024-09-12T02:05:03.141-0300] {logging_mixin.py:190} INFO - [2024-09-12T02:05:03.141-0300] {dag.py:3229} INFO - Sync 1 DAGs
[2024-09-12T02:05:03.151-0300] {logging_mixin.py:190} INFO - [2024-09-12T02:05:03.150-0300] {dag.py:4156} INFO - Setting next_dagrun for example_task_group to None, run_after=None
[2024-09-12T02:05:03.168-0300] {processor.py:208} INFO - Processing /home/gabzarp/.local/lib/python3.10/site-packages/airflow/example_dags/example_task_group.py took 0.052 seconds
[2024-09-12T02:05:56.797-0300] {processor.py:186} INFO - Started process (PID=15819) to work on /home/gabzarp/.local/lib/python3.10/site-packages/airflow/example_dags/example_task_group.py
[2024-09-12T02:05:56.798-0300] {processor.py:914} INFO - Processing file /home/gabzarp/.local/lib/python3.10/site-packages/airflow/example_dags/example_task_group.py for tasks to queue
[2024-09-12T02:05:56.799-0300] {logging_mixin.py:190} INFO - [2024-09-12T02:05:56.799-0300] {dagbag.py:587} INFO - Filling up the DagBag from /home/gabzarp/.local/lib/python3.10/site-packages/airflow/example_dags/example_task_group.py
[2024-09-12T02:05:56.805-0300] {processor.py:925} INFO - DAG(s) 'example_task_group' retrieved from /home/gabzarp/.local/lib/python3.10/site-packages/airflow/example_dags/example_task_group.py
[2024-09-12T02:05:56.816-0300] {logging_mixin.py:190} INFO - [2024-09-12T02:05:56.816-0300] {dag.py:3229} INFO - Sync 1 DAGs
[2024-09-12T02:05:56.824-0300] {logging_mixin.py:190} INFO - [2024-09-12T02:05:56.824-0300] {dag.py:4156} INFO - Setting next_dagrun for example_task_group to None, run_after=None
[2024-09-12T02:05:56.839-0300] {processor.py:208} INFO - Processing /home/gabzarp/.local/lib/python3.10/site-packages/airflow/example_dags/example_task_group.py took 0.046 seconds
[2024-09-12T02:06:48.143-0300] {processor.py:186} INFO - Started process (PID=16225) to work on /home/gabzarp/.local/lib/python3.10/site-packages/airflow/example_dags/example_task_group.py
[2024-09-12T02:06:48.144-0300] {processor.py:914} INFO - Processing file /home/gabzarp/.local/lib/python3.10/site-packages/airflow/example_dags/example_task_group.py for tasks to queue
[2024-09-12T02:06:48.144-0300] {logging_mixin.py:190} INFO - [2024-09-12T02:06:48.144-0300] {dagbag.py:587} INFO - Filling up the DagBag from /home/gabzarp/.local/lib/python3.10/site-packages/airflow/example_dags/example_task_group.py
[2024-09-12T02:06:48.150-0300] {processor.py:925} INFO - DAG(s) 'example_task_group' retrieved from /home/gabzarp/.local/lib/python3.10/site-packages/airflow/example_dags/example_task_group.py
[2024-09-12T02:06:48.163-0300] {logging_mixin.py:190} INFO - [2024-09-12T02:06:48.163-0300] {dag.py:3229} INFO - Sync 1 DAGs
[2024-09-12T02:06:48.171-0300] {logging_mixin.py:190} INFO - [2024-09-12T02:06:48.171-0300] {dag.py:4156} INFO - Setting next_dagrun for example_task_group to None, run_after=None
[2024-09-12T02:06:48.190-0300] {processor.py:208} INFO - Processing /home/gabzarp/.local/lib/python3.10/site-packages/airflow/example_dags/example_task_group.py took 0.052 seconds
[2024-09-12T02:07:34.411-0300] {processor.py:186} INFO - Started process (PID=16589) to work on /home/gabzarp/.local/lib/python3.10/site-packages/airflow/example_dags/example_task_group.py
[2024-09-12T02:07:34.412-0300] {processor.py:914} INFO - Processing file /home/gabzarp/.local/lib/python3.10/site-packages/airflow/example_dags/example_task_group.py for tasks to queue
[2024-09-12T02:07:34.413-0300] {logging_mixin.py:190} INFO - [2024-09-12T02:07:34.412-0300] {dagbag.py:587} INFO - Filling up the DagBag from /home/gabzarp/.local/lib/python3.10/site-packages/airflow/example_dags/example_task_group.py
[2024-09-12T02:07:34.418-0300] {processor.py:925} INFO - DAG(s) 'example_task_group' retrieved from /home/gabzarp/.local/lib/python3.10/site-packages/airflow/example_dags/example_task_group.py
[2024-09-12T02:07:34.429-0300] {logging_mixin.py:190} INFO - [2024-09-12T02:07:34.428-0300] {dag.py:3229} INFO - Sync 1 DAGs
[2024-09-12T02:07:34.437-0300] {logging_mixin.py:190} INFO - [2024-09-12T02:07:34.437-0300] {dag.py:4156} INFO - Setting next_dagrun for example_task_group to None, run_after=None
[2024-09-12T02:07:34.452-0300] {processor.py:208} INFO - Processing /home/gabzarp/.local/lib/python3.10/site-packages/airflow/example_dags/example_task_group.py took 0.044 seconds
[2024-09-12T02:08:24.628-0300] {processor.py:186} INFO - Started process (PID=16988) to work on /home/gabzarp/.local/lib/python3.10/site-packages/airflow/example_dags/example_task_group.py
[2024-09-12T02:08:24.629-0300] {processor.py:914} INFO - Processing file /home/gabzarp/.local/lib/python3.10/site-packages/airflow/example_dags/example_task_group.py for tasks to queue
[2024-09-12T02:08:24.630-0300] {logging_mixin.py:190} INFO - [2024-09-12T02:08:24.629-0300] {dagbag.py:587} INFO - Filling up the DagBag from /home/gabzarp/.local/lib/python3.10/site-packages/airflow/example_dags/example_task_group.py
[2024-09-12T02:08:24.635-0300] {processor.py:925} INFO - DAG(s) 'example_task_group' retrieved from /home/gabzarp/.local/lib/python3.10/site-packages/airflow/example_dags/example_task_group.py
[2024-09-12T02:08:24.648-0300] {logging_mixin.py:190} INFO - [2024-09-12T02:08:24.648-0300] {dag.py:3229} INFO - Sync 1 DAGs
[2024-09-12T02:08:24.656-0300] {logging_mixin.py:190} INFO - [2024-09-12T02:08:24.656-0300] {dag.py:4156} INFO - Setting next_dagrun for example_task_group to None, run_after=None
[2024-09-12T02:08:24.670-0300] {processor.py:208} INFO - Processing /home/gabzarp/.local/lib/python3.10/site-packages/airflow/example_dags/example_task_group.py took 0.046 seconds
[2024-09-12T02:09:16.034-0300] {processor.py:186} INFO - Started process (PID=17393) to work on /home/gabzarp/.local/lib/python3.10/site-packages/airflow/example_dags/example_task_group.py
[2024-09-12T02:09:16.036-0300] {processor.py:914} INFO - Processing file /home/gabzarp/.local/lib/python3.10/site-packages/airflow/example_dags/example_task_group.py for tasks to queue
[2024-09-12T02:09:16.037-0300] {logging_mixin.py:190} INFO - [2024-09-12T02:09:16.036-0300] {dagbag.py:587} INFO - Filling up the DagBag from /home/gabzarp/.local/lib/python3.10/site-packages/airflow/example_dags/example_task_group.py
[2024-09-12T02:09:16.042-0300] {processor.py:925} INFO - DAG(s) 'example_task_group' retrieved from /home/gabzarp/.local/lib/python3.10/site-packages/airflow/example_dags/example_task_group.py
[2024-09-12T02:09:16.054-0300] {logging_mixin.py:190} INFO - [2024-09-12T02:09:16.053-0300] {dag.py:3229} INFO - Sync 1 DAGs
[2024-09-12T02:09:16.061-0300] {logging_mixin.py:190} INFO - [2024-09-12T02:09:16.061-0300] {dag.py:4156} INFO - Setting next_dagrun for example_task_group to None, run_after=None
[2024-09-12T02:09:16.077-0300] {processor.py:208} INFO - Processing /home/gabzarp/.local/lib/python3.10/site-packages/airflow/example_dags/example_task_group.py took 0.047 seconds
