[2024-09-12T01:40:04.560-0300] {processor.py:186} INFO - Started process (PID=2747) to work on /home/gabzarp/.local/lib/python3.10/site-packages/airflow/example_dags/example_params_ui_tutorial.py
[2024-09-12T01:40:04.560-0300] {processor.py:914} INFO - Processing file /home/gabzarp/.local/lib/python3.10/site-packages/airflow/example_dags/example_params_ui_tutorial.py for tasks to queue
[2024-09-12T01:40:04.561-0300] {logging_mixin.py:190} INFO - [2024-09-12T01:40:04.561-0300] {dagbag.py:587} INFO - Filling up the DagBag from /home/gabzarp/.local/lib/python3.10/site-packages/airflow/example_dags/example_params_ui_tutorial.py
[2024-09-12T01:40:04.567-0300] {processor.py:925} INFO - DAG(s) 'example_params_ui_tutorial' retrieved from /home/gabzarp/.local/lib/python3.10/site-packages/airflow/example_dags/example_params_ui_tutorial.py
[2024-09-12T01:40:04.655-0300] {logging_mixin.py:190} INFO - [2024-09-12T01:40:04.655-0300] {override.py:1900} INFO - Created Permission View: can edit on DAG:example_params_ui_tutorial
[2024-09-12T01:40:04.665-0300] {logging_mixin.py:190} INFO - [2024-09-12T01:40:04.665-0300] {override.py:1900} INFO - Created Permission View: can read on DAG:example_params_ui_tutorial
[2024-09-12T01:40:04.674-0300] {logging_mixin.py:190} INFO - [2024-09-12T01:40:04.673-0300] {override.py:1900} INFO - Created Permission View: can delete on DAG:example_params_ui_tutorial
[2024-09-12T01:40:04.687-0300] {logging_mixin.py:190} INFO - [2024-09-12T01:40:04.686-0300] {override.py:1900} INFO - Created Permission View: can read on DAG Run:example_params_ui_tutorial
[2024-09-12T01:40:04.694-0300] {logging_mixin.py:190} INFO - [2024-09-12T01:40:04.694-0300] {override.py:1900} INFO - Created Permission View: can create on DAG Run:example_params_ui_tutorial
[2024-09-12T01:40:04.701-0300] {logging_mixin.py:190} INFO - [2024-09-12T01:40:04.701-0300] {override.py:1900} INFO - Created Permission View: menu access on DAG Run:example_params_ui_tutorial
[2024-09-12T01:40:04.709-0300] {logging_mixin.py:190} INFO - [2024-09-12T01:40:04.708-0300] {override.py:1900} INFO - Created Permission View: can delete on DAG Run:example_params_ui_tutorial
[2024-09-12T01:40:04.709-0300] {logging_mixin.py:190} INFO - [2024-09-12T01:40:04.709-0300] {dag.py:3229} INFO - Sync 1 DAGs
[2024-09-12T01:40:04.717-0300] {logging_mixin.py:190} INFO - [2024-09-12T01:40:04.716-0300] {dag.py:3252} INFO - Creating ORM DAG for example_params_ui_tutorial
[2024-09-12T01:40:04.717-0300] {logging_mixin.py:190} INFO - [2024-09-12T01:40:04.717-0300] {dag.py:4156} INFO - Setting next_dagrun for example_params_ui_tutorial to None, run_after=None
[2024-09-12T01:40:04.730-0300] {processor.py:208} INFO - Processing /home/gabzarp/.local/lib/python3.10/site-packages/airflow/example_dags/example_params_ui_tutorial.py took 0.175 seconds
[2024-09-12T01:40:59.720-0300] {processor.py:186} INFO - Started process (PID=3025) to work on /home/gabzarp/.local/lib/python3.10/site-packages/airflow/example_dags/example_params_ui_tutorial.py
[2024-09-12T01:40:59.721-0300] {processor.py:914} INFO - Processing file /home/gabzarp/.local/lib/python3.10/site-packages/airflow/example_dags/example_params_ui_tutorial.py for tasks to queue
[2024-09-12T01:40:59.723-0300] {logging_mixin.py:190} INFO - [2024-09-12T01:40:59.722-0300] {dagbag.py:587} INFO - Filling up the DagBag from /home/gabzarp/.local/lib/python3.10/site-packages/airflow/example_dags/example_params_ui_tutorial.py
[2024-09-12T01:40:59.729-0300] {processor.py:925} INFO - DAG(s) 'example_params_ui_tutorial' retrieved from /home/gabzarp/.local/lib/python3.10/site-packages/airflow/example_dags/example_params_ui_tutorial.py
[2024-09-12T01:40:59.762-0300] {logging_mixin.py:190} INFO - [2024-09-12T01:40:59.762-0300] {dag.py:3229} INFO - Sync 1 DAGs
[2024-09-12T01:40:59.771-0300] {logging_mixin.py:190} INFO - [2024-09-12T01:40:59.771-0300] {dag.py:4156} INFO - Setting next_dagrun for example_params_ui_tutorial to None, run_after=None
[2024-09-12T01:40:59.787-0300] {processor.py:208} INFO - Processing /home/gabzarp/.local/lib/python3.10/site-packages/airflow/example_dags/example_params_ui_tutorial.py took 0.070 seconds
[2024-09-12T01:41:53.700-0300] {processor.py:186} INFO - Started process (PID=3377) to work on /home/gabzarp/.local/lib/python3.10/site-packages/airflow/example_dags/example_params_ui_tutorial.py
[2024-09-12T01:41:53.701-0300] {processor.py:914} INFO - Processing file /home/gabzarp/.local/lib/python3.10/site-packages/airflow/example_dags/example_params_ui_tutorial.py for tasks to queue
[2024-09-12T01:41:53.703-0300] {logging_mixin.py:190} INFO - [2024-09-12T01:41:53.702-0300] {dagbag.py:587} INFO - Filling up the DagBag from /home/gabzarp/.local/lib/python3.10/site-packages/airflow/example_dags/example_params_ui_tutorial.py
[2024-09-12T01:41:53.708-0300] {processor.py:925} INFO - DAG(s) 'example_params_ui_tutorial' retrieved from /home/gabzarp/.local/lib/python3.10/site-packages/airflow/example_dags/example_params_ui_tutorial.py
[2024-09-12T01:41:53.736-0300] {logging_mixin.py:190} INFO - [2024-09-12T01:41:53.736-0300] {dag.py:3229} INFO - Sync 1 DAGs
[2024-09-12T01:41:53.745-0300] {logging_mixin.py:190} INFO - [2024-09-12T01:41:53.744-0300] {dag.py:4156} INFO - Setting next_dagrun for example_params_ui_tutorial to None, run_after=None
[2024-09-12T01:41:53.759-0300] {processor.py:208} INFO - Processing /home/gabzarp/.local/lib/python3.10/site-packages/airflow/example_dags/example_params_ui_tutorial.py took 0.062 seconds
[2024-09-12T01:43:08.334-0300] {processor.py:186} INFO - Started process (PID=3753) to work on /home/gabzarp/.local/lib/python3.10/site-packages/airflow/example_dags/example_params_ui_tutorial.py
[2024-09-12T01:43:08.335-0300] {processor.py:914} INFO - Processing file /home/gabzarp/.local/lib/python3.10/site-packages/airflow/example_dags/example_params_ui_tutorial.py for tasks to queue
[2024-09-12T01:43:08.336-0300] {logging_mixin.py:190} INFO - [2024-09-12T01:43:08.336-0300] {dagbag.py:587} INFO - Filling up the DagBag from /home/gabzarp/.local/lib/python3.10/site-packages/airflow/example_dags/example_params_ui_tutorial.py
[2024-09-12T01:43:08.342-0300] {processor.py:925} INFO - DAG(s) 'example_params_ui_tutorial' retrieved from /home/gabzarp/.local/lib/python3.10/site-packages/airflow/example_dags/example_params_ui_tutorial.py
[2024-09-12T01:43:08.371-0300] {logging_mixin.py:190} INFO - [2024-09-12T01:43:08.371-0300] {dag.py:3229} INFO - Sync 1 DAGs
[2024-09-12T01:43:08.380-0300] {logging_mixin.py:190} INFO - [2024-09-12T01:43:08.379-0300] {dag.py:4156} INFO - Setting next_dagrun for example_params_ui_tutorial to None, run_after=None
[2024-09-12T01:43:08.393-0300] {processor.py:208} INFO - Processing /home/gabzarp/.local/lib/python3.10/site-packages/airflow/example_dags/example_params_ui_tutorial.py took 0.063 seconds
[2024-09-12T01:45:11.370-0300] {processor.py:186} INFO - Started process (PID=5120) to work on /home/gabzarp/.local/lib/python3.10/site-packages/airflow/example_dags/example_params_ui_tutorial.py
[2024-09-12T01:45:11.371-0300] {processor.py:914} INFO - Processing file /home/gabzarp/.local/lib/python3.10/site-packages/airflow/example_dags/example_params_ui_tutorial.py for tasks to queue
[2024-09-12T01:45:11.372-0300] {logging_mixin.py:190} INFO - [2024-09-12T01:45:11.372-0300] {dagbag.py:587} INFO - Filling up the DagBag from /home/gabzarp/.local/lib/python3.10/site-packages/airflow/example_dags/example_params_ui_tutorial.py
[2024-09-12T01:45:11.380-0300] {processor.py:925} INFO - DAG(s) 'example_params_ui_tutorial' retrieved from /home/gabzarp/.local/lib/python3.10/site-packages/airflow/example_dags/example_params_ui_tutorial.py
[2024-09-12T01:45:11.409-0300] {logging_mixin.py:190} INFO - [2024-09-12T01:45:11.409-0300] {dag.py:3229} INFO - Sync 1 DAGs
[2024-09-12T01:45:11.416-0300] {logging_mixin.py:190} INFO - [2024-09-12T01:45:11.416-0300] {dag.py:4156} INFO - Setting next_dagrun for example_params_ui_tutorial to None, run_after=None
[2024-09-12T01:45:11.432-0300] {processor.py:208} INFO - Processing /home/gabzarp/.local/lib/python3.10/site-packages/airflow/example_dags/example_params_ui_tutorial.py took 0.073 seconds
[2024-09-12T01:46:03.828-0300] {processor.py:186} INFO - Started process (PID=5544) to work on /home/gabzarp/.local/lib/python3.10/site-packages/airflow/example_dags/example_params_ui_tutorial.py
[2024-09-12T01:46:03.829-0300] {processor.py:914} INFO - Processing file /home/gabzarp/.local/lib/python3.10/site-packages/airflow/example_dags/example_params_ui_tutorial.py for tasks to queue
[2024-09-12T01:46:03.831-0300] {logging_mixin.py:190} INFO - [2024-09-12T01:46:03.830-0300] {dagbag.py:587} INFO - Filling up the DagBag from /home/gabzarp/.local/lib/python3.10/site-packages/airflow/example_dags/example_params_ui_tutorial.py
[2024-09-12T01:46:03.837-0300] {processor.py:925} INFO - DAG(s) 'example_params_ui_tutorial' retrieved from /home/gabzarp/.local/lib/python3.10/site-packages/airflow/example_dags/example_params_ui_tutorial.py
[2024-09-12T01:46:03.868-0300] {logging_mixin.py:190} INFO - [2024-09-12T01:46:03.867-0300] {dag.py:3229} INFO - Sync 1 DAGs
[2024-09-12T01:46:03.877-0300] {logging_mixin.py:190} INFO - [2024-09-12T01:46:03.876-0300] {dag.py:4156} INFO - Setting next_dagrun for example_params_ui_tutorial to None, run_after=None
[2024-09-12T01:46:03.893-0300] {processor.py:208} INFO - Processing /home/gabzarp/.local/lib/python3.10/site-packages/airflow/example_dags/example_params_ui_tutorial.py took 0.068 seconds
[2024-09-12T01:46:56.662-0300] {processor.py:186} INFO - Started process (PID=5971) to work on /home/gabzarp/.local/lib/python3.10/site-packages/airflow/example_dags/example_params_ui_tutorial.py
[2024-09-12T01:46:56.663-0300] {processor.py:914} INFO - Processing file /home/gabzarp/.local/lib/python3.10/site-packages/airflow/example_dags/example_params_ui_tutorial.py for tasks to queue
[2024-09-12T01:46:56.665-0300] {logging_mixin.py:190} INFO - [2024-09-12T01:46:56.664-0300] {dagbag.py:587} INFO - Filling up the DagBag from /home/gabzarp/.local/lib/python3.10/site-packages/airflow/example_dags/example_params_ui_tutorial.py
[2024-09-12T01:46:56.671-0300] {processor.py:925} INFO - DAG(s) 'example_params_ui_tutorial' retrieved from /home/gabzarp/.local/lib/python3.10/site-packages/airflow/example_dags/example_params_ui_tutorial.py
[2024-09-12T01:46:56.701-0300] {logging_mixin.py:190} INFO - [2024-09-12T01:46:56.701-0300] {dag.py:3229} INFO - Sync 1 DAGs
[2024-09-12T01:46:56.709-0300] {logging_mixin.py:190} INFO - [2024-09-12T01:46:56.709-0300] {dag.py:4156} INFO - Setting next_dagrun for example_params_ui_tutorial to None, run_after=None
[2024-09-12T01:46:56.724-0300] {processor.py:208} INFO - Processing /home/gabzarp/.local/lib/python3.10/site-packages/airflow/example_dags/example_params_ui_tutorial.py took 0.065 seconds
[2024-09-12T01:48:08.582-0300] {processor.py:186} INFO - Started process (PID=6543) to work on /home/gabzarp/.local/lib/python3.10/site-packages/airflow/example_dags/example_params_ui_tutorial.py
[2024-09-12T01:48:08.583-0300] {processor.py:914} INFO - Processing file /home/gabzarp/.local/lib/python3.10/site-packages/airflow/example_dags/example_params_ui_tutorial.py for tasks to queue
[2024-09-12T01:48:08.584-0300] {logging_mixin.py:190} INFO - [2024-09-12T01:48:08.584-0300] {dagbag.py:587} INFO - Filling up the DagBag from /home/gabzarp/.local/lib/python3.10/site-packages/airflow/example_dags/example_params_ui_tutorial.py
[2024-09-12T01:48:08.590-0300] {processor.py:925} INFO - DAG(s) 'example_params_ui_tutorial' retrieved from /home/gabzarp/.local/lib/python3.10/site-packages/airflow/example_dags/example_params_ui_tutorial.py
[2024-09-12T01:48:08.620-0300] {logging_mixin.py:190} INFO - [2024-09-12T01:48:08.619-0300] {dag.py:3229} INFO - Sync 1 DAGs
[2024-09-12T01:48:08.628-0300] {logging_mixin.py:190} INFO - [2024-09-12T01:48:08.628-0300] {dag.py:4156} INFO - Setting next_dagrun for example_params_ui_tutorial to None, run_after=None
[2024-09-12T01:48:08.643-0300] {processor.py:208} INFO - Processing /home/gabzarp/.local/lib/python3.10/site-packages/airflow/example_dags/example_params_ui_tutorial.py took 0.065 seconds
[2024-09-12T01:49:25.061-0300] {processor.py:186} INFO - Started process (PID=7286) to work on /home/gabzarp/.local/lib/python3.10/site-packages/airflow/example_dags/example_params_ui_tutorial.py
[2024-09-12T01:49:25.062-0300] {processor.py:914} INFO - Processing file /home/gabzarp/.local/lib/python3.10/site-packages/airflow/example_dags/example_params_ui_tutorial.py for tasks to queue
[2024-09-12T01:49:25.063-0300] {logging_mixin.py:190} INFO - [2024-09-12T01:49:25.063-0300] {dagbag.py:587} INFO - Filling up the DagBag from /home/gabzarp/.local/lib/python3.10/site-packages/airflow/example_dags/example_params_ui_tutorial.py
[2024-09-12T01:49:25.070-0300] {processor.py:925} INFO - DAG(s) 'example_params_ui_tutorial' retrieved from /home/gabzarp/.local/lib/python3.10/site-packages/airflow/example_dags/example_params_ui_tutorial.py
[2024-09-12T01:49:25.103-0300] {logging_mixin.py:190} INFO - [2024-09-12T01:49:25.103-0300] {dag.py:3229} INFO - Sync 1 DAGs
[2024-09-12T01:49:25.112-0300] {logging_mixin.py:190} INFO - [2024-09-12T01:49:25.112-0300] {dag.py:4156} INFO - Setting next_dagrun for example_params_ui_tutorial to None, run_after=None
[2024-09-12T01:49:25.129-0300] {processor.py:208} INFO - Processing /home/gabzarp/.local/lib/python3.10/site-packages/airflow/example_dags/example_params_ui_tutorial.py took 0.072 seconds
[2024-09-12T01:50:38.035-0300] {processor.py:186} INFO - Started process (PID=7955) to work on /home/gabzarp/.local/lib/python3.10/site-packages/airflow/example_dags/example_params_ui_tutorial.py
[2024-09-12T01:50:38.035-0300] {processor.py:914} INFO - Processing file /home/gabzarp/.local/lib/python3.10/site-packages/airflow/example_dags/example_params_ui_tutorial.py for tasks to queue
[2024-09-12T01:50:38.036-0300] {logging_mixin.py:190} INFO - [2024-09-12T01:50:38.036-0300] {dagbag.py:587} INFO - Filling up the DagBag from /home/gabzarp/.local/lib/python3.10/site-packages/airflow/example_dags/example_params_ui_tutorial.py
[2024-09-12T01:50:38.042-0300] {processor.py:925} INFO - DAG(s) 'example_params_ui_tutorial' retrieved from /home/gabzarp/.local/lib/python3.10/site-packages/airflow/example_dags/example_params_ui_tutorial.py
[2024-09-12T01:50:38.071-0300] {logging_mixin.py:190} INFO - [2024-09-12T01:50:38.071-0300] {dag.py:3229} INFO - Sync 1 DAGs
[2024-09-12T01:50:38.079-0300] {logging_mixin.py:190} INFO - [2024-09-12T01:50:38.079-0300] {dag.py:4156} INFO - Setting next_dagrun for example_params_ui_tutorial to None, run_after=None
[2024-09-12T01:50:38.093-0300] {processor.py:208} INFO - Processing /home/gabzarp/.local/lib/python3.10/site-packages/airflow/example_dags/example_params_ui_tutorial.py took 0.062 seconds
[2024-09-12T01:51:51.140-0300] {processor.py:186} INFO - Started process (PID=8649) to work on /home/gabzarp/.local/lib/python3.10/site-packages/airflow/example_dags/example_params_ui_tutorial.py
[2024-09-12T01:51:51.141-0300] {processor.py:914} INFO - Processing file /home/gabzarp/.local/lib/python3.10/site-packages/airflow/example_dags/example_params_ui_tutorial.py for tasks to queue
[2024-09-12T01:51:51.142-0300] {logging_mixin.py:190} INFO - [2024-09-12T01:51:51.141-0300] {dagbag.py:587} INFO - Filling up the DagBag from /home/gabzarp/.local/lib/python3.10/site-packages/airflow/example_dags/example_params_ui_tutorial.py
[2024-09-12T01:51:51.148-0300] {processor.py:925} INFO - DAG(s) 'example_params_ui_tutorial' retrieved from /home/gabzarp/.local/lib/python3.10/site-packages/airflow/example_dags/example_params_ui_tutorial.py
[2024-09-12T01:51:51.176-0300] {logging_mixin.py:190} INFO - [2024-09-12T01:51:51.175-0300] {dag.py:3229} INFO - Sync 1 DAGs
[2024-09-12T01:51:51.184-0300] {logging_mixin.py:190} INFO - [2024-09-12T01:51:51.184-0300] {dag.py:4156} INFO - Setting next_dagrun for example_params_ui_tutorial to None, run_after=None
[2024-09-12T01:51:51.231-0300] {processor.py:208} INFO - Processing /home/gabzarp/.local/lib/python3.10/site-packages/airflow/example_dags/example_params_ui_tutorial.py took 0.095 seconds
[2024-09-12T01:53:09.948-0300] {processor.py:186} INFO - Started process (PID=9456) to work on /home/gabzarp/.local/lib/python3.10/site-packages/airflow/example_dags/example_params_ui_tutorial.py
[2024-09-12T01:53:09.949-0300] {processor.py:914} INFO - Processing file /home/gabzarp/.local/lib/python3.10/site-packages/airflow/example_dags/example_params_ui_tutorial.py for tasks to queue
[2024-09-12T01:53:09.950-0300] {logging_mixin.py:190} INFO - [2024-09-12T01:53:09.950-0300] {dagbag.py:587} INFO - Filling up the DagBag from /home/gabzarp/.local/lib/python3.10/site-packages/airflow/example_dags/example_params_ui_tutorial.py
[2024-09-12T01:53:09.957-0300] {processor.py:925} INFO - DAG(s) 'example_params_ui_tutorial' retrieved from /home/gabzarp/.local/lib/python3.10/site-packages/airflow/example_dags/example_params_ui_tutorial.py
[2024-09-12T01:53:09.990-0300] {logging_mixin.py:190} INFO - [2024-09-12T01:53:09.990-0300] {dag.py:3229} INFO - Sync 1 DAGs
[2024-09-12T01:53:09.998-0300] {logging_mixin.py:190} INFO - [2024-09-12T01:53:09.998-0300] {dag.py:4156} INFO - Setting next_dagrun for example_params_ui_tutorial to None, run_after=None
[2024-09-12T01:53:10.016-0300] {processor.py:208} INFO - Processing /home/gabzarp/.local/lib/python3.10/site-packages/airflow/example_dags/example_params_ui_tutorial.py took 0.071 seconds
[2024-09-12T01:54:01.643-0300] {processor.py:186} INFO - Started process (PID=9890) to work on /home/gabzarp/.local/lib/python3.10/site-packages/airflow/example_dags/example_params_ui_tutorial.py
[2024-09-12T01:54:01.644-0300] {processor.py:914} INFO - Processing file /home/gabzarp/.local/lib/python3.10/site-packages/airflow/example_dags/example_params_ui_tutorial.py for tasks to queue
[2024-09-12T01:54:01.645-0300] {logging_mixin.py:190} INFO - [2024-09-12T01:54:01.644-0300] {dagbag.py:587} INFO - Filling up the DagBag from /home/gabzarp/.local/lib/python3.10/site-packages/airflow/example_dags/example_params_ui_tutorial.py
[2024-09-12T01:54:01.650-0300] {processor.py:925} INFO - DAG(s) 'example_params_ui_tutorial' retrieved from /home/gabzarp/.local/lib/python3.10/site-packages/airflow/example_dags/example_params_ui_tutorial.py
[2024-09-12T01:54:01.678-0300] {logging_mixin.py:190} INFO - [2024-09-12T01:54:01.678-0300] {dag.py:3229} INFO - Sync 1 DAGs
[2024-09-12T01:54:01.686-0300] {logging_mixin.py:190} INFO - [2024-09-12T01:54:01.686-0300] {dag.py:4156} INFO - Setting next_dagrun for example_params_ui_tutorial to None, run_after=None
[2024-09-12T01:54:01.711-0300] {processor.py:208} INFO - Processing /home/gabzarp/.local/lib/python3.10/site-packages/airflow/example_dags/example_params_ui_tutorial.py took 0.072 seconds
[2024-09-12T01:55:18.887-0300] {processor.py:186} INFO - Started process (PID=10507) to work on /home/gabzarp/.local/lib/python3.10/site-packages/airflow/example_dags/example_params_ui_tutorial.py
[2024-09-12T01:55:18.899-0300] {processor.py:914} INFO - Processing file /home/gabzarp/.local/lib/python3.10/site-packages/airflow/example_dags/example_params_ui_tutorial.py for tasks to queue
[2024-09-12T01:55:18.900-0300] {logging_mixin.py:190} INFO - [2024-09-12T01:55:18.900-0300] {dagbag.py:587} INFO - Filling up the DagBag from /home/gabzarp/.local/lib/python3.10/site-packages/airflow/example_dags/example_params_ui_tutorial.py
[2024-09-12T01:55:18.906-0300] {processor.py:925} INFO - DAG(s) 'example_params_ui_tutorial' retrieved from /home/gabzarp/.local/lib/python3.10/site-packages/airflow/example_dags/example_params_ui_tutorial.py
[2024-09-12T01:55:18.934-0300] {logging_mixin.py:190} INFO - [2024-09-12T01:55:18.934-0300] {dag.py:3229} INFO - Sync 1 DAGs
[2024-09-12T01:55:18.942-0300] {logging_mixin.py:190} INFO - [2024-09-12T01:55:18.942-0300] {dag.py:4156} INFO - Setting next_dagrun for example_params_ui_tutorial to None, run_after=None
[2024-09-12T01:55:19.010-0300] {processor.py:208} INFO - Processing /home/gabzarp/.local/lib/python3.10/site-packages/airflow/example_dags/example_params_ui_tutorial.py took 0.126 seconds
[2024-09-12T01:56:12.274-0300] {processor.py:186} INFO - Started process (PID=10954) to work on /home/gabzarp/.local/lib/python3.10/site-packages/airflow/example_dags/example_params_ui_tutorial.py
[2024-09-12T01:56:12.275-0300] {processor.py:914} INFO - Processing file /home/gabzarp/.local/lib/python3.10/site-packages/airflow/example_dags/example_params_ui_tutorial.py for tasks to queue
[2024-09-12T01:56:12.276-0300] {logging_mixin.py:190} INFO - [2024-09-12T01:56:12.276-0300] {dagbag.py:587} INFO - Filling up the DagBag from /home/gabzarp/.local/lib/python3.10/site-packages/airflow/example_dags/example_params_ui_tutorial.py
[2024-09-12T01:56:12.282-0300] {processor.py:925} INFO - DAG(s) 'example_params_ui_tutorial' retrieved from /home/gabzarp/.local/lib/python3.10/site-packages/airflow/example_dags/example_params_ui_tutorial.py
[2024-09-12T01:56:12.310-0300] {logging_mixin.py:190} INFO - [2024-09-12T01:56:12.309-0300] {dag.py:3229} INFO - Sync 1 DAGs
[2024-09-12T01:56:12.317-0300] {logging_mixin.py:190} INFO - [2024-09-12T01:56:12.317-0300] {dag.py:4156} INFO - Setting next_dagrun for example_params_ui_tutorial to None, run_after=None
[2024-09-12T01:56:12.379-0300] {processor.py:208} INFO - Processing /home/gabzarp/.local/lib/python3.10/site-packages/airflow/example_dags/example_params_ui_tutorial.py took 0.108 seconds
[2024-09-12T01:57:07.233-0300] {processor.py:186} INFO - Started process (PID=11433) to work on /home/gabzarp/.local/lib/python3.10/site-packages/airflow/example_dags/example_params_ui_tutorial.py
[2024-09-12T01:57:07.234-0300] {processor.py:914} INFO - Processing file /home/gabzarp/.local/lib/python3.10/site-packages/airflow/example_dags/example_params_ui_tutorial.py for tasks to queue
[2024-09-12T01:57:07.235-0300] {logging_mixin.py:190} INFO - [2024-09-12T01:57:07.235-0300] {dagbag.py:587} INFO - Filling up the DagBag from /home/gabzarp/.local/lib/python3.10/site-packages/airflow/example_dags/example_params_ui_tutorial.py
[2024-09-12T01:57:07.240-0300] {processor.py:925} INFO - DAG(s) 'example_params_ui_tutorial' retrieved from /home/gabzarp/.local/lib/python3.10/site-packages/airflow/example_dags/example_params_ui_tutorial.py
[2024-09-12T01:57:07.269-0300] {logging_mixin.py:190} INFO - [2024-09-12T01:57:07.268-0300] {dag.py:3229} INFO - Sync 1 DAGs
[2024-09-12T01:57:07.276-0300] {logging_mixin.py:190} INFO - [2024-09-12T01:57:07.276-0300] {dag.py:4156} INFO - Setting next_dagrun for example_params_ui_tutorial to None, run_after=None
[2024-09-12T01:57:07.330-0300] {processor.py:208} INFO - Processing /home/gabzarp/.local/lib/python3.10/site-packages/airflow/example_dags/example_params_ui_tutorial.py took 0.101 seconds
[2024-09-12T01:58:00.531-0300] {processor.py:186} INFO - Started process (PID=11854) to work on /home/gabzarp/.local/lib/python3.10/site-packages/airflow/example_dags/example_params_ui_tutorial.py
[2024-09-12T01:58:00.533-0300] {processor.py:914} INFO - Processing file /home/gabzarp/.local/lib/python3.10/site-packages/airflow/example_dags/example_params_ui_tutorial.py for tasks to queue
[2024-09-12T01:58:00.534-0300] {logging_mixin.py:190} INFO - [2024-09-12T01:58:00.533-0300] {dagbag.py:587} INFO - Filling up the DagBag from /home/gabzarp/.local/lib/python3.10/site-packages/airflow/example_dags/example_params_ui_tutorial.py
[2024-09-12T01:58:00.540-0300] {processor.py:925} INFO - DAG(s) 'example_params_ui_tutorial' retrieved from /home/gabzarp/.local/lib/python3.10/site-packages/airflow/example_dags/example_params_ui_tutorial.py
[2024-09-12T01:58:00.569-0300] {logging_mixin.py:190} INFO - [2024-09-12T01:58:00.569-0300] {dag.py:3229} INFO - Sync 1 DAGs
[2024-09-12T01:58:00.576-0300] {logging_mixin.py:190} INFO - [2024-09-12T01:58:00.576-0300] {dag.py:4156} INFO - Setting next_dagrun for example_params_ui_tutorial to None, run_after=None
[2024-09-12T01:58:00.591-0300] {processor.py:208} INFO - Processing /home/gabzarp/.local/lib/python3.10/site-packages/airflow/example_dags/example_params_ui_tutorial.py took 0.064 seconds
[2024-09-12T01:58:54.366-0300] {processor.py:186} INFO - Started process (PID=12283) to work on /home/gabzarp/.local/lib/python3.10/site-packages/airflow/example_dags/example_params_ui_tutorial.py
[2024-09-12T01:58:54.367-0300] {processor.py:914} INFO - Processing file /home/gabzarp/.local/lib/python3.10/site-packages/airflow/example_dags/example_params_ui_tutorial.py for tasks to queue
[2024-09-12T01:58:54.368-0300] {logging_mixin.py:190} INFO - [2024-09-12T01:58:54.367-0300] {dagbag.py:587} INFO - Filling up the DagBag from /home/gabzarp/.local/lib/python3.10/site-packages/airflow/example_dags/example_params_ui_tutorial.py
[2024-09-12T01:58:54.373-0300] {processor.py:925} INFO - DAG(s) 'example_params_ui_tutorial' retrieved from /home/gabzarp/.local/lib/python3.10/site-packages/airflow/example_dags/example_params_ui_tutorial.py
[2024-09-12T01:58:54.401-0300] {logging_mixin.py:190} INFO - [2024-09-12T01:58:54.401-0300] {dag.py:3229} INFO - Sync 1 DAGs
[2024-09-12T01:58:54.408-0300] {logging_mixin.py:190} INFO - [2024-09-12T01:58:54.408-0300] {dag.py:4156} INFO - Setting next_dagrun for example_params_ui_tutorial to None, run_after=None
[2024-09-12T01:58:54.423-0300] {processor.py:208} INFO - Processing /home/gabzarp/.local/lib/python3.10/site-packages/airflow/example_dags/example_params_ui_tutorial.py took 0.060 seconds
[2024-09-12T01:59:46.880-0300] {processor.py:186} INFO - Started process (PID=12696) to work on /home/gabzarp/.local/lib/python3.10/site-packages/airflow/example_dags/example_params_ui_tutorial.py
[2024-09-12T01:59:46.881-0300] {processor.py:914} INFO - Processing file /home/gabzarp/.local/lib/python3.10/site-packages/airflow/example_dags/example_params_ui_tutorial.py for tasks to queue
[2024-09-12T01:59:46.882-0300] {logging_mixin.py:190} INFO - [2024-09-12T01:59:46.881-0300] {dagbag.py:587} INFO - Filling up the DagBag from /home/gabzarp/.local/lib/python3.10/site-packages/airflow/example_dags/example_params_ui_tutorial.py
[2024-09-12T01:59:46.888-0300] {processor.py:925} INFO - DAG(s) 'example_params_ui_tutorial' retrieved from /home/gabzarp/.local/lib/python3.10/site-packages/airflow/example_dags/example_params_ui_tutorial.py
[2024-09-12T01:59:46.929-0300] {logging_mixin.py:190} INFO - [2024-09-12T01:59:46.929-0300] {dag.py:3229} INFO - Sync 1 DAGs
[2024-09-12T01:59:46.943-0300] {logging_mixin.py:190} INFO - [2024-09-12T01:59:46.942-0300] {dag.py:4156} INFO - Setting next_dagrun for example_params_ui_tutorial to None, run_after=None
[2024-09-12T01:59:46.966-0300] {processor.py:208} INFO - Processing /home/gabzarp/.local/lib/python3.10/site-packages/airflow/example_dags/example_params_ui_tutorial.py took 0.091 seconds
[2024-09-12T02:01:03.672-0300] {processor.py:186} INFO - Started process (PID=13438) to work on /home/gabzarp/.local/lib/python3.10/site-packages/airflow/example_dags/example_params_ui_tutorial.py
[2024-09-12T02:01:03.673-0300] {processor.py:914} INFO - Processing file /home/gabzarp/.local/lib/python3.10/site-packages/airflow/example_dags/example_params_ui_tutorial.py for tasks to queue
[2024-09-12T02:01:03.674-0300] {logging_mixin.py:190} INFO - [2024-09-12T02:01:03.674-0300] {dagbag.py:587} INFO - Filling up the DagBag from /home/gabzarp/.local/lib/python3.10/site-packages/airflow/example_dags/example_params_ui_tutorial.py
[2024-09-12T02:01:03.680-0300] {processor.py:925} INFO - DAG(s) 'example_params_ui_tutorial' retrieved from /home/gabzarp/.local/lib/python3.10/site-packages/airflow/example_dags/example_params_ui_tutorial.py
[2024-09-12T02:01:03.710-0300] {logging_mixin.py:190} INFO - [2024-09-12T02:01:03.710-0300] {dag.py:3229} INFO - Sync 1 DAGs
[2024-09-12T02:01:03.719-0300] {logging_mixin.py:190} INFO - [2024-09-12T02:01:03.719-0300] {dag.py:4156} INFO - Setting next_dagrun for example_params_ui_tutorial to None, run_after=None
[2024-09-12T02:01:03.772-0300] {processor.py:208} INFO - Processing /home/gabzarp/.local/lib/python3.10/site-packages/airflow/example_dags/example_params_ui_tutorial.py took 0.104 seconds
[2024-09-12T02:01:55.158-0300] {processor.py:186} INFO - Started process (PID=13865) to work on /home/gabzarp/.local/lib/python3.10/site-packages/airflow/example_dags/example_params_ui_tutorial.py
[2024-09-12T02:01:55.158-0300] {processor.py:914} INFO - Processing file /home/gabzarp/.local/lib/python3.10/site-packages/airflow/example_dags/example_params_ui_tutorial.py for tasks to queue
[2024-09-12T02:01:55.159-0300] {logging_mixin.py:190} INFO - [2024-09-12T02:01:55.159-0300] {dagbag.py:587} INFO - Filling up the DagBag from /home/gabzarp/.local/lib/python3.10/site-packages/airflow/example_dags/example_params_ui_tutorial.py
[2024-09-12T02:01:55.165-0300] {processor.py:925} INFO - DAG(s) 'example_params_ui_tutorial' retrieved from /home/gabzarp/.local/lib/python3.10/site-packages/airflow/example_dags/example_params_ui_tutorial.py
[2024-09-12T02:01:55.193-0300] {logging_mixin.py:190} INFO - [2024-09-12T02:01:55.193-0300] {dag.py:3229} INFO - Sync 1 DAGs
[2024-09-12T02:01:55.200-0300] {logging_mixin.py:190} INFO - [2024-09-12T02:01:55.200-0300] {dag.py:4156} INFO - Setting next_dagrun for example_params_ui_tutorial to None, run_after=None
[2024-09-12T02:01:55.215-0300] {processor.py:208} INFO - Processing /home/gabzarp/.local/lib/python3.10/site-packages/airflow/example_dags/example_params_ui_tutorial.py took 0.061 seconds
[2024-09-12T02:03:05.992-0300] {processor.py:186} INFO - Started process (PID=14467) to work on /home/gabzarp/.local/lib/python3.10/site-packages/airflow/example_dags/example_params_ui_tutorial.py
[2024-09-12T02:03:05.993-0300] {processor.py:914} INFO - Processing file /home/gabzarp/.local/lib/python3.10/site-packages/airflow/example_dags/example_params_ui_tutorial.py for tasks to queue
[2024-09-12T02:03:05.994-0300] {logging_mixin.py:190} INFO - [2024-09-12T02:03:05.994-0300] {dagbag.py:587} INFO - Filling up the DagBag from /home/gabzarp/.local/lib/python3.10/site-packages/airflow/example_dags/example_params_ui_tutorial.py
[2024-09-12T02:03:06.000-0300] {processor.py:925} INFO - DAG(s) 'example_params_ui_tutorial' retrieved from /home/gabzarp/.local/lib/python3.10/site-packages/airflow/example_dags/example_params_ui_tutorial.py
[2024-09-12T02:03:06.076-0300] {logging_mixin.py:190} INFO - [2024-09-12T02:03:06.076-0300] {dag.py:3229} INFO - Sync 1 DAGs
[2024-09-12T02:03:06.083-0300] {logging_mixin.py:190} INFO - [2024-09-12T02:03:06.083-0300] {dag.py:3252} INFO - Creating ORM DAG for example_params_ui_tutorial
[2024-09-12T02:03:06.083-0300] {logging_mixin.py:190} INFO - [2024-09-12T02:03:06.083-0300] {dag.py:4156} INFO - Setting next_dagrun for example_params_ui_tutorial to None, run_after=None
[2024-09-12T02:03:06.098-0300] {processor.py:208} INFO - Processing /home/gabzarp/.local/lib/python3.10/site-packages/airflow/example_dags/example_params_ui_tutorial.py took 0.109 seconds
[2024-09-12T02:04:24.272-0300] {processor.py:186} INFO - Started process (PID=15091) to work on /home/gabzarp/.local/lib/python3.10/site-packages/airflow/example_dags/example_params_ui_tutorial.py
[2024-09-12T02:04:24.273-0300] {processor.py:914} INFO - Processing file /home/gabzarp/.local/lib/python3.10/site-packages/airflow/example_dags/example_params_ui_tutorial.py for tasks to queue
[2024-09-12T02:04:24.274-0300] {logging_mixin.py:190} INFO - [2024-09-12T02:04:24.274-0300] {dagbag.py:587} INFO - Filling up the DagBag from /home/gabzarp/.local/lib/python3.10/site-packages/airflow/example_dags/example_params_ui_tutorial.py
[2024-09-12T02:04:24.279-0300] {processor.py:925} INFO - DAG(s) 'example_params_ui_tutorial' retrieved from /home/gabzarp/.local/lib/python3.10/site-packages/airflow/example_dags/example_params_ui_tutorial.py
[2024-09-12T02:04:24.309-0300] {logging_mixin.py:190} INFO - [2024-09-12T02:04:24.308-0300] {dag.py:3229} INFO - Sync 1 DAGs
[2024-09-12T02:04:24.318-0300] {logging_mixin.py:190} INFO - [2024-09-12T02:04:24.318-0300] {dag.py:4156} INFO - Setting next_dagrun for example_params_ui_tutorial to None, run_after=None
[2024-09-12T02:04:24.333-0300] {processor.py:208} INFO - Processing /home/gabzarp/.local/lib/python3.10/site-packages/airflow/example_dags/example_params_ui_tutorial.py took 0.065 seconds
[2024-09-12T02:05:18.542-0300] {processor.py:186} INFO - Started process (PID=15515) to work on /home/gabzarp/.local/lib/python3.10/site-packages/airflow/example_dags/example_params_ui_tutorial.py
[2024-09-12T02:05:18.543-0300] {processor.py:914} INFO - Processing file /home/gabzarp/.local/lib/python3.10/site-packages/airflow/example_dags/example_params_ui_tutorial.py for tasks to queue
[2024-09-12T02:05:18.544-0300] {logging_mixin.py:190} INFO - [2024-09-12T02:05:18.544-0300] {dagbag.py:587} INFO - Filling up the DagBag from /home/gabzarp/.local/lib/python3.10/site-packages/airflow/example_dags/example_params_ui_tutorial.py
[2024-09-12T02:05:18.550-0300] {processor.py:925} INFO - DAG(s) 'example_params_ui_tutorial' retrieved from /home/gabzarp/.local/lib/python3.10/site-packages/airflow/example_dags/example_params_ui_tutorial.py
[2024-09-12T02:05:18.580-0300] {logging_mixin.py:190} INFO - [2024-09-12T02:05:18.580-0300] {dag.py:3229} INFO - Sync 1 DAGs
[2024-09-12T02:05:18.588-0300] {logging_mixin.py:190} INFO - [2024-09-12T02:05:18.587-0300] {dag.py:4156} INFO - Setting next_dagrun for example_params_ui_tutorial to None, run_after=None
[2024-09-12T02:05:18.603-0300] {processor.py:208} INFO - Processing /home/gabzarp/.local/lib/python3.10/site-packages/airflow/example_dags/example_params_ui_tutorial.py took 0.065 seconds
[2024-09-12T02:06:35.594-0300] {processor.py:186} INFO - Started process (PID=16126) to work on /home/gabzarp/.local/lib/python3.10/site-packages/airflow/example_dags/example_params_ui_tutorial.py
[2024-09-12T02:06:35.595-0300] {processor.py:914} INFO - Processing file /home/gabzarp/.local/lib/python3.10/site-packages/airflow/example_dags/example_params_ui_tutorial.py for tasks to queue
[2024-09-12T02:06:35.596-0300] {logging_mixin.py:190} INFO - [2024-09-12T02:06:35.595-0300] {dagbag.py:587} INFO - Filling up the DagBag from /home/gabzarp/.local/lib/python3.10/site-packages/airflow/example_dags/example_params_ui_tutorial.py
[2024-09-12T02:06:35.601-0300] {processor.py:925} INFO - DAG(s) 'example_params_ui_tutorial' retrieved from /home/gabzarp/.local/lib/python3.10/site-packages/airflow/example_dags/example_params_ui_tutorial.py
[2024-09-12T02:06:35.631-0300] {logging_mixin.py:190} INFO - [2024-09-12T02:06:35.630-0300] {dag.py:3229} INFO - Sync 1 DAGs
[2024-09-12T02:06:35.639-0300] {logging_mixin.py:190} INFO - [2024-09-12T02:06:35.639-0300] {dag.py:4156} INFO - Setting next_dagrun for example_params_ui_tutorial to None, run_after=None
[2024-09-12T02:06:35.654-0300] {processor.py:208} INFO - Processing /home/gabzarp/.local/lib/python3.10/site-packages/airflow/example_dags/example_params_ui_tutorial.py took 0.064 seconds
[2024-09-12T02:07:45.880-0300] {processor.py:186} INFO - Started process (PID=16681) to work on /home/gabzarp/.local/lib/python3.10/site-packages/airflow/example_dags/example_params_ui_tutorial.py
[2024-09-12T02:07:45.881-0300] {processor.py:914} INFO - Processing file /home/gabzarp/.local/lib/python3.10/site-packages/airflow/example_dags/example_params_ui_tutorial.py for tasks to queue
[2024-09-12T02:07:45.882-0300] {logging_mixin.py:190} INFO - [2024-09-12T02:07:45.881-0300] {dagbag.py:587} INFO - Filling up the DagBag from /home/gabzarp/.local/lib/python3.10/site-packages/airflow/example_dags/example_params_ui_tutorial.py
[2024-09-12T02:07:45.887-0300] {processor.py:925} INFO - DAG(s) 'example_params_ui_tutorial' retrieved from /home/gabzarp/.local/lib/python3.10/site-packages/airflow/example_dags/example_params_ui_tutorial.py
[2024-09-12T02:07:45.918-0300] {logging_mixin.py:190} INFO - [2024-09-12T02:07:45.918-0300] {dag.py:3229} INFO - Sync 1 DAGs
[2024-09-12T02:07:45.926-0300] {logging_mixin.py:190} INFO - [2024-09-12T02:07:45.926-0300] {dag.py:4156} INFO - Setting next_dagrun for example_params_ui_tutorial to None, run_after=None
[2024-09-12T02:07:45.941-0300] {processor.py:208} INFO - Processing /home/gabzarp/.local/lib/python3.10/site-packages/airflow/example_dags/example_params_ui_tutorial.py took 0.065 seconds
[2024-09-12T02:08:37.773-0300] {processor.py:186} INFO - Started process (PID=17089) to work on /home/gabzarp/.local/lib/python3.10/site-packages/airflow/example_dags/example_params_ui_tutorial.py
[2024-09-12T02:08:37.774-0300] {processor.py:914} INFO - Processing file /home/gabzarp/.local/lib/python3.10/site-packages/airflow/example_dags/example_params_ui_tutorial.py for tasks to queue
[2024-09-12T02:08:37.775-0300] {logging_mixin.py:190} INFO - [2024-09-12T02:08:37.775-0300] {dagbag.py:587} INFO - Filling up the DagBag from /home/gabzarp/.local/lib/python3.10/site-packages/airflow/example_dags/example_params_ui_tutorial.py
[2024-09-12T02:08:37.781-0300] {processor.py:925} INFO - DAG(s) 'example_params_ui_tutorial' retrieved from /home/gabzarp/.local/lib/python3.10/site-packages/airflow/example_dags/example_params_ui_tutorial.py
[2024-09-12T02:08:37.814-0300] {logging_mixin.py:190} INFO - [2024-09-12T02:08:37.814-0300] {dag.py:3229} INFO - Sync 1 DAGs
[2024-09-12T02:08:37.825-0300] {logging_mixin.py:190} INFO - [2024-09-12T02:08:37.824-0300] {dag.py:4156} INFO - Setting next_dagrun for example_params_ui_tutorial to None, run_after=None
[2024-09-12T02:08:37.843-0300] {processor.py:208} INFO - Processing /home/gabzarp/.local/lib/python3.10/site-packages/airflow/example_dags/example_params_ui_tutorial.py took 0.074 seconds
[2024-09-12T02:09:29.106-0300] {processor.py:186} INFO - Started process (PID=17525) to work on /home/gabzarp/.local/lib/python3.10/site-packages/airflow/example_dags/example_params_ui_tutorial.py
[2024-09-12T02:09:29.107-0300] {processor.py:914} INFO - Processing file /home/gabzarp/.local/lib/python3.10/site-packages/airflow/example_dags/example_params_ui_tutorial.py for tasks to queue
[2024-09-12T02:09:29.108-0300] {logging_mixin.py:190} INFO - [2024-09-12T02:09:29.108-0300] {dagbag.py:587} INFO - Filling up the DagBag from /home/gabzarp/.local/lib/python3.10/site-packages/airflow/example_dags/example_params_ui_tutorial.py
[2024-09-12T02:09:29.114-0300] {processor.py:925} INFO - DAG(s) 'example_params_ui_tutorial' retrieved from /home/gabzarp/.local/lib/python3.10/site-packages/airflow/example_dags/example_params_ui_tutorial.py
[2024-09-12T02:09:29.142-0300] {logging_mixin.py:190} INFO - [2024-09-12T02:09:29.142-0300] {dag.py:3229} INFO - Sync 1 DAGs
[2024-09-12T02:09:29.150-0300] {logging_mixin.py:190} INFO - [2024-09-12T02:09:29.150-0300] {dag.py:4156} INFO - Setting next_dagrun for example_params_ui_tutorial to None, run_after=None
[2024-09-12T02:09:29.166-0300] {processor.py:208} INFO - Processing /home/gabzarp/.local/lib/python3.10/site-packages/airflow/example_dags/example_params_ui_tutorial.py took 0.064 seconds
