[2024-09-12T01:39:51.112-0300] {processor.py:186} INFO - Started process (PID=2682) to work on /home/gabzarp/.local/lib/python3.10/site-packages/airflow/example_dags/example_outlet_event_extra.py
[2024-09-12T01:39:51.112-0300] {processor.py:914} INFO - Processing file /home/gabzarp/.local/lib/python3.10/site-packages/airflow/example_dags/example_outlet_event_extra.py for tasks to queue
[2024-09-12T01:39:51.114-0300] {logging_mixin.py:190} INFO - [2024-09-12T01:39:51.113-0300] {dagbag.py:587} INFO - Filling up the DagBag from /home/gabzarp/.local/lib/python3.10/site-packages/airflow/example_dags/example_outlet_event_extra.py
[2024-09-12T01:39:51.121-0300] {processor.py:925} INFO - DAG(s) 'dataset_with_extra_by_yield', 'dataset_with_extra_from_classic_operator', 'dataset_with_extra_by_context' retrieved from /home/gabzarp/.local/lib/python3.10/site-packages/airflow/example_dags/example_outlet_event_extra.py
[2024-09-12T01:39:51.188-0300] {logging_mixin.py:190} INFO - [2024-09-12T01:39:51.187-0300] {override.py:1900} INFO - Created Permission View: can edit on DAG:dataset_with_extra_by_yield
[2024-09-12T01:39:51.198-0300] {logging_mixin.py:190} INFO - [2024-09-12T01:39:51.197-0300] {override.py:1900} INFO - Created Permission View: can read on DAG:dataset_with_extra_by_yield
[2024-09-12T01:39:51.205-0300] {logging_mixin.py:190} INFO - [2024-09-12T01:39:51.204-0300] {override.py:1900} INFO - Created Permission View: can delete on DAG:dataset_with_extra_by_yield
[2024-09-12T01:39:51.216-0300] {logging_mixin.py:190} INFO - [2024-09-12T01:39:51.215-0300] {override.py:1900} INFO - Created Permission View: can read on DAG Run:dataset_with_extra_by_yield
[2024-09-12T01:39:51.222-0300] {logging_mixin.py:190} INFO - [2024-09-12T01:39:51.222-0300] {override.py:1900} INFO - Created Permission View: can create on DAG Run:dataset_with_extra_by_yield
[2024-09-12T01:39:51.228-0300] {logging_mixin.py:190} INFO - [2024-09-12T01:39:51.228-0300] {override.py:1900} INFO - Created Permission View: menu access on DAG Run:dataset_with_extra_by_yield
[2024-09-12T01:39:51.235-0300] {logging_mixin.py:190} INFO - [2024-09-12T01:39:51.234-0300] {override.py:1900} INFO - Created Permission View: can delete on DAG Run:dataset_with_extra_by_yield
[2024-09-12T01:39:51.251-0300] {logging_mixin.py:190} INFO - [2024-09-12T01:39:51.251-0300] {override.py:1900} INFO - Created Permission View: can edit on DAG:dataset_with_extra_from_classic_operator
[2024-09-12T01:39:51.258-0300] {logging_mixin.py:190} INFO - [2024-09-12T01:39:51.258-0300] {override.py:1900} INFO - Created Permission View: can read on DAG:dataset_with_extra_from_classic_operator
[2024-09-12T01:39:51.265-0300] {logging_mixin.py:190} INFO - [2024-09-12T01:39:51.265-0300] {override.py:1900} INFO - Created Permission View: can delete on DAG:dataset_with_extra_from_classic_operator
[2024-09-12T01:39:51.275-0300] {logging_mixin.py:190} INFO - [2024-09-12T01:39:51.275-0300] {override.py:1900} INFO - Created Permission View: can read on DAG Run:dataset_with_extra_from_classic_operator
[2024-09-12T01:39:51.282-0300] {logging_mixin.py:190} INFO - [2024-09-12T01:39:51.281-0300] {override.py:1900} INFO - Created Permission View: can create on DAG Run:dataset_with_extra_from_classic_operator
[2024-09-12T01:39:51.289-0300] {logging_mixin.py:190} INFO - [2024-09-12T01:39:51.289-0300] {override.py:1900} INFO - Created Permission View: menu access on DAG Run:dataset_with_extra_from_classic_operator
[2024-09-12T01:39:51.297-0300] {logging_mixin.py:190} INFO - [2024-09-12T01:39:51.296-0300] {override.py:1900} INFO - Created Permission View: can delete on DAG Run:dataset_with_extra_from_classic_operator
[2024-09-12T01:39:51.311-0300] {logging_mixin.py:190} INFO - [2024-09-12T01:39:51.311-0300] {override.py:1900} INFO - Created Permission View: can edit on DAG:dataset_with_extra_by_context
[2024-09-12T01:39:51.318-0300] {logging_mixin.py:190} INFO - [2024-09-12T01:39:51.317-0300] {override.py:1900} INFO - Created Permission View: can read on DAG:dataset_with_extra_by_context
[2024-09-12T01:39:51.325-0300] {logging_mixin.py:190} INFO - [2024-09-12T01:39:51.324-0300] {override.py:1900} INFO - Created Permission View: can delete on DAG:dataset_with_extra_by_context
[2024-09-12T01:39:51.337-0300] {logging_mixin.py:190} INFO - [2024-09-12T01:39:51.337-0300] {override.py:1900} INFO - Created Permission View: can read on DAG Run:dataset_with_extra_by_context
[2024-09-12T01:39:51.344-0300] {logging_mixin.py:190} INFO - [2024-09-12T01:39:51.344-0300] {override.py:1900} INFO - Created Permission View: can create on DAG Run:dataset_with_extra_by_context
[2024-09-12T01:39:51.351-0300] {logging_mixin.py:190} INFO - [2024-09-12T01:39:51.351-0300] {override.py:1900} INFO - Created Permission View: menu access on DAG Run:dataset_with_extra_by_context
[2024-09-12T01:39:51.357-0300] {logging_mixin.py:190} INFO - [2024-09-12T01:39:51.357-0300] {override.py:1900} INFO - Created Permission View: can delete on DAG Run:dataset_with_extra_by_context
[2024-09-12T01:39:51.358-0300] {logging_mixin.py:190} INFO - [2024-09-12T01:39:51.357-0300] {dag.py:3229} INFO - Sync 3 DAGs
[2024-09-12T01:39:51.365-0300] {logging_mixin.py:190} INFO - [2024-09-12T01:39:51.365-0300] {dag.py:3252} INFO - Creating ORM DAG for dataset_with_extra_from_classic_operator
[2024-09-12T01:39:51.365-0300] {logging_mixin.py:190} INFO - [2024-09-12T01:39:51.365-0300] {dag.py:3252} INFO - Creating ORM DAG for dataset_with_extra_by_yield
[2024-09-12T01:39:51.365-0300] {logging_mixin.py:190} INFO - [2024-09-12T01:39:51.365-0300] {dag.py:3252} INFO - Creating ORM DAG for dataset_with_extra_by_context
[2024-09-12T01:39:51.371-0300] {logging_mixin.py:190} INFO - [2024-09-12T01:39:51.371-0300] {dag.py:4156} INFO - Setting next_dagrun for dataset_with_extra_by_context to 2024-09-11 00:00:00+00:00, run_after=2024-09-12 00:00:00+00:00
[2024-09-12T01:39:51.372-0300] {logging_mixin.py:190} INFO - [2024-09-12T01:39:51.372-0300] {dag.py:4156} INFO - Setting next_dagrun for dataset_with_extra_by_yield to 2024-09-11 00:00:00+00:00, run_after=2024-09-12 00:00:00+00:00
[2024-09-12T01:39:51.373-0300] {logging_mixin.py:190} INFO - [2024-09-12T01:39:51.373-0300] {dag.py:4156} INFO - Setting next_dagrun for dataset_with_extra_from_classic_operator to 2024-09-11 00:00:00+00:00, run_after=2024-09-12 00:00:00+00:00
[2024-09-12T01:39:51.389-0300] {processor.py:208} INFO - Processing /home/gabzarp/.local/lib/python3.10/site-packages/airflow/example_dags/example_outlet_event_extra.py took 0.281 seconds
[2024-09-12T01:40:48.454-0300] {processor.py:186} INFO - Started process (PID=2969) to work on /home/gabzarp/.local/lib/python3.10/site-packages/airflow/example_dags/example_outlet_event_extra.py
[2024-09-12T01:40:48.455-0300] {processor.py:914} INFO - Processing file /home/gabzarp/.local/lib/python3.10/site-packages/airflow/example_dags/example_outlet_event_extra.py for tasks to queue
[2024-09-12T01:40:48.457-0300] {logging_mixin.py:190} INFO - [2024-09-12T01:40:48.457-0300] {dagbag.py:587} INFO - Filling up the DagBag from /home/gabzarp/.local/lib/python3.10/site-packages/airflow/example_dags/example_outlet_event_extra.py
[2024-09-12T01:40:48.466-0300] {processor.py:925} INFO - DAG(s) 'dataset_with_extra_from_classic_operator', 'dataset_with_extra_by_context', 'dataset_with_extra_by_yield' retrieved from /home/gabzarp/.local/lib/python3.10/site-packages/airflow/example_dags/example_outlet_event_extra.py
[2024-09-12T01:40:48.482-0300] {logging_mixin.py:190} INFO - [2024-09-12T01:40:48.482-0300] {dag.py:3229} INFO - Sync 3 DAGs
[2024-09-12T01:40:48.498-0300] {logging_mixin.py:190} INFO - [2024-09-12T01:40:48.498-0300] {dag.py:4156} INFO - Setting next_dagrun for dataset_with_extra_by_context to 2024-09-11 00:00:00+00:00, run_after=2024-09-12 00:00:00+00:00
[2024-09-12T01:40:48.501-0300] {logging_mixin.py:190} INFO - [2024-09-12T01:40:48.501-0300] {dag.py:4156} INFO - Setting next_dagrun for dataset_with_extra_by_yield to 2024-09-11 00:00:00+00:00, run_after=2024-09-12 00:00:00+00:00
[2024-09-12T01:40:48.502-0300] {logging_mixin.py:190} INFO - [2024-09-12T01:40:48.502-0300] {dag.py:4156} INFO - Setting next_dagrun for dataset_with_extra_from_classic_operator to 2024-09-11 00:00:00+00:00, run_after=2024-09-12 00:00:00+00:00
[2024-09-12T01:40:48.519-0300] {processor.py:208} INFO - Processing /home/gabzarp/.local/lib/python3.10/site-packages/airflow/example_dags/example_outlet_event_extra.py took 0.069 seconds
[2024-09-12T01:41:41.150-0300] {processor.py:186} INFO - Started process (PID=3315) to work on /home/gabzarp/.local/lib/python3.10/site-packages/airflow/example_dags/example_outlet_event_extra.py
[2024-09-12T01:41:41.151-0300] {processor.py:914} INFO - Processing file /home/gabzarp/.local/lib/python3.10/site-packages/airflow/example_dags/example_outlet_event_extra.py for tasks to queue
[2024-09-12T01:41:41.152-0300] {logging_mixin.py:190} INFO - [2024-09-12T01:41:41.152-0300] {dagbag.py:587} INFO - Filling up the DagBag from /home/gabzarp/.local/lib/python3.10/site-packages/airflow/example_dags/example_outlet_event_extra.py
[2024-09-12T01:41:41.163-0300] {processor.py:925} INFO - DAG(s) 'dataset_with_extra_by_yield', 'dataset_with_extra_by_context', 'dataset_with_extra_from_classic_operator' retrieved from /home/gabzarp/.local/lib/python3.10/site-packages/airflow/example_dags/example_outlet_event_extra.py
[2024-09-12T01:41:41.178-0300] {logging_mixin.py:190} INFO - [2024-09-12T01:41:41.178-0300] {dag.py:3229} INFO - Sync 3 DAGs
[2024-09-12T01:41:41.195-0300] {logging_mixin.py:190} INFO - [2024-09-12T01:41:41.194-0300] {dag.py:4156} INFO - Setting next_dagrun for dataset_with_extra_by_context to 2024-09-11 00:00:00+00:00, run_after=2024-09-12 00:00:00+00:00
[2024-09-12T01:41:41.198-0300] {logging_mixin.py:190} INFO - [2024-09-12T01:41:41.198-0300] {dag.py:4156} INFO - Setting next_dagrun for dataset_with_extra_by_yield to 2024-09-11 00:00:00+00:00, run_after=2024-09-12 00:00:00+00:00
[2024-09-12T01:41:41.200-0300] {logging_mixin.py:190} INFO - [2024-09-12T01:41:41.200-0300] {dag.py:4156} INFO - Setting next_dagrun for dataset_with_extra_from_classic_operator to 2024-09-11 00:00:00+00:00, run_after=2024-09-12 00:00:00+00:00
[2024-09-12T01:41:41.219-0300] {processor.py:208} INFO - Processing /home/gabzarp/.local/lib/python3.10/site-packages/airflow/example_dags/example_outlet_event_extra.py took 0.073 seconds
[2024-09-12T01:42:33.669-0300] {processor.py:186} INFO - Started process (PID=3579) to work on /home/gabzarp/.local/lib/python3.10/site-packages/airflow/example_dags/example_outlet_event_extra.py
[2024-09-12T01:42:33.669-0300] {processor.py:914} INFO - Processing file /home/gabzarp/.local/lib/python3.10/site-packages/airflow/example_dags/example_outlet_event_extra.py for tasks to queue
[2024-09-12T01:42:33.671-0300] {logging_mixin.py:190} INFO - [2024-09-12T01:42:33.670-0300] {dagbag.py:587} INFO - Filling up the DagBag from /home/gabzarp/.local/lib/python3.10/site-packages/airflow/example_dags/example_outlet_event_extra.py
[2024-09-12T01:42:33.679-0300] {processor.py:925} INFO - DAG(s) 'dataset_with_extra_by_yield', 'dataset_with_extra_from_classic_operator', 'dataset_with_extra_by_context' retrieved from /home/gabzarp/.local/lib/python3.10/site-packages/airflow/example_dags/example_outlet_event_extra.py
[2024-09-12T01:42:33.691-0300] {logging_mixin.py:190} INFO - [2024-09-12T01:42:33.691-0300] {dag.py:3229} INFO - Sync 3 DAGs
[2024-09-12T01:42:33.705-0300] {logging_mixin.py:190} INFO - [2024-09-12T01:42:33.704-0300] {dag.py:4156} INFO - Setting next_dagrun for dataset_with_extra_by_context to 2024-09-11 00:00:00+00:00, run_after=2024-09-12 00:00:00+00:00
[2024-09-12T01:42:33.707-0300] {logging_mixin.py:190} INFO - [2024-09-12T01:42:33.707-0300] {dag.py:4156} INFO - Setting next_dagrun for dataset_with_extra_by_yield to 2024-09-11 00:00:00+00:00, run_after=2024-09-12 00:00:00+00:00
[2024-09-12T01:42:33.709-0300] {logging_mixin.py:190} INFO - [2024-09-12T01:42:33.708-0300] {dag.py:4156} INFO - Setting next_dagrun for dataset_with_extra_from_classic_operator to 2024-09-11 00:00:00+00:00, run_after=2024-09-12 00:00:00+00:00
[2024-09-12T01:42:33.725-0300] {processor.py:208} INFO - Processing /home/gabzarp/.local/lib/python3.10/site-packages/airflow/example_dags/example_outlet_event_extra.py took 0.060 seconds
[2024-09-12T01:43:23.753-0300] {processor.py:186} INFO - Started process (PID=3830) to work on /home/gabzarp/.local/lib/python3.10/site-packages/airflow/example_dags/example_outlet_event_extra.py
[2024-09-12T01:43:23.754-0300] {processor.py:914} INFO - Processing file /home/gabzarp/.local/lib/python3.10/site-packages/airflow/example_dags/example_outlet_event_extra.py for tasks to queue
[2024-09-12T01:43:23.755-0300] {logging_mixin.py:190} INFO - [2024-09-12T01:43:23.755-0300] {dagbag.py:587} INFO - Filling up the DagBag from /home/gabzarp/.local/lib/python3.10/site-packages/airflow/example_dags/example_outlet_event_extra.py
[2024-09-12T01:43:23.763-0300] {processor.py:925} INFO - DAG(s) 'dataset_with_extra_from_classic_operator', 'dataset_with_extra_by_yield', 'dataset_with_extra_by_context' retrieved from /home/gabzarp/.local/lib/python3.10/site-packages/airflow/example_dags/example_outlet_event_extra.py
[2024-09-12T01:43:23.777-0300] {logging_mixin.py:190} INFO - [2024-09-12T01:43:23.777-0300] {dag.py:3229} INFO - Sync 3 DAGs
[2024-09-12T01:43:23.791-0300] {logging_mixin.py:190} INFO - [2024-09-12T01:43:23.791-0300] {dag.py:4156} INFO - Setting next_dagrun for dataset_with_extra_by_context to 2024-09-11 00:00:00+00:00, run_after=2024-09-12 00:00:00+00:00
[2024-09-12T01:43:23.794-0300] {logging_mixin.py:190} INFO - [2024-09-12T01:43:23.794-0300] {dag.py:4156} INFO - Setting next_dagrun for dataset_with_extra_by_yield to 2024-09-11 00:00:00+00:00, run_after=2024-09-12 00:00:00+00:00
[2024-09-12T01:43:23.796-0300] {logging_mixin.py:190} INFO - [2024-09-12T01:43:23.796-0300] {dag.py:4156} INFO - Setting next_dagrun for dataset_with_extra_from_classic_operator to 2024-09-11 00:00:00+00:00, run_after=2024-09-12 00:00:00+00:00
[2024-09-12T01:43:23.921-0300] {processor.py:208} INFO - Processing /home/gabzarp/.local/lib/python3.10/site-packages/airflow/example_dags/example_outlet_event_extra.py took 0.172 seconds
[2024-09-12T01:45:03.462-0300] {processor.py:186} INFO - Started process (PID=5054) to work on /home/gabzarp/.local/lib/python3.10/site-packages/airflow/example_dags/example_outlet_event_extra.py
[2024-09-12T01:45:03.463-0300] {processor.py:914} INFO - Processing file /home/gabzarp/.local/lib/python3.10/site-packages/airflow/example_dags/example_outlet_event_extra.py for tasks to queue
[2024-09-12T01:45:03.465-0300] {logging_mixin.py:190} INFO - [2024-09-12T01:45:03.464-0300] {dagbag.py:587} INFO - Filling up the DagBag from /home/gabzarp/.local/lib/python3.10/site-packages/airflow/example_dags/example_outlet_event_extra.py
[2024-09-12T01:45:03.474-0300] {processor.py:925} INFO - DAG(s) 'dataset_with_extra_by_context', 'dataset_with_extra_from_classic_operator', 'dataset_with_extra_by_yield' retrieved from /home/gabzarp/.local/lib/python3.10/site-packages/airflow/example_dags/example_outlet_event_extra.py
[2024-09-12T01:45:03.490-0300] {logging_mixin.py:190} INFO - [2024-09-12T01:45:03.489-0300] {dag.py:3229} INFO - Sync 3 DAGs
[2024-09-12T01:45:03.505-0300] {logging_mixin.py:190} INFO - [2024-09-12T01:45:03.505-0300] {dag.py:4156} INFO - Setting next_dagrun for dataset_with_extra_by_context to 2024-09-11 00:00:00+00:00, run_after=2024-09-12 00:00:00+00:00
[2024-09-12T01:45:03.509-0300] {logging_mixin.py:190} INFO - [2024-09-12T01:45:03.509-0300] {dag.py:4156} INFO - Setting next_dagrun for dataset_with_extra_by_yield to 2024-09-11 00:00:00+00:00, run_after=2024-09-12 00:00:00+00:00
[2024-09-12T01:45:03.511-0300] {logging_mixin.py:190} INFO - [2024-09-12T01:45:03.511-0300] {dag.py:4156} INFO - Setting next_dagrun for dataset_with_extra_from_classic_operator to 2024-09-11 00:00:00+00:00, run_after=2024-09-12 00:00:00+00:00
[2024-09-12T01:45:03.531-0300] {processor.py:208} INFO - Processing /home/gabzarp/.local/lib/python3.10/site-packages/airflow/example_dags/example_outlet_event_extra.py took 0.073 seconds
[2024-09-12T01:45:54.560-0300] {processor.py:186} INFO - Started process (PID=5465) to work on /home/gabzarp/.local/lib/python3.10/site-packages/airflow/example_dags/example_outlet_event_extra.py
[2024-09-12T01:45:54.561-0300] {processor.py:914} INFO - Processing file /home/gabzarp/.local/lib/python3.10/site-packages/airflow/example_dags/example_outlet_event_extra.py for tasks to queue
[2024-09-12T01:45:54.562-0300] {logging_mixin.py:190} INFO - [2024-09-12T01:45:54.562-0300] {dagbag.py:587} INFO - Filling up the DagBag from /home/gabzarp/.local/lib/python3.10/site-packages/airflow/example_dags/example_outlet_event_extra.py
[2024-09-12T01:45:54.571-0300] {processor.py:925} INFO - DAG(s) 'dataset_with_extra_by_context', 'dataset_with_extra_by_yield', 'dataset_with_extra_from_classic_operator' retrieved from /home/gabzarp/.local/lib/python3.10/site-packages/airflow/example_dags/example_outlet_event_extra.py
[2024-09-12T01:45:54.583-0300] {logging_mixin.py:190} INFO - [2024-09-12T01:45:54.583-0300] {dag.py:3229} INFO - Sync 3 DAGs
[2024-09-12T01:45:54.597-0300] {logging_mixin.py:190} INFO - [2024-09-12T01:45:54.597-0300] {dag.py:4156} INFO - Setting next_dagrun for dataset_with_extra_by_context to 2024-09-11 00:00:00+00:00, run_after=2024-09-12 00:00:00+00:00
[2024-09-12T01:45:54.600-0300] {logging_mixin.py:190} INFO - [2024-09-12T01:45:54.599-0300] {dag.py:4156} INFO - Setting next_dagrun for dataset_with_extra_by_yield to 2024-09-11 00:00:00+00:00, run_after=2024-09-12 00:00:00+00:00
[2024-09-12T01:45:54.601-0300] {logging_mixin.py:190} INFO - [2024-09-12T01:45:54.601-0300] {dag.py:4156} INFO - Setting next_dagrun for dataset_with_extra_from_classic_operator to 2024-09-11 00:00:00+00:00, run_after=2024-09-12 00:00:00+00:00
[2024-09-12T01:45:54.616-0300] {processor.py:208} INFO - Processing /home/gabzarp/.local/lib/python3.10/site-packages/airflow/example_dags/example_outlet_event_extra.py took 0.059 seconds
[2024-09-12T01:46:45.247-0300] {processor.py:186} INFO - Started process (PID=5878) to work on /home/gabzarp/.local/lib/python3.10/site-packages/airflow/example_dags/example_outlet_event_extra.py
[2024-09-12T01:46:45.248-0300] {processor.py:914} INFO - Processing file /home/gabzarp/.local/lib/python3.10/site-packages/airflow/example_dags/example_outlet_event_extra.py for tasks to queue
[2024-09-12T01:46:45.250-0300] {logging_mixin.py:190} INFO - [2024-09-12T01:46:45.250-0300] {dagbag.py:587} INFO - Filling up the DagBag from /home/gabzarp/.local/lib/python3.10/site-packages/airflow/example_dags/example_outlet_event_extra.py
[2024-09-12T01:46:45.261-0300] {processor.py:925} INFO - DAG(s) 'dataset_with_extra_from_classic_operator', 'dataset_with_extra_by_yield', 'dataset_with_extra_by_context' retrieved from /home/gabzarp/.local/lib/python3.10/site-packages/airflow/example_dags/example_outlet_event_extra.py
[2024-09-12T01:46:45.278-0300] {logging_mixin.py:190} INFO - [2024-09-12T01:46:45.278-0300] {dag.py:3229} INFO - Sync 3 DAGs
[2024-09-12T01:46:45.291-0300] {logging_mixin.py:190} INFO - [2024-09-12T01:46:45.291-0300] {dag.py:4156} INFO - Setting next_dagrun for dataset_with_extra_by_context to 2024-09-11 00:00:00+00:00, run_after=2024-09-12 00:00:00+00:00
[2024-09-12T01:46:45.294-0300] {logging_mixin.py:190} INFO - [2024-09-12T01:46:45.294-0300] {dag.py:4156} INFO - Setting next_dagrun for dataset_with_extra_by_yield to 2024-09-11 00:00:00+00:00, run_after=2024-09-12 00:00:00+00:00
[2024-09-12T01:46:45.296-0300] {logging_mixin.py:190} INFO - [2024-09-12T01:46:45.296-0300] {dag.py:4156} INFO - Setting next_dagrun for dataset_with_extra_from_classic_operator to 2024-09-11 00:00:00+00:00, run_after=2024-09-12 00:00:00+00:00
[2024-09-12T01:46:45.313-0300] {processor.py:208} INFO - Processing /home/gabzarp/.local/lib/python3.10/site-packages/airflow/example_dags/example_outlet_event_extra.py took 0.070 seconds
[2024-09-12T01:47:34.876-0300] {processor.py:186} INFO - Started process (PID=6272) to work on /home/gabzarp/.local/lib/python3.10/site-packages/airflow/example_dags/example_outlet_event_extra.py
[2024-09-12T01:47:34.877-0300] {processor.py:914} INFO - Processing file /home/gabzarp/.local/lib/python3.10/site-packages/airflow/example_dags/example_outlet_event_extra.py for tasks to queue
[2024-09-12T01:47:34.878-0300] {logging_mixin.py:190} INFO - [2024-09-12T01:47:34.878-0300] {dagbag.py:587} INFO - Filling up the DagBag from /home/gabzarp/.local/lib/python3.10/site-packages/airflow/example_dags/example_outlet_event_extra.py
[2024-09-12T01:47:34.891-0300] {processor.py:925} INFO - DAG(s) 'dataset_with_extra_from_classic_operator', 'dataset_with_extra_by_context', 'dataset_with_extra_by_yield' retrieved from /home/gabzarp/.local/lib/python3.10/site-packages/airflow/example_dags/example_outlet_event_extra.py
[2024-09-12T01:47:34.909-0300] {logging_mixin.py:190} INFO - [2024-09-12T01:47:34.909-0300] {dag.py:3229} INFO - Sync 3 DAGs
[2024-09-12T01:47:34.923-0300] {logging_mixin.py:190} INFO - [2024-09-12T01:47:34.923-0300] {dag.py:4156} INFO - Setting next_dagrun for dataset_with_extra_by_context to 2024-09-11 00:00:00+00:00, run_after=2024-09-12 00:00:00+00:00
[2024-09-12T01:47:34.926-0300] {logging_mixin.py:190} INFO - [2024-09-12T01:47:34.926-0300] {dag.py:4156} INFO - Setting next_dagrun for dataset_with_extra_by_yield to 2024-09-11 00:00:00+00:00, run_after=2024-09-12 00:00:00+00:00
[2024-09-12T01:47:34.928-0300] {logging_mixin.py:190} INFO - [2024-09-12T01:47:34.927-0300] {dag.py:4156} INFO - Setting next_dagrun for dataset_with_extra_from_classic_operator to 2024-09-11 00:00:00+00:00, run_after=2024-09-12 00:00:00+00:00
[2024-09-12T01:47:34.945-0300] {processor.py:208} INFO - Processing /home/gabzarp/.local/lib/python3.10/site-packages/airflow/example_dags/example_outlet_event_extra.py took 0.073 seconds
[2024-09-12T01:48:25.513-0300] {processor.py:186} INFO - Started process (PID=6759) to work on /home/gabzarp/.local/lib/python3.10/site-packages/airflow/example_dags/example_outlet_event_extra.py
[2024-09-12T01:48:25.514-0300] {processor.py:914} INFO - Processing file /home/gabzarp/.local/lib/python3.10/site-packages/airflow/example_dags/example_outlet_event_extra.py for tasks to queue
[2024-09-12T01:48:25.515-0300] {logging_mixin.py:190} INFO - [2024-09-12T01:48:25.515-0300] {dagbag.py:587} INFO - Filling up the DagBag from /home/gabzarp/.local/lib/python3.10/site-packages/airflow/example_dags/example_outlet_event_extra.py
[2024-09-12T01:48:25.523-0300] {processor.py:925} INFO - DAG(s) 'dataset_with_extra_from_classic_operator', 'dataset_with_extra_by_yield', 'dataset_with_extra_by_context' retrieved from /home/gabzarp/.local/lib/python3.10/site-packages/airflow/example_dags/example_outlet_event_extra.py
[2024-09-12T01:48:25.537-0300] {logging_mixin.py:190} INFO - [2024-09-12T01:48:25.537-0300] {dag.py:3229} INFO - Sync 3 DAGs
[2024-09-12T01:48:25.550-0300] {logging_mixin.py:190} INFO - [2024-09-12T01:48:25.550-0300] {dag.py:4156} INFO - Setting next_dagrun for dataset_with_extra_by_context to 2024-09-11 00:00:00+00:00, run_after=2024-09-12 00:00:00+00:00
[2024-09-12T01:48:25.553-0300] {logging_mixin.py:190} INFO - [2024-09-12T01:48:25.553-0300] {dag.py:4156} INFO - Setting next_dagrun for dataset_with_extra_by_yield to 2024-09-11 00:00:00+00:00, run_after=2024-09-12 00:00:00+00:00
[2024-09-12T01:48:25.554-0300] {logging_mixin.py:190} INFO - [2024-09-12T01:48:25.554-0300] {dag.py:4156} INFO - Setting next_dagrun for dataset_with_extra_from_classic_operator to 2024-09-11 00:00:00+00:00, run_after=2024-09-12 00:00:00+00:00
[2024-09-12T01:48:25.570-0300] {processor.py:208} INFO - Processing /home/gabzarp/.local/lib/python3.10/site-packages/airflow/example_dags/example_outlet_event_extra.py took 0.061 seconds
[2024-09-12T01:49:16.753-0300] {processor.py:186} INFO - Started process (PID=7221) to work on /home/gabzarp/.local/lib/python3.10/site-packages/airflow/example_dags/example_outlet_event_extra.py
[2024-09-12T01:49:16.754-0300] {processor.py:914} INFO - Processing file /home/gabzarp/.local/lib/python3.10/site-packages/airflow/example_dags/example_outlet_event_extra.py for tasks to queue
[2024-09-12T01:49:16.755-0300] {logging_mixin.py:190} INFO - [2024-09-12T01:49:16.754-0300] {dagbag.py:587} INFO - Filling up the DagBag from /home/gabzarp/.local/lib/python3.10/site-packages/airflow/example_dags/example_outlet_event_extra.py
[2024-09-12T01:49:16.763-0300] {processor.py:925} INFO - DAG(s) 'dataset_with_extra_by_context', 'dataset_with_extra_from_classic_operator', 'dataset_with_extra_by_yield' retrieved from /home/gabzarp/.local/lib/python3.10/site-packages/airflow/example_dags/example_outlet_event_extra.py
[2024-09-12T01:49:16.778-0300] {logging_mixin.py:190} INFO - [2024-09-12T01:49:16.777-0300] {dag.py:3229} INFO - Sync 3 DAGs
[2024-09-12T01:49:16.794-0300] {logging_mixin.py:190} INFO - [2024-09-12T01:49:16.794-0300] {dag.py:4156} INFO - Setting next_dagrun for dataset_with_extra_by_context to 2024-09-11 00:00:00+00:00, run_after=2024-09-12 00:00:00+00:00
[2024-09-12T01:49:16.797-0300] {logging_mixin.py:190} INFO - [2024-09-12T01:49:16.797-0300] {dag.py:4156} INFO - Setting next_dagrun for dataset_with_extra_by_yield to 2024-09-11 00:00:00+00:00, run_after=2024-09-12 00:00:00+00:00
[2024-09-12T01:49:16.798-0300] {logging_mixin.py:190} INFO - [2024-09-12T01:49:16.798-0300] {dag.py:4156} INFO - Setting next_dagrun for dataset_with_extra_from_classic_operator to 2024-09-11 00:00:00+00:00, run_after=2024-09-12 00:00:00+00:00
[2024-09-12T01:49:16.815-0300] {processor.py:208} INFO - Processing /home/gabzarp/.local/lib/python3.10/site-packages/airflow/example_dags/example_outlet_event_extra.py took 0.067 seconds
[2024-09-12T01:50:07.638-0300] {processor.py:186} INFO - Started process (PID=7697) to work on /home/gabzarp/.local/lib/python3.10/site-packages/airflow/example_dags/example_outlet_event_extra.py
[2024-09-12T01:50:07.639-0300] {processor.py:914} INFO - Processing file /home/gabzarp/.local/lib/python3.10/site-packages/airflow/example_dags/example_outlet_event_extra.py for tasks to queue
[2024-09-12T01:50:07.640-0300] {logging_mixin.py:190} INFO - [2024-09-12T01:50:07.639-0300] {dagbag.py:587} INFO - Filling up the DagBag from /home/gabzarp/.local/lib/python3.10/site-packages/airflow/example_dags/example_outlet_event_extra.py
[2024-09-12T01:50:07.648-0300] {processor.py:925} INFO - DAG(s) 'dataset_with_extra_from_classic_operator', 'dataset_with_extra_by_yield', 'dataset_with_extra_by_context' retrieved from /home/gabzarp/.local/lib/python3.10/site-packages/airflow/example_dags/example_outlet_event_extra.py
[2024-09-12T01:50:07.661-0300] {logging_mixin.py:190} INFO - [2024-09-12T01:50:07.661-0300] {dag.py:3229} INFO - Sync 3 DAGs
[2024-09-12T01:50:07.675-0300] {logging_mixin.py:190} INFO - [2024-09-12T01:50:07.675-0300] {dag.py:4156} INFO - Setting next_dagrun for dataset_with_extra_by_context to 2024-09-11 00:00:00+00:00, run_after=2024-09-12 00:00:00+00:00
[2024-09-12T01:50:07.678-0300] {logging_mixin.py:190} INFO - [2024-09-12T01:50:07.678-0300] {dag.py:4156} INFO - Setting next_dagrun for dataset_with_extra_by_yield to 2024-09-11 00:00:00+00:00, run_after=2024-09-12 00:00:00+00:00
[2024-09-12T01:50:07.680-0300] {logging_mixin.py:190} INFO - [2024-09-12T01:50:07.680-0300] {dag.py:4156} INFO - Setting next_dagrun for dataset_with_extra_from_classic_operator to 2024-09-11 00:00:00+00:00, run_after=2024-09-12 00:00:00+00:00
[2024-09-12T01:50:07.696-0300] {processor.py:208} INFO - Processing /home/gabzarp/.local/lib/python3.10/site-packages/airflow/example_dags/example_outlet_event_extra.py took 0.062 seconds
[2024-09-12T01:50:56.531-0300] {processor.py:186} INFO - Started process (PID=8101) to work on /home/gabzarp/.local/lib/python3.10/site-packages/airflow/example_dags/example_outlet_event_extra.py
[2024-09-12T01:50:56.532-0300] {processor.py:914} INFO - Processing file /home/gabzarp/.local/lib/python3.10/site-packages/airflow/example_dags/example_outlet_event_extra.py for tasks to queue
[2024-09-12T01:50:56.532-0300] {logging_mixin.py:190} INFO - [2024-09-12T01:50:56.532-0300] {dagbag.py:587} INFO - Filling up the DagBag from /home/gabzarp/.local/lib/python3.10/site-packages/airflow/example_dags/example_outlet_event_extra.py
[2024-09-12T01:50:56.541-0300] {processor.py:925} INFO - DAG(s) 'dataset_with_extra_by_yield', 'dataset_with_extra_from_classic_operator', 'dataset_with_extra_by_context' retrieved from /home/gabzarp/.local/lib/python3.10/site-packages/airflow/example_dags/example_outlet_event_extra.py
[2024-09-12T01:50:56.554-0300] {logging_mixin.py:190} INFO - [2024-09-12T01:50:56.554-0300] {dag.py:3229} INFO - Sync 3 DAGs
[2024-09-12T01:50:56.568-0300] {logging_mixin.py:190} INFO - [2024-09-12T01:50:56.568-0300] {dag.py:4156} INFO - Setting next_dagrun for dataset_with_extra_by_context to 2024-09-11 00:00:00+00:00, run_after=2024-09-12 00:00:00+00:00
[2024-09-12T01:50:56.571-0300] {logging_mixin.py:190} INFO - [2024-09-12T01:50:56.571-0300] {dag.py:4156} INFO - Setting next_dagrun for dataset_with_extra_by_yield to 2024-09-11 00:00:00+00:00, run_after=2024-09-12 00:00:00+00:00
[2024-09-12T01:50:56.572-0300] {logging_mixin.py:190} INFO - [2024-09-12T01:50:56.572-0300] {dag.py:4156} INFO - Setting next_dagrun for dataset_with_extra_from_classic_operator to 2024-09-11 00:00:00+00:00, run_after=2024-09-12 00:00:00+00:00
[2024-09-12T01:50:56.622-0300] {processor.py:208} INFO - Processing /home/gabzarp/.local/lib/python3.10/site-packages/airflow/example_dags/example_outlet_event_extra.py took 0.095 seconds
[2024-09-12T01:51:45.994-0300] {processor.py:186} INFO - Started process (PID=8595) to work on /home/gabzarp/.local/lib/python3.10/site-packages/airflow/example_dags/example_outlet_event_extra.py
[2024-09-12T01:51:45.995-0300] {processor.py:914} INFO - Processing file /home/gabzarp/.local/lib/python3.10/site-packages/airflow/example_dags/example_outlet_event_extra.py for tasks to queue
[2024-09-12T01:51:45.995-0300] {logging_mixin.py:190} INFO - [2024-09-12T01:51:45.995-0300] {dagbag.py:587} INFO - Filling up the DagBag from /home/gabzarp/.local/lib/python3.10/site-packages/airflow/example_dags/example_outlet_event_extra.py
[2024-09-12T01:51:46.004-0300] {processor.py:925} INFO - DAG(s) 'dataset_with_extra_by_yield', 'dataset_with_extra_from_classic_operator', 'dataset_with_extra_by_context' retrieved from /home/gabzarp/.local/lib/python3.10/site-packages/airflow/example_dags/example_outlet_event_extra.py
[2024-09-12T01:51:46.018-0300] {logging_mixin.py:190} INFO - [2024-09-12T01:51:46.018-0300] {dag.py:3229} INFO - Sync 3 DAGs
[2024-09-12T01:51:46.030-0300] {logging_mixin.py:190} INFO - [2024-09-12T01:51:46.030-0300] {dag.py:4156} INFO - Setting next_dagrun for dataset_with_extra_by_context to 2024-09-11 00:00:00+00:00, run_after=2024-09-12 00:00:00+00:00
[2024-09-12T01:51:46.033-0300] {logging_mixin.py:190} INFO - [2024-09-12T01:51:46.033-0300] {dag.py:4156} INFO - Setting next_dagrun for dataset_with_extra_by_yield to 2024-09-11 00:00:00+00:00, run_after=2024-09-12 00:00:00+00:00
[2024-09-12T01:51:46.034-0300] {logging_mixin.py:190} INFO - [2024-09-12T01:51:46.034-0300] {dag.py:4156} INFO - Setting next_dagrun for dataset_with_extra_from_classic_operator to 2024-09-11 00:00:00+00:00, run_after=2024-09-12 00:00:00+00:00
[2024-09-12T01:51:46.049-0300] {processor.py:208} INFO - Processing /home/gabzarp/.local/lib/python3.10/site-packages/airflow/example_dags/example_outlet_event_extra.py took 0.058 seconds
[2024-09-12T01:52:36.139-0300] {processor.py:186} INFO - Started process (PID=9098) to work on /home/gabzarp/.local/lib/python3.10/site-packages/airflow/example_dags/example_outlet_event_extra.py
[2024-09-12T01:52:36.140-0300] {processor.py:914} INFO - Processing file /home/gabzarp/.local/lib/python3.10/site-packages/airflow/example_dags/example_outlet_event_extra.py for tasks to queue
[2024-09-12T01:52:36.141-0300] {logging_mixin.py:190} INFO - [2024-09-12T01:52:36.140-0300] {dagbag.py:587} INFO - Filling up the DagBag from /home/gabzarp/.local/lib/python3.10/site-packages/airflow/example_dags/example_outlet_event_extra.py
[2024-09-12T01:52:36.149-0300] {processor.py:925} INFO - DAG(s) 'dataset_with_extra_from_classic_operator', 'dataset_with_extra_by_yield', 'dataset_with_extra_by_context' retrieved from /home/gabzarp/.local/lib/python3.10/site-packages/airflow/example_dags/example_outlet_event_extra.py
[2024-09-12T01:52:36.162-0300] {logging_mixin.py:190} INFO - [2024-09-12T01:52:36.162-0300] {dag.py:3229} INFO - Sync 3 DAGs
[2024-09-12T01:52:36.175-0300] {logging_mixin.py:190} INFO - [2024-09-12T01:52:36.175-0300] {dag.py:4156} INFO - Setting next_dagrun for dataset_with_extra_by_context to 2024-09-11 00:00:00+00:00, run_after=2024-09-12 00:00:00+00:00
[2024-09-12T01:52:36.178-0300] {logging_mixin.py:190} INFO - [2024-09-12T01:52:36.178-0300] {dag.py:4156} INFO - Setting next_dagrun for dataset_with_extra_by_yield to 2024-09-11 00:00:00+00:00, run_after=2024-09-12 00:00:00+00:00
[2024-09-12T01:52:36.179-0300] {logging_mixin.py:190} INFO - [2024-09-12T01:52:36.179-0300] {dag.py:4156} INFO - Setting next_dagrun for dataset_with_extra_from_classic_operator to 2024-09-11 00:00:00+00:00, run_after=2024-09-12 00:00:00+00:00
[2024-09-12T01:52:36.232-0300] {processor.py:208} INFO - Processing /home/gabzarp/.local/lib/python3.10/site-packages/airflow/example_dags/example_outlet_event_extra.py took 0.097 seconds
[2024-09-12T01:53:27.916-0300] {processor.py:186} INFO - Started process (PID=9594) to work on /home/gabzarp/.local/lib/python3.10/site-packages/airflow/example_dags/example_outlet_event_extra.py
[2024-09-12T01:53:27.917-0300] {processor.py:914} INFO - Processing file /home/gabzarp/.local/lib/python3.10/site-packages/airflow/example_dags/example_outlet_event_extra.py for tasks to queue
[2024-09-12T01:53:27.918-0300] {logging_mixin.py:190} INFO - [2024-09-12T01:53:27.918-0300] {dagbag.py:587} INFO - Filling up the DagBag from /home/gabzarp/.local/lib/python3.10/site-packages/airflow/example_dags/example_outlet_event_extra.py
[2024-09-12T01:53:27.927-0300] {processor.py:925} INFO - DAG(s) 'dataset_with_extra_by_context', 'dataset_with_extra_from_classic_operator', 'dataset_with_extra_by_yield' retrieved from /home/gabzarp/.local/lib/python3.10/site-packages/airflow/example_dags/example_outlet_event_extra.py
[2024-09-12T01:53:27.941-0300] {logging_mixin.py:190} INFO - [2024-09-12T01:53:27.941-0300] {dag.py:3229} INFO - Sync 3 DAGs
[2024-09-12T01:53:27.955-0300] {logging_mixin.py:190} INFO - [2024-09-12T01:53:27.955-0300] {dag.py:4156} INFO - Setting next_dagrun for dataset_with_extra_by_context to 2024-09-11 00:00:00+00:00, run_after=2024-09-12 00:00:00+00:00
[2024-09-12T01:53:27.957-0300] {logging_mixin.py:190} INFO - [2024-09-12T01:53:27.957-0300] {dag.py:4156} INFO - Setting next_dagrun for dataset_with_extra_by_yield to 2024-09-11 00:00:00+00:00, run_after=2024-09-12 00:00:00+00:00
[2024-09-12T01:53:27.959-0300] {logging_mixin.py:190} INFO - [2024-09-12T01:53:27.959-0300] {dag.py:4156} INFO - Setting next_dagrun for dataset_with_extra_from_classic_operator to 2024-09-11 00:00:00+00:00, run_after=2024-09-12 00:00:00+00:00
[2024-09-12T01:53:27.974-0300] {processor.py:208} INFO - Processing /home/gabzarp/.local/lib/python3.10/site-packages/airflow/example_dags/example_outlet_event_extra.py took 0.061 seconds
[2024-09-12T01:54:20.210-0300] {processor.py:186} INFO - Started process (PID=10041) to work on /home/gabzarp/.local/lib/python3.10/site-packages/airflow/example_dags/example_outlet_event_extra.py
[2024-09-12T01:54:20.211-0300] {processor.py:914} INFO - Processing file /home/gabzarp/.local/lib/python3.10/site-packages/airflow/example_dags/example_outlet_event_extra.py for tasks to queue
[2024-09-12T01:54:20.212-0300] {logging_mixin.py:190} INFO - [2024-09-12T01:54:20.212-0300] {dagbag.py:587} INFO - Filling up the DagBag from /home/gabzarp/.local/lib/python3.10/site-packages/airflow/example_dags/example_outlet_event_extra.py
[2024-09-12T01:54:20.220-0300] {processor.py:925} INFO - DAG(s) 'dataset_with_extra_by_context', 'dataset_with_extra_from_classic_operator', 'dataset_with_extra_by_yield' retrieved from /home/gabzarp/.local/lib/python3.10/site-packages/airflow/example_dags/example_outlet_event_extra.py
[2024-09-12T01:54:20.233-0300] {logging_mixin.py:190} INFO - [2024-09-12T01:54:20.233-0300] {dag.py:3229} INFO - Sync 3 DAGs
[2024-09-12T01:54:20.247-0300] {logging_mixin.py:190} INFO - [2024-09-12T01:54:20.247-0300] {dag.py:4156} INFO - Setting next_dagrun for dataset_with_extra_by_context to 2024-09-11 00:00:00+00:00, run_after=2024-09-12 00:00:00+00:00
[2024-09-12T01:54:20.250-0300] {logging_mixin.py:190} INFO - [2024-09-12T01:54:20.250-0300] {dag.py:4156} INFO - Setting next_dagrun for dataset_with_extra_by_yield to 2024-09-11 00:00:00+00:00, run_after=2024-09-12 00:00:00+00:00
[2024-09-12T01:54:20.251-0300] {logging_mixin.py:190} INFO - [2024-09-12T01:54:20.251-0300] {dag.py:4156} INFO - Setting next_dagrun for dataset_with_extra_from_classic_operator to 2024-09-11 00:00:00+00:00, run_after=2024-09-12 00:00:00+00:00
[2024-09-12T01:54:20.266-0300] {processor.py:208} INFO - Processing /home/gabzarp/.local/lib/python3.10/site-packages/airflow/example_dags/example_outlet_event_extra.py took 0.060 seconds
[2024-09-12T01:55:12.499-0300] {processor.py:186} INFO - Started process (PID=10452) to work on /home/gabzarp/.local/lib/python3.10/site-packages/airflow/example_dags/example_outlet_event_extra.py
[2024-09-12T01:55:12.500-0300] {processor.py:914} INFO - Processing file /home/gabzarp/.local/lib/python3.10/site-packages/airflow/example_dags/example_outlet_event_extra.py for tasks to queue
[2024-09-12T01:55:12.500-0300] {logging_mixin.py:190} INFO - [2024-09-12T01:55:12.500-0300] {dagbag.py:587} INFO - Filling up the DagBag from /home/gabzarp/.local/lib/python3.10/site-packages/airflow/example_dags/example_outlet_event_extra.py
[2024-09-12T01:55:12.509-0300] {processor.py:925} INFO - DAG(s) 'dataset_with_extra_from_classic_operator', 'dataset_with_extra_by_yield', 'dataset_with_extra_by_context' retrieved from /home/gabzarp/.local/lib/python3.10/site-packages/airflow/example_dags/example_outlet_event_extra.py
[2024-09-12T01:55:12.521-0300] {logging_mixin.py:190} INFO - [2024-09-12T01:55:12.521-0300] {dag.py:3229} INFO - Sync 3 DAGs
[2024-09-12T01:55:12.535-0300] {logging_mixin.py:190} INFO - [2024-09-12T01:55:12.535-0300] {dag.py:4156} INFO - Setting next_dagrun for dataset_with_extra_by_context to 2024-09-11 00:00:00+00:00, run_after=2024-09-12 00:00:00+00:00
[2024-09-12T01:55:12.537-0300] {logging_mixin.py:190} INFO - [2024-09-12T01:55:12.537-0300] {dag.py:4156} INFO - Setting next_dagrun for dataset_with_extra_by_yield to 2024-09-11 00:00:00+00:00, run_after=2024-09-12 00:00:00+00:00
[2024-09-12T01:55:12.539-0300] {logging_mixin.py:190} INFO - [2024-09-12T01:55:12.539-0300] {dag.py:4156} INFO - Setting next_dagrun for dataset_with_extra_from_classic_operator to 2024-09-11 00:00:00+00:00, run_after=2024-09-12 00:00:00+00:00
[2024-09-12T01:55:12.554-0300] {processor.py:208} INFO - Processing /home/gabzarp/.local/lib/python3.10/site-packages/airflow/example_dags/example_outlet_event_extra.py took 0.059 seconds
[2024-09-12T01:56:07.138-0300] {processor.py:186} INFO - Started process (PID=10910) to work on /home/gabzarp/.local/lib/python3.10/site-packages/airflow/example_dags/example_outlet_event_extra.py
[2024-09-12T01:56:07.139-0300] {processor.py:914} INFO - Processing file /home/gabzarp/.local/lib/python3.10/site-packages/airflow/example_dags/example_outlet_event_extra.py for tasks to queue
[2024-09-12T01:56:07.140-0300] {logging_mixin.py:190} INFO - [2024-09-12T01:56:07.140-0300] {dagbag.py:587} INFO - Filling up the DagBag from /home/gabzarp/.local/lib/python3.10/site-packages/airflow/example_dags/example_outlet_event_extra.py
[2024-09-12T01:56:07.152-0300] {processor.py:925} INFO - DAG(s) 'dataset_with_extra_by_context', 'dataset_with_extra_by_yield', 'dataset_with_extra_from_classic_operator' retrieved from /home/gabzarp/.local/lib/python3.10/site-packages/airflow/example_dags/example_outlet_event_extra.py
[2024-09-12T01:56:07.177-0300] {logging_mixin.py:190} INFO - [2024-09-12T01:56:07.177-0300] {dag.py:3229} INFO - Sync 3 DAGs
[2024-09-12T01:56:07.196-0300] {logging_mixin.py:190} INFO - [2024-09-12T01:56:07.196-0300] {dag.py:4156} INFO - Setting next_dagrun for dataset_with_extra_by_context to 2024-09-11 00:00:00+00:00, run_after=2024-09-12 00:00:00+00:00
[2024-09-12T01:56:07.199-0300] {logging_mixin.py:190} INFO - [2024-09-12T01:56:07.199-0300] {dag.py:4156} INFO - Setting next_dagrun for dataset_with_extra_by_yield to 2024-09-11 00:00:00+00:00, run_after=2024-09-12 00:00:00+00:00
[2024-09-12T01:56:07.201-0300] {logging_mixin.py:190} INFO - [2024-09-12T01:56:07.201-0300] {dag.py:4156} INFO - Setting next_dagrun for dataset_with_extra_from_classic_operator to 2024-09-11 00:00:00+00:00, run_after=2024-09-12 00:00:00+00:00
[2024-09-12T01:56:07.219-0300] {processor.py:208} INFO - Processing /home/gabzarp/.local/lib/python3.10/site-packages/airflow/example_dags/example_outlet_event_extra.py took 0.085 seconds
[2024-09-12T01:57:00.646-0300] {processor.py:186} INFO - Started process (PID=11383) to work on /home/gabzarp/.local/lib/python3.10/site-packages/airflow/example_dags/example_outlet_event_extra.py
[2024-09-12T01:57:00.647-0300] {processor.py:914} INFO - Processing file /home/gabzarp/.local/lib/python3.10/site-packages/airflow/example_dags/example_outlet_event_extra.py for tasks to queue
[2024-09-12T01:57:00.647-0300] {logging_mixin.py:190} INFO - [2024-09-12T01:57:00.647-0300] {dagbag.py:587} INFO - Filling up the DagBag from /home/gabzarp/.local/lib/python3.10/site-packages/airflow/example_dags/example_outlet_event_extra.py
[2024-09-12T01:57:00.656-0300] {processor.py:925} INFO - DAG(s) 'dataset_with_extra_by_yield', 'dataset_with_extra_from_classic_operator', 'dataset_with_extra_by_context' retrieved from /home/gabzarp/.local/lib/python3.10/site-packages/airflow/example_dags/example_outlet_event_extra.py
[2024-09-12T01:57:00.668-0300] {logging_mixin.py:190} INFO - [2024-09-12T01:57:00.668-0300] {dag.py:3229} INFO - Sync 3 DAGs
[2024-09-12T01:57:00.682-0300] {logging_mixin.py:190} INFO - [2024-09-12T01:57:00.682-0300] {dag.py:4156} INFO - Setting next_dagrun for dataset_with_extra_by_context to 2024-09-11 00:00:00+00:00, run_after=2024-09-12 00:00:00+00:00
[2024-09-12T01:57:00.685-0300] {logging_mixin.py:190} INFO - [2024-09-12T01:57:00.685-0300] {dag.py:4156} INFO - Setting next_dagrun for dataset_with_extra_by_yield to 2024-09-11 00:00:00+00:00, run_after=2024-09-12 00:00:00+00:00
[2024-09-12T01:57:00.686-0300] {logging_mixin.py:190} INFO - [2024-09-12T01:57:00.686-0300] {dag.py:4156} INFO - Setting next_dagrun for dataset_with_extra_from_classic_operator to 2024-09-11 00:00:00+00:00, run_after=2024-09-12 00:00:00+00:00
[2024-09-12T01:57:00.734-0300] {processor.py:208} INFO - Processing /home/gabzarp/.local/lib/python3.10/site-packages/airflow/example_dags/example_outlet_event_extra.py took 0.091 seconds
[2024-09-12T01:57:54.702-0300] {processor.py:186} INFO - Started process (PID=11813) to work on /home/gabzarp/.local/lib/python3.10/site-packages/airflow/example_dags/example_outlet_event_extra.py
[2024-09-12T01:57:54.703-0300] {processor.py:914} INFO - Processing file /home/gabzarp/.local/lib/python3.10/site-packages/airflow/example_dags/example_outlet_event_extra.py for tasks to queue
[2024-09-12T01:57:54.704-0300] {logging_mixin.py:190} INFO - [2024-09-12T01:57:54.703-0300] {dagbag.py:587} INFO - Filling up the DagBag from /home/gabzarp/.local/lib/python3.10/site-packages/airflow/example_dags/example_outlet_event_extra.py
[2024-09-12T01:57:54.713-0300] {processor.py:925} INFO - DAG(s) 'dataset_with_extra_by_yield', 'dataset_with_extra_from_classic_operator', 'dataset_with_extra_by_context' retrieved from /home/gabzarp/.local/lib/python3.10/site-packages/airflow/example_dags/example_outlet_event_extra.py
[2024-09-12T01:57:54.727-0300] {logging_mixin.py:190} INFO - [2024-09-12T01:57:54.727-0300] {dag.py:3229} INFO - Sync 3 DAGs
[2024-09-12T01:57:54.741-0300] {logging_mixin.py:190} INFO - [2024-09-12T01:57:54.740-0300] {dag.py:4156} INFO - Setting next_dagrun for dataset_with_extra_by_context to 2024-09-11 00:00:00+00:00, run_after=2024-09-12 00:00:00+00:00
[2024-09-12T01:57:54.744-0300] {logging_mixin.py:190} INFO - [2024-09-12T01:57:54.744-0300] {dag.py:4156} INFO - Setting next_dagrun for dataset_with_extra_by_yield to 2024-09-11 00:00:00+00:00, run_after=2024-09-12 00:00:00+00:00
[2024-09-12T01:57:54.745-0300] {logging_mixin.py:190} INFO - [2024-09-12T01:57:54.745-0300] {dag.py:4156} INFO - Setting next_dagrun for dataset_with_extra_from_classic_operator to 2024-09-11 00:00:00+00:00, run_after=2024-09-12 00:00:00+00:00
[2024-09-12T01:57:54.796-0300] {processor.py:208} INFO - Processing /home/gabzarp/.local/lib/python3.10/site-packages/airflow/example_dags/example_outlet_event_extra.py took 0.098 seconds
[2024-09-12T01:58:47.810-0300] {processor.py:186} INFO - Started process (PID=12226) to work on /home/gabzarp/.local/lib/python3.10/site-packages/airflow/example_dags/example_outlet_event_extra.py
[2024-09-12T01:58:47.810-0300] {processor.py:914} INFO - Processing file /home/gabzarp/.local/lib/python3.10/site-packages/airflow/example_dags/example_outlet_event_extra.py for tasks to queue
[2024-09-12T01:58:47.812-0300] {logging_mixin.py:190} INFO - [2024-09-12T01:58:47.811-0300] {dagbag.py:587} INFO - Filling up the DagBag from /home/gabzarp/.local/lib/python3.10/site-packages/airflow/example_dags/example_outlet_event_extra.py
[2024-09-12T01:58:47.822-0300] {processor.py:925} INFO - DAG(s) 'dataset_with_extra_by_context', 'dataset_with_extra_from_classic_operator', 'dataset_with_extra_by_yield' retrieved from /home/gabzarp/.local/lib/python3.10/site-packages/airflow/example_dags/example_outlet_event_extra.py
[2024-09-12T01:58:47.835-0300] {logging_mixin.py:190} INFO - [2024-09-12T01:58:47.834-0300] {dag.py:3229} INFO - Sync 3 DAGs
[2024-09-12T01:58:47.847-0300] {logging_mixin.py:190} INFO - [2024-09-12T01:58:47.847-0300] {dag.py:4156} INFO - Setting next_dagrun for dataset_with_extra_by_context to 2024-09-11 00:00:00+00:00, run_after=2024-09-12 00:00:00+00:00
[2024-09-12T01:58:47.850-0300] {logging_mixin.py:190} INFO - [2024-09-12T01:58:47.850-0300] {dag.py:4156} INFO - Setting next_dagrun for dataset_with_extra_by_yield to 2024-09-11 00:00:00+00:00, run_after=2024-09-12 00:00:00+00:00
[2024-09-12T01:58:47.851-0300] {logging_mixin.py:190} INFO - [2024-09-12T01:58:47.851-0300] {dag.py:4156} INFO - Setting next_dagrun for dataset_with_extra_from_classic_operator to 2024-09-11 00:00:00+00:00, run_after=2024-09-12 00:00:00+00:00
[2024-09-12T01:58:47.869-0300] {processor.py:208} INFO - Processing /home/gabzarp/.local/lib/python3.10/site-packages/airflow/example_dags/example_outlet_event_extra.py took 0.063 seconds
[2024-09-12T01:59:40.463-0300] {processor.py:186} INFO - Started process (PID=12646) to work on /home/gabzarp/.local/lib/python3.10/site-packages/airflow/example_dags/example_outlet_event_extra.py
[2024-09-12T01:59:40.464-0300] {processor.py:914} INFO - Processing file /home/gabzarp/.local/lib/python3.10/site-packages/airflow/example_dags/example_outlet_event_extra.py for tasks to queue
[2024-09-12T01:59:40.465-0300] {logging_mixin.py:190} INFO - [2024-09-12T01:59:40.465-0300] {dagbag.py:587} INFO - Filling up the DagBag from /home/gabzarp/.local/lib/python3.10/site-packages/airflow/example_dags/example_outlet_event_extra.py
[2024-09-12T01:59:40.474-0300] {processor.py:925} INFO - DAG(s) 'dataset_with_extra_from_classic_operator', 'dataset_with_extra_by_yield', 'dataset_with_extra_by_context' retrieved from /home/gabzarp/.local/lib/python3.10/site-packages/airflow/example_dags/example_outlet_event_extra.py
[2024-09-12T01:59:40.488-0300] {logging_mixin.py:190} INFO - [2024-09-12T01:59:40.488-0300] {dag.py:3229} INFO - Sync 3 DAGs
[2024-09-12T01:59:40.503-0300] {logging_mixin.py:190} INFO - [2024-09-12T01:59:40.503-0300] {dag.py:4156} INFO - Setting next_dagrun for dataset_with_extra_by_context to 2024-09-11 00:00:00+00:00, run_after=2024-09-12 00:00:00+00:00
[2024-09-12T01:59:40.506-0300] {logging_mixin.py:190} INFO - [2024-09-12T01:59:40.505-0300] {dag.py:4156} INFO - Setting next_dagrun for dataset_with_extra_by_yield to 2024-09-11 00:00:00+00:00, run_after=2024-09-12 00:00:00+00:00
[2024-09-12T01:59:40.507-0300] {logging_mixin.py:190} INFO - [2024-09-12T01:59:40.507-0300] {dag.py:4156} INFO - Setting next_dagrun for dataset_with_extra_from_classic_operator to 2024-09-11 00:00:00+00:00, run_after=2024-09-12 00:00:00+00:00
[2024-09-12T01:59:40.582-0300] {processor.py:208} INFO - Processing /home/gabzarp/.local/lib/python3.10/site-packages/airflow/example_dags/example_outlet_event_extra.py took 0.122 seconds
[2024-09-12T02:00:30.735-0300] {processor.py:186} INFO - Started process (PID=13105) to work on /home/gabzarp/.local/lib/python3.10/site-packages/airflow/example_dags/example_outlet_event_extra.py
[2024-09-12T02:00:30.736-0300] {processor.py:914} INFO - Processing file /home/gabzarp/.local/lib/python3.10/site-packages/airflow/example_dags/example_outlet_event_extra.py for tasks to queue
[2024-09-12T02:00:30.737-0300] {logging_mixin.py:190} INFO - [2024-09-12T02:00:30.736-0300] {dagbag.py:587} INFO - Filling up the DagBag from /home/gabzarp/.local/lib/python3.10/site-packages/airflow/example_dags/example_outlet_event_extra.py
[2024-09-12T02:00:30.745-0300] {processor.py:925} INFO - DAG(s) 'dataset_with_extra_from_classic_operator', 'dataset_with_extra_by_yield', 'dataset_with_extra_by_context' retrieved from /home/gabzarp/.local/lib/python3.10/site-packages/airflow/example_dags/example_outlet_event_extra.py
[2024-09-12T02:00:30.758-0300] {logging_mixin.py:190} INFO - [2024-09-12T02:00:30.758-0300] {dag.py:3229} INFO - Sync 3 DAGs
[2024-09-12T02:00:30.772-0300] {logging_mixin.py:190} INFO - [2024-09-12T02:00:30.771-0300] {dag.py:4156} INFO - Setting next_dagrun for dataset_with_extra_by_context to 2024-09-11 00:00:00+00:00, run_after=2024-09-12 00:00:00+00:00
[2024-09-12T02:00:30.774-0300] {logging_mixin.py:190} INFO - [2024-09-12T02:00:30.774-0300] {dag.py:4156} INFO - Setting next_dagrun for dataset_with_extra_by_yield to 2024-09-11 00:00:00+00:00, run_after=2024-09-12 00:00:00+00:00
[2024-09-12T02:00:30.776-0300] {logging_mixin.py:190} INFO - [2024-09-12T02:00:30.775-0300] {dag.py:4156} INFO - Setting next_dagrun for dataset_with_extra_from_classic_operator to 2024-09-11 00:00:00+00:00, run_after=2024-09-12 00:00:00+00:00
[2024-09-12T02:00:30.791-0300] {processor.py:208} INFO - Processing /home/gabzarp/.local/lib/python3.10/site-packages/airflow/example_dags/example_outlet_event_extra.py took 0.059 seconds
[2024-09-12T02:01:22.033-0300] {processor.py:186} INFO - Started process (PID=13597) to work on /home/gabzarp/.local/lib/python3.10/site-packages/airflow/example_dags/example_outlet_event_extra.py
[2024-09-12T02:01:22.034-0300] {processor.py:914} INFO - Processing file /home/gabzarp/.local/lib/python3.10/site-packages/airflow/example_dags/example_outlet_event_extra.py for tasks to queue
[2024-09-12T02:01:22.035-0300] {logging_mixin.py:190} INFO - [2024-09-12T02:01:22.035-0300] {dagbag.py:587} INFO - Filling up the DagBag from /home/gabzarp/.local/lib/python3.10/site-packages/airflow/example_dags/example_outlet_event_extra.py
[2024-09-12T02:01:22.044-0300] {processor.py:925} INFO - DAG(s) 'dataset_with_extra_from_classic_operator', 'dataset_with_extra_by_context', 'dataset_with_extra_by_yield' retrieved from /home/gabzarp/.local/lib/python3.10/site-packages/airflow/example_dags/example_outlet_event_extra.py
[2024-09-12T02:01:22.062-0300] {logging_mixin.py:190} INFO - [2024-09-12T02:01:22.062-0300] {dag.py:3229} INFO - Sync 3 DAGs
[2024-09-12T02:01:22.076-0300] {logging_mixin.py:190} INFO - [2024-09-12T02:01:22.075-0300] {dag.py:4156} INFO - Setting next_dagrun for dataset_with_extra_by_context to 2024-09-11 00:00:00+00:00, run_after=2024-09-12 00:00:00+00:00
[2024-09-12T02:01:22.079-0300] {logging_mixin.py:190} INFO - [2024-09-12T02:01:22.079-0300] {dag.py:4156} INFO - Setting next_dagrun for dataset_with_extra_by_yield to 2024-09-11 00:00:00+00:00, run_after=2024-09-12 00:00:00+00:00
[2024-09-12T02:01:22.081-0300] {logging_mixin.py:190} INFO - [2024-09-12T02:01:22.081-0300] {dag.py:4156} INFO - Setting next_dagrun for dataset_with_extra_from_classic_operator to 2024-09-11 00:00:00+00:00, run_after=2024-09-12 00:00:00+00:00
[2024-09-12T02:01:22.098-0300] {processor.py:208} INFO - Processing /home/gabzarp/.local/lib/python3.10/site-packages/airflow/example_dags/example_outlet_event_extra.py took 0.068 seconds
[2024-09-12T02:02:13.445-0300] {processor.py:186} INFO - Started process (PID=14040) to work on /home/gabzarp/.local/lib/python3.10/site-packages/airflow/example_dags/example_outlet_event_extra.py
[2024-09-12T02:02:13.446-0300] {processor.py:914} INFO - Processing file /home/gabzarp/.local/lib/python3.10/site-packages/airflow/example_dags/example_outlet_event_extra.py for tasks to queue
[2024-09-12T02:02:13.446-0300] {logging_mixin.py:190} INFO - [2024-09-12T02:02:13.446-0300] {dagbag.py:587} INFO - Filling up the DagBag from /home/gabzarp/.local/lib/python3.10/site-packages/airflow/example_dags/example_outlet_event_extra.py
[2024-09-12T02:02:13.454-0300] {processor.py:925} INFO - DAG(s) 'dataset_with_extra_from_classic_operator', 'dataset_with_extra_by_context', 'dataset_with_extra_by_yield' retrieved from /home/gabzarp/.local/lib/python3.10/site-packages/airflow/example_dags/example_outlet_event_extra.py
[2024-09-12T02:02:13.466-0300] {logging_mixin.py:190} INFO - [2024-09-12T02:02:13.466-0300] {dag.py:3229} INFO - Sync 3 DAGs
[2024-09-12T02:02:13.479-0300] {logging_mixin.py:190} INFO - [2024-09-12T02:02:13.479-0300] {dag.py:4156} INFO - Setting next_dagrun for dataset_with_extra_by_context to 2024-09-11 00:00:00+00:00, run_after=2024-09-12 00:00:00+00:00
[2024-09-12T02:02:13.482-0300] {logging_mixin.py:190} INFO - [2024-09-12T02:02:13.482-0300] {dag.py:4156} INFO - Setting next_dagrun for dataset_with_extra_by_yield to 2024-09-11 00:00:00+00:00, run_after=2024-09-12 00:00:00+00:00
[2024-09-12T02:02:13.483-0300] {logging_mixin.py:190} INFO - [2024-09-12T02:02:13.483-0300] {dag.py:4156} INFO - Setting next_dagrun for dataset_with_extra_from_classic_operator to 2024-09-11 00:00:00+00:00, run_after=2024-09-12 00:00:00+00:00
[2024-09-12T02:02:13.497-0300] {processor.py:208} INFO - Processing /home/gabzarp/.local/lib/python3.10/site-packages/airflow/example_dags/example_outlet_event_extra.py took 0.056 seconds
[2024-09-12T02:03:00.853-0300] {processor.py:186} INFO - Started process (PID=14428) to work on /home/gabzarp/.local/lib/python3.10/site-packages/airflow/example_dags/example_outlet_event_extra.py
[2024-09-12T02:03:00.854-0300] {processor.py:914} INFO - Processing file /home/gabzarp/.local/lib/python3.10/site-packages/airflow/example_dags/example_outlet_event_extra.py for tasks to queue
[2024-09-12T02:03:00.855-0300] {logging_mixin.py:190} INFO - [2024-09-12T02:03:00.855-0300] {dagbag.py:587} INFO - Filling up the DagBag from /home/gabzarp/.local/lib/python3.10/site-packages/airflow/example_dags/example_outlet_event_extra.py
[2024-09-12T02:03:00.864-0300] {processor.py:925} INFO - DAG(s) 'dataset_with_extra_by_yield', 'dataset_with_extra_from_classic_operator', 'dataset_with_extra_by_context' retrieved from /home/gabzarp/.local/lib/python3.10/site-packages/airflow/example_dags/example_outlet_event_extra.py
[2024-09-12T02:03:00.878-0300] {logging_mixin.py:190} INFO - [2024-09-12T02:03:00.878-0300] {dag.py:3229} INFO - Sync 3 DAGs
[2024-09-12T02:03:00.894-0300] {logging_mixin.py:190} INFO - [2024-09-12T02:03:00.893-0300] {dag.py:4156} INFO - Setting next_dagrun for dataset_with_extra_by_context to 2024-09-11 00:00:00+00:00, run_after=2024-09-12 00:00:00+00:00
[2024-09-12T02:03:00.896-0300] {logging_mixin.py:190} INFO - [2024-09-12T02:03:00.896-0300] {dag.py:4156} INFO - Setting next_dagrun for dataset_with_extra_by_yield to 2024-09-11 00:00:00+00:00, run_after=2024-09-12 00:00:00+00:00
[2024-09-12T02:03:00.897-0300] {logging_mixin.py:190} INFO - [2024-09-12T02:03:00.897-0300] {dag.py:4156} INFO - Setting next_dagrun for dataset_with_extra_from_classic_operator to 2024-09-11 00:00:00+00:00, run_after=2024-09-12 00:00:00+00:00
[2024-09-12T02:03:00.918-0300] {processor.py:208} INFO - Processing /home/gabzarp/.local/lib/python3.10/site-packages/airflow/example_dags/example_outlet_event_extra.py took 0.069 seconds
[2024-09-12T02:03:52.438-0300] {processor.py:186} INFO - Started process (PID=14836) to work on /home/gabzarp/.local/lib/python3.10/site-packages/airflow/example_dags/example_outlet_event_extra.py
[2024-09-12T02:03:52.439-0300] {processor.py:914} INFO - Processing file /home/gabzarp/.local/lib/python3.10/site-packages/airflow/example_dags/example_outlet_event_extra.py for tasks to queue
[2024-09-12T02:03:52.440-0300] {logging_mixin.py:190} INFO - [2024-09-12T02:03:52.440-0300] {dagbag.py:587} INFO - Filling up the DagBag from /home/gabzarp/.local/lib/python3.10/site-packages/airflow/example_dags/example_outlet_event_extra.py
[2024-09-12T02:03:52.449-0300] {processor.py:925} INFO - DAG(s) 'dataset_with_extra_from_classic_operator', 'dataset_with_extra_by_yield', 'dataset_with_extra_by_context' retrieved from /home/gabzarp/.local/lib/python3.10/site-packages/airflow/example_dags/example_outlet_event_extra.py
[2024-09-12T02:03:52.462-0300] {logging_mixin.py:190} INFO - [2024-09-12T02:03:52.461-0300] {dag.py:3229} INFO - Sync 3 DAGs
[2024-09-12T02:03:52.476-0300] {logging_mixin.py:190} INFO - [2024-09-12T02:03:52.475-0300] {dag.py:4156} INFO - Setting next_dagrun for dataset_with_extra_by_context to 2024-09-11 00:00:00+00:00, run_after=2024-09-12 00:00:00+00:00
[2024-09-12T02:03:52.479-0300] {logging_mixin.py:190} INFO - [2024-09-12T02:03:52.478-0300] {dag.py:4156} INFO - Setting next_dagrun for dataset_with_extra_by_yield to 2024-09-11 00:00:00+00:00, run_after=2024-09-12 00:00:00+00:00
[2024-09-12T02:03:52.480-0300] {logging_mixin.py:190} INFO - [2024-09-12T02:03:52.480-0300] {dag.py:4156} INFO - Setting next_dagrun for dataset_with_extra_from_classic_operator to 2024-09-11 00:00:00+00:00, run_after=2024-09-12 00:00:00+00:00
[2024-09-12T02:03:52.514-0300] {processor.py:208} INFO - Processing /home/gabzarp/.local/lib/python3.10/site-packages/airflow/example_dags/example_outlet_event_extra.py took 0.079 seconds
[2024-09-12T02:04:43.695-0300] {processor.py:186} INFO - Started process (PID=15242) to work on /home/gabzarp/.local/lib/python3.10/site-packages/airflow/example_dags/example_outlet_event_extra.py
[2024-09-12T02:04:43.696-0300] {processor.py:914} INFO - Processing file /home/gabzarp/.local/lib/python3.10/site-packages/airflow/example_dags/example_outlet_event_extra.py for tasks to queue
[2024-09-12T02:04:43.697-0300] {logging_mixin.py:190} INFO - [2024-09-12T02:04:43.696-0300] {dagbag.py:587} INFO - Filling up the DagBag from /home/gabzarp/.local/lib/python3.10/site-packages/airflow/example_dags/example_outlet_event_extra.py
[2024-09-12T02:04:43.705-0300] {processor.py:925} INFO - DAG(s) 'dataset_with_extra_from_classic_operator', 'dataset_with_extra_by_yield', 'dataset_with_extra_by_context' retrieved from /home/gabzarp/.local/lib/python3.10/site-packages/airflow/example_dags/example_outlet_event_extra.py
[2024-09-12T02:04:43.718-0300] {logging_mixin.py:190} INFO - [2024-09-12T02:04:43.718-0300] {dag.py:3229} INFO - Sync 3 DAGs
[2024-09-12T02:04:43.732-0300] {logging_mixin.py:190} INFO - [2024-09-12T02:04:43.732-0300] {dag.py:4156} INFO - Setting next_dagrun for dataset_with_extra_by_context to 2024-09-11 00:00:00+00:00, run_after=2024-09-12 00:00:00+00:00
[2024-09-12T02:04:43.735-0300] {logging_mixin.py:190} INFO - [2024-09-12T02:04:43.735-0300] {dag.py:4156} INFO - Setting next_dagrun for dataset_with_extra_by_yield to 2024-09-11 00:00:00+00:00, run_after=2024-09-12 00:00:00+00:00
[2024-09-12T02:04:43.736-0300] {logging_mixin.py:190} INFO - [2024-09-12T02:04:43.736-0300] {dag.py:4156} INFO - Setting next_dagrun for dataset_with_extra_from_classic_operator to 2024-09-11 00:00:00+00:00, run_after=2024-09-12 00:00:00+00:00
[2024-09-12T02:04:43.753-0300] {processor.py:208} INFO - Processing /home/gabzarp/.local/lib/python3.10/site-packages/airflow/example_dags/example_outlet_event_extra.py took 0.062 seconds
[2024-09-12T02:05:37.459-0300] {processor.py:186} INFO - Started process (PID=15664) to work on /home/gabzarp/.local/lib/python3.10/site-packages/airflow/example_dags/example_outlet_event_extra.py
[2024-09-12T02:05:37.460-0300] {processor.py:914} INFO - Processing file /home/gabzarp/.local/lib/python3.10/site-packages/airflow/example_dags/example_outlet_event_extra.py for tasks to queue
[2024-09-12T02:05:37.461-0300] {logging_mixin.py:190} INFO - [2024-09-12T02:05:37.461-0300] {dagbag.py:587} INFO - Filling up the DagBag from /home/gabzarp/.local/lib/python3.10/site-packages/airflow/example_dags/example_outlet_event_extra.py
[2024-09-12T02:05:37.470-0300] {processor.py:925} INFO - DAG(s) 'dataset_with_extra_from_classic_operator', 'dataset_with_extra_by_context', 'dataset_with_extra_by_yield' retrieved from /home/gabzarp/.local/lib/python3.10/site-packages/airflow/example_dags/example_outlet_event_extra.py
[2024-09-12T02:05:37.484-0300] {logging_mixin.py:190} INFO - [2024-09-12T02:05:37.484-0300] {dag.py:3229} INFO - Sync 3 DAGs
[2024-09-12T02:05:37.498-0300] {logging_mixin.py:190} INFO - [2024-09-12T02:05:37.498-0300] {dag.py:4156} INFO - Setting next_dagrun for dataset_with_extra_by_context to 2024-09-11 00:00:00+00:00, run_after=2024-09-12 00:00:00+00:00
[2024-09-12T02:05:37.501-0300] {logging_mixin.py:190} INFO - [2024-09-12T02:05:37.501-0300] {dag.py:4156} INFO - Setting next_dagrun for dataset_with_extra_by_yield to 2024-09-11 00:00:00+00:00, run_after=2024-09-12 00:00:00+00:00
[2024-09-12T02:05:37.502-0300] {logging_mixin.py:190} INFO - [2024-09-12T02:05:37.502-0300] {dag.py:4156} INFO - Setting next_dagrun for dataset_with_extra_from_classic_operator to 2024-09-11 00:00:00+00:00, run_after=2024-09-12 00:00:00+00:00
[2024-09-12T02:05:37.519-0300] {processor.py:208} INFO - Processing /home/gabzarp/.local/lib/python3.10/site-packages/airflow/example_dags/example_outlet_event_extra.py took 0.064 seconds
[2024-09-12T02:06:29.418-0300] {processor.py:186} INFO - Started process (PID=16077) to work on /home/gabzarp/.local/lib/python3.10/site-packages/airflow/example_dags/example_outlet_event_extra.py
[2024-09-12T02:06:29.419-0300] {processor.py:914} INFO - Processing file /home/gabzarp/.local/lib/python3.10/site-packages/airflow/example_dags/example_outlet_event_extra.py for tasks to queue
[2024-09-12T02:06:29.420-0300] {logging_mixin.py:190} INFO - [2024-09-12T02:06:29.420-0300] {dagbag.py:587} INFO - Filling up the DagBag from /home/gabzarp/.local/lib/python3.10/site-packages/airflow/example_dags/example_outlet_event_extra.py
[2024-09-12T02:06:29.429-0300] {processor.py:925} INFO - DAG(s) 'dataset_with_extra_by_context', 'dataset_with_extra_by_yield', 'dataset_with_extra_from_classic_operator' retrieved from /home/gabzarp/.local/lib/python3.10/site-packages/airflow/example_dags/example_outlet_event_extra.py
[2024-09-12T02:06:29.445-0300] {logging_mixin.py:190} INFO - [2024-09-12T02:06:29.445-0300] {dag.py:3229} INFO - Sync 3 DAGs
[2024-09-12T02:06:29.460-0300] {logging_mixin.py:190} INFO - [2024-09-12T02:06:29.460-0300] {dag.py:4156} INFO - Setting next_dagrun for dataset_with_extra_by_context to 2024-09-11 00:00:00+00:00, run_after=2024-09-12 00:00:00+00:00
[2024-09-12T02:06:29.463-0300] {logging_mixin.py:190} INFO - [2024-09-12T02:06:29.463-0300] {dag.py:4156} INFO - Setting next_dagrun for dataset_with_extra_by_yield to 2024-09-11 00:00:00+00:00, run_after=2024-09-12 00:00:00+00:00
[2024-09-12T02:06:29.465-0300] {logging_mixin.py:190} INFO - [2024-09-12T02:06:29.464-0300] {dag.py:4156} INFO - Setting next_dagrun for dataset_with_extra_from_classic_operator to 2024-09-11 00:00:00+00:00, run_after=2024-09-12 00:00:00+00:00
[2024-09-12T02:06:29.502-0300] {processor.py:208} INFO - Processing /home/gabzarp/.local/lib/python3.10/site-packages/airflow/example_dags/example_outlet_event_extra.py took 0.088 seconds
[2024-09-12T02:07:18.672-0300] {processor.py:186} INFO - Started process (PID=16468) to work on /home/gabzarp/.local/lib/python3.10/site-packages/airflow/example_dags/example_outlet_event_extra.py
[2024-09-12T02:07:18.673-0300] {processor.py:914} INFO - Processing file /home/gabzarp/.local/lib/python3.10/site-packages/airflow/example_dags/example_outlet_event_extra.py for tasks to queue
[2024-09-12T02:07:18.674-0300] {logging_mixin.py:190} INFO - [2024-09-12T02:07:18.674-0300] {dagbag.py:587} INFO - Filling up the DagBag from /home/gabzarp/.local/lib/python3.10/site-packages/airflow/example_dags/example_outlet_event_extra.py
[2024-09-12T02:07:18.682-0300] {processor.py:925} INFO - DAG(s) 'dataset_with_extra_from_classic_operator', 'dataset_with_extra_by_context', 'dataset_with_extra_by_yield' retrieved from /home/gabzarp/.local/lib/python3.10/site-packages/airflow/example_dags/example_outlet_event_extra.py
[2024-09-12T02:07:18.696-0300] {logging_mixin.py:190} INFO - [2024-09-12T02:07:18.695-0300] {dag.py:3229} INFO - Sync 3 DAGs
[2024-09-12T02:07:18.710-0300] {logging_mixin.py:190} INFO - [2024-09-12T02:07:18.710-0300] {dag.py:4156} INFO - Setting next_dagrun for dataset_with_extra_by_context to 2024-09-11 00:00:00+00:00, run_after=2024-09-12 00:00:00+00:00
[2024-09-12T02:07:18.713-0300] {logging_mixin.py:190} INFO - [2024-09-12T02:07:18.713-0300] {dag.py:4156} INFO - Setting next_dagrun for dataset_with_extra_by_yield to 2024-09-11 00:00:00+00:00, run_after=2024-09-12 00:00:00+00:00
[2024-09-12T02:07:18.714-0300] {logging_mixin.py:190} INFO - [2024-09-12T02:07:18.714-0300] {dag.py:4156} INFO - Setting next_dagrun for dataset_with_extra_from_classic_operator to 2024-09-11 00:00:00+00:00, run_after=2024-09-12 00:00:00+00:00
[2024-09-12T02:07:18.731-0300] {processor.py:208} INFO - Processing /home/gabzarp/.local/lib/python3.10/site-packages/airflow/example_dags/example_outlet_event_extra.py took 0.062 seconds
[2024-09-12T02:08:06.950-0300] {processor.py:186} INFO - Started process (PID=16846) to work on /home/gabzarp/.local/lib/python3.10/site-packages/airflow/example_dags/example_outlet_event_extra.py
[2024-09-12T02:08:06.951-0300] {processor.py:914} INFO - Processing file /home/gabzarp/.local/lib/python3.10/site-packages/airflow/example_dags/example_outlet_event_extra.py for tasks to queue
[2024-09-12T02:08:06.952-0300] {logging_mixin.py:190} INFO - [2024-09-12T02:08:06.952-0300] {dagbag.py:587} INFO - Filling up the DagBag from /home/gabzarp/.local/lib/python3.10/site-packages/airflow/example_dags/example_outlet_event_extra.py
[2024-09-12T02:08:06.961-0300] {processor.py:925} INFO - DAG(s) 'dataset_with_extra_from_classic_operator', 'dataset_with_extra_by_context', 'dataset_with_extra_by_yield' retrieved from /home/gabzarp/.local/lib/python3.10/site-packages/airflow/example_dags/example_outlet_event_extra.py
[2024-09-12T02:08:06.976-0300] {logging_mixin.py:190} INFO - [2024-09-12T02:08:06.975-0300] {dag.py:3229} INFO - Sync 3 DAGs
[2024-09-12T02:08:06.990-0300] {logging_mixin.py:190} INFO - [2024-09-12T02:08:06.990-0300] {dag.py:4156} INFO - Setting next_dagrun for dataset_with_extra_by_context to 2024-09-11 00:00:00+00:00, run_after=2024-09-12 00:00:00+00:00
[2024-09-12T02:08:06.993-0300] {logging_mixin.py:190} INFO - [2024-09-12T02:08:06.993-0300] {dag.py:4156} INFO - Setting next_dagrun for dataset_with_extra_by_yield to 2024-09-11 00:00:00+00:00, run_after=2024-09-12 00:00:00+00:00
[2024-09-12T02:08:06.995-0300] {logging_mixin.py:190} INFO - [2024-09-12T02:08:06.995-0300] {dag.py:4156} INFO - Setting next_dagrun for dataset_with_extra_from_classic_operator to 2024-09-11 00:00:00+00:00, run_after=2024-09-12 00:00:00+00:00
[2024-09-12T02:08:07.012-0300] {processor.py:208} INFO - Processing /home/gabzarp/.local/lib/python3.10/site-packages/airflow/example_dags/example_outlet_event_extra.py took 0.065 seconds
[2024-09-12T02:08:58.337-0300] {processor.py:186} INFO - Started process (PID=17252) to work on /home/gabzarp/.local/lib/python3.10/site-packages/airflow/example_dags/example_outlet_event_extra.py
[2024-09-12T02:08:58.338-0300] {processor.py:914} INFO - Processing file /home/gabzarp/.local/lib/python3.10/site-packages/airflow/example_dags/example_outlet_event_extra.py for tasks to queue
[2024-09-12T02:08:58.338-0300] {logging_mixin.py:190} INFO - [2024-09-12T02:08:58.338-0300] {dagbag.py:587} INFO - Filling up the DagBag from /home/gabzarp/.local/lib/python3.10/site-packages/airflow/example_dags/example_outlet_event_extra.py
[2024-09-12T02:08:58.348-0300] {processor.py:925} INFO - DAG(s) 'dataset_with_extra_by_yield', 'dataset_with_extra_from_classic_operator', 'dataset_with_extra_by_context' retrieved from /home/gabzarp/.local/lib/python3.10/site-packages/airflow/example_dags/example_outlet_event_extra.py
[2024-09-12T02:08:58.361-0300] {logging_mixin.py:190} INFO - [2024-09-12T02:08:58.361-0300] {dag.py:3229} INFO - Sync 3 DAGs
[2024-09-12T02:08:58.375-0300] {logging_mixin.py:190} INFO - [2024-09-12T02:08:58.375-0300] {dag.py:4156} INFO - Setting next_dagrun for dataset_with_extra_by_context to 2024-09-11 00:00:00+00:00, run_after=2024-09-12 00:00:00+00:00
[2024-09-12T02:08:58.378-0300] {logging_mixin.py:190} INFO - [2024-09-12T02:08:58.378-0300] {dag.py:4156} INFO - Setting next_dagrun for dataset_with_extra_by_yield to 2024-09-11 00:00:00+00:00, run_after=2024-09-12 00:00:00+00:00
[2024-09-12T02:08:58.379-0300] {logging_mixin.py:190} INFO - [2024-09-12T02:08:58.379-0300] {dag.py:4156} INFO - Setting next_dagrun for dataset_with_extra_from_classic_operator to 2024-09-11 00:00:00+00:00, run_after=2024-09-12 00:00:00+00:00
[2024-09-12T02:08:58.397-0300] {processor.py:208} INFO - Processing /home/gabzarp/.local/lib/python3.10/site-packages/airflow/example_dags/example_outlet_event_extra.py took 0.064 seconds
[2024-09-12T02:09:51.160-0300] {processor.py:186} INFO - Started process (PID=17820) to work on /home/gabzarp/.local/lib/python3.10/site-packages/airflow/example_dags/example_outlet_event_extra.py
[2024-09-12T02:09:51.161-0300] {processor.py:914} INFO - Processing file /home/gabzarp/.local/lib/python3.10/site-packages/airflow/example_dags/example_outlet_event_extra.py for tasks to queue
[2024-09-12T02:09:51.161-0300] {logging_mixin.py:190} INFO - [2024-09-12T02:09:51.161-0300] {dagbag.py:587} INFO - Filling up the DagBag from /home/gabzarp/.local/lib/python3.10/site-packages/airflow/example_dags/example_outlet_event_extra.py
[2024-09-12T02:09:51.170-0300] {processor.py:925} INFO - DAG(s) 'dataset_with_extra_from_classic_operator', 'dataset_with_extra_by_context', 'dataset_with_extra_by_yield' retrieved from /home/gabzarp/.local/lib/python3.10/site-packages/airflow/example_dags/example_outlet_event_extra.py
[2024-09-12T02:09:51.185-0300] {logging_mixin.py:190} INFO - [2024-09-12T02:09:51.184-0300] {dag.py:3229} INFO - Sync 3 DAGs
[2024-09-12T02:09:51.198-0300] {logging_mixin.py:190} INFO - [2024-09-12T02:09:51.198-0300] {dag.py:4156} INFO - Setting next_dagrun for dataset_with_extra_by_context to 2024-09-11 00:00:00+00:00, run_after=2024-09-12 00:00:00+00:00
[2024-09-12T02:09:51.201-0300] {logging_mixin.py:190} INFO - [2024-09-12T02:09:51.201-0300] {dag.py:4156} INFO - Setting next_dagrun for dataset_with_extra_by_yield to 2024-09-11 00:00:00+00:00, run_after=2024-09-12 00:00:00+00:00
[2024-09-12T02:09:51.202-0300] {logging_mixin.py:190} INFO - [2024-09-12T02:09:51.202-0300] {dag.py:4156} INFO - Setting next_dagrun for dataset_with_extra_from_classic_operator to 2024-09-11 00:00:00+00:00, run_after=2024-09-12 00:00:00+00:00
[2024-09-12T02:09:51.330-0300] {processor.py:208} INFO - Processing /home/gabzarp/.local/lib/python3.10/site-packages/airflow/example_dags/example_outlet_event_extra.py took 0.176 seconds
