[2024-09-12T01:40:08.559-0300] {processor.py:186} INFO - Started process (PID=2767) to work on /home/gabzarp/.local/lib/python3.10/site-packages/airflow/example_dags/example_branch_operator_decorator.py
[2024-09-12T01:40:08.559-0300] {processor.py:914} INFO - Processing file /home/gabzarp/.local/lib/python3.10/site-packages/airflow/example_dags/example_branch_operator_decorator.py for tasks to queue
[2024-09-12T01:40:08.560-0300] {logging_mixin.py:190} INFO - [2024-09-12T01:40:08.560-0300] {dagbag.py:587} INFO - Filling up the DagBag from /home/gabzarp/.local/lib/python3.10/site-packages/airflow/example_dags/example_branch_operator_decorator.py
[2024-09-12T01:40:08.581-0300] {processor.py:927} WARNING - No viable dags retrieved from /home/gabzarp/.local/lib/python3.10/site-packages/airflow/example_dags/example_branch_operator_decorator.py
[2024-09-12T01:40:08.588-0300] {processor.py:208} INFO - Processing /home/gabzarp/.local/lib/python3.10/site-packages/airflow/example_dags/example_branch_operator_decorator.py took 0.032 seconds
[2024-09-12T01:41:02.899-0300] {processor.py:186} INFO - Started process (PID=3044) to work on /home/gabzarp/.local/lib/python3.10/site-packages/airflow/example_dags/example_branch_operator_decorator.py
[2024-09-12T01:41:02.900-0300] {processor.py:914} INFO - Processing file /home/gabzarp/.local/lib/python3.10/site-packages/airflow/example_dags/example_branch_operator_decorator.py for tasks to queue
[2024-09-12T01:41:02.901-0300] {logging_mixin.py:190} INFO - [2024-09-12T01:41:02.901-0300] {dagbag.py:587} INFO - Filling up the DagBag from /home/gabzarp/.local/lib/python3.10/site-packages/airflow/example_dags/example_branch_operator_decorator.py
[2024-09-12T01:41:02.925-0300] {processor.py:927} WARNING - No viable dags retrieved from /home/gabzarp/.local/lib/python3.10/site-packages/airflow/example_dags/example_branch_operator_decorator.py
[2024-09-12T01:41:02.932-0300] {processor.py:208} INFO - Processing /home/gabzarp/.local/lib/python3.10/site-packages/airflow/example_dags/example_branch_operator_decorator.py took 0.037 seconds
[2024-09-12T01:42:17.403-0300] {processor.py:186} INFO - Started process (PID=3497) to work on /home/gabzarp/.local/lib/python3.10/site-packages/airflow/example_dags/example_branch_operator_decorator.py
[2024-09-12T01:42:17.404-0300] {processor.py:914} INFO - Processing file /home/gabzarp/.local/lib/python3.10/site-packages/airflow/example_dags/example_branch_operator_decorator.py for tasks to queue
[2024-09-12T01:42:17.405-0300] {logging_mixin.py:190} INFO - [2024-09-12T01:42:17.404-0300] {dagbag.py:587} INFO - Filling up the DagBag from /home/gabzarp/.local/lib/python3.10/site-packages/airflow/example_dags/example_branch_operator_decorator.py
[2024-09-12T01:42:17.425-0300] {processor.py:927} WARNING - No viable dags retrieved from /home/gabzarp/.local/lib/python3.10/site-packages/airflow/example_dags/example_branch_operator_decorator.py
[2024-09-12T01:42:17.432-0300] {processor.py:208} INFO - Processing /home/gabzarp/.local/lib/python3.10/site-packages/airflow/example_dags/example_branch_operator_decorator.py took 0.033 seconds
[2024-09-12T01:43:11.462-0300] {processor.py:186} INFO - Started process (PID=3769) to work on /home/gabzarp/.local/lib/python3.10/site-packages/airflow/example_dags/example_branch_operator_decorator.py
[2024-09-12T01:43:11.462-0300] {processor.py:914} INFO - Processing file /home/gabzarp/.local/lib/python3.10/site-packages/airflow/example_dags/example_branch_operator_decorator.py for tasks to queue
[2024-09-12T01:43:11.463-0300] {logging_mixin.py:190} INFO - [2024-09-12T01:43:11.463-0300] {dagbag.py:587} INFO - Filling up the DagBag from /home/gabzarp/.local/lib/python3.10/site-packages/airflow/example_dags/example_branch_operator_decorator.py
[2024-09-12T01:43:11.484-0300] {processor.py:927} WARNING - No viable dags retrieved from /home/gabzarp/.local/lib/python3.10/site-packages/airflow/example_dags/example_branch_operator_decorator.py
[2024-09-12T01:43:11.493-0300] {processor.py:208} INFO - Processing /home/gabzarp/.local/lib/python3.10/site-packages/airflow/example_dags/example_branch_operator_decorator.py took 0.035 seconds
[2024-09-12T01:45:14.222-0300] {processor.py:186} INFO - Started process (PID=5147) to work on /home/gabzarp/.local/lib/python3.10/site-packages/airflow/example_dags/example_branch_operator_decorator.py
[2024-09-12T01:45:14.223-0300] {processor.py:914} INFO - Processing file /home/gabzarp/.local/lib/python3.10/site-packages/airflow/example_dags/example_branch_operator_decorator.py for tasks to queue
[2024-09-12T01:45:14.224-0300] {logging_mixin.py:190} INFO - [2024-09-12T01:45:14.224-0300] {dagbag.py:587} INFO - Filling up the DagBag from /home/gabzarp/.local/lib/python3.10/site-packages/airflow/example_dags/example_branch_operator_decorator.py
[2024-09-12T01:45:14.240-0300] {processor.py:927} WARNING - No viable dags retrieved from /home/gabzarp/.local/lib/python3.10/site-packages/airflow/example_dags/example_branch_operator_decorator.py
[2024-09-12T01:45:14.246-0300] {processor.py:208} INFO - Processing /home/gabzarp/.local/lib/python3.10/site-packages/airflow/example_dags/example_branch_operator_decorator.py took 0.028 seconds
[2024-09-12T01:46:07.930-0300] {processor.py:186} INFO - Started process (PID=5577) to work on /home/gabzarp/.local/lib/python3.10/site-packages/airflow/example_dags/example_branch_operator_decorator.py
[2024-09-12T01:46:07.931-0300] {processor.py:914} INFO - Processing file /home/gabzarp/.local/lib/python3.10/site-packages/airflow/example_dags/example_branch_operator_decorator.py for tasks to queue
[2024-09-12T01:46:07.933-0300] {logging_mixin.py:190} INFO - [2024-09-12T01:46:07.932-0300] {dagbag.py:587} INFO - Filling up the DagBag from /home/gabzarp/.local/lib/python3.10/site-packages/airflow/example_dags/example_branch_operator_decorator.py
[2024-09-12T01:46:07.947-0300] {processor.py:927} WARNING - No viable dags retrieved from /home/gabzarp/.local/lib/python3.10/site-packages/airflow/example_dags/example_branch_operator_decorator.py
[2024-09-12T01:46:07.953-0300] {processor.py:208} INFO - Processing /home/gabzarp/.local/lib/python3.10/site-packages/airflow/example_dags/example_branch_operator_decorator.py took 0.027 seconds
[2024-09-12T01:47:20.589-0300] {processor.py:186} INFO - Started process (PID=6157) to work on /home/gabzarp/.local/lib/python3.10/site-packages/airflow/example_dags/example_branch_operator_decorator.py
[2024-09-12T01:47:20.590-0300] {processor.py:914} INFO - Processing file /home/gabzarp/.local/lib/python3.10/site-packages/airflow/example_dags/example_branch_operator_decorator.py for tasks to queue
[2024-09-12T01:47:20.591-0300] {logging_mixin.py:190} INFO - [2024-09-12T01:47:20.591-0300] {dagbag.py:587} INFO - Filling up the DagBag from /home/gabzarp/.local/lib/python3.10/site-packages/airflow/example_dags/example_branch_operator_decorator.py
[2024-09-12T01:47:20.607-0300] {processor.py:927} WARNING - No viable dags retrieved from /home/gabzarp/.local/lib/python3.10/site-packages/airflow/example_dags/example_branch_operator_decorator.py
[2024-09-12T01:47:20.614-0300] {processor.py:208} INFO - Processing /home/gabzarp/.local/lib/python3.10/site-packages/airflow/example_dags/example_branch_operator_decorator.py took 0.028 seconds
[2024-09-12T01:48:34.302-0300] {processor.py:186} INFO - Started process (PID=6855) to work on /home/gabzarp/.local/lib/python3.10/site-packages/airflow/example_dags/example_branch_operator_decorator.py
[2024-09-12T01:48:34.303-0300] {processor.py:914} INFO - Processing file /home/gabzarp/.local/lib/python3.10/site-packages/airflow/example_dags/example_branch_operator_decorator.py for tasks to queue
[2024-09-12T01:48:34.304-0300] {logging_mixin.py:190} INFO - [2024-09-12T01:48:34.304-0300] {dagbag.py:587} INFO - Filling up the DagBag from /home/gabzarp/.local/lib/python3.10/site-packages/airflow/example_dags/example_branch_operator_decorator.py
[2024-09-12T01:48:34.319-0300] {processor.py:927} WARNING - No viable dags retrieved from /home/gabzarp/.local/lib/python3.10/site-packages/airflow/example_dags/example_branch_operator_decorator.py
[2024-09-12T01:48:34.325-0300] {processor.py:208} INFO - Processing /home/gabzarp/.local/lib/python3.10/site-packages/airflow/example_dags/example_branch_operator_decorator.py took 0.027 seconds
[2024-09-12T01:49:49.636-0300] {processor.py:186} INFO - Started process (PID=7483) to work on /home/gabzarp/.local/lib/python3.10/site-packages/airflow/example_dags/example_branch_operator_decorator.py
[2024-09-12T01:49:49.637-0300] {processor.py:914} INFO - Processing file /home/gabzarp/.local/lib/python3.10/site-packages/airflow/example_dags/example_branch_operator_decorator.py for tasks to queue
[2024-09-12T01:49:49.638-0300] {logging_mixin.py:190} INFO - [2024-09-12T01:49:49.638-0300] {dagbag.py:587} INFO - Filling up the DagBag from /home/gabzarp/.local/lib/python3.10/site-packages/airflow/example_dags/example_branch_operator_decorator.py
[2024-09-12T01:49:49.653-0300] {processor.py:927} WARNING - No viable dags retrieved from /home/gabzarp/.local/lib/python3.10/site-packages/airflow/example_dags/example_branch_operator_decorator.py
[2024-09-12T01:49:49.660-0300] {processor.py:208} INFO - Processing /home/gabzarp/.local/lib/python3.10/site-packages/airflow/example_dags/example_branch_operator_decorator.py took 0.028 seconds
[2024-09-12T01:51:03.412-0300] {processor.py:186} INFO - Started process (PID=8153) to work on /home/gabzarp/.local/lib/python3.10/site-packages/airflow/example_dags/example_branch_operator_decorator.py
[2024-09-12T01:51:03.413-0300] {processor.py:914} INFO - Processing file /home/gabzarp/.local/lib/python3.10/site-packages/airflow/example_dags/example_branch_operator_decorator.py for tasks to queue
[2024-09-12T01:51:03.414-0300] {logging_mixin.py:190} INFO - [2024-09-12T01:51:03.414-0300] {dagbag.py:587} INFO - Filling up the DagBag from /home/gabzarp/.local/lib/python3.10/site-packages/airflow/example_dags/example_branch_operator_decorator.py
[2024-09-12T01:51:03.426-0300] {processor.py:927} WARNING - No viable dags retrieved from /home/gabzarp/.local/lib/python3.10/site-packages/airflow/example_dags/example_branch_operator_decorator.py
[2024-09-12T01:51:03.432-0300] {processor.py:208} INFO - Processing /home/gabzarp/.local/lib/python3.10/site-packages/airflow/example_dags/example_branch_operator_decorator.py took 0.023 seconds
[2024-09-12T01:52:18.284-0300] {processor.py:186} INFO - Started process (PID=8893) to work on /home/gabzarp/.local/lib/python3.10/site-packages/airflow/example_dags/example_branch_operator_decorator.py
[2024-09-12T01:52:18.285-0300] {processor.py:914} INFO - Processing file /home/gabzarp/.local/lib/python3.10/site-packages/airflow/example_dags/example_branch_operator_decorator.py for tasks to queue
[2024-09-12T01:52:18.285-0300] {logging_mixin.py:190} INFO - [2024-09-12T01:52:18.285-0300] {dagbag.py:587} INFO - Filling up the DagBag from /home/gabzarp/.local/lib/python3.10/site-packages/airflow/example_dags/example_branch_operator_decorator.py
[2024-09-12T01:52:18.300-0300] {processor.py:927} WARNING - No viable dags retrieved from /home/gabzarp/.local/lib/python3.10/site-packages/airflow/example_dags/example_branch_operator_decorator.py
[2024-09-12T01:52:18.307-0300] {processor.py:208} INFO - Processing /home/gabzarp/.local/lib/python3.10/site-packages/airflow/example_dags/example_branch_operator_decorator.py took 0.026 seconds
[2024-09-12T01:53:37.195-0300] {processor.py:186} INFO - Started process (PID=9669) to work on /home/gabzarp/.local/lib/python3.10/site-packages/airflow/example_dags/example_branch_operator_decorator.py
[2024-09-12T01:53:37.196-0300] {processor.py:914} INFO - Processing file /home/gabzarp/.local/lib/python3.10/site-packages/airflow/example_dags/example_branch_operator_decorator.py for tasks to queue
[2024-09-12T01:53:37.197-0300] {logging_mixin.py:190} INFO - [2024-09-12T01:53:37.196-0300] {dagbag.py:587} INFO - Filling up the DagBag from /home/gabzarp/.local/lib/python3.10/site-packages/airflow/example_dags/example_branch_operator_decorator.py
[2024-09-12T01:53:37.208-0300] {processor.py:927} WARNING - No viable dags retrieved from /home/gabzarp/.local/lib/python3.10/site-packages/airflow/example_dags/example_branch_operator_decorator.py
[2024-09-12T01:53:37.214-0300] {processor.py:208} INFO - Processing /home/gabzarp/.local/lib/python3.10/site-packages/airflow/example_dags/example_branch_operator_decorator.py took 0.023 seconds
[2024-09-12T01:54:53.361-0300] {processor.py:186} INFO - Started process (PID=10304) to work on /home/gabzarp/.local/lib/python3.10/site-packages/airflow/example_dags/example_branch_operator_decorator.py
[2024-09-12T01:54:53.362-0300] {processor.py:914} INFO - Processing file /home/gabzarp/.local/lib/python3.10/site-packages/airflow/example_dags/example_branch_operator_decorator.py for tasks to queue
[2024-09-12T01:54:53.363-0300] {logging_mixin.py:190} INFO - [2024-09-12T01:54:53.362-0300] {dagbag.py:587} INFO - Filling up the DagBag from /home/gabzarp/.local/lib/python3.10/site-packages/airflow/example_dags/example_branch_operator_decorator.py
[2024-09-12T01:54:53.377-0300] {processor.py:927} WARNING - No viable dags retrieved from /home/gabzarp/.local/lib/python3.10/site-packages/airflow/example_dags/example_branch_operator_decorator.py
[2024-09-12T01:54:53.383-0300] {processor.py:208} INFO - Processing /home/gabzarp/.local/lib/python3.10/site-packages/airflow/example_dags/example_branch_operator_decorator.py took 0.026 seconds
[2024-09-12T01:56:13.559-0300] {processor.py:186} INFO - Started process (PID=10961) to work on /home/gabzarp/.local/lib/python3.10/site-packages/airflow/example_dags/example_branch_operator_decorator.py
[2024-09-12T01:56:13.560-0300] {processor.py:914} INFO - Processing file /home/gabzarp/.local/lib/python3.10/site-packages/airflow/example_dags/example_branch_operator_decorator.py for tasks to queue
[2024-09-12T01:56:13.560-0300] {logging_mixin.py:190} INFO - [2024-09-12T01:56:13.560-0300] {dagbag.py:587} INFO - Filling up the DagBag from /home/gabzarp/.local/lib/python3.10/site-packages/airflow/example_dags/example_branch_operator_decorator.py
[2024-09-12T01:56:13.575-0300] {processor.py:927} WARNING - No viable dags retrieved from /home/gabzarp/.local/lib/python3.10/site-packages/airflow/example_dags/example_branch_operator_decorator.py
[2024-09-12T01:56:13.581-0300] {processor.py:208} INFO - Processing /home/gabzarp/.local/lib/python3.10/site-packages/airflow/example_dags/example_branch_operator_decorator.py took 0.026 seconds
[2024-09-12T01:57:08.971-0300] {processor.py:186} INFO - Started process (PID=11448) to work on /home/gabzarp/.local/lib/python3.10/site-packages/airflow/example_dags/example_branch_operator_decorator.py
[2024-09-12T01:57:08.972-0300] {processor.py:914} INFO - Processing file /home/gabzarp/.local/lib/python3.10/site-packages/airflow/example_dags/example_branch_operator_decorator.py for tasks to queue
[2024-09-12T01:57:08.972-0300] {logging_mixin.py:190} INFO - [2024-09-12T01:57:08.972-0300] {dagbag.py:587} INFO - Filling up the DagBag from /home/gabzarp/.local/lib/python3.10/site-packages/airflow/example_dags/example_branch_operator_decorator.py
[2024-09-12T01:57:08.986-0300] {processor.py:927} WARNING - No viable dags retrieved from /home/gabzarp/.local/lib/python3.10/site-packages/airflow/example_dags/example_branch_operator_decorator.py
[2024-09-12T01:57:08.993-0300] {processor.py:208} INFO - Processing /home/gabzarp/.local/lib/python3.10/site-packages/airflow/example_dags/example_branch_operator_decorator.py took 0.026 seconds
[2024-09-12T01:58:03.701-0300] {processor.py:186} INFO - Started process (PID=11881) to work on /home/gabzarp/.local/lib/python3.10/site-packages/airflow/example_dags/example_branch_operator_decorator.py
[2024-09-12T01:58:03.702-0300] {processor.py:914} INFO - Processing file /home/gabzarp/.local/lib/python3.10/site-packages/airflow/example_dags/example_branch_operator_decorator.py for tasks to queue
[2024-09-12T01:58:03.703-0300] {logging_mixin.py:190} INFO - [2024-09-12T01:58:03.703-0300] {dagbag.py:587} INFO - Filling up the DagBag from /home/gabzarp/.local/lib/python3.10/site-packages/airflow/example_dags/example_branch_operator_decorator.py
[2024-09-12T01:58:03.718-0300] {processor.py:927} WARNING - No viable dags retrieved from /home/gabzarp/.local/lib/python3.10/site-packages/airflow/example_dags/example_branch_operator_decorator.py
[2024-09-12T01:58:03.725-0300] {processor.py:208} INFO - Processing /home/gabzarp/.local/lib/python3.10/site-packages/airflow/example_dags/example_branch_operator_decorator.py took 0.027 seconds
[2024-09-12T01:59:22.663-0300] {processor.py:186} INFO - Started process (PID=12502) to work on /home/gabzarp/.local/lib/python3.10/site-packages/airflow/example_dags/example_branch_operator_decorator.py
[2024-09-12T01:59:22.664-0300] {processor.py:914} INFO - Processing file /home/gabzarp/.local/lib/python3.10/site-packages/airflow/example_dags/example_branch_operator_decorator.py for tasks to queue
[2024-09-12T01:59:22.665-0300] {logging_mixin.py:190} INFO - [2024-09-12T01:59:22.665-0300] {dagbag.py:587} INFO - Filling up the DagBag from /home/gabzarp/.local/lib/python3.10/site-packages/airflow/example_dags/example_branch_operator_decorator.py
[2024-09-12T01:59:22.681-0300] {processor.py:927} WARNING - No viable dags retrieved from /home/gabzarp/.local/lib/python3.10/site-packages/airflow/example_dags/example_branch_operator_decorator.py
[2024-09-12T01:59:22.689-0300] {processor.py:208} INFO - Processing /home/gabzarp/.local/lib/python3.10/site-packages/airflow/example_dags/example_branch_operator_decorator.py took 0.030 seconds
[2024-09-12T02:00:39.085-0300] {processor.py:186} INFO - Started process (PID=13201) to work on /home/gabzarp/.local/lib/python3.10/site-packages/airflow/example_dags/example_branch_operator_decorator.py
[2024-09-12T02:00:39.087-0300] {processor.py:914} INFO - Processing file /home/gabzarp/.local/lib/python3.10/site-packages/airflow/example_dags/example_branch_operator_decorator.py for tasks to queue
[2024-09-12T02:00:39.088-0300] {logging_mixin.py:190} INFO - [2024-09-12T02:00:39.087-0300] {dagbag.py:587} INFO - Filling up the DagBag from /home/gabzarp/.local/lib/python3.10/site-packages/airflow/example_dags/example_branch_operator_decorator.py
[2024-09-12T02:00:39.103-0300] {processor.py:927} WARNING - No viable dags retrieved from /home/gabzarp/.local/lib/python3.10/site-packages/airflow/example_dags/example_branch_operator_decorator.py
[2024-09-12T02:00:39.110-0300] {processor.py:208} INFO - Processing /home/gabzarp/.local/lib/python3.10/site-packages/airflow/example_dags/example_branch_operator_decorator.py took 0.028 seconds
[2024-09-12T02:01:56.294-0300] {processor.py:186} INFO - Started process (PID=13871) to work on /home/gabzarp/.local/lib/python3.10/site-packages/airflow/example_dags/example_branch_operator_decorator.py
[2024-09-12T02:01:56.295-0300] {processor.py:914} INFO - Processing file /home/gabzarp/.local/lib/python3.10/site-packages/airflow/example_dags/example_branch_operator_decorator.py for tasks to queue
[2024-09-12T02:01:56.296-0300] {logging_mixin.py:190} INFO - [2024-09-12T02:01:56.296-0300] {dagbag.py:587} INFO - Filling up the DagBag from /home/gabzarp/.local/lib/python3.10/site-packages/airflow/example_dags/example_branch_operator_decorator.py
[2024-09-12T02:01:56.314-0300] {processor.py:927} WARNING - No viable dags retrieved from /home/gabzarp/.local/lib/python3.10/site-packages/airflow/example_dags/example_branch_operator_decorator.py
[2024-09-12T02:01:56.321-0300] {processor.py:208} INFO - Processing /home/gabzarp/.local/lib/python3.10/site-packages/airflow/example_dags/example_branch_operator_decorator.py took 0.031 seconds
[2024-09-12T02:03:07.222-0300] {processor.py:186} INFO - Started process (PID=14479) to work on /home/gabzarp/.local/lib/python3.10/site-packages/airflow/example_dags/example_branch_operator_decorator.py
[2024-09-12T02:03:07.223-0300] {processor.py:914} INFO - Processing file /home/gabzarp/.local/lib/python3.10/site-packages/airflow/example_dags/example_branch_operator_decorator.py for tasks to queue
[2024-09-12T02:03:07.224-0300] {logging_mixin.py:190} INFO - [2024-09-12T02:03:07.224-0300] {dagbag.py:587} INFO - Filling up the DagBag from /home/gabzarp/.local/lib/python3.10/site-packages/airflow/example_dags/example_branch_operator_decorator.py
[2024-09-12T02:03:07.239-0300] {processor.py:927} WARNING - No viable dags retrieved from /home/gabzarp/.local/lib/python3.10/site-packages/airflow/example_dags/example_branch_operator_decorator.py
[2024-09-12T02:03:07.245-0300] {processor.py:208} INFO - Processing /home/gabzarp/.local/lib/python3.10/site-packages/airflow/example_dags/example_branch_operator_decorator.py took 0.026 seconds
[2024-09-12T02:04:25.402-0300] {processor.py:186} INFO - Started process (PID=15097) to work on /home/gabzarp/.local/lib/python3.10/site-packages/airflow/example_dags/example_branch_operator_decorator.py
[2024-09-12T02:04:25.403-0300] {processor.py:914} INFO - Processing file /home/gabzarp/.local/lib/python3.10/site-packages/airflow/example_dags/example_branch_operator_decorator.py for tasks to queue
[2024-09-12T02:04:25.404-0300] {logging_mixin.py:190} INFO - [2024-09-12T02:04:25.404-0300] {dagbag.py:587} INFO - Filling up the DagBag from /home/gabzarp/.local/lib/python3.10/site-packages/airflow/example_dags/example_branch_operator_decorator.py
[2024-09-12T02:04:25.419-0300] {processor.py:927} WARNING - No viable dags retrieved from /home/gabzarp/.local/lib/python3.10/site-packages/airflow/example_dags/example_branch_operator_decorator.py
[2024-09-12T02:04:25.426-0300] {processor.py:208} INFO - Processing /home/gabzarp/.local/lib/python3.10/site-packages/airflow/example_dags/example_branch_operator_decorator.py took 0.028 seconds
[2024-09-12T02:05:45.369-0300] {processor.py:186} INFO - Started process (PID=15727) to work on /home/gabzarp/.local/lib/python3.10/site-packages/airflow/example_dags/example_branch_operator_decorator.py
[2024-09-12T02:05:45.370-0300] {processor.py:914} INFO - Processing file /home/gabzarp/.local/lib/python3.10/site-packages/airflow/example_dags/example_branch_operator_decorator.py for tasks to queue
[2024-09-12T02:05:45.371-0300] {logging_mixin.py:190} INFO - [2024-09-12T02:05:45.371-0300] {dagbag.py:587} INFO - Filling up the DagBag from /home/gabzarp/.local/lib/python3.10/site-packages/airflow/example_dags/example_branch_operator_decorator.py
[2024-09-12T02:05:45.387-0300] {processor.py:927} WARNING - No viable dags retrieved from /home/gabzarp/.local/lib/python3.10/site-packages/airflow/example_dags/example_branch_operator_decorator.py
[2024-09-12T02:05:45.394-0300] {processor.py:208} INFO - Processing /home/gabzarp/.local/lib/python3.10/site-packages/airflow/example_dags/example_branch_operator_decorator.py took 0.029 seconds
[2024-09-12T02:07:00.161-0300] {processor.py:186} INFO - Started process (PID=16319) to work on /home/gabzarp/.local/lib/python3.10/site-packages/airflow/example_dags/example_branch_operator_decorator.py
[2024-09-12T02:07:00.162-0300] {processor.py:914} INFO - Processing file /home/gabzarp/.local/lib/python3.10/site-packages/airflow/example_dags/example_branch_operator_decorator.py for tasks to queue
[2024-09-12T02:07:00.163-0300] {logging_mixin.py:190} INFO - [2024-09-12T02:07:00.163-0300] {dagbag.py:587} INFO - Filling up the DagBag from /home/gabzarp/.local/lib/python3.10/site-packages/airflow/example_dags/example_branch_operator_decorator.py
[2024-09-12T02:07:00.179-0300] {processor.py:927} WARNING - No viable dags retrieved from /home/gabzarp/.local/lib/python3.10/site-packages/airflow/example_dags/example_branch_operator_decorator.py
[2024-09-12T02:07:00.186-0300] {processor.py:208} INFO - Processing /home/gabzarp/.local/lib/python3.10/site-packages/airflow/example_dags/example_branch_operator_decorator.py took 0.029 seconds
[2024-09-12T02:08:14.348-0300] {processor.py:186} INFO - Started process (PID=16906) to work on /home/gabzarp/.local/lib/python3.10/site-packages/airflow/example_dags/example_branch_operator_decorator.py
[2024-09-12T02:08:14.349-0300] {processor.py:914} INFO - Processing file /home/gabzarp/.local/lib/python3.10/site-packages/airflow/example_dags/example_branch_operator_decorator.py for tasks to queue
[2024-09-12T02:08:14.350-0300] {logging_mixin.py:190} INFO - [2024-09-12T02:08:14.349-0300] {dagbag.py:587} INFO - Filling up the DagBag from /home/gabzarp/.local/lib/python3.10/site-packages/airflow/example_dags/example_branch_operator_decorator.py
[2024-09-12T02:08:14.362-0300] {processor.py:927} WARNING - No viable dags retrieved from /home/gabzarp/.local/lib/python3.10/site-packages/airflow/example_dags/example_branch_operator_decorator.py
[2024-09-12T02:08:14.368-0300] {processor.py:208} INFO - Processing /home/gabzarp/.local/lib/python3.10/site-packages/airflow/example_dags/example_branch_operator_decorator.py took 0.025 seconds
[2024-09-12T02:09:30.252-0300] {processor.py:186} INFO - Started process (PID=17543) to work on /home/gabzarp/.local/lib/python3.10/site-packages/airflow/example_dags/example_branch_operator_decorator.py
[2024-09-12T02:09:30.253-0300] {processor.py:914} INFO - Processing file /home/gabzarp/.local/lib/python3.10/site-packages/airflow/example_dags/example_branch_operator_decorator.py for tasks to queue
[2024-09-12T02:09:30.254-0300] {logging_mixin.py:190} INFO - [2024-09-12T02:09:30.253-0300] {dagbag.py:587} INFO - Filling up the DagBag from /home/gabzarp/.local/lib/python3.10/site-packages/airflow/example_dags/example_branch_operator_decorator.py
[2024-09-12T02:09:30.270-0300] {processor.py:927} WARNING - No viable dags retrieved from /home/gabzarp/.local/lib/python3.10/site-packages/airflow/example_dags/example_branch_operator_decorator.py
[2024-09-12T02:09:30.279-0300] {processor.py:208} INFO - Processing /home/gabzarp/.local/lib/python3.10/site-packages/airflow/example_dags/example_branch_operator_decorator.py took 0.033 seconds
