[2024-09-12T01:40:00.752-0300] {processor.py:186} INFO - Started process (PID=2728) to work on /home/gabzarp/.local/lib/python3.10/site-packages/airflow/example_dags/example_branch_labels.py
[2024-09-12T01:40:00.752-0300] {processor.py:914} INFO - Processing file /home/gabzarp/.local/lib/python3.10/site-packages/airflow/example_dags/example_branch_labels.py for tasks to queue
[2024-09-12T01:40:00.754-0300] {logging_mixin.py:190} INFO - [2024-09-12T01:40:00.753-0300] {dagbag.py:587} INFO - Filling up the DagBag from /home/gabzarp/.local/lib/python3.10/site-packages/airflow/example_dags/example_branch_labels.py
[2024-09-12T01:40:00.760-0300] {processor.py:925} INFO - DAG(s) 'example_branch_labels' retrieved from /home/gabzarp/.local/lib/python3.10/site-packages/airflow/example_dags/example_branch_labels.py
[2024-09-12T01:40:00.825-0300] {logging_mixin.py:190} INFO - [2024-09-12T01:40:00.824-0300] {override.py:1900} INFO - Created Permission View: can edit on DAG:example_branch_labels
[2024-09-12T01:40:00.833-0300] {logging_mixin.py:190} INFO - [2024-09-12T01:40:00.833-0300] {override.py:1900} INFO - Created Permission View: can read on DAG:example_branch_labels
[2024-09-12T01:40:00.840-0300] {logging_mixin.py:190} INFO - [2024-09-12T01:40:00.840-0300] {override.py:1900} INFO - Created Permission View: can delete on DAG:example_branch_labels
[2024-09-12T01:40:00.851-0300] {logging_mixin.py:190} INFO - [2024-09-12T01:40:00.851-0300] {override.py:1900} INFO - Created Permission View: can read on DAG Run:example_branch_labels
[2024-09-12T01:40:00.858-0300] {logging_mixin.py:190} INFO - [2024-09-12T01:40:00.857-0300] {override.py:1900} INFO - Created Permission View: can create on DAG Run:example_branch_labels
[2024-09-12T01:40:00.864-0300] {logging_mixin.py:190} INFO - [2024-09-12T01:40:00.864-0300] {override.py:1900} INFO - Created Permission View: menu access on DAG Run:example_branch_labels
[2024-09-12T01:40:00.871-0300] {logging_mixin.py:190} INFO - [2024-09-12T01:40:00.871-0300] {override.py:1900} INFO - Created Permission View: can delete on DAG Run:example_branch_labels
[2024-09-12T01:40:00.871-0300] {logging_mixin.py:190} INFO - [2024-09-12T01:40:00.871-0300] {dag.py:3229} INFO - Sync 1 DAGs
[2024-09-12T01:40:00.879-0300] {logging_mixin.py:190} INFO - [2024-09-12T01:40:00.879-0300] {dag.py:3252} INFO - Creating ORM DAG for example_branch_labels
[2024-09-12T01:40:00.884-0300] {logging_mixin.py:190} INFO - [2024-09-12T01:40:00.884-0300] {dag.py:4156} INFO - Setting next_dagrun for example_branch_labels to 2024-09-11 00:00:00+00:00, run_after=2024-09-12 00:00:00+00:00
[2024-09-12T01:40:00.897-0300] {processor.py:208} INFO - Processing /home/gabzarp/.local/lib/python3.10/site-packages/airflow/example_dags/example_branch_labels.py took 0.149 seconds
[2024-09-12T01:40:56.030-0300] {processor.py:186} INFO - Started process (PID=3007) to work on /home/gabzarp/.local/lib/python3.10/site-packages/airflow/example_dags/example_branch_labels.py
[2024-09-12T01:40:56.031-0300] {processor.py:914} INFO - Processing file /home/gabzarp/.local/lib/python3.10/site-packages/airflow/example_dags/example_branch_labels.py for tasks to queue
[2024-09-12T01:40:56.032-0300] {logging_mixin.py:190} INFO - [2024-09-12T01:40:56.032-0300] {dagbag.py:587} INFO - Filling up the DagBag from /home/gabzarp/.local/lib/python3.10/site-packages/airflow/example_dags/example_branch_labels.py
[2024-09-12T01:40:56.038-0300] {processor.py:925} INFO - DAG(s) 'example_branch_labels' retrieved from /home/gabzarp/.local/lib/python3.10/site-packages/airflow/example_dags/example_branch_labels.py
[2024-09-12T01:40:56.049-0300] {logging_mixin.py:190} INFO - [2024-09-12T01:40:56.049-0300] {dag.py:3229} INFO - Sync 1 DAGs
[2024-09-12T01:40:56.063-0300] {logging_mixin.py:190} INFO - [2024-09-12T01:40:56.063-0300] {dag.py:4156} INFO - Setting next_dagrun for example_branch_labels to 2024-09-11 00:00:00+00:00, run_after=2024-09-12 00:00:00+00:00
[2024-09-12T01:40:56.076-0300] {processor.py:208} INFO - Processing /home/gabzarp/.local/lib/python3.10/site-packages/airflow/example_dags/example_branch_labels.py took 0.050 seconds
[2024-09-12T01:41:49.258-0300] {processor.py:186} INFO - Started process (PID=3355) to work on /home/gabzarp/.local/lib/python3.10/site-packages/airflow/example_dags/example_branch_labels.py
[2024-09-12T01:41:49.259-0300] {processor.py:914} INFO - Processing file /home/gabzarp/.local/lib/python3.10/site-packages/airflow/example_dags/example_branch_labels.py for tasks to queue
[2024-09-12T01:41:49.260-0300] {logging_mixin.py:190} INFO - [2024-09-12T01:41:49.260-0300] {dagbag.py:587} INFO - Filling up the DagBag from /home/gabzarp/.local/lib/python3.10/site-packages/airflow/example_dags/example_branch_labels.py
[2024-09-12T01:41:49.266-0300] {processor.py:925} INFO - DAG(s) 'example_branch_labels' retrieved from /home/gabzarp/.local/lib/python3.10/site-packages/airflow/example_dags/example_branch_labels.py
[2024-09-12T01:41:49.277-0300] {logging_mixin.py:190} INFO - [2024-09-12T01:41:49.276-0300] {dag.py:3229} INFO - Sync 1 DAGs
[2024-09-12T01:41:49.289-0300] {logging_mixin.py:190} INFO - [2024-09-12T01:41:49.289-0300] {dag.py:4156} INFO - Setting next_dagrun for example_branch_labels to 2024-09-11 00:00:00+00:00, run_after=2024-09-12 00:00:00+00:00
[2024-09-12T01:41:49.308-0300] {processor.py:208} INFO - Processing /home/gabzarp/.local/lib/python3.10/site-packages/airflow/example_dags/example_branch_labels.py took 0.053 seconds
[2024-09-12T01:42:42.186-0300] {processor.py:186} INFO - Started process (PID=3621) to work on /home/gabzarp/.local/lib/python3.10/site-packages/airflow/example_dags/example_branch_labels.py
[2024-09-12T01:42:42.187-0300] {processor.py:914} INFO - Processing file /home/gabzarp/.local/lib/python3.10/site-packages/airflow/example_dags/example_branch_labels.py for tasks to queue
[2024-09-12T01:42:42.189-0300] {logging_mixin.py:190} INFO - [2024-09-12T01:42:42.188-0300] {dagbag.py:587} INFO - Filling up the DagBag from /home/gabzarp/.local/lib/python3.10/site-packages/airflow/example_dags/example_branch_labels.py
[2024-09-12T01:42:42.195-0300] {processor.py:925} INFO - DAG(s) 'example_branch_labels' retrieved from /home/gabzarp/.local/lib/python3.10/site-packages/airflow/example_dags/example_branch_labels.py
[2024-09-12T01:42:42.206-0300] {logging_mixin.py:190} INFO - [2024-09-12T01:42:42.206-0300] {dag.py:3229} INFO - Sync 1 DAGs
[2024-09-12T01:42:42.219-0300] {logging_mixin.py:190} INFO - [2024-09-12T01:42:42.219-0300] {dag.py:4156} INFO - Setting next_dagrun for example_branch_labels to 2024-09-11 00:00:00+00:00, run_after=2024-09-12 00:00:00+00:00
[2024-09-12T01:42:42.234-0300] {processor.py:208} INFO - Processing /home/gabzarp/.local/lib/python3.10/site-packages/airflow/example_dags/example_branch_labels.py took 0.051 seconds
[2024-09-12T01:43:30.631-0300] {processor.py:186} INFO - Started process (PID=3865) to work on /home/gabzarp/.local/lib/python3.10/site-packages/airflow/example_dags/example_branch_labels.py
[2024-09-12T01:43:30.632-0300] {processor.py:914} INFO - Processing file /home/gabzarp/.local/lib/python3.10/site-packages/airflow/example_dags/example_branch_labels.py for tasks to queue
[2024-09-12T01:43:30.633-0300] {logging_mixin.py:190} INFO - [2024-09-12T01:43:30.633-0300] {dagbag.py:587} INFO - Filling up the DagBag from /home/gabzarp/.local/lib/python3.10/site-packages/airflow/example_dags/example_branch_labels.py
[2024-09-12T01:43:30.639-0300] {processor.py:925} INFO - DAG(s) 'example_branch_labels' retrieved from /home/gabzarp/.local/lib/python3.10/site-packages/airflow/example_dags/example_branch_labels.py
[2024-09-12T01:43:30.651-0300] {logging_mixin.py:190} INFO - [2024-09-12T01:43:30.651-0300] {dag.py:3229} INFO - Sync 1 DAGs
[2024-09-12T01:43:30.666-0300] {logging_mixin.py:190} INFO - [2024-09-12T01:43:30.666-0300] {dag.py:4156} INFO - Setting next_dagrun for example_branch_labels to 2024-09-11 00:00:00+00:00, run_after=2024-09-12 00:00:00+00:00
[2024-09-12T01:43:30.681-0300] {processor.py:208} INFO - Processing /home/gabzarp/.local/lib/python3.10/site-packages/airflow/example_dags/example_branch_labels.py took 0.053 seconds
[2024-09-12T01:45:10.224-0300] {processor.py:186} INFO - Started process (PID=5115) to work on /home/gabzarp/.local/lib/python3.10/site-packages/airflow/example_dags/example_branch_labels.py
[2024-09-12T01:45:10.224-0300] {processor.py:914} INFO - Processing file /home/gabzarp/.local/lib/python3.10/site-packages/airflow/example_dags/example_branch_labels.py for tasks to queue
[2024-09-12T01:45:10.226-0300] {logging_mixin.py:190} INFO - [2024-09-12T01:45:10.225-0300] {dagbag.py:587} INFO - Filling up the DagBag from /home/gabzarp/.local/lib/python3.10/site-packages/airflow/example_dags/example_branch_labels.py
[2024-09-12T01:45:10.232-0300] {processor.py:925} INFO - DAG(s) 'example_branch_labels' retrieved from /home/gabzarp/.local/lib/python3.10/site-packages/airflow/example_dags/example_branch_labels.py
[2024-09-12T01:45:10.243-0300] {logging_mixin.py:190} INFO - [2024-09-12T01:45:10.243-0300] {dag.py:3229} INFO - Sync 1 DAGs
[2024-09-12T01:45:10.257-0300] {logging_mixin.py:190} INFO - [2024-09-12T01:45:10.257-0300] {dag.py:4156} INFO - Setting next_dagrun for example_branch_labels to 2024-09-11 00:00:00+00:00, run_after=2024-09-12 00:00:00+00:00
[2024-09-12T01:45:10.274-0300] {processor.py:208} INFO - Processing /home/gabzarp/.local/lib/python3.10/site-packages/airflow/example_dags/example_branch_labels.py took 0.055 seconds
[2024-09-12T01:46:02.698-0300] {processor.py:186} INFO - Started process (PID=5532) to work on /home/gabzarp/.local/lib/python3.10/site-packages/airflow/example_dags/example_branch_labels.py
[2024-09-12T01:46:02.699-0300] {processor.py:914} INFO - Processing file /home/gabzarp/.local/lib/python3.10/site-packages/airflow/example_dags/example_branch_labels.py for tasks to queue
[2024-09-12T01:46:02.700-0300] {logging_mixin.py:190} INFO - [2024-09-12T01:46:02.700-0300] {dagbag.py:587} INFO - Filling up the DagBag from /home/gabzarp/.local/lib/python3.10/site-packages/airflow/example_dags/example_branch_labels.py
[2024-09-12T01:46:02.707-0300] {processor.py:925} INFO - DAG(s) 'example_branch_labels' retrieved from /home/gabzarp/.local/lib/python3.10/site-packages/airflow/example_dags/example_branch_labels.py
[2024-09-12T01:46:02.720-0300] {logging_mixin.py:190} INFO - [2024-09-12T01:46:02.720-0300] {dag.py:3229} INFO - Sync 1 DAGs
[2024-09-12T01:46:02.735-0300] {logging_mixin.py:190} INFO - [2024-09-12T01:46:02.735-0300] {dag.py:4156} INFO - Setting next_dagrun for example_branch_labels to 2024-09-11 00:00:00+00:00, run_after=2024-09-12 00:00:00+00:00
[2024-09-12T01:46:02.753-0300] {processor.py:208} INFO - Processing /home/gabzarp/.local/lib/python3.10/site-packages/airflow/example_dags/example_branch_labels.py took 0.060 seconds
[2024-09-12T01:46:53.794-0300] {processor.py:186} INFO - Started process (PID=5943) to work on /home/gabzarp/.local/lib/python3.10/site-packages/airflow/example_dags/example_branch_labels.py
[2024-09-12T01:46:53.795-0300] {processor.py:914} INFO - Processing file /home/gabzarp/.local/lib/python3.10/site-packages/airflow/example_dags/example_branch_labels.py for tasks to queue
[2024-09-12T01:46:53.796-0300] {logging_mixin.py:190} INFO - [2024-09-12T01:46:53.796-0300] {dagbag.py:587} INFO - Filling up the DagBag from /home/gabzarp/.local/lib/python3.10/site-packages/airflow/example_dags/example_branch_labels.py
[2024-09-12T01:46:53.802-0300] {processor.py:925} INFO - DAG(s) 'example_branch_labels' retrieved from /home/gabzarp/.local/lib/python3.10/site-packages/airflow/example_dags/example_branch_labels.py
[2024-09-12T01:46:53.812-0300] {logging_mixin.py:190} INFO - [2024-09-12T01:46:53.812-0300] {dag.py:3229} INFO - Sync 1 DAGs
[2024-09-12T01:46:53.825-0300] {logging_mixin.py:190} INFO - [2024-09-12T01:46:53.825-0300] {dag.py:4156} INFO - Setting next_dagrun for example_branch_labels to 2024-09-11 00:00:00+00:00, run_after=2024-09-12 00:00:00+00:00
[2024-09-12T01:46:53.840-0300] {processor.py:208} INFO - Processing /home/gabzarp/.local/lib/python3.10/site-packages/airflow/example_dags/example_branch_labels.py took 0.050 seconds
[2024-09-12T01:48:04.583-0300] {processor.py:186} INFO - Started process (PID=6511) to work on /home/gabzarp/.local/lib/python3.10/site-packages/airflow/example_dags/example_branch_labels.py
[2024-09-12T01:48:04.584-0300] {processor.py:914} INFO - Processing file /home/gabzarp/.local/lib/python3.10/site-packages/airflow/example_dags/example_branch_labels.py for tasks to queue
[2024-09-12T01:48:04.585-0300] {logging_mixin.py:190} INFO - [2024-09-12T01:48:04.585-0300] {dagbag.py:587} INFO - Filling up the DagBag from /home/gabzarp/.local/lib/python3.10/site-packages/airflow/example_dags/example_branch_labels.py
[2024-09-12T01:48:04.591-0300] {processor.py:925} INFO - DAG(s) 'example_branch_labels' retrieved from /home/gabzarp/.local/lib/python3.10/site-packages/airflow/example_dags/example_branch_labels.py
[2024-09-12T01:48:04.601-0300] {logging_mixin.py:190} INFO - [2024-09-12T01:48:04.601-0300] {dag.py:3229} INFO - Sync 1 DAGs
[2024-09-12T01:48:04.614-0300] {logging_mixin.py:190} INFO - [2024-09-12T01:48:04.614-0300] {dag.py:4156} INFO - Setting next_dagrun for example_branch_labels to 2024-09-11 00:00:00+00:00, run_after=2024-09-12 00:00:00+00:00
[2024-09-12T01:48:04.630-0300] {processor.py:208} INFO - Processing /home/gabzarp/.local/lib/python3.10/site-packages/airflow/example_dags/example_branch_labels.py took 0.050 seconds
[2024-09-12T01:48:55.727-0300] {processor.py:186} INFO - Started process (PID=7057) to work on /home/gabzarp/.local/lib/python3.10/site-packages/airflow/example_dags/example_branch_labels.py
[2024-09-12T01:48:55.728-0300] {processor.py:914} INFO - Processing file /home/gabzarp/.local/lib/python3.10/site-packages/airflow/example_dags/example_branch_labels.py for tasks to queue
[2024-09-12T01:48:55.729-0300] {logging_mixin.py:190} INFO - [2024-09-12T01:48:55.729-0300] {dagbag.py:587} INFO - Filling up the DagBag from /home/gabzarp/.local/lib/python3.10/site-packages/airflow/example_dags/example_branch_labels.py
[2024-09-12T01:48:55.738-0300] {processor.py:925} INFO - DAG(s) 'example_branch_labels' retrieved from /home/gabzarp/.local/lib/python3.10/site-packages/airflow/example_dags/example_branch_labels.py
[2024-09-12T01:48:55.748-0300] {logging_mixin.py:190} INFO - [2024-09-12T01:48:55.748-0300] {dag.py:3229} INFO - Sync 1 DAGs
[2024-09-12T01:48:55.761-0300] {logging_mixin.py:190} INFO - [2024-09-12T01:48:55.761-0300] {dag.py:4156} INFO - Setting next_dagrun for example_branch_labels to 2024-09-11 00:00:00+00:00, run_after=2024-09-12 00:00:00+00:00
[2024-09-12T01:48:55.776-0300] {processor.py:208} INFO - Processing /home/gabzarp/.local/lib/python3.10/site-packages/airflow/example_dags/example_branch_labels.py took 0.055 seconds
[2024-09-12T01:49:45.627-0300] {processor.py:186} INFO - Started process (PID=7449) to work on /home/gabzarp/.local/lib/python3.10/site-packages/airflow/example_dags/example_branch_labels.py
[2024-09-12T01:49:45.628-0300] {processor.py:914} INFO - Processing file /home/gabzarp/.local/lib/python3.10/site-packages/airflow/example_dags/example_branch_labels.py for tasks to queue
[2024-09-12T01:49:45.629-0300] {logging_mixin.py:190} INFO - [2024-09-12T01:49:45.628-0300] {dagbag.py:587} INFO - Filling up the DagBag from /home/gabzarp/.local/lib/python3.10/site-packages/airflow/example_dags/example_branch_labels.py
[2024-09-12T01:49:45.635-0300] {processor.py:925} INFO - DAG(s) 'example_branch_labels' retrieved from /home/gabzarp/.local/lib/python3.10/site-packages/airflow/example_dags/example_branch_labels.py
[2024-09-12T01:49:45.645-0300] {logging_mixin.py:190} INFO - [2024-09-12T01:49:45.645-0300] {dag.py:3229} INFO - Sync 1 DAGs
[2024-09-12T01:49:45.658-0300] {logging_mixin.py:190} INFO - [2024-09-12T01:49:45.658-0300] {dag.py:4156} INFO - Setting next_dagrun for example_branch_labels to 2024-09-11 00:00:00+00:00, run_after=2024-09-12 00:00:00+00:00
[2024-09-12T01:49:45.672-0300] {processor.py:208} INFO - Processing /home/gabzarp/.local/lib/python3.10/site-packages/airflow/example_dags/example_branch_labels.py took 0.049 seconds
[2024-09-12T01:50:35.973-0300] {processor.py:186} INFO - Started process (PID=7937) to work on /home/gabzarp/.local/lib/python3.10/site-packages/airflow/example_dags/example_branch_labels.py
[2024-09-12T01:50:35.974-0300] {processor.py:914} INFO - Processing file /home/gabzarp/.local/lib/python3.10/site-packages/airflow/example_dags/example_branch_labels.py for tasks to queue
[2024-09-12T01:50:35.975-0300] {logging_mixin.py:190} INFO - [2024-09-12T01:50:35.974-0300] {dagbag.py:587} INFO - Filling up the DagBag from /home/gabzarp/.local/lib/python3.10/site-packages/airflow/example_dags/example_branch_labels.py
[2024-09-12T01:50:35.981-0300] {processor.py:925} INFO - DAG(s) 'example_branch_labels' retrieved from /home/gabzarp/.local/lib/python3.10/site-packages/airflow/example_dags/example_branch_labels.py
[2024-09-12T01:50:35.992-0300] {logging_mixin.py:190} INFO - [2024-09-12T01:50:35.992-0300] {dag.py:3229} INFO - Sync 1 DAGs
[2024-09-12T01:50:36.004-0300] {logging_mixin.py:190} INFO - [2024-09-12T01:50:36.004-0300] {dag.py:4156} INFO - Setting next_dagrun for example_branch_labels to 2024-09-11 00:00:00+00:00, run_after=2024-09-12 00:00:00+00:00
[2024-09-12T01:50:36.018-0300] {processor.py:208} INFO - Processing /home/gabzarp/.local/lib/python3.10/site-packages/airflow/example_dags/example_branch_labels.py took 0.048 seconds
[2024-09-12T01:51:25.235-0300] {processor.py:186} INFO - Started process (PID=8365) to work on /home/gabzarp/.local/lib/python3.10/site-packages/airflow/example_dags/example_branch_labels.py
[2024-09-12T01:51:25.236-0300] {processor.py:914} INFO - Processing file /home/gabzarp/.local/lib/python3.10/site-packages/airflow/example_dags/example_branch_labels.py for tasks to queue
[2024-09-12T01:51:25.236-0300] {logging_mixin.py:190} INFO - [2024-09-12T01:51:25.236-0300] {dagbag.py:587} INFO - Filling up the DagBag from /home/gabzarp/.local/lib/python3.10/site-packages/airflow/example_dags/example_branch_labels.py
[2024-09-12T01:51:25.243-0300] {processor.py:925} INFO - DAG(s) 'example_branch_labels' retrieved from /home/gabzarp/.local/lib/python3.10/site-packages/airflow/example_dags/example_branch_labels.py
[2024-09-12T01:51:25.253-0300] {logging_mixin.py:190} INFO - [2024-09-12T01:51:25.252-0300] {dag.py:3229} INFO - Sync 1 DAGs
[2024-09-12T01:51:25.266-0300] {logging_mixin.py:190} INFO - [2024-09-12T01:51:25.266-0300] {dag.py:4156} INFO - Setting next_dagrun for example_branch_labels to 2024-09-11 00:00:00+00:00, run_after=2024-09-12 00:00:00+00:00
[2024-09-12T01:51:25.279-0300] {processor.py:208} INFO - Processing /home/gabzarp/.local/lib/python3.10/site-packages/airflow/example_dags/example_branch_labels.py took 0.048 seconds
[2024-09-12T01:52:39.542-0300] {processor.py:186} INFO - Started process (PID=9140) to work on /home/gabzarp/.local/lib/python3.10/site-packages/airflow/example_dags/example_branch_labels.py
[2024-09-12T01:52:39.543-0300] {processor.py:914} INFO - Processing file /home/gabzarp/.local/lib/python3.10/site-packages/airflow/example_dags/example_branch_labels.py for tasks to queue
[2024-09-12T01:52:39.544-0300] {logging_mixin.py:190} INFO - [2024-09-12T01:52:39.544-0300] {dagbag.py:587} INFO - Filling up the DagBag from /home/gabzarp/.local/lib/python3.10/site-packages/airflow/example_dags/example_branch_labels.py
[2024-09-12T01:52:39.550-0300] {processor.py:925} INFO - DAG(s) 'example_branch_labels' retrieved from /home/gabzarp/.local/lib/python3.10/site-packages/airflow/example_dags/example_branch_labels.py
[2024-09-12T01:52:39.560-0300] {logging_mixin.py:190} INFO - [2024-09-12T01:52:39.560-0300] {dag.py:3229} INFO - Sync 1 DAGs
[2024-09-12T01:52:39.574-0300] {logging_mixin.py:190} INFO - [2024-09-12T01:52:39.573-0300] {dag.py:4156} INFO - Setting next_dagrun for example_branch_labels to 2024-09-11 00:00:00+00:00, run_after=2024-09-12 00:00:00+00:00
[2024-09-12T01:52:39.587-0300] {processor.py:208} INFO - Processing /home/gabzarp/.local/lib/python3.10/site-packages/airflow/example_dags/example_branch_labels.py took 0.049 seconds
[2024-09-12T01:53:31.312-0300] {processor.py:186} INFO - Started process (PID=9622) to work on /home/gabzarp/.local/lib/python3.10/site-packages/airflow/example_dags/example_branch_labels.py
[2024-09-12T01:53:31.313-0300] {processor.py:914} INFO - Processing file /home/gabzarp/.local/lib/python3.10/site-packages/airflow/example_dags/example_branch_labels.py for tasks to queue
[2024-09-12T01:53:31.314-0300] {logging_mixin.py:190} INFO - [2024-09-12T01:53:31.314-0300] {dagbag.py:587} INFO - Filling up the DagBag from /home/gabzarp/.local/lib/python3.10/site-packages/airflow/example_dags/example_branch_labels.py
[2024-09-12T01:53:31.321-0300] {processor.py:925} INFO - DAG(s) 'example_branch_labels' retrieved from /home/gabzarp/.local/lib/python3.10/site-packages/airflow/example_dags/example_branch_labels.py
[2024-09-12T01:53:31.332-0300] {logging_mixin.py:190} INFO - [2024-09-12T01:53:31.332-0300] {dag.py:3229} INFO - Sync 1 DAGs
[2024-09-12T01:53:31.345-0300] {logging_mixin.py:190} INFO - [2024-09-12T01:53:31.345-0300] {dag.py:4156} INFO - Setting next_dagrun for example_branch_labels to 2024-09-11 00:00:00+00:00, run_after=2024-09-12 00:00:00+00:00
[2024-09-12T01:53:31.360-0300] {processor.py:208} INFO - Processing /home/gabzarp/.local/lib/python3.10/site-packages/airflow/example_dags/example_branch_labels.py took 0.051 seconds
[2024-09-12T01:54:23.039-0300] {processor.py:186} INFO - Started process (PID=10061) to work on /home/gabzarp/.local/lib/python3.10/site-packages/airflow/example_dags/example_branch_labels.py
[2024-09-12T01:54:23.040-0300] {processor.py:914} INFO - Processing file /home/gabzarp/.local/lib/python3.10/site-packages/airflow/example_dags/example_branch_labels.py for tasks to queue
[2024-09-12T01:54:23.041-0300] {logging_mixin.py:190} INFO - [2024-09-12T01:54:23.041-0300] {dagbag.py:587} INFO - Filling up the DagBag from /home/gabzarp/.local/lib/python3.10/site-packages/airflow/example_dags/example_branch_labels.py
[2024-09-12T01:54:23.049-0300] {processor.py:925} INFO - DAG(s) 'example_branch_labels' retrieved from /home/gabzarp/.local/lib/python3.10/site-packages/airflow/example_dags/example_branch_labels.py
[2024-09-12T01:54:23.062-0300] {logging_mixin.py:190} INFO - [2024-09-12T01:54:23.062-0300] {dag.py:3229} INFO - Sync 1 DAGs
[2024-09-12T01:54:23.076-0300] {logging_mixin.py:190} INFO - [2024-09-12T01:54:23.076-0300] {dag.py:4156} INFO - Setting next_dagrun for example_branch_labels to 2024-09-11 00:00:00+00:00, run_after=2024-09-12 00:00:00+00:00
[2024-09-12T01:54:23.092-0300] {processor.py:208} INFO - Processing /home/gabzarp/.local/lib/python3.10/site-packages/airflow/example_dags/example_branch_labels.py took 0.056 seconds
[2024-09-12T01:55:15.789-0300] {processor.py:186} INFO - Started process (PID=10480) to work on /home/gabzarp/.local/lib/python3.10/site-packages/airflow/example_dags/example_branch_labels.py
[2024-09-12T01:55:15.790-0300] {processor.py:914} INFO - Processing file /home/gabzarp/.local/lib/python3.10/site-packages/airflow/example_dags/example_branch_labels.py for tasks to queue
[2024-09-12T01:55:15.791-0300] {logging_mixin.py:190} INFO - [2024-09-12T01:55:15.791-0300] {dagbag.py:587} INFO - Filling up the DagBag from /home/gabzarp/.local/lib/python3.10/site-packages/airflow/example_dags/example_branch_labels.py
[2024-09-12T01:55:15.797-0300] {processor.py:925} INFO - DAG(s) 'example_branch_labels' retrieved from /home/gabzarp/.local/lib/python3.10/site-packages/airflow/example_dags/example_branch_labels.py
[2024-09-12T01:55:15.807-0300] {logging_mixin.py:190} INFO - [2024-09-12T01:55:15.807-0300] {dag.py:3229} INFO - Sync 1 DAGs
[2024-09-12T01:55:15.820-0300] {logging_mixin.py:190} INFO - [2024-09-12T01:55:15.820-0300] {dag.py:4156} INFO - Setting next_dagrun for example_branch_labels to 2024-09-11 00:00:00+00:00, run_after=2024-09-12 00:00:00+00:00
[2024-09-12T01:55:15.871-0300] {processor.py:208} INFO - Processing /home/gabzarp/.local/lib/python3.10/site-packages/airflow/example_dags/example_branch_labels.py took 0.086 seconds
[2024-09-12T01:56:10.537-0300] {processor.py:186} INFO - Started process (PID=10939) to work on /home/gabzarp/.local/lib/python3.10/site-packages/airflow/example_dags/example_branch_labels.py
[2024-09-12T01:56:10.538-0300] {processor.py:914} INFO - Processing file /home/gabzarp/.local/lib/python3.10/site-packages/airflow/example_dags/example_branch_labels.py for tasks to queue
[2024-09-12T01:56:10.539-0300] {logging_mixin.py:190} INFO - [2024-09-12T01:56:10.539-0300] {dagbag.py:587} INFO - Filling up the DagBag from /home/gabzarp/.local/lib/python3.10/site-packages/airflow/example_dags/example_branch_labels.py
[2024-09-12T01:56:10.545-0300] {processor.py:925} INFO - DAG(s) 'example_branch_labels' retrieved from /home/gabzarp/.local/lib/python3.10/site-packages/airflow/example_dags/example_branch_labels.py
[2024-09-12T01:56:10.555-0300] {logging_mixin.py:190} INFO - [2024-09-12T01:56:10.555-0300] {dag.py:3229} INFO - Sync 1 DAGs
[2024-09-12T01:56:10.568-0300] {logging_mixin.py:190} INFO - [2024-09-12T01:56:10.568-0300] {dag.py:4156} INFO - Setting next_dagrun for example_branch_labels to 2024-09-11 00:00:00+00:00, run_after=2024-09-12 00:00:00+00:00
[2024-09-12T01:56:10.650-0300] {processor.py:208} INFO - Processing /home/gabzarp/.local/lib/python3.10/site-packages/airflow/example_dags/example_branch_labels.py took 0.117 seconds
[2024-09-12T01:57:03.833-0300] {processor.py:186} INFO - Started process (PID=11411) to work on /home/gabzarp/.local/lib/python3.10/site-packages/airflow/example_dags/example_branch_labels.py
[2024-09-12T01:57:03.834-0300] {processor.py:914} INFO - Processing file /home/gabzarp/.local/lib/python3.10/site-packages/airflow/example_dags/example_branch_labels.py for tasks to queue
[2024-09-12T01:57:03.835-0300] {logging_mixin.py:190} INFO - [2024-09-12T01:57:03.835-0300] {dagbag.py:587} INFO - Filling up the DagBag from /home/gabzarp/.local/lib/python3.10/site-packages/airflow/example_dags/example_branch_labels.py
[2024-09-12T01:57:03.844-0300] {processor.py:925} INFO - DAG(s) 'example_branch_labels' retrieved from /home/gabzarp/.local/lib/python3.10/site-packages/airflow/example_dags/example_branch_labels.py
[2024-09-12T01:57:03.857-0300] {logging_mixin.py:190} INFO - [2024-09-12T01:57:03.856-0300] {dag.py:3229} INFO - Sync 1 DAGs
[2024-09-12T01:57:03.873-0300] {logging_mixin.py:190} INFO - [2024-09-12T01:57:03.873-0300] {dag.py:4156} INFO - Setting next_dagrun for example_branch_labels to 2024-09-11 00:00:00+00:00, run_after=2024-09-12 00:00:00+00:00
[2024-09-12T01:57:03.889-0300] {processor.py:208} INFO - Processing /home/gabzarp/.local/lib/python3.10/site-packages/airflow/example_dags/example_branch_labels.py took 0.060 seconds
[2024-09-12T01:57:57.663-0300] {processor.py:186} INFO - Started process (PID=11834) to work on /home/gabzarp/.local/lib/python3.10/site-packages/airflow/example_dags/example_branch_labels.py
[2024-09-12T01:57:57.664-0300] {processor.py:914} INFO - Processing file /home/gabzarp/.local/lib/python3.10/site-packages/airflow/example_dags/example_branch_labels.py for tasks to queue
[2024-09-12T01:57:57.665-0300] {logging_mixin.py:190} INFO - [2024-09-12T01:57:57.665-0300] {dagbag.py:587} INFO - Filling up the DagBag from /home/gabzarp/.local/lib/python3.10/site-packages/airflow/example_dags/example_branch_labels.py
[2024-09-12T01:57:57.672-0300] {processor.py:925} INFO - DAG(s) 'example_branch_labels' retrieved from /home/gabzarp/.local/lib/python3.10/site-packages/airflow/example_dags/example_branch_labels.py
[2024-09-12T01:57:57.683-0300] {logging_mixin.py:190} INFO - [2024-09-12T01:57:57.682-0300] {dag.py:3229} INFO - Sync 1 DAGs
[2024-09-12T01:57:57.697-0300] {logging_mixin.py:190} INFO - [2024-09-12T01:57:57.697-0300] {dag.py:4156} INFO - Setting next_dagrun for example_branch_labels to 2024-09-11 00:00:00+00:00, run_after=2024-09-12 00:00:00+00:00
[2024-09-12T01:57:57.712-0300] {processor.py:208} INFO - Processing /home/gabzarp/.local/lib/python3.10/site-packages/airflow/example_dags/example_branch_labels.py took 0.053 seconds
[2024-09-12T01:58:51.200-0300] {processor.py:186} INFO - Started process (PID=12255) to work on /home/gabzarp/.local/lib/python3.10/site-packages/airflow/example_dags/example_branch_labels.py
[2024-09-12T01:58:51.200-0300] {processor.py:914} INFO - Processing file /home/gabzarp/.local/lib/python3.10/site-packages/airflow/example_dags/example_branch_labels.py for tasks to queue
[2024-09-12T01:58:51.201-0300] {logging_mixin.py:190} INFO - [2024-09-12T01:58:51.201-0300] {dagbag.py:587} INFO - Filling up the DagBag from /home/gabzarp/.local/lib/python3.10/site-packages/airflow/example_dags/example_branch_labels.py
[2024-09-12T01:58:51.207-0300] {processor.py:925} INFO - DAG(s) 'example_branch_labels' retrieved from /home/gabzarp/.local/lib/python3.10/site-packages/airflow/example_dags/example_branch_labels.py
[2024-09-12T01:58:51.218-0300] {logging_mixin.py:190} INFO - [2024-09-12T01:58:51.217-0300] {dag.py:3229} INFO - Sync 1 DAGs
[2024-09-12T01:58:51.230-0300] {logging_mixin.py:190} INFO - [2024-09-12T01:58:51.230-0300] {dag.py:4156} INFO - Setting next_dagrun for example_branch_labels to 2024-09-11 00:00:00+00:00, run_after=2024-09-12 00:00:00+00:00
[2024-09-12T01:58:51.243-0300] {processor.py:208} INFO - Processing /home/gabzarp/.local/lib/python3.10/site-packages/airflow/example_dags/example_branch_labels.py took 0.047 seconds
[2024-09-12T01:59:43.331-0300] {processor.py:186} INFO - Started process (PID=12672) to work on /home/gabzarp/.local/lib/python3.10/site-packages/airflow/example_dags/example_branch_labels.py
[2024-09-12T01:59:43.332-0300] {processor.py:914} INFO - Processing file /home/gabzarp/.local/lib/python3.10/site-packages/airflow/example_dags/example_branch_labels.py for tasks to queue
[2024-09-12T01:59:43.333-0300] {logging_mixin.py:190} INFO - [2024-09-12T01:59:43.332-0300] {dagbag.py:587} INFO - Filling up the DagBag from /home/gabzarp/.local/lib/python3.10/site-packages/airflow/example_dags/example_branch_labels.py
[2024-09-12T01:59:43.339-0300] {processor.py:925} INFO - DAG(s) 'example_branch_labels' retrieved from /home/gabzarp/.local/lib/python3.10/site-packages/airflow/example_dags/example_branch_labels.py
[2024-09-12T01:59:43.351-0300] {logging_mixin.py:190} INFO - [2024-09-12T01:59:43.351-0300] {dag.py:3229} INFO - Sync 1 DAGs
[2024-09-12T01:59:43.365-0300] {logging_mixin.py:190} INFO - [2024-09-12T01:59:43.365-0300] {dag.py:4156} INFO - Setting next_dagrun for example_branch_labels to 2024-09-11 00:00:00+00:00, run_after=2024-09-12 00:00:00+00:00
[2024-09-12T01:59:43.379-0300] {processor.py:208} INFO - Processing /home/gabzarp/.local/lib/python3.10/site-packages/airflow/example_dags/example_branch_labels.py took 0.051 seconds
[2024-09-12T02:00:34.639-0300] {processor.py:186} INFO - Started process (PID=13153) to work on /home/gabzarp/.local/lib/python3.10/site-packages/airflow/example_dags/example_branch_labels.py
[2024-09-12T02:00:34.640-0300] {processor.py:914} INFO - Processing file /home/gabzarp/.local/lib/python3.10/site-packages/airflow/example_dags/example_branch_labels.py for tasks to queue
[2024-09-12T02:00:34.641-0300] {logging_mixin.py:190} INFO - [2024-09-12T02:00:34.640-0300] {dagbag.py:587} INFO - Filling up the DagBag from /home/gabzarp/.local/lib/python3.10/site-packages/airflow/example_dags/example_branch_labels.py
[2024-09-12T02:00:34.647-0300] {processor.py:925} INFO - DAG(s) 'example_branch_labels' retrieved from /home/gabzarp/.local/lib/python3.10/site-packages/airflow/example_dags/example_branch_labels.py
[2024-09-12T02:00:34.657-0300] {logging_mixin.py:190} INFO - [2024-09-12T02:00:34.657-0300] {dag.py:3229} INFO - Sync 1 DAGs
[2024-09-12T02:00:34.670-0300] {logging_mixin.py:190} INFO - [2024-09-12T02:00:34.670-0300] {dag.py:4156} INFO - Setting next_dagrun for example_branch_labels to 2024-09-11 00:00:00+00:00, run_after=2024-09-12 00:00:00+00:00
[2024-09-12T02:00:34.684-0300] {processor.py:208} INFO - Processing /home/gabzarp/.local/lib/python3.10/site-packages/airflow/example_dags/example_branch_labels.py took 0.049 seconds
[2024-09-12T02:01:26.465-0300] {processor.py:186} INFO - Started process (PID=13632) to work on /home/gabzarp/.local/lib/python3.10/site-packages/airflow/example_dags/example_branch_labels.py
[2024-09-12T02:01:26.466-0300] {processor.py:914} INFO - Processing file /home/gabzarp/.local/lib/python3.10/site-packages/airflow/example_dags/example_branch_labels.py for tasks to queue
[2024-09-12T02:01:26.467-0300] {logging_mixin.py:190} INFO - [2024-09-12T02:01:26.467-0300] {dagbag.py:587} INFO - Filling up the DagBag from /home/gabzarp/.local/lib/python3.10/site-packages/airflow/example_dags/example_branch_labels.py
[2024-09-12T02:01:26.473-0300] {processor.py:925} INFO - DAG(s) 'example_branch_labels' retrieved from /home/gabzarp/.local/lib/python3.10/site-packages/airflow/example_dags/example_branch_labels.py
[2024-09-12T02:01:26.484-0300] {logging_mixin.py:190} INFO - [2024-09-12T02:01:26.484-0300] {dag.py:3229} INFO - Sync 1 DAGs
[2024-09-12T02:01:26.497-0300] {logging_mixin.py:190} INFO - [2024-09-12T02:01:26.497-0300] {dag.py:4156} INFO - Setting next_dagrun for example_branch_labels to 2024-09-11 00:00:00+00:00, run_after=2024-09-12 00:00:00+00:00
[2024-09-12T02:01:26.547-0300] {processor.py:208} INFO - Processing /home/gabzarp/.local/lib/python3.10/site-packages/airflow/example_dags/example_branch_labels.py took 0.086 seconds
[2024-09-12T02:02:17.168-0300] {processor.py:186} INFO - Started process (PID=14072) to work on /home/gabzarp/.local/lib/python3.10/site-packages/airflow/example_dags/example_branch_labels.py
[2024-09-12T02:02:17.169-0300] {processor.py:914} INFO - Processing file /home/gabzarp/.local/lib/python3.10/site-packages/airflow/example_dags/example_branch_labels.py for tasks to queue
[2024-09-12T02:02:17.170-0300] {logging_mixin.py:190} INFO - [2024-09-12T02:02:17.169-0300] {dagbag.py:587} INFO - Filling up the DagBag from /home/gabzarp/.local/lib/python3.10/site-packages/airflow/example_dags/example_branch_labels.py
[2024-09-12T02:02:17.176-0300] {processor.py:925} INFO - DAG(s) 'example_branch_labels' retrieved from /home/gabzarp/.local/lib/python3.10/site-packages/airflow/example_dags/example_branch_labels.py
[2024-09-12T02:02:17.186-0300] {logging_mixin.py:190} INFO - [2024-09-12T02:02:17.186-0300] {dag.py:3229} INFO - Sync 1 DAGs
[2024-09-12T02:02:17.200-0300] {logging_mixin.py:190} INFO - [2024-09-12T02:02:17.200-0300] {dag.py:4156} INFO - Setting next_dagrun for example_branch_labels to 2024-09-11 00:00:00+00:00, run_after=2024-09-12 00:00:00+00:00
[2024-09-12T02:02:17.214-0300] {processor.py:208} INFO - Processing /home/gabzarp/.local/lib/python3.10/site-packages/airflow/example_dags/example_branch_labels.py took 0.050 seconds
[2024-09-12T02:03:30.494-0300] {processor.py:186} INFO - Started process (PID=14662) to work on /home/gabzarp/.local/lib/python3.10/site-packages/airflow/example_dags/example_branch_labels.py
[2024-09-12T02:03:30.496-0300] {processor.py:914} INFO - Processing file /home/gabzarp/.local/lib/python3.10/site-packages/airflow/example_dags/example_branch_labels.py for tasks to queue
[2024-09-12T02:03:30.497-0300] {logging_mixin.py:190} INFO - [2024-09-12T02:03:30.496-0300] {dagbag.py:587} INFO - Filling up the DagBag from /home/gabzarp/.local/lib/python3.10/site-packages/airflow/example_dags/example_branch_labels.py
[2024-09-12T02:03:30.503-0300] {processor.py:925} INFO - DAG(s) 'example_branch_labels' retrieved from /home/gabzarp/.local/lib/python3.10/site-packages/airflow/example_dags/example_branch_labels.py
[2024-09-12T02:03:30.515-0300] {logging_mixin.py:190} INFO - [2024-09-12T02:03:30.515-0300] {dag.py:3229} INFO - Sync 1 DAGs
[2024-09-12T02:03:30.533-0300] {logging_mixin.py:190} INFO - [2024-09-12T02:03:30.533-0300] {dag.py:4156} INFO - Setting next_dagrun for example_branch_labels to 2024-09-11 00:00:00+00:00, run_after=2024-09-12 00:00:00+00:00
[2024-09-12T02:03:30.549-0300] {processor.py:208} INFO - Processing /home/gabzarp/.local/lib/python3.10/site-packages/airflow/example_dags/example_branch_labels.py took 0.058 seconds
[2024-09-12T02:04:23.140-0300] {processor.py:186} INFO - Started process (PID=15080) to work on /home/gabzarp/.local/lib/python3.10/site-packages/airflow/example_dags/example_branch_labels.py
[2024-09-12T02:04:23.141-0300] {processor.py:914} INFO - Processing file /home/gabzarp/.local/lib/python3.10/site-packages/airflow/example_dags/example_branch_labels.py for tasks to queue
[2024-09-12T02:04:23.142-0300] {logging_mixin.py:190} INFO - [2024-09-12T02:04:23.142-0300] {dagbag.py:587} INFO - Filling up the DagBag from /home/gabzarp/.local/lib/python3.10/site-packages/airflow/example_dags/example_branch_labels.py
[2024-09-12T02:04:23.148-0300] {processor.py:925} INFO - DAG(s) 'example_branch_labels' retrieved from /home/gabzarp/.local/lib/python3.10/site-packages/airflow/example_dags/example_branch_labels.py
[2024-09-12T02:04:23.158-0300] {logging_mixin.py:190} INFO - [2024-09-12T02:04:23.158-0300] {dag.py:3229} INFO - Sync 1 DAGs
[2024-09-12T02:04:23.172-0300] {logging_mixin.py:190} INFO - [2024-09-12T02:04:23.172-0300] {dag.py:4156} INFO - Setting next_dagrun for example_branch_labels to 2024-09-11 00:00:00+00:00, run_after=2024-09-12 00:00:00+00:00
[2024-09-12T02:04:23.187-0300] {processor.py:208} INFO - Processing /home/gabzarp/.local/lib/python3.10/site-packages/airflow/example_dags/example_branch_labels.py took 0.050 seconds
[2024-09-12T02:05:17.399-0300] {processor.py:186} INFO - Started process (PID=15504) to work on /home/gabzarp/.local/lib/python3.10/site-packages/airflow/example_dags/example_branch_labels.py
[2024-09-12T02:05:17.399-0300] {processor.py:914} INFO - Processing file /home/gabzarp/.local/lib/python3.10/site-packages/airflow/example_dags/example_branch_labels.py for tasks to queue
[2024-09-12T02:05:17.400-0300] {logging_mixin.py:190} INFO - [2024-09-12T02:05:17.400-0300] {dagbag.py:587} INFO - Filling up the DagBag from /home/gabzarp/.local/lib/python3.10/site-packages/airflow/example_dags/example_branch_labels.py
[2024-09-12T02:05:17.407-0300] {processor.py:925} INFO - DAG(s) 'example_branch_labels' retrieved from /home/gabzarp/.local/lib/python3.10/site-packages/airflow/example_dags/example_branch_labels.py
[2024-09-12T02:05:17.418-0300] {logging_mixin.py:190} INFO - [2024-09-12T02:05:17.418-0300] {dag.py:3229} INFO - Sync 1 DAGs
[2024-09-12T02:05:17.433-0300] {logging_mixin.py:190} INFO - [2024-09-12T02:05:17.432-0300] {dag.py:4156} INFO - Setting next_dagrun for example_branch_labels to 2024-09-11 00:00:00+00:00, run_after=2024-09-12 00:00:00+00:00
[2024-09-12T02:05:17.448-0300] {processor.py:208} INFO - Processing /home/gabzarp/.local/lib/python3.10/site-packages/airflow/example_dags/example_branch_labels.py took 0.053 seconds
[2024-09-12T02:06:10.497-0300] {processor.py:186} INFO - Started process (PID=15923) to work on /home/gabzarp/.local/lib/python3.10/site-packages/airflow/example_dags/example_branch_labels.py
[2024-09-12T02:06:10.498-0300] {processor.py:914} INFO - Processing file /home/gabzarp/.local/lib/python3.10/site-packages/airflow/example_dags/example_branch_labels.py for tasks to queue
[2024-09-12T02:06:10.499-0300] {logging_mixin.py:190} INFO - [2024-09-12T02:06:10.499-0300] {dagbag.py:587} INFO - Filling up the DagBag from /home/gabzarp/.local/lib/python3.10/site-packages/airflow/example_dags/example_branch_labels.py
[2024-09-12T02:06:10.505-0300] {processor.py:925} INFO - DAG(s) 'example_branch_labels' retrieved from /home/gabzarp/.local/lib/python3.10/site-packages/airflow/example_dags/example_branch_labels.py
[2024-09-12T02:06:10.516-0300] {logging_mixin.py:190} INFO - [2024-09-12T02:06:10.516-0300] {dag.py:3229} INFO - Sync 1 DAGs
[2024-09-12T02:06:10.529-0300] {logging_mixin.py:190} INFO - [2024-09-12T02:06:10.529-0300] {dag.py:4156} INFO - Setting next_dagrun for example_branch_labels to 2024-09-11 00:00:00+00:00, run_after=2024-09-12 00:00:00+00:00
[2024-09-12T02:06:10.546-0300] {processor.py:208} INFO - Processing /home/gabzarp/.local/lib/python3.10/site-packages/airflow/example_dags/example_branch_labels.py took 0.052 seconds
[2024-09-12T02:07:20.718-0300] {processor.py:186} INFO - Started process (PID=16486) to work on /home/gabzarp/.local/lib/python3.10/site-packages/airflow/example_dags/example_branch_labels.py
[2024-09-12T02:07:20.719-0300] {processor.py:914} INFO - Processing file /home/gabzarp/.local/lib/python3.10/site-packages/airflow/example_dags/example_branch_labels.py for tasks to queue
[2024-09-12T02:07:20.720-0300] {logging_mixin.py:190} INFO - [2024-09-12T02:07:20.720-0300] {dagbag.py:587} INFO - Filling up the DagBag from /home/gabzarp/.local/lib/python3.10/site-packages/airflow/example_dags/example_branch_labels.py
[2024-09-12T02:07:20.726-0300] {processor.py:925} INFO - DAG(s) 'example_branch_labels' retrieved from /home/gabzarp/.local/lib/python3.10/site-packages/airflow/example_dags/example_branch_labels.py
[2024-09-12T02:07:20.738-0300] {logging_mixin.py:190} INFO - [2024-09-12T02:07:20.738-0300] {dag.py:3229} INFO - Sync 1 DAGs
[2024-09-12T02:07:20.754-0300] {logging_mixin.py:190} INFO - [2024-09-12T02:07:20.754-0300] {dag.py:4156} INFO - Setting next_dagrun for example_branch_labels to 2024-09-11 00:00:00+00:00, run_after=2024-09-12 00:00:00+00:00
[2024-09-12T02:07:20.773-0300] {processor.py:208} INFO - Processing /home/gabzarp/.local/lib/python3.10/site-packages/airflow/example_dags/example_branch_labels.py took 0.059 seconds
[2024-09-12T02:08:33.782-0300] {processor.py:186} INFO - Started process (PID=17058) to work on /home/gabzarp/.local/lib/python3.10/site-packages/airflow/example_dags/example_branch_labels.py
[2024-09-12T02:08:33.783-0300] {processor.py:914} INFO - Processing file /home/gabzarp/.local/lib/python3.10/site-packages/airflow/example_dags/example_branch_labels.py for tasks to queue
[2024-09-12T02:08:33.785-0300] {logging_mixin.py:190} INFO - [2024-09-12T02:08:33.784-0300] {dagbag.py:587} INFO - Filling up the DagBag from /home/gabzarp/.local/lib/python3.10/site-packages/airflow/example_dags/example_branch_labels.py
[2024-09-12T02:08:33.791-0300] {processor.py:925} INFO - DAG(s) 'example_branch_labels' retrieved from /home/gabzarp/.local/lib/python3.10/site-packages/airflow/example_dags/example_branch_labels.py
[2024-09-12T02:08:33.802-0300] {logging_mixin.py:190} INFO - [2024-09-12T02:08:33.802-0300] {dag.py:3229} INFO - Sync 1 DAGs
[2024-09-12T02:08:33.816-0300] {logging_mixin.py:190} INFO - [2024-09-12T02:08:33.816-0300] {dag.py:4156} INFO - Setting next_dagrun for example_branch_labels to 2024-09-11 00:00:00+00:00, run_after=2024-09-12 00:00:00+00:00
[2024-09-12T02:08:33.833-0300] {processor.py:208} INFO - Processing /home/gabzarp/.local/lib/python3.10/site-packages/airflow/example_dags/example_branch_labels.py took 0.055 seconds
[2024-09-12T02:09:25.106-0300] {processor.py:186} INFO - Started process (PID=17466) to work on /home/gabzarp/.local/lib/python3.10/site-packages/airflow/example_dags/example_branch_labels.py
[2024-09-12T02:09:25.107-0300] {processor.py:914} INFO - Processing file /home/gabzarp/.local/lib/python3.10/site-packages/airflow/example_dags/example_branch_labels.py for tasks to queue
[2024-09-12T02:09:25.108-0300] {logging_mixin.py:190} INFO - [2024-09-12T02:09:25.108-0300] {dagbag.py:587} INFO - Filling up the DagBag from /home/gabzarp/.local/lib/python3.10/site-packages/airflow/example_dags/example_branch_labels.py
[2024-09-12T02:09:25.115-0300] {processor.py:925} INFO - DAG(s) 'example_branch_labels' retrieved from /home/gabzarp/.local/lib/python3.10/site-packages/airflow/example_dags/example_branch_labels.py
[2024-09-12T02:09:25.126-0300] {logging_mixin.py:190} INFO - [2024-09-12T02:09:25.126-0300] {dag.py:3229} INFO - Sync 1 DAGs
[2024-09-12T02:09:25.138-0300] {logging_mixin.py:190} INFO - [2024-09-12T02:09:25.138-0300] {dag.py:4156} INFO - Setting next_dagrun for example_branch_labels to 2024-09-11 00:00:00+00:00, run_after=2024-09-12 00:00:00+00:00
[2024-09-12T02:09:25.152-0300] {processor.py:208} INFO - Processing /home/gabzarp/.local/lib/python3.10/site-packages/airflow/example_dags/example_branch_labels.py took 0.049 seconds
