[2024-09-12T01:40:11.029-0300] {processor.py:186} INFO - Started process (PID=2778) to work on /home/gabzarp/.local/lib/python3.10/site-packages/airflow/example_dags/example_display_name.py
[2024-09-12T01:40:11.029-0300] {processor.py:914} INFO - Processing file /home/gabzarp/.local/lib/python3.10/site-packages/airflow/example_dags/example_display_name.py for tasks to queue
[2024-09-12T01:40:11.030-0300] {logging_mixin.py:190} INFO - [2024-09-12T01:40:11.030-0300] {dagbag.py:587} INFO - Filling up the DagBag from /home/gabzarp/.local/lib/python3.10/site-packages/airflow/example_dags/example_display_name.py
[2024-09-12T01:40:11.035-0300] {processor.py:925} INFO - DAG(s) 'example_display_name' retrieved from /home/gabzarp/.local/lib/python3.10/site-packages/airflow/example_dags/example_display_name.py
[2024-09-12T01:40:11.096-0300] {logging_mixin.py:190} INFO - [2024-09-12T01:40:11.095-0300] {override.py:1900} INFO - Created Permission View: can edit on DAG:example_display_name
[2024-09-12T01:40:11.106-0300] {logging_mixin.py:190} INFO - [2024-09-12T01:40:11.106-0300] {override.py:1900} INFO - Created Permission View: can read on DAG:example_display_name
[2024-09-12T01:40:11.112-0300] {logging_mixin.py:190} INFO - [2024-09-12T01:40:11.112-0300] {override.py:1900} INFO - Created Permission View: can delete on DAG:example_display_name
[2024-09-12T01:40:11.123-0300] {logging_mixin.py:190} INFO - [2024-09-12T01:40:11.123-0300] {override.py:1900} INFO - Created Permission View: can read on DAG Run:example_display_name
[2024-09-12T01:40:11.130-0300] {logging_mixin.py:190} INFO - [2024-09-12T01:40:11.130-0300] {override.py:1900} INFO - Created Permission View: can create on DAG Run:example_display_name
[2024-09-12T01:40:11.137-0300] {logging_mixin.py:190} INFO - [2024-09-12T01:40:11.137-0300] {override.py:1900} INFO - Created Permission View: menu access on DAG Run:example_display_name
[2024-09-12T01:40:11.144-0300] {logging_mixin.py:190} INFO - [2024-09-12T01:40:11.144-0300] {override.py:1900} INFO - Created Permission View: can delete on DAG Run:example_display_name
[2024-09-12T01:40:11.144-0300] {logging_mixin.py:190} INFO - [2024-09-12T01:40:11.144-0300] {dag.py:3229} INFO - Sync 1 DAGs
[2024-09-12T01:40:11.152-0300] {logging_mixin.py:190} INFO - [2024-09-12T01:40:11.152-0300] {dag.py:3252} INFO - Creating ORM DAG for example_display_name
[2024-09-12T01:40:11.153-0300] {logging_mixin.py:190} INFO - [2024-09-12T01:40:11.152-0300] {dag.py:4156} INFO - Setting next_dagrun for example_display_name to None, run_after=None
[2024-09-12T01:40:11.166-0300] {processor.py:208} INFO - Processing /home/gabzarp/.local/lib/python3.10/site-packages/airflow/example_dags/example_display_name.py took 0.141 seconds
[2024-09-12T01:41:05.159-0300] {processor.py:186} INFO - Started process (PID=3054) to work on /home/gabzarp/.local/lib/python3.10/site-packages/airflow/example_dags/example_display_name.py
[2024-09-12T01:41:05.160-0300] {processor.py:914} INFO - Processing file /home/gabzarp/.local/lib/python3.10/site-packages/airflow/example_dags/example_display_name.py for tasks to queue
[2024-09-12T01:41:05.161-0300] {logging_mixin.py:190} INFO - [2024-09-12T01:41:05.161-0300] {dagbag.py:587} INFO - Filling up the DagBag from /home/gabzarp/.local/lib/python3.10/site-packages/airflow/example_dags/example_display_name.py
[2024-09-12T01:41:05.166-0300] {processor.py:925} INFO - DAG(s) 'example_display_name' retrieved from /home/gabzarp/.local/lib/python3.10/site-packages/airflow/example_dags/example_display_name.py
[2024-09-12T01:41:05.176-0300] {logging_mixin.py:190} INFO - [2024-09-12T01:41:05.176-0300] {dag.py:3229} INFO - Sync 1 DAGs
[2024-09-12T01:41:05.187-0300] {logging_mixin.py:190} INFO - [2024-09-12T01:41:05.186-0300] {dag.py:4156} INFO - Setting next_dagrun for example_display_name to None, run_after=None
[2024-09-12T01:41:05.203-0300] {processor.py:208} INFO - Processing /home/gabzarp/.local/lib/python3.10/site-packages/airflow/example_dags/example_display_name.py took 0.048 seconds
[2024-09-12T01:42:19.660-0300] {processor.py:186} INFO - Started process (PID=3508) to work on /home/gabzarp/.local/lib/python3.10/site-packages/airflow/example_dags/example_display_name.py
[2024-09-12T01:42:19.661-0300] {processor.py:914} INFO - Processing file /home/gabzarp/.local/lib/python3.10/site-packages/airflow/example_dags/example_display_name.py for tasks to queue
[2024-09-12T01:42:19.662-0300] {logging_mixin.py:190} INFO - [2024-09-12T01:42:19.662-0300] {dagbag.py:587} INFO - Filling up the DagBag from /home/gabzarp/.local/lib/python3.10/site-packages/airflow/example_dags/example_display_name.py
[2024-09-12T01:42:19.667-0300] {processor.py:925} INFO - DAG(s) 'example_display_name' retrieved from /home/gabzarp/.local/lib/python3.10/site-packages/airflow/example_dags/example_display_name.py
[2024-09-12T01:42:19.676-0300] {logging_mixin.py:190} INFO - [2024-09-12T01:42:19.675-0300] {dag.py:3229} INFO - Sync 1 DAGs
[2024-09-12T01:42:19.684-0300] {logging_mixin.py:190} INFO - [2024-09-12T01:42:19.684-0300] {dag.py:4156} INFO - Setting next_dagrun for example_display_name to None, run_after=None
[2024-09-12T01:42:19.698-0300] {processor.py:208} INFO - Processing /home/gabzarp/.local/lib/python3.10/site-packages/airflow/example_dags/example_display_name.py took 0.042 seconds
[2024-09-12T01:43:32.894-0300] {processor.py:186} INFO - Started process (PID=3876) to work on /home/gabzarp/.local/lib/python3.10/site-packages/airflow/example_dags/example_display_name.py
[2024-09-12T01:43:32.895-0300] {processor.py:914} INFO - Processing file /home/gabzarp/.local/lib/python3.10/site-packages/airflow/example_dags/example_display_name.py for tasks to queue
[2024-09-12T01:43:32.896-0300] {logging_mixin.py:190} INFO - [2024-09-12T01:43:32.896-0300] {dagbag.py:587} INFO - Filling up the DagBag from /home/gabzarp/.local/lib/python3.10/site-packages/airflow/example_dags/example_display_name.py
[2024-09-12T01:43:32.901-0300] {processor.py:925} INFO - DAG(s) 'example_display_name' retrieved from /home/gabzarp/.local/lib/python3.10/site-packages/airflow/example_dags/example_display_name.py
[2024-09-12T01:43:32.911-0300] {logging_mixin.py:190} INFO - [2024-09-12T01:43:32.911-0300] {dag.py:3229} INFO - Sync 1 DAGs
[2024-09-12T01:43:32.920-0300] {logging_mixin.py:190} INFO - [2024-09-12T01:43:32.920-0300] {dag.py:4156} INFO - Setting next_dagrun for example_display_name to None, run_after=None
[2024-09-12T01:43:32.937-0300] {processor.py:208} INFO - Processing /home/gabzarp/.local/lib/python3.10/site-packages/airflow/example_dags/example_display_name.py took 0.047 seconds
[2024-09-12T01:45:15.969-0300] {processor.py:186} INFO - Started process (PID=5162) to work on /home/gabzarp/.local/lib/python3.10/site-packages/airflow/example_dags/example_display_name.py
[2024-09-12T01:45:15.970-0300] {processor.py:914} INFO - Processing file /home/gabzarp/.local/lib/python3.10/site-packages/airflow/example_dags/example_display_name.py for tasks to queue
[2024-09-12T01:45:15.971-0300] {logging_mixin.py:190} INFO - [2024-09-12T01:45:15.971-0300] {dagbag.py:587} INFO - Filling up the DagBag from /home/gabzarp/.local/lib/python3.10/site-packages/airflow/example_dags/example_display_name.py
[2024-09-12T01:45:15.976-0300] {processor.py:925} INFO - DAG(s) 'example_display_name' retrieved from /home/gabzarp/.local/lib/python3.10/site-packages/airflow/example_dags/example_display_name.py
[2024-09-12T01:45:15.987-0300] {logging_mixin.py:190} INFO - [2024-09-12T01:45:15.986-0300] {dag.py:3229} INFO - Sync 1 DAGs
[2024-09-12T01:45:15.994-0300] {logging_mixin.py:190} INFO - [2024-09-12T01:45:15.994-0300] {dag.py:4156} INFO - Setting next_dagrun for example_display_name to None, run_after=None
[2024-09-12T01:45:16.010-0300] {processor.py:208} INFO - Processing /home/gabzarp/.local/lib/python3.10/site-packages/airflow/example_dags/example_display_name.py took 0.044 seconds
[2024-09-12T01:46:09.245-0300] {processor.py:186} INFO - Started process (PID=5590) to work on /home/gabzarp/.local/lib/python3.10/site-packages/airflow/example_dags/example_display_name.py
[2024-09-12T01:46:09.246-0300] {processor.py:914} INFO - Processing file /home/gabzarp/.local/lib/python3.10/site-packages/airflow/example_dags/example_display_name.py for tasks to queue
[2024-09-12T01:46:09.247-0300] {logging_mixin.py:190} INFO - [2024-09-12T01:46:09.247-0300] {dagbag.py:587} INFO - Filling up the DagBag from /home/gabzarp/.local/lib/python3.10/site-packages/airflow/example_dags/example_display_name.py
[2024-09-12T01:46:09.252-0300] {processor.py:925} INFO - DAG(s) 'example_display_name' retrieved from /home/gabzarp/.local/lib/python3.10/site-packages/airflow/example_dags/example_display_name.py
[2024-09-12T01:46:09.261-0300] {logging_mixin.py:190} INFO - [2024-09-12T01:46:09.261-0300] {dag.py:3229} INFO - Sync 1 DAGs
[2024-09-12T01:46:09.268-0300] {logging_mixin.py:190} INFO - [2024-09-12T01:46:09.268-0300] {dag.py:4156} INFO - Setting next_dagrun for example_display_name to None, run_after=None
[2024-09-12T01:46:09.283-0300] {processor.py:208} INFO - Processing /home/gabzarp/.local/lib/python3.10/site-packages/airflow/example_dags/example_display_name.py took 0.041 seconds
[2024-09-12T01:47:22.323-0300] {processor.py:186} INFO - Started process (PID=6172) to work on /home/gabzarp/.local/lib/python3.10/site-packages/airflow/example_dags/example_display_name.py
[2024-09-12T01:47:22.324-0300] {processor.py:914} INFO - Processing file /home/gabzarp/.local/lib/python3.10/site-packages/airflow/example_dags/example_display_name.py for tasks to queue
[2024-09-12T01:47:22.326-0300] {logging_mixin.py:190} INFO - [2024-09-12T01:47:22.325-0300] {dagbag.py:587} INFO - Filling up the DagBag from /home/gabzarp/.local/lib/python3.10/site-packages/airflow/example_dags/example_display_name.py
[2024-09-12T01:47:22.330-0300] {processor.py:925} INFO - DAG(s) 'example_display_name' retrieved from /home/gabzarp/.local/lib/python3.10/site-packages/airflow/example_dags/example_display_name.py
[2024-09-12T01:47:22.340-0300] {logging_mixin.py:190} INFO - [2024-09-12T01:47:22.339-0300] {dag.py:3229} INFO - Sync 1 DAGs
[2024-09-12T01:47:22.348-0300] {logging_mixin.py:190} INFO - [2024-09-12T01:47:22.348-0300] {dag.py:4156} INFO - Setting next_dagrun for example_display_name to None, run_after=None
[2024-09-12T01:47:22.363-0300] {processor.py:208} INFO - Processing /home/gabzarp/.local/lib/python3.10/site-packages/airflow/example_dags/example_display_name.py took 0.043 seconds
[2024-09-12T01:48:36.575-0300] {processor.py:186} INFO - Started process (PID=6884) to work on /home/gabzarp/.local/lib/python3.10/site-packages/airflow/example_dags/example_display_name.py
[2024-09-12T01:48:36.576-0300] {processor.py:914} INFO - Processing file /home/gabzarp/.local/lib/python3.10/site-packages/airflow/example_dags/example_display_name.py for tasks to queue
[2024-09-12T01:48:36.577-0300] {logging_mixin.py:190} INFO - [2024-09-12T01:48:36.577-0300] {dagbag.py:587} INFO - Filling up the DagBag from /home/gabzarp/.local/lib/python3.10/site-packages/airflow/example_dags/example_display_name.py
[2024-09-12T01:48:36.582-0300] {processor.py:925} INFO - DAG(s) 'example_display_name' retrieved from /home/gabzarp/.local/lib/python3.10/site-packages/airflow/example_dags/example_display_name.py
[2024-09-12T01:48:36.591-0300] {logging_mixin.py:190} INFO - [2024-09-12T01:48:36.591-0300] {dag.py:3229} INFO - Sync 1 DAGs
[2024-09-12T01:48:36.599-0300] {logging_mixin.py:190} INFO - [2024-09-12T01:48:36.598-0300] {dag.py:4156} INFO - Setting next_dagrun for example_display_name to None, run_after=None
[2024-09-12T01:48:36.613-0300] {processor.py:208} INFO - Processing /home/gabzarp/.local/lib/python3.10/site-packages/airflow/example_dags/example_display_name.py took 0.041 seconds
[2024-09-12T01:49:51.370-0300] {processor.py:186} INFO - Started process (PID=7513) to work on /home/gabzarp/.local/lib/python3.10/site-packages/airflow/example_dags/example_display_name.py
[2024-09-12T01:49:51.371-0300] {processor.py:914} INFO - Processing file /home/gabzarp/.local/lib/python3.10/site-packages/airflow/example_dags/example_display_name.py for tasks to queue
[2024-09-12T01:49:51.372-0300] {logging_mixin.py:190} INFO - [2024-09-12T01:49:51.371-0300] {dagbag.py:587} INFO - Filling up the DagBag from /home/gabzarp/.local/lib/python3.10/site-packages/airflow/example_dags/example_display_name.py
[2024-09-12T01:49:51.376-0300] {processor.py:925} INFO - DAG(s) 'example_display_name' retrieved from /home/gabzarp/.local/lib/python3.10/site-packages/airflow/example_dags/example_display_name.py
[2024-09-12T01:49:51.385-0300] {logging_mixin.py:190} INFO - [2024-09-12T01:49:51.385-0300] {dag.py:3229} INFO - Sync 1 DAGs
[2024-09-12T01:49:51.393-0300] {logging_mixin.py:190} INFO - [2024-09-12T01:49:51.392-0300] {dag.py:4156} INFO - Setting next_dagrun for example_display_name to None, run_after=None
[2024-09-12T01:49:51.440-0300] {processor.py:208} INFO - Processing /home/gabzarp/.local/lib/python3.10/site-packages/airflow/example_dags/example_display_name.py took 0.074 seconds
[2024-09-12T01:51:05.721-0300] {processor.py:186} INFO - Started process (PID=8171) to work on /home/gabzarp/.local/lib/python3.10/site-packages/airflow/example_dags/example_display_name.py
[2024-09-12T01:51:05.722-0300] {processor.py:914} INFO - Processing file /home/gabzarp/.local/lib/python3.10/site-packages/airflow/example_dags/example_display_name.py for tasks to queue
[2024-09-12T01:51:05.723-0300] {logging_mixin.py:190} INFO - [2024-09-12T01:51:05.722-0300] {dagbag.py:587} INFO - Filling up the DagBag from /home/gabzarp/.local/lib/python3.10/site-packages/airflow/example_dags/example_display_name.py
[2024-09-12T01:51:05.728-0300] {processor.py:925} INFO - DAG(s) 'example_display_name' retrieved from /home/gabzarp/.local/lib/python3.10/site-packages/airflow/example_dags/example_display_name.py
[2024-09-12T01:51:05.739-0300] {logging_mixin.py:190} INFO - [2024-09-12T01:51:05.738-0300] {dag.py:3229} INFO - Sync 1 DAGs
[2024-09-12T01:51:05.748-0300] {logging_mixin.py:190} INFO - [2024-09-12T01:51:05.748-0300] {dag.py:4156} INFO - Setting next_dagrun for example_display_name to None, run_after=None
[2024-09-12T01:51:05.763-0300] {processor.py:208} INFO - Processing /home/gabzarp/.local/lib/python3.10/site-packages/airflow/example_dags/example_display_name.py took 0.046 seconds
[2024-09-12T01:52:20.486-0300] {processor.py:186} INFO - Started process (PID=8932) to work on /home/gabzarp/.local/lib/python3.10/site-packages/airflow/example_dags/example_display_name.py
[2024-09-12T01:52:20.487-0300] {processor.py:914} INFO - Processing file /home/gabzarp/.local/lib/python3.10/site-packages/airflow/example_dags/example_display_name.py for tasks to queue
[2024-09-12T01:52:20.488-0300] {logging_mixin.py:190} INFO - [2024-09-12T01:52:20.488-0300] {dagbag.py:587} INFO - Filling up the DagBag from /home/gabzarp/.local/lib/python3.10/site-packages/airflow/example_dags/example_display_name.py
[2024-09-12T01:52:20.492-0300] {processor.py:925} INFO - DAG(s) 'example_display_name' retrieved from /home/gabzarp/.local/lib/python3.10/site-packages/airflow/example_dags/example_display_name.py
[2024-09-12T01:52:20.503-0300] {logging_mixin.py:190} INFO - [2024-09-12T01:52:20.502-0300] {dag.py:3229} INFO - Sync 1 DAGs
[2024-09-12T01:52:20.511-0300] {logging_mixin.py:190} INFO - [2024-09-12T01:52:20.511-0300] {dag.py:4156} INFO - Setting next_dagrun for example_display_name to None, run_after=None
[2024-09-12T01:52:20.550-0300] {processor.py:208} INFO - Processing /home/gabzarp/.local/lib/python3.10/site-packages/airflow/example_dags/example_display_name.py took 0.067 seconds
[2024-09-12T01:53:38.942-0300] {processor.py:186} INFO - Started process (PID=9684) to work on /home/gabzarp/.local/lib/python3.10/site-packages/airflow/example_dags/example_display_name.py
[2024-09-12T01:53:38.943-0300] {processor.py:914} INFO - Processing file /home/gabzarp/.local/lib/python3.10/site-packages/airflow/example_dags/example_display_name.py for tasks to queue
[2024-09-12T01:53:38.944-0300] {logging_mixin.py:190} INFO - [2024-09-12T01:53:38.944-0300] {dagbag.py:587} INFO - Filling up the DagBag from /home/gabzarp/.local/lib/python3.10/site-packages/airflow/example_dags/example_display_name.py
[2024-09-12T01:53:38.949-0300] {processor.py:925} INFO - DAG(s) 'example_display_name' retrieved from /home/gabzarp/.local/lib/python3.10/site-packages/airflow/example_dags/example_display_name.py
[2024-09-12T01:53:38.959-0300] {logging_mixin.py:190} INFO - [2024-09-12T01:53:38.959-0300] {dag.py:3229} INFO - Sync 1 DAGs
[2024-09-12T01:53:38.968-0300] {logging_mixin.py:190} INFO - [2024-09-12T01:53:38.968-0300] {dag.py:4156} INFO - Setting next_dagrun for example_display_name to None, run_after=None
[2024-09-12T01:53:38.983-0300] {processor.py:208} INFO - Processing /home/gabzarp/.local/lib/python3.10/site-packages/airflow/example_dags/example_display_name.py took 0.045 seconds
[2024-09-12T01:54:55.241-0300] {processor.py:186} INFO - Started process (PID=10319) to work on /home/gabzarp/.local/lib/python3.10/site-packages/airflow/example_dags/example_display_name.py
[2024-09-12T01:54:55.242-0300] {processor.py:914} INFO - Processing file /home/gabzarp/.local/lib/python3.10/site-packages/airflow/example_dags/example_display_name.py for tasks to queue
[2024-09-12T01:54:55.243-0300] {logging_mixin.py:190} INFO - [2024-09-12T01:54:55.243-0300] {dagbag.py:587} INFO - Filling up the DagBag from /home/gabzarp/.local/lib/python3.10/site-packages/airflow/example_dags/example_display_name.py
[2024-09-12T01:54:55.248-0300] {processor.py:925} INFO - DAG(s) 'example_display_name' retrieved from /home/gabzarp/.local/lib/python3.10/site-packages/airflow/example_dags/example_display_name.py
[2024-09-12T01:54:55.291-0300] {logging_mixin.py:190} INFO - [2024-09-12T01:54:55.290-0300] {dag.py:3229} INFO - Sync 1 DAGs
[2024-09-12T01:54:55.299-0300] {logging_mixin.py:190} INFO - [2024-09-12T01:54:55.298-0300] {dag.py:4156} INFO - Setting next_dagrun for example_display_name to None, run_after=None
[2024-09-12T01:54:55.312-0300] {processor.py:208} INFO - Processing /home/gabzarp/.local/lib/python3.10/site-packages/airflow/example_dags/example_display_name.py took 0.075 seconds
[2024-09-12T01:56:15.292-0300] {processor.py:186} INFO - Started process (PID=10975) to work on /home/gabzarp/.local/lib/python3.10/site-packages/airflow/example_dags/example_display_name.py
[2024-09-12T01:56:15.293-0300] {processor.py:914} INFO - Processing file /home/gabzarp/.local/lib/python3.10/site-packages/airflow/example_dags/example_display_name.py for tasks to queue
[2024-09-12T01:56:15.294-0300] {logging_mixin.py:190} INFO - [2024-09-12T01:56:15.293-0300] {dagbag.py:587} INFO - Filling up the DagBag from /home/gabzarp/.local/lib/python3.10/site-packages/airflow/example_dags/example_display_name.py
[2024-09-12T01:56:15.298-0300] {processor.py:925} INFO - DAG(s) 'example_display_name' retrieved from /home/gabzarp/.local/lib/python3.10/site-packages/airflow/example_dags/example_display_name.py
[2024-09-12T01:56:15.308-0300] {logging_mixin.py:190} INFO - [2024-09-12T01:56:15.308-0300] {dag.py:3229} INFO - Sync 1 DAGs
[2024-09-12T01:56:15.316-0300] {logging_mixin.py:190} INFO - [2024-09-12T01:56:15.316-0300] {dag.py:4156} INFO - Setting next_dagrun for example_display_name to None, run_after=None
[2024-09-12T01:56:15.375-0300] {processor.py:208} INFO - Processing /home/gabzarp/.local/lib/python3.10/site-packages/airflow/example_dags/example_display_name.py took 0.087 seconds
[2024-09-12T01:57:11.238-0300] {processor.py:186} INFO - Started process (PID=11465) to work on /home/gabzarp/.local/lib/python3.10/site-packages/airflow/example_dags/example_display_name.py
[2024-09-12T01:57:11.239-0300] {processor.py:914} INFO - Processing file /home/gabzarp/.local/lib/python3.10/site-packages/airflow/example_dags/example_display_name.py for tasks to queue
[2024-09-12T01:57:11.240-0300] {logging_mixin.py:190} INFO - [2024-09-12T01:57:11.239-0300] {dagbag.py:587} INFO - Filling up the DagBag from /home/gabzarp/.local/lib/python3.10/site-packages/airflow/example_dags/example_display_name.py
[2024-09-12T01:57:11.244-0300] {processor.py:925} INFO - DAG(s) 'example_display_name' retrieved from /home/gabzarp/.local/lib/python3.10/site-packages/airflow/example_dags/example_display_name.py
[2024-09-12T01:57:11.253-0300] {logging_mixin.py:190} INFO - [2024-09-12T01:57:11.253-0300] {dag.py:3229} INFO - Sync 1 DAGs
[2024-09-12T01:57:11.262-0300] {logging_mixin.py:190} INFO - [2024-09-12T01:57:11.261-0300] {dag.py:4156} INFO - Setting next_dagrun for example_display_name to None, run_after=None
[2024-09-12T01:57:11.275-0300] {processor.py:208} INFO - Processing /home/gabzarp/.local/lib/python3.10/site-packages/airflow/example_dags/example_display_name.py took 0.041 seconds
[2024-09-12T01:58:31.237-0300] {processor.py:186} INFO - Started process (PID=12096) to work on /home/gabzarp/.local/lib/python3.10/site-packages/airflow/example_dags/example_display_name.py
[2024-09-12T01:58:31.238-0300] {processor.py:914} INFO - Processing file /home/gabzarp/.local/lib/python3.10/site-packages/airflow/example_dags/example_display_name.py for tasks to queue
[2024-09-12T01:58:31.238-0300] {logging_mixin.py:190} INFO - [2024-09-12T01:58:31.238-0300] {dagbag.py:587} INFO - Filling up the DagBag from /home/gabzarp/.local/lib/python3.10/site-packages/airflow/example_dags/example_display_name.py
[2024-09-12T01:58:31.243-0300] {processor.py:925} INFO - DAG(s) 'example_display_name' retrieved from /home/gabzarp/.local/lib/python3.10/site-packages/airflow/example_dags/example_display_name.py
[2024-09-12T01:58:31.252-0300] {logging_mixin.py:190} INFO - [2024-09-12T01:58:31.252-0300] {dag.py:3229} INFO - Sync 1 DAGs
[2024-09-12T01:58:31.260-0300] {logging_mixin.py:190} INFO - [2024-09-12T01:58:31.260-0300] {dag.py:4156} INFO - Setting next_dagrun for example_display_name to None, run_after=None
[2024-09-12T01:58:31.274-0300] {processor.py:208} INFO - Processing /home/gabzarp/.local/lib/python3.10/site-packages/airflow/example_dags/example_display_name.py took 0.040 seconds
[2024-09-12T01:59:48.472-0300] {processor.py:186} INFO - Started process (PID=12712) to work on /home/gabzarp/.local/lib/python3.10/site-packages/airflow/example_dags/example_display_name.py
[2024-09-12T01:59:48.473-0300] {processor.py:914} INFO - Processing file /home/gabzarp/.local/lib/python3.10/site-packages/airflow/example_dags/example_display_name.py for tasks to queue
[2024-09-12T01:59:48.474-0300] {logging_mixin.py:190} INFO - [2024-09-12T01:59:48.474-0300] {dagbag.py:587} INFO - Filling up the DagBag from /home/gabzarp/.local/lib/python3.10/site-packages/airflow/example_dags/example_display_name.py
[2024-09-12T01:59:48.479-0300] {processor.py:925} INFO - DAG(s) 'example_display_name' retrieved from /home/gabzarp/.local/lib/python3.10/site-packages/airflow/example_dags/example_display_name.py
[2024-09-12T01:59:48.490-0300] {logging_mixin.py:190} INFO - [2024-09-12T01:59:48.489-0300] {dag.py:3229} INFO - Sync 1 DAGs
[2024-09-12T01:59:48.497-0300] {logging_mixin.py:190} INFO - [2024-09-12T01:59:48.497-0300] {dag.py:4156} INFO - Setting next_dagrun for example_display_name to None, run_after=None
[2024-09-12T01:59:48.512-0300] {processor.py:208} INFO - Processing /home/gabzarp/.local/lib/python3.10/site-packages/airflow/example_dags/example_display_name.py took 0.044 seconds
[2024-09-12T02:01:05.478-0300] {processor.py:186} INFO - Started process (PID=13466) to work on /home/gabzarp/.local/lib/python3.10/site-packages/airflow/example_dags/example_display_name.py
[2024-09-12T02:01:05.479-0300] {processor.py:914} INFO - Processing file /home/gabzarp/.local/lib/python3.10/site-packages/airflow/example_dags/example_display_name.py for tasks to queue
[2024-09-12T02:01:05.480-0300] {logging_mixin.py:190} INFO - [2024-09-12T02:01:05.480-0300] {dagbag.py:587} INFO - Filling up the DagBag from /home/gabzarp/.local/lib/python3.10/site-packages/airflow/example_dags/example_display_name.py
[2024-09-12T02:01:05.485-0300] {processor.py:925} INFO - DAG(s) 'example_display_name' retrieved from /home/gabzarp/.local/lib/python3.10/site-packages/airflow/example_dags/example_display_name.py
[2024-09-12T02:01:05.494-0300] {logging_mixin.py:190} INFO - [2024-09-12T02:01:05.494-0300] {dag.py:3229} INFO - Sync 1 DAGs
[2024-09-12T02:01:05.502-0300] {logging_mixin.py:190} INFO - [2024-09-12T02:01:05.502-0300] {dag.py:4156} INFO - Setting next_dagrun for example_display_name to None, run_after=None
[2024-09-12T02:01:05.518-0300] {processor.py:208} INFO - Processing /home/gabzarp/.local/lib/python3.10/site-packages/airflow/example_dags/example_display_name.py took 0.043 seconds
[2024-09-12T02:02:18.815-0300] {processor.py:186} INFO - Started process (PID=14083) to work on /home/gabzarp/.local/lib/python3.10/site-packages/airflow/example_dags/example_display_name.py
[2024-09-12T02:02:18.816-0300] {processor.py:914} INFO - Processing file /home/gabzarp/.local/lib/python3.10/site-packages/airflow/example_dags/example_display_name.py for tasks to queue
[2024-09-12T02:02:18.817-0300] {logging_mixin.py:190} INFO - [2024-09-12T02:02:18.817-0300] {dagbag.py:587} INFO - Filling up the DagBag from /home/gabzarp/.local/lib/python3.10/site-packages/airflow/example_dags/example_display_name.py
[2024-09-12T02:02:18.823-0300] {processor.py:925} INFO - DAG(s) 'example_display_name' retrieved from /home/gabzarp/.local/lib/python3.10/site-packages/airflow/example_dags/example_display_name.py
[2024-09-12T02:02:18.832-0300] {logging_mixin.py:190} INFO - [2024-09-12T02:02:18.832-0300] {dag.py:3229} INFO - Sync 1 DAGs
[2024-09-12T02:02:18.842-0300] {logging_mixin.py:190} INFO - [2024-09-12T02:02:18.842-0300] {dag.py:4156} INFO - Setting next_dagrun for example_display_name to None, run_after=None
[2024-09-12T02:02:18.858-0300] {processor.py:208} INFO - Processing /home/gabzarp/.local/lib/python3.10/site-packages/airflow/example_dags/example_display_name.py took 0.047 seconds
[2024-09-12T02:03:34.043-0300] {processor.py:186} INFO - Started process (PID=14692) to work on /home/gabzarp/.local/lib/python3.10/site-packages/airflow/example_dags/example_display_name.py
[2024-09-12T02:03:34.044-0300] {processor.py:914} INFO - Processing file /home/gabzarp/.local/lib/python3.10/site-packages/airflow/example_dags/example_display_name.py for tasks to queue
[2024-09-12T02:03:34.045-0300] {logging_mixin.py:190} INFO - [2024-09-12T02:03:34.045-0300] {dagbag.py:587} INFO - Filling up the DagBag from /home/gabzarp/.local/lib/python3.10/site-packages/airflow/example_dags/example_display_name.py
[2024-09-12T02:03:34.050-0300] {processor.py:925} INFO - DAG(s) 'example_display_name' retrieved from /home/gabzarp/.local/lib/python3.10/site-packages/airflow/example_dags/example_display_name.py
[2024-09-12T02:03:34.109-0300] {logging_mixin.py:190} INFO - [2024-09-12T02:03:34.109-0300] {dag.py:3229} INFO - Sync 1 DAGs
[2024-09-12T02:03:34.117-0300] {logging_mixin.py:190} INFO - [2024-09-12T02:03:34.117-0300] {dag.py:3252} INFO - Creating ORM DAG for example_display_name
[2024-09-12T02:03:34.117-0300] {logging_mixin.py:190} INFO - [2024-09-12T02:03:34.117-0300] {dag.py:4156} INFO - Setting next_dagrun for example_display_name to None, run_after=None
[2024-09-12T02:03:34.132-0300] {processor.py:208} INFO - Processing /home/gabzarp/.local/lib/python3.10/site-packages/airflow/example_dags/example_display_name.py took 0.094 seconds
[2024-09-12T02:04:52.842-0300] {processor.py:186} INFO - Started process (PID=15311) to work on /home/gabzarp/.local/lib/python3.10/site-packages/airflow/example_dags/example_display_name.py
[2024-09-12T02:04:52.842-0300] {processor.py:914} INFO - Processing file /home/gabzarp/.local/lib/python3.10/site-packages/airflow/example_dags/example_display_name.py for tasks to queue
[2024-09-12T02:04:52.843-0300] {logging_mixin.py:190} INFO - [2024-09-12T02:04:52.843-0300] {dagbag.py:587} INFO - Filling up the DagBag from /home/gabzarp/.local/lib/python3.10/site-packages/airflow/example_dags/example_display_name.py
[2024-09-12T02:04:52.848-0300] {processor.py:925} INFO - DAG(s) 'example_display_name' retrieved from /home/gabzarp/.local/lib/python3.10/site-packages/airflow/example_dags/example_display_name.py
[2024-09-12T02:04:52.858-0300] {logging_mixin.py:190} INFO - [2024-09-12T02:04:52.858-0300] {dag.py:3229} INFO - Sync 1 DAGs
[2024-09-12T02:04:52.866-0300] {logging_mixin.py:190} INFO - [2024-09-12T02:04:52.866-0300] {dag.py:4156} INFO - Setting next_dagrun for example_display_name to None, run_after=None
[2024-09-12T02:04:52.881-0300] {processor.py:208} INFO - Processing /home/gabzarp/.local/lib/python3.10/site-packages/airflow/example_dags/example_display_name.py took 0.044 seconds
[2024-09-12T02:06:12.763-0300] {processor.py:186} INFO - Started process (PID=15940) to work on /home/gabzarp/.local/lib/python3.10/site-packages/airflow/example_dags/example_display_name.py
[2024-09-12T02:06:12.764-0300] {processor.py:914} INFO - Processing file /home/gabzarp/.local/lib/python3.10/site-packages/airflow/example_dags/example_display_name.py for tasks to queue
[2024-09-12T02:06:12.765-0300] {logging_mixin.py:190} INFO - [2024-09-12T02:06:12.765-0300] {dagbag.py:587} INFO - Filling up the DagBag from /home/gabzarp/.local/lib/python3.10/site-packages/airflow/example_dags/example_display_name.py
[2024-09-12T02:06:12.770-0300] {processor.py:925} INFO - DAG(s) 'example_display_name' retrieved from /home/gabzarp/.local/lib/python3.10/site-packages/airflow/example_dags/example_display_name.py
[2024-09-12T02:06:12.779-0300] {logging_mixin.py:190} INFO - [2024-09-12T02:06:12.779-0300] {dag.py:3229} INFO - Sync 1 DAGs
[2024-09-12T02:06:12.787-0300] {logging_mixin.py:190} INFO - [2024-09-12T02:06:12.787-0300] {dag.py:4156} INFO - Setting next_dagrun for example_display_name to None, run_after=None
[2024-09-12T02:06:12.803-0300] {processor.py:208} INFO - Processing /home/gabzarp/.local/lib/python3.10/site-packages/airflow/example_dags/example_display_name.py took 0.044 seconds
[2024-09-12T02:07:24.122-0300] {processor.py:186} INFO - Started process (PID=16509) to work on /home/gabzarp/.local/lib/python3.10/site-packages/airflow/example_dags/example_display_name.py
[2024-09-12T02:07:24.123-0300] {processor.py:914} INFO - Processing file /home/gabzarp/.local/lib/python3.10/site-packages/airflow/example_dags/example_display_name.py for tasks to queue
[2024-09-12T02:07:24.124-0300] {logging_mixin.py:190} INFO - [2024-09-12T02:07:24.124-0300] {dagbag.py:587} INFO - Filling up the DagBag from /home/gabzarp/.local/lib/python3.10/site-packages/airflow/example_dags/example_display_name.py
[2024-09-12T02:07:24.129-0300] {processor.py:925} INFO - DAG(s) 'example_display_name' retrieved from /home/gabzarp/.local/lib/python3.10/site-packages/airflow/example_dags/example_display_name.py
[2024-09-12T02:07:24.139-0300] {logging_mixin.py:190} INFO - [2024-09-12T02:07:24.139-0300] {dag.py:3229} INFO - Sync 1 DAGs
[2024-09-12T02:07:24.147-0300] {logging_mixin.py:190} INFO - [2024-09-12T02:07:24.147-0300] {dag.py:4156} INFO - Setting next_dagrun for example_display_name to None, run_after=None
[2024-09-12T02:07:24.162-0300] {processor.py:208} INFO - Processing /home/gabzarp/.local/lib/python3.10/site-packages/airflow/example_dags/example_display_name.py took 0.045 seconds
[2024-09-12T02:08:41.177-0300] {processor.py:186} INFO - Started process (PID=17118) to work on /home/gabzarp/.local/lib/python3.10/site-packages/airflow/example_dags/example_display_name.py
[2024-09-12T02:08:41.178-0300] {processor.py:914} INFO - Processing file /home/gabzarp/.local/lib/python3.10/site-packages/airflow/example_dags/example_display_name.py for tasks to queue
[2024-09-12T02:08:41.178-0300] {logging_mixin.py:190} INFO - [2024-09-12T02:08:41.178-0300] {dagbag.py:587} INFO - Filling up the DagBag from /home/gabzarp/.local/lib/python3.10/site-packages/airflow/example_dags/example_display_name.py
[2024-09-12T02:08:41.183-0300] {processor.py:925} INFO - DAG(s) 'example_display_name' retrieved from /home/gabzarp/.local/lib/python3.10/site-packages/airflow/example_dags/example_display_name.py
[2024-09-12T02:08:41.193-0300] {logging_mixin.py:190} INFO - [2024-09-12T02:08:41.193-0300] {dag.py:3229} INFO - Sync 1 DAGs
[2024-09-12T02:08:41.201-0300] {logging_mixin.py:190} INFO - [2024-09-12T02:08:41.201-0300] {dag.py:4156} INFO - Setting next_dagrun for example_display_name to None, run_after=None
[2024-09-12T02:08:41.216-0300] {processor.py:208} INFO - Processing /home/gabzarp/.local/lib/python3.10/site-packages/airflow/example_dags/example_display_name.py took 0.043 seconds
[2024-09-12T02:09:59.751-0300] {processor.py:186} INFO - Started process (PID=17890) to work on /home/gabzarp/.local/lib/python3.10/site-packages/airflow/example_dags/example_display_name.py
[2024-09-12T02:09:59.752-0300] {processor.py:914} INFO - Processing file /home/gabzarp/.local/lib/python3.10/site-packages/airflow/example_dags/example_display_name.py for tasks to queue
[2024-09-12T02:09:59.753-0300] {logging_mixin.py:190} INFO - [2024-09-12T02:09:59.753-0300] {dagbag.py:587} INFO - Filling up the DagBag from /home/gabzarp/.local/lib/python3.10/site-packages/airflow/example_dags/example_display_name.py
[2024-09-12T02:09:59.759-0300] {processor.py:925} INFO - DAG(s) 'example_display_name' retrieved from /home/gabzarp/.local/lib/python3.10/site-packages/airflow/example_dags/example_display_name.py
[2024-09-12T02:09:59.773-0300] {logging_mixin.py:190} INFO - [2024-09-12T02:09:59.773-0300] {dag.py:3229} INFO - Sync 1 DAGs
[2024-09-12T02:09:59.783-0300] {logging_mixin.py:190} INFO - [2024-09-12T02:09:59.782-0300] {dag.py:4156} INFO - Setting next_dagrun for example_display_name to None, run_after=None
[2024-09-12T02:09:59.919-0300] {processor.py:208} INFO - Processing /home/gabzarp/.local/lib/python3.10/site-packages/airflow/example_dags/example_display_name.py took 0.179 seconds
