[2024-09-12T01:39:55.216-0300] {processor.py:186} INFO - Started process (PID=2702) to work on /home/gabzarp/.local/lib/python3.10/site-packages/airflow/example_dags/example_params_trigger_ui.py
[2024-09-12T01:39:55.216-0300] {processor.py:914} INFO - Processing file /home/gabzarp/.local/lib/python3.10/site-packages/airflow/example_dags/example_params_trigger_ui.py for tasks to queue
[2024-09-12T01:39:55.218-0300] {logging_mixin.py:190} INFO - [2024-09-12T01:39:55.217-0300] {dagbag.py:587} INFO - Filling up the DagBag from /home/gabzarp/.local/lib/python3.10/site-packages/airflow/example_dags/example_params_trigger_ui.py
[2024-09-12T01:39:55.225-0300] {processor.py:925} INFO - DAG(s) 'example_params_trigger_ui' retrieved from /home/gabzarp/.local/lib/python3.10/site-packages/airflow/example_dags/example_params_trigger_ui.py
[2024-09-12T01:39:55.308-0300] {logging_mixin.py:190} INFO - [2024-09-12T01:39:55.308-0300] {override.py:1900} INFO - Created Permission View: can edit on DAG:example_params_trigger_ui
[2024-09-12T01:39:55.318-0300] {logging_mixin.py:190} INFO - [2024-09-12T01:39:55.318-0300] {override.py:1900} INFO - Created Permission View: can read on DAG:example_params_trigger_ui
[2024-09-12T01:39:55.325-0300] {logging_mixin.py:190} INFO - [2024-09-12T01:39:55.325-0300] {override.py:1900} INFO - Created Permission View: can delete on DAG:example_params_trigger_ui
[2024-09-12T01:39:55.336-0300] {logging_mixin.py:190} INFO - [2024-09-12T01:39:55.336-0300] {override.py:1900} INFO - Created Permission View: can read on DAG Run:example_params_trigger_ui
[2024-09-12T01:39:55.343-0300] {logging_mixin.py:190} INFO - [2024-09-12T01:39:55.343-0300] {override.py:1900} INFO - Created Permission View: can create on DAG Run:example_params_trigger_ui
[2024-09-12T01:39:55.350-0300] {logging_mixin.py:190} INFO - [2024-09-12T01:39:55.350-0300] {override.py:1900} INFO - Created Permission View: menu access on DAG Run:example_params_trigger_ui
[2024-09-12T01:39:55.357-0300] {logging_mixin.py:190} INFO - [2024-09-12T01:39:55.357-0300] {override.py:1900} INFO - Created Permission View: can delete on DAG Run:example_params_trigger_ui
[2024-09-12T01:39:55.357-0300] {logging_mixin.py:190} INFO - [2024-09-12T01:39:55.357-0300] {dag.py:3229} INFO - Sync 1 DAGs
[2024-09-12T01:39:55.365-0300] {logging_mixin.py:190} INFO - [2024-09-12T01:39:55.365-0300] {dag.py:3252} INFO - Creating ORM DAG for example_params_trigger_ui
[2024-09-12T01:39:55.365-0300] {logging_mixin.py:190} INFO - [2024-09-12T01:39:55.365-0300] {dag.py:4156} INFO - Setting next_dagrun for example_params_trigger_ui to None, run_after=None
[2024-09-12T01:39:55.382-0300] {processor.py:208} INFO - Processing /home/gabzarp/.local/lib/python3.10/site-packages/airflow/example_dags/example_params_trigger_ui.py took 0.169 seconds
[2024-09-12T01:40:52.020-0300] {processor.py:186} INFO - Started process (PID=2987) to work on /home/gabzarp/.local/lib/python3.10/site-packages/airflow/example_dags/example_params_trigger_ui.py
[2024-09-12T01:40:52.021-0300] {processor.py:914} INFO - Processing file /home/gabzarp/.local/lib/python3.10/site-packages/airflow/example_dags/example_params_trigger_ui.py for tasks to queue
[2024-09-12T01:40:52.022-0300] {logging_mixin.py:190} INFO - [2024-09-12T01:40:52.022-0300] {dagbag.py:587} INFO - Filling up the DagBag from /home/gabzarp/.local/lib/python3.10/site-packages/airflow/example_dags/example_params_trigger_ui.py
[2024-09-12T01:40:52.029-0300] {processor.py:925} INFO - DAG(s) 'example_params_trigger_ui' retrieved from /home/gabzarp/.local/lib/python3.10/site-packages/airflow/example_dags/example_params_trigger_ui.py
[2024-09-12T01:40:52.059-0300] {logging_mixin.py:190} INFO - [2024-09-12T01:40:52.059-0300] {dag.py:3229} INFO - Sync 1 DAGs
[2024-09-12T01:40:52.068-0300] {logging_mixin.py:190} INFO - [2024-09-12T01:40:52.068-0300] {dag.py:4156} INFO - Setting next_dagrun for example_params_trigger_ui to None, run_after=None
[2024-09-12T01:40:52.083-0300] {processor.py:208} INFO - Processing /home/gabzarp/.local/lib/python3.10/site-packages/airflow/example_dags/example_params_trigger_ui.py took 0.066 seconds
[2024-09-12T01:41:45.696-0300] {processor.py:186} INFO - Started process (PID=3337) to work on /home/gabzarp/.local/lib/python3.10/site-packages/airflow/example_dags/example_params_trigger_ui.py
[2024-09-12T01:41:45.697-0300] {processor.py:914} INFO - Processing file /home/gabzarp/.local/lib/python3.10/site-packages/airflow/example_dags/example_params_trigger_ui.py for tasks to queue
[2024-09-12T01:41:45.699-0300] {logging_mixin.py:190} INFO - [2024-09-12T01:41:45.698-0300] {dagbag.py:587} INFO - Filling up the DagBag from /home/gabzarp/.local/lib/python3.10/site-packages/airflow/example_dags/example_params_trigger_ui.py
[2024-09-12T01:41:45.706-0300] {processor.py:925} INFO - DAG(s) 'example_params_trigger_ui' retrieved from /home/gabzarp/.local/lib/python3.10/site-packages/airflow/example_dags/example_params_trigger_ui.py
[2024-09-12T01:41:45.734-0300] {logging_mixin.py:190} INFO - [2024-09-12T01:41:45.734-0300] {dag.py:3229} INFO - Sync 1 DAGs
[2024-09-12T01:41:45.742-0300] {logging_mixin.py:190} INFO - [2024-09-12T01:41:45.742-0300] {dag.py:4156} INFO - Setting next_dagrun for example_params_trigger_ui to None, run_after=None
[2024-09-12T01:41:45.758-0300] {processor.py:208} INFO - Processing /home/gabzarp/.local/lib/python3.10/site-packages/airflow/example_dags/example_params_trigger_ui.py took 0.065 seconds
[2024-09-12T01:42:37.528-0300] {processor.py:186} INFO - Started process (PID=3598) to work on /home/gabzarp/.local/lib/python3.10/site-packages/airflow/example_dags/example_params_trigger_ui.py
[2024-09-12T01:42:37.529-0300] {processor.py:914} INFO - Processing file /home/gabzarp/.local/lib/python3.10/site-packages/airflow/example_dags/example_params_trigger_ui.py for tasks to queue
[2024-09-12T01:42:37.531-0300] {logging_mixin.py:190} INFO - [2024-09-12T01:42:37.530-0300] {dagbag.py:587} INFO - Filling up the DagBag from /home/gabzarp/.local/lib/python3.10/site-packages/airflow/example_dags/example_params_trigger_ui.py
[2024-09-12T01:42:37.538-0300] {processor.py:925} INFO - DAG(s) 'example_params_trigger_ui' retrieved from /home/gabzarp/.local/lib/python3.10/site-packages/airflow/example_dags/example_params_trigger_ui.py
[2024-09-12T01:42:37.565-0300] {logging_mixin.py:190} INFO - [2024-09-12T01:42:37.565-0300] {dag.py:3229} INFO - Sync 1 DAGs
[2024-09-12T01:42:37.573-0300] {logging_mixin.py:190} INFO - [2024-09-12T01:42:37.573-0300] {dag.py:4156} INFO - Setting next_dagrun for example_params_trigger_ui to None, run_after=None
[2024-09-12T01:42:37.795-0300] {processor.py:208} INFO - Processing /home/gabzarp/.local/lib/python3.10/site-packages/airflow/example_dags/example_params_trigger_ui.py took 0.270 seconds
[2024-09-12T01:43:27.761-0300] {processor.py:186} INFO - Started process (PID=3850) to work on /home/gabzarp/.local/lib/python3.10/site-packages/airflow/example_dags/example_params_trigger_ui.py
[2024-09-12T01:43:27.762-0300] {processor.py:914} INFO - Processing file /home/gabzarp/.local/lib/python3.10/site-packages/airflow/example_dags/example_params_trigger_ui.py for tasks to queue
[2024-09-12T01:43:27.763-0300] {logging_mixin.py:190} INFO - [2024-09-12T01:43:27.763-0300] {dagbag.py:587} INFO - Filling up the DagBag from /home/gabzarp/.local/lib/python3.10/site-packages/airflow/example_dags/example_params_trigger_ui.py
[2024-09-12T01:43:27.770-0300] {processor.py:925} INFO - DAG(s) 'example_params_trigger_ui' retrieved from /home/gabzarp/.local/lib/python3.10/site-packages/airflow/example_dags/example_params_trigger_ui.py
[2024-09-12T01:43:27.803-0300] {logging_mixin.py:190} INFO - [2024-09-12T01:43:27.803-0300] {dag.py:3229} INFO - Sync 1 DAGs
[2024-09-12T01:43:27.813-0300] {logging_mixin.py:190} INFO - [2024-09-12T01:43:27.812-0300] {dag.py:4156} INFO - Setting next_dagrun for example_params_trigger_ui to None, run_after=None
[2024-09-12T01:43:27.831-0300] {processor.py:208} INFO - Processing /home/gabzarp/.local/lib/python3.10/site-packages/airflow/example_dags/example_params_trigger_ui.py took 0.074 seconds
[2024-09-12T01:45:07.373-0300] {processor.py:186} INFO - Started process (PID=5085) to work on /home/gabzarp/.local/lib/python3.10/site-packages/airflow/example_dags/example_params_trigger_ui.py
[2024-09-12T01:45:07.374-0300] {processor.py:914} INFO - Processing file /home/gabzarp/.local/lib/python3.10/site-packages/airflow/example_dags/example_params_trigger_ui.py for tasks to queue
[2024-09-12T01:45:07.375-0300] {logging_mixin.py:190} INFO - [2024-09-12T01:45:07.375-0300] {dagbag.py:587} INFO - Filling up the DagBag from /home/gabzarp/.local/lib/python3.10/site-packages/airflow/example_dags/example_params_trigger_ui.py
[2024-09-12T01:45:07.382-0300] {processor.py:925} INFO - DAG(s) 'example_params_trigger_ui' retrieved from /home/gabzarp/.local/lib/python3.10/site-packages/airflow/example_dags/example_params_trigger_ui.py
[2024-09-12T01:45:07.413-0300] {logging_mixin.py:190} INFO - [2024-09-12T01:45:07.413-0300] {dag.py:3229} INFO - Sync 1 DAGs
[2024-09-12T01:45:07.421-0300] {logging_mixin.py:190} INFO - [2024-09-12T01:45:07.421-0300] {dag.py:4156} INFO - Setting next_dagrun for example_params_trigger_ui to None, run_after=None
[2024-09-12T01:45:07.437-0300] {processor.py:208} INFO - Processing /home/gabzarp/.local/lib/python3.10/site-packages/airflow/example_dags/example_params_trigger_ui.py took 0.068 seconds
[2024-09-12T01:45:58.695-0300] {processor.py:186} INFO - Started process (PID=5497) to work on /home/gabzarp/.local/lib/python3.10/site-packages/airflow/example_dags/example_params_trigger_ui.py
[2024-09-12T01:45:58.696-0300] {processor.py:914} INFO - Processing file /home/gabzarp/.local/lib/python3.10/site-packages/airflow/example_dags/example_params_trigger_ui.py for tasks to queue
[2024-09-12T01:45:58.698-0300] {logging_mixin.py:190} INFO - [2024-09-12T01:45:58.697-0300] {dagbag.py:587} INFO - Filling up the DagBag from /home/gabzarp/.local/lib/python3.10/site-packages/airflow/example_dags/example_params_trigger_ui.py
[2024-09-12T01:45:58.705-0300] {processor.py:925} INFO - DAG(s) 'example_params_trigger_ui' retrieved from /home/gabzarp/.local/lib/python3.10/site-packages/airflow/example_dags/example_params_trigger_ui.py
[2024-09-12T01:45:58.735-0300] {logging_mixin.py:190} INFO - [2024-09-12T01:45:58.735-0300] {dag.py:3229} INFO - Sync 1 DAGs
[2024-09-12T01:45:58.744-0300] {logging_mixin.py:190} INFO - [2024-09-12T01:45:58.743-0300] {dag.py:4156} INFO - Setting next_dagrun for example_params_trigger_ui to None, run_after=None
[2024-09-12T01:45:58.761-0300] {processor.py:208} INFO - Processing /home/gabzarp/.local/lib/python3.10/site-packages/airflow/example_dags/example_params_trigger_ui.py took 0.069 seconds
[2024-09-12T01:46:49.787-0300] {processor.py:186} INFO - Started process (PID=5912) to work on /home/gabzarp/.local/lib/python3.10/site-packages/airflow/example_dags/example_params_trigger_ui.py
[2024-09-12T01:46:49.788-0300] {processor.py:914} INFO - Processing file /home/gabzarp/.local/lib/python3.10/site-packages/airflow/example_dags/example_params_trigger_ui.py for tasks to queue
[2024-09-12T01:46:49.790-0300] {logging_mixin.py:190} INFO - [2024-09-12T01:46:49.790-0300] {dagbag.py:587} INFO - Filling up the DagBag from /home/gabzarp/.local/lib/python3.10/site-packages/airflow/example_dags/example_params_trigger_ui.py
[2024-09-12T01:46:49.799-0300] {processor.py:925} INFO - DAG(s) 'example_params_trigger_ui' retrieved from /home/gabzarp/.local/lib/python3.10/site-packages/airflow/example_dags/example_params_trigger_ui.py
[2024-09-12T01:46:49.831-0300] {logging_mixin.py:190} INFO - [2024-09-12T01:46:49.830-0300] {dag.py:3229} INFO - Sync 1 DAGs
[2024-09-12T01:46:49.839-0300] {logging_mixin.py:190} INFO - [2024-09-12T01:46:49.839-0300] {dag.py:4156} INFO - Setting next_dagrun for example_params_trigger_ui to None, run_after=None
[2024-09-12T01:46:49.854-0300] {processor.py:208} INFO - Processing /home/gabzarp/.local/lib/python3.10/site-packages/airflow/example_dags/example_params_trigger_ui.py took 0.070 seconds
[2024-09-12T01:47:38.882-0300] {processor.py:186} INFO - Started process (PID=6306) to work on /home/gabzarp/.local/lib/python3.10/site-packages/airflow/example_dags/example_params_trigger_ui.py
[2024-09-12T01:47:38.883-0300] {processor.py:914} INFO - Processing file /home/gabzarp/.local/lib/python3.10/site-packages/airflow/example_dags/example_params_trigger_ui.py for tasks to queue
[2024-09-12T01:47:38.885-0300] {logging_mixin.py:190} INFO - [2024-09-12T01:47:38.884-0300] {dagbag.py:587} INFO - Filling up the DagBag from /home/gabzarp/.local/lib/python3.10/site-packages/airflow/example_dags/example_params_trigger_ui.py
[2024-09-12T01:47:38.893-0300] {processor.py:925} INFO - DAG(s) 'example_params_trigger_ui' retrieved from /home/gabzarp/.local/lib/python3.10/site-packages/airflow/example_dags/example_params_trigger_ui.py
[2024-09-12T01:47:38.926-0300] {logging_mixin.py:190} INFO - [2024-09-12T01:47:38.926-0300] {dag.py:3229} INFO - Sync 1 DAGs
[2024-09-12T01:47:38.937-0300] {logging_mixin.py:190} INFO - [2024-09-12T01:47:38.937-0300] {dag.py:4156} INFO - Setting next_dagrun for example_params_trigger_ui to None, run_after=None
[2024-09-12T01:47:38.954-0300] {processor.py:208} INFO - Processing /home/gabzarp/.local/lib/python3.10/site-packages/airflow/example_dags/example_params_trigger_ui.py took 0.075 seconds
[2024-09-12T01:48:29.161-0300] {processor.py:186} INFO - Started process (PID=6818) to work on /home/gabzarp/.local/lib/python3.10/site-packages/airflow/example_dags/example_params_trigger_ui.py
[2024-09-12T01:48:29.162-0300] {processor.py:914} INFO - Processing file /home/gabzarp/.local/lib/python3.10/site-packages/airflow/example_dags/example_params_trigger_ui.py for tasks to queue
[2024-09-12T01:48:29.163-0300] {logging_mixin.py:190} INFO - [2024-09-12T01:48:29.163-0300] {dagbag.py:587} INFO - Filling up the DagBag from /home/gabzarp/.local/lib/python3.10/site-packages/airflow/example_dags/example_params_trigger_ui.py
[2024-09-12T01:48:29.170-0300] {processor.py:925} INFO - DAG(s) 'example_params_trigger_ui' retrieved from /home/gabzarp/.local/lib/python3.10/site-packages/airflow/example_dags/example_params_trigger_ui.py
[2024-09-12T01:48:29.199-0300] {logging_mixin.py:190} INFO - [2024-09-12T01:48:29.199-0300] {dag.py:3229} INFO - Sync 1 DAGs
[2024-09-12T01:48:29.208-0300] {logging_mixin.py:190} INFO - [2024-09-12T01:48:29.208-0300] {dag.py:4156} INFO - Setting next_dagrun for example_params_trigger_ui to None, run_after=None
[2024-09-12T01:48:29.222-0300] {processor.py:208} INFO - Processing /home/gabzarp/.local/lib/python3.10/site-packages/airflow/example_dags/example_params_trigger_ui.py took 0.065 seconds
[2024-09-12T01:49:20.525-0300] {processor.py:186} INFO - Started process (PID=7252) to work on /home/gabzarp/.local/lib/python3.10/site-packages/airflow/example_dags/example_params_trigger_ui.py
[2024-09-12T01:49:20.526-0300] {processor.py:914} INFO - Processing file /home/gabzarp/.local/lib/python3.10/site-packages/airflow/example_dags/example_params_trigger_ui.py for tasks to queue
[2024-09-12T01:49:20.527-0300] {logging_mixin.py:190} INFO - [2024-09-12T01:49:20.527-0300] {dagbag.py:587} INFO - Filling up the DagBag from /home/gabzarp/.local/lib/python3.10/site-packages/airflow/example_dags/example_params_trigger_ui.py
[2024-09-12T01:49:20.534-0300] {processor.py:925} INFO - DAG(s) 'example_params_trigger_ui' retrieved from /home/gabzarp/.local/lib/python3.10/site-packages/airflow/example_dags/example_params_trigger_ui.py
[2024-09-12T01:49:20.563-0300] {logging_mixin.py:190} INFO - [2024-09-12T01:49:20.563-0300] {dag.py:3229} INFO - Sync 1 DAGs
[2024-09-12T01:49:20.572-0300] {logging_mixin.py:190} INFO - [2024-09-12T01:49:20.572-0300] {dag.py:4156} INFO - Setting next_dagrun for example_params_trigger_ui to None, run_after=None
[2024-09-12T01:49:20.587-0300] {processor.py:208} INFO - Processing /home/gabzarp/.local/lib/python3.10/site-packages/airflow/example_dags/example_params_trigger_ui.py took 0.066 seconds
[2024-09-12T01:50:11.364-0300] {processor.py:186} INFO - Started process (PID=7730) to work on /home/gabzarp/.local/lib/python3.10/site-packages/airflow/example_dags/example_params_trigger_ui.py
[2024-09-12T01:50:11.365-0300] {processor.py:914} INFO - Processing file /home/gabzarp/.local/lib/python3.10/site-packages/airflow/example_dags/example_params_trigger_ui.py for tasks to queue
[2024-09-12T01:50:11.366-0300] {logging_mixin.py:190} INFO - [2024-09-12T01:50:11.366-0300] {dagbag.py:587} INFO - Filling up the DagBag from /home/gabzarp/.local/lib/python3.10/site-packages/airflow/example_dags/example_params_trigger_ui.py
[2024-09-12T01:50:11.373-0300] {processor.py:925} INFO - DAG(s) 'example_params_trigger_ui' retrieved from /home/gabzarp/.local/lib/python3.10/site-packages/airflow/example_dags/example_params_trigger_ui.py
[2024-09-12T01:50:11.401-0300] {logging_mixin.py:190} INFO - [2024-09-12T01:50:11.400-0300] {dag.py:3229} INFO - Sync 1 DAGs
[2024-09-12T01:50:11.409-0300] {logging_mixin.py:190} INFO - [2024-09-12T01:50:11.409-0300] {dag.py:4156} INFO - Setting next_dagrun for example_params_trigger_ui to None, run_after=None
[2024-09-12T01:50:11.424-0300] {processor.py:208} INFO - Processing /home/gabzarp/.local/lib/python3.10/site-packages/airflow/example_dags/example_params_trigger_ui.py took 0.064 seconds
[2024-09-12T01:51:00.547-0300] {processor.py:186} INFO - Started process (PID=8133) to work on /home/gabzarp/.local/lib/python3.10/site-packages/airflow/example_dags/example_params_trigger_ui.py
[2024-09-12T01:51:00.548-0300] {processor.py:914} INFO - Processing file /home/gabzarp/.local/lib/python3.10/site-packages/airflow/example_dags/example_params_trigger_ui.py for tasks to queue
[2024-09-12T01:51:00.549-0300] {logging_mixin.py:190} INFO - [2024-09-12T01:51:00.548-0300] {dagbag.py:587} INFO - Filling up the DagBag from /home/gabzarp/.local/lib/python3.10/site-packages/airflow/example_dags/example_params_trigger_ui.py
[2024-09-12T01:51:00.555-0300] {processor.py:925} INFO - DAG(s) 'example_params_trigger_ui' retrieved from /home/gabzarp/.local/lib/python3.10/site-packages/airflow/example_dags/example_params_trigger_ui.py
[2024-09-12T01:51:00.582-0300] {logging_mixin.py:190} INFO - [2024-09-12T01:51:00.582-0300] {dag.py:3229} INFO - Sync 1 DAGs
[2024-09-12T01:51:00.591-0300] {logging_mixin.py:190} INFO - [2024-09-12T01:51:00.590-0300] {dag.py:4156} INFO - Setting next_dagrun for example_params_trigger_ui to None, run_after=None
[2024-09-12T01:51:00.605-0300] {processor.py:208} INFO - Processing /home/gabzarp/.local/lib/python3.10/site-packages/airflow/example_dags/example_params_trigger_ui.py took 0.062 seconds
[2024-09-12T01:52:12.193-0300] {processor.py:186} INFO - Started process (PID=8843) to work on /home/gabzarp/.local/lib/python3.10/site-packages/airflow/example_dags/example_params_trigger_ui.py
[2024-09-12T01:52:12.195-0300] {processor.py:914} INFO - Processing file /home/gabzarp/.local/lib/python3.10/site-packages/airflow/example_dags/example_params_trigger_ui.py for tasks to queue
[2024-09-12T01:52:12.195-0300] {logging_mixin.py:190} INFO - [2024-09-12T01:52:12.195-0300] {dagbag.py:587} INFO - Filling up the DagBag from /home/gabzarp/.local/lib/python3.10/site-packages/airflow/example_dags/example_params_trigger_ui.py
[2024-09-12T01:52:12.202-0300] {processor.py:925} INFO - DAG(s) 'example_params_trigger_ui' retrieved from /home/gabzarp/.local/lib/python3.10/site-packages/airflow/example_dags/example_params_trigger_ui.py
[2024-09-12T01:52:12.230-0300] {logging_mixin.py:190} INFO - [2024-09-12T01:52:12.229-0300] {dag.py:3229} INFO - Sync 1 DAGs
[2024-09-12T01:52:12.237-0300] {logging_mixin.py:190} INFO - [2024-09-12T01:52:12.237-0300] {dag.py:4156} INFO - Setting next_dagrun for example_params_trigger_ui to None, run_after=None
[2024-09-12T01:52:12.251-0300] {processor.py:208} INFO - Processing /home/gabzarp/.local/lib/python3.10/site-packages/airflow/example_dags/example_params_trigger_ui.py took 0.061 seconds
[2024-09-12T01:53:06.411-0300] {processor.py:186} INFO - Started process (PID=9426) to work on /home/gabzarp/.local/lib/python3.10/site-packages/airflow/example_dags/example_params_trigger_ui.py
[2024-09-12T01:53:06.412-0300] {processor.py:914} INFO - Processing file /home/gabzarp/.local/lib/python3.10/site-packages/airflow/example_dags/example_params_trigger_ui.py for tasks to queue
[2024-09-12T01:53:06.412-0300] {logging_mixin.py:190} INFO - [2024-09-12T01:53:06.412-0300] {dagbag.py:587} INFO - Filling up the DagBag from /home/gabzarp/.local/lib/python3.10/site-packages/airflow/example_dags/example_params_trigger_ui.py
[2024-09-12T01:53:06.420-0300] {processor.py:925} INFO - DAG(s) 'example_params_trigger_ui' retrieved from /home/gabzarp/.local/lib/python3.10/site-packages/airflow/example_dags/example_params_trigger_ui.py
[2024-09-12T01:53:06.448-0300] {logging_mixin.py:190} INFO - [2024-09-12T01:53:06.448-0300] {dag.py:3229} INFO - Sync 1 DAGs
[2024-09-12T01:53:06.457-0300] {logging_mixin.py:190} INFO - [2024-09-12T01:53:06.457-0300] {dag.py:4156} INFO - Setting next_dagrun for example_params_trigger_ui to None, run_after=None
[2024-09-12T01:53:06.472-0300] {processor.py:208} INFO - Processing /home/gabzarp/.local/lib/python3.10/site-packages/airflow/example_dags/example_params_trigger_ui.py took 0.064 seconds
[2024-09-12T01:53:58.081-0300] {processor.py:186} INFO - Started process (PID=9858) to work on /home/gabzarp/.local/lib/python3.10/site-packages/airflow/example_dags/example_params_trigger_ui.py
[2024-09-12T01:53:58.082-0300] {processor.py:914} INFO - Processing file /home/gabzarp/.local/lib/python3.10/site-packages/airflow/example_dags/example_params_trigger_ui.py for tasks to queue
[2024-09-12T01:53:58.082-0300] {logging_mixin.py:190} INFO - [2024-09-12T01:53:58.082-0300] {dagbag.py:587} INFO - Filling up the DagBag from /home/gabzarp/.local/lib/python3.10/site-packages/airflow/example_dags/example_params_trigger_ui.py
[2024-09-12T01:53:58.089-0300] {processor.py:925} INFO - DAG(s) 'example_params_trigger_ui' retrieved from /home/gabzarp/.local/lib/python3.10/site-packages/airflow/example_dags/example_params_trigger_ui.py
[2024-09-12T01:53:58.118-0300] {logging_mixin.py:190} INFO - [2024-09-12T01:53:58.117-0300] {dag.py:3229} INFO - Sync 1 DAGs
[2024-09-12T01:53:58.127-0300] {logging_mixin.py:190} INFO - [2024-09-12T01:53:58.126-0300] {dag.py:4156} INFO - Setting next_dagrun for example_params_trigger_ui to None, run_after=None
[2024-09-12T01:53:58.142-0300] {processor.py:208} INFO - Processing /home/gabzarp/.local/lib/python3.10/site-packages/airflow/example_dags/example_params_trigger_ui.py took 0.065 seconds
[2024-09-12T01:54:48.362-0300] {processor.py:186} INFO - Started process (PID=10267) to work on /home/gabzarp/.local/lib/python3.10/site-packages/airflow/example_dags/example_params_trigger_ui.py
[2024-09-12T01:54:48.363-0300] {processor.py:914} INFO - Processing file /home/gabzarp/.local/lib/python3.10/site-packages/airflow/example_dags/example_params_trigger_ui.py for tasks to queue
[2024-09-12T01:54:48.363-0300] {logging_mixin.py:190} INFO - [2024-09-12T01:54:48.363-0300] {dagbag.py:587} INFO - Filling up the DagBag from /home/gabzarp/.local/lib/python3.10/site-packages/airflow/example_dags/example_params_trigger_ui.py
[2024-09-12T01:54:48.370-0300] {processor.py:925} INFO - DAG(s) 'example_params_trigger_ui' retrieved from /home/gabzarp/.local/lib/python3.10/site-packages/airflow/example_dags/example_params_trigger_ui.py
[2024-09-12T01:54:48.396-0300] {logging_mixin.py:190} INFO - [2024-09-12T01:54:48.396-0300] {dag.py:3229} INFO - Sync 1 DAGs
[2024-09-12T01:54:48.404-0300] {logging_mixin.py:190} INFO - [2024-09-12T01:54:48.404-0300] {dag.py:4156} INFO - Setting next_dagrun for example_params_trigger_ui to None, run_after=None
[2024-09-12T01:54:48.418-0300] {processor.py:208} INFO - Processing /home/gabzarp/.local/lib/python3.10/site-packages/airflow/example_dags/example_params_trigger_ui.py took 0.059 seconds
[2024-09-12T01:55:41.764-0300] {processor.py:186} INFO - Started process (PID=10688) to work on /home/gabzarp/.local/lib/python3.10/site-packages/airflow/example_dags/example_params_trigger_ui.py
[2024-09-12T01:55:41.765-0300] {processor.py:914} INFO - Processing file /home/gabzarp/.local/lib/python3.10/site-packages/airflow/example_dags/example_params_trigger_ui.py for tasks to queue
[2024-09-12T01:55:41.766-0300] {logging_mixin.py:190} INFO - [2024-09-12T01:55:41.765-0300] {dagbag.py:587} INFO - Filling up the DagBag from /home/gabzarp/.local/lib/python3.10/site-packages/airflow/example_dags/example_params_trigger_ui.py
[2024-09-12T01:55:41.772-0300] {processor.py:925} INFO - DAG(s) 'example_params_trigger_ui' retrieved from /home/gabzarp/.local/lib/python3.10/site-packages/airflow/example_dags/example_params_trigger_ui.py
[2024-09-12T01:55:41.799-0300] {logging_mixin.py:190} INFO - [2024-09-12T01:55:41.799-0300] {dag.py:3229} INFO - Sync 1 DAGs
[2024-09-12T01:55:41.808-0300] {logging_mixin.py:190} INFO - [2024-09-12T01:55:41.807-0300] {dag.py:4156} INFO - Setting next_dagrun for example_params_trigger_ui to None, run_after=None
[2024-09-12T01:55:41.825-0300] {processor.py:208} INFO - Processing /home/gabzarp/.local/lib/python3.10/site-packages/airflow/example_dags/example_params_trigger_ui.py took 0.064 seconds
[2024-09-12T01:56:37.500-0300] {processor.py:186} INFO - Started process (PID=11152) to work on /home/gabzarp/.local/lib/python3.10/site-packages/airflow/example_dags/example_params_trigger_ui.py
[2024-09-12T01:56:37.501-0300] {processor.py:914} INFO - Processing file /home/gabzarp/.local/lib/python3.10/site-packages/airflow/example_dags/example_params_trigger_ui.py for tasks to queue
[2024-09-12T01:56:37.502-0300] {logging_mixin.py:190} INFO - [2024-09-12T01:56:37.501-0300] {dagbag.py:587} INFO - Filling up the DagBag from /home/gabzarp/.local/lib/python3.10/site-packages/airflow/example_dags/example_params_trigger_ui.py
[2024-09-12T01:56:37.508-0300] {processor.py:925} INFO - DAG(s) 'example_params_trigger_ui' retrieved from /home/gabzarp/.local/lib/python3.10/site-packages/airflow/example_dags/example_params_trigger_ui.py
[2024-09-12T01:56:37.536-0300] {logging_mixin.py:190} INFO - [2024-09-12T01:56:37.536-0300] {dag.py:3229} INFO - Sync 1 DAGs
[2024-09-12T01:56:37.543-0300] {logging_mixin.py:190} INFO - [2024-09-12T01:56:37.543-0300] {dag.py:4156} INFO - Setting next_dagrun for example_params_trigger_ui to None, run_after=None
[2024-09-12T01:56:37.559-0300] {processor.py:208} INFO - Processing /home/gabzarp/.local/lib/python3.10/site-packages/airflow/example_dags/example_params_trigger_ui.py took 0.063 seconds
[2024-09-12T01:57:33.172-0300] {processor.py:186} INFO - Started process (PID=11639) to work on /home/gabzarp/.local/lib/python3.10/site-packages/airflow/example_dags/example_params_trigger_ui.py
[2024-09-12T01:57:33.173-0300] {processor.py:914} INFO - Processing file /home/gabzarp/.local/lib/python3.10/site-packages/airflow/example_dags/example_params_trigger_ui.py for tasks to queue
[2024-09-12T01:57:33.174-0300] {logging_mixin.py:190} INFO - [2024-09-12T01:57:33.173-0300] {dagbag.py:587} INFO - Filling up the DagBag from /home/gabzarp/.local/lib/python3.10/site-packages/airflow/example_dags/example_params_trigger_ui.py
[2024-09-12T01:57:33.180-0300] {processor.py:925} INFO - DAG(s) 'example_params_trigger_ui' retrieved from /home/gabzarp/.local/lib/python3.10/site-packages/airflow/example_dags/example_params_trigger_ui.py
[2024-09-12T01:57:33.208-0300] {logging_mixin.py:190} INFO - [2024-09-12T01:57:33.208-0300] {dag.py:3229} INFO - Sync 1 DAGs
[2024-09-12T01:57:33.215-0300] {logging_mixin.py:190} INFO - [2024-09-12T01:57:33.215-0300] {dag.py:4156} INFO - Setting next_dagrun for example_params_trigger_ui to None, run_after=None
[2024-09-12T01:57:33.230-0300] {processor.py:208} INFO - Processing /home/gabzarp/.local/lib/python3.10/site-packages/airflow/example_dags/example_params_trigger_ui.py took 0.062 seconds
[2024-09-12T01:58:26.234-0300] {processor.py:186} INFO - Started process (PID=12059) to work on /home/gabzarp/.local/lib/python3.10/site-packages/airflow/example_dags/example_params_trigger_ui.py
[2024-09-12T01:58:26.235-0300] {processor.py:914} INFO - Processing file /home/gabzarp/.local/lib/python3.10/site-packages/airflow/example_dags/example_params_trigger_ui.py for tasks to queue
[2024-09-12T01:58:26.236-0300] {logging_mixin.py:190} INFO - [2024-09-12T01:58:26.235-0300] {dagbag.py:587} INFO - Filling up the DagBag from /home/gabzarp/.local/lib/python3.10/site-packages/airflow/example_dags/example_params_trigger_ui.py
[2024-09-12T01:58:26.242-0300] {processor.py:925} INFO - DAG(s) 'example_params_trigger_ui' retrieved from /home/gabzarp/.local/lib/python3.10/site-packages/airflow/example_dags/example_params_trigger_ui.py
[2024-09-12T01:58:26.269-0300] {logging_mixin.py:190} INFO - [2024-09-12T01:58:26.269-0300] {dag.py:3229} INFO - Sync 1 DAGs
[2024-09-12T01:58:26.277-0300] {logging_mixin.py:190} INFO - [2024-09-12T01:58:26.277-0300] {dag.py:4156} INFO - Setting next_dagrun for example_params_trigger_ui to None, run_after=None
[2024-09-12T01:58:26.290-0300] {processor.py:208} INFO - Processing /home/gabzarp/.local/lib/python3.10/site-packages/airflow/example_dags/example_params_trigger_ui.py took 0.060 seconds
[2024-09-12T01:59:18.285-0300] {processor.py:186} INFO - Started process (PID=12469) to work on /home/gabzarp/.local/lib/python3.10/site-packages/airflow/example_dags/example_params_trigger_ui.py
[2024-09-12T01:59:18.286-0300] {processor.py:914} INFO - Processing file /home/gabzarp/.local/lib/python3.10/site-packages/airflow/example_dags/example_params_trigger_ui.py for tasks to queue
[2024-09-12T01:59:18.287-0300] {logging_mixin.py:190} INFO - [2024-09-12T01:59:18.286-0300] {dagbag.py:587} INFO - Filling up the DagBag from /home/gabzarp/.local/lib/python3.10/site-packages/airflow/example_dags/example_params_trigger_ui.py
[2024-09-12T01:59:18.294-0300] {processor.py:925} INFO - DAG(s) 'example_params_trigger_ui' retrieved from /home/gabzarp/.local/lib/python3.10/site-packages/airflow/example_dags/example_params_trigger_ui.py
[2024-09-12T01:59:18.324-0300] {logging_mixin.py:190} INFO - [2024-09-12T01:59:18.324-0300] {dag.py:3229} INFO - Sync 1 DAGs
[2024-09-12T01:59:18.331-0300] {logging_mixin.py:190} INFO - [2024-09-12T01:59:18.331-0300] {dag.py:4156} INFO - Setting next_dagrun for example_params_trigger_ui to None, run_after=None
[2024-09-12T01:59:18.345-0300] {processor.py:208} INFO - Processing /home/gabzarp/.local/lib/python3.10/site-packages/airflow/example_dags/example_params_trigger_ui.py took 0.064 seconds
[2024-09-12T02:00:10.147-0300] {processor.py:186} INFO - Started process (PID=12913) to work on /home/gabzarp/.local/lib/python3.10/site-packages/airflow/example_dags/example_params_trigger_ui.py
[2024-09-12T02:00:10.148-0300] {processor.py:914} INFO - Processing file /home/gabzarp/.local/lib/python3.10/site-packages/airflow/example_dags/example_params_trigger_ui.py for tasks to queue
[2024-09-12T02:00:10.149-0300] {logging_mixin.py:190} INFO - [2024-09-12T02:00:10.148-0300] {dagbag.py:587} INFO - Filling up the DagBag from /home/gabzarp/.local/lib/python3.10/site-packages/airflow/example_dags/example_params_trigger_ui.py
[2024-09-12T02:00:10.156-0300] {processor.py:925} INFO - DAG(s) 'example_params_trigger_ui' retrieved from /home/gabzarp/.local/lib/python3.10/site-packages/airflow/example_dags/example_params_trigger_ui.py
[2024-09-12T02:00:10.185-0300] {logging_mixin.py:190} INFO - [2024-09-12T02:00:10.184-0300] {dag.py:3229} INFO - Sync 1 DAGs
[2024-09-12T02:00:10.193-0300] {logging_mixin.py:190} INFO - [2024-09-12T02:00:10.193-0300] {dag.py:4156} INFO - Setting next_dagrun for example_params_trigger_ui to None, run_after=None
[2024-09-12T02:00:10.241-0300] {processor.py:208} INFO - Processing /home/gabzarp/.local/lib/python3.10/site-packages/airflow/example_dags/example_params_trigger_ui.py took 0.098 seconds
[2024-09-12T02:01:01.409-0300] {processor.py:186} INFO - Started process (PID=13421) to work on /home/gabzarp/.local/lib/python3.10/site-packages/airflow/example_dags/example_params_trigger_ui.py
[2024-09-12T02:01:01.410-0300] {processor.py:914} INFO - Processing file /home/gabzarp/.local/lib/python3.10/site-packages/airflow/example_dags/example_params_trigger_ui.py for tasks to queue
[2024-09-12T02:01:01.410-0300] {logging_mixin.py:190} INFO - [2024-09-12T02:01:01.410-0300] {dagbag.py:587} INFO - Filling up the DagBag from /home/gabzarp/.local/lib/python3.10/site-packages/airflow/example_dags/example_params_trigger_ui.py
[2024-09-12T02:01:01.417-0300] {processor.py:925} INFO - DAG(s) 'example_params_trigger_ui' retrieved from /home/gabzarp/.local/lib/python3.10/site-packages/airflow/example_dags/example_params_trigger_ui.py
[2024-09-12T02:01:01.445-0300] {logging_mixin.py:190} INFO - [2024-09-12T02:01:01.445-0300] {dag.py:3229} INFO - Sync 1 DAGs
[2024-09-12T02:01:01.452-0300] {logging_mixin.py:190} INFO - [2024-09-12T02:01:01.452-0300] {dag.py:4156} INFO - Setting next_dagrun for example_params_trigger_ui to None, run_after=None
[2024-09-12T02:01:01.467-0300] {processor.py:208} INFO - Processing /home/gabzarp/.local/lib/python3.10/site-packages/airflow/example_dags/example_params_trigger_ui.py took 0.062 seconds
[2024-09-12T02:01:51.751-0300] {processor.py:186} INFO - Started process (PID=13837) to work on /home/gabzarp/.local/lib/python3.10/site-packages/airflow/example_dags/example_params_trigger_ui.py
[2024-09-12T02:01:51.752-0300] {processor.py:914} INFO - Processing file /home/gabzarp/.local/lib/python3.10/site-packages/airflow/example_dags/example_params_trigger_ui.py for tasks to queue
[2024-09-12T02:01:51.752-0300] {logging_mixin.py:190} INFO - [2024-09-12T02:01:51.752-0300] {dagbag.py:587} INFO - Filling up the DagBag from /home/gabzarp/.local/lib/python3.10/site-packages/airflow/example_dags/example_params_trigger_ui.py
[2024-09-12T02:01:51.759-0300] {processor.py:925} INFO - DAG(s) 'example_params_trigger_ui' retrieved from /home/gabzarp/.local/lib/python3.10/site-packages/airflow/example_dags/example_params_trigger_ui.py
[2024-09-12T02:01:51.786-0300] {logging_mixin.py:190} INFO - [2024-09-12T02:01:51.786-0300] {dag.py:3229} INFO - Sync 1 DAGs
[2024-09-12T02:01:51.793-0300] {logging_mixin.py:190} INFO - [2024-09-12T02:01:51.793-0300] {dag.py:4156} INFO - Setting next_dagrun for example_params_trigger_ui to None, run_after=None
[2024-09-12T02:01:51.807-0300] {processor.py:208} INFO - Processing /home/gabzarp/.local/lib/python3.10/site-packages/airflow/example_dags/example_params_trigger_ui.py took 0.060 seconds
[2024-09-12T02:03:02.543-0300] {processor.py:186} INFO - Started process (PID=14445) to work on /home/gabzarp/.local/lib/python3.10/site-packages/airflow/example_dags/example_params_trigger_ui.py
[2024-09-12T02:03:02.544-0300] {processor.py:914} INFO - Processing file /home/gabzarp/.local/lib/python3.10/site-packages/airflow/example_dags/example_params_trigger_ui.py for tasks to queue
[2024-09-12T02:03:02.544-0300] {logging_mixin.py:190} INFO - [2024-09-12T02:03:02.544-0300] {dagbag.py:587} INFO - Filling up the DagBag from /home/gabzarp/.local/lib/python3.10/site-packages/airflow/example_dags/example_params_trigger_ui.py
[2024-09-12T02:03:02.551-0300] {processor.py:925} INFO - DAG(s) 'example_params_trigger_ui' retrieved from /home/gabzarp/.local/lib/python3.10/site-packages/airflow/example_dags/example_params_trigger_ui.py
[2024-09-12T02:03:02.632-0300] {logging_mixin.py:190} INFO - [2024-09-12T02:03:02.632-0300] {dag.py:3229} INFO - Sync 1 DAGs
[2024-09-12T02:03:02.639-0300] {logging_mixin.py:190} INFO - [2024-09-12T02:03:02.639-0300] {dag.py:3252} INFO - Creating ORM DAG for example_params_trigger_ui
[2024-09-12T02:03:02.640-0300] {logging_mixin.py:190} INFO - [2024-09-12T02:03:02.639-0300] {dag.py:4156} INFO - Setting next_dagrun for example_params_trigger_ui to None, run_after=None
[2024-09-12T02:03:02.656-0300] {processor.py:208} INFO - Processing /home/gabzarp/.local/lib/python3.10/site-packages/airflow/example_dags/example_params_trigger_ui.py took 0.118 seconds
[2024-09-12T02:03:54.702-0300] {processor.py:186} INFO - Started process (PID=14853) to work on /home/gabzarp/.local/lib/python3.10/site-packages/airflow/example_dags/example_params_trigger_ui.py
[2024-09-12T02:03:54.703-0300] {processor.py:914} INFO - Processing file /home/gabzarp/.local/lib/python3.10/site-packages/airflow/example_dags/example_params_trigger_ui.py for tasks to queue
[2024-09-12T02:03:54.704-0300] {logging_mixin.py:190} INFO - [2024-09-12T02:03:54.703-0300] {dagbag.py:587} INFO - Filling up the DagBag from /home/gabzarp/.local/lib/python3.10/site-packages/airflow/example_dags/example_params_trigger_ui.py
[2024-09-12T02:03:54.711-0300] {processor.py:925} INFO - DAG(s) 'example_params_trigger_ui' retrieved from /home/gabzarp/.local/lib/python3.10/site-packages/airflow/example_dags/example_params_trigger_ui.py
[2024-09-12T02:03:54.739-0300] {logging_mixin.py:190} INFO - [2024-09-12T02:03:54.739-0300] {dag.py:3229} INFO - Sync 1 DAGs
[2024-09-12T02:03:54.748-0300] {logging_mixin.py:190} INFO - [2024-09-12T02:03:54.747-0300] {dag.py:4156} INFO - Setting next_dagrun for example_params_trigger_ui to None, run_after=None
[2024-09-12T02:03:54.763-0300] {processor.py:208} INFO - Processing /home/gabzarp/.local/lib/python3.10/site-packages/airflow/example_dags/example_params_trigger_ui.py took 0.065 seconds
[2024-09-12T02:04:45.960-0300] {processor.py:186} INFO - Started process (PID=15259) to work on /home/gabzarp/.local/lib/python3.10/site-packages/airflow/example_dags/example_params_trigger_ui.py
[2024-09-12T02:04:45.961-0300] {processor.py:914} INFO - Processing file /home/gabzarp/.local/lib/python3.10/site-packages/airflow/example_dags/example_params_trigger_ui.py for tasks to queue
[2024-09-12T02:04:45.961-0300] {logging_mixin.py:190} INFO - [2024-09-12T02:04:45.961-0300] {dagbag.py:587} INFO - Filling up the DagBag from /home/gabzarp/.local/lib/python3.10/site-packages/airflow/example_dags/example_params_trigger_ui.py
[2024-09-12T02:04:45.969-0300] {processor.py:925} INFO - DAG(s) 'example_params_trigger_ui' retrieved from /home/gabzarp/.local/lib/python3.10/site-packages/airflow/example_dags/example_params_trigger_ui.py
[2024-09-12T02:04:45.997-0300] {logging_mixin.py:190} INFO - [2024-09-12T02:04:45.996-0300] {dag.py:3229} INFO - Sync 1 DAGs
[2024-09-12T02:04:46.005-0300] {logging_mixin.py:190} INFO - [2024-09-12T02:04:46.005-0300] {dag.py:4156} INFO - Setting next_dagrun for example_params_trigger_ui to None, run_after=None
[2024-09-12T02:04:46.022-0300] {processor.py:208} INFO - Processing /home/gabzarp/.local/lib/python3.10/site-packages/airflow/example_dags/example_params_trigger_ui.py took 0.066 seconds
[2024-09-12T02:05:39.096-0300] {processor.py:186} INFO - Started process (PID=15678) to work on /home/gabzarp/.local/lib/python3.10/site-packages/airflow/example_dags/example_params_trigger_ui.py
[2024-09-12T02:05:39.098-0300] {processor.py:914} INFO - Processing file /home/gabzarp/.local/lib/python3.10/site-packages/airflow/example_dags/example_params_trigger_ui.py for tasks to queue
[2024-09-12T02:05:39.098-0300] {logging_mixin.py:190} INFO - [2024-09-12T02:05:39.098-0300] {dagbag.py:587} INFO - Filling up the DagBag from /home/gabzarp/.local/lib/python3.10/site-packages/airflow/example_dags/example_params_trigger_ui.py
[2024-09-12T02:05:39.105-0300] {processor.py:925} INFO - DAG(s) 'example_params_trigger_ui' retrieved from /home/gabzarp/.local/lib/python3.10/site-packages/airflow/example_dags/example_params_trigger_ui.py
[2024-09-12T02:05:39.133-0300] {logging_mixin.py:190} INFO - [2024-09-12T02:05:39.133-0300] {dag.py:3229} INFO - Sync 1 DAGs
[2024-09-12T02:05:39.141-0300] {logging_mixin.py:190} INFO - [2024-09-12T02:05:39.140-0300] {dag.py:4156} INFO - Setting next_dagrun for example_params_trigger_ui to None, run_after=None
[2024-09-12T02:05:39.155-0300] {processor.py:208} INFO - Processing /home/gabzarp/.local/lib/python3.10/site-packages/airflow/example_dags/example_params_trigger_ui.py took 0.062 seconds
[2024-09-12T02:06:30.770-0300] {processor.py:186} INFO - Started process (PID=16084) to work on /home/gabzarp/.local/lib/python3.10/site-packages/airflow/example_dags/example_params_trigger_ui.py
[2024-09-12T02:06:30.772-0300] {processor.py:914} INFO - Processing file /home/gabzarp/.local/lib/python3.10/site-packages/airflow/example_dags/example_params_trigger_ui.py for tasks to queue
[2024-09-12T02:06:30.773-0300] {logging_mixin.py:190} INFO - [2024-09-12T02:06:30.773-0300] {dagbag.py:587} INFO - Filling up the DagBag from /home/gabzarp/.local/lib/python3.10/site-packages/airflow/example_dags/example_params_trigger_ui.py
[2024-09-12T02:06:30.781-0300] {processor.py:925} INFO - DAG(s) 'example_params_trigger_ui' retrieved from /home/gabzarp/.local/lib/python3.10/site-packages/airflow/example_dags/example_params_trigger_ui.py
[2024-09-12T02:06:30.814-0300] {logging_mixin.py:190} INFO - [2024-09-12T02:06:30.814-0300] {dag.py:3229} INFO - Sync 1 DAGs
[2024-09-12T02:06:30.824-0300] {logging_mixin.py:190} INFO - [2024-09-12T02:06:30.823-0300] {dag.py:4156} INFO - Setting next_dagrun for example_params_trigger_ui to None, run_after=None
[2024-09-12T02:06:30.840-0300] {processor.py:208} INFO - Processing /home/gabzarp/.local/lib/python3.10/site-packages/airflow/example_dags/example_params_trigger_ui.py took 0.074 seconds
[2024-09-12T02:07:19.827-0300] {processor.py:186} INFO - Started process (PID=16475) to work on /home/gabzarp/.local/lib/python3.10/site-packages/airflow/example_dags/example_params_trigger_ui.py
[2024-09-12T02:07:19.828-0300] {processor.py:914} INFO - Processing file /home/gabzarp/.local/lib/python3.10/site-packages/airflow/example_dags/example_params_trigger_ui.py for tasks to queue
[2024-09-12T02:07:19.829-0300] {logging_mixin.py:190} INFO - [2024-09-12T02:07:19.828-0300] {dagbag.py:587} INFO - Filling up the DagBag from /home/gabzarp/.local/lib/python3.10/site-packages/airflow/example_dags/example_params_trigger_ui.py
[2024-09-12T02:07:19.836-0300] {processor.py:925} INFO - DAG(s) 'example_params_trigger_ui' retrieved from /home/gabzarp/.local/lib/python3.10/site-packages/airflow/example_dags/example_params_trigger_ui.py
[2024-09-12T02:07:19.864-0300] {logging_mixin.py:190} INFO - [2024-09-12T02:07:19.864-0300] {dag.py:3229} INFO - Sync 1 DAGs
[2024-09-12T02:07:19.872-0300] {logging_mixin.py:190} INFO - [2024-09-12T02:07:19.872-0300] {dag.py:4156} INFO - Setting next_dagrun for example_params_trigger_ui to None, run_after=None
[2024-09-12T02:07:19.888-0300] {processor.py:208} INFO - Processing /home/gabzarp/.local/lib/python3.10/site-packages/airflow/example_dags/example_params_trigger_ui.py took 0.065 seconds
[2024-09-12T02:08:10.945-0300] {processor.py:186} INFO - Started process (PID=16878) to work on /home/gabzarp/.local/lib/python3.10/site-packages/airflow/example_dags/example_params_trigger_ui.py
[2024-09-12T02:08:10.946-0300] {processor.py:914} INFO - Processing file /home/gabzarp/.local/lib/python3.10/site-packages/airflow/example_dags/example_params_trigger_ui.py for tasks to queue
[2024-09-12T02:08:10.947-0300] {logging_mixin.py:190} INFO - [2024-09-12T02:08:10.946-0300] {dagbag.py:587} INFO - Filling up the DagBag from /home/gabzarp/.local/lib/python3.10/site-packages/airflow/example_dags/example_params_trigger_ui.py
[2024-09-12T02:08:10.954-0300] {processor.py:925} INFO - DAG(s) 'example_params_trigger_ui' retrieved from /home/gabzarp/.local/lib/python3.10/site-packages/airflow/example_dags/example_params_trigger_ui.py
[2024-09-12T02:08:10.982-0300] {logging_mixin.py:190} INFO - [2024-09-12T02:08:10.982-0300] {dag.py:3229} INFO - Sync 1 DAGs
[2024-09-12T02:08:10.990-0300] {logging_mixin.py:190} INFO - [2024-09-12T02:08:10.990-0300] {dag.py:4156} INFO - Setting next_dagrun for example_params_trigger_ui to None, run_after=None
[2024-09-12T02:08:11.005-0300] {processor.py:208} INFO - Processing /home/gabzarp/.local/lib/python3.10/site-packages/airflow/example_dags/example_params_trigger_ui.py took 0.063 seconds
[2024-09-12T02:09:02.856-0300] {processor.py:186} INFO - Started process (PID=17286) to work on /home/gabzarp/.local/lib/python3.10/site-packages/airflow/example_dags/example_params_trigger_ui.py
[2024-09-12T02:09:02.857-0300] {processor.py:914} INFO - Processing file /home/gabzarp/.local/lib/python3.10/site-packages/airflow/example_dags/example_params_trigger_ui.py for tasks to queue
[2024-09-12T02:09:02.858-0300] {logging_mixin.py:190} INFO - [2024-09-12T02:09:02.858-0300] {dagbag.py:587} INFO - Filling up the DagBag from /home/gabzarp/.local/lib/python3.10/site-packages/airflow/example_dags/example_params_trigger_ui.py
[2024-09-12T02:09:02.865-0300] {processor.py:925} INFO - DAG(s) 'example_params_trigger_ui' retrieved from /home/gabzarp/.local/lib/python3.10/site-packages/airflow/example_dags/example_params_trigger_ui.py
[2024-09-12T02:09:02.896-0300] {logging_mixin.py:190} INFO - [2024-09-12T02:09:02.896-0300] {dag.py:3229} INFO - Sync 1 DAGs
[2024-09-12T02:09:02.905-0300] {logging_mixin.py:190} INFO - [2024-09-12T02:09:02.904-0300] {dag.py:4156} INFO - Setting next_dagrun for example_params_trigger_ui to None, run_after=None
[2024-09-12T02:09:02.922-0300] {processor.py:208} INFO - Processing /home/gabzarp/.local/lib/python3.10/site-packages/airflow/example_dags/example_params_trigger_ui.py took 0.069 seconds
[2024-09-12T02:09:55.223-0300] {processor.py:186} INFO - Started process (PID=17857) to work on /home/gabzarp/.local/lib/python3.10/site-packages/airflow/example_dags/example_params_trigger_ui.py
[2024-09-12T02:09:55.328-0300] {processor.py:914} INFO - Processing file /home/gabzarp/.local/lib/python3.10/site-packages/airflow/example_dags/example_params_trigger_ui.py for tasks to queue
[2024-09-12T02:09:55.329-0300] {logging_mixin.py:190} INFO - [2024-09-12T02:09:55.329-0300] {dagbag.py:587} INFO - Filling up the DagBag from /home/gabzarp/.local/lib/python3.10/site-packages/airflow/example_dags/example_params_trigger_ui.py
[2024-09-12T02:09:55.336-0300] {processor.py:925} INFO - DAG(s) 'example_params_trigger_ui' retrieved from /home/gabzarp/.local/lib/python3.10/site-packages/airflow/example_dags/example_params_trigger_ui.py
[2024-09-12T02:09:55.365-0300] {logging_mixin.py:190} INFO - [2024-09-12T02:09:55.365-0300] {dag.py:3229} INFO - Sync 1 DAGs
[2024-09-12T02:09:55.374-0300] {logging_mixin.py:190} INFO - [2024-09-12T02:09:55.374-0300] {dag.py:4156} INFO - Setting next_dagrun for example_params_trigger_ui to None, run_after=None
[2024-09-12T02:09:55.506-0300] {processor.py:208} INFO - Processing /home/gabzarp/.local/lib/python3.10/site-packages/airflow/example_dags/example_params_trigger_ui.py took 0.288 seconds
