[2024-09-12T01:40:14.937-0300] {processor.py:186} INFO - Started process (PID=2798) to work on /home/gabzarp/.local/lib/python3.10/site-packages/airflow/example_dags/example_dag_decorator.py
[2024-09-12T01:40:14.937-0300] {processor.py:914} INFO - Processing file /home/gabzarp/.local/lib/python3.10/site-packages/airflow/example_dags/example_dag_decorator.py for tasks to queue
[2024-09-12T01:40:14.939-0300] {logging_mixin.py:190} INFO - [2024-09-12T01:40:14.938-0300] {dagbag.py:587} INFO - Filling up the DagBag from /home/gabzarp/.local/lib/python3.10/site-packages/airflow/example_dags/example_dag_decorator.py
[2024-09-12T01:40:14.946-0300] {processor.py:925} INFO - DAG(s) 'example_dag_decorator' retrieved from /home/gabzarp/.local/lib/python3.10/site-packages/airflow/example_dags/example_dag_decorator.py
[2024-09-12T01:40:15.014-0300] {logging_mixin.py:190} INFO - [2024-09-12T01:40:15.013-0300] {override.py:1900} INFO - Created Permission View: can edit on DAG:example_dag_decorator
[2024-09-12T01:40:15.023-0300] {logging_mixin.py:190} INFO - [2024-09-12T01:40:15.023-0300] {override.py:1900} INFO - Created Permission View: can read on DAG:example_dag_decorator
[2024-09-12T01:40:15.031-0300] {logging_mixin.py:190} INFO - [2024-09-12T01:40:15.031-0300] {override.py:1900} INFO - Created Permission View: can delete on DAG:example_dag_decorator
[2024-09-12T01:40:15.043-0300] {logging_mixin.py:190} INFO - [2024-09-12T01:40:15.043-0300] {override.py:1900} INFO - Created Permission View: can read on DAG Run:example_dag_decorator
[2024-09-12T01:40:15.050-0300] {logging_mixin.py:190} INFO - [2024-09-12T01:40:15.050-0300] {override.py:1900} INFO - Created Permission View: can create on DAG Run:example_dag_decorator
[2024-09-12T01:40:15.058-0300] {logging_mixin.py:190} INFO - [2024-09-12T01:40:15.058-0300] {override.py:1900} INFO - Created Permission View: menu access on DAG Run:example_dag_decorator
[2024-09-12T01:40:15.066-0300] {logging_mixin.py:190} INFO - [2024-09-12T01:40:15.066-0300] {override.py:1900} INFO - Created Permission View: can delete on DAG Run:example_dag_decorator
[2024-09-12T01:40:15.067-0300] {logging_mixin.py:190} INFO - [2024-09-12T01:40:15.066-0300] {dag.py:3229} INFO - Sync 1 DAGs
[2024-09-12T01:40:15.074-0300] {logging_mixin.py:190} INFO - [2024-09-12T01:40:15.074-0300] {dag.py:3252} INFO - Creating ORM DAG for example_dag_decorator
[2024-09-12T01:40:15.074-0300] {logging_mixin.py:190} INFO - [2024-09-12T01:40:15.074-0300] {dag.py:4156} INFO - Setting next_dagrun for example_dag_decorator to None, run_after=None
[2024-09-12T01:40:15.089-0300] {processor.py:208} INFO - Processing /home/gabzarp/.local/lib/python3.10/site-packages/airflow/example_dags/example_dag_decorator.py took 0.156 seconds
[2024-09-12T01:41:30.859-0300] {processor.py:186} INFO - Started process (PID=3263) to work on /home/gabzarp/.local/lib/python3.10/site-packages/airflow/example_dags/example_dag_decorator.py
[2024-09-12T01:41:30.861-0300] {processor.py:914} INFO - Processing file /home/gabzarp/.local/lib/python3.10/site-packages/airflow/example_dags/example_dag_decorator.py for tasks to queue
[2024-09-12T01:41:30.862-0300] {logging_mixin.py:190} INFO - [2024-09-12T01:41:30.862-0300] {dagbag.py:587} INFO - Filling up the DagBag from /home/gabzarp/.local/lib/python3.10/site-packages/airflow/example_dags/example_dag_decorator.py
[2024-09-12T01:41:30.870-0300] {processor.py:925} INFO - DAG(s) 'example_dag_decorator' retrieved from /home/gabzarp/.local/lib/python3.10/site-packages/airflow/example_dags/example_dag_decorator.py
[2024-09-12T01:41:30.929-0300] {logging_mixin.py:190} INFO - [2024-09-12T01:41:30.929-0300] {dag.py:3229} INFO - Sync 1 DAGs
[2024-09-12T01:41:30.936-0300] {logging_mixin.py:190} INFO - [2024-09-12T01:41:30.936-0300] {dag.py:4156} INFO - Setting next_dagrun for example_dag_decorator to None, run_after=None
[2024-09-12T01:41:30.953-0300] {processor.py:208} INFO - Processing /home/gabzarp/.local/lib/python3.10/site-packages/airflow/example_dags/example_dag_decorator.py took 0.097 seconds
[2024-09-12T01:42:46.552-0300] {processor.py:186} INFO - Started process (PID=3645) to work on /home/gabzarp/.local/lib/python3.10/site-packages/airflow/example_dags/example_dag_decorator.py
[2024-09-12T01:42:46.624-0300] {processor.py:914} INFO - Processing file /home/gabzarp/.local/lib/python3.10/site-packages/airflow/example_dags/example_dag_decorator.py for tasks to queue
[2024-09-12T01:42:46.626-0300] {logging_mixin.py:190} INFO - [2024-09-12T01:42:46.625-0300] {dagbag.py:587} INFO - Filling up the DagBag from /home/gabzarp/.local/lib/python3.10/site-packages/airflow/example_dags/example_dag_decorator.py
[2024-09-12T01:42:46.635-0300] {processor.py:925} INFO - DAG(s) 'example_dag_decorator' retrieved from /home/gabzarp/.local/lib/python3.10/site-packages/airflow/example_dags/example_dag_decorator.py
[2024-09-12T01:42:46.717-0300] {logging_mixin.py:190} INFO - [2024-09-12T01:42:46.717-0300] {dag.py:3229} INFO - Sync 1 DAGs
[2024-09-12T01:42:46.724-0300] {logging_mixin.py:190} INFO - [2024-09-12T01:42:46.724-0300] {dag.py:4156} INFO - Setting next_dagrun for example_dag_decorator to None, run_after=None
[2024-09-12T01:42:46.902-0300] {processor.py:208} INFO - Processing /home/gabzarp/.local/lib/python3.10/site-packages/airflow/example_dags/example_dag_decorator.py took 0.355 seconds
[2024-09-12T01:44:15.993-0300] {processor.py:186} INFO - Started process (PID=4525) to work on /home/gabzarp/.local/lib/python3.10/site-packages/airflow/example_dags/example_dag_decorator.py
[2024-09-12T01:44:15.994-0300] {processor.py:914} INFO - Processing file /home/gabzarp/.local/lib/python3.10/site-packages/airflow/example_dags/example_dag_decorator.py for tasks to queue
[2024-09-12T01:44:15.995-0300] {logging_mixin.py:190} INFO - [2024-09-12T01:44:15.995-0300] {dagbag.py:587} INFO - Filling up the DagBag from /home/gabzarp/.local/lib/python3.10/site-packages/airflow/example_dags/example_dag_decorator.py
[2024-09-12T01:44:16.003-0300] {processor.py:925} INFO - DAG(s) 'example_dag_decorator' retrieved from /home/gabzarp/.local/lib/python3.10/site-packages/airflow/example_dags/example_dag_decorator.py
[2024-09-12T01:44:16.071-0300] {logging_mixin.py:190} INFO - [2024-09-12T01:44:16.071-0300] {dag.py:3229} INFO - Sync 1 DAGs
[2024-09-12T01:44:16.081-0300] {logging_mixin.py:190} INFO - [2024-09-12T01:44:16.081-0300] {dag.py:4156} INFO - Setting next_dagrun for example_dag_decorator to None, run_after=None
[2024-09-12T01:44:16.099-0300] {processor.py:208} INFO - Processing /home/gabzarp/.local/lib/python3.10/site-packages/airflow/example_dags/example_dag_decorator.py took 0.110 seconds
[2024-09-12T01:45:45.025-0300] {processor.py:186} INFO - Started process (PID=5394) to work on /home/gabzarp/.local/lib/python3.10/site-packages/airflow/example_dags/example_dag_decorator.py
[2024-09-12T01:45:45.026-0300] {processor.py:914} INFO - Processing file /home/gabzarp/.local/lib/python3.10/site-packages/airflow/example_dags/example_dag_decorator.py for tasks to queue
[2024-09-12T01:45:45.027-0300] {logging_mixin.py:190} INFO - [2024-09-12T01:45:45.027-0300] {dagbag.py:587} INFO - Filling up the DagBag from /home/gabzarp/.local/lib/python3.10/site-packages/airflow/example_dags/example_dag_decorator.py
[2024-09-12T01:45:45.034-0300] {processor.py:925} INFO - DAG(s) 'example_dag_decorator' retrieved from /home/gabzarp/.local/lib/python3.10/site-packages/airflow/example_dags/example_dag_decorator.py
[2024-09-12T01:45:45.094-0300] {logging_mixin.py:190} INFO - [2024-09-12T01:45:45.094-0300] {dag.py:3229} INFO - Sync 1 DAGs
[2024-09-12T01:45:45.101-0300] {logging_mixin.py:190} INFO - [2024-09-12T01:45:45.101-0300] {dag.py:4156} INFO - Setting next_dagrun for example_dag_decorator to None, run_after=None
[2024-09-12T01:45:45.118-0300] {processor.py:208} INFO - Processing /home/gabzarp/.local/lib/python3.10/site-packages/airflow/example_dags/example_dag_decorator.py took 0.097 seconds
[2024-09-12T01:46:58.933-0300] {processor.py:186} INFO - Started process (PID=5988) to work on /home/gabzarp/.local/lib/python3.10/site-packages/airflow/example_dags/example_dag_decorator.py
[2024-09-12T01:46:58.934-0300] {processor.py:914} INFO - Processing file /home/gabzarp/.local/lib/python3.10/site-packages/airflow/example_dags/example_dag_decorator.py for tasks to queue
[2024-09-12T01:46:58.935-0300] {logging_mixin.py:190} INFO - [2024-09-12T01:46:58.935-0300] {dagbag.py:587} INFO - Filling up the DagBag from /home/gabzarp/.local/lib/python3.10/site-packages/airflow/example_dags/example_dag_decorator.py
[2024-09-12T01:46:58.946-0300] {processor.py:925} INFO - DAG(s) 'example_dag_decorator' retrieved from /home/gabzarp/.local/lib/python3.10/site-packages/airflow/example_dags/example_dag_decorator.py
[2024-09-12T01:46:59.008-0300] {logging_mixin.py:190} INFO - [2024-09-12T01:46:59.008-0300] {dag.py:3229} INFO - Sync 1 DAGs
[2024-09-12T01:46:59.016-0300] {logging_mixin.py:190} INFO - [2024-09-12T01:46:59.016-0300] {dag.py:4156} INFO - Setting next_dagrun for example_dag_decorator to None, run_after=None
[2024-09-12T01:46:59.030-0300] {processor.py:208} INFO - Processing /home/gabzarp/.local/lib/python3.10/site-packages/airflow/example_dags/example_dag_decorator.py took 0.101 seconds
[2024-09-12T01:48:10.279-0300] {processor.py:186} INFO - Started process (PID=6558) to work on /home/gabzarp/.local/lib/python3.10/site-packages/airflow/example_dags/example_dag_decorator.py
[2024-09-12T01:48:10.280-0300] {processor.py:914} INFO - Processing file /home/gabzarp/.local/lib/python3.10/site-packages/airflow/example_dags/example_dag_decorator.py for tasks to queue
[2024-09-12T01:48:10.281-0300] {logging_mixin.py:190} INFO - [2024-09-12T01:48:10.281-0300] {dagbag.py:587} INFO - Filling up the DagBag from /home/gabzarp/.local/lib/python3.10/site-packages/airflow/example_dags/example_dag_decorator.py
[2024-09-12T01:48:10.291-0300] {processor.py:925} INFO - DAG(s) 'example_dag_decorator' retrieved from /home/gabzarp/.local/lib/python3.10/site-packages/airflow/example_dags/example_dag_decorator.py
[2024-09-12T01:48:10.359-0300] {logging_mixin.py:190} INFO - [2024-09-12T01:48:10.358-0300] {dag.py:3229} INFO - Sync 1 DAGs
[2024-09-12T01:48:10.368-0300] {logging_mixin.py:190} INFO - [2024-09-12T01:48:10.368-0300] {dag.py:4156} INFO - Setting next_dagrun for example_dag_decorator to None, run_after=None
[2024-09-12T01:48:10.385-0300] {processor.py:208} INFO - Processing /home/gabzarp/.local/lib/python3.10/site-packages/airflow/example_dags/example_dag_decorator.py took 0.109 seconds
[2024-09-12T01:49:25.989-0300] {processor.py:186} INFO - Started process (PID=7292) to work on /home/gabzarp/.local/lib/python3.10/site-packages/airflow/example_dags/example_dag_decorator.py
[2024-09-12T01:49:25.990-0300] {processor.py:914} INFO - Processing file /home/gabzarp/.local/lib/python3.10/site-packages/airflow/example_dags/example_dag_decorator.py for tasks to queue
[2024-09-12T01:49:25.991-0300] {logging_mixin.py:190} INFO - [2024-09-12T01:49:25.990-0300] {dagbag.py:587} INFO - Filling up the DagBag from /home/gabzarp/.local/lib/python3.10/site-packages/airflow/example_dags/example_dag_decorator.py
[2024-09-12T01:49:25.998-0300] {processor.py:925} INFO - DAG(s) 'example_dag_decorator' retrieved from /home/gabzarp/.local/lib/python3.10/site-packages/airflow/example_dags/example_dag_decorator.py
[2024-09-12T01:49:26.061-0300] {logging_mixin.py:190} INFO - [2024-09-12T01:49:26.061-0300] {dag.py:3229} INFO - Sync 1 DAGs
[2024-09-12T01:49:26.068-0300] {logging_mixin.py:190} INFO - [2024-09-12T01:49:26.068-0300] {dag.py:4156} INFO - Setting next_dagrun for example_dag_decorator to None, run_after=None
[2024-09-12T01:49:26.084-0300] {processor.py:208} INFO - Processing /home/gabzarp/.local/lib/python3.10/site-packages/airflow/example_dags/example_dag_decorator.py took 0.099 seconds
[2024-09-12T01:50:40.297-0300] {processor.py:186} INFO - Started process (PID=7971) to work on /home/gabzarp/.local/lib/python3.10/site-packages/airflow/example_dags/example_dag_decorator.py
[2024-09-12T01:50:40.298-0300] {processor.py:914} INFO - Processing file /home/gabzarp/.local/lib/python3.10/site-packages/airflow/example_dags/example_dag_decorator.py for tasks to queue
[2024-09-12T01:50:40.299-0300] {logging_mixin.py:190} INFO - [2024-09-12T01:50:40.298-0300] {dagbag.py:587} INFO - Filling up the DagBag from /home/gabzarp/.local/lib/python3.10/site-packages/airflow/example_dags/example_dag_decorator.py
[2024-09-12T01:50:40.306-0300] {processor.py:925} INFO - DAG(s) 'example_dag_decorator' retrieved from /home/gabzarp/.local/lib/python3.10/site-packages/airflow/example_dags/example_dag_decorator.py
[2024-09-12T01:50:40.365-0300] {logging_mixin.py:190} INFO - [2024-09-12T01:50:40.365-0300] {dag.py:3229} INFO - Sync 1 DAGs
[2024-09-12T01:50:40.371-0300] {logging_mixin.py:190} INFO - [2024-09-12T01:50:40.371-0300] {dag.py:4156} INFO - Setting next_dagrun for example_dag_decorator to None, run_after=None
[2024-09-12T01:50:40.423-0300] {processor.py:208} INFO - Processing /home/gabzarp/.local/lib/python3.10/site-packages/airflow/example_dags/example_dag_decorator.py took 0.130 seconds
[2024-09-12T01:51:53.401-0300] {processor.py:186} INFO - Started process (PID=8680) to work on /home/gabzarp/.local/lib/python3.10/site-packages/airflow/example_dags/example_dag_decorator.py
[2024-09-12T01:51:53.402-0300] {processor.py:914} INFO - Processing file /home/gabzarp/.local/lib/python3.10/site-packages/airflow/example_dags/example_dag_decorator.py for tasks to queue
[2024-09-12T01:51:53.402-0300] {logging_mixin.py:190} INFO - [2024-09-12T01:51:53.402-0300] {dagbag.py:587} INFO - Filling up the DagBag from /home/gabzarp/.local/lib/python3.10/site-packages/airflow/example_dags/example_dag_decorator.py
[2024-09-12T01:51:53.409-0300] {processor.py:925} INFO - DAG(s) 'example_dag_decorator' retrieved from /home/gabzarp/.local/lib/python3.10/site-packages/airflow/example_dags/example_dag_decorator.py
[2024-09-12T01:51:53.468-0300] {logging_mixin.py:190} INFO - [2024-09-12T01:51:53.468-0300] {dag.py:3229} INFO - Sync 1 DAGs
[2024-09-12T01:51:53.474-0300] {logging_mixin.py:190} INFO - [2024-09-12T01:51:53.474-0300] {dag.py:4156} INFO - Setting next_dagrun for example_dag_decorator to None, run_after=None
[2024-09-12T01:51:53.522-0300] {processor.py:208} INFO - Processing /home/gabzarp/.local/lib/python3.10/site-packages/airflow/example_dags/example_dag_decorator.py took 0.125 seconds
[2024-09-12T01:53:12.157-0300] {processor.py:186} INFO - Started process (PID=9473) to work on /home/gabzarp/.local/lib/python3.10/site-packages/airflow/example_dags/example_dag_decorator.py
[2024-09-12T01:53:12.158-0300] {processor.py:914} INFO - Processing file /home/gabzarp/.local/lib/python3.10/site-packages/airflow/example_dags/example_dag_decorator.py for tasks to queue
[2024-09-12T01:53:12.159-0300] {logging_mixin.py:190} INFO - [2024-09-12T01:53:12.159-0300] {dagbag.py:587} INFO - Filling up the DagBag from /home/gabzarp/.local/lib/python3.10/site-packages/airflow/example_dags/example_dag_decorator.py
[2024-09-12T01:53:12.166-0300] {processor.py:925} INFO - DAG(s) 'example_dag_decorator' retrieved from /home/gabzarp/.local/lib/python3.10/site-packages/airflow/example_dags/example_dag_decorator.py
[2024-09-12T01:53:12.225-0300] {logging_mixin.py:190} INFO - [2024-09-12T01:53:12.225-0300] {dag.py:3229} INFO - Sync 1 DAGs
[2024-09-12T01:53:12.232-0300] {logging_mixin.py:190} INFO - [2024-09-12T01:53:12.232-0300] {dag.py:4156} INFO - Setting next_dagrun for example_dag_decorator to None, run_after=None
[2024-09-12T01:53:12.247-0300] {processor.py:208} INFO - Processing /home/gabzarp/.local/lib/python3.10/site-packages/airflow/example_dags/example_dag_decorator.py took 0.094 seconds
[2024-09-12T01:54:29.449-0300] {processor.py:186} INFO - Started process (PID=10110) to work on /home/gabzarp/.local/lib/python3.10/site-packages/airflow/example_dags/example_dag_decorator.py
[2024-09-12T01:54:29.450-0300] {processor.py:914} INFO - Processing file /home/gabzarp/.local/lib/python3.10/site-packages/airflow/example_dags/example_dag_decorator.py for tasks to queue
[2024-09-12T01:54:29.451-0300] {logging_mixin.py:190} INFO - [2024-09-12T01:54:29.450-0300] {dagbag.py:587} INFO - Filling up the DagBag from /home/gabzarp/.local/lib/python3.10/site-packages/airflow/example_dags/example_dag_decorator.py
[2024-09-12T01:54:29.458-0300] {processor.py:925} INFO - DAG(s) 'example_dag_decorator' retrieved from /home/gabzarp/.local/lib/python3.10/site-packages/airflow/example_dags/example_dag_decorator.py
[2024-09-12T01:54:29.521-0300] {logging_mixin.py:190} INFO - [2024-09-12T01:54:29.521-0300] {dag.py:3229} INFO - Sync 1 DAGs
[2024-09-12T01:54:29.530-0300] {logging_mixin.py:190} INFO - [2024-09-12T01:54:29.529-0300] {dag.py:4156} INFO - Setting next_dagrun for example_dag_decorator to None, run_after=None
[2024-09-12T01:54:29.544-0300] {processor.py:208} INFO - Processing /home/gabzarp/.local/lib/python3.10/site-packages/airflow/example_dags/example_dag_decorator.py took 0.100 seconds
[2024-09-12T01:55:49.992-0300] {processor.py:186} INFO - Started process (PID=10766) to work on /home/gabzarp/.local/lib/python3.10/site-packages/airflow/example_dags/example_dag_decorator.py
[2024-09-12T01:55:49.993-0300] {processor.py:914} INFO - Processing file /home/gabzarp/.local/lib/python3.10/site-packages/airflow/example_dags/example_dag_decorator.py for tasks to queue
[2024-09-12T01:55:49.994-0300] {logging_mixin.py:190} INFO - [2024-09-12T01:55:49.994-0300] {dagbag.py:587} INFO - Filling up the DagBag from /home/gabzarp/.local/lib/python3.10/site-packages/airflow/example_dags/example_dag_decorator.py
[2024-09-12T01:55:50.002-0300] {processor.py:925} INFO - DAG(s) 'example_dag_decorator' retrieved from /home/gabzarp/.local/lib/python3.10/site-packages/airflow/example_dags/example_dag_decorator.py
[2024-09-12T01:55:50.065-0300] {logging_mixin.py:190} INFO - [2024-09-12T01:55:50.065-0300] {dag.py:3229} INFO - Sync 1 DAGs
[2024-09-12T01:55:50.076-0300] {logging_mixin.py:190} INFO - [2024-09-12T01:55:50.075-0300] {dag.py:4156} INFO - Setting next_dagrun for example_dag_decorator to None, run_after=None
[2024-09-12T01:55:50.092-0300] {processor.py:208} INFO - Processing /home/gabzarp/.local/lib/python3.10/site-packages/airflow/example_dags/example_dag_decorator.py took 0.104 seconds
[2024-09-12T01:57:12.370-0300] {processor.py:186} INFO - Started process (PID=11476) to work on /home/gabzarp/.local/lib/python3.10/site-packages/airflow/example_dags/example_dag_decorator.py
[2024-09-12T01:57:12.371-0300] {processor.py:914} INFO - Processing file /home/gabzarp/.local/lib/python3.10/site-packages/airflow/example_dags/example_dag_decorator.py for tasks to queue
[2024-09-12T01:57:12.372-0300] {logging_mixin.py:190} INFO - [2024-09-12T01:57:12.371-0300] {dagbag.py:587} INFO - Filling up the DagBag from /home/gabzarp/.local/lib/python3.10/site-packages/airflow/example_dags/example_dag_decorator.py
[2024-09-12T01:57:12.379-0300] {processor.py:925} INFO - DAG(s) 'example_dag_decorator' retrieved from /home/gabzarp/.local/lib/python3.10/site-packages/airflow/example_dags/example_dag_decorator.py
[2024-09-12T01:57:12.441-0300] {logging_mixin.py:190} INFO - [2024-09-12T01:57:12.440-0300] {dag.py:3229} INFO - Sync 1 DAGs
[2024-09-12T01:57:12.448-0300] {logging_mixin.py:190} INFO - [2024-09-12T01:57:12.448-0300] {dag.py:4156} INFO - Setting next_dagrun for example_dag_decorator to None, run_after=None
[2024-09-12T01:57:12.464-0300] {processor.py:208} INFO - Processing /home/gabzarp/.local/lib/python3.10/site-packages/airflow/example_dags/example_dag_decorator.py took 0.098 seconds
[2024-09-12T01:58:32.406-0300] {processor.py:186} INFO - Started process (PID=12107) to work on /home/gabzarp/.local/lib/python3.10/site-packages/airflow/example_dags/example_dag_decorator.py
[2024-09-12T01:58:32.407-0300] {processor.py:914} INFO - Processing file /home/gabzarp/.local/lib/python3.10/site-packages/airflow/example_dags/example_dag_decorator.py for tasks to queue
[2024-09-12T01:58:32.408-0300] {logging_mixin.py:190} INFO - [2024-09-12T01:58:32.408-0300] {dagbag.py:587} INFO - Filling up the DagBag from /home/gabzarp/.local/lib/python3.10/site-packages/airflow/example_dags/example_dag_decorator.py
[2024-09-12T01:58:32.415-0300] {processor.py:925} INFO - DAG(s) 'example_dag_decorator' retrieved from /home/gabzarp/.local/lib/python3.10/site-packages/airflow/example_dags/example_dag_decorator.py
[2024-09-12T01:58:32.475-0300] {logging_mixin.py:190} INFO - [2024-09-12T01:58:32.474-0300] {dag.py:3229} INFO - Sync 1 DAGs
[2024-09-12T01:58:32.481-0300] {logging_mixin.py:190} INFO - [2024-09-12T01:58:32.481-0300] {dag.py:4156} INFO - Setting next_dagrun for example_dag_decorator to None, run_after=None
[2024-09-12T01:58:32.496-0300] {processor.py:208} INFO - Processing /home/gabzarp/.local/lib/python3.10/site-packages/airflow/example_dags/example_dag_decorator.py took 0.094 seconds
[2024-09-12T01:59:49.613-0300] {processor.py:186} INFO - Started process (PID=12734) to work on /home/gabzarp/.local/lib/python3.10/site-packages/airflow/example_dags/example_dag_decorator.py
[2024-09-12T01:59:49.614-0300] {processor.py:914} INFO - Processing file /home/gabzarp/.local/lib/python3.10/site-packages/airflow/example_dags/example_dag_decorator.py for tasks to queue
[2024-09-12T01:59:49.615-0300] {logging_mixin.py:190} INFO - [2024-09-12T01:59:49.614-0300] {dagbag.py:587} INFO - Filling up the DagBag from /home/gabzarp/.local/lib/python3.10/site-packages/airflow/example_dags/example_dag_decorator.py
[2024-09-12T01:59:49.623-0300] {processor.py:925} INFO - DAG(s) 'example_dag_decorator' retrieved from /home/gabzarp/.local/lib/python3.10/site-packages/airflow/example_dags/example_dag_decorator.py
[2024-09-12T01:59:49.687-0300] {logging_mixin.py:190} INFO - [2024-09-12T01:59:49.687-0300] {dag.py:3229} INFO - Sync 1 DAGs
[2024-09-12T01:59:49.695-0300] {logging_mixin.py:190} INFO - [2024-09-12T01:59:49.694-0300] {dag.py:4156} INFO - Setting next_dagrun for example_dag_decorator to None, run_after=None
[2024-09-12T01:59:49.743-0300] {processor.py:208} INFO - Processing /home/gabzarp/.local/lib/python3.10/site-packages/airflow/example_dags/example_dag_decorator.py took 0.135 seconds
[2024-09-12T02:01:06.093-0300] {processor.py:186} INFO - Started process (PID=13469) to work on /home/gabzarp/.local/lib/python3.10/site-packages/airflow/example_dags/example_dag_decorator.py
[2024-09-12T02:01:06.095-0300] {processor.py:914} INFO - Processing file /home/gabzarp/.local/lib/python3.10/site-packages/airflow/example_dags/example_dag_decorator.py for tasks to queue
[2024-09-12T02:01:06.096-0300] {logging_mixin.py:190} INFO - [2024-09-12T02:01:06.095-0300] {dagbag.py:587} INFO - Filling up the DagBag from /home/gabzarp/.local/lib/python3.10/site-packages/airflow/example_dags/example_dag_decorator.py
[2024-09-12T02:01:06.104-0300] {processor.py:925} INFO - DAG(s) 'example_dag_decorator' retrieved from /home/gabzarp/.local/lib/python3.10/site-packages/airflow/example_dags/example_dag_decorator.py
[2024-09-12T02:01:06.171-0300] {logging_mixin.py:190} INFO - [2024-09-12T02:01:06.171-0300] {dag.py:3229} INFO - Sync 1 DAGs
[2024-09-12T02:01:06.180-0300] {logging_mixin.py:190} INFO - [2024-09-12T02:01:06.179-0300] {dag.py:4156} INFO - Setting next_dagrun for example_dag_decorator to None, run_after=None
[2024-09-12T02:01:06.198-0300] {processor.py:208} INFO - Processing /home/gabzarp/.local/lib/python3.10/site-packages/airflow/example_dags/example_dag_decorator.py took 0.108 seconds
[2024-09-12T02:02:19.954-0300] {processor.py:186} INFO - Started process (PID=14096) to work on /home/gabzarp/.local/lib/python3.10/site-packages/airflow/example_dags/example_dag_decorator.py
[2024-09-12T02:02:19.955-0300] {processor.py:914} INFO - Processing file /home/gabzarp/.local/lib/python3.10/site-packages/airflow/example_dags/example_dag_decorator.py for tasks to queue
[2024-09-12T02:02:19.956-0300] {logging_mixin.py:190} INFO - [2024-09-12T02:02:19.956-0300] {dagbag.py:587} INFO - Filling up the DagBag from /home/gabzarp/.local/lib/python3.10/site-packages/airflow/example_dags/example_dag_decorator.py
[2024-09-12T02:02:19.967-0300] {processor.py:925} INFO - DAG(s) 'example_dag_decorator' retrieved from /home/gabzarp/.local/lib/python3.10/site-packages/airflow/example_dags/example_dag_decorator.py
[2024-09-12T02:02:20.031-0300] {logging_mixin.py:190} INFO - [2024-09-12T02:02:20.031-0300] {dag.py:3229} INFO - Sync 1 DAGs
[2024-09-12T02:02:20.040-0300] {logging_mixin.py:190} INFO - [2024-09-12T02:02:20.040-0300] {dag.py:4156} INFO - Setting next_dagrun for example_dag_decorator to None, run_after=None
[2024-09-12T02:02:20.058-0300] {processor.py:208} INFO - Processing /home/gabzarp/.local/lib/python3.10/site-packages/airflow/example_dags/example_dag_decorator.py took 0.109 seconds
[2024-09-12T02:03:34.494-0300] {processor.py:186} INFO - Started process (PID=14694) to work on /home/gabzarp/.local/lib/python3.10/site-packages/airflow/example_dags/example_dag_decorator.py
[2024-09-12T02:03:34.496-0300] {processor.py:914} INFO - Processing file /home/gabzarp/.local/lib/python3.10/site-packages/airflow/example_dags/example_dag_decorator.py for tasks to queue
[2024-09-12T02:03:34.497-0300] {logging_mixin.py:190} INFO - [2024-09-12T02:03:34.496-0300] {dagbag.py:587} INFO - Filling up the DagBag from /home/gabzarp/.local/lib/python3.10/site-packages/airflow/example_dags/example_dag_decorator.py
[2024-09-12T02:03:34.504-0300] {processor.py:925} INFO - DAG(s) 'example_dag_decorator' retrieved from /home/gabzarp/.local/lib/python3.10/site-packages/airflow/example_dags/example_dag_decorator.py
[2024-09-12T02:03:34.572-0300] {logging_mixin.py:190} INFO - [2024-09-12T02:03:34.571-0300] {dag.py:3229} INFO - Sync 1 DAGs
[2024-09-12T02:03:34.579-0300] {logging_mixin.py:190} INFO - [2024-09-12T02:03:34.579-0300] {dag.py:4156} INFO - Setting next_dagrun for example_dag_decorator to None, run_after=None
[2024-09-12T02:03:34.594-0300] {processor.py:208} INFO - Processing /home/gabzarp/.local/lib/python3.10/site-packages/airflow/example_dags/example_dag_decorator.py took 0.103 seconds
[2024-09-12T02:04:53.973-0300] {processor.py:186} INFO - Started process (PID=15322) to work on /home/gabzarp/.local/lib/python3.10/site-packages/airflow/example_dags/example_dag_decorator.py
[2024-09-12T02:04:53.974-0300] {processor.py:914} INFO - Processing file /home/gabzarp/.local/lib/python3.10/site-packages/airflow/example_dags/example_dag_decorator.py for tasks to queue
[2024-09-12T02:04:53.974-0300] {logging_mixin.py:190} INFO - [2024-09-12T02:04:53.974-0300] {dagbag.py:587} INFO - Filling up the DagBag from /home/gabzarp/.local/lib/python3.10/site-packages/airflow/example_dags/example_dag_decorator.py
[2024-09-12T02:04:53.982-0300] {processor.py:925} INFO - DAG(s) 'example_dag_decorator' retrieved from /home/gabzarp/.local/lib/python3.10/site-packages/airflow/example_dags/example_dag_decorator.py
[2024-09-12T02:04:54.043-0300] {logging_mixin.py:190} INFO - [2024-09-12T02:04:54.043-0300] {dag.py:3229} INFO - Sync 1 DAGs
[2024-09-12T02:04:54.050-0300] {logging_mixin.py:190} INFO - [2024-09-12T02:04:54.050-0300] {dag.py:4156} INFO - Setting next_dagrun for example_dag_decorator to None, run_after=None
[2024-09-12T02:04:54.066-0300] {processor.py:208} INFO - Processing /home/gabzarp/.local/lib/python3.10/site-packages/airflow/example_dags/example_dag_decorator.py took 0.097 seconds
[2024-09-12T02:06:13.895-0300] {processor.py:186} INFO - Started process (PID=15951) to work on /home/gabzarp/.local/lib/python3.10/site-packages/airflow/example_dags/example_dag_decorator.py
[2024-09-12T02:06:13.897-0300] {processor.py:914} INFO - Processing file /home/gabzarp/.local/lib/python3.10/site-packages/airflow/example_dags/example_dag_decorator.py for tasks to queue
[2024-09-12T02:06:13.898-0300] {logging_mixin.py:190} INFO - [2024-09-12T02:06:13.898-0300] {dagbag.py:587} INFO - Filling up the DagBag from /home/gabzarp/.local/lib/python3.10/site-packages/airflow/example_dags/example_dag_decorator.py
[2024-09-12T02:06:13.909-0300] {processor.py:925} INFO - DAG(s) 'example_dag_decorator' retrieved from /home/gabzarp/.local/lib/python3.10/site-packages/airflow/example_dags/example_dag_decorator.py
[2024-09-12T02:06:13.976-0300] {logging_mixin.py:190} INFO - [2024-09-12T02:06:13.976-0300] {dag.py:3229} INFO - Sync 1 DAGs
[2024-09-12T02:06:13.984-0300] {logging_mixin.py:190} INFO - [2024-09-12T02:06:13.984-0300] {dag.py:4156} INFO - Setting next_dagrun for example_dag_decorator to None, run_after=None
[2024-09-12T02:06:14.000-0300] {processor.py:208} INFO - Processing /home/gabzarp/.local/lib/python3.10/site-packages/airflow/example_dags/example_dag_decorator.py took 0.108 seconds
[2024-09-12T02:07:25.251-0300] {processor.py:186} INFO - Started process (PID=16520) to work on /home/gabzarp/.local/lib/python3.10/site-packages/airflow/example_dags/example_dag_decorator.py
[2024-09-12T02:07:25.252-0300] {processor.py:914} INFO - Processing file /home/gabzarp/.local/lib/python3.10/site-packages/airflow/example_dags/example_dag_decorator.py for tasks to queue
[2024-09-12T02:07:25.253-0300] {logging_mixin.py:190} INFO - [2024-09-12T02:07:25.253-0300] {dagbag.py:587} INFO - Filling up the DagBag from /home/gabzarp/.local/lib/python3.10/site-packages/airflow/example_dags/example_dag_decorator.py
[2024-09-12T02:07:25.260-0300] {processor.py:925} INFO - DAG(s) 'example_dag_decorator' retrieved from /home/gabzarp/.local/lib/python3.10/site-packages/airflow/example_dags/example_dag_decorator.py
[2024-09-12T02:07:25.319-0300] {logging_mixin.py:190} INFO - [2024-09-12T02:07:25.319-0300] {dag.py:3229} INFO - Sync 1 DAGs
[2024-09-12T02:07:25.326-0300] {logging_mixin.py:190} INFO - [2024-09-12T02:07:25.326-0300] {dag.py:4156} INFO - Setting next_dagrun for example_dag_decorator to None, run_after=None
[2024-09-12T02:07:25.342-0300] {processor.py:208} INFO - Processing /home/gabzarp/.local/lib/python3.10/site-packages/airflow/example_dags/example_dag_decorator.py took 0.094 seconds
[2024-09-12T02:08:41.351-0300] {processor.py:186} INFO - Started process (PID=17120) to work on /home/gabzarp/.local/lib/python3.10/site-packages/airflow/example_dags/example_dag_decorator.py
[2024-09-12T02:08:41.352-0300] {processor.py:914} INFO - Processing file /home/gabzarp/.local/lib/python3.10/site-packages/airflow/example_dags/example_dag_decorator.py for tasks to queue
[2024-09-12T02:08:41.353-0300] {logging_mixin.py:190} INFO - [2024-09-12T02:08:41.352-0300] {dagbag.py:587} INFO - Filling up the DagBag from /home/gabzarp/.local/lib/python3.10/site-packages/airflow/example_dags/example_dag_decorator.py
[2024-09-12T02:08:41.361-0300] {processor.py:925} INFO - DAG(s) 'example_dag_decorator' retrieved from /home/gabzarp/.local/lib/python3.10/site-packages/airflow/example_dags/example_dag_decorator.py
[2024-09-12T02:08:41.423-0300] {logging_mixin.py:190} INFO - [2024-09-12T02:08:41.423-0300] {dag.py:3229} INFO - Sync 1 DAGs
[2024-09-12T02:08:41.433-0300] {logging_mixin.py:190} INFO - [2024-09-12T02:08:41.433-0300] {dag.py:4156} INFO - Setting next_dagrun for example_dag_decorator to None, run_after=None
[2024-09-12T02:08:41.450-0300] {processor.py:208} INFO - Processing /home/gabzarp/.local/lib/python3.10/site-packages/airflow/example_dags/example_dag_decorator.py took 0.103 seconds
[2024-09-12T02:10:00.569-0300] {processor.py:186} INFO - Started process (PID=17895) to work on /home/gabzarp/.local/lib/python3.10/site-packages/airflow/example_dags/example_dag_decorator.py
[2024-09-12T02:10:00.573-0300] {processor.py:914} INFO - Processing file /home/gabzarp/.local/lib/python3.10/site-packages/airflow/example_dags/example_dag_decorator.py for tasks to queue
[2024-09-12T02:10:00.574-0300] {logging_mixin.py:190} INFO - [2024-09-12T02:10:00.574-0300] {dagbag.py:587} INFO - Filling up the DagBag from /home/gabzarp/.local/lib/python3.10/site-packages/airflow/example_dags/example_dag_decorator.py
[2024-09-12T02:10:00.582-0300] {processor.py:925} INFO - DAG(s) 'example_dag_decorator' retrieved from /home/gabzarp/.local/lib/python3.10/site-packages/airflow/example_dags/example_dag_decorator.py
[2024-09-12T02:10:00.645-0300] {logging_mixin.py:190} INFO - [2024-09-12T02:10:00.645-0300] {dag.py:3229} INFO - Sync 1 DAGs
[2024-09-12T02:10:00.653-0300] {logging_mixin.py:190} INFO - [2024-09-12T02:10:00.652-0300] {dag.py:4156} INFO - Setting next_dagrun for example_dag_decorator to None, run_after=None
[2024-09-12T02:10:00.671-0300] {processor.py:208} INFO - Processing /home/gabzarp/.local/lib/python3.10/site-packages/airflow/example_dags/example_dag_decorator.py took 0.109 seconds
