[2024-09-12T01:39:52.442-0300] {processor.py:186} INFO - Started process (PID=2688) to work on /home/gabzarp/.local/lib/python3.10/site-packages/airflow/example_dags/example_nested_branch_dag.py
[2024-09-12T01:39:52.443-0300] {processor.py:914} INFO - Processing file /home/gabzarp/.local/lib/python3.10/site-packages/airflow/example_dags/example_nested_branch_dag.py for tasks to queue
[2024-09-12T01:39:52.444-0300] {logging_mixin.py:190} INFO - [2024-09-12T01:39:52.444-0300] {dagbag.py:587} INFO - Filling up the DagBag from /home/gabzarp/.local/lib/python3.10/site-packages/airflow/example_dags/example_nested_branch_dag.py
[2024-09-12T01:39:52.451-0300] {processor.py:925} INFO - DAG(s) 'example_nested_branch_dag' retrieved from /home/gabzarp/.local/lib/python3.10/site-packages/airflow/example_dags/example_nested_branch_dag.py
[2024-09-12T01:39:52.516-0300] {logging_mixin.py:190} INFO - [2024-09-12T01:39:52.515-0300] {override.py:1900} INFO - Created Permission View: can edit on DAG:example_nested_branch_dag
[2024-09-12T01:39:52.526-0300] {logging_mixin.py:190} INFO - [2024-09-12T01:39:52.526-0300] {override.py:1900} INFO - Created Permission View: can read on DAG:example_nested_branch_dag
[2024-09-12T01:39:52.534-0300] {logging_mixin.py:190} INFO - [2024-09-12T01:39:52.534-0300] {override.py:1900} INFO - Created Permission View: can delete on DAG:example_nested_branch_dag
[2024-09-12T01:39:52.545-0300] {logging_mixin.py:190} INFO - [2024-09-12T01:39:52.545-0300] {override.py:1900} INFO - Created Permission View: can read on DAG Run:example_nested_branch_dag
[2024-09-12T01:39:52.553-0300] {logging_mixin.py:190} INFO - [2024-09-12T01:39:52.553-0300] {override.py:1900} INFO - Created Permission View: can create on DAG Run:example_nested_branch_dag
[2024-09-12T01:39:52.560-0300] {logging_mixin.py:190} INFO - [2024-09-12T01:39:52.559-0300] {override.py:1900} INFO - Created Permission View: menu access on DAG Run:example_nested_branch_dag
[2024-09-12T01:39:52.567-0300] {logging_mixin.py:190} INFO - [2024-09-12T01:39:52.566-0300] {override.py:1900} INFO - Created Permission View: can delete on DAG Run:example_nested_branch_dag
[2024-09-12T01:39:52.567-0300] {logging_mixin.py:190} INFO - [2024-09-12T01:39:52.567-0300] {dag.py:3229} INFO - Sync 1 DAGs
[2024-09-12T01:39:52.574-0300] {logging_mixin.py:190} INFO - [2024-09-12T01:39:52.574-0300] {dag.py:3252} INFO - Creating ORM DAG for example_nested_branch_dag
[2024-09-12T01:39:52.580-0300] {logging_mixin.py:190} INFO - [2024-09-12T01:39:52.579-0300] {dag.py:4156} INFO - Setting next_dagrun for example_nested_branch_dag to 2024-09-11 00:00:00+00:00, run_after=2024-09-12 00:00:00+00:00
[2024-09-12T01:39:52.594-0300] {processor.py:208} INFO - Processing /home/gabzarp/.local/lib/python3.10/site-packages/airflow/example_dags/example_nested_branch_dag.py took 0.155 seconds
[2024-09-12T01:40:49.586-0300] {processor.py:186} INFO - Started process (PID=2974) to work on /home/gabzarp/.local/lib/python3.10/site-packages/airflow/example_dags/example_nested_branch_dag.py
[2024-09-12T01:40:49.587-0300] {processor.py:914} INFO - Processing file /home/gabzarp/.local/lib/python3.10/site-packages/airflow/example_dags/example_nested_branch_dag.py for tasks to queue
[2024-09-12T01:40:49.589-0300] {logging_mixin.py:190} INFO - [2024-09-12T01:40:49.589-0300] {dagbag.py:587} INFO - Filling up the DagBag from /home/gabzarp/.local/lib/python3.10/site-packages/airflow/example_dags/example_nested_branch_dag.py
[2024-09-12T01:40:49.597-0300] {processor.py:925} INFO - DAG(s) 'example_nested_branch_dag' retrieved from /home/gabzarp/.local/lib/python3.10/site-packages/airflow/example_dags/example_nested_branch_dag.py
[2024-09-12T01:40:49.608-0300] {logging_mixin.py:190} INFO - [2024-09-12T01:40:49.608-0300] {dag.py:3229} INFO - Sync 1 DAGs
[2024-09-12T01:40:49.623-0300] {logging_mixin.py:190} INFO - [2024-09-12T01:40:49.623-0300] {dag.py:4156} INFO - Setting next_dagrun for example_nested_branch_dag to 2024-09-11 00:00:00+00:00, run_after=2024-09-12 00:00:00+00:00
[2024-09-12T01:40:49.640-0300] {processor.py:208} INFO - Processing /home/gabzarp/.local/lib/python3.10/site-packages/airflow/example_dags/example_nested_branch_dag.py took 0.057 seconds
[2024-09-12T01:41:42.293-0300] {processor.py:186} INFO - Started process (PID=3321) to work on /home/gabzarp/.local/lib/python3.10/site-packages/airflow/example_dags/example_nested_branch_dag.py
[2024-09-12T01:41:42.294-0300] {processor.py:914} INFO - Processing file /home/gabzarp/.local/lib/python3.10/site-packages/airflow/example_dags/example_nested_branch_dag.py for tasks to queue
[2024-09-12T01:41:42.295-0300] {logging_mixin.py:190} INFO - [2024-09-12T01:41:42.295-0300] {dagbag.py:587} INFO - Filling up the DagBag from /home/gabzarp/.local/lib/python3.10/site-packages/airflow/example_dags/example_nested_branch_dag.py
[2024-09-12T01:41:42.304-0300] {processor.py:925} INFO - DAG(s) 'example_nested_branch_dag' retrieved from /home/gabzarp/.local/lib/python3.10/site-packages/airflow/example_dags/example_nested_branch_dag.py
[2024-09-12T01:41:42.321-0300] {logging_mixin.py:190} INFO - [2024-09-12T01:41:42.321-0300] {dag.py:3229} INFO - Sync 1 DAGs
[2024-09-12T01:41:42.338-0300] {logging_mixin.py:190} INFO - [2024-09-12T01:41:42.338-0300] {dag.py:4156} INFO - Setting next_dagrun for example_nested_branch_dag to 2024-09-11 00:00:00+00:00, run_after=2024-09-12 00:00:00+00:00
[2024-09-12T01:41:42.355-0300] {processor.py:208} INFO - Processing /home/gabzarp/.local/lib/python3.10/site-packages/airflow/example_dags/example_nested_branch_dag.py took 0.066 seconds
[2024-09-12T01:42:34.800-0300] {processor.py:186} INFO - Started process (PID=3585) to work on /home/gabzarp/.local/lib/python3.10/site-packages/airflow/example_dags/example_nested_branch_dag.py
[2024-09-12T01:42:34.801-0300] {processor.py:914} INFO - Processing file /home/gabzarp/.local/lib/python3.10/site-packages/airflow/example_dags/example_nested_branch_dag.py for tasks to queue
[2024-09-12T01:42:34.802-0300] {logging_mixin.py:190} INFO - [2024-09-12T01:42:34.802-0300] {dagbag.py:587} INFO - Filling up the DagBag from /home/gabzarp/.local/lib/python3.10/site-packages/airflow/example_dags/example_nested_branch_dag.py
[2024-09-12T01:42:34.810-0300] {processor.py:925} INFO - DAG(s) 'example_nested_branch_dag' retrieved from /home/gabzarp/.local/lib/python3.10/site-packages/airflow/example_dags/example_nested_branch_dag.py
[2024-09-12T01:42:34.821-0300] {logging_mixin.py:190} INFO - [2024-09-12T01:42:34.821-0300] {dag.py:3229} INFO - Sync 1 DAGs
[2024-09-12T01:42:34.835-0300] {logging_mixin.py:190} INFO - [2024-09-12T01:42:34.835-0300] {dag.py:4156} INFO - Setting next_dagrun for example_nested_branch_dag to 2024-09-11 00:00:00+00:00, run_after=2024-09-12 00:00:00+00:00
[2024-09-12T01:42:34.850-0300] {processor.py:208} INFO - Processing /home/gabzarp/.local/lib/python3.10/site-packages/airflow/example_dags/example_nested_branch_dag.py took 0.054 seconds
[2024-09-12T01:43:24.352-0300] {processor.py:186} INFO - Started process (PID=3834) to work on /home/gabzarp/.local/lib/python3.10/site-packages/airflow/example_dags/example_nested_branch_dag.py
[2024-09-12T01:43:24.353-0300] {processor.py:914} INFO - Processing file /home/gabzarp/.local/lib/python3.10/site-packages/airflow/example_dags/example_nested_branch_dag.py for tasks to queue
[2024-09-12T01:43:24.354-0300] {logging_mixin.py:190} INFO - [2024-09-12T01:43:24.354-0300] {dagbag.py:587} INFO - Filling up the DagBag from /home/gabzarp/.local/lib/python3.10/site-packages/airflow/example_dags/example_nested_branch_dag.py
[2024-09-12T01:43:24.361-0300] {processor.py:925} INFO - DAG(s) 'example_nested_branch_dag' retrieved from /home/gabzarp/.local/lib/python3.10/site-packages/airflow/example_dags/example_nested_branch_dag.py
[2024-09-12T01:43:24.372-0300] {logging_mixin.py:190} INFO - [2024-09-12T01:43:24.372-0300] {dag.py:3229} INFO - Sync 1 DAGs
[2024-09-12T01:43:24.384-0300] {logging_mixin.py:190} INFO - [2024-09-12T01:43:24.384-0300] {dag.py:4156} INFO - Setting next_dagrun for example_nested_branch_dag to 2024-09-11 00:00:00+00:00, run_after=2024-09-12 00:00:00+00:00
[2024-09-12T01:43:24.398-0300] {processor.py:208} INFO - Processing /home/gabzarp/.local/lib/python3.10/site-packages/airflow/example_dags/example_nested_branch_dag.py took 0.049 seconds
[2024-09-12T01:45:03.953-0300] {processor.py:186} INFO - Started process (PID=5063) to work on /home/gabzarp/.local/lib/python3.10/site-packages/airflow/example_dags/example_nested_branch_dag.py
[2024-09-12T01:45:03.954-0300] {processor.py:914} INFO - Processing file /home/gabzarp/.local/lib/python3.10/site-packages/airflow/example_dags/example_nested_branch_dag.py for tasks to queue
[2024-09-12T01:45:03.955-0300] {logging_mixin.py:190} INFO - [2024-09-12T01:45:03.955-0300] {dagbag.py:587} INFO - Filling up the DagBag from /home/gabzarp/.local/lib/python3.10/site-packages/airflow/example_dags/example_nested_branch_dag.py
[2024-09-12T01:45:03.964-0300] {processor.py:925} INFO - DAG(s) 'example_nested_branch_dag' retrieved from /home/gabzarp/.local/lib/python3.10/site-packages/airflow/example_dags/example_nested_branch_dag.py
[2024-09-12T01:45:03.977-0300] {logging_mixin.py:190} INFO - [2024-09-12T01:45:03.977-0300] {dag.py:3229} INFO - Sync 1 DAGs
[2024-09-12T01:45:04.005-0300] {logging_mixin.py:190} INFO - [2024-09-12T01:45:04.005-0300] {dag.py:4156} INFO - Setting next_dagrun for example_nested_branch_dag to 2024-09-11 00:00:00+00:00, run_after=2024-09-12 00:00:00+00:00
[2024-09-12T01:45:04.023-0300] {processor.py:208} INFO - Processing /home/gabzarp/.local/lib/python3.10/site-packages/airflow/example_dags/example_nested_branch_dag.py took 0.074 seconds
[2024-09-12T01:45:55.297-0300] {processor.py:186} INFO - Started process (PID=5475) to work on /home/gabzarp/.local/lib/python3.10/site-packages/airflow/example_dags/example_nested_branch_dag.py
[2024-09-12T01:45:55.298-0300] {processor.py:914} INFO - Processing file /home/gabzarp/.local/lib/python3.10/site-packages/airflow/example_dags/example_nested_branch_dag.py for tasks to queue
[2024-09-12T01:45:55.300-0300] {logging_mixin.py:190} INFO - [2024-09-12T01:45:55.299-0300] {dagbag.py:587} INFO - Filling up the DagBag from /home/gabzarp/.local/lib/python3.10/site-packages/airflow/example_dags/example_nested_branch_dag.py
[2024-09-12T01:45:55.306-0300] {processor.py:925} INFO - DAG(s) 'example_nested_branch_dag' retrieved from /home/gabzarp/.local/lib/python3.10/site-packages/airflow/example_dags/example_nested_branch_dag.py
[2024-09-12T01:45:55.317-0300] {logging_mixin.py:190} INFO - [2024-09-12T01:45:55.317-0300] {dag.py:3229} INFO - Sync 1 DAGs
[2024-09-12T01:45:55.330-0300] {logging_mixin.py:190} INFO - [2024-09-12T01:45:55.329-0300] {dag.py:4156} INFO - Setting next_dagrun for example_nested_branch_dag to 2024-09-11 00:00:00+00:00, run_after=2024-09-12 00:00:00+00:00
[2024-09-12T01:45:55.343-0300] {processor.py:208} INFO - Processing /home/gabzarp/.local/lib/python3.10/site-packages/airflow/example_dags/example_nested_branch_dag.py took 0.050 seconds
[2024-09-12T01:46:46.383-0300] {processor.py:186} INFO - Started process (PID=5889) to work on /home/gabzarp/.local/lib/python3.10/site-packages/airflow/example_dags/example_nested_branch_dag.py
[2024-09-12T01:46:46.384-0300] {processor.py:914} INFO - Processing file /home/gabzarp/.local/lib/python3.10/site-packages/airflow/example_dags/example_nested_branch_dag.py for tasks to queue
[2024-09-12T01:46:46.385-0300] {logging_mixin.py:190} INFO - [2024-09-12T01:46:46.385-0300] {dagbag.py:587} INFO - Filling up the DagBag from /home/gabzarp/.local/lib/python3.10/site-packages/airflow/example_dags/example_nested_branch_dag.py
[2024-09-12T01:46:46.393-0300] {processor.py:925} INFO - DAG(s) 'example_nested_branch_dag' retrieved from /home/gabzarp/.local/lib/python3.10/site-packages/airflow/example_dags/example_nested_branch_dag.py
[2024-09-12T01:46:46.404-0300] {logging_mixin.py:190} INFO - [2024-09-12T01:46:46.404-0300] {dag.py:3229} INFO - Sync 1 DAGs
[2024-09-12T01:46:46.418-0300] {logging_mixin.py:190} INFO - [2024-09-12T01:46:46.418-0300] {dag.py:4156} INFO - Setting next_dagrun for example_nested_branch_dag to 2024-09-11 00:00:00+00:00, run_after=2024-09-12 00:00:00+00:00
[2024-09-12T01:46:46.433-0300] {processor.py:208} INFO - Processing /home/gabzarp/.local/lib/python3.10/site-packages/airflow/example_dags/example_nested_branch_dag.py took 0.054 seconds
[2024-09-12T01:47:35.916-0300] {processor.py:186} INFO - Started process (PID=6283) to work on /home/gabzarp/.local/lib/python3.10/site-packages/airflow/example_dags/example_nested_branch_dag.py
[2024-09-12T01:47:35.917-0300] {processor.py:914} INFO - Processing file /home/gabzarp/.local/lib/python3.10/site-packages/airflow/example_dags/example_nested_branch_dag.py for tasks to queue
[2024-09-12T01:47:35.918-0300] {logging_mixin.py:190} INFO - [2024-09-12T01:47:35.918-0300] {dagbag.py:587} INFO - Filling up the DagBag from /home/gabzarp/.local/lib/python3.10/site-packages/airflow/example_dags/example_nested_branch_dag.py
[2024-09-12T01:47:35.925-0300] {processor.py:925} INFO - DAG(s) 'example_nested_branch_dag' retrieved from /home/gabzarp/.local/lib/python3.10/site-packages/airflow/example_dags/example_nested_branch_dag.py
[2024-09-12T01:47:35.936-0300] {logging_mixin.py:190} INFO - [2024-09-12T01:47:35.936-0300] {dag.py:3229} INFO - Sync 1 DAGs
[2024-09-12T01:47:35.948-0300] {logging_mixin.py:190} INFO - [2024-09-12T01:47:35.948-0300] {dag.py:4156} INFO - Setting next_dagrun for example_nested_branch_dag to 2024-09-11 00:00:00+00:00, run_after=2024-09-12 00:00:00+00:00
[2024-09-12T01:47:35.962-0300] {processor.py:208} INFO - Processing /home/gabzarp/.local/lib/python3.10/site-packages/airflow/example_dags/example_nested_branch_dag.py took 0.049 seconds
[2024-09-12T01:48:26.583-0300] {processor.py:186} INFO - Started process (PID=6781) to work on /home/gabzarp/.local/lib/python3.10/site-packages/airflow/example_dags/example_nested_branch_dag.py
[2024-09-12T01:48:26.584-0300] {processor.py:914} INFO - Processing file /home/gabzarp/.local/lib/python3.10/site-packages/airflow/example_dags/example_nested_branch_dag.py for tasks to queue
[2024-09-12T01:48:26.585-0300] {logging_mixin.py:190} INFO - [2024-09-12T01:48:26.585-0300] {dagbag.py:587} INFO - Filling up the DagBag from /home/gabzarp/.local/lib/python3.10/site-packages/airflow/example_dags/example_nested_branch_dag.py
[2024-09-12T01:48:26.593-0300] {processor.py:925} INFO - DAG(s) 'example_nested_branch_dag' retrieved from /home/gabzarp/.local/lib/python3.10/site-packages/airflow/example_dags/example_nested_branch_dag.py
[2024-09-12T01:48:26.604-0300] {logging_mixin.py:190} INFO - [2024-09-12T01:48:26.604-0300] {dag.py:3229} INFO - Sync 1 DAGs
[2024-09-12T01:48:26.618-0300] {logging_mixin.py:190} INFO - [2024-09-12T01:48:26.618-0300] {dag.py:4156} INFO - Setting next_dagrun for example_nested_branch_dag to 2024-09-11 00:00:00+00:00, run_after=2024-09-12 00:00:00+00:00
[2024-09-12T01:48:26.633-0300] {processor.py:208} INFO - Processing /home/gabzarp/.local/lib/python3.10/site-packages/airflow/example_dags/example_nested_branch_dag.py took 0.053 seconds
[2024-09-12T01:49:17.129-0300] {processor.py:186} INFO - Started process (PID=7224) to work on /home/gabzarp/.local/lib/python3.10/site-packages/airflow/example_dags/example_nested_branch_dag.py
[2024-09-12T01:49:17.130-0300] {processor.py:914} INFO - Processing file /home/gabzarp/.local/lib/python3.10/site-packages/airflow/example_dags/example_nested_branch_dag.py for tasks to queue
[2024-09-12T01:49:17.131-0300] {logging_mixin.py:190} INFO - [2024-09-12T01:49:17.131-0300] {dagbag.py:587} INFO - Filling up the DagBag from /home/gabzarp/.local/lib/python3.10/site-packages/airflow/example_dags/example_nested_branch_dag.py
[2024-09-12T01:49:17.142-0300] {processor.py:925} INFO - DAG(s) 'example_nested_branch_dag' retrieved from /home/gabzarp/.local/lib/python3.10/site-packages/airflow/example_dags/example_nested_branch_dag.py
[2024-09-12T01:49:17.156-0300] {logging_mixin.py:190} INFO - [2024-09-12T01:49:17.155-0300] {dag.py:3229} INFO - Sync 1 DAGs
[2024-09-12T01:49:17.175-0300] {logging_mixin.py:190} INFO - [2024-09-12T01:49:17.175-0300] {dag.py:4156} INFO - Setting next_dagrun for example_nested_branch_dag to 2024-09-11 00:00:00+00:00, run_after=2024-09-12 00:00:00+00:00
[2024-09-12T01:49:17.196-0300] {processor.py:208} INFO - Processing /home/gabzarp/.local/lib/python3.10/site-packages/airflow/example_dags/example_nested_branch_dag.py took 0.074 seconds
[2024-09-12T01:50:08.775-0300] {processor.py:186} INFO - Started process (PID=7705) to work on /home/gabzarp/.local/lib/python3.10/site-packages/airflow/example_dags/example_nested_branch_dag.py
[2024-09-12T01:50:08.777-0300] {processor.py:914} INFO - Processing file /home/gabzarp/.local/lib/python3.10/site-packages/airflow/example_dags/example_nested_branch_dag.py for tasks to queue
[2024-09-12T01:50:08.778-0300] {logging_mixin.py:190} INFO - [2024-09-12T01:50:08.777-0300] {dagbag.py:587} INFO - Filling up the DagBag from /home/gabzarp/.local/lib/python3.10/site-packages/airflow/example_dags/example_nested_branch_dag.py
[2024-09-12T01:50:08.786-0300] {processor.py:925} INFO - DAG(s) 'example_nested_branch_dag' retrieved from /home/gabzarp/.local/lib/python3.10/site-packages/airflow/example_dags/example_nested_branch_dag.py
[2024-09-12T01:50:08.799-0300] {logging_mixin.py:190} INFO - [2024-09-12T01:50:08.799-0300] {dag.py:3229} INFO - Sync 1 DAGs
[2024-09-12T01:50:08.815-0300] {logging_mixin.py:190} INFO - [2024-09-12T01:50:08.815-0300] {dag.py:4156} INFO - Setting next_dagrun for example_nested_branch_dag to 2024-09-11 00:00:00+00:00, run_after=2024-09-12 00:00:00+00:00
[2024-09-12T01:50:08.867-0300] {processor.py:208} INFO - Processing /home/gabzarp/.local/lib/python3.10/site-packages/airflow/example_dags/example_nested_branch_dag.py took 0.096 seconds
[2024-09-12T01:50:57.664-0300] {processor.py:186} INFO - Started process (PID=8107) to work on /home/gabzarp/.local/lib/python3.10/site-packages/airflow/example_dags/example_nested_branch_dag.py
[2024-09-12T01:50:57.665-0300] {processor.py:914} INFO - Processing file /home/gabzarp/.local/lib/python3.10/site-packages/airflow/example_dags/example_nested_branch_dag.py for tasks to queue
[2024-09-12T01:50:57.665-0300] {logging_mixin.py:190} INFO - [2024-09-12T01:50:57.665-0300] {dagbag.py:587} INFO - Filling up the DagBag from /home/gabzarp/.local/lib/python3.10/site-packages/airflow/example_dags/example_nested_branch_dag.py
[2024-09-12T01:50:57.672-0300] {processor.py:925} INFO - DAG(s) 'example_nested_branch_dag' retrieved from /home/gabzarp/.local/lib/python3.10/site-packages/airflow/example_dags/example_nested_branch_dag.py
[2024-09-12T01:50:57.683-0300] {logging_mixin.py:190} INFO - [2024-09-12T01:50:57.683-0300] {dag.py:3229} INFO - Sync 1 DAGs
[2024-09-12T01:50:57.696-0300] {logging_mixin.py:190} INFO - [2024-09-12T01:50:57.696-0300] {dag.py:4156} INFO - Setting next_dagrun for example_nested_branch_dag to 2024-09-11 00:00:00+00:00, run_after=2024-09-12 00:00:00+00:00
[2024-09-12T01:50:57.710-0300] {processor.py:208} INFO - Processing /home/gabzarp/.local/lib/python3.10/site-packages/airflow/example_dags/example_nested_branch_dag.py took 0.050 seconds
[2024-09-12T01:51:47.123-0300] {processor.py:186} INFO - Started process (PID=8610) to work on /home/gabzarp/.local/lib/python3.10/site-packages/airflow/example_dags/example_nested_branch_dag.py
[2024-09-12T01:51:47.124-0300] {processor.py:914} INFO - Processing file /home/gabzarp/.local/lib/python3.10/site-packages/airflow/example_dags/example_nested_branch_dag.py for tasks to queue
[2024-09-12T01:51:47.125-0300] {logging_mixin.py:190} INFO - [2024-09-12T01:51:47.125-0300] {dagbag.py:587} INFO - Filling up the DagBag from /home/gabzarp/.local/lib/python3.10/site-packages/airflow/example_dags/example_nested_branch_dag.py
[2024-09-12T01:51:47.132-0300] {processor.py:925} INFO - DAG(s) 'example_nested_branch_dag' retrieved from /home/gabzarp/.local/lib/python3.10/site-packages/airflow/example_dags/example_nested_branch_dag.py
[2024-09-12T01:51:47.142-0300] {logging_mixin.py:190} INFO - [2024-09-12T01:51:47.142-0300] {dag.py:3229} INFO - Sync 1 DAGs
[2024-09-12T01:51:47.155-0300] {logging_mixin.py:190} INFO - [2024-09-12T01:51:47.155-0300] {dag.py:4156} INFO - Setting next_dagrun for example_nested_branch_dag to 2024-09-11 00:00:00+00:00, run_after=2024-09-12 00:00:00+00:00
[2024-09-12T01:51:47.169-0300] {processor.py:208} INFO - Processing /home/gabzarp/.local/lib/python3.10/site-packages/airflow/example_dags/example_nested_branch_dag.py took 0.049 seconds
[2024-09-12T01:52:37.281-0300] {processor.py:186} INFO - Started process (PID=9109) to work on /home/gabzarp/.local/lib/python3.10/site-packages/airflow/example_dags/example_nested_branch_dag.py
[2024-09-12T01:52:37.282-0300] {processor.py:914} INFO - Processing file /home/gabzarp/.local/lib/python3.10/site-packages/airflow/example_dags/example_nested_branch_dag.py for tasks to queue
[2024-09-12T01:52:37.283-0300] {logging_mixin.py:190} INFO - [2024-09-12T01:52:37.283-0300] {dagbag.py:587} INFO - Filling up the DagBag from /home/gabzarp/.local/lib/python3.10/site-packages/airflow/example_dags/example_nested_branch_dag.py
[2024-09-12T01:52:37.291-0300] {processor.py:925} INFO - DAG(s) 'example_nested_branch_dag' retrieved from /home/gabzarp/.local/lib/python3.10/site-packages/airflow/example_dags/example_nested_branch_dag.py
[2024-09-12T01:52:37.303-0300] {logging_mixin.py:190} INFO - [2024-09-12T01:52:37.303-0300] {dag.py:3229} INFO - Sync 1 DAGs
[2024-09-12T01:52:37.318-0300] {logging_mixin.py:190} INFO - [2024-09-12T01:52:37.318-0300] {dag.py:4156} INFO - Setting next_dagrun for example_nested_branch_dag to 2024-09-11 00:00:00+00:00, run_after=2024-09-12 00:00:00+00:00
[2024-09-12T01:52:37.334-0300] {processor.py:208} INFO - Processing /home/gabzarp/.local/lib/python3.10/site-packages/airflow/example_dags/example_nested_branch_dag.py took 0.057 seconds
[2024-09-12T01:53:29.048-0300] {processor.py:186} INFO - Started process (PID=9605) to work on /home/gabzarp/.local/lib/python3.10/site-packages/airflow/example_dags/example_nested_branch_dag.py
[2024-09-12T01:53:29.049-0300] {processor.py:914} INFO - Processing file /home/gabzarp/.local/lib/python3.10/site-packages/airflow/example_dags/example_nested_branch_dag.py for tasks to queue
[2024-09-12T01:53:29.050-0300] {logging_mixin.py:190} INFO - [2024-09-12T01:53:29.049-0300] {dagbag.py:587} INFO - Filling up the DagBag from /home/gabzarp/.local/lib/python3.10/site-packages/airflow/example_dags/example_nested_branch_dag.py
[2024-09-12T01:53:29.058-0300] {processor.py:925} INFO - DAG(s) 'example_nested_branch_dag' retrieved from /home/gabzarp/.local/lib/python3.10/site-packages/airflow/example_dags/example_nested_branch_dag.py
[2024-09-12T01:53:29.069-0300] {logging_mixin.py:190} INFO - [2024-09-12T01:53:29.069-0300] {dag.py:3229} INFO - Sync 1 DAGs
[2024-09-12T01:53:29.083-0300] {logging_mixin.py:190} INFO - [2024-09-12T01:53:29.083-0300] {dag.py:4156} INFO - Setting next_dagrun for example_nested_branch_dag to 2024-09-11 00:00:00+00:00, run_after=2024-09-12 00:00:00+00:00
[2024-09-12T01:53:29.131-0300] {processor.py:208} INFO - Processing /home/gabzarp/.local/lib/python3.10/site-packages/airflow/example_dags/example_nested_branch_dag.py took 0.087 seconds
[2024-09-12T01:54:20.778-0300] {processor.py:186} INFO - Started process (PID=10044) to work on /home/gabzarp/.local/lib/python3.10/site-packages/airflow/example_dags/example_nested_branch_dag.py
[2024-09-12T01:54:20.779-0300] {processor.py:914} INFO - Processing file /home/gabzarp/.local/lib/python3.10/site-packages/airflow/example_dags/example_nested_branch_dag.py for tasks to queue
[2024-09-12T01:54:20.779-0300] {logging_mixin.py:190} INFO - [2024-09-12T01:54:20.779-0300] {dagbag.py:587} INFO - Filling up the DagBag from /home/gabzarp/.local/lib/python3.10/site-packages/airflow/example_dags/example_nested_branch_dag.py
[2024-09-12T01:54:20.787-0300] {processor.py:925} INFO - DAG(s) 'example_nested_branch_dag' retrieved from /home/gabzarp/.local/lib/python3.10/site-packages/airflow/example_dags/example_nested_branch_dag.py
[2024-09-12T01:54:20.798-0300] {logging_mixin.py:190} INFO - [2024-09-12T01:54:20.797-0300] {dag.py:3229} INFO - Sync 1 DAGs
[2024-09-12T01:54:20.810-0300] {logging_mixin.py:190} INFO - [2024-09-12T01:54:20.810-0300] {dag.py:4156} INFO - Setting next_dagrun for example_nested_branch_dag to 2024-09-11 00:00:00+00:00, run_after=2024-09-12 00:00:00+00:00
[2024-09-12T01:54:20.859-0300] {processor.py:208} INFO - Processing /home/gabzarp/.local/lib/python3.10/site-packages/airflow/example_dags/example_nested_branch_dag.py took 0.085 seconds
[2024-09-12T01:55:13.629-0300] {processor.py:186} INFO - Started process (PID=10463) to work on /home/gabzarp/.local/lib/python3.10/site-packages/airflow/example_dags/example_nested_branch_dag.py
[2024-09-12T01:55:13.629-0300] {processor.py:914} INFO - Processing file /home/gabzarp/.local/lib/python3.10/site-packages/airflow/example_dags/example_nested_branch_dag.py for tasks to queue
[2024-09-12T01:55:13.630-0300] {logging_mixin.py:190} INFO - [2024-09-12T01:55:13.630-0300] {dagbag.py:587} INFO - Filling up the DagBag from /home/gabzarp/.local/lib/python3.10/site-packages/airflow/example_dags/example_nested_branch_dag.py
[2024-09-12T01:55:13.637-0300] {processor.py:925} INFO - DAG(s) 'example_nested_branch_dag' retrieved from /home/gabzarp/.local/lib/python3.10/site-packages/airflow/example_dags/example_nested_branch_dag.py
[2024-09-12T01:55:13.648-0300] {logging_mixin.py:190} INFO - [2024-09-12T01:55:13.648-0300] {dag.py:3229} INFO - Sync 1 DAGs
[2024-09-12T01:55:13.661-0300] {logging_mixin.py:190} INFO - [2024-09-12T01:55:13.660-0300] {dag.py:4156} INFO - Setting next_dagrun for example_nested_branch_dag to 2024-09-11 00:00:00+00:00, run_after=2024-09-12 00:00:00+00:00
[2024-09-12T01:55:13.674-0300] {processor.py:208} INFO - Processing /home/gabzarp/.local/lib/python3.10/site-packages/airflow/example_dags/example_nested_branch_dag.py took 0.049 seconds
[2024-09-12T01:56:08.275-0300] {processor.py:186} INFO - Started process (PID=10922) to work on /home/gabzarp/.local/lib/python3.10/site-packages/airflow/example_dags/example_nested_branch_dag.py
[2024-09-12T01:56:08.276-0300] {processor.py:914} INFO - Processing file /home/gabzarp/.local/lib/python3.10/site-packages/airflow/example_dags/example_nested_branch_dag.py for tasks to queue
[2024-09-12T01:56:08.277-0300] {logging_mixin.py:190} INFO - [2024-09-12T01:56:08.277-0300] {dagbag.py:587} INFO - Filling up the DagBag from /home/gabzarp/.local/lib/python3.10/site-packages/airflow/example_dags/example_nested_branch_dag.py
[2024-09-12T01:56:08.284-0300] {processor.py:925} INFO - DAG(s) 'example_nested_branch_dag' retrieved from /home/gabzarp/.local/lib/python3.10/site-packages/airflow/example_dags/example_nested_branch_dag.py
[2024-09-12T01:56:08.294-0300] {logging_mixin.py:190} INFO - [2024-09-12T01:56:08.294-0300] {dag.py:3229} INFO - Sync 1 DAGs
[2024-09-12T01:56:08.307-0300] {logging_mixin.py:190} INFO - [2024-09-12T01:56:08.306-0300] {dag.py:4156} INFO - Setting next_dagrun for example_nested_branch_dag to 2024-09-11 00:00:00+00:00, run_after=2024-09-12 00:00:00+00:00
[2024-09-12T01:56:08.320-0300] {processor.py:208} INFO - Processing /home/gabzarp/.local/lib/python3.10/site-packages/airflow/example_dags/example_nested_branch_dag.py took 0.049 seconds
[2024-09-12T01:57:01.778-0300] {processor.py:186} INFO - Started process (PID=11394) to work on /home/gabzarp/.local/lib/python3.10/site-packages/airflow/example_dags/example_nested_branch_dag.py
[2024-09-12T01:57:01.778-0300] {processor.py:914} INFO - Processing file /home/gabzarp/.local/lib/python3.10/site-packages/airflow/example_dags/example_nested_branch_dag.py for tasks to queue
[2024-09-12T01:57:01.779-0300] {logging_mixin.py:190} INFO - [2024-09-12T01:57:01.779-0300] {dagbag.py:587} INFO - Filling up the DagBag from /home/gabzarp/.local/lib/python3.10/site-packages/airflow/example_dags/example_nested_branch_dag.py
[2024-09-12T01:57:01.786-0300] {processor.py:925} INFO - DAG(s) 'example_nested_branch_dag' retrieved from /home/gabzarp/.local/lib/python3.10/site-packages/airflow/example_dags/example_nested_branch_dag.py
[2024-09-12T01:57:01.798-0300] {logging_mixin.py:190} INFO - [2024-09-12T01:57:01.798-0300] {dag.py:3229} INFO - Sync 1 DAGs
[2024-09-12T01:57:01.811-0300] {logging_mixin.py:190} INFO - [2024-09-12T01:57:01.811-0300] {dag.py:4156} INFO - Setting next_dagrun for example_nested_branch_dag to 2024-09-11 00:00:00+00:00, run_after=2024-09-12 00:00:00+00:00
[2024-09-12T01:57:01.825-0300] {processor.py:208} INFO - Processing /home/gabzarp/.local/lib/python3.10/site-packages/airflow/example_dags/example_nested_branch_dag.py took 0.051 seconds
[2024-09-12T01:57:55.390-0300] {processor.py:186} INFO - Started process (PID=11817) to work on /home/gabzarp/.local/lib/python3.10/site-packages/airflow/example_dags/example_nested_branch_dag.py
[2024-09-12T01:57:55.391-0300] {processor.py:914} INFO - Processing file /home/gabzarp/.local/lib/python3.10/site-packages/airflow/example_dags/example_nested_branch_dag.py for tasks to queue
[2024-09-12T01:57:55.392-0300] {logging_mixin.py:190} INFO - [2024-09-12T01:57:55.392-0300] {dagbag.py:587} INFO - Filling up the DagBag from /home/gabzarp/.local/lib/python3.10/site-packages/airflow/example_dags/example_nested_branch_dag.py
[2024-09-12T01:57:55.399-0300] {processor.py:925} INFO - DAG(s) 'example_nested_branch_dag' retrieved from /home/gabzarp/.local/lib/python3.10/site-packages/airflow/example_dags/example_nested_branch_dag.py
[2024-09-12T01:57:55.410-0300] {logging_mixin.py:190} INFO - [2024-09-12T01:57:55.410-0300] {dag.py:3229} INFO - Sync 1 DAGs
[2024-09-12T01:57:55.424-0300] {logging_mixin.py:190} INFO - [2024-09-12T01:57:55.424-0300] {dag.py:4156} INFO - Setting next_dagrun for example_nested_branch_dag to 2024-09-11 00:00:00+00:00, run_after=2024-09-12 00:00:00+00:00
[2024-09-12T01:57:55.441-0300] {processor.py:208} INFO - Processing /home/gabzarp/.local/lib/python3.10/site-packages/airflow/example_dags/example_nested_branch_dag.py took 0.055 seconds
[2024-09-12T01:58:48.939-0300] {processor.py:186} INFO - Started process (PID=12238) to work on /home/gabzarp/.local/lib/python3.10/site-packages/airflow/example_dags/example_nested_branch_dag.py
[2024-09-12T01:58:48.940-0300] {processor.py:914} INFO - Processing file /home/gabzarp/.local/lib/python3.10/site-packages/airflow/example_dags/example_nested_branch_dag.py for tasks to queue
[2024-09-12T01:58:48.941-0300] {logging_mixin.py:190} INFO - [2024-09-12T01:58:48.941-0300] {dagbag.py:587} INFO - Filling up the DagBag from /home/gabzarp/.local/lib/python3.10/site-packages/airflow/example_dags/example_nested_branch_dag.py
[2024-09-12T01:58:48.950-0300] {processor.py:925} INFO - DAG(s) 'example_nested_branch_dag' retrieved from /home/gabzarp/.local/lib/python3.10/site-packages/airflow/example_dags/example_nested_branch_dag.py
[2024-09-12T01:58:48.964-0300] {logging_mixin.py:190} INFO - [2024-09-12T01:58:48.963-0300] {dag.py:3229} INFO - Sync 1 DAGs
[2024-09-12T01:58:48.977-0300] {logging_mixin.py:190} INFO - [2024-09-12T01:58:48.977-0300] {dag.py:4156} INFO - Setting next_dagrun for example_nested_branch_dag to 2024-09-11 00:00:00+00:00, run_after=2024-09-12 00:00:00+00:00
[2024-09-12T01:58:48.992-0300] {processor.py:208} INFO - Processing /home/gabzarp/.local/lib/python3.10/site-packages/airflow/example_dags/example_nested_branch_dag.py took 0.056 seconds
[2024-09-12T01:59:41.694-0300] {processor.py:186} INFO - Started process (PID=12657) to work on /home/gabzarp/.local/lib/python3.10/site-packages/airflow/example_dags/example_nested_branch_dag.py
[2024-09-12T01:59:41.746-0300] {processor.py:914} INFO - Processing file /home/gabzarp/.local/lib/python3.10/site-packages/airflow/example_dags/example_nested_branch_dag.py for tasks to queue
[2024-09-12T01:59:41.747-0300] {logging_mixin.py:190} INFO - [2024-09-12T01:59:41.747-0300] {dagbag.py:587} INFO - Filling up the DagBag from /home/gabzarp/.local/lib/python3.10/site-packages/airflow/example_dags/example_nested_branch_dag.py
[2024-09-12T01:59:41.754-0300] {processor.py:925} INFO - DAG(s) 'example_nested_branch_dag' retrieved from /home/gabzarp/.local/lib/python3.10/site-packages/airflow/example_dags/example_nested_branch_dag.py
[2024-09-12T01:59:41.765-0300] {logging_mixin.py:190} INFO - [2024-09-12T01:59:41.765-0300] {dag.py:3229} INFO - Sync 1 DAGs
[2024-09-12T01:59:41.778-0300] {logging_mixin.py:190} INFO - [2024-09-12T01:59:41.778-0300] {dag.py:4156} INFO - Setting next_dagrun for example_nested_branch_dag to 2024-09-11 00:00:00+00:00, run_after=2024-09-12 00:00:00+00:00
[2024-09-12T01:59:41.792-0300] {processor.py:208} INFO - Processing /home/gabzarp/.local/lib/python3.10/site-packages/airflow/example_dags/example_nested_branch_dag.py took 0.102 seconds
[2024-09-12T02:00:31.143-0300] {processor.py:186} INFO - Started process (PID=13107) to work on /home/gabzarp/.local/lib/python3.10/site-packages/airflow/example_dags/example_nested_branch_dag.py
[2024-09-12T02:00:31.144-0300] {processor.py:914} INFO - Processing file /home/gabzarp/.local/lib/python3.10/site-packages/airflow/example_dags/example_nested_branch_dag.py for tasks to queue
[2024-09-12T02:00:31.145-0300] {logging_mixin.py:190} INFO - [2024-09-12T02:00:31.144-0300] {dagbag.py:587} INFO - Filling up the DagBag from /home/gabzarp/.local/lib/python3.10/site-packages/airflow/example_dags/example_nested_branch_dag.py
[2024-09-12T02:00:31.152-0300] {processor.py:925} INFO - DAG(s) 'example_nested_branch_dag' retrieved from /home/gabzarp/.local/lib/python3.10/site-packages/airflow/example_dags/example_nested_branch_dag.py
[2024-09-12T02:00:31.163-0300] {logging_mixin.py:190} INFO - [2024-09-12T02:00:31.163-0300] {dag.py:3229} INFO - Sync 1 DAGs
[2024-09-12T02:00:31.176-0300] {logging_mixin.py:190} INFO - [2024-09-12T02:00:31.176-0300] {dag.py:4156} INFO - Setting next_dagrun for example_nested_branch_dag to 2024-09-11 00:00:00+00:00, run_after=2024-09-12 00:00:00+00:00
[2024-09-12T02:00:31.190-0300] {processor.py:208} INFO - Processing /home/gabzarp/.local/lib/python3.10/site-packages/airflow/example_dags/example_nested_branch_dag.py took 0.051 seconds
[2024-09-12T02:01:23.164-0300] {processor.py:186} INFO - Started process (PID=13603) to work on /home/gabzarp/.local/lib/python3.10/site-packages/airflow/example_dags/example_nested_branch_dag.py
[2024-09-12T02:01:23.165-0300] {processor.py:914} INFO - Processing file /home/gabzarp/.local/lib/python3.10/site-packages/airflow/example_dags/example_nested_branch_dag.py for tasks to queue
[2024-09-12T02:01:23.165-0300] {logging_mixin.py:190} INFO - [2024-09-12T02:01:23.165-0300] {dagbag.py:587} INFO - Filling up the DagBag from /home/gabzarp/.local/lib/python3.10/site-packages/airflow/example_dags/example_nested_branch_dag.py
[2024-09-12T02:01:23.172-0300] {processor.py:925} INFO - DAG(s) 'example_nested_branch_dag' retrieved from /home/gabzarp/.local/lib/python3.10/site-packages/airflow/example_dags/example_nested_branch_dag.py
[2024-09-12T02:01:23.183-0300] {logging_mixin.py:190} INFO - [2024-09-12T02:01:23.183-0300] {dag.py:3229} INFO - Sync 1 DAGs
[2024-09-12T02:01:23.196-0300] {logging_mixin.py:190} INFO - [2024-09-12T02:01:23.196-0300] {dag.py:4156} INFO - Setting next_dagrun for example_nested_branch_dag to 2024-09-11 00:00:00+00:00, run_after=2024-09-12 00:00:00+00:00
[2024-09-12T02:01:23.210-0300] {processor.py:208} INFO - Processing /home/gabzarp/.local/lib/python3.10/site-packages/airflow/example_dags/example_nested_branch_dag.py took 0.049 seconds
[2024-09-12T02:02:14.582-0300] {processor.py:186} INFO - Started process (PID=14046) to work on /home/gabzarp/.local/lib/python3.10/site-packages/airflow/example_dags/example_nested_branch_dag.py
[2024-09-12T02:02:14.583-0300] {processor.py:914} INFO - Processing file /home/gabzarp/.local/lib/python3.10/site-packages/airflow/example_dags/example_nested_branch_dag.py for tasks to queue
[2024-09-12T02:02:14.584-0300] {logging_mixin.py:190} INFO - [2024-09-12T02:02:14.584-0300] {dagbag.py:587} INFO - Filling up the DagBag from /home/gabzarp/.local/lib/python3.10/site-packages/airflow/example_dags/example_nested_branch_dag.py
[2024-09-12T02:02:14.591-0300] {processor.py:925} INFO - DAG(s) 'example_nested_branch_dag' retrieved from /home/gabzarp/.local/lib/python3.10/site-packages/airflow/example_dags/example_nested_branch_dag.py
[2024-09-12T02:02:14.602-0300] {logging_mixin.py:190} INFO - [2024-09-12T02:02:14.602-0300] {dag.py:3229} INFO - Sync 1 DAGs
[2024-09-12T02:02:14.619-0300] {logging_mixin.py:190} INFO - [2024-09-12T02:02:14.619-0300] {dag.py:4156} INFO - Setting next_dagrun for example_nested_branch_dag to 2024-09-11 00:00:00+00:00, run_after=2024-09-12 00:00:00+00:00
[2024-09-12T02:02:14.634-0300] {processor.py:208} INFO - Processing /home/gabzarp/.local/lib/python3.10/site-packages/airflow/example_dags/example_nested_branch_dag.py took 0.055 seconds
[2024-09-12T02:03:27.618-0300] {processor.py:186} INFO - Started process (PID=14640) to work on /home/gabzarp/.local/lib/python3.10/site-packages/airflow/example_dags/example_nested_branch_dag.py
[2024-09-12T02:03:27.618-0300] {processor.py:914} INFO - Processing file /home/gabzarp/.local/lib/python3.10/site-packages/airflow/example_dags/example_nested_branch_dag.py for tasks to queue
[2024-09-12T02:03:27.619-0300] {logging_mixin.py:190} INFO - [2024-09-12T02:03:27.619-0300] {dagbag.py:587} INFO - Filling up the DagBag from /home/gabzarp/.local/lib/python3.10/site-packages/airflow/example_dags/example_nested_branch_dag.py
[2024-09-12T02:03:27.626-0300] {processor.py:925} INFO - DAG(s) 'example_nested_branch_dag' retrieved from /home/gabzarp/.local/lib/python3.10/site-packages/airflow/example_dags/example_nested_branch_dag.py
[2024-09-12T02:03:27.637-0300] {logging_mixin.py:190} INFO - [2024-09-12T02:03:27.637-0300] {dag.py:3229} INFO - Sync 1 DAGs
[2024-09-12T02:03:27.651-0300] {logging_mixin.py:190} INFO - [2024-09-12T02:03:27.651-0300] {dag.py:4156} INFO - Setting next_dagrun for example_nested_branch_dag to 2024-09-11 00:00:00+00:00, run_after=2024-09-12 00:00:00+00:00
[2024-09-12T02:03:27.667-0300] {processor.py:208} INFO - Processing /home/gabzarp/.local/lib/python3.10/site-packages/airflow/example_dags/example_nested_branch_dag.py took 0.053 seconds
[2024-09-12T02:04:19.042-0300] {processor.py:186} INFO - Started process (PID=15048) to work on /home/gabzarp/.local/lib/python3.10/site-packages/airflow/example_dags/example_nested_branch_dag.py
[2024-09-12T02:04:19.043-0300] {processor.py:914} INFO - Processing file /home/gabzarp/.local/lib/python3.10/site-packages/airflow/example_dags/example_nested_branch_dag.py for tasks to queue
[2024-09-12T02:04:19.044-0300] {logging_mixin.py:190} INFO - [2024-09-12T02:04:19.044-0300] {dagbag.py:587} INFO - Filling up the DagBag from /home/gabzarp/.local/lib/python3.10/site-packages/airflow/example_dags/example_nested_branch_dag.py
[2024-09-12T02:04:19.051-0300] {processor.py:925} INFO - DAG(s) 'example_nested_branch_dag' retrieved from /home/gabzarp/.local/lib/python3.10/site-packages/airflow/example_dags/example_nested_branch_dag.py
[2024-09-12T02:04:19.063-0300] {logging_mixin.py:190} INFO - [2024-09-12T02:04:19.063-0300] {dag.py:3229} INFO - Sync 1 DAGs
[2024-09-12T02:04:19.077-0300] {logging_mixin.py:190} INFO - [2024-09-12T02:04:19.077-0300] {dag.py:4156} INFO - Setting next_dagrun for example_nested_branch_dag to 2024-09-11 00:00:00+00:00, run_after=2024-09-12 00:00:00+00:00
[2024-09-12T02:04:19.091-0300] {processor.py:208} INFO - Processing /home/gabzarp/.local/lib/python3.10/site-packages/airflow/example_dags/example_nested_branch_dag.py took 0.053 seconds
[2024-09-12T02:05:13.399-0300] {processor.py:186} INFO - Started process (PID=15472) to work on /home/gabzarp/.local/lib/python3.10/site-packages/airflow/example_dags/example_nested_branch_dag.py
[2024-09-12T02:05:13.400-0300] {processor.py:914} INFO - Processing file /home/gabzarp/.local/lib/python3.10/site-packages/airflow/example_dags/example_nested_branch_dag.py for tasks to queue
[2024-09-12T02:05:13.402-0300] {logging_mixin.py:190} INFO - [2024-09-12T02:05:13.401-0300] {dagbag.py:587} INFO - Filling up the DagBag from /home/gabzarp/.local/lib/python3.10/site-packages/airflow/example_dags/example_nested_branch_dag.py
[2024-09-12T02:05:13.414-0300] {processor.py:925} INFO - DAG(s) 'example_nested_branch_dag' retrieved from /home/gabzarp/.local/lib/python3.10/site-packages/airflow/example_dags/example_nested_branch_dag.py
[2024-09-12T02:05:13.426-0300] {logging_mixin.py:190} INFO - [2024-09-12T02:05:13.426-0300] {dag.py:3229} INFO - Sync 1 DAGs
[2024-09-12T02:05:13.441-0300] {logging_mixin.py:190} INFO - [2024-09-12T02:05:13.441-0300] {dag.py:4156} INFO - Setting next_dagrun for example_nested_branch_dag to 2024-09-11 00:00:00+00:00, run_after=2024-09-12 00:00:00+00:00
[2024-09-12T02:05:13.458-0300] {processor.py:208} INFO - Processing /home/gabzarp/.local/lib/python3.10/site-packages/airflow/example_dags/example_nested_branch_dag.py took 0.063 seconds
[2024-09-12T02:06:06.497-0300] {processor.py:186} INFO - Started process (PID=15891) to work on /home/gabzarp/.local/lib/python3.10/site-packages/airflow/example_dags/example_nested_branch_dag.py
[2024-09-12T02:06:06.498-0300] {processor.py:914} INFO - Processing file /home/gabzarp/.local/lib/python3.10/site-packages/airflow/example_dags/example_nested_branch_dag.py for tasks to queue
[2024-09-12T02:06:06.499-0300] {logging_mixin.py:190} INFO - [2024-09-12T02:06:06.498-0300] {dagbag.py:587} INFO - Filling up the DagBag from /home/gabzarp/.local/lib/python3.10/site-packages/airflow/example_dags/example_nested_branch_dag.py
[2024-09-12T02:06:06.506-0300] {processor.py:925} INFO - DAG(s) 'example_nested_branch_dag' retrieved from /home/gabzarp/.local/lib/python3.10/site-packages/airflow/example_dags/example_nested_branch_dag.py
[2024-09-12T02:06:06.519-0300] {logging_mixin.py:190} INFO - [2024-09-12T02:06:06.519-0300] {dag.py:3229} INFO - Sync 1 DAGs
[2024-09-12T02:06:06.533-0300] {logging_mixin.py:190} INFO - [2024-09-12T02:06:06.533-0300] {dag.py:4156} INFO - Setting next_dagrun for example_nested_branch_dag to 2024-09-11 00:00:00+00:00, run_after=2024-09-12 00:00:00+00:00
[2024-09-12T02:06:06.549-0300] {processor.py:208} INFO - Processing /home/gabzarp/.local/lib/python3.10/site-packages/airflow/example_dags/example_nested_branch_dag.py took 0.056 seconds
[2024-09-12T02:06:57.292-0300] {processor.py:186} INFO - Started process (PID=16295) to work on /home/gabzarp/.local/lib/python3.10/site-packages/airflow/example_dags/example_nested_branch_dag.py
[2024-09-12T02:06:57.293-0300] {processor.py:914} INFO - Processing file /home/gabzarp/.local/lib/python3.10/site-packages/airflow/example_dags/example_nested_branch_dag.py for tasks to queue
[2024-09-12T02:06:57.294-0300] {logging_mixin.py:190} INFO - [2024-09-12T02:06:57.294-0300] {dagbag.py:587} INFO - Filling up the DagBag from /home/gabzarp/.local/lib/python3.10/site-packages/airflow/example_dags/example_nested_branch_dag.py
[2024-09-12T02:06:57.301-0300] {processor.py:925} INFO - DAG(s) 'example_nested_branch_dag' retrieved from /home/gabzarp/.local/lib/python3.10/site-packages/airflow/example_dags/example_nested_branch_dag.py
[2024-09-12T02:06:57.312-0300] {logging_mixin.py:190} INFO - [2024-09-12T02:06:57.312-0300] {dag.py:3229} INFO - Sync 1 DAGs
[2024-09-12T02:06:57.324-0300] {logging_mixin.py:190} INFO - [2024-09-12T02:06:57.324-0300] {dag.py:4156} INFO - Setting next_dagrun for example_nested_branch_dag to 2024-09-11 00:00:00+00:00, run_after=2024-09-12 00:00:00+00:00
[2024-09-12T02:06:57.340-0300] {processor.py:208} INFO - Processing /home/gabzarp/.local/lib/python3.10/site-packages/airflow/example_dags/example_nested_branch_dag.py took 0.052 seconds
[2024-09-12T02:08:08.090-0300] {processor.py:186} INFO - Started process (PID=16858) to work on /home/gabzarp/.local/lib/python3.10/site-packages/airflow/example_dags/example_nested_branch_dag.py
[2024-09-12T02:08:08.091-0300] {processor.py:914} INFO - Processing file /home/gabzarp/.local/lib/python3.10/site-packages/airflow/example_dags/example_nested_branch_dag.py for tasks to queue
[2024-09-12T02:08:08.092-0300] {logging_mixin.py:190} INFO - [2024-09-12T02:08:08.092-0300] {dagbag.py:587} INFO - Filling up the DagBag from /home/gabzarp/.local/lib/python3.10/site-packages/airflow/example_dags/example_nested_branch_dag.py
[2024-09-12T02:08:08.099-0300] {processor.py:925} INFO - DAG(s) 'example_nested_branch_dag' retrieved from /home/gabzarp/.local/lib/python3.10/site-packages/airflow/example_dags/example_nested_branch_dag.py
[2024-09-12T02:08:08.110-0300] {logging_mixin.py:190} INFO - [2024-09-12T02:08:08.109-0300] {dag.py:3229} INFO - Sync 1 DAGs
[2024-09-12T02:08:08.123-0300] {logging_mixin.py:190} INFO - [2024-09-12T02:08:08.122-0300] {dag.py:4156} INFO - Setting next_dagrun for example_nested_branch_dag to 2024-09-11 00:00:00+00:00, run_after=2024-09-12 00:00:00+00:00
[2024-09-12T02:08:08.137-0300] {processor.py:208} INFO - Processing /home/gabzarp/.local/lib/python3.10/site-packages/airflow/example_dags/example_nested_branch_dag.py took 0.050 seconds
[2024-09-12T02:08:59.478-0300] {processor.py:186} INFO - Started process (PID=17264) to work on /home/gabzarp/.local/lib/python3.10/site-packages/airflow/example_dags/example_nested_branch_dag.py
[2024-09-12T02:08:59.480-0300] {processor.py:914} INFO - Processing file /home/gabzarp/.local/lib/python3.10/site-packages/airflow/example_dags/example_nested_branch_dag.py for tasks to queue
[2024-09-12T02:08:59.481-0300] {logging_mixin.py:190} INFO - [2024-09-12T02:08:59.481-0300] {dagbag.py:587} INFO - Filling up the DagBag from /home/gabzarp/.local/lib/python3.10/site-packages/airflow/example_dags/example_nested_branch_dag.py
[2024-09-12T02:08:59.488-0300] {processor.py:925} INFO - DAG(s) 'example_nested_branch_dag' retrieved from /home/gabzarp/.local/lib/python3.10/site-packages/airflow/example_dags/example_nested_branch_dag.py
[2024-09-12T02:08:59.500-0300] {logging_mixin.py:190} INFO - [2024-09-12T02:08:59.500-0300] {dag.py:3229} INFO - Sync 1 DAGs
[2024-09-12T02:08:59.515-0300] {logging_mixin.py:190} INFO - [2024-09-12T02:08:59.515-0300] {dag.py:4156} INFO - Setting next_dagrun for example_nested_branch_dag to 2024-09-11 00:00:00+00:00, run_after=2024-09-12 00:00:00+00:00
[2024-09-12T02:08:59.531-0300] {processor.py:208} INFO - Processing /home/gabzarp/.local/lib/python3.10/site-packages/airflow/example_dags/example_nested_branch_dag.py took 0.056 seconds
[2024-09-12T02:09:52.390-0300] {processor.py:186} INFO - Started process (PID=17831) to work on /home/gabzarp/.local/lib/python3.10/site-packages/airflow/example_dags/example_nested_branch_dag.py
[2024-09-12T02:09:52.391-0300] {processor.py:914} INFO - Processing file /home/gabzarp/.local/lib/python3.10/site-packages/airflow/example_dags/example_nested_branch_dag.py for tasks to queue
[2024-09-12T02:09:52.392-0300] {logging_mixin.py:190} INFO - [2024-09-12T02:09:52.392-0300] {dagbag.py:587} INFO - Filling up the DagBag from /home/gabzarp/.local/lib/python3.10/site-packages/airflow/example_dags/example_nested_branch_dag.py
[2024-09-12T02:09:52.400-0300] {processor.py:925} INFO - DAG(s) 'example_nested_branch_dag' retrieved from /home/gabzarp/.local/lib/python3.10/site-packages/airflow/example_dags/example_nested_branch_dag.py
[2024-09-12T02:09:52.412-0300] {logging_mixin.py:190} INFO - [2024-09-12T02:09:52.412-0300] {dag.py:3229} INFO - Sync 1 DAGs
[2024-09-12T02:09:52.429-0300] {logging_mixin.py:190} INFO - [2024-09-12T02:09:52.429-0300] {dag.py:4156} INFO - Setting next_dagrun for example_nested_branch_dag to 2024-09-11 00:00:00+00:00, run_after=2024-09-12 00:00:00+00:00
[2024-09-12T02:09:52.567-0300] {processor.py:208} INFO - Processing /home/gabzarp/.local/lib/python3.10/site-packages/airflow/example_dags/example_nested_branch_dag.py took 0.183 seconds
