[2024-09-12T01:39:39.003-0300] {processor.py:186} INFO - Started process (PID=2619) to work on /home/gabzarp/.local/lib/python3.10/site-packages/airflow/example_dags/example_short_circuit_decorator.py
[2024-09-12T01:39:39.003-0300] {processor.py:914} INFO - Processing file /home/gabzarp/.local/lib/python3.10/site-packages/airflow/example_dags/example_short_circuit_decorator.py for tasks to queue
[2024-09-12T01:39:39.005-0300] {logging_mixin.py:190} INFO - [2024-09-12T01:39:39.004-0300] {dagbag.py:587} INFO - Filling up the DagBag from /home/gabzarp/.local/lib/python3.10/site-packages/airflow/example_dags/example_short_circuit_decorator.py
[2024-09-12T01:39:39.010-0300] {processor.py:925} INFO - DAG(s) 'example_short_circuit_decorator' retrieved from /home/gabzarp/.local/lib/python3.10/site-packages/airflow/example_dags/example_short_circuit_decorator.py
[2024-09-12T01:39:39.081-0300] {logging_mixin.py:190} INFO - [2024-09-12T01:39:39.080-0300] {override.py:1900} INFO - Created Permission View: can edit on DAG:example_short_circuit_decorator
[2024-09-12T01:39:39.091-0300] {logging_mixin.py:190} INFO - [2024-09-12T01:39:39.090-0300] {override.py:1900} INFO - Created Permission View: can read on DAG:example_short_circuit_decorator
[2024-09-12T01:39:39.098-0300] {logging_mixin.py:190} INFO - [2024-09-12T01:39:39.098-0300] {override.py:1900} INFO - Created Permission View: can delete on DAG:example_short_circuit_decorator
[2024-09-12T01:39:39.109-0300] {logging_mixin.py:190} INFO - [2024-09-12T01:39:39.108-0300] {override.py:1900} INFO - Created Permission View: can read on DAG Run:example_short_circuit_decorator
[2024-09-12T01:39:39.115-0300] {logging_mixin.py:190} INFO - [2024-09-12T01:39:39.115-0300] {override.py:1900} INFO - Created Permission View: can create on DAG Run:example_short_circuit_decorator
[2024-09-12T01:39:39.122-0300] {logging_mixin.py:190} INFO - [2024-09-12T01:39:39.122-0300] {override.py:1900} INFO - Created Permission View: menu access on DAG Run:example_short_circuit_decorator
[2024-09-12T01:39:39.129-0300] {logging_mixin.py:190} INFO - [2024-09-12T01:39:39.128-0300] {override.py:1900} INFO - Created Permission View: can delete on DAG Run:example_short_circuit_decorator
[2024-09-12T01:39:39.129-0300] {logging_mixin.py:190} INFO - [2024-09-12T01:39:39.129-0300] {dag.py:3229} INFO - Sync 1 DAGs
[2024-09-12T01:39:39.137-0300] {logging_mixin.py:190} INFO - [2024-09-12T01:39:39.137-0300] {dag.py:3252} INFO - Creating ORM DAG for example_short_circuit_decorator
[2024-09-12T01:39:39.138-0300] {logging_mixin.py:190} INFO - [2024-09-12T01:39:39.137-0300] {dag.py:4156} INFO - Setting next_dagrun for example_short_circuit_decorator to None, run_after=None
[2024-09-12T01:39:39.151-0300] {processor.py:208} INFO - Processing /home/gabzarp/.local/lib/python3.10/site-packages/airflow/example_dags/example_short_circuit_decorator.py took 0.152 seconds
[2024-09-12T01:40:36.625-0300] {processor.py:186} INFO - Started process (PID=2905) to work on /home/gabzarp/.local/lib/python3.10/site-packages/airflow/example_dags/example_short_circuit_decorator.py
[2024-09-12T01:40:36.626-0300] {processor.py:914} INFO - Processing file /home/gabzarp/.local/lib/python3.10/site-packages/airflow/example_dags/example_short_circuit_decorator.py for tasks to queue
[2024-09-12T01:40:36.627-0300] {logging_mixin.py:190} INFO - [2024-09-12T01:40:36.627-0300] {dagbag.py:587} INFO - Filling up the DagBag from /home/gabzarp/.local/lib/python3.10/site-packages/airflow/example_dags/example_short_circuit_decorator.py
[2024-09-12T01:40:36.634-0300] {processor.py:925} INFO - DAG(s) 'example_short_circuit_decorator' retrieved from /home/gabzarp/.local/lib/python3.10/site-packages/airflow/example_dags/example_short_circuit_decorator.py
[2024-09-12T01:40:36.647-0300] {logging_mixin.py:190} INFO - [2024-09-12T01:40:36.646-0300] {dag.py:3229} INFO - Sync 1 DAGs
[2024-09-12T01:40:36.654-0300] {logging_mixin.py:190} INFO - [2024-09-12T01:40:36.654-0300] {dag.py:4156} INFO - Setting next_dagrun for example_short_circuit_decorator to None, run_after=None
[2024-09-12T01:40:36.668-0300] {processor.py:208} INFO - Processing /home/gabzarp/.local/lib/python3.10/site-packages/airflow/example_dags/example_short_circuit_decorator.py took 0.047 seconds
[2024-09-12T01:41:27.855-0300] {processor.py:186} INFO - Started process (PID=3248) to work on /home/gabzarp/.local/lib/python3.10/site-packages/airflow/example_dags/example_short_circuit_decorator.py
[2024-09-12T01:41:27.856-0300] {processor.py:914} INFO - Processing file /home/gabzarp/.local/lib/python3.10/site-packages/airflow/example_dags/example_short_circuit_decorator.py for tasks to queue
[2024-09-12T01:41:27.858-0300] {logging_mixin.py:190} INFO - [2024-09-12T01:41:27.857-0300] {dagbag.py:587} INFO - Filling up the DagBag from /home/gabzarp/.local/lib/python3.10/site-packages/airflow/example_dags/example_short_circuit_decorator.py
[2024-09-12T01:41:27.864-0300] {processor.py:925} INFO - DAG(s) 'example_short_circuit_decorator' retrieved from /home/gabzarp/.local/lib/python3.10/site-packages/airflow/example_dags/example_short_circuit_decorator.py
[2024-09-12T01:41:27.877-0300] {logging_mixin.py:190} INFO - [2024-09-12T01:41:27.877-0300] {dag.py:3229} INFO - Sync 1 DAGs
[2024-09-12T01:41:27.885-0300] {logging_mixin.py:190} INFO - [2024-09-12T01:41:27.885-0300] {dag.py:4156} INFO - Setting next_dagrun for example_short_circuit_decorator to None, run_after=None
[2024-09-12T01:41:27.899-0300] {processor.py:208} INFO - Processing /home/gabzarp/.local/lib/python3.10/site-packages/airflow/example_dags/example_short_circuit_decorator.py took 0.047 seconds
[2024-09-12T01:42:23.250-0300] {processor.py:186} INFO - Started process (PID=3526) to work on /home/gabzarp/.local/lib/python3.10/site-packages/airflow/example_dags/example_short_circuit_decorator.py
[2024-09-12T01:42:23.251-0300] {processor.py:914} INFO - Processing file /home/gabzarp/.local/lib/python3.10/site-packages/airflow/example_dags/example_short_circuit_decorator.py for tasks to queue
[2024-09-12T01:42:23.252-0300] {logging_mixin.py:190} INFO - [2024-09-12T01:42:23.252-0300] {dagbag.py:587} INFO - Filling up the DagBag from /home/gabzarp/.local/lib/python3.10/site-packages/airflow/example_dags/example_short_circuit_decorator.py
[2024-09-12T01:42:23.259-0300] {processor.py:925} INFO - DAG(s) 'example_short_circuit_decorator' retrieved from /home/gabzarp/.local/lib/python3.10/site-packages/airflow/example_dags/example_short_circuit_decorator.py
[2024-09-12T01:42:23.272-0300] {logging_mixin.py:190} INFO - [2024-09-12T01:42:23.272-0300] {dag.py:3229} INFO - Sync 1 DAGs
[2024-09-12T01:42:23.280-0300] {logging_mixin.py:190} INFO - [2024-09-12T01:42:23.280-0300] {dag.py:4156} INFO - Setting next_dagrun for example_short_circuit_decorator to None, run_after=None
[2024-09-12T01:42:23.295-0300] {processor.py:208} INFO - Processing /home/gabzarp/.local/lib/python3.10/site-packages/airflow/example_dags/example_short_circuit_decorator.py took 0.049 seconds
[2024-09-12T01:43:12.593-0300] {processor.py:186} INFO - Started process (PID=3774) to work on /home/gabzarp/.local/lib/python3.10/site-packages/airflow/example_dags/example_short_circuit_decorator.py
[2024-09-12T01:43:12.593-0300] {processor.py:914} INFO - Processing file /home/gabzarp/.local/lib/python3.10/site-packages/airflow/example_dags/example_short_circuit_decorator.py for tasks to queue
[2024-09-12T01:43:12.595-0300] {logging_mixin.py:190} INFO - [2024-09-12T01:43:12.594-0300] {dagbag.py:587} INFO - Filling up the DagBag from /home/gabzarp/.local/lib/python3.10/site-packages/airflow/example_dags/example_short_circuit_decorator.py
[2024-09-12T01:43:12.600-0300] {processor.py:925} INFO - DAG(s) 'example_short_circuit_decorator' retrieved from /home/gabzarp/.local/lib/python3.10/site-packages/airflow/example_dags/example_short_circuit_decorator.py
[2024-09-12T01:43:12.612-0300] {logging_mixin.py:190} INFO - [2024-09-12T01:43:12.612-0300] {dag.py:3229} INFO - Sync 1 DAGs
[2024-09-12T01:43:12.620-0300] {logging_mixin.py:190} INFO - [2024-09-12T01:43:12.620-0300] {dag.py:4156} INFO - Setting next_dagrun for example_short_circuit_decorator to None, run_after=None
[2024-09-12T01:43:12.636-0300] {processor.py:208} INFO - Processing /home/gabzarp/.local/lib/python3.10/site-packages/airflow/example_dags/example_short_circuit_decorator.py took 0.047 seconds
[2024-09-12T01:44:44.863-0300] {processor.py:186} INFO - Started process (PID=4911) to work on /home/gabzarp/.local/lib/python3.10/site-packages/airflow/example_dags/example_short_circuit_decorator.py
[2024-09-12T01:44:44.865-0300] {processor.py:914} INFO - Processing file /home/gabzarp/.local/lib/python3.10/site-packages/airflow/example_dags/example_short_circuit_decorator.py for tasks to queue
[2024-09-12T01:44:44.866-0300] {logging_mixin.py:190} INFO - [2024-09-12T01:44:44.866-0300] {dagbag.py:587} INFO - Filling up the DagBag from /home/gabzarp/.local/lib/python3.10/site-packages/airflow/example_dags/example_short_circuit_decorator.py
[2024-09-12T01:44:44.873-0300] {processor.py:925} INFO - DAG(s) 'example_short_circuit_decorator' retrieved from /home/gabzarp/.local/lib/python3.10/site-packages/airflow/example_dags/example_short_circuit_decorator.py
[2024-09-12T01:44:44.888-0300] {logging_mixin.py:190} INFO - [2024-09-12T01:44:44.887-0300] {dag.py:3229} INFO - Sync 1 DAGs
[2024-09-12T01:44:44.897-0300] {logging_mixin.py:190} INFO - [2024-09-12T01:44:44.897-0300] {dag.py:4156} INFO - Setting next_dagrun for example_short_circuit_decorator to None, run_after=None
[2024-09-12T01:44:44.914-0300] {processor.py:208} INFO - Processing /home/gabzarp/.local/lib/python3.10/site-packages/airflow/example_dags/example_short_circuit_decorator.py took 0.055 seconds
[2024-09-12T01:45:38.980-0300] {processor.py:186} INFO - Started process (PID=5346) to work on /home/gabzarp/.local/lib/python3.10/site-packages/airflow/example_dags/example_short_circuit_decorator.py
[2024-09-12T01:45:38.981-0300] {processor.py:914} INFO - Processing file /home/gabzarp/.local/lib/python3.10/site-packages/airflow/example_dags/example_short_circuit_decorator.py for tasks to queue
[2024-09-12T01:45:38.982-0300] {logging_mixin.py:190} INFO - [2024-09-12T01:45:38.982-0300] {dagbag.py:587} INFO - Filling up the DagBag from /home/gabzarp/.local/lib/python3.10/site-packages/airflow/example_dags/example_short_circuit_decorator.py
[2024-09-12T01:45:38.989-0300] {processor.py:925} INFO - DAG(s) 'example_short_circuit_decorator' retrieved from /home/gabzarp/.local/lib/python3.10/site-packages/airflow/example_dags/example_short_circuit_decorator.py
[2024-09-12T01:45:39.001-0300] {logging_mixin.py:190} INFO - [2024-09-12T01:45:39.001-0300] {dag.py:3229} INFO - Sync 1 DAGs
[2024-09-12T01:45:39.009-0300] {logging_mixin.py:190} INFO - [2024-09-12T01:45:39.009-0300] {dag.py:4156} INFO - Setting next_dagrun for example_short_circuit_decorator to None, run_after=None
[2024-09-12T01:45:39.025-0300] {processor.py:208} INFO - Processing /home/gabzarp/.local/lib/python3.10/site-packages/airflow/example_dags/example_short_circuit_decorator.py took 0.049 seconds
[2024-09-12T01:46:30.637-0300] {processor.py:186} INFO - Started process (PID=5760) to work on /home/gabzarp/.local/lib/python3.10/site-packages/airflow/example_dags/example_short_circuit_decorator.py
[2024-09-12T01:46:30.638-0300] {processor.py:914} INFO - Processing file /home/gabzarp/.local/lib/python3.10/site-packages/airflow/example_dags/example_short_circuit_decorator.py for tasks to queue
[2024-09-12T01:46:30.639-0300] {logging_mixin.py:190} INFO - [2024-09-12T01:46:30.639-0300] {dagbag.py:587} INFO - Filling up the DagBag from /home/gabzarp/.local/lib/python3.10/site-packages/airflow/example_dags/example_short_circuit_decorator.py
[2024-09-12T01:46:30.646-0300] {processor.py:925} INFO - DAG(s) 'example_short_circuit_decorator' retrieved from /home/gabzarp/.local/lib/python3.10/site-packages/airflow/example_dags/example_short_circuit_decorator.py
[2024-09-12T01:46:30.658-0300] {logging_mixin.py:190} INFO - [2024-09-12T01:46:30.658-0300] {dag.py:3229} INFO - Sync 1 DAGs
[2024-09-12T01:46:30.666-0300] {logging_mixin.py:190} INFO - [2024-09-12T01:46:30.666-0300] {dag.py:4156} INFO - Setting next_dagrun for example_short_circuit_decorator to None, run_after=None
[2024-09-12T01:46:30.680-0300] {processor.py:208} INFO - Processing /home/gabzarp/.local/lib/python3.10/site-packages/airflow/example_dags/example_short_circuit_decorator.py took 0.047 seconds
[2024-09-12T01:47:23.465-0300] {processor.py:186} INFO - Started process (PID=6183) to work on /home/gabzarp/.local/lib/python3.10/site-packages/airflow/example_dags/example_short_circuit_decorator.py
[2024-09-12T01:47:23.466-0300] {processor.py:914} INFO - Processing file /home/gabzarp/.local/lib/python3.10/site-packages/airflow/example_dags/example_short_circuit_decorator.py for tasks to queue
[2024-09-12T01:47:23.467-0300] {logging_mixin.py:190} INFO - [2024-09-12T01:47:23.467-0300] {dagbag.py:587} INFO - Filling up the DagBag from /home/gabzarp/.local/lib/python3.10/site-packages/airflow/example_dags/example_short_circuit_decorator.py
[2024-09-12T01:47:23.474-0300] {processor.py:925} INFO - DAG(s) 'example_short_circuit_decorator' retrieved from /home/gabzarp/.local/lib/python3.10/site-packages/airflow/example_dags/example_short_circuit_decorator.py
[2024-09-12T01:47:23.487-0300] {logging_mixin.py:190} INFO - [2024-09-12T01:47:23.487-0300] {dag.py:3229} INFO - Sync 1 DAGs
[2024-09-12T01:47:23.496-0300] {logging_mixin.py:190} INFO - [2024-09-12T01:47:23.496-0300] {dag.py:4156} INFO - Setting next_dagrun for example_short_circuit_decorator to None, run_after=None
[2024-09-12T01:47:23.515-0300] {processor.py:208} INFO - Processing /home/gabzarp/.local/lib/python3.10/site-packages/airflow/example_dags/example_short_circuit_decorator.py took 0.053 seconds
[2024-09-12T01:48:14.869-0300] {processor.py:186} INFO - Started process (PID=6592) to work on /home/gabzarp/.local/lib/python3.10/site-packages/airflow/example_dags/example_short_circuit_decorator.py
[2024-09-12T01:48:14.871-0300] {processor.py:914} INFO - Processing file /home/gabzarp/.local/lib/python3.10/site-packages/airflow/example_dags/example_short_circuit_decorator.py for tasks to queue
[2024-09-12T01:48:14.872-0300] {logging_mixin.py:190} INFO - [2024-09-12T01:48:14.872-0300] {dagbag.py:587} INFO - Filling up the DagBag from /home/gabzarp/.local/lib/python3.10/site-packages/airflow/example_dags/example_short_circuit_decorator.py
[2024-09-12T01:48:14.881-0300] {processor.py:925} INFO - DAG(s) 'example_short_circuit_decorator' retrieved from /home/gabzarp/.local/lib/python3.10/site-packages/airflow/example_dags/example_short_circuit_decorator.py
[2024-09-12T01:48:14.896-0300] {logging_mixin.py:190} INFO - [2024-09-12T01:48:14.896-0300] {dag.py:3229} INFO - Sync 1 DAGs
[2024-09-12T01:48:14.905-0300] {logging_mixin.py:190} INFO - [2024-09-12T01:48:14.905-0300] {dag.py:4156} INFO - Setting next_dagrun for example_short_circuit_decorator to None, run_after=None
[2024-09-12T01:48:14.921-0300] {processor.py:208} INFO - Processing /home/gabzarp/.local/lib/python3.10/site-packages/airflow/example_dags/example_short_circuit_decorator.py took 0.057 seconds
[2024-09-12T01:49:05.150-0300] {processor.py:186} INFO - Started process (PID=7127) to work on /home/gabzarp/.local/lib/python3.10/site-packages/airflow/example_dags/example_short_circuit_decorator.py
[2024-09-12T01:49:05.151-0300] {processor.py:914} INFO - Processing file /home/gabzarp/.local/lib/python3.10/site-packages/airflow/example_dags/example_short_circuit_decorator.py for tasks to queue
[2024-09-12T01:49:05.152-0300] {logging_mixin.py:190} INFO - [2024-09-12T01:49:05.152-0300] {dagbag.py:587} INFO - Filling up the DagBag from /home/gabzarp/.local/lib/python3.10/site-packages/airflow/example_dags/example_short_circuit_decorator.py
[2024-09-12T01:49:05.158-0300] {processor.py:925} INFO - DAG(s) 'example_short_circuit_decorator' retrieved from /home/gabzarp/.local/lib/python3.10/site-packages/airflow/example_dags/example_short_circuit_decorator.py
[2024-09-12T01:49:05.170-0300] {logging_mixin.py:190} INFO - [2024-09-12T01:49:05.170-0300] {dag.py:3229} INFO - Sync 1 DAGs
[2024-09-12T01:49:05.177-0300] {logging_mixin.py:190} INFO - [2024-09-12T01:49:05.177-0300] {dag.py:4156} INFO - Setting next_dagrun for example_short_circuit_decorator to None, run_after=None
[2024-09-12T01:49:05.192-0300] {processor.py:208} INFO - Processing /home/gabzarp/.local/lib/python3.10/site-packages/airflow/example_dags/example_short_circuit_decorator.py took 0.045 seconds
[2024-09-12T01:49:56.233-0300] {processor.py:186} INFO - Started process (PID=7566) to work on /home/gabzarp/.local/lib/python3.10/site-packages/airflow/example_dags/example_short_circuit_decorator.py
[2024-09-12T01:49:56.234-0300] {processor.py:914} INFO - Processing file /home/gabzarp/.local/lib/python3.10/site-packages/airflow/example_dags/example_short_circuit_decorator.py for tasks to queue
[2024-09-12T01:49:56.235-0300] {logging_mixin.py:190} INFO - [2024-09-12T01:49:56.235-0300] {dagbag.py:587} INFO - Filling up the DagBag from /home/gabzarp/.local/lib/python3.10/site-packages/airflow/example_dags/example_short_circuit_decorator.py
[2024-09-12T01:49:56.241-0300] {processor.py:925} INFO - DAG(s) 'example_short_circuit_decorator' retrieved from /home/gabzarp/.local/lib/python3.10/site-packages/airflow/example_dags/example_short_circuit_decorator.py
[2024-09-12T01:49:56.253-0300] {logging_mixin.py:190} INFO - [2024-09-12T01:49:56.253-0300] {dag.py:3229} INFO - Sync 1 DAGs
[2024-09-12T01:49:56.261-0300] {logging_mixin.py:190} INFO - [2024-09-12T01:49:56.261-0300] {dag.py:4156} INFO - Setting next_dagrun for example_short_circuit_decorator to None, run_after=None
[2024-09-12T01:49:56.276-0300] {processor.py:208} INFO - Processing /home/gabzarp/.local/lib/python3.10/site-packages/airflow/example_dags/example_short_circuit_decorator.py took 0.046 seconds
[2024-09-12T01:50:45.122-0300] {processor.py:186} INFO - Started process (PID=8007) to work on /home/gabzarp/.local/lib/python3.10/site-packages/airflow/example_dags/example_short_circuit_decorator.py
[2024-09-12T01:50:45.123-0300] {processor.py:914} INFO - Processing file /home/gabzarp/.local/lib/python3.10/site-packages/airflow/example_dags/example_short_circuit_decorator.py for tasks to queue
[2024-09-12T01:50:45.123-0300] {logging_mixin.py:190} INFO - [2024-09-12T01:50:45.123-0300] {dagbag.py:587} INFO - Filling up the DagBag from /home/gabzarp/.local/lib/python3.10/site-packages/airflow/example_dags/example_short_circuit_decorator.py
[2024-09-12T01:50:45.130-0300] {processor.py:925} INFO - DAG(s) 'example_short_circuit_decorator' retrieved from /home/gabzarp/.local/lib/python3.10/site-packages/airflow/example_dags/example_short_circuit_decorator.py
[2024-09-12T01:50:45.142-0300] {logging_mixin.py:190} INFO - [2024-09-12T01:50:45.141-0300] {dag.py:3229} INFO - Sync 1 DAGs
[2024-09-12T01:50:45.149-0300] {logging_mixin.py:190} INFO - [2024-09-12T01:50:45.149-0300] {dag.py:4156} INFO - Setting next_dagrun for example_short_circuit_decorator to None, run_after=None
[2024-09-12T01:50:45.164-0300] {processor.py:208} INFO - Processing /home/gabzarp/.local/lib/python3.10/site-packages/airflow/example_dags/example_short_circuit_decorator.py took 0.046 seconds
[2024-09-12T01:51:33.868-0300] {processor.py:186} INFO - Started process (PID=8444) to work on /home/gabzarp/.local/lib/python3.10/site-packages/airflow/example_dags/example_short_circuit_decorator.py
[2024-09-12T01:51:33.869-0300] {processor.py:914} INFO - Processing file /home/gabzarp/.local/lib/python3.10/site-packages/airflow/example_dags/example_short_circuit_decorator.py for tasks to queue
[2024-09-12T01:51:33.870-0300] {logging_mixin.py:190} INFO - [2024-09-12T01:51:33.870-0300] {dagbag.py:587} INFO - Filling up the DagBag from /home/gabzarp/.local/lib/python3.10/site-packages/airflow/example_dags/example_short_circuit_decorator.py
[2024-09-12T01:51:33.878-0300] {processor.py:925} INFO - DAG(s) 'example_short_circuit_decorator' retrieved from /home/gabzarp/.local/lib/python3.10/site-packages/airflow/example_dags/example_short_circuit_decorator.py
[2024-09-12T01:51:33.892-0300] {logging_mixin.py:190} INFO - [2024-09-12T01:51:33.892-0300] {dag.py:3229} INFO - Sync 1 DAGs
[2024-09-12T01:51:33.901-0300] {logging_mixin.py:190} INFO - [2024-09-12T01:51:33.901-0300] {dag.py:4156} INFO - Setting next_dagrun for example_short_circuit_decorator to None, run_after=None
[2024-09-12T01:51:33.955-0300] {processor.py:208} INFO - Processing /home/gabzarp/.local/lib/python3.10/site-packages/airflow/example_dags/example_short_circuit_decorator.py took 0.090 seconds
[2024-09-12T01:52:25.260-0300] {processor.py:186} INFO - Started process (PID=8982) to work on /home/gabzarp/.local/lib/python3.10/site-packages/airflow/example_dags/example_short_circuit_decorator.py
[2024-09-12T01:52:25.261-0300] {processor.py:914} INFO - Processing file /home/gabzarp/.local/lib/python3.10/site-packages/airflow/example_dags/example_short_circuit_decorator.py for tasks to queue
[2024-09-12T01:52:25.262-0300] {logging_mixin.py:190} INFO - [2024-09-12T01:52:25.262-0300] {dagbag.py:587} INFO - Filling up the DagBag from /home/gabzarp/.local/lib/python3.10/site-packages/airflow/example_dags/example_short_circuit_decorator.py
[2024-09-12T01:52:25.268-0300] {processor.py:925} INFO - DAG(s) 'example_short_circuit_decorator' retrieved from /home/gabzarp/.local/lib/python3.10/site-packages/airflow/example_dags/example_short_circuit_decorator.py
[2024-09-12T01:52:25.280-0300] {logging_mixin.py:190} INFO - [2024-09-12T01:52:25.280-0300] {dag.py:3229} INFO - Sync 1 DAGs
[2024-09-12T01:52:25.288-0300] {logging_mixin.py:190} INFO - [2024-09-12T01:52:25.288-0300] {dag.py:4156} INFO - Setting next_dagrun for example_short_circuit_decorator to None, run_after=None
[2024-09-12T01:52:25.303-0300] {processor.py:208} INFO - Processing /home/gabzarp/.local/lib/python3.10/site-packages/airflow/example_dags/example_short_circuit_decorator.py took 0.046 seconds
[2024-09-12T01:53:16.614-0300] {processor.py:186} INFO - Started process (PID=9507) to work on /home/gabzarp/.local/lib/python3.10/site-packages/airflow/example_dags/example_short_circuit_decorator.py
[2024-09-12T01:53:16.615-0300] {processor.py:914} INFO - Processing file /home/gabzarp/.local/lib/python3.10/site-packages/airflow/example_dags/example_short_circuit_decorator.py for tasks to queue
[2024-09-12T01:53:16.615-0300] {logging_mixin.py:190} INFO - [2024-09-12T01:53:16.615-0300] {dagbag.py:587} INFO - Filling up the DagBag from /home/gabzarp/.local/lib/python3.10/site-packages/airflow/example_dags/example_short_circuit_decorator.py
[2024-09-12T01:53:16.622-0300] {processor.py:925} INFO - DAG(s) 'example_short_circuit_decorator' retrieved from /home/gabzarp/.local/lib/python3.10/site-packages/airflow/example_dags/example_short_circuit_decorator.py
[2024-09-12T01:53:16.634-0300] {logging_mixin.py:190} INFO - [2024-09-12T01:53:16.634-0300] {dag.py:3229} INFO - Sync 1 DAGs
[2024-09-12T01:53:16.642-0300] {logging_mixin.py:190} INFO - [2024-09-12T01:53:16.642-0300] {dag.py:4156} INFO - Setting next_dagrun for example_short_circuit_decorator to None, run_after=None
[2024-09-12T01:53:16.658-0300] {processor.py:208} INFO - Processing /home/gabzarp/.local/lib/python3.10/site-packages/airflow/example_dags/example_short_circuit_decorator.py took 0.048 seconds
[2024-09-12T01:54:09.937-0300] {processor.py:186} INFO - Started process (PID=9956) to work on /home/gabzarp/.local/lib/python3.10/site-packages/airflow/example_dags/example_short_circuit_decorator.py
[2024-09-12T01:54:09.938-0300] {processor.py:914} INFO - Processing file /home/gabzarp/.local/lib/python3.10/site-packages/airflow/example_dags/example_short_circuit_decorator.py for tasks to queue
[2024-09-12T01:54:09.938-0300] {logging_mixin.py:190} INFO - [2024-09-12T01:54:09.938-0300] {dagbag.py:587} INFO - Filling up the DagBag from /home/gabzarp/.local/lib/python3.10/site-packages/airflow/example_dags/example_short_circuit_decorator.py
[2024-09-12T01:54:09.945-0300] {processor.py:925} INFO - DAG(s) 'example_short_circuit_decorator' retrieved from /home/gabzarp/.local/lib/python3.10/site-packages/airflow/example_dags/example_short_circuit_decorator.py
[2024-09-12T01:54:09.958-0300] {logging_mixin.py:190} INFO - [2024-09-12T01:54:09.958-0300] {dag.py:3229} INFO - Sync 1 DAGs
[2024-09-12T01:54:09.966-0300] {logging_mixin.py:190} INFO - [2024-09-12T01:54:09.966-0300] {dag.py:4156} INFO - Setting next_dagrun for example_short_circuit_decorator to None, run_after=None
[2024-09-12T01:54:09.981-0300] {processor.py:208} INFO - Processing /home/gabzarp/.local/lib/python3.10/site-packages/airflow/example_dags/example_short_circuit_decorator.py took 0.048 seconds
[2024-09-12T01:55:00.378-0300] {processor.py:186} INFO - Started process (PID=10362) to work on /home/gabzarp/.local/lib/python3.10/site-packages/airflow/example_dags/example_short_circuit_decorator.py
[2024-09-12T01:55:00.379-0300] {processor.py:914} INFO - Processing file /home/gabzarp/.local/lib/python3.10/site-packages/airflow/example_dags/example_short_circuit_decorator.py for tasks to queue
[2024-09-12T01:55:00.380-0300] {logging_mixin.py:190} INFO - [2024-09-12T01:55:00.379-0300] {dagbag.py:587} INFO - Filling up the DagBag from /home/gabzarp/.local/lib/python3.10/site-packages/airflow/example_dags/example_short_circuit_decorator.py
[2024-09-12T01:55:00.386-0300] {processor.py:925} INFO - DAG(s) 'example_short_circuit_decorator' retrieved from /home/gabzarp/.local/lib/python3.10/site-packages/airflow/example_dags/example_short_circuit_decorator.py
[2024-09-12T01:55:00.398-0300] {logging_mixin.py:190} INFO - [2024-09-12T01:55:00.398-0300] {dag.py:3229} INFO - Sync 1 DAGs
[2024-09-12T01:55:00.406-0300] {logging_mixin.py:190} INFO - [2024-09-12T01:55:00.405-0300] {dag.py:4156} INFO - Setting next_dagrun for example_short_circuit_decorator to None, run_after=None
[2024-09-12T01:55:00.466-0300] {processor.py:208} INFO - Processing /home/gabzarp/.local/lib/python3.10/site-packages/airflow/example_dags/example_short_circuit_decorator.py took 0.092 seconds
[2024-09-12T01:55:55.191-0300] {processor.py:186} INFO - Started process (PID=10815) to work on /home/gabzarp/.local/lib/python3.10/site-packages/airflow/example_dags/example_short_circuit_decorator.py
[2024-09-12T01:55:55.192-0300] {processor.py:914} INFO - Processing file /home/gabzarp/.local/lib/python3.10/site-packages/airflow/example_dags/example_short_circuit_decorator.py for tasks to queue
[2024-09-12T01:55:55.193-0300] {logging_mixin.py:190} INFO - [2024-09-12T01:55:55.193-0300] {dagbag.py:587} INFO - Filling up the DagBag from /home/gabzarp/.local/lib/python3.10/site-packages/airflow/example_dags/example_short_circuit_decorator.py
[2024-09-12T01:55:55.200-0300] {processor.py:925} INFO - DAG(s) 'example_short_circuit_decorator' retrieved from /home/gabzarp/.local/lib/python3.10/site-packages/airflow/example_dags/example_short_circuit_decorator.py
[2024-09-12T01:55:55.212-0300] {logging_mixin.py:190} INFO - [2024-09-12T01:55:55.212-0300] {dag.py:3229} INFO - Sync 1 DAGs
[2024-09-12T01:55:55.220-0300] {logging_mixin.py:190} INFO - [2024-09-12T01:55:55.220-0300] {dag.py:4156} INFO - Setting next_dagrun for example_short_circuit_decorator to None, run_after=None
[2024-09-12T01:55:55.235-0300] {processor.py:208} INFO - Processing /home/gabzarp/.local/lib/python3.10/site-packages/airflow/example_dags/example_short_circuit_decorator.py took 0.047 seconds
[2024-09-12T01:56:48.382-0300] {processor.py:186} INFO - Started process (PID=11257) to work on /home/gabzarp/.local/lib/python3.10/site-packages/airflow/example_dags/example_short_circuit_decorator.py
[2024-09-12T01:56:48.383-0300] {processor.py:914} INFO - Processing file /home/gabzarp/.local/lib/python3.10/site-packages/airflow/example_dags/example_short_circuit_decorator.py for tasks to queue
[2024-09-12T01:56:48.384-0300] {logging_mixin.py:190} INFO - [2024-09-12T01:56:48.383-0300] {dagbag.py:587} INFO - Filling up the DagBag from /home/gabzarp/.local/lib/python3.10/site-packages/airflow/example_dags/example_short_circuit_decorator.py
[2024-09-12T01:56:48.390-0300] {processor.py:925} INFO - DAG(s) 'example_short_circuit_decorator' retrieved from /home/gabzarp/.local/lib/python3.10/site-packages/airflow/example_dags/example_short_circuit_decorator.py
[2024-09-12T01:56:48.402-0300] {logging_mixin.py:190} INFO - [2024-09-12T01:56:48.402-0300] {dag.py:3229} INFO - Sync 1 DAGs
[2024-09-12T01:56:48.410-0300] {logging_mixin.py:190} INFO - [2024-09-12T01:56:48.409-0300] {dag.py:4156} INFO - Setting next_dagrun for example_short_circuit_decorator to None, run_after=None
[2024-09-12T01:56:48.471-0300] {processor.py:208} INFO - Processing /home/gabzarp/.local/lib/python3.10/site-packages/airflow/example_dags/example_short_circuit_decorator.py took 0.092 seconds
[2024-09-12T01:57:43.221-0300] {processor.py:186} INFO - Started process (PID=11720) to work on /home/gabzarp/.local/lib/python3.10/site-packages/airflow/example_dags/example_short_circuit_decorator.py
[2024-09-12T01:57:43.222-0300] {processor.py:914} INFO - Processing file /home/gabzarp/.local/lib/python3.10/site-packages/airflow/example_dags/example_short_circuit_decorator.py for tasks to queue
[2024-09-12T01:57:43.223-0300] {logging_mixin.py:190} INFO - [2024-09-12T01:57:43.222-0300] {dagbag.py:587} INFO - Filling up the DagBag from /home/gabzarp/.local/lib/python3.10/site-packages/airflow/example_dags/example_short_circuit_decorator.py
[2024-09-12T01:57:43.230-0300] {processor.py:925} INFO - DAG(s) 'example_short_circuit_decorator' retrieved from /home/gabzarp/.local/lib/python3.10/site-packages/airflow/example_dags/example_short_circuit_decorator.py
[2024-09-12T01:57:43.243-0300] {logging_mixin.py:190} INFO - [2024-09-12T01:57:43.243-0300] {dag.py:3229} INFO - Sync 1 DAGs
[2024-09-12T01:57:43.252-0300] {logging_mixin.py:190} INFO - [2024-09-12T01:57:43.252-0300] {dag.py:4156} INFO - Setting next_dagrun for example_short_circuit_decorator to None, run_after=None
[2024-09-12T01:57:43.270-0300] {processor.py:208} INFO - Processing /home/gabzarp/.local/lib/python3.10/site-packages/airflow/example_dags/example_short_circuit_decorator.py took 0.054 seconds
[2024-09-12T01:58:36.363-0300] {processor.py:186} INFO - Started process (PID=12139) to work on /home/gabzarp/.local/lib/python3.10/site-packages/airflow/example_dags/example_short_circuit_decorator.py
[2024-09-12T01:58:36.364-0300] {processor.py:914} INFO - Processing file /home/gabzarp/.local/lib/python3.10/site-packages/airflow/example_dags/example_short_circuit_decorator.py for tasks to queue
[2024-09-12T01:58:36.364-0300] {logging_mixin.py:190} INFO - [2024-09-12T01:58:36.364-0300] {dagbag.py:587} INFO - Filling up the DagBag from /home/gabzarp/.local/lib/python3.10/site-packages/airflow/example_dags/example_short_circuit_decorator.py
[2024-09-12T01:58:36.371-0300] {processor.py:925} INFO - DAG(s) 'example_short_circuit_decorator' retrieved from /home/gabzarp/.local/lib/python3.10/site-packages/airflow/example_dags/example_short_circuit_decorator.py
[2024-09-12T01:58:36.382-0300] {logging_mixin.py:190} INFO - [2024-09-12T01:58:36.382-0300] {dag.py:3229} INFO - Sync 1 DAGs
[2024-09-12T01:58:36.390-0300] {logging_mixin.py:190} INFO - [2024-09-12T01:58:36.390-0300] {dag.py:4156} INFO - Setting next_dagrun for example_short_circuit_decorator to None, run_after=None
[2024-09-12T01:58:36.403-0300] {processor.py:208} INFO - Processing /home/gabzarp/.local/lib/python3.10/site-packages/airflow/example_dags/example_short_circuit_decorator.py took 0.044 seconds
[2024-09-12T01:59:29.051-0300] {processor.py:186} INFO - Started process (PID=12558) to work on /home/gabzarp/.local/lib/python3.10/site-packages/airflow/example_dags/example_short_circuit_decorator.py
[2024-09-12T01:59:29.052-0300] {processor.py:914} INFO - Processing file /home/gabzarp/.local/lib/python3.10/site-packages/airflow/example_dags/example_short_circuit_decorator.py for tasks to queue
[2024-09-12T01:59:29.053-0300] {logging_mixin.py:190} INFO - [2024-09-12T01:59:29.053-0300] {dagbag.py:587} INFO - Filling up the DagBag from /home/gabzarp/.local/lib/python3.10/site-packages/airflow/example_dags/example_short_circuit_decorator.py
[2024-09-12T01:59:29.059-0300] {processor.py:925} INFO - DAG(s) 'example_short_circuit_decorator' retrieved from /home/gabzarp/.local/lib/python3.10/site-packages/airflow/example_dags/example_short_circuit_decorator.py
[2024-09-12T01:59:29.073-0300] {logging_mixin.py:190} INFO - [2024-09-12T01:59:29.073-0300] {dag.py:3229} INFO - Sync 1 DAGs
[2024-09-12T01:59:29.082-0300] {logging_mixin.py:190} INFO - [2024-09-12T01:59:29.081-0300] {dag.py:4156} INFO - Setting next_dagrun for example_short_circuit_decorator to None, run_after=None
[2024-09-12T01:59:29.096-0300] {processor.py:208} INFO - Processing /home/gabzarp/.local/lib/python3.10/site-packages/airflow/example_dags/example_short_circuit_decorator.py took 0.049 seconds
[2024-09-12T02:00:18.450-0300] {processor.py:186} INFO - Started process (PID=13008) to work on /home/gabzarp/.local/lib/python3.10/site-packages/airflow/example_dags/example_short_circuit_decorator.py
[2024-09-12T02:00:18.451-0300] {processor.py:914} INFO - Processing file /home/gabzarp/.local/lib/python3.10/site-packages/airflow/example_dags/example_short_circuit_decorator.py for tasks to queue
[2024-09-12T02:00:18.452-0300] {logging_mixin.py:190} INFO - [2024-09-12T02:00:18.451-0300] {dagbag.py:587} INFO - Filling up the DagBag from /home/gabzarp/.local/lib/python3.10/site-packages/airflow/example_dags/example_short_circuit_decorator.py
[2024-09-12T02:00:18.458-0300] {processor.py:925} INFO - DAG(s) 'example_short_circuit_decorator' retrieved from /home/gabzarp/.local/lib/python3.10/site-packages/airflow/example_dags/example_short_circuit_decorator.py
[2024-09-12T02:00:18.471-0300] {logging_mixin.py:190} INFO - [2024-09-12T02:00:18.471-0300] {dag.py:3229} INFO - Sync 1 DAGs
[2024-09-12T02:00:18.478-0300] {logging_mixin.py:190} INFO - [2024-09-12T02:00:18.478-0300] {dag.py:4156} INFO - Setting next_dagrun for example_short_circuit_decorator to None, run_after=None
[2024-09-12T02:00:18.492-0300] {processor.py:208} INFO - Processing /home/gabzarp/.local/lib/python3.10/site-packages/airflow/example_dags/example_short_circuit_decorator.py took 0.046 seconds
[2024-09-12T02:01:11.754-0300] {processor.py:186} INFO - Started process (PID=13514) to work on /home/gabzarp/.local/lib/python3.10/site-packages/airflow/example_dags/example_short_circuit_decorator.py
[2024-09-12T02:01:11.755-0300] {processor.py:914} INFO - Processing file /home/gabzarp/.local/lib/python3.10/site-packages/airflow/example_dags/example_short_circuit_decorator.py for tasks to queue
[2024-09-12T02:01:11.756-0300] {logging_mixin.py:190} INFO - [2024-09-12T02:01:11.755-0300] {dagbag.py:587} INFO - Filling up the DagBag from /home/gabzarp/.local/lib/python3.10/site-packages/airflow/example_dags/example_short_circuit_decorator.py
[2024-09-12T02:01:11.762-0300] {processor.py:925} INFO - DAG(s) 'example_short_circuit_decorator' retrieved from /home/gabzarp/.local/lib/python3.10/site-packages/airflow/example_dags/example_short_circuit_decorator.py
[2024-09-12T02:01:11.773-0300] {logging_mixin.py:190} INFO - [2024-09-12T02:01:11.773-0300] {dag.py:3229} INFO - Sync 1 DAGs
[2024-09-12T02:01:11.782-0300] {logging_mixin.py:190} INFO - [2024-09-12T02:01:11.782-0300] {dag.py:4156} INFO - Setting next_dagrun for example_short_circuit_decorator to None, run_after=None
[2024-09-12T02:01:11.795-0300] {processor.py:208} INFO - Processing /home/gabzarp/.local/lib/python3.10/site-packages/airflow/example_dags/example_short_circuit_decorator.py took 0.045 seconds
[2024-09-12T02:02:02.030-0300] {processor.py:186} INFO - Started process (PID=13935) to work on /home/gabzarp/.local/lib/python3.10/site-packages/airflow/example_dags/example_short_circuit_decorator.py
[2024-09-12T02:02:02.031-0300] {processor.py:914} INFO - Processing file /home/gabzarp/.local/lib/python3.10/site-packages/airflow/example_dags/example_short_circuit_decorator.py for tasks to queue
[2024-09-12T02:02:02.032-0300] {logging_mixin.py:190} INFO - [2024-09-12T02:02:02.032-0300] {dagbag.py:587} INFO - Filling up the DagBag from /home/gabzarp/.local/lib/python3.10/site-packages/airflow/example_dags/example_short_circuit_decorator.py
[2024-09-12T02:02:02.039-0300] {processor.py:925} INFO - DAG(s) 'example_short_circuit_decorator' retrieved from /home/gabzarp/.local/lib/python3.10/site-packages/airflow/example_dags/example_short_circuit_decorator.py
[2024-09-12T02:02:02.053-0300] {logging_mixin.py:190} INFO - [2024-09-12T02:02:02.052-0300] {dag.py:3229} INFO - Sync 1 DAGs
[2024-09-12T02:02:02.061-0300] {logging_mixin.py:190} INFO - [2024-09-12T02:02:02.061-0300] {dag.py:4156} INFO - Setting next_dagrun for example_short_circuit_decorator to None, run_after=None
[2024-09-12T02:02:02.079-0300] {processor.py:208} INFO - Processing /home/gabzarp/.local/lib/python3.10/site-packages/airflow/example_dags/example_short_circuit_decorator.py took 0.053 seconds
[2024-09-12T02:02:48.290-0300] {processor.py:186} INFO - Started process (PID=14326) to work on /home/gabzarp/.local/lib/python3.10/site-packages/airflow/example_dags/example_short_circuit_decorator.py
[2024-09-12T02:02:48.291-0300] {processor.py:914} INFO - Processing file /home/gabzarp/.local/lib/python3.10/site-packages/airflow/example_dags/example_short_circuit_decorator.py for tasks to queue
[2024-09-12T02:02:48.292-0300] {logging_mixin.py:190} INFO - [2024-09-12T02:02:48.292-0300] {dagbag.py:587} INFO - Filling up the DagBag from /home/gabzarp/.local/lib/python3.10/site-packages/airflow/example_dags/example_short_circuit_decorator.py
[2024-09-12T02:02:48.300-0300] {processor.py:925} INFO - DAG(s) 'example_short_circuit_decorator' retrieved from /home/gabzarp/.local/lib/python3.10/site-packages/airflow/example_dags/example_short_circuit_decorator.py
[2024-09-12T02:02:48.313-0300] {logging_mixin.py:190} INFO - [2024-09-12T02:02:48.313-0300] {dag.py:3229} INFO - Sync 1 DAGs
[2024-09-12T02:02:48.321-0300] {logging_mixin.py:190} INFO - [2024-09-12T02:02:48.321-0300] {dag.py:4156} INFO - Setting next_dagrun for example_short_circuit_decorator to None, run_after=None
[2024-09-12T02:02:48.336-0300] {processor.py:208} INFO - Processing /home/gabzarp/.local/lib/python3.10/site-packages/airflow/example_dags/example_short_circuit_decorator.py took 0.050 seconds
[2024-09-12T02:03:39.738-0300] {processor.py:186} INFO - Started process (PID=14738) to work on /home/gabzarp/.local/lib/python3.10/site-packages/airflow/example_dags/example_short_circuit_decorator.py
[2024-09-12T02:03:39.739-0300] {processor.py:914} INFO - Processing file /home/gabzarp/.local/lib/python3.10/site-packages/airflow/example_dags/example_short_circuit_decorator.py for tasks to queue
[2024-09-12T02:03:39.740-0300] {logging_mixin.py:190} INFO - [2024-09-12T02:03:39.739-0300] {dagbag.py:587} INFO - Filling up the DagBag from /home/gabzarp/.local/lib/python3.10/site-packages/airflow/example_dags/example_short_circuit_decorator.py
[2024-09-12T02:03:39.746-0300] {processor.py:925} INFO - DAG(s) 'example_short_circuit_decorator' retrieved from /home/gabzarp/.local/lib/python3.10/site-packages/airflow/example_dags/example_short_circuit_decorator.py
[2024-09-12T02:03:39.759-0300] {logging_mixin.py:190} INFO - [2024-09-12T02:03:39.759-0300] {dag.py:3229} INFO - Sync 1 DAGs
[2024-09-12T02:03:39.769-0300] {logging_mixin.py:190} INFO - [2024-09-12T02:03:39.769-0300] {dag.py:4156} INFO - Setting next_dagrun for example_short_circuit_decorator to None, run_after=None
[2024-09-12T02:03:39.784-0300] {processor.py:208} INFO - Processing /home/gabzarp/.local/lib/python3.10/site-packages/airflow/example_dags/example_short_circuit_decorator.py took 0.050 seconds
[2024-09-12T02:04:31.146-0300] {processor.py:186} INFO - Started process (PID=15144) to work on /home/gabzarp/.local/lib/python3.10/site-packages/airflow/example_dags/example_short_circuit_decorator.py
[2024-09-12T02:04:31.147-0300] {processor.py:914} INFO - Processing file /home/gabzarp/.local/lib/python3.10/site-packages/airflow/example_dags/example_short_circuit_decorator.py for tasks to queue
[2024-09-12T02:04:31.147-0300] {logging_mixin.py:190} INFO - [2024-09-12T02:04:31.147-0300] {dagbag.py:587} INFO - Filling up the DagBag from /home/gabzarp/.local/lib/python3.10/site-packages/airflow/example_dags/example_short_circuit_decorator.py
[2024-09-12T02:04:31.154-0300] {processor.py:925} INFO - DAG(s) 'example_short_circuit_decorator' retrieved from /home/gabzarp/.local/lib/python3.10/site-packages/airflow/example_dags/example_short_circuit_decorator.py
[2024-09-12T02:04:31.166-0300] {logging_mixin.py:190} INFO - [2024-09-12T02:04:31.166-0300] {dag.py:3229} INFO - Sync 1 DAGs
[2024-09-12T02:04:31.175-0300] {logging_mixin.py:190} INFO - [2024-09-12T02:04:31.175-0300] {dag.py:4156} INFO - Setting next_dagrun for example_short_circuit_decorator to None, run_after=None
[2024-09-12T02:04:31.190-0300] {processor.py:208} INFO - Processing /home/gabzarp/.local/lib/python3.10/site-packages/airflow/example_dags/example_short_circuit_decorator.py took 0.048 seconds
[2024-09-12T02:05:25.941-0300] {processor.py:186} INFO - Started process (PID=15576) to work on /home/gabzarp/.local/lib/python3.10/site-packages/airflow/example_dags/example_short_circuit_decorator.py
[2024-09-12T02:05:25.943-0300] {processor.py:914} INFO - Processing file /home/gabzarp/.local/lib/python3.10/site-packages/airflow/example_dags/example_short_circuit_decorator.py for tasks to queue
[2024-09-12T02:05:25.944-0300] {logging_mixin.py:190} INFO - [2024-09-12T02:05:25.943-0300] {dagbag.py:587} INFO - Filling up the DagBag from /home/gabzarp/.local/lib/python3.10/site-packages/airflow/example_dags/example_short_circuit_decorator.py
[2024-09-12T02:05:25.950-0300] {processor.py:925} INFO - DAG(s) 'example_short_circuit_decorator' retrieved from /home/gabzarp/.local/lib/python3.10/site-packages/airflow/example_dags/example_short_circuit_decorator.py
[2024-09-12T02:05:25.962-0300] {logging_mixin.py:190} INFO - [2024-09-12T02:05:25.962-0300] {dag.py:3229} INFO - Sync 1 DAGs
[2024-09-12T02:05:25.969-0300] {logging_mixin.py:190} INFO - [2024-09-12T02:05:25.969-0300] {dag.py:4156} INFO - Setting next_dagrun for example_short_circuit_decorator to None, run_after=None
[2024-09-12T02:05:25.984-0300] {processor.py:208} INFO - Processing /home/gabzarp/.local/lib/python3.10/site-packages/airflow/example_dags/example_short_circuit_decorator.py took 0.046 seconds
[2024-09-12T02:06:19.134-0300] {processor.py:186} INFO - Started process (PID=15995) to work on /home/gabzarp/.local/lib/python3.10/site-packages/airflow/example_dags/example_short_circuit_decorator.py
[2024-09-12T02:06:19.135-0300] {processor.py:914} INFO - Processing file /home/gabzarp/.local/lib/python3.10/site-packages/airflow/example_dags/example_short_circuit_decorator.py for tasks to queue
[2024-09-12T02:06:19.136-0300] {logging_mixin.py:190} INFO - [2024-09-12T02:06:19.136-0300] {dagbag.py:587} INFO - Filling up the DagBag from /home/gabzarp/.local/lib/python3.10/site-packages/airflow/example_dags/example_short_circuit_decorator.py
[2024-09-12T02:06:19.143-0300] {processor.py:925} INFO - DAG(s) 'example_short_circuit_decorator' retrieved from /home/gabzarp/.local/lib/python3.10/site-packages/airflow/example_dags/example_short_circuit_decorator.py
[2024-09-12T02:06:19.157-0300] {logging_mixin.py:190} INFO - [2024-09-12T02:06:19.156-0300] {dag.py:3229} INFO - Sync 1 DAGs
[2024-09-12T02:06:19.166-0300] {logging_mixin.py:190} INFO - [2024-09-12T02:06:19.166-0300] {dag.py:4156} INFO - Setting next_dagrun for example_short_circuit_decorator to None, run_after=None
[2024-09-12T02:06:19.184-0300] {processor.py:208} INFO - Processing /home/gabzarp/.local/lib/python3.10/site-packages/airflow/example_dags/example_short_circuit_decorator.py took 0.054 seconds
[2024-09-12T02:07:07.571-0300] {processor.py:186} INFO - Started process (PID=16376) to work on /home/gabzarp/.local/lib/python3.10/site-packages/airflow/example_dags/example_short_circuit_decorator.py
[2024-09-12T02:07:07.572-0300] {processor.py:914} INFO - Processing file /home/gabzarp/.local/lib/python3.10/site-packages/airflow/example_dags/example_short_circuit_decorator.py for tasks to queue
[2024-09-12T02:07:07.572-0300] {logging_mixin.py:190} INFO - [2024-09-12T02:07:07.572-0300] {dagbag.py:587} INFO - Filling up the DagBag from /home/gabzarp/.local/lib/python3.10/site-packages/airflow/example_dags/example_short_circuit_decorator.py
[2024-09-12T02:07:07.579-0300] {processor.py:925} INFO - DAG(s) 'example_short_circuit_decorator' retrieved from /home/gabzarp/.local/lib/python3.10/site-packages/airflow/example_dags/example_short_circuit_decorator.py
[2024-09-12T02:07:07.591-0300] {logging_mixin.py:190} INFO - [2024-09-12T02:07:07.591-0300] {dag.py:3229} INFO - Sync 1 DAGs
[2024-09-12T02:07:07.599-0300] {logging_mixin.py:190} INFO - [2024-09-12T02:07:07.599-0300] {dag.py:4156} INFO - Setting next_dagrun for example_short_circuit_decorator to None, run_after=None
[2024-09-12T02:07:07.614-0300] {processor.py:208} INFO - Processing /home/gabzarp/.local/lib/python3.10/site-packages/airflow/example_dags/example_short_circuit_decorator.py took 0.047 seconds
[2024-09-12T02:07:54.935-0300] {processor.py:186} INFO - Started process (PID=16751) to work on /home/gabzarp/.local/lib/python3.10/site-packages/airflow/example_dags/example_short_circuit_decorator.py
[2024-09-12T02:07:54.936-0300] {processor.py:914} INFO - Processing file /home/gabzarp/.local/lib/python3.10/site-packages/airflow/example_dags/example_short_circuit_decorator.py for tasks to queue
[2024-09-12T02:07:54.936-0300] {logging_mixin.py:190} INFO - [2024-09-12T02:07:54.936-0300] {dagbag.py:587} INFO - Filling up the DagBag from /home/gabzarp/.local/lib/python3.10/site-packages/airflow/example_dags/example_short_circuit_decorator.py
[2024-09-12T02:07:54.943-0300] {processor.py:925} INFO - DAG(s) 'example_short_circuit_decorator' retrieved from /home/gabzarp/.local/lib/python3.10/site-packages/airflow/example_dags/example_short_circuit_decorator.py
[2024-09-12T02:07:54.955-0300] {logging_mixin.py:190} INFO - [2024-09-12T02:07:54.955-0300] {dag.py:3229} INFO - Sync 1 DAGs
[2024-09-12T02:07:54.963-0300] {logging_mixin.py:190} INFO - [2024-09-12T02:07:54.963-0300] {dag.py:4156} INFO - Setting next_dagrun for example_short_circuit_decorator to None, run_after=None
[2024-09-12T02:07:54.978-0300] {processor.py:208} INFO - Processing /home/gabzarp/.local/lib/python3.10/site-packages/airflow/example_dags/example_short_circuit_decorator.py took 0.047 seconds
[2024-09-12T02:08:47.447-0300] {processor.py:186} INFO - Started process (PID=17168) to work on /home/gabzarp/.local/lib/python3.10/site-packages/airflow/example_dags/example_short_circuit_decorator.py
[2024-09-12T02:08:47.448-0300] {processor.py:914} INFO - Processing file /home/gabzarp/.local/lib/python3.10/site-packages/airflow/example_dags/example_short_circuit_decorator.py for tasks to queue
[2024-09-12T02:08:47.449-0300] {logging_mixin.py:190} INFO - [2024-09-12T02:08:47.449-0300] {dagbag.py:587} INFO - Filling up the DagBag from /home/gabzarp/.local/lib/python3.10/site-packages/airflow/example_dags/example_short_circuit_decorator.py
[2024-09-12T02:08:47.456-0300] {processor.py:925} INFO - DAG(s) 'example_short_circuit_decorator' retrieved from /home/gabzarp/.local/lib/python3.10/site-packages/airflow/example_dags/example_short_circuit_decorator.py
[2024-09-12T02:08:47.469-0300] {logging_mixin.py:190} INFO - [2024-09-12T02:08:47.469-0300] {dag.py:3229} INFO - Sync 1 DAGs
[2024-09-12T02:08:47.479-0300] {logging_mixin.py:190} INFO - [2024-09-12T02:08:47.478-0300] {dag.py:4156} INFO - Setting next_dagrun for example_short_circuit_decorator to None, run_after=None
[2024-09-12T02:08:47.494-0300] {processor.py:208} INFO - Processing /home/gabzarp/.local/lib/python3.10/site-packages/airflow/example_dags/example_short_circuit_decorator.py took 0.052 seconds
[2024-09-12T02:09:38.289-0300] {processor.py:186} INFO - Started process (PID=17676) to work on /home/gabzarp/.local/lib/python3.10/site-packages/airflow/example_dags/example_short_circuit_decorator.py
[2024-09-12T02:09:38.290-0300] {processor.py:914} INFO - Processing file /home/gabzarp/.local/lib/python3.10/site-packages/airflow/example_dags/example_short_circuit_decorator.py for tasks to queue
[2024-09-12T02:09:38.291-0300] {logging_mixin.py:190} INFO - [2024-09-12T02:09:38.290-0300] {dagbag.py:587} INFO - Filling up the DagBag from /home/gabzarp/.local/lib/python3.10/site-packages/airflow/example_dags/example_short_circuit_decorator.py
[2024-09-12T02:09:38.297-0300] {processor.py:925} INFO - DAG(s) 'example_short_circuit_decorator' retrieved from /home/gabzarp/.local/lib/python3.10/site-packages/airflow/example_dags/example_short_circuit_decorator.py
[2024-09-12T02:09:38.309-0300] {logging_mixin.py:190} INFO - [2024-09-12T02:09:38.308-0300] {dag.py:3229} INFO - Sync 1 DAGs
[2024-09-12T02:09:38.317-0300] {logging_mixin.py:190} INFO - [2024-09-12T02:09:38.317-0300] {dag.py:4156} INFO - Setting next_dagrun for example_short_circuit_decorator to None, run_after=None
[2024-09-12T02:09:38.332-0300] {processor.py:208} INFO - Processing /home/gabzarp/.local/lib/python3.10/site-packages/airflow/example_dags/example_short_circuit_decorator.py took 0.047 seconds
