[2024-09-12T01:40:02.299-0300] {processor.py:186} INFO - Started process (PID=2736) to work on /home/gabzarp/.local/lib/python3.10/site-packages/airflow/example_dags/example_python_decorator.py
[2024-09-12T01:40:02.299-0300] {processor.py:914} INFO - Processing file /home/gabzarp/.local/lib/python3.10/site-packages/airflow/example_dags/example_python_decorator.py for tasks to queue
[2024-09-12T01:40:02.300-0300] {logging_mixin.py:190} INFO - [2024-09-12T01:40:02.300-0300] {dagbag.py:587} INFO - Filling up the DagBag from /home/gabzarp/.local/lib/python3.10/site-packages/airflow/example_dags/example_python_decorator.py
[2024-09-12T01:40:02.326-0300] {logging_mixin.py:190} INFO - [2024-09-12T01:40:02.326-0300] {example_python_decorator.py:80} WARNING - The virtalenv_python example task requires virtualenv, please install it.
[2024-09-12T01:40:02.327-0300] {processor.py:925} INFO - DAG(s) 'example_python_decorator' retrieved from /home/gabzarp/.local/lib/python3.10/site-packages/airflow/example_dags/example_python_decorator.py
[2024-09-12T01:40:02.393-0300] {logging_mixin.py:190} INFO - [2024-09-12T01:40:02.392-0300] {override.py:1900} INFO - Created Permission View: can edit on DAG:example_python_decorator
[2024-09-12T01:40:02.402-0300] {logging_mixin.py:190} INFO - [2024-09-12T01:40:02.402-0300] {override.py:1900} INFO - Created Permission View: can read on DAG:example_python_decorator
[2024-09-12T01:40:02.409-0300] {logging_mixin.py:190} INFO - [2024-09-12T01:40:02.409-0300] {override.py:1900} INFO - Created Permission View: can delete on DAG:example_python_decorator
[2024-09-12T01:40:02.420-0300] {logging_mixin.py:190} INFO - [2024-09-12T01:40:02.420-0300] {override.py:1900} INFO - Created Permission View: can read on DAG Run:example_python_decorator
[2024-09-12T01:40:02.428-0300] {logging_mixin.py:190} INFO - [2024-09-12T01:40:02.427-0300] {override.py:1900} INFO - Created Permission View: can create on DAG Run:example_python_decorator
[2024-09-12T01:40:02.434-0300] {logging_mixin.py:190} INFO - [2024-09-12T01:40:02.434-0300] {override.py:1900} INFO - Created Permission View: menu access on DAG Run:example_python_decorator
[2024-09-12T01:40:02.441-0300] {logging_mixin.py:190} INFO - [2024-09-12T01:40:02.441-0300] {override.py:1900} INFO - Created Permission View: can delete on DAG Run:example_python_decorator
[2024-09-12T01:40:02.441-0300] {logging_mixin.py:190} INFO - [2024-09-12T01:40:02.441-0300] {dag.py:3229} INFO - Sync 1 DAGs
[2024-09-12T01:40:02.449-0300] {logging_mixin.py:190} INFO - [2024-09-12T01:40:02.449-0300] {dag.py:3252} INFO - Creating ORM DAG for example_python_decorator
[2024-09-12T01:40:02.449-0300] {logging_mixin.py:190} INFO - [2024-09-12T01:40:02.449-0300] {dag.py:4156} INFO - Setting next_dagrun for example_python_decorator to None, run_after=None
[2024-09-12T01:40:02.463-0300] {processor.py:208} INFO - Processing /home/gabzarp/.local/lib/python3.10/site-packages/airflow/example_dags/example_python_decorator.py took 0.168 seconds
[2024-09-12T01:40:57.452-0300] {processor.py:186} INFO - Started process (PID=3014) to work on /home/gabzarp/.local/lib/python3.10/site-packages/airflow/example_dags/example_python_decorator.py
[2024-09-12T01:40:57.453-0300] {processor.py:914} INFO - Processing file /home/gabzarp/.local/lib/python3.10/site-packages/airflow/example_dags/example_python_decorator.py for tasks to queue
[2024-09-12T01:40:57.454-0300] {logging_mixin.py:190} INFO - [2024-09-12T01:40:57.454-0300] {dagbag.py:587} INFO - Filling up the DagBag from /home/gabzarp/.local/lib/python3.10/site-packages/airflow/example_dags/example_python_decorator.py
[2024-09-12T01:40:57.483-0300] {logging_mixin.py:190} INFO - [2024-09-12T01:40:57.482-0300] {example_python_decorator.py:80} WARNING - The virtalenv_python example task requires virtualenv, please install it.
[2024-09-12T01:40:57.484-0300] {processor.py:925} INFO - DAG(s) 'example_python_decorator' retrieved from /home/gabzarp/.local/lib/python3.10/site-packages/airflow/example_dags/example_python_decorator.py
[2024-09-12T01:40:57.498-0300] {logging_mixin.py:190} INFO - [2024-09-12T01:40:57.497-0300] {dag.py:3229} INFO - Sync 1 DAGs
[2024-09-12T01:40:57.506-0300] {logging_mixin.py:190} INFO - [2024-09-12T01:40:57.506-0300] {dag.py:4156} INFO - Setting next_dagrun for example_python_decorator to None, run_after=None
[2024-09-12T01:40:57.521-0300] {processor.py:208} INFO - Processing /home/gabzarp/.local/lib/python3.10/site-packages/airflow/example_dags/example_python_decorator.py took 0.074 seconds
[2024-09-12T01:41:51.429-0300] {processor.py:186} INFO - Started process (PID=3366) to work on /home/gabzarp/.local/lib/python3.10/site-packages/airflow/example_dags/example_python_decorator.py
[2024-09-12T01:41:51.430-0300] {processor.py:914} INFO - Processing file /home/gabzarp/.local/lib/python3.10/site-packages/airflow/example_dags/example_python_decorator.py for tasks to queue
[2024-09-12T01:41:51.432-0300] {logging_mixin.py:190} INFO - [2024-09-12T01:41:51.432-0300] {dagbag.py:587} INFO - Filling up the DagBag from /home/gabzarp/.local/lib/python3.10/site-packages/airflow/example_dags/example_python_decorator.py
[2024-09-12T01:41:51.457-0300] {logging_mixin.py:190} INFO - [2024-09-12T01:41:51.456-0300] {example_python_decorator.py:80} WARNING - The virtalenv_python example task requires virtualenv, please install it.
[2024-09-12T01:41:51.458-0300] {processor.py:925} INFO - DAG(s) 'example_python_decorator' retrieved from /home/gabzarp/.local/lib/python3.10/site-packages/airflow/example_dags/example_python_decorator.py
[2024-09-12T01:41:51.470-0300] {logging_mixin.py:190} INFO - [2024-09-12T01:41:51.470-0300] {dag.py:3229} INFO - Sync 1 DAGs
[2024-09-12T01:41:51.477-0300] {logging_mixin.py:190} INFO - [2024-09-12T01:41:51.477-0300] {dag.py:4156} INFO - Setting next_dagrun for example_python_decorator to None, run_after=None
[2024-09-12T01:41:51.493-0300] {processor.py:208} INFO - Processing /home/gabzarp/.local/lib/python3.10/site-packages/airflow/example_dags/example_python_decorator.py took 0.067 seconds
[2024-09-12T01:42:44.080-0300] {processor.py:186} INFO - Started process (PID=3632) to work on /home/gabzarp/.local/lib/python3.10/site-packages/airflow/example_dags/example_python_decorator.py
[2024-09-12T01:42:44.082-0300] {processor.py:914} INFO - Processing file /home/gabzarp/.local/lib/python3.10/site-packages/airflow/example_dags/example_python_decorator.py for tasks to queue
[2024-09-12T01:42:44.084-0300] {logging_mixin.py:190} INFO - [2024-09-12T01:42:44.083-0300] {dagbag.py:587} INFO - Filling up the DagBag from /home/gabzarp/.local/lib/python3.10/site-packages/airflow/example_dags/example_python_decorator.py
[2024-09-12T01:42:44.111-0300] {logging_mixin.py:190} INFO - [2024-09-12T01:42:44.111-0300] {example_python_decorator.py:80} WARNING - The virtalenv_python example task requires virtualenv, please install it.
[2024-09-12T01:42:44.113-0300] {processor.py:925} INFO - DAG(s) 'example_python_decorator' retrieved from /home/gabzarp/.local/lib/python3.10/site-packages/airflow/example_dags/example_python_decorator.py
[2024-09-12T01:42:44.124-0300] {logging_mixin.py:190} INFO - [2024-09-12T01:42:44.124-0300] {dag.py:3229} INFO - Sync 1 DAGs
[2024-09-12T01:42:44.135-0300] {logging_mixin.py:190} INFO - [2024-09-12T01:42:44.135-0300] {dag.py:4156} INFO - Setting next_dagrun for example_python_decorator to None, run_after=None
[2024-09-12T01:42:44.215-0300] {processor.py:208} INFO - Processing /home/gabzarp/.local/lib/python3.10/site-packages/airflow/example_dags/example_python_decorator.py took 0.139 seconds
[2024-09-12T01:44:15.408-0300] {processor.py:186} INFO - Started process (PID=4513) to work on /home/gabzarp/.local/lib/python3.10/site-packages/airflow/example_dags/example_python_decorator.py
[2024-09-12T01:44:15.409-0300] {processor.py:914} INFO - Processing file /home/gabzarp/.local/lib/python3.10/site-packages/airflow/example_dags/example_python_decorator.py for tasks to queue
[2024-09-12T01:44:15.411-0300] {logging_mixin.py:190} INFO - [2024-09-12T01:44:15.410-0300] {dagbag.py:587} INFO - Filling up the DagBag from /home/gabzarp/.local/lib/python3.10/site-packages/airflow/example_dags/example_python_decorator.py
[2024-09-12T01:44:15.435-0300] {logging_mixin.py:190} INFO - [2024-09-12T01:44:15.435-0300] {example_python_decorator.py:80} WARNING - The virtalenv_python example task requires virtualenv, please install it.
[2024-09-12T01:44:15.437-0300] {processor.py:925} INFO - DAG(s) 'example_python_decorator' retrieved from /home/gabzarp/.local/lib/python3.10/site-packages/airflow/example_dags/example_python_decorator.py
[2024-09-12T01:44:15.452-0300] {logging_mixin.py:190} INFO - [2024-09-12T01:44:15.451-0300] {dag.py:3229} INFO - Sync 1 DAGs
[2024-09-12T01:44:15.461-0300] {logging_mixin.py:190} INFO - [2024-09-12T01:44:15.461-0300] {dag.py:4156} INFO - Setting next_dagrun for example_python_decorator to None, run_after=None
[2024-09-12T01:44:15.575-0300] {processor.py:208} INFO - Processing /home/gabzarp/.local/lib/python3.10/site-packages/airflow/example_dags/example_python_decorator.py took 0.170 seconds
[2024-09-12T01:45:43.289-0300] {processor.py:186} INFO - Started process (PID=5379) to work on /home/gabzarp/.local/lib/python3.10/site-packages/airflow/example_dags/example_python_decorator.py
[2024-09-12T01:45:43.290-0300] {processor.py:914} INFO - Processing file /home/gabzarp/.local/lib/python3.10/site-packages/airflow/example_dags/example_python_decorator.py for tasks to queue
[2024-09-12T01:45:43.291-0300] {logging_mixin.py:190} INFO - [2024-09-12T01:45:43.291-0300] {dagbag.py:587} INFO - Filling up the DagBag from /home/gabzarp/.local/lib/python3.10/site-packages/airflow/example_dags/example_python_decorator.py
[2024-09-12T01:45:43.311-0300] {logging_mixin.py:190} INFO - [2024-09-12T01:45:43.310-0300] {example_python_decorator.py:80} WARNING - The virtalenv_python example task requires virtualenv, please install it.
[2024-09-12T01:45:43.312-0300] {processor.py:925} INFO - DAG(s) 'example_python_decorator' retrieved from /home/gabzarp/.local/lib/python3.10/site-packages/airflow/example_dags/example_python_decorator.py
[2024-09-12T01:45:43.323-0300] {logging_mixin.py:190} INFO - [2024-09-12T01:45:43.323-0300] {dag.py:3229} INFO - Sync 1 DAGs
[2024-09-12T01:45:43.331-0300] {logging_mixin.py:190} INFO - [2024-09-12T01:45:43.331-0300] {dag.py:4156} INFO - Setting next_dagrun for example_python_decorator to None, run_after=None
[2024-09-12T01:45:43.346-0300] {processor.py:208} INFO - Processing /home/gabzarp/.local/lib/python3.10/site-packages/airflow/example_dags/example_python_decorator.py took 0.061 seconds
[2024-09-12T01:46:55.381-0300] {processor.py:186} INFO - Started process (PID=5958) to work on /home/gabzarp/.local/lib/python3.10/site-packages/airflow/example_dags/example_python_decorator.py
[2024-09-12T01:46:55.382-0300] {processor.py:914} INFO - Processing file /home/gabzarp/.local/lib/python3.10/site-packages/airflow/example_dags/example_python_decorator.py for tasks to queue
[2024-09-12T01:46:55.383-0300] {logging_mixin.py:190} INFO - [2024-09-12T01:46:55.383-0300] {dagbag.py:587} INFO - Filling up the DagBag from /home/gabzarp/.local/lib/python3.10/site-packages/airflow/example_dags/example_python_decorator.py
[2024-09-12T01:46:55.402-0300] {logging_mixin.py:190} INFO - [2024-09-12T01:46:55.402-0300] {example_python_decorator.py:80} WARNING - The virtalenv_python example task requires virtualenv, please install it.
[2024-09-12T01:46:55.403-0300] {processor.py:925} INFO - DAG(s) 'example_python_decorator' retrieved from /home/gabzarp/.local/lib/python3.10/site-packages/airflow/example_dags/example_python_decorator.py
[2024-09-12T01:46:55.414-0300] {logging_mixin.py:190} INFO - [2024-09-12T01:46:55.414-0300] {dag.py:3229} INFO - Sync 1 DAGs
[2024-09-12T01:46:55.422-0300] {logging_mixin.py:190} INFO - [2024-09-12T01:46:55.422-0300] {dag.py:4156} INFO - Setting next_dagrun for example_python_decorator to None, run_after=None
[2024-09-12T01:46:55.436-0300] {processor.py:208} INFO - Processing /home/gabzarp/.local/lib/python3.10/site-packages/airflow/example_dags/example_python_decorator.py took 0.059 seconds
[2024-09-12T01:48:06.317-0300] {processor.py:186} INFO - Started process (PID=6526) to work on /home/gabzarp/.local/lib/python3.10/site-packages/airflow/example_dags/example_python_decorator.py
[2024-09-12T01:48:06.318-0300] {processor.py:914} INFO - Processing file /home/gabzarp/.local/lib/python3.10/site-packages/airflow/example_dags/example_python_decorator.py for tasks to queue
[2024-09-12T01:48:06.320-0300] {logging_mixin.py:190} INFO - [2024-09-12T01:48:06.320-0300] {dagbag.py:587} INFO - Filling up the DagBag from /home/gabzarp/.local/lib/python3.10/site-packages/airflow/example_dags/example_python_decorator.py
[2024-09-12T01:48:06.338-0300] {logging_mixin.py:190} INFO - [2024-09-12T01:48:06.338-0300] {example_python_decorator.py:80} WARNING - The virtalenv_python example task requires virtualenv, please install it.
[2024-09-12T01:48:06.340-0300] {processor.py:925} INFO - DAG(s) 'example_python_decorator' retrieved from /home/gabzarp/.local/lib/python3.10/site-packages/airflow/example_dags/example_python_decorator.py
[2024-09-12T01:48:06.350-0300] {logging_mixin.py:190} INFO - [2024-09-12T01:48:06.350-0300] {dag.py:3229} INFO - Sync 1 DAGs
[2024-09-12T01:48:06.358-0300] {logging_mixin.py:190} INFO - [2024-09-12T01:48:06.358-0300] {dag.py:4156} INFO - Setting next_dagrun for example_python_decorator to None, run_after=None
[2024-09-12T01:48:06.372-0300] {processor.py:208} INFO - Processing /home/gabzarp/.local/lib/python3.10/site-packages/airflow/example_dags/example_python_decorator.py took 0.058 seconds
[2024-09-12T01:48:57.993-0300] {processor.py:186} INFO - Started process (PID=7073) to work on /home/gabzarp/.local/lib/python3.10/site-packages/airflow/example_dags/example_python_decorator.py
[2024-09-12T01:48:57.994-0300] {processor.py:914} INFO - Processing file /home/gabzarp/.local/lib/python3.10/site-packages/airflow/example_dags/example_python_decorator.py for tasks to queue
[2024-09-12T01:48:57.995-0300] {logging_mixin.py:190} INFO - [2024-09-12T01:48:57.995-0300] {dagbag.py:587} INFO - Filling up the DagBag from /home/gabzarp/.local/lib/python3.10/site-packages/airflow/example_dags/example_python_decorator.py
[2024-09-12T01:48:58.014-0300] {logging_mixin.py:190} INFO - [2024-09-12T01:48:58.014-0300] {example_python_decorator.py:80} WARNING - The virtalenv_python example task requires virtualenv, please install it.
[2024-09-12T01:48:58.015-0300] {processor.py:925} INFO - DAG(s) 'example_python_decorator' retrieved from /home/gabzarp/.local/lib/python3.10/site-packages/airflow/example_dags/example_python_decorator.py
[2024-09-12T01:48:58.026-0300] {logging_mixin.py:190} INFO - [2024-09-12T01:48:58.026-0300] {dag.py:3229} INFO - Sync 1 DAGs
[2024-09-12T01:48:58.034-0300] {logging_mixin.py:190} INFO - [2024-09-12T01:48:58.034-0300] {dag.py:4156} INFO - Setting next_dagrun for example_python_decorator to None, run_after=None
[2024-09-12T01:48:58.049-0300] {processor.py:208} INFO - Processing /home/gabzarp/.local/lib/python3.10/site-packages/airflow/example_dags/example_python_decorator.py took 0.059 seconds
[2024-09-12T01:50:13.242-0300] {processor.py:186} INFO - Started process (PID=7749) to work on /home/gabzarp/.local/lib/python3.10/site-packages/airflow/example_dags/example_python_decorator.py
[2024-09-12T01:50:13.243-0300] {processor.py:914} INFO - Processing file /home/gabzarp/.local/lib/python3.10/site-packages/airflow/example_dags/example_python_decorator.py for tasks to queue
[2024-09-12T01:50:13.244-0300] {logging_mixin.py:190} INFO - [2024-09-12T01:50:13.244-0300] {dagbag.py:587} INFO - Filling up the DagBag from /home/gabzarp/.local/lib/python3.10/site-packages/airflow/example_dags/example_python_decorator.py
[2024-09-12T01:50:13.262-0300] {logging_mixin.py:190} INFO - [2024-09-12T01:50:13.262-0300] {example_python_decorator.py:80} WARNING - The virtalenv_python example task requires virtualenv, please install it.
[2024-09-12T01:50:13.264-0300] {processor.py:925} INFO - DAG(s) 'example_python_decorator' retrieved from /home/gabzarp/.local/lib/python3.10/site-packages/airflow/example_dags/example_python_decorator.py
[2024-09-12T01:50:13.275-0300] {logging_mixin.py:190} INFO - [2024-09-12T01:50:13.274-0300] {dag.py:3229} INFO - Sync 1 DAGs
[2024-09-12T01:50:13.283-0300] {logging_mixin.py:190} INFO - [2024-09-12T01:50:13.283-0300] {dag.py:4156} INFO - Setting next_dagrun for example_python_decorator to None, run_after=None
[2024-09-12T01:50:13.298-0300] {processor.py:208} INFO - Processing /home/gabzarp/.local/lib/python3.10/site-packages/airflow/example_dags/example_python_decorator.py took 0.059 seconds
[2024-09-12T01:51:26.365-0300] {processor.py:186} INFO - Started process (PID=8371) to work on /home/gabzarp/.local/lib/python3.10/site-packages/airflow/example_dags/example_python_decorator.py
[2024-09-12T01:51:26.366-0300] {processor.py:914} INFO - Processing file /home/gabzarp/.local/lib/python3.10/site-packages/airflow/example_dags/example_python_decorator.py for tasks to queue
[2024-09-12T01:51:26.367-0300] {logging_mixin.py:190} INFO - [2024-09-12T01:51:26.367-0300] {dagbag.py:587} INFO - Filling up the DagBag from /home/gabzarp/.local/lib/python3.10/site-packages/airflow/example_dags/example_python_decorator.py
[2024-09-12T01:51:26.382-0300] {logging_mixin.py:190} INFO - [2024-09-12T01:51:26.382-0300] {example_python_decorator.py:80} WARNING - The virtalenv_python example task requires virtualenv, please install it.
[2024-09-12T01:51:26.384-0300] {processor.py:925} INFO - DAG(s) 'example_python_decorator' retrieved from /home/gabzarp/.local/lib/python3.10/site-packages/airflow/example_dags/example_python_decorator.py
[2024-09-12T01:51:26.394-0300] {logging_mixin.py:190} INFO - [2024-09-12T01:51:26.394-0300] {dag.py:3229} INFO - Sync 1 DAGs
[2024-09-12T01:51:26.402-0300] {logging_mixin.py:190} INFO - [2024-09-12T01:51:26.402-0300] {dag.py:4156} INFO - Setting next_dagrun for example_python_decorator to None, run_after=None
[2024-09-12T01:51:26.416-0300] {processor.py:208} INFO - Processing /home/gabzarp/.local/lib/python3.10/site-packages/airflow/example_dags/example_python_decorator.py took 0.054 seconds
[2024-09-12T01:52:41.281-0300] {processor.py:186} INFO - Started process (PID=9155) to work on /home/gabzarp/.local/lib/python3.10/site-packages/airflow/example_dags/example_python_decorator.py
[2024-09-12T01:52:41.282-0300] {processor.py:914} INFO - Processing file /home/gabzarp/.local/lib/python3.10/site-packages/airflow/example_dags/example_python_decorator.py for tasks to queue
[2024-09-12T01:52:41.282-0300] {logging_mixin.py:190} INFO - [2024-09-12T01:52:41.282-0300] {dagbag.py:587} INFO - Filling up the DagBag from /home/gabzarp/.local/lib/python3.10/site-packages/airflow/example_dags/example_python_decorator.py
[2024-09-12T01:52:41.301-0300] {logging_mixin.py:190} INFO - [2024-09-12T01:52:41.301-0300] {example_python_decorator.py:80} WARNING - The virtalenv_python example task requires virtualenv, please install it.
[2024-09-12T01:52:41.303-0300] {processor.py:925} INFO - DAG(s) 'example_python_decorator' retrieved from /home/gabzarp/.local/lib/python3.10/site-packages/airflow/example_dags/example_python_decorator.py
[2024-09-12T01:52:41.313-0300] {logging_mixin.py:190} INFO - [2024-09-12T01:52:41.313-0300] {dag.py:3229} INFO - Sync 1 DAGs
[2024-09-12T01:52:41.322-0300] {logging_mixin.py:190} INFO - [2024-09-12T01:52:41.322-0300] {dag.py:4156} INFO - Setting next_dagrun for example_python_decorator to None, run_after=None
[2024-09-12T01:52:41.336-0300] {processor.py:208} INFO - Processing /home/gabzarp/.local/lib/python3.10/site-packages/airflow/example_dags/example_python_decorator.py took 0.058 seconds
[2024-09-12T01:53:32.629-0300] {processor.py:186} INFO - Started process (PID=9635) to work on /home/gabzarp/.local/lib/python3.10/site-packages/airflow/example_dags/example_python_decorator.py
[2024-09-12T01:53:32.630-0300] {processor.py:914} INFO - Processing file /home/gabzarp/.local/lib/python3.10/site-packages/airflow/example_dags/example_python_decorator.py for tasks to queue
[2024-09-12T01:53:32.630-0300] {logging_mixin.py:190} INFO - [2024-09-12T01:53:32.630-0300] {dagbag.py:587} INFO - Filling up the DagBag from /home/gabzarp/.local/lib/python3.10/site-packages/airflow/example_dags/example_python_decorator.py
[2024-09-12T01:53:32.650-0300] {logging_mixin.py:190} INFO - [2024-09-12T01:53:32.650-0300] {example_python_decorator.py:80} WARNING - The virtalenv_python example task requires virtualenv, please install it.
[2024-09-12T01:53:32.652-0300] {processor.py:925} INFO - DAG(s) 'example_python_decorator' retrieved from /home/gabzarp/.local/lib/python3.10/site-packages/airflow/example_dags/example_python_decorator.py
[2024-09-12T01:53:32.663-0300] {logging_mixin.py:190} INFO - [2024-09-12T01:53:32.663-0300] {dag.py:3229} INFO - Sync 1 DAGs
[2024-09-12T01:53:32.671-0300] {logging_mixin.py:190} INFO - [2024-09-12T01:53:32.671-0300] {dag.py:4156} INFO - Setting next_dagrun for example_python_decorator to None, run_after=None
[2024-09-12T01:53:32.686-0300] {processor.py:208} INFO - Processing /home/gabzarp/.local/lib/python3.10/site-packages/airflow/example_dags/example_python_decorator.py took 0.061 seconds
[2024-09-12T01:54:25.447-0300] {processor.py:186} INFO - Started process (PID=10085) to work on /home/gabzarp/.local/lib/python3.10/site-packages/airflow/example_dags/example_python_decorator.py
[2024-09-12T01:54:25.448-0300] {processor.py:914} INFO - Processing file /home/gabzarp/.local/lib/python3.10/site-packages/airflow/example_dags/example_python_decorator.py for tasks to queue
[2024-09-12T01:54:25.449-0300] {logging_mixin.py:190} INFO - [2024-09-12T01:54:25.449-0300] {dagbag.py:587} INFO - Filling up the DagBag from /home/gabzarp/.local/lib/python3.10/site-packages/airflow/example_dags/example_python_decorator.py
[2024-09-12T01:54:25.468-0300] {logging_mixin.py:190} INFO - [2024-09-12T01:54:25.468-0300] {example_python_decorator.py:80} WARNING - The virtalenv_python example task requires virtualenv, please install it.
[2024-09-12T01:54:25.469-0300] {processor.py:925} INFO - DAG(s) 'example_python_decorator' retrieved from /home/gabzarp/.local/lib/python3.10/site-packages/airflow/example_dags/example_python_decorator.py
[2024-09-12T01:54:25.480-0300] {logging_mixin.py:190} INFO - [2024-09-12T01:54:25.480-0300] {dag.py:3229} INFO - Sync 1 DAGs
[2024-09-12T01:54:25.487-0300] {logging_mixin.py:190} INFO - [2024-09-12T01:54:25.487-0300] {dag.py:4156} INFO - Setting next_dagrun for example_python_decorator to None, run_after=None
[2024-09-12T01:54:25.502-0300] {processor.py:208} INFO - Processing /home/gabzarp/.local/lib/python3.10/site-packages/airflow/example_dags/example_python_decorator.py took 0.058 seconds
[2024-09-12T01:55:17.754-0300] {processor.py:186} INFO - Started process (PID=10496) to work on /home/gabzarp/.local/lib/python3.10/site-packages/airflow/example_dags/example_python_decorator.py
[2024-09-12T01:55:17.755-0300] {processor.py:914} INFO - Processing file /home/gabzarp/.local/lib/python3.10/site-packages/airflow/example_dags/example_python_decorator.py for tasks to queue
[2024-09-12T01:55:17.757-0300] {logging_mixin.py:190} INFO - [2024-09-12T01:55:17.756-0300] {dagbag.py:587} INFO - Filling up the DagBag from /home/gabzarp/.local/lib/python3.10/site-packages/airflow/example_dags/example_python_decorator.py
[2024-09-12T01:55:17.778-0300] {logging_mixin.py:190} INFO - [2024-09-12T01:55:17.778-0300] {example_python_decorator.py:80} WARNING - The virtalenv_python example task requires virtualenv, please install it.
[2024-09-12T01:55:17.780-0300] {processor.py:925} INFO - DAG(s) 'example_python_decorator' retrieved from /home/gabzarp/.local/lib/python3.10/site-packages/airflow/example_dags/example_python_decorator.py
[2024-09-12T01:55:17.791-0300] {logging_mixin.py:190} INFO - [2024-09-12T01:55:17.791-0300] {dag.py:3229} INFO - Sync 1 DAGs
[2024-09-12T01:55:17.799-0300] {logging_mixin.py:190} INFO - [2024-09-12T01:55:17.799-0300] {dag.py:4156} INFO - Setting next_dagrun for example_python_decorator to None, run_after=None
[2024-09-12T01:55:17.814-0300] {processor.py:208} INFO - Processing /home/gabzarp/.local/lib/python3.10/site-packages/airflow/example_dags/example_python_decorator.py took 0.063 seconds
[2024-09-12T01:56:12.136-0300] {processor.py:186} INFO - Started process (PID=10953) to work on /home/gabzarp/.local/lib/python3.10/site-packages/airflow/example_dags/example_python_decorator.py
[2024-09-12T01:56:12.137-0300] {processor.py:914} INFO - Processing file /home/gabzarp/.local/lib/python3.10/site-packages/airflow/example_dags/example_python_decorator.py for tasks to queue
[2024-09-12T01:56:12.138-0300] {logging_mixin.py:190} INFO - [2024-09-12T01:56:12.138-0300] {dagbag.py:587} INFO - Filling up the DagBag from /home/gabzarp/.local/lib/python3.10/site-packages/airflow/example_dags/example_python_decorator.py
[2024-09-12T01:56:12.153-0300] {logging_mixin.py:190} INFO - [2024-09-12T01:56:12.152-0300] {example_python_decorator.py:80} WARNING - The virtalenv_python example task requires virtualenv, please install it.
[2024-09-12T01:56:12.154-0300] {processor.py:925} INFO - DAG(s) 'example_python_decorator' retrieved from /home/gabzarp/.local/lib/python3.10/site-packages/airflow/example_dags/example_python_decorator.py
[2024-09-12T01:56:12.165-0300] {logging_mixin.py:190} INFO - [2024-09-12T01:56:12.164-0300] {dag.py:3229} INFO - Sync 1 DAGs
[2024-09-12T01:56:12.172-0300] {logging_mixin.py:190} INFO - [2024-09-12T01:56:12.172-0300] {dag.py:4156} INFO - Setting next_dagrun for example_python_decorator to None, run_after=None
[2024-09-12T01:56:12.187-0300] {processor.py:208} INFO - Processing /home/gabzarp/.local/lib/python3.10/site-packages/airflow/example_dags/example_python_decorator.py took 0.054 seconds
[2024-09-12T01:57:06.103-0300] {processor.py:186} INFO - Started process (PID=11428) to work on /home/gabzarp/.local/lib/python3.10/site-packages/airflow/example_dags/example_python_decorator.py
[2024-09-12T01:57:06.104-0300] {processor.py:914} INFO - Processing file /home/gabzarp/.local/lib/python3.10/site-packages/airflow/example_dags/example_python_decorator.py for tasks to queue
[2024-09-12T01:57:06.105-0300] {logging_mixin.py:190} INFO - [2024-09-12T01:57:06.105-0300] {dagbag.py:587} INFO - Filling up the DagBag from /home/gabzarp/.local/lib/python3.10/site-packages/airflow/example_dags/example_python_decorator.py
[2024-09-12T01:57:06.123-0300] {logging_mixin.py:190} INFO - [2024-09-12T01:57:06.123-0300] {example_python_decorator.py:80} WARNING - The virtalenv_python example task requires virtualenv, please install it.
[2024-09-12T01:57:06.124-0300] {processor.py:925} INFO - DAG(s) 'example_python_decorator' retrieved from /home/gabzarp/.local/lib/python3.10/site-packages/airflow/example_dags/example_python_decorator.py
[2024-09-12T01:57:06.135-0300] {logging_mixin.py:190} INFO - [2024-09-12T01:57:06.135-0300] {dag.py:3229} INFO - Sync 1 DAGs
[2024-09-12T01:57:06.143-0300] {logging_mixin.py:190} INFO - [2024-09-12T01:57:06.143-0300] {dag.py:4156} INFO - Setting next_dagrun for example_python_decorator to None, run_after=None
[2024-09-12T01:57:06.157-0300] {processor.py:208} INFO - Processing /home/gabzarp/.local/lib/python3.10/site-packages/airflow/example_dags/example_python_decorator.py took 0.057 seconds
[2024-09-12T01:57:59.925-0300] {processor.py:186} INFO - Started process (PID=11850) to work on /home/gabzarp/.local/lib/python3.10/site-packages/airflow/example_dags/example_python_decorator.py
[2024-09-12T01:57:59.926-0300] {processor.py:914} INFO - Processing file /home/gabzarp/.local/lib/python3.10/site-packages/airflow/example_dags/example_python_decorator.py for tasks to queue
[2024-09-12T01:57:59.927-0300] {logging_mixin.py:190} INFO - [2024-09-12T01:57:59.927-0300] {dagbag.py:587} INFO - Filling up the DagBag from /home/gabzarp/.local/lib/python3.10/site-packages/airflow/example_dags/example_python_decorator.py
[2024-09-12T01:57:59.947-0300] {logging_mixin.py:190} INFO - [2024-09-12T01:57:59.947-0300] {example_python_decorator.py:80} WARNING - The virtalenv_python example task requires virtualenv, please install it.
[2024-09-12T01:57:59.949-0300] {processor.py:925} INFO - DAG(s) 'example_python_decorator' retrieved from /home/gabzarp/.local/lib/python3.10/site-packages/airflow/example_dags/example_python_decorator.py
[2024-09-12T01:57:59.960-0300] {logging_mixin.py:190} INFO - [2024-09-12T01:57:59.960-0300] {dag.py:3229} INFO - Sync 1 DAGs
[2024-09-12T01:57:59.969-0300] {logging_mixin.py:190} INFO - [2024-09-12T01:57:59.969-0300] {dag.py:4156} INFO - Setting next_dagrun for example_python_decorator to None, run_after=None
[2024-09-12T01:58:00.019-0300] {processor.py:208} INFO - Processing /home/gabzarp/.local/lib/python3.10/site-packages/airflow/example_dags/example_python_decorator.py took 0.098 seconds
[2024-09-12T01:58:52.949-0300] {processor.py:186} INFO - Started process (PID=12269) to work on /home/gabzarp/.local/lib/python3.10/site-packages/airflow/example_dags/example_python_decorator.py
[2024-09-12T01:58:52.949-0300] {processor.py:914} INFO - Processing file /home/gabzarp/.local/lib/python3.10/site-packages/airflow/example_dags/example_python_decorator.py for tasks to queue
[2024-09-12T01:58:52.950-0300] {logging_mixin.py:190} INFO - [2024-09-12T01:58:52.950-0300] {dagbag.py:587} INFO - Filling up the DagBag from /home/gabzarp/.local/lib/python3.10/site-packages/airflow/example_dags/example_python_decorator.py
[2024-09-12T01:58:52.969-0300] {logging_mixin.py:190} INFO - [2024-09-12T01:58:52.969-0300] {example_python_decorator.py:80} WARNING - The virtalenv_python example task requires virtualenv, please install it.
[2024-09-12T01:58:52.970-0300] {processor.py:925} INFO - DAG(s) 'example_python_decorator' retrieved from /home/gabzarp/.local/lib/python3.10/site-packages/airflow/example_dags/example_python_decorator.py
[2024-09-12T01:58:52.981-0300] {logging_mixin.py:190} INFO - [2024-09-12T01:58:52.981-0300] {dag.py:3229} INFO - Sync 1 DAGs
[2024-09-12T01:58:52.988-0300] {logging_mixin.py:190} INFO - [2024-09-12T01:58:52.988-0300] {dag.py:4156} INFO - Setting next_dagrun for example_python_decorator to None, run_after=None
[2024-09-12T01:58:53.005-0300] {processor.py:208} INFO - Processing /home/gabzarp/.local/lib/python3.10/site-packages/airflow/example_dags/example_python_decorator.py took 0.060 seconds
[2024-09-12T01:59:45.139-0300] {processor.py:186} INFO - Started process (PID=12681) to work on /home/gabzarp/.local/lib/python3.10/site-packages/airflow/example_dags/example_python_decorator.py
[2024-09-12T01:59:45.140-0300] {processor.py:914} INFO - Processing file /home/gabzarp/.local/lib/python3.10/site-packages/airflow/example_dags/example_python_decorator.py for tasks to queue
[2024-09-12T01:59:45.141-0300] {logging_mixin.py:190} INFO - [2024-09-12T01:59:45.141-0300] {dagbag.py:587} INFO - Filling up the DagBag from /home/gabzarp/.local/lib/python3.10/site-packages/airflow/example_dags/example_python_decorator.py
[2024-09-12T01:59:45.162-0300] {logging_mixin.py:190} INFO - [2024-09-12T01:59:45.162-0300] {example_python_decorator.py:80} WARNING - The virtalenv_python example task requires virtualenv, please install it.
[2024-09-12T01:59:45.164-0300] {processor.py:925} INFO - DAG(s) 'example_python_decorator' retrieved from /home/gabzarp/.local/lib/python3.10/site-packages/airflow/example_dags/example_python_decorator.py
[2024-09-12T01:59:45.174-0300] {logging_mixin.py:190} INFO - [2024-09-12T01:59:45.174-0300] {dag.py:3229} INFO - Sync 1 DAGs
[2024-09-12T01:59:45.183-0300] {logging_mixin.py:190} INFO - [2024-09-12T01:59:45.183-0300] {dag.py:4156} INFO - Setting next_dagrun for example_python_decorator to None, run_after=None
[2024-09-12T01:59:45.198-0300] {processor.py:208} INFO - Processing /home/gabzarp/.local/lib/python3.10/site-packages/airflow/example_dags/example_python_decorator.py took 0.063 seconds
[2024-09-12T02:00:36.825-0300] {processor.py:186} INFO - Started process (PID=13170) to work on /home/gabzarp/.local/lib/python3.10/site-packages/airflow/example_dags/example_python_decorator.py
[2024-09-12T02:00:36.826-0300] {processor.py:914} INFO - Processing file /home/gabzarp/.local/lib/python3.10/site-packages/airflow/example_dags/example_python_decorator.py for tasks to queue
[2024-09-12T02:00:36.826-0300] {logging_mixin.py:190} INFO - [2024-09-12T02:00:36.826-0300] {dagbag.py:587} INFO - Filling up the DagBag from /home/gabzarp/.local/lib/python3.10/site-packages/airflow/example_dags/example_python_decorator.py
[2024-09-12T02:00:36.846-0300] {logging_mixin.py:190} INFO - [2024-09-12T02:00:36.845-0300] {example_python_decorator.py:80} WARNING - The virtalenv_python example task requires virtualenv, please install it.
[2024-09-12T02:00:36.847-0300] {processor.py:925} INFO - DAG(s) 'example_python_decorator' retrieved from /home/gabzarp/.local/lib/python3.10/site-packages/airflow/example_dags/example_python_decorator.py
[2024-09-12T02:00:36.858-0300] {logging_mixin.py:190} INFO - [2024-09-12T02:00:36.858-0300] {dag.py:3229} INFO - Sync 1 DAGs
[2024-09-12T02:00:36.866-0300] {logging_mixin.py:190} INFO - [2024-09-12T02:00:36.865-0300] {dag.py:4156} INFO - Setting next_dagrun for example_python_decorator to None, run_after=None
[2024-09-12T02:00:36.880-0300] {processor.py:208} INFO - Processing /home/gabzarp/.local/lib/python3.10/site-packages/airflow/example_dags/example_python_decorator.py took 0.059 seconds
[2024-09-12T02:01:28.833-0300] {processor.py:186} INFO - Started process (PID=13649) to work on /home/gabzarp/.local/lib/python3.10/site-packages/airflow/example_dags/example_python_decorator.py
[2024-09-12T02:01:28.835-0300] {processor.py:914} INFO - Processing file /home/gabzarp/.local/lib/python3.10/site-packages/airflow/example_dags/example_python_decorator.py for tasks to queue
[2024-09-12T02:01:28.835-0300] {logging_mixin.py:190} INFO - [2024-09-12T02:01:28.835-0300] {dagbag.py:587} INFO - Filling up the DagBag from /home/gabzarp/.local/lib/python3.10/site-packages/airflow/example_dags/example_python_decorator.py
[2024-09-12T02:01:28.857-0300] {logging_mixin.py:190} INFO - [2024-09-12T02:01:28.857-0300] {example_python_decorator.py:80} WARNING - The virtalenv_python example task requires virtualenv, please install it.
[2024-09-12T02:01:28.859-0300] {processor.py:925} INFO - DAG(s) 'example_python_decorator' retrieved from /home/gabzarp/.local/lib/python3.10/site-packages/airflow/example_dags/example_python_decorator.py
[2024-09-12T02:01:28.872-0300] {logging_mixin.py:190} INFO - [2024-09-12T02:01:28.872-0300] {dag.py:3229} INFO - Sync 1 DAGs
[2024-09-12T02:01:28.882-0300] {logging_mixin.py:190} INFO - [2024-09-12T02:01:28.881-0300] {dag.py:4156} INFO - Setting next_dagrun for example_python_decorator to None, run_after=None
[2024-09-12T02:01:28.899-0300] {processor.py:208} INFO - Processing /home/gabzarp/.local/lib/python3.10/site-packages/airflow/example_dags/example_python_decorator.py took 0.070 seconds
[2024-09-12T02:02:39.146-0300] {processor.py:186} INFO - Started process (PID=14251) to work on /home/gabzarp/.local/lib/python3.10/site-packages/airflow/example_dags/example_python_decorator.py
[2024-09-12T02:02:39.148-0300] {processor.py:914} INFO - Processing file /home/gabzarp/.local/lib/python3.10/site-packages/airflow/example_dags/example_python_decorator.py for tasks to queue
[2024-09-12T02:02:39.149-0300] {logging_mixin.py:190} INFO - [2024-09-12T02:02:39.148-0300] {dagbag.py:587} INFO - Filling up the DagBag from /home/gabzarp/.local/lib/python3.10/site-packages/airflow/example_dags/example_python_decorator.py
[2024-09-12T02:02:39.169-0300] {logging_mixin.py:190} INFO - [2024-09-12T02:02:39.168-0300] {example_python_decorator.py:80} WARNING - The virtalenv_python example task requires virtualenv, please install it.
[2024-09-12T02:02:39.170-0300] {processor.py:925} INFO - DAG(s) 'example_python_decorator' retrieved from /home/gabzarp/.local/lib/python3.10/site-packages/airflow/example_dags/example_python_decorator.py
[2024-09-12T02:02:39.182-0300] {logging_mixin.py:190} INFO - [2024-09-12T02:02:39.182-0300] {dag.py:3229} INFO - Sync 1 DAGs
[2024-09-12T02:02:39.191-0300] {logging_mixin.py:190} INFO - [2024-09-12T02:02:39.191-0300] {dag.py:4156} INFO - Setting next_dagrun for example_python_decorator to None, run_after=None
[2024-09-12T02:02:39.205-0300] {processor.py:208} INFO - Processing /home/gabzarp/.local/lib/python3.10/site-packages/airflow/example_dags/example_python_decorator.py took 0.063 seconds
[2024-09-12T02:03:32.758-0300] {processor.py:186} INFO - Started process (PID=14679) to work on /home/gabzarp/.local/lib/python3.10/site-packages/airflow/example_dags/example_python_decorator.py
[2024-09-12T02:03:32.759-0300] {processor.py:914} INFO - Processing file /home/gabzarp/.local/lib/python3.10/site-packages/airflow/example_dags/example_python_decorator.py for tasks to queue
[2024-09-12T02:03:32.760-0300] {logging_mixin.py:190} INFO - [2024-09-12T02:03:32.760-0300] {dagbag.py:587} INFO - Filling up the DagBag from /home/gabzarp/.local/lib/python3.10/site-packages/airflow/example_dags/example_python_decorator.py
[2024-09-12T02:03:32.780-0300] {logging_mixin.py:190} INFO - [2024-09-12T02:03:32.780-0300] {example_python_decorator.py:80} WARNING - The virtalenv_python example task requires virtualenv, please install it.
[2024-09-12T02:03:32.781-0300] {processor.py:925} INFO - DAG(s) 'example_python_decorator' retrieved from /home/gabzarp/.local/lib/python3.10/site-packages/airflow/example_dags/example_python_decorator.py
[2024-09-12T02:03:32.792-0300] {logging_mixin.py:190} INFO - [2024-09-12T02:03:32.792-0300] {dag.py:3229} INFO - Sync 1 DAGs
[2024-09-12T02:03:32.801-0300] {logging_mixin.py:190} INFO - [2024-09-12T02:03:32.800-0300] {dag.py:4156} INFO - Setting next_dagrun for example_python_decorator to None, run_after=None
[2024-09-12T02:03:32.816-0300] {processor.py:208} INFO - Processing /home/gabzarp/.local/lib/python3.10/site-packages/airflow/example_dags/example_python_decorator.py took 0.062 seconds
[2024-09-12T02:04:48.550-0300] {processor.py:186} INFO - Started process (PID=15278) to work on /home/gabzarp/.local/lib/python3.10/site-packages/airflow/example_dags/example_python_decorator.py
[2024-09-12T02:04:48.550-0300] {processor.py:914} INFO - Processing file /home/gabzarp/.local/lib/python3.10/site-packages/airflow/example_dags/example_python_decorator.py for tasks to queue
[2024-09-12T02:04:48.551-0300] {logging_mixin.py:190} INFO - [2024-09-12T02:04:48.551-0300] {dagbag.py:587} INFO - Filling up the DagBag from /home/gabzarp/.local/lib/python3.10/site-packages/airflow/example_dags/example_python_decorator.py
[2024-09-12T02:04:48.572-0300] {logging_mixin.py:190} INFO - [2024-09-12T02:04:48.572-0300] {example_python_decorator.py:80} WARNING - The virtalenv_python example task requires virtualenv, please install it.
[2024-09-12T02:04:48.574-0300] {processor.py:925} INFO - DAG(s) 'example_python_decorator' retrieved from /home/gabzarp/.local/lib/python3.10/site-packages/airflow/example_dags/example_python_decorator.py
[2024-09-12T02:04:48.587-0300] {logging_mixin.py:190} INFO - [2024-09-12T02:04:48.586-0300] {dag.py:3229} INFO - Sync 1 DAGs
[2024-09-12T02:04:48.596-0300] {logging_mixin.py:190} INFO - [2024-09-12T02:04:48.596-0300] {dag.py:4156} INFO - Setting next_dagrun for example_python_decorator to None, run_after=None
[2024-09-12T02:04:48.737-0300] {processor.py:208} INFO - Processing /home/gabzarp/.local/lib/python3.10/site-packages/airflow/example_dags/example_python_decorator.py took 0.191 seconds
[2024-09-12T02:05:42.496-0300] {processor.py:186} INFO - Started process (PID=15706) to work on /home/gabzarp/.local/lib/python3.10/site-packages/airflow/example_dags/example_python_decorator.py
[2024-09-12T02:05:42.497-0300] {processor.py:914} INFO - Processing file /home/gabzarp/.local/lib/python3.10/site-packages/airflow/example_dags/example_python_decorator.py for tasks to queue
[2024-09-12T02:05:42.497-0300] {logging_mixin.py:190} INFO - [2024-09-12T02:05:42.497-0300] {dagbag.py:587} INFO - Filling up the DagBag from /home/gabzarp/.local/lib/python3.10/site-packages/airflow/example_dags/example_python_decorator.py
[2024-09-12T02:05:42.517-0300] {logging_mixin.py:190} INFO - [2024-09-12T02:05:42.517-0300] {example_python_decorator.py:80} WARNING - The virtalenv_python example task requires virtualenv, please install it.
[2024-09-12T02:05:42.519-0300] {processor.py:925} INFO - DAG(s) 'example_python_decorator' retrieved from /home/gabzarp/.local/lib/python3.10/site-packages/airflow/example_dags/example_python_decorator.py
[2024-09-12T02:05:42.530-0300] {logging_mixin.py:190} INFO - [2024-09-12T02:05:42.530-0300] {dag.py:3229} INFO - Sync 1 DAGs
[2024-09-12T02:05:42.539-0300] {logging_mixin.py:190} INFO - [2024-09-12T02:05:42.539-0300] {dag.py:4156} INFO - Setting next_dagrun for example_python_decorator to None, run_after=None
[2024-09-12T02:05:42.555-0300] {processor.py:208} INFO - Processing /home/gabzarp/.local/lib/python3.10/site-packages/airflow/example_dags/example_python_decorator.py took 0.063 seconds
[2024-09-12T02:06:34.175-0300] {processor.py:186} INFO - Started process (PID=16113) to work on /home/gabzarp/.local/lib/python3.10/site-packages/airflow/example_dags/example_python_decorator.py
[2024-09-12T02:06:34.176-0300] {processor.py:914} INFO - Processing file /home/gabzarp/.local/lib/python3.10/site-packages/airflow/example_dags/example_python_decorator.py for tasks to queue
[2024-09-12T02:06:34.177-0300] {logging_mixin.py:190} INFO - [2024-09-12T02:06:34.177-0300] {dagbag.py:587} INFO - Filling up the DagBag from /home/gabzarp/.local/lib/python3.10/site-packages/airflow/example_dags/example_python_decorator.py
[2024-09-12T02:06:34.197-0300] {logging_mixin.py:190} INFO - [2024-09-12T02:06:34.197-0300] {example_python_decorator.py:80} WARNING - The virtalenv_python example task requires virtualenv, please install it.
[2024-09-12T02:06:34.198-0300] {processor.py:925} INFO - DAG(s) 'example_python_decorator' retrieved from /home/gabzarp/.local/lib/python3.10/site-packages/airflow/example_dags/example_python_decorator.py
[2024-09-12T02:06:34.209-0300] {logging_mixin.py:190} INFO - [2024-09-12T02:06:34.209-0300] {dag.py:3229} INFO - Sync 1 DAGs
[2024-09-12T02:06:34.217-0300] {logging_mixin.py:190} INFO - [2024-09-12T02:06:34.217-0300] {dag.py:4156} INFO - Setting next_dagrun for example_python_decorator to None, run_after=None
[2024-09-12T02:06:34.233-0300] {processor.py:208} INFO - Processing /home/gabzarp/.local/lib/python3.10/site-packages/airflow/example_dags/example_python_decorator.py took 0.062 seconds
[2024-09-12T02:07:43.611-0300] {processor.py:186} INFO - Started process (PID=16664) to work on /home/gabzarp/.local/lib/python3.10/site-packages/airflow/example_dags/example_python_decorator.py
[2024-09-12T02:07:43.612-0300] {processor.py:914} INFO - Processing file /home/gabzarp/.local/lib/python3.10/site-packages/airflow/example_dags/example_python_decorator.py for tasks to queue
[2024-09-12T02:07:43.612-0300] {logging_mixin.py:190} INFO - [2024-09-12T02:07:43.612-0300] {dagbag.py:587} INFO - Filling up the DagBag from /home/gabzarp/.local/lib/python3.10/site-packages/airflow/example_dags/example_python_decorator.py
[2024-09-12T02:07:43.632-0300] {logging_mixin.py:190} INFO - [2024-09-12T02:07:43.632-0300] {example_python_decorator.py:80} WARNING - The virtalenv_python example task requires virtualenv, please install it.
[2024-09-12T02:07:43.633-0300] {processor.py:925} INFO - DAG(s) 'example_python_decorator' retrieved from /home/gabzarp/.local/lib/python3.10/site-packages/airflow/example_dags/example_python_decorator.py
[2024-09-12T02:07:43.645-0300] {logging_mixin.py:190} INFO - [2024-09-12T02:07:43.645-0300] {dag.py:3229} INFO - Sync 1 DAGs
[2024-09-12T02:07:43.654-0300] {logging_mixin.py:190} INFO - [2024-09-12T02:07:43.654-0300] {dag.py:4156} INFO - Setting next_dagrun for example_python_decorator to None, run_after=None
[2024-09-12T02:07:43.670-0300] {processor.py:208} INFO - Processing /home/gabzarp/.local/lib/python3.10/site-packages/airflow/example_dags/example_python_decorator.py took 0.064 seconds
[2024-09-12T02:08:35.504-0300] {processor.py:186} INFO - Started process (PID=17073) to work on /home/gabzarp/.local/lib/python3.10/site-packages/airflow/example_dags/example_python_decorator.py
[2024-09-12T02:08:35.504-0300] {processor.py:914} INFO - Processing file /home/gabzarp/.local/lib/python3.10/site-packages/airflow/example_dags/example_python_decorator.py for tasks to queue
[2024-09-12T02:08:35.505-0300] {logging_mixin.py:190} INFO - [2024-09-12T02:08:35.505-0300] {dagbag.py:587} INFO - Filling up the DagBag from /home/gabzarp/.local/lib/python3.10/site-packages/airflow/example_dags/example_python_decorator.py
[2024-09-12T02:08:35.525-0300] {logging_mixin.py:190} INFO - [2024-09-12T02:08:35.525-0300] {example_python_decorator.py:80} WARNING - The virtalenv_python example task requires virtualenv, please install it.
[2024-09-12T02:08:35.527-0300] {processor.py:925} INFO - DAG(s) 'example_python_decorator' retrieved from /home/gabzarp/.local/lib/python3.10/site-packages/airflow/example_dags/example_python_decorator.py
[2024-09-12T02:08:35.538-0300] {logging_mixin.py:190} INFO - [2024-09-12T02:08:35.538-0300] {dag.py:3229} INFO - Sync 1 DAGs
[2024-09-12T02:08:35.547-0300] {logging_mixin.py:190} INFO - [2024-09-12T02:08:35.546-0300] {dag.py:4156} INFO - Setting next_dagrun for example_python_decorator to None, run_after=None
[2024-09-12T02:08:35.563-0300] {processor.py:208} INFO - Processing /home/gabzarp/.local/lib/python3.10/site-packages/airflow/example_dags/example_python_decorator.py took 0.063 seconds
[2024-09-12T02:09:27.370-0300] {processor.py:186} INFO - Started process (PID=17502) to work on /home/gabzarp/.local/lib/python3.10/site-packages/airflow/example_dags/example_python_decorator.py
[2024-09-12T02:09:27.371-0300] {processor.py:914} INFO - Processing file /home/gabzarp/.local/lib/python3.10/site-packages/airflow/example_dags/example_python_decorator.py for tasks to queue
[2024-09-12T02:09:27.372-0300] {logging_mixin.py:190} INFO - [2024-09-12T02:09:27.371-0300] {dagbag.py:587} INFO - Filling up the DagBag from /home/gabzarp/.local/lib/python3.10/site-packages/airflow/example_dags/example_python_decorator.py
[2024-09-12T02:09:27.391-0300] {logging_mixin.py:190} INFO - [2024-09-12T02:09:27.391-0300] {example_python_decorator.py:80} WARNING - The virtalenv_python example task requires virtualenv, please install it.
[2024-09-12T02:09:27.392-0300] {processor.py:925} INFO - DAG(s) 'example_python_decorator' retrieved from /home/gabzarp/.local/lib/python3.10/site-packages/airflow/example_dags/example_python_decorator.py
[2024-09-12T02:09:27.403-0300] {logging_mixin.py:190} INFO - [2024-09-12T02:09:27.403-0300] {dag.py:3229} INFO - Sync 1 DAGs
[2024-09-12T02:09:27.411-0300] {logging_mixin.py:190} INFO - [2024-09-12T02:09:27.411-0300] {dag.py:4156} INFO - Setting next_dagrun for example_python_decorator to None, run_after=None
[2024-09-12T02:09:27.426-0300] {processor.py:208} INFO - Processing /home/gabzarp/.local/lib/python3.10/site-packages/airflow/example_dags/example_python_decorator.py took 0.060 seconds
