[2024-09-12T01:39:33.762-0300] {processor.py:186} INFO - Started process (PID=2594) to work on /home/gabzarp/.local/lib/python3.10/site-packages/airflow/example_dags/example_task_group_decorator.py
[2024-09-12T01:39:33.762-0300] {processor.py:914} INFO - Processing file /home/gabzarp/.local/lib/python3.10/site-packages/airflow/example_dags/example_task_group_decorator.py for tasks to queue
[2024-09-12T01:39:33.763-0300] {logging_mixin.py:190} INFO - [2024-09-12T01:39:33.763-0300] {dagbag.py:587} INFO - Filling up the DagBag from /home/gabzarp/.local/lib/python3.10/site-packages/airflow/example_dags/example_task_group_decorator.py
[2024-09-12T01:39:33.773-0300] {processor.py:925} INFO - DAG(s) 'example_task_group_decorator' retrieved from /home/gabzarp/.local/lib/python3.10/site-packages/airflow/example_dags/example_task_group_decorator.py
[2024-09-12T01:39:33.844-0300] {logging_mixin.py:190} INFO - [2024-09-12T01:39:33.843-0300] {override.py:1900} INFO - Created Permission View: can edit on DAG:example_task_group_decorator
[2024-09-12T01:39:33.853-0300] {logging_mixin.py:190} INFO - [2024-09-12T01:39:33.853-0300] {override.py:1900} INFO - Created Permission View: can read on DAG:example_task_group_decorator
[2024-09-12T01:39:33.860-0300] {logging_mixin.py:190} INFO - [2024-09-12T01:39:33.860-0300] {override.py:1900} INFO - Created Permission View: can delete on DAG:example_task_group_decorator
[2024-09-12T01:39:33.871-0300] {logging_mixin.py:190} INFO - [2024-09-12T01:39:33.871-0300] {override.py:1900} INFO - Created Permission View: can read on DAG Run:example_task_group_decorator
[2024-09-12T01:39:33.878-0300] {logging_mixin.py:190} INFO - [2024-09-12T01:39:33.878-0300] {override.py:1900} INFO - Created Permission View: can create on DAG Run:example_task_group_decorator
[2024-09-12T01:39:33.885-0300] {logging_mixin.py:190} INFO - [2024-09-12T01:39:33.885-0300] {override.py:1900} INFO - Created Permission View: menu access on DAG Run:example_task_group_decorator
[2024-09-12T01:39:33.892-0300] {logging_mixin.py:190} INFO - [2024-09-12T01:39:33.892-0300] {override.py:1900} INFO - Created Permission View: can delete on DAG Run:example_task_group_decorator
[2024-09-12T01:39:33.893-0300] {logging_mixin.py:190} INFO - [2024-09-12T01:39:33.893-0300] {dag.py:3229} INFO - Sync 1 DAGs
[2024-09-12T01:39:33.901-0300] {logging_mixin.py:190} INFO - [2024-09-12T01:39:33.901-0300] {dag.py:3252} INFO - Creating ORM DAG for example_task_group_decorator
[2024-09-12T01:39:33.902-0300] {logging_mixin.py:190} INFO - [2024-09-12T01:39:33.902-0300] {dag.py:4156} INFO - Setting next_dagrun for example_task_group_decorator to None, run_after=None
[2024-09-12T01:39:33.915-0300] {processor.py:208} INFO - Processing /home/gabzarp/.local/lib/python3.10/site-packages/airflow/example_dags/example_task_group_decorator.py took 0.157 seconds
[2024-09-12T01:40:31.433-0300] {processor.py:186} INFO - Started process (PID=2880) to work on /home/gabzarp/.local/lib/python3.10/site-packages/airflow/example_dags/example_task_group_decorator.py
[2024-09-12T01:40:31.434-0300] {processor.py:914} INFO - Processing file /home/gabzarp/.local/lib/python3.10/site-packages/airflow/example_dags/example_task_group_decorator.py for tasks to queue
[2024-09-12T01:40:31.435-0300] {logging_mixin.py:190} INFO - [2024-09-12T01:40:31.435-0300] {dagbag.py:587} INFO - Filling up the DagBag from /home/gabzarp/.local/lib/python3.10/site-packages/airflow/example_dags/example_task_group_decorator.py
[2024-09-12T01:40:31.445-0300] {processor.py:925} INFO - DAG(s) 'example_task_group_decorator' retrieved from /home/gabzarp/.local/lib/python3.10/site-packages/airflow/example_dags/example_task_group_decorator.py
[2024-09-12T01:40:31.459-0300] {logging_mixin.py:190} INFO - [2024-09-12T01:40:31.458-0300] {dag.py:3229} INFO - Sync 1 DAGs
[2024-09-12T01:40:31.469-0300] {logging_mixin.py:190} INFO - [2024-09-12T01:40:31.468-0300] {dag.py:4156} INFO - Setting next_dagrun for example_task_group_decorator to None, run_after=None
[2024-09-12T01:40:31.486-0300] {processor.py:208} INFO - Processing /home/gabzarp/.local/lib/python3.10/site-packages/airflow/example_dags/example_task_group_decorator.py took 0.056 seconds
[2024-09-12T01:41:22.850-0300] {processor.py:186} INFO - Started process (PID=3223) to work on /home/gabzarp/.local/lib/python3.10/site-packages/airflow/example_dags/example_task_group_decorator.py
[2024-09-12T01:41:22.851-0300] {processor.py:914} INFO - Processing file /home/gabzarp/.local/lib/python3.10/site-packages/airflow/example_dags/example_task_group_decorator.py for tasks to queue
[2024-09-12T01:41:22.852-0300] {logging_mixin.py:190} INFO - [2024-09-12T01:41:22.852-0300] {dagbag.py:587} INFO - Filling up the DagBag from /home/gabzarp/.local/lib/python3.10/site-packages/airflow/example_dags/example_task_group_decorator.py
[2024-09-12T01:41:22.862-0300] {processor.py:925} INFO - DAG(s) 'example_task_group_decorator' retrieved from /home/gabzarp/.local/lib/python3.10/site-packages/airflow/example_dags/example_task_group_decorator.py
[2024-09-12T01:41:22.877-0300] {logging_mixin.py:190} INFO - [2024-09-12T01:41:22.876-0300] {dag.py:3229} INFO - Sync 1 DAGs
[2024-09-12T01:41:22.884-0300] {logging_mixin.py:190} INFO - [2024-09-12T01:41:22.884-0300] {dag.py:4156} INFO - Setting next_dagrun for example_task_group_decorator to None, run_after=None
[2024-09-12T01:41:22.898-0300] {processor.py:208} INFO - Processing /home/gabzarp/.local/lib/python3.10/site-packages/airflow/example_dags/example_task_group_decorator.py took 0.052 seconds
[2024-09-12T01:42:13.068-0300] {processor.py:186} INFO - Started process (PID=3475) to work on /home/gabzarp/.local/lib/python3.10/site-packages/airflow/example_dags/example_task_group_decorator.py
[2024-09-12T01:42:13.069-0300] {processor.py:914} INFO - Processing file /home/gabzarp/.local/lib/python3.10/site-packages/airflow/example_dags/example_task_group_decorator.py for tasks to queue
[2024-09-12T01:42:13.072-0300] {logging_mixin.py:190} INFO - [2024-09-12T01:42:13.071-0300] {dagbag.py:587} INFO - Filling up the DagBag from /home/gabzarp/.local/lib/python3.10/site-packages/airflow/example_dags/example_task_group_decorator.py
[2024-09-12T01:42:13.086-0300] {processor.py:925} INFO - DAG(s) 'example_task_group_decorator' retrieved from /home/gabzarp/.local/lib/python3.10/site-packages/airflow/example_dags/example_task_group_decorator.py
[2024-09-12T01:42:13.102-0300] {logging_mixin.py:190} INFO - [2024-09-12T01:42:13.102-0300] {dag.py:3229} INFO - Sync 1 DAGs
[2024-09-12T01:42:13.110-0300] {logging_mixin.py:190} INFO - [2024-09-12T01:42:13.110-0300] {dag.py:4156} INFO - Setting next_dagrun for example_task_group_decorator to None, run_after=None
[2024-09-12T01:42:13.125-0300] {processor.py:208} INFO - Processing /home/gabzarp/.local/lib/python3.10/site-packages/airflow/example_dags/example_task_group_decorator.py took 0.060 seconds
[2024-09-12T01:43:02.803-0300] {processor.py:186} INFO - Started process (PID=3726) to work on /home/gabzarp/.local/lib/python3.10/site-packages/airflow/example_dags/example_task_group_decorator.py
[2024-09-12T01:43:02.804-0300] {processor.py:914} INFO - Processing file /home/gabzarp/.local/lib/python3.10/site-packages/airflow/example_dags/example_task_group_decorator.py for tasks to queue
[2024-09-12T01:43:02.805-0300] {logging_mixin.py:190} INFO - [2024-09-12T01:43:02.805-0300] {dagbag.py:587} INFO - Filling up the DagBag from /home/gabzarp/.local/lib/python3.10/site-packages/airflow/example_dags/example_task_group_decorator.py
[2024-09-12T01:43:02.815-0300] {processor.py:925} INFO - DAG(s) 'example_task_group_decorator' retrieved from /home/gabzarp/.local/lib/python3.10/site-packages/airflow/example_dags/example_task_group_decorator.py
[2024-09-12T01:43:02.828-0300] {logging_mixin.py:190} INFO - [2024-09-12T01:43:02.828-0300] {dag.py:3229} INFO - Sync 1 DAGs
[2024-09-12T01:43:02.836-0300] {logging_mixin.py:190} INFO - [2024-09-12T01:43:02.836-0300] {dag.py:4156} INFO - Setting next_dagrun for example_task_group_decorator to None, run_after=None
[2024-09-12T01:43:02.850-0300] {processor.py:208} INFO - Processing /home/gabzarp/.local/lib/python3.10/site-packages/airflow/example_dags/example_task_group_decorator.py took 0.051 seconds
[2024-09-12T01:44:07.474-0300] {processor.py:186} INFO - Started process (PID=4404) to work on /home/gabzarp/.local/lib/python3.10/site-packages/airflow/example_dags/example_task_group_decorator.py
[2024-09-12T01:44:07.477-0300] {processor.py:914} INFO - Processing file /home/gabzarp/.local/lib/python3.10/site-packages/airflow/example_dags/example_task_group_decorator.py for tasks to queue
[2024-09-12T01:44:07.479-0300] {logging_mixin.py:190} INFO - [2024-09-12T01:44:07.479-0300] {dagbag.py:587} INFO - Filling up the DagBag from /home/gabzarp/.local/lib/python3.10/site-packages/airflow/example_dags/example_task_group_decorator.py
[2024-09-12T01:44:07.489-0300] {processor.py:925} INFO - DAG(s) 'example_task_group_decorator' retrieved from /home/gabzarp/.local/lib/python3.10/site-packages/airflow/example_dags/example_task_group_decorator.py
[2024-09-12T01:44:07.506-0300] {logging_mixin.py:190} INFO - [2024-09-12T01:44:07.506-0300] {dag.py:3229} INFO - Sync 1 DAGs
[2024-09-12T01:44:07.514-0300] {logging_mixin.py:190} INFO - [2024-09-12T01:44:07.514-0300] {dag.py:4156} INFO - Setting next_dagrun for example_task_group_decorator to None, run_after=None
[2024-09-12T01:44:07.703-0300] {processor.py:208} INFO - Processing /home/gabzarp/.local/lib/python3.10/site-packages/airflow/example_dags/example_task_group_decorator.py took 0.232 seconds
[2024-09-12T01:45:34.354-0300] {processor.py:186} INFO - Started process (PID=5308) to work on /home/gabzarp/.local/lib/python3.10/site-packages/airflow/example_dags/example_task_group_decorator.py
[2024-09-12T01:45:34.355-0300] {processor.py:914} INFO - Processing file /home/gabzarp/.local/lib/python3.10/site-packages/airflow/example_dags/example_task_group_decorator.py for tasks to queue
[2024-09-12T01:45:34.356-0300] {logging_mixin.py:190} INFO - [2024-09-12T01:45:34.356-0300] {dagbag.py:587} INFO - Filling up the DagBag from /home/gabzarp/.local/lib/python3.10/site-packages/airflow/example_dags/example_task_group_decorator.py
[2024-09-12T01:45:34.366-0300] {processor.py:925} INFO - DAG(s) 'example_task_group_decorator' retrieved from /home/gabzarp/.local/lib/python3.10/site-packages/airflow/example_dags/example_task_group_decorator.py
[2024-09-12T01:45:34.380-0300] {logging_mixin.py:190} INFO - [2024-09-12T01:45:34.380-0300] {dag.py:3229} INFO - Sync 1 DAGs
[2024-09-12T01:45:34.390-0300] {logging_mixin.py:190} INFO - [2024-09-12T01:45:34.390-0300] {dag.py:4156} INFO - Setting next_dagrun for example_task_group_decorator to None, run_after=None
[2024-09-12T01:45:34.405-0300] {processor.py:208} INFO - Processing /home/gabzarp/.local/lib/python3.10/site-packages/airflow/example_dags/example_task_group_decorator.py took 0.055 seconds
[2024-09-12T01:46:24.965-0300] {processor.py:186} INFO - Started process (PID=5715) to work on /home/gabzarp/.local/lib/python3.10/site-packages/airflow/example_dags/example_task_group_decorator.py
[2024-09-12T01:46:24.966-0300] {processor.py:914} INFO - Processing file /home/gabzarp/.local/lib/python3.10/site-packages/airflow/example_dags/example_task_group_decorator.py for tasks to queue
[2024-09-12T01:46:24.967-0300] {logging_mixin.py:190} INFO - [2024-09-12T01:46:24.967-0300] {dagbag.py:587} INFO - Filling up the DagBag from /home/gabzarp/.local/lib/python3.10/site-packages/airflow/example_dags/example_task_group_decorator.py
[2024-09-12T01:46:24.978-0300] {processor.py:925} INFO - DAG(s) 'example_task_group_decorator' retrieved from /home/gabzarp/.local/lib/python3.10/site-packages/airflow/example_dags/example_task_group_decorator.py
[2024-09-12T01:46:24.992-0300] {logging_mixin.py:190} INFO - [2024-09-12T01:46:24.991-0300] {dag.py:3229} INFO - Sync 1 DAGs
[2024-09-12T01:46:24.999-0300] {logging_mixin.py:190} INFO - [2024-09-12T01:46:24.999-0300] {dag.py:4156} INFO - Setting next_dagrun for example_task_group_decorator to None, run_after=None
[2024-09-12T01:46:25.016-0300] {processor.py:208} INFO - Processing /home/gabzarp/.local/lib/python3.10/site-packages/airflow/example_dags/example_task_group_decorator.py took 0.054 seconds
[2024-09-12T01:47:15.450-0300] {processor.py:186} INFO - Started process (PID=6118) to work on /home/gabzarp/.local/lib/python3.10/site-packages/airflow/example_dags/example_task_group_decorator.py
[2024-09-12T01:47:15.451-0300] {processor.py:914} INFO - Processing file /home/gabzarp/.local/lib/python3.10/site-packages/airflow/example_dags/example_task_group_decorator.py for tasks to queue
[2024-09-12T01:47:15.453-0300] {logging_mixin.py:190} INFO - [2024-09-12T01:47:15.453-0300] {dagbag.py:587} INFO - Filling up the DagBag from /home/gabzarp/.local/lib/python3.10/site-packages/airflow/example_dags/example_task_group_decorator.py
[2024-09-12T01:47:15.464-0300] {processor.py:925} INFO - DAG(s) 'example_task_group_decorator' retrieved from /home/gabzarp/.local/lib/python3.10/site-packages/airflow/example_dags/example_task_group_decorator.py
[2024-09-12T01:47:15.479-0300] {logging_mixin.py:190} INFO - [2024-09-12T01:47:15.478-0300] {dag.py:3229} INFO - Sync 1 DAGs
[2024-09-12T01:47:15.487-0300] {logging_mixin.py:190} INFO - [2024-09-12T01:47:15.487-0300] {dag.py:4156} INFO - Setting next_dagrun for example_task_group_decorator to None, run_after=None
[2024-09-12T01:47:15.505-0300] {processor.py:208} INFO - Processing /home/gabzarp/.local/lib/python3.10/site-packages/airflow/example_dags/example_task_group_decorator.py took 0.058 seconds
[2024-09-12T01:48:02.839-0300] {processor.py:186} INFO - Started process (PID=6496) to work on /home/gabzarp/.local/lib/python3.10/site-packages/airflow/example_dags/example_task_group_decorator.py
[2024-09-12T01:48:02.840-0300] {processor.py:914} INFO - Processing file /home/gabzarp/.local/lib/python3.10/site-packages/airflow/example_dags/example_task_group_decorator.py for tasks to queue
[2024-09-12T01:48:02.842-0300] {logging_mixin.py:190} INFO - [2024-09-12T01:48:02.841-0300] {dagbag.py:587} INFO - Filling up the DagBag from /home/gabzarp/.local/lib/python3.10/site-packages/airflow/example_dags/example_task_group_decorator.py
[2024-09-12T01:48:02.859-0300] {processor.py:925} INFO - DAG(s) 'example_task_group_decorator' retrieved from /home/gabzarp/.local/lib/python3.10/site-packages/airflow/example_dags/example_task_group_decorator.py
[2024-09-12T01:48:02.873-0300] {logging_mixin.py:190} INFO - [2024-09-12T01:48:02.873-0300] {dag.py:3229} INFO - Sync 1 DAGs
[2024-09-12T01:48:02.881-0300] {logging_mixin.py:190} INFO - [2024-09-12T01:48:02.881-0300] {dag.py:4156} INFO - Setting next_dagrun for example_task_group_decorator to None, run_after=None
[2024-09-12T01:48:02.897-0300] {processor.py:208} INFO - Processing /home/gabzarp/.local/lib/python3.10/site-packages/airflow/example_dags/example_task_group_decorator.py took 0.062 seconds
[2024-09-12T01:48:53.130-0300] {processor.py:186} INFO - Started process (PID=7031) to work on /home/gabzarp/.local/lib/python3.10/site-packages/airflow/example_dags/example_task_group_decorator.py
[2024-09-12T01:48:53.131-0300] {processor.py:914} INFO - Processing file /home/gabzarp/.local/lib/python3.10/site-packages/airflow/example_dags/example_task_group_decorator.py for tasks to queue
[2024-09-12T01:48:53.133-0300] {logging_mixin.py:190} INFO - [2024-09-12T01:48:53.132-0300] {dagbag.py:587} INFO - Filling up the DagBag from /home/gabzarp/.local/lib/python3.10/site-packages/airflow/example_dags/example_task_group_decorator.py
[2024-09-12T01:48:53.142-0300] {processor.py:925} INFO - DAG(s) 'example_task_group_decorator' retrieved from /home/gabzarp/.local/lib/python3.10/site-packages/airflow/example_dags/example_task_group_decorator.py
[2024-09-12T01:48:53.156-0300] {logging_mixin.py:190} INFO - [2024-09-12T01:48:53.155-0300] {dag.py:3229} INFO - Sync 1 DAGs
[2024-09-12T01:48:53.163-0300] {logging_mixin.py:190} INFO - [2024-09-12T01:48:53.163-0300] {dag.py:4156} INFO - Setting next_dagrun for example_task_group_decorator to None, run_after=None
[2024-09-12T01:48:53.178-0300] {processor.py:208} INFO - Processing /home/gabzarp/.local/lib/python3.10/site-packages/airflow/example_dags/example_task_group_decorator.py took 0.051 seconds
[2024-09-12T01:49:42.234-0300] {processor.py:186} INFO - Started process (PID=7421) to work on /home/gabzarp/.local/lib/python3.10/site-packages/airflow/example_dags/example_task_group_decorator.py
[2024-09-12T01:49:42.235-0300] {processor.py:914} INFO - Processing file /home/gabzarp/.local/lib/python3.10/site-packages/airflow/example_dags/example_task_group_decorator.py for tasks to queue
[2024-09-12T01:49:42.236-0300] {logging_mixin.py:190} INFO - [2024-09-12T01:49:42.236-0300] {dagbag.py:587} INFO - Filling up the DagBag from /home/gabzarp/.local/lib/python3.10/site-packages/airflow/example_dags/example_task_group_decorator.py
[2024-09-12T01:49:42.247-0300] {processor.py:925} INFO - DAG(s) 'example_task_group_decorator' retrieved from /home/gabzarp/.local/lib/python3.10/site-packages/airflow/example_dags/example_task_group_decorator.py
[2024-09-12T01:49:42.262-0300] {logging_mixin.py:190} INFO - [2024-09-12T01:49:42.262-0300] {dag.py:3229} INFO - Sync 1 DAGs
[2024-09-12T01:49:42.270-0300] {logging_mixin.py:190} INFO - [2024-09-12T01:49:42.270-0300] {dag.py:4156} INFO - Setting next_dagrun for example_task_group_decorator to None, run_after=None
[2024-09-12T01:49:42.285-0300] {processor.py:208} INFO - Processing /home/gabzarp/.local/lib/python3.10/site-packages/airflow/example_dags/example_task_group_decorator.py took 0.054 seconds
[2024-09-12T01:50:32.425-0300] {processor.py:186} INFO - Started process (PID=7907) to work on /home/gabzarp/.local/lib/python3.10/site-packages/airflow/example_dags/example_task_group_decorator.py
[2024-09-12T01:50:32.426-0300] {processor.py:914} INFO - Processing file /home/gabzarp/.local/lib/python3.10/site-packages/airflow/example_dags/example_task_group_decorator.py for tasks to queue
[2024-09-12T01:50:32.427-0300] {logging_mixin.py:190} INFO - [2024-09-12T01:50:32.427-0300] {dagbag.py:587} INFO - Filling up the DagBag from /home/gabzarp/.local/lib/python3.10/site-packages/airflow/example_dags/example_task_group_decorator.py
[2024-09-12T01:50:32.437-0300] {processor.py:925} INFO - DAG(s) 'example_task_group_decorator' retrieved from /home/gabzarp/.local/lib/python3.10/site-packages/airflow/example_dags/example_task_group_decorator.py
[2024-09-12T01:50:32.450-0300] {logging_mixin.py:190} INFO - [2024-09-12T01:50:32.450-0300] {dag.py:3229} INFO - Sync 1 DAGs
[2024-09-12T01:50:32.458-0300] {logging_mixin.py:190} INFO - [2024-09-12T01:50:32.457-0300] {dag.py:4156} INFO - Setting next_dagrun for example_task_group_decorator to None, run_after=None
[2024-09-12T01:50:32.510-0300] {processor.py:208} INFO - Processing /home/gabzarp/.local/lib/python3.10/site-packages/airflow/example_dags/example_task_group_decorator.py took 0.088 seconds
[2024-09-12T01:51:19.997-0300] {processor.py:186} INFO - Started process (PID=8322) to work on /home/gabzarp/.local/lib/python3.10/site-packages/airflow/example_dags/example_task_group_decorator.py
[2024-09-12T01:51:19.998-0300] {processor.py:914} INFO - Processing file /home/gabzarp/.local/lib/python3.10/site-packages/airflow/example_dags/example_task_group_decorator.py for tasks to queue
[2024-09-12T01:51:19.998-0300] {logging_mixin.py:190} INFO - [2024-09-12T01:51:19.998-0300] {dagbag.py:587} INFO - Filling up the DagBag from /home/gabzarp/.local/lib/python3.10/site-packages/airflow/example_dags/example_task_group_decorator.py
[2024-09-12T01:51:20.008-0300] {processor.py:925} INFO - DAG(s) 'example_task_group_decorator' retrieved from /home/gabzarp/.local/lib/python3.10/site-packages/airflow/example_dags/example_task_group_decorator.py
[2024-09-12T01:51:20.022-0300] {logging_mixin.py:190} INFO - [2024-09-12T01:51:20.022-0300] {dag.py:3229} INFO - Sync 1 DAGs
[2024-09-12T01:51:20.031-0300] {logging_mixin.py:190} INFO - [2024-09-12T01:51:20.030-0300] {dag.py:4156} INFO - Setting next_dagrun for example_task_group_decorator to None, run_after=None
[2024-09-12T01:51:20.045-0300] {processor.py:208} INFO - Processing /home/gabzarp/.local/lib/python3.10/site-packages/airflow/example_dags/example_task_group_decorator.py took 0.052 seconds
[2024-09-12T01:52:10.354-0300] {processor.py:186} INFO - Started process (PID=8830) to work on /home/gabzarp/.local/lib/python3.10/site-packages/airflow/example_dags/example_task_group_decorator.py
[2024-09-12T01:52:10.355-0300] {processor.py:914} INFO - Processing file /home/gabzarp/.local/lib/python3.10/site-packages/airflow/example_dags/example_task_group_decorator.py for tasks to queue
[2024-09-12T01:52:10.355-0300] {logging_mixin.py:190} INFO - [2024-09-12T01:52:10.355-0300] {dagbag.py:587} INFO - Filling up the DagBag from /home/gabzarp/.local/lib/python3.10/site-packages/airflow/example_dags/example_task_group_decorator.py
[2024-09-12T01:52:10.366-0300] {processor.py:925} INFO - DAG(s) 'example_task_group_decorator' retrieved from /home/gabzarp/.local/lib/python3.10/site-packages/airflow/example_dags/example_task_group_decorator.py
[2024-09-12T01:52:10.379-0300] {logging_mixin.py:190} INFO - [2024-09-12T01:52:10.379-0300] {dag.py:3229} INFO - Sync 1 DAGs
[2024-09-12T01:52:10.387-0300] {logging_mixin.py:190} INFO - [2024-09-12T01:52:10.387-0300] {dag.py:4156} INFO - Setting next_dagrun for example_task_group_decorator to None, run_after=None
[2024-09-12T01:52:10.402-0300] {processor.py:208} INFO - Processing /home/gabzarp/.local/lib/python3.10/site-packages/airflow/example_dags/example_task_group_decorator.py took 0.052 seconds
[2024-09-12T01:53:03.019-0300] {processor.py:186} INFO - Started process (PID=9398) to work on /home/gabzarp/.local/lib/python3.10/site-packages/airflow/example_dags/example_task_group_decorator.py
[2024-09-12T01:53:03.019-0300] {processor.py:914} INFO - Processing file /home/gabzarp/.local/lib/python3.10/site-packages/airflow/example_dags/example_task_group_decorator.py for tasks to queue
[2024-09-12T01:53:03.020-0300] {logging_mixin.py:190} INFO - [2024-09-12T01:53:03.020-0300] {dagbag.py:587} INFO - Filling up the DagBag from /home/gabzarp/.local/lib/python3.10/site-packages/airflow/example_dags/example_task_group_decorator.py
[2024-09-12T01:53:03.032-0300] {processor.py:925} INFO - DAG(s) 'example_task_group_decorator' retrieved from /home/gabzarp/.local/lib/python3.10/site-packages/airflow/example_dags/example_task_group_decorator.py
[2024-09-12T01:53:03.045-0300] {logging_mixin.py:190} INFO - [2024-09-12T01:53:03.045-0300] {dag.py:3229} INFO - Sync 1 DAGs
[2024-09-12T01:53:03.054-0300] {logging_mixin.py:190} INFO - [2024-09-12T01:53:03.054-0300] {dag.py:4156} INFO - Setting next_dagrun for example_task_group_decorator to None, run_after=None
[2024-09-12T01:53:03.069-0300] {processor.py:208} INFO - Processing /home/gabzarp/.local/lib/python3.10/site-packages/airflow/example_dags/example_task_group_decorator.py took 0.054 seconds
[2024-09-12T01:53:55.518-0300] {processor.py:186} INFO - Started process (PID=9839) to work on /home/gabzarp/.local/lib/python3.10/site-packages/airflow/example_dags/example_task_group_decorator.py
[2024-09-12T01:53:55.519-0300] {processor.py:914} INFO - Processing file /home/gabzarp/.local/lib/python3.10/site-packages/airflow/example_dags/example_task_group_decorator.py for tasks to queue
[2024-09-12T01:53:55.519-0300] {logging_mixin.py:190} INFO - [2024-09-12T01:53:55.519-0300] {dagbag.py:587} INFO - Filling up the DagBag from /home/gabzarp/.local/lib/python3.10/site-packages/airflow/example_dags/example_task_group_decorator.py
[2024-09-12T01:53:55.529-0300] {processor.py:925} INFO - DAG(s) 'example_task_group_decorator' retrieved from /home/gabzarp/.local/lib/python3.10/site-packages/airflow/example_dags/example_task_group_decorator.py
[2024-09-12T01:53:55.542-0300] {logging_mixin.py:190} INFO - [2024-09-12T01:53:55.542-0300] {dag.py:3229} INFO - Sync 1 DAGs
[2024-09-12T01:53:55.549-0300] {logging_mixin.py:190} INFO - [2024-09-12T01:53:55.549-0300] {dag.py:4156} INFO - Setting next_dagrun for example_task_group_decorator to None, run_after=None
[2024-09-12T01:53:55.564-0300] {processor.py:208} INFO - Processing /home/gabzarp/.local/lib/python3.10/site-packages/airflow/example_dags/example_task_group_decorator.py took 0.050 seconds
[2024-09-12T01:54:44.963-0300] {processor.py:186} INFO - Started process (PID=10238) to work on /home/gabzarp/.local/lib/python3.10/site-packages/airflow/example_dags/example_task_group_decorator.py
[2024-09-12T01:54:44.964-0300] {processor.py:914} INFO - Processing file /home/gabzarp/.local/lib/python3.10/site-packages/airflow/example_dags/example_task_group_decorator.py for tasks to queue
[2024-09-12T01:54:44.965-0300] {logging_mixin.py:190} INFO - [2024-09-12T01:54:44.965-0300] {dagbag.py:587} INFO - Filling up the DagBag from /home/gabzarp/.local/lib/python3.10/site-packages/airflow/example_dags/example_task_group_decorator.py
[2024-09-12T01:54:44.975-0300] {processor.py:925} INFO - DAG(s) 'example_task_group_decorator' retrieved from /home/gabzarp/.local/lib/python3.10/site-packages/airflow/example_dags/example_task_group_decorator.py
[2024-09-12T01:54:44.989-0300] {logging_mixin.py:190} INFO - [2024-09-12T01:54:44.988-0300] {dag.py:3229} INFO - Sync 1 DAGs
[2024-09-12T01:54:44.997-0300] {logging_mixin.py:190} INFO - [2024-09-12T01:54:44.997-0300] {dag.py:4156} INFO - Setting next_dagrun for example_task_group_decorator to None, run_after=None
[2024-09-12T01:54:45.012-0300] {processor.py:208} INFO - Processing /home/gabzarp/.local/lib/python3.10/site-packages/airflow/example_dags/example_task_group_decorator.py took 0.052 seconds
[2024-09-12T01:55:39.666-0300] {processor.py:186} INFO - Started process (PID=10671) to work on /home/gabzarp/.local/lib/python3.10/site-packages/airflow/example_dags/example_task_group_decorator.py
[2024-09-12T01:55:39.667-0300] {processor.py:914} INFO - Processing file /home/gabzarp/.local/lib/python3.10/site-packages/airflow/example_dags/example_task_group_decorator.py for tasks to queue
[2024-09-12T01:55:39.668-0300] {logging_mixin.py:190} INFO - [2024-09-12T01:55:39.667-0300] {dagbag.py:587} INFO - Filling up the DagBag from /home/gabzarp/.local/lib/python3.10/site-packages/airflow/example_dags/example_task_group_decorator.py
[2024-09-12T01:55:39.678-0300] {processor.py:925} INFO - DAG(s) 'example_task_group_decorator' retrieved from /home/gabzarp/.local/lib/python3.10/site-packages/airflow/example_dags/example_task_group_decorator.py
[2024-09-12T01:55:39.692-0300] {logging_mixin.py:190} INFO - [2024-09-12T01:55:39.691-0300] {dag.py:3229} INFO - Sync 1 DAGs
[2024-09-12T01:55:39.699-0300] {logging_mixin.py:190} INFO - [2024-09-12T01:55:39.699-0300] {dag.py:4156} INFO - Setting next_dagrun for example_task_group_decorator to None, run_after=None
[2024-09-12T01:55:39.716-0300] {processor.py:208} INFO - Processing /home/gabzarp/.local/lib/python3.10/site-packages/airflow/example_dags/example_task_group_decorator.py took 0.054 seconds
[2024-09-12T01:56:34.107-0300] {processor.py:186} INFO - Started process (PID=11123) to work on /home/gabzarp/.local/lib/python3.10/site-packages/airflow/example_dags/example_task_group_decorator.py
[2024-09-12T01:56:34.108-0300] {processor.py:914} INFO - Processing file /home/gabzarp/.local/lib/python3.10/site-packages/airflow/example_dags/example_task_group_decorator.py for tasks to queue
[2024-09-12T01:56:34.108-0300] {logging_mixin.py:190} INFO - [2024-09-12T01:56:34.108-0300] {dagbag.py:587} INFO - Filling up the DagBag from /home/gabzarp/.local/lib/python3.10/site-packages/airflow/example_dags/example_task_group_decorator.py
[2024-09-12T01:56:34.119-0300] {processor.py:925} INFO - DAG(s) 'example_task_group_decorator' retrieved from /home/gabzarp/.local/lib/python3.10/site-packages/airflow/example_dags/example_task_group_decorator.py
[2024-09-12T01:56:34.132-0300] {logging_mixin.py:190} INFO - [2024-09-12T01:56:34.132-0300] {dag.py:3229} INFO - Sync 1 DAGs
[2024-09-12T01:56:34.140-0300] {logging_mixin.py:190} INFO - [2024-09-12T01:56:34.140-0300] {dag.py:4156} INFO - Setting next_dagrun for example_task_group_decorator to None, run_after=None
[2024-09-12T01:56:34.156-0300] {processor.py:208} INFO - Processing /home/gabzarp/.local/lib/python3.10/site-packages/airflow/example_dags/example_task_group_decorator.py took 0.053 seconds
[2024-09-12T01:57:29.778-0300] {processor.py:186} INFO - Started process (PID=11611) to work on /home/gabzarp/.local/lib/python3.10/site-packages/airflow/example_dags/example_task_group_decorator.py
[2024-09-12T01:57:29.779-0300] {processor.py:914} INFO - Processing file /home/gabzarp/.local/lib/python3.10/site-packages/airflow/example_dags/example_task_group_decorator.py for tasks to queue
[2024-09-12T01:57:29.780-0300] {logging_mixin.py:190} INFO - [2024-09-12T01:57:29.779-0300] {dagbag.py:587} INFO - Filling up the DagBag from /home/gabzarp/.local/lib/python3.10/site-packages/airflow/example_dags/example_task_group_decorator.py
[2024-09-12T01:57:29.790-0300] {processor.py:925} INFO - DAG(s) 'example_task_group_decorator' retrieved from /home/gabzarp/.local/lib/python3.10/site-packages/airflow/example_dags/example_task_group_decorator.py
[2024-09-12T01:57:29.805-0300] {logging_mixin.py:190} INFO - [2024-09-12T01:57:29.805-0300] {dag.py:3229} INFO - Sync 1 DAGs
[2024-09-12T01:57:29.813-0300] {logging_mixin.py:190} INFO - [2024-09-12T01:57:29.813-0300] {dag.py:4156} INFO - Setting next_dagrun for example_task_group_decorator to None, run_after=None
[2024-09-12T01:57:29.829-0300] {processor.py:208} INFO - Processing /home/gabzarp/.local/lib/python3.10/site-packages/airflow/example_dags/example_task_group_decorator.py took 0.055 seconds
[2024-09-12T01:58:23.410-0300] {processor.py:186} INFO - Started process (PID=12039) to work on /home/gabzarp/.local/lib/python3.10/site-packages/airflow/example_dags/example_task_group_decorator.py
[2024-09-12T01:58:23.411-0300] {processor.py:914} INFO - Processing file /home/gabzarp/.local/lib/python3.10/site-packages/airflow/example_dags/example_task_group_decorator.py for tasks to queue
[2024-09-12T01:58:23.412-0300] {logging_mixin.py:190} INFO - [2024-09-12T01:58:23.412-0300] {dagbag.py:587} INFO - Filling up the DagBag from /home/gabzarp/.local/lib/python3.10/site-packages/airflow/example_dags/example_task_group_decorator.py
[2024-09-12T01:58:23.422-0300] {processor.py:925} INFO - DAG(s) 'example_task_group_decorator' retrieved from /home/gabzarp/.local/lib/python3.10/site-packages/airflow/example_dags/example_task_group_decorator.py
[2024-09-12T01:58:23.435-0300] {logging_mixin.py:190} INFO - [2024-09-12T01:58:23.435-0300] {dag.py:3229} INFO - Sync 1 DAGs
[2024-09-12T01:58:23.443-0300] {logging_mixin.py:190} INFO - [2024-09-12T01:58:23.442-0300] {dag.py:4156} INFO - Setting next_dagrun for example_task_group_decorator to None, run_after=None
[2024-09-12T01:58:23.456-0300] {processor.py:208} INFO - Processing /home/gabzarp/.local/lib/python3.10/site-packages/airflow/example_dags/example_task_group_decorator.py took 0.049 seconds
[2024-09-12T01:59:16.100-0300] {processor.py:186} INFO - Started process (PID=12452) to work on /home/gabzarp/.local/lib/python3.10/site-packages/airflow/example_dags/example_task_group_decorator.py
[2024-09-12T01:59:16.103-0300] {processor.py:914} INFO - Processing file /home/gabzarp/.local/lib/python3.10/site-packages/airflow/example_dags/example_task_group_decorator.py for tasks to queue
[2024-09-12T01:59:16.104-0300] {logging_mixin.py:190} INFO - [2024-09-12T01:59:16.104-0300] {dagbag.py:587} INFO - Filling up the DagBag from /home/gabzarp/.local/lib/python3.10/site-packages/airflow/example_dags/example_task_group_decorator.py
[2024-09-12T01:59:16.114-0300] {processor.py:925} INFO - DAG(s) 'example_task_group_decorator' retrieved from /home/gabzarp/.local/lib/python3.10/site-packages/airflow/example_dags/example_task_group_decorator.py
[2024-09-12T01:59:16.127-0300] {logging_mixin.py:190} INFO - [2024-09-12T01:59:16.127-0300] {dag.py:3229} INFO - Sync 1 DAGs
[2024-09-12T01:59:16.135-0300] {logging_mixin.py:190} INFO - [2024-09-12T01:59:16.135-0300] {dag.py:4156} INFO - Setting next_dagrun for example_task_group_decorator to None, run_after=None
[2024-09-12T01:59:16.184-0300] {processor.py:208} INFO - Processing /home/gabzarp/.local/lib/python3.10/site-packages/airflow/example_dags/example_task_group_decorator.py took 0.088 seconds
[2024-09-12T02:00:07.670-0300] {processor.py:186} INFO - Started process (PID=12888) to work on /home/gabzarp/.local/lib/python3.10/site-packages/airflow/example_dags/example_task_group_decorator.py
[2024-09-12T02:00:07.671-0300] {processor.py:914} INFO - Processing file /home/gabzarp/.local/lib/python3.10/site-packages/airflow/example_dags/example_task_group_decorator.py for tasks to queue
[2024-09-12T02:00:07.672-0300] {logging_mixin.py:190} INFO - [2024-09-12T02:00:07.672-0300] {dagbag.py:587} INFO - Filling up the DagBag from /home/gabzarp/.local/lib/python3.10/site-packages/airflow/example_dags/example_task_group_decorator.py
[2024-09-12T02:00:07.682-0300] {processor.py:925} INFO - DAG(s) 'example_task_group_decorator' retrieved from /home/gabzarp/.local/lib/python3.10/site-packages/airflow/example_dags/example_task_group_decorator.py
[2024-09-12T02:00:07.696-0300] {logging_mixin.py:190} INFO - [2024-09-12T02:00:07.696-0300] {dag.py:3229} INFO - Sync 1 DAGs
[2024-09-12T02:00:07.704-0300] {logging_mixin.py:190} INFO - [2024-09-12T02:00:07.704-0300] {dag.py:4156} INFO - Setting next_dagrun for example_task_group_decorator to None, run_after=None
[2024-09-12T02:00:07.719-0300] {processor.py:208} INFO - Processing /home/gabzarp/.local/lib/python3.10/site-packages/airflow/example_dags/example_task_group_decorator.py took 0.052 seconds
[2024-09-12T02:00:58.228-0300] {processor.py:186} INFO - Started process (PID=13377) to work on /home/gabzarp/.local/lib/python3.10/site-packages/airflow/example_dags/example_task_group_decorator.py
[2024-09-12T02:00:58.229-0300] {processor.py:914} INFO - Processing file /home/gabzarp/.local/lib/python3.10/site-packages/airflow/example_dags/example_task_group_decorator.py for tasks to queue
[2024-09-12T02:00:58.230-0300] {logging_mixin.py:190} INFO - [2024-09-12T02:00:58.230-0300] {dagbag.py:587} INFO - Filling up the DagBag from /home/gabzarp/.local/lib/python3.10/site-packages/airflow/example_dags/example_task_group_decorator.py
[2024-09-12T02:00:58.240-0300] {processor.py:925} INFO - DAG(s) 'example_task_group_decorator' retrieved from /home/gabzarp/.local/lib/python3.10/site-packages/airflow/example_dags/example_task_group_decorator.py
[2024-09-12T02:00:58.253-0300] {logging_mixin.py:190} INFO - [2024-09-12T02:00:58.253-0300] {dag.py:3229} INFO - Sync 1 DAGs
[2024-09-12T02:00:58.261-0300] {logging_mixin.py:190} INFO - [2024-09-12T02:00:58.261-0300] {dag.py:4156} INFO - Setting next_dagrun for example_task_group_decorator to None, run_after=None
[2024-09-12T02:00:58.275-0300] {processor.py:208} INFO - Processing /home/gabzarp/.local/lib/python3.10/site-packages/airflow/example_dags/example_task_group_decorator.py took 0.051 seconds
[2024-09-12T02:01:49.172-0300] {processor.py:186} INFO - Started process (PID=13816) to work on /home/gabzarp/.local/lib/python3.10/site-packages/airflow/example_dags/example_task_group_decorator.py
[2024-09-12T02:01:49.173-0300] {processor.py:914} INFO - Processing file /home/gabzarp/.local/lib/python3.10/site-packages/airflow/example_dags/example_task_group_decorator.py for tasks to queue
[2024-09-12T02:01:49.174-0300] {logging_mixin.py:190} INFO - [2024-09-12T02:01:49.174-0300] {dagbag.py:587} INFO - Filling up the DagBag from /home/gabzarp/.local/lib/python3.10/site-packages/airflow/example_dags/example_task_group_decorator.py
[2024-09-12T02:01:49.184-0300] {processor.py:925} INFO - DAG(s) 'example_task_group_decorator' retrieved from /home/gabzarp/.local/lib/python3.10/site-packages/airflow/example_dags/example_task_group_decorator.py
[2024-09-12T02:01:49.198-0300] {logging_mixin.py:190} INFO - [2024-09-12T02:01:49.197-0300] {dag.py:3229} INFO - Sync 1 DAGs
[2024-09-12T02:01:49.205-0300] {logging_mixin.py:190} INFO - [2024-09-12T02:01:49.205-0300] {dag.py:4156} INFO - Setting next_dagrun for example_task_group_decorator to None, run_after=None
[2024-09-12T02:01:49.219-0300] {processor.py:208} INFO - Processing /home/gabzarp/.local/lib/python3.10/site-packages/airflow/example_dags/example_task_group_decorator.py took 0.050 seconds
[2024-09-12T02:02:37.255-0300] {processor.py:186} INFO - Started process (PID=14234) to work on /home/gabzarp/.local/lib/python3.10/site-packages/airflow/example_dags/example_task_group_decorator.py
[2024-09-12T02:02:37.256-0300] {processor.py:914} INFO - Processing file /home/gabzarp/.local/lib/python3.10/site-packages/airflow/example_dags/example_task_group_decorator.py for tasks to queue
[2024-09-12T02:02:37.256-0300] {logging_mixin.py:190} INFO - [2024-09-12T02:02:37.256-0300] {dagbag.py:587} INFO - Filling up the DagBag from /home/gabzarp/.local/lib/python3.10/site-packages/airflow/example_dags/example_task_group_decorator.py
[2024-09-12T02:02:37.267-0300] {processor.py:925} INFO - DAG(s) 'example_task_group_decorator' retrieved from /home/gabzarp/.local/lib/python3.10/site-packages/airflow/example_dags/example_task_group_decorator.py
[2024-09-12T02:02:37.280-0300] {logging_mixin.py:190} INFO - [2024-09-12T02:02:37.280-0300] {dag.py:3229} INFO - Sync 1 DAGs
[2024-09-12T02:02:37.288-0300] {logging_mixin.py:190} INFO - [2024-09-12T02:02:37.288-0300] {dag.py:4156} INFO - Setting next_dagrun for example_task_group_decorator to None, run_after=None
[2024-09-12T02:02:37.303-0300] {processor.py:208} INFO - Processing /home/gabzarp/.local/lib/python3.10/site-packages/airflow/example_dags/example_task_group_decorator.py took 0.052 seconds
[2024-09-12T02:03:25.356-0300] {processor.py:186} INFO - Started process (PID=14623) to work on /home/gabzarp/.local/lib/python3.10/site-packages/airflow/example_dags/example_task_group_decorator.py
[2024-09-12T02:03:25.357-0300] {processor.py:914} INFO - Processing file /home/gabzarp/.local/lib/python3.10/site-packages/airflow/example_dags/example_task_group_decorator.py for tasks to queue
[2024-09-12T02:03:25.357-0300] {logging_mixin.py:190} INFO - [2024-09-12T02:03:25.357-0300] {dagbag.py:587} INFO - Filling up the DagBag from /home/gabzarp/.local/lib/python3.10/site-packages/airflow/example_dags/example_task_group_decorator.py
[2024-09-12T02:03:25.368-0300] {processor.py:925} INFO - DAG(s) 'example_task_group_decorator' retrieved from /home/gabzarp/.local/lib/python3.10/site-packages/airflow/example_dags/example_task_group_decorator.py
[2024-09-12T02:03:25.383-0300] {logging_mixin.py:190} INFO - [2024-09-12T02:03:25.383-0300] {dag.py:3229} INFO - Sync 1 DAGs
[2024-09-12T02:03:25.390-0300] {logging_mixin.py:190} INFO - [2024-09-12T02:03:25.390-0300] {dag.py:4156} INFO - Setting next_dagrun for example_task_group_decorator to None, run_after=None
[2024-09-12T02:03:25.405-0300] {processor.py:208} INFO - Processing /home/gabzarp/.local/lib/python3.10/site-packages/airflow/example_dags/example_task_group_decorator.py took 0.053 seconds
[2024-09-12T02:04:17.367-0300] {processor.py:186} INFO - Started process (PID=15033) to work on /home/gabzarp/.local/lib/python3.10/site-packages/airflow/example_dags/example_task_group_decorator.py
[2024-09-12T02:04:17.368-0300] {processor.py:914} INFO - Processing file /home/gabzarp/.local/lib/python3.10/site-packages/airflow/example_dags/example_task_group_decorator.py for tasks to queue
[2024-09-12T02:04:17.368-0300] {logging_mixin.py:190} INFO - [2024-09-12T02:04:17.368-0300] {dagbag.py:587} INFO - Filling up the DagBag from /home/gabzarp/.local/lib/python3.10/site-packages/airflow/example_dags/example_task_group_decorator.py
[2024-09-12T02:04:17.378-0300] {processor.py:925} INFO - DAG(s) 'example_task_group_decorator' retrieved from /home/gabzarp/.local/lib/python3.10/site-packages/airflow/example_dags/example_task_group_decorator.py
[2024-09-12T02:04:17.393-0300] {logging_mixin.py:190} INFO - [2024-09-12T02:04:17.393-0300] {dag.py:3229} INFO - Sync 1 DAGs
[2024-09-12T02:04:17.403-0300] {logging_mixin.py:190} INFO - [2024-09-12T02:04:17.403-0300] {dag.py:4156} INFO - Setting next_dagrun for example_task_group_decorator to None, run_after=None
[2024-09-12T02:04:17.419-0300] {processor.py:208} INFO - Processing /home/gabzarp/.local/lib/python3.10/site-packages/airflow/example_dags/example_task_group_decorator.py took 0.056 seconds
[2024-09-12T02:05:11.182-0300] {processor.py:186} INFO - Started process (PID=15455) to work on /home/gabzarp/.local/lib/python3.10/site-packages/airflow/example_dags/example_task_group_decorator.py
[2024-09-12T02:05:11.183-0300] {processor.py:914} INFO - Processing file /home/gabzarp/.local/lib/python3.10/site-packages/airflow/example_dags/example_task_group_decorator.py for tasks to queue
[2024-09-12T02:05:11.184-0300] {logging_mixin.py:190} INFO - [2024-09-12T02:05:11.184-0300] {dagbag.py:587} INFO - Filling up the DagBag from /home/gabzarp/.local/lib/python3.10/site-packages/airflow/example_dags/example_task_group_decorator.py
[2024-09-12T02:05:11.194-0300] {processor.py:925} INFO - DAG(s) 'example_task_group_decorator' retrieved from /home/gabzarp/.local/lib/python3.10/site-packages/airflow/example_dags/example_task_group_decorator.py
[2024-09-12T02:05:11.207-0300] {logging_mixin.py:190} INFO - [2024-09-12T02:05:11.207-0300] {dag.py:3229} INFO - Sync 1 DAGs
[2024-09-12T02:05:11.214-0300] {logging_mixin.py:190} INFO - [2024-09-12T02:05:11.214-0300] {dag.py:4156} INFO - Setting next_dagrun for example_task_group_decorator to None, run_after=None
[2024-09-12T02:05:11.228-0300] {processor.py:208} INFO - Processing /home/gabzarp/.local/lib/python3.10/site-packages/airflow/example_dags/example_task_group_decorator.py took 0.050 seconds
[2024-09-12T02:06:04.231-0300] {processor.py:186} INFO - Started process (PID=15874) to work on /home/gabzarp/.local/lib/python3.10/site-packages/airflow/example_dags/example_task_group_decorator.py
[2024-09-12T02:06:04.232-0300] {processor.py:914} INFO - Processing file /home/gabzarp/.local/lib/python3.10/site-packages/airflow/example_dags/example_task_group_decorator.py for tasks to queue
[2024-09-12T02:06:04.233-0300] {logging_mixin.py:190} INFO - [2024-09-12T02:06:04.233-0300] {dagbag.py:587} INFO - Filling up the DagBag from /home/gabzarp/.local/lib/python3.10/site-packages/airflow/example_dags/example_task_group_decorator.py
[2024-09-12T02:06:04.243-0300] {processor.py:925} INFO - DAG(s) 'example_task_group_decorator' retrieved from /home/gabzarp/.local/lib/python3.10/site-packages/airflow/example_dags/example_task_group_decorator.py
[2024-09-12T02:06:04.257-0300] {logging_mixin.py:190} INFO - [2024-09-12T02:06:04.256-0300] {dag.py:3229} INFO - Sync 1 DAGs
[2024-09-12T02:06:04.265-0300] {logging_mixin.py:190} INFO - [2024-09-12T02:06:04.265-0300] {dag.py:4156} INFO - Setting next_dagrun for example_task_group_decorator to None, run_after=None
[2024-09-12T02:06:04.281-0300] {processor.py:208} INFO - Processing /home/gabzarp/.local/lib/python3.10/site-packages/airflow/example_dags/example_task_group_decorator.py took 0.054 seconds
[2024-09-12T02:06:55.019-0300] {processor.py:186} INFO - Started process (PID=16278) to work on /home/gabzarp/.local/lib/python3.10/site-packages/airflow/example_dags/example_task_group_decorator.py
[2024-09-12T02:06:55.020-0300] {processor.py:914} INFO - Processing file /home/gabzarp/.local/lib/python3.10/site-packages/airflow/example_dags/example_task_group_decorator.py for tasks to queue
[2024-09-12T02:06:55.021-0300] {logging_mixin.py:190} INFO - [2024-09-12T02:06:55.021-0300] {dagbag.py:587} INFO - Filling up the DagBag from /home/gabzarp/.local/lib/python3.10/site-packages/airflow/example_dags/example_task_group_decorator.py
[2024-09-12T02:06:55.032-0300] {processor.py:925} INFO - DAG(s) 'example_task_group_decorator' retrieved from /home/gabzarp/.local/lib/python3.10/site-packages/airflow/example_dags/example_task_group_decorator.py
[2024-09-12T02:06:55.049-0300] {logging_mixin.py:190} INFO - [2024-09-12T02:06:55.049-0300] {dag.py:3229} INFO - Sync 1 DAGs
[2024-09-12T02:06:55.062-0300] {logging_mixin.py:190} INFO - [2024-09-12T02:06:55.061-0300] {dag.py:4156} INFO - Setting next_dagrun for example_task_group_decorator to None, run_after=None
[2024-09-12T02:06:55.083-0300] {processor.py:208} INFO - Processing /home/gabzarp/.local/lib/python3.10/site-packages/airflow/example_dags/example_task_group_decorator.py took 0.068 seconds
[2024-09-12T02:07:42.380-0300] {processor.py:186} INFO - Started process (PID=16652) to work on /home/gabzarp/.local/lib/python3.10/site-packages/airflow/example_dags/example_task_group_decorator.py
[2024-09-12T02:07:42.381-0300] {processor.py:914} INFO - Processing file /home/gabzarp/.local/lib/python3.10/site-packages/airflow/example_dags/example_task_group_decorator.py for tasks to queue
[2024-09-12T02:07:42.382-0300] {logging_mixin.py:190} INFO - [2024-09-12T02:07:42.382-0300] {dagbag.py:587} INFO - Filling up the DagBag from /home/gabzarp/.local/lib/python3.10/site-packages/airflow/example_dags/example_task_group_decorator.py
[2024-09-12T02:07:42.394-0300] {processor.py:925} INFO - DAG(s) 'example_task_group_decorator' retrieved from /home/gabzarp/.local/lib/python3.10/site-packages/airflow/example_dags/example_task_group_decorator.py
[2024-09-12T02:07:42.411-0300] {logging_mixin.py:190} INFO - [2024-09-12T02:07:42.411-0300] {dag.py:3229} INFO - Sync 1 DAGs
[2024-09-12T02:07:42.420-0300] {logging_mixin.py:190} INFO - [2024-09-12T02:07:42.420-0300] {dag.py:4156} INFO - Setting next_dagrun for example_task_group_decorator to None, run_after=None
[2024-09-12T02:07:42.475-0300] {processor.py:208} INFO - Processing /home/gabzarp/.local/lib/python3.10/site-packages/airflow/example_dags/example_task_group_decorator.py took 0.099 seconds
[2024-09-12T02:08:32.351-0300] {processor.py:186} INFO - Started process (PID=17044) to work on /home/gabzarp/.local/lib/python3.10/site-packages/airflow/example_dags/example_task_group_decorator.py
[2024-09-12T02:08:32.352-0300] {processor.py:914} INFO - Processing file /home/gabzarp/.local/lib/python3.10/site-packages/airflow/example_dags/example_task_group_decorator.py for tasks to queue
[2024-09-12T02:08:32.352-0300] {logging_mixin.py:190} INFO - [2024-09-12T02:08:32.352-0300] {dagbag.py:587} INFO - Filling up the DagBag from /home/gabzarp/.local/lib/python3.10/site-packages/airflow/example_dags/example_task_group_decorator.py
[2024-09-12T02:08:32.363-0300] {processor.py:925} INFO - DAG(s) 'example_task_group_decorator' retrieved from /home/gabzarp/.local/lib/python3.10/site-packages/airflow/example_dags/example_task_group_decorator.py
[2024-09-12T02:08:32.377-0300] {logging_mixin.py:190} INFO - [2024-09-12T02:08:32.377-0300] {dag.py:3229} INFO - Sync 1 DAGs
[2024-09-12T02:08:32.385-0300] {logging_mixin.py:190} INFO - [2024-09-12T02:08:32.385-0300] {dag.py:4156} INFO - Setting next_dagrun for example_task_group_decorator to None, run_after=None
[2024-09-12T02:08:32.402-0300] {processor.py:208} INFO - Processing /home/gabzarp/.local/lib/python3.10/site-packages/airflow/example_dags/example_task_group_decorator.py took 0.056 seconds
[2024-09-12T02:09:21.991-0300] {processor.py:186} INFO - Started process (PID=17443) to work on /home/gabzarp/.local/lib/python3.10/site-packages/airflow/example_dags/example_task_group_decorator.py
[2024-09-12T02:09:21.992-0300] {processor.py:914} INFO - Processing file /home/gabzarp/.local/lib/python3.10/site-packages/airflow/example_dags/example_task_group_decorator.py for tasks to queue
[2024-09-12T02:09:21.992-0300] {logging_mixin.py:190} INFO - [2024-09-12T02:09:21.992-0300] {dagbag.py:587} INFO - Filling up the DagBag from /home/gabzarp/.local/lib/python3.10/site-packages/airflow/example_dags/example_task_group_decorator.py
[2024-09-12T02:09:22.003-0300] {processor.py:925} INFO - DAG(s) 'example_task_group_decorator' retrieved from /home/gabzarp/.local/lib/python3.10/site-packages/airflow/example_dags/example_task_group_decorator.py
[2024-09-12T02:09:22.017-0300] {logging_mixin.py:190} INFO - [2024-09-12T02:09:22.017-0300] {dag.py:3229} INFO - Sync 1 DAGs
[2024-09-12T02:09:22.026-0300] {logging_mixin.py:190} INFO - [2024-09-12T02:09:22.025-0300] {dag.py:4156} INFO - Setting next_dagrun for example_task_group_decorator to None, run_after=None
[2024-09-12T02:09:22.040-0300] {processor.py:208} INFO - Processing /home/gabzarp/.local/lib/python3.10/site-packages/airflow/example_dags/example_task_group_decorator.py took 0.053 seconds
