[2024-09-12T01:39:30.699-0300] {processor.py:186} INFO - Started process (PID=2579) to work on /home/gabzarp/.local/lib/python3.10/site-packages/airflow/example_dags/example_setup_teardown.py
[2024-09-12T01:39:30.700-0300] {processor.py:914} INFO - Processing file /home/gabzarp/.local/lib/python3.10/site-packages/airflow/example_dags/example_setup_teardown.py for tasks to queue
[2024-09-12T01:39:30.701-0300] {logging_mixin.py:190} INFO - [2024-09-12T01:39:30.701-0300] {dagbag.py:587} INFO - Filling up the DagBag from /home/gabzarp/.local/lib/python3.10/site-packages/airflow/example_dags/example_setup_teardown.py
[2024-09-12T01:39:30.707-0300] {processor.py:925} INFO - DAG(s) 'example_setup_teardown' retrieved from /home/gabzarp/.local/lib/python3.10/site-packages/airflow/example_dags/example_setup_teardown.py
[2024-09-12T01:39:30.773-0300] {logging_mixin.py:190} INFO - [2024-09-12T01:39:30.772-0300] {override.py:1900} INFO - Created Permission View: can edit on DAG:example_setup_teardown
[2024-09-12T01:39:30.782-0300] {logging_mixin.py:190} INFO - [2024-09-12T01:39:30.782-0300] {override.py:1900} INFO - Created Permission View: can read on DAG:example_setup_teardown
[2024-09-12T01:39:30.789-0300] {logging_mixin.py:190} INFO - [2024-09-12T01:39:30.789-0300] {override.py:1900} INFO - Created Permission View: can delete on DAG:example_setup_teardown
[2024-09-12T01:39:30.800-0300] {logging_mixin.py:190} INFO - [2024-09-12T01:39:30.800-0300] {override.py:1900} INFO - Created Permission View: can read on DAG Run:example_setup_teardown
[2024-09-12T01:39:30.807-0300] {logging_mixin.py:190} INFO - [2024-09-12T01:39:30.807-0300] {override.py:1900} INFO - Created Permission View: can create on DAG Run:example_setup_teardown
[2024-09-12T01:39:30.814-0300] {logging_mixin.py:190} INFO - [2024-09-12T01:39:30.814-0300] {override.py:1900} INFO - Created Permission View: menu access on DAG Run:example_setup_teardown
[2024-09-12T01:39:30.821-0300] {logging_mixin.py:190} INFO - [2024-09-12T01:39:30.821-0300] {override.py:1900} INFO - Created Permission View: can delete on DAG Run:example_setup_teardown
[2024-09-12T01:39:30.822-0300] {logging_mixin.py:190} INFO - [2024-09-12T01:39:30.821-0300] {dag.py:3229} INFO - Sync 1 DAGs
[2024-09-12T01:39:30.830-0300] {logging_mixin.py:190} INFO - [2024-09-12T01:39:30.830-0300] {dag.py:3252} INFO - Creating ORM DAG for example_setup_teardown
[2024-09-12T01:39:30.830-0300] {logging_mixin.py:190} INFO - [2024-09-12T01:39:30.830-0300] {dag.py:4156} INFO - Setting next_dagrun for example_setup_teardown to None, run_after=None
[2024-09-12T01:39:30.844-0300] {processor.py:208} INFO - Processing /home/gabzarp/.local/lib/python3.10/site-packages/airflow/example_dags/example_setup_teardown.py took 0.148 seconds
[2024-09-12T01:40:28.181-0300] {processor.py:186} INFO - Started process (PID=2864) to work on /home/gabzarp/.local/lib/python3.10/site-packages/airflow/example_dags/example_setup_teardown.py
[2024-09-12T01:40:28.182-0300] {processor.py:914} INFO - Processing file /home/gabzarp/.local/lib/python3.10/site-packages/airflow/example_dags/example_setup_teardown.py for tasks to queue
[2024-09-12T01:40:28.183-0300] {logging_mixin.py:190} INFO - [2024-09-12T01:40:28.183-0300] {dagbag.py:587} INFO - Filling up the DagBag from /home/gabzarp/.local/lib/python3.10/site-packages/airflow/example_dags/example_setup_teardown.py
[2024-09-12T01:40:28.189-0300] {processor.py:925} INFO - DAG(s) 'example_setup_teardown' retrieved from /home/gabzarp/.local/lib/python3.10/site-packages/airflow/example_dags/example_setup_teardown.py
[2024-09-12T01:40:28.201-0300] {logging_mixin.py:190} INFO - [2024-09-12T01:40:28.201-0300] {dag.py:3229} INFO - Sync 1 DAGs
[2024-09-12T01:40:28.210-0300] {logging_mixin.py:190} INFO - [2024-09-12T01:40:28.210-0300] {dag.py:4156} INFO - Setting next_dagrun for example_setup_teardown to None, run_after=None
[2024-09-12T01:40:28.227-0300] {processor.py:208} INFO - Processing /home/gabzarp/.local/lib/python3.10/site-packages/airflow/example_dags/example_setup_teardown.py took 0.050 seconds
[2024-09-12T01:41:19.997-0300] {processor.py:186} INFO - Started process (PID=3209) to work on /home/gabzarp/.local/lib/python3.10/site-packages/airflow/example_dags/example_setup_teardown.py
[2024-09-12T01:41:19.998-0300] {processor.py:914} INFO - Processing file /home/gabzarp/.local/lib/python3.10/site-packages/airflow/example_dags/example_setup_teardown.py for tasks to queue
[2024-09-12T01:41:20.000-0300] {logging_mixin.py:190} INFO - [2024-09-12T01:41:20.000-0300] {dagbag.py:587} INFO - Filling up the DagBag from /home/gabzarp/.local/lib/python3.10/site-packages/airflow/example_dags/example_setup_teardown.py
[2024-09-12T01:41:20.006-0300] {processor.py:925} INFO - DAG(s) 'example_setup_teardown' retrieved from /home/gabzarp/.local/lib/python3.10/site-packages/airflow/example_dags/example_setup_teardown.py
[2024-09-12T01:41:20.019-0300] {logging_mixin.py:190} INFO - [2024-09-12T01:41:20.019-0300] {dag.py:3229} INFO - Sync 1 DAGs
[2024-09-12T01:41:20.028-0300] {logging_mixin.py:190} INFO - [2024-09-12T01:41:20.028-0300] {dag.py:4156} INFO - Setting next_dagrun for example_setup_teardown to None, run_after=None
[2024-09-12T01:41:20.046-0300] {processor.py:208} INFO - Processing /home/gabzarp/.local/lib/python3.10/site-packages/airflow/example_dags/example_setup_teardown.py took 0.053 seconds
[2024-09-12T01:42:10.654-0300] {processor.py:186} INFO - Started process (PID=3462) to work on /home/gabzarp/.local/lib/python3.10/site-packages/airflow/example_dags/example_setup_teardown.py
[2024-09-12T01:42:10.655-0300] {processor.py:914} INFO - Processing file /home/gabzarp/.local/lib/python3.10/site-packages/airflow/example_dags/example_setup_teardown.py for tasks to queue
[2024-09-12T01:42:10.656-0300] {logging_mixin.py:190} INFO - [2024-09-12T01:42:10.656-0300] {dagbag.py:587} INFO - Filling up the DagBag from /home/gabzarp/.local/lib/python3.10/site-packages/airflow/example_dags/example_setup_teardown.py
[2024-09-12T01:42:10.661-0300] {processor.py:925} INFO - DAG(s) 'example_setup_teardown' retrieved from /home/gabzarp/.local/lib/python3.10/site-packages/airflow/example_dags/example_setup_teardown.py
[2024-09-12T01:42:10.671-0300] {logging_mixin.py:190} INFO - [2024-09-12T01:42:10.671-0300] {dag.py:3229} INFO - Sync 1 DAGs
[2024-09-12T01:42:10.679-0300] {logging_mixin.py:190} INFO - [2024-09-12T01:42:10.679-0300] {dag.py:4156} INFO - Setting next_dagrun for example_setup_teardown to None, run_after=None
[2024-09-12T01:42:10.693-0300] {processor.py:208} INFO - Processing /home/gabzarp/.local/lib/python3.10/site-packages/airflow/example_dags/example_setup_teardown.py took 0.043 seconds
[2024-09-12T01:43:00.195-0300] {processor.py:186} INFO - Started process (PID=3713) to work on /home/gabzarp/.local/lib/python3.10/site-packages/airflow/example_dags/example_setup_teardown.py
[2024-09-12T01:43:00.196-0300] {processor.py:914} INFO - Processing file /home/gabzarp/.local/lib/python3.10/site-packages/airflow/example_dags/example_setup_teardown.py for tasks to queue
[2024-09-12T01:43:00.197-0300] {logging_mixin.py:190} INFO - [2024-09-12T01:43:00.197-0300] {dagbag.py:587} INFO - Filling up the DagBag from /home/gabzarp/.local/lib/python3.10/site-packages/airflow/example_dags/example_setup_teardown.py
[2024-09-12T01:43:00.202-0300] {processor.py:925} INFO - DAG(s) 'example_setup_teardown' retrieved from /home/gabzarp/.local/lib/python3.10/site-packages/airflow/example_dags/example_setup_teardown.py
[2024-09-12T01:43:00.213-0300] {logging_mixin.py:190} INFO - [2024-09-12T01:43:00.212-0300] {dag.py:3229} INFO - Sync 1 DAGs
[2024-09-12T01:43:00.220-0300] {logging_mixin.py:190} INFO - [2024-09-12T01:43:00.220-0300] {dag.py:4156} INFO - Setting next_dagrun for example_setup_teardown to None, run_after=None
[2024-09-12T01:43:00.235-0300] {processor.py:208} INFO - Processing /home/gabzarp/.local/lib/python3.10/site-packages/airflow/example_dags/example_setup_teardown.py took 0.043 seconds
[2024-09-12T01:43:49.343-0300] {processor.py:186} INFO - Started process (PID=4173) to work on /home/gabzarp/.local/lib/python3.10/site-packages/airflow/example_dags/example_setup_teardown.py
[2024-09-12T01:43:49.345-0300] {processor.py:914} INFO - Processing file /home/gabzarp/.local/lib/python3.10/site-packages/airflow/example_dags/example_setup_teardown.py for tasks to queue
[2024-09-12T01:43:49.346-0300] {logging_mixin.py:190} INFO - [2024-09-12T01:43:49.346-0300] {dagbag.py:587} INFO - Filling up the DagBag from /home/gabzarp/.local/lib/python3.10/site-packages/airflow/example_dags/example_setup_teardown.py
[2024-09-12T01:43:49.353-0300] {processor.py:925} INFO - DAG(s) 'example_setup_teardown' retrieved from /home/gabzarp/.local/lib/python3.10/site-packages/airflow/example_dags/example_setup_teardown.py
[2024-09-12T01:43:49.367-0300] {logging_mixin.py:190} INFO - [2024-09-12T01:43:49.367-0300] {dag.py:3229} INFO - Sync 1 DAGs
[2024-09-12T01:43:49.479-0300] {logging_mixin.py:190} INFO - [2024-09-12T01:43:49.479-0300] {dag.py:4156} INFO - Setting next_dagrun for example_setup_teardown to None, run_after=None
[2024-09-12T01:43:49.495-0300] {processor.py:208} INFO - Processing /home/gabzarp/.local/lib/python3.10/site-packages/airflow/example_dags/example_setup_teardown.py took 0.156 seconds
[2024-09-12T01:45:31.898-0300] {processor.py:186} INFO - Started process (PID=5286) to work on /home/gabzarp/.local/lib/python3.10/site-packages/airflow/example_dags/example_setup_teardown.py
[2024-09-12T01:45:31.899-0300] {processor.py:914} INFO - Processing file /home/gabzarp/.local/lib/python3.10/site-packages/airflow/example_dags/example_setup_teardown.py for tasks to queue
[2024-09-12T01:45:31.901-0300] {logging_mixin.py:190} INFO - [2024-09-12T01:45:31.901-0300] {dagbag.py:587} INFO - Filling up the DagBag from /home/gabzarp/.local/lib/python3.10/site-packages/airflow/example_dags/example_setup_teardown.py
[2024-09-12T01:45:31.909-0300] {processor.py:925} INFO - DAG(s) 'example_setup_teardown' retrieved from /home/gabzarp/.local/lib/python3.10/site-packages/airflow/example_dags/example_setup_teardown.py
[2024-09-12T01:45:31.924-0300] {logging_mixin.py:190} INFO - [2024-09-12T01:45:31.924-0300] {dag.py:3229} INFO - Sync 1 DAGs
[2024-09-12T01:45:31.936-0300] {logging_mixin.py:190} INFO - [2024-09-12T01:45:31.935-0300] {dag.py:4156} INFO - Setting next_dagrun for example_setup_teardown to None, run_after=None
[2024-09-12T01:45:31.955-0300] {processor.py:208} INFO - Processing /home/gabzarp/.local/lib/python3.10/site-packages/airflow/example_dags/example_setup_teardown.py took 0.064 seconds
[2024-09-12T01:46:22.193-0300] {processor.py:186} INFO - Started process (PID=5695) to work on /home/gabzarp/.local/lib/python3.10/site-packages/airflow/example_dags/example_setup_teardown.py
[2024-09-12T01:46:22.194-0300] {processor.py:914} INFO - Processing file /home/gabzarp/.local/lib/python3.10/site-packages/airflow/example_dags/example_setup_teardown.py for tasks to queue
[2024-09-12T01:46:22.195-0300] {logging_mixin.py:190} INFO - [2024-09-12T01:46:22.195-0300] {dagbag.py:587} INFO - Filling up the DagBag from /home/gabzarp/.local/lib/python3.10/site-packages/airflow/example_dags/example_setup_teardown.py
[2024-09-12T01:46:22.200-0300] {processor.py:925} INFO - DAG(s) 'example_setup_teardown' retrieved from /home/gabzarp/.local/lib/python3.10/site-packages/airflow/example_dags/example_setup_teardown.py
[2024-09-12T01:46:22.210-0300] {logging_mixin.py:190} INFO - [2024-09-12T01:46:22.210-0300] {dag.py:3229} INFO - Sync 1 DAGs
[2024-09-12T01:46:22.217-0300] {logging_mixin.py:190} INFO - [2024-09-12T01:46:22.217-0300] {dag.py:4156} INFO - Setting next_dagrun for example_setup_teardown to None, run_after=None
[2024-09-12T01:46:22.233-0300] {processor.py:208} INFO - Processing /home/gabzarp/.local/lib/python3.10/site-packages/airflow/example_dags/example_setup_teardown.py took 0.044 seconds
[2024-09-12T01:47:12.044-0300] {processor.py:186} INFO - Started process (PID=6089) to work on /home/gabzarp/.local/lib/python3.10/site-packages/airflow/example_dags/example_setup_teardown.py
[2024-09-12T01:47:12.045-0300] {processor.py:914} INFO - Processing file /home/gabzarp/.local/lib/python3.10/site-packages/airflow/example_dags/example_setup_teardown.py for tasks to queue
[2024-09-12T01:47:12.047-0300] {logging_mixin.py:190} INFO - [2024-09-12T01:47:12.046-0300] {dagbag.py:587} INFO - Filling up the DagBag from /home/gabzarp/.local/lib/python3.10/site-packages/airflow/example_dags/example_setup_teardown.py
[2024-09-12T01:47:12.052-0300] {processor.py:925} INFO - DAG(s) 'example_setup_teardown' retrieved from /home/gabzarp/.local/lib/python3.10/site-packages/airflow/example_dags/example_setup_teardown.py
[2024-09-12T01:47:12.063-0300] {logging_mixin.py:190} INFO - [2024-09-12T01:47:12.063-0300] {dag.py:3229} INFO - Sync 1 DAGs
[2024-09-12T01:47:12.071-0300] {logging_mixin.py:190} INFO - [2024-09-12T01:47:12.071-0300] {dag.py:4156} INFO - Setting next_dagrun for example_setup_teardown to None, run_after=None
[2024-09-12T01:47:12.087-0300] {processor.py:208} INFO - Processing /home/gabzarp/.local/lib/python3.10/site-packages/airflow/example_dags/example_setup_teardown.py took 0.046 seconds
[2024-09-12T01:47:59.444-0300] {processor.py:186} INFO - Started process (PID=6468) to work on /home/gabzarp/.local/lib/python3.10/site-packages/airflow/example_dags/example_setup_teardown.py
[2024-09-12T01:47:59.445-0300] {processor.py:914} INFO - Processing file /home/gabzarp/.local/lib/python3.10/site-packages/airflow/example_dags/example_setup_teardown.py for tasks to queue
[2024-09-12T01:47:59.447-0300] {logging_mixin.py:190} INFO - [2024-09-12T01:47:59.446-0300] {dagbag.py:587} INFO - Filling up the DagBag from /home/gabzarp/.local/lib/python3.10/site-packages/airflow/example_dags/example_setup_teardown.py
[2024-09-12T01:47:59.452-0300] {processor.py:925} INFO - DAG(s) 'example_setup_teardown' retrieved from /home/gabzarp/.local/lib/python3.10/site-packages/airflow/example_dags/example_setup_teardown.py
[2024-09-12T01:47:59.464-0300] {logging_mixin.py:190} INFO - [2024-09-12T01:47:59.463-0300] {dag.py:3229} INFO - Sync 1 DAGs
[2024-09-12T01:47:59.472-0300] {logging_mixin.py:190} INFO - [2024-09-12T01:47:59.472-0300] {dag.py:4156} INFO - Setting next_dagrun for example_setup_teardown to None, run_after=None
[2024-09-12T01:47:59.488-0300] {processor.py:208} INFO - Processing /home/gabzarp/.local/lib/python3.10/site-packages/airflow/example_dags/example_setup_teardown.py took 0.047 seconds
[2024-09-12T01:48:49.727-0300] {processor.py:186} INFO - Started process (PID=7009) to work on /home/gabzarp/.local/lib/python3.10/site-packages/airflow/example_dags/example_setup_teardown.py
[2024-09-12T01:48:49.733-0300] {processor.py:914} INFO - Processing file /home/gabzarp/.local/lib/python3.10/site-packages/airflow/example_dags/example_setup_teardown.py for tasks to queue
[2024-09-12T01:48:49.734-0300] {logging_mixin.py:190} INFO - [2024-09-12T01:48:49.734-0300] {dagbag.py:587} INFO - Filling up the DagBag from /home/gabzarp/.local/lib/python3.10/site-packages/airflow/example_dags/example_setup_teardown.py
[2024-09-12T01:48:49.740-0300] {processor.py:925} INFO - DAG(s) 'example_setup_teardown' retrieved from /home/gabzarp/.local/lib/python3.10/site-packages/airflow/example_dags/example_setup_teardown.py
[2024-09-12T01:48:49.752-0300] {logging_mixin.py:190} INFO - [2024-09-12T01:48:49.752-0300] {dag.py:3229} INFO - Sync 1 DAGs
[2024-09-12T01:48:49.760-0300] {logging_mixin.py:190} INFO - [2024-09-12T01:48:49.760-0300] {dag.py:4156} INFO - Setting next_dagrun for example_setup_teardown to None, run_after=None
[2024-09-12T01:48:49.778-0300] {processor.py:208} INFO - Processing /home/gabzarp/.local/lib/python3.10/site-packages/airflow/example_dags/example_setup_teardown.py took 0.054 seconds
[2024-09-12T01:49:39.632-0300] {processor.py:186} INFO - Started process (PID=7401) to work on /home/gabzarp/.local/lib/python3.10/site-packages/airflow/example_dags/example_setup_teardown.py
[2024-09-12T01:49:39.633-0300] {processor.py:914} INFO - Processing file /home/gabzarp/.local/lib/python3.10/site-packages/airflow/example_dags/example_setup_teardown.py for tasks to queue
[2024-09-12T01:49:39.635-0300] {logging_mixin.py:190} INFO - [2024-09-12T01:49:39.634-0300] {dagbag.py:587} INFO - Filling up the DagBag from /home/gabzarp/.local/lib/python3.10/site-packages/airflow/example_dags/example_setup_teardown.py
[2024-09-12T01:49:39.643-0300] {processor.py:925} INFO - DAG(s) 'example_setup_teardown' retrieved from /home/gabzarp/.local/lib/python3.10/site-packages/airflow/example_dags/example_setup_teardown.py
[2024-09-12T01:49:39.657-0300] {logging_mixin.py:190} INFO - [2024-09-12T01:49:39.657-0300] {dag.py:3229} INFO - Sync 1 DAGs
[2024-09-12T01:49:39.667-0300] {logging_mixin.py:190} INFO - [2024-09-12T01:49:39.667-0300] {dag.py:4156} INFO - Setting next_dagrun for example_setup_teardown to None, run_after=None
[2024-09-12T01:49:39.687-0300] {processor.py:208} INFO - Processing /home/gabzarp/.local/lib/python3.10/site-packages/airflow/example_dags/example_setup_teardown.py took 0.060 seconds
[2024-09-12T01:50:29.035-0300] {processor.py:186} INFO - Started process (PID=7879) to work on /home/gabzarp/.local/lib/python3.10/site-packages/airflow/example_dags/example_setup_teardown.py
[2024-09-12T01:50:29.036-0300] {processor.py:914} INFO - Processing file /home/gabzarp/.local/lib/python3.10/site-packages/airflow/example_dags/example_setup_teardown.py for tasks to queue
[2024-09-12T01:50:29.037-0300] {logging_mixin.py:190} INFO - [2024-09-12T01:50:29.037-0300] {dagbag.py:587} INFO - Filling up the DagBag from /home/gabzarp/.local/lib/python3.10/site-packages/airflow/example_dags/example_setup_teardown.py
[2024-09-12T01:50:29.042-0300] {processor.py:925} INFO - DAG(s) 'example_setup_teardown' retrieved from /home/gabzarp/.local/lib/python3.10/site-packages/airflow/example_dags/example_setup_teardown.py
[2024-09-12T01:50:29.053-0300] {logging_mixin.py:190} INFO - [2024-09-12T01:50:29.052-0300] {dag.py:3229} INFO - Sync 1 DAGs
[2024-09-12T01:50:29.060-0300] {logging_mixin.py:190} INFO - [2024-09-12T01:50:29.060-0300] {dag.py:4156} INFO - Setting next_dagrun for example_setup_teardown to None, run_after=None
[2024-09-12T01:50:29.117-0300] {processor.py:208} INFO - Processing /home/gabzarp/.local/lib/python3.10/site-packages/airflow/example_dags/example_setup_teardown.py took 0.086 seconds
[2024-09-12T01:51:18.152-0300] {processor.py:186} INFO - Started process (PID=8306) to work on /home/gabzarp/.local/lib/python3.10/site-packages/airflow/example_dags/example_setup_teardown.py
[2024-09-12T01:51:18.153-0300] {processor.py:914} INFO - Processing file /home/gabzarp/.local/lib/python3.10/site-packages/airflow/example_dags/example_setup_teardown.py for tasks to queue
[2024-09-12T01:51:18.154-0300] {logging_mixin.py:190} INFO - [2024-09-12T01:51:18.154-0300] {dagbag.py:587} INFO - Filling up the DagBag from /home/gabzarp/.local/lib/python3.10/site-packages/airflow/example_dags/example_setup_teardown.py
[2024-09-12T01:51:18.159-0300] {processor.py:925} INFO - DAG(s) 'example_setup_teardown' retrieved from /home/gabzarp/.local/lib/python3.10/site-packages/airflow/example_dags/example_setup_teardown.py
[2024-09-12T01:51:18.169-0300] {logging_mixin.py:190} INFO - [2024-09-12T01:51:18.169-0300] {dag.py:3229} INFO - Sync 1 DAGs
[2024-09-12T01:51:18.177-0300] {logging_mixin.py:190} INFO - [2024-09-12T01:51:18.176-0300] {dag.py:4156} INFO - Setting next_dagrun for example_setup_teardown to None, run_after=None
[2024-09-12T01:51:18.192-0300] {processor.py:208} INFO - Processing /home/gabzarp/.local/lib/python3.10/site-packages/airflow/example_dags/example_setup_teardown.py took 0.043 seconds
[2024-09-12T01:52:07.626-0300] {processor.py:186} INFO - Started process (PID=8804) to work on /home/gabzarp/.local/lib/python3.10/site-packages/airflow/example_dags/example_setup_teardown.py
[2024-09-12T01:52:07.627-0300] {processor.py:914} INFO - Processing file /home/gabzarp/.local/lib/python3.10/site-packages/airflow/example_dags/example_setup_teardown.py for tasks to queue
[2024-09-12T01:52:07.628-0300] {logging_mixin.py:190} INFO - [2024-09-12T01:52:07.628-0300] {dagbag.py:587} INFO - Filling up the DagBag from /home/gabzarp/.local/lib/python3.10/site-packages/airflow/example_dags/example_setup_teardown.py
[2024-09-12T01:52:07.634-0300] {processor.py:925} INFO - DAG(s) 'example_setup_teardown' retrieved from /home/gabzarp/.local/lib/python3.10/site-packages/airflow/example_dags/example_setup_teardown.py
[2024-09-12T01:52:07.645-0300] {logging_mixin.py:190} INFO - [2024-09-12T01:52:07.645-0300] {dag.py:3229} INFO - Sync 1 DAGs
[2024-09-12T01:52:07.654-0300] {logging_mixin.py:190} INFO - [2024-09-12T01:52:07.653-0300] {dag.py:4156} INFO - Setting next_dagrun for example_setup_teardown to None, run_after=None
[2024-09-12T01:52:07.672-0300] {processor.py:208} INFO - Processing /home/gabzarp/.local/lib/python3.10/site-packages/airflow/example_dags/example_setup_teardown.py took 0.049 seconds
[2024-09-12T01:52:59.817-0300] {processor.py:186} INFO - Started process (PID=9364) to work on /home/gabzarp/.local/lib/python3.10/site-packages/airflow/example_dags/example_setup_teardown.py
[2024-09-12T01:52:59.819-0300] {processor.py:914} INFO - Processing file /home/gabzarp/.local/lib/python3.10/site-packages/airflow/example_dags/example_setup_teardown.py for tasks to queue
[2024-09-12T01:52:59.820-0300] {logging_mixin.py:190} INFO - [2024-09-12T01:52:59.819-0300] {dagbag.py:587} INFO - Filling up the DagBag from /home/gabzarp/.local/lib/python3.10/site-packages/airflow/example_dags/example_setup_teardown.py
[2024-09-12T01:52:59.827-0300] {processor.py:925} INFO - DAG(s) 'example_setup_teardown' retrieved from /home/gabzarp/.local/lib/python3.10/site-packages/airflow/example_dags/example_setup_teardown.py
[2024-09-12T01:52:59.841-0300] {logging_mixin.py:190} INFO - [2024-09-12T01:52:59.841-0300] {dag.py:3229} INFO - Sync 1 DAGs
[2024-09-12T01:52:59.851-0300] {logging_mixin.py:190} INFO - [2024-09-12T01:52:59.851-0300] {dag.py:4156} INFO - Setting next_dagrun for example_setup_teardown to None, run_after=None
[2024-09-12T01:52:59.867-0300] {processor.py:208} INFO - Processing /home/gabzarp/.local/lib/python3.10/site-packages/airflow/example_dags/example_setup_teardown.py took 0.058 seconds
[2024-09-12T01:53:52.640-0300] {processor.py:186} INFO - Started process (PID=9818) to work on /home/gabzarp/.local/lib/python3.10/site-packages/airflow/example_dags/example_setup_teardown.py
[2024-09-12T01:53:52.640-0300] {processor.py:914} INFO - Processing file /home/gabzarp/.local/lib/python3.10/site-packages/airflow/example_dags/example_setup_teardown.py for tasks to queue
[2024-09-12T01:53:52.641-0300] {logging_mixin.py:190} INFO - [2024-09-12T01:53:52.641-0300] {dagbag.py:587} INFO - Filling up the DagBag from /home/gabzarp/.local/lib/python3.10/site-packages/airflow/example_dags/example_setup_teardown.py
[2024-09-12T01:53:52.647-0300] {processor.py:925} INFO - DAG(s) 'example_setup_teardown' retrieved from /home/gabzarp/.local/lib/python3.10/site-packages/airflow/example_dags/example_setup_teardown.py
[2024-09-12T01:53:52.657-0300] {logging_mixin.py:190} INFO - [2024-09-12T01:53:52.657-0300] {dag.py:3229} INFO - Sync 1 DAGs
[2024-09-12T01:53:52.665-0300] {logging_mixin.py:190} INFO - [2024-09-12T01:53:52.664-0300] {dag.py:4156} INFO - Setting next_dagrun for example_setup_teardown to None, run_after=None
[2024-09-12T01:53:52.678-0300] {processor.py:208} INFO - Processing /home/gabzarp/.local/lib/python3.10/site-packages/airflow/example_dags/example_setup_teardown.py took 0.042 seconds
[2024-09-12T01:54:43.228-0300] {processor.py:186} INFO - Started process (PID=10223) to work on /home/gabzarp/.local/lib/python3.10/site-packages/airflow/example_dags/example_setup_teardown.py
[2024-09-12T01:54:43.229-0300] {processor.py:914} INFO - Processing file /home/gabzarp/.local/lib/python3.10/site-packages/airflow/example_dags/example_setup_teardown.py for tasks to queue
[2024-09-12T01:54:43.230-0300] {logging_mixin.py:190} INFO - [2024-09-12T01:54:43.229-0300] {dagbag.py:587} INFO - Filling up the DagBag from /home/gabzarp/.local/lib/python3.10/site-packages/airflow/example_dags/example_setup_teardown.py
[2024-09-12T01:54:43.235-0300] {processor.py:925} INFO - DAG(s) 'example_setup_teardown' retrieved from /home/gabzarp/.local/lib/python3.10/site-packages/airflow/example_dags/example_setup_teardown.py
[2024-09-12T01:54:43.244-0300] {logging_mixin.py:190} INFO - [2024-09-12T01:54:43.244-0300] {dag.py:3229} INFO - Sync 1 DAGs
[2024-09-12T01:54:43.252-0300] {logging_mixin.py:190} INFO - [2024-09-12T01:54:43.252-0300] {dag.py:4156} INFO - Setting next_dagrun for example_setup_teardown to None, run_after=None
[2024-09-12T01:54:43.265-0300] {processor.py:208} INFO - Processing /home/gabzarp/.local/lib/python3.10/site-packages/airflow/example_dags/example_setup_teardown.py took 0.041 seconds
[2024-09-12T01:55:36.265-0300] {processor.py:186} INFO - Started process (PID=10643) to work on /home/gabzarp/.local/lib/python3.10/site-packages/airflow/example_dags/example_setup_teardown.py
[2024-09-12T01:55:36.266-0300] {processor.py:914} INFO - Processing file /home/gabzarp/.local/lib/python3.10/site-packages/airflow/example_dags/example_setup_teardown.py for tasks to queue
[2024-09-12T01:55:36.267-0300] {logging_mixin.py:190} INFO - [2024-09-12T01:55:36.266-0300] {dagbag.py:587} INFO - Filling up the DagBag from /home/gabzarp/.local/lib/python3.10/site-packages/airflow/example_dags/example_setup_teardown.py
[2024-09-12T01:55:36.272-0300] {processor.py:925} INFO - DAG(s) 'example_setup_teardown' retrieved from /home/gabzarp/.local/lib/python3.10/site-packages/airflow/example_dags/example_setup_teardown.py
[2024-09-12T01:55:36.282-0300] {logging_mixin.py:190} INFO - [2024-09-12T01:55:36.282-0300] {dag.py:3229} INFO - Sync 1 DAGs
[2024-09-12T01:55:36.289-0300] {logging_mixin.py:190} INFO - [2024-09-12T01:55:36.289-0300] {dag.py:4156} INFO - Setting next_dagrun for example_setup_teardown to None, run_after=None
[2024-09-12T01:55:36.303-0300] {processor.py:208} INFO - Processing /home/gabzarp/.local/lib/python3.10/site-packages/airflow/example_dags/example_setup_teardown.py took 0.042 seconds
[2024-09-12T01:56:31.557-0300] {processor.py:186} INFO - Started process (PID=11104) to work on /home/gabzarp/.local/lib/python3.10/site-packages/airflow/example_dags/example_setup_teardown.py
[2024-09-12T01:56:31.558-0300] {processor.py:914} INFO - Processing file /home/gabzarp/.local/lib/python3.10/site-packages/airflow/example_dags/example_setup_teardown.py for tasks to queue
[2024-09-12T01:56:31.559-0300] {logging_mixin.py:190} INFO - [2024-09-12T01:56:31.559-0300] {dagbag.py:587} INFO - Filling up the DagBag from /home/gabzarp/.local/lib/python3.10/site-packages/airflow/example_dags/example_setup_teardown.py
[2024-09-12T01:56:31.566-0300] {processor.py:925} INFO - DAG(s) 'example_setup_teardown' retrieved from /home/gabzarp/.local/lib/python3.10/site-packages/airflow/example_dags/example_setup_teardown.py
[2024-09-12T01:56:31.576-0300] {logging_mixin.py:190} INFO - [2024-09-12T01:56:31.576-0300] {dag.py:3229} INFO - Sync 1 DAGs
[2024-09-12T01:56:31.586-0300] {logging_mixin.py:190} INFO - [2024-09-12T01:56:31.586-0300] {dag.py:4156} INFO - Setting next_dagrun for example_setup_teardown to None, run_after=None
[2024-09-12T01:56:31.602-0300] {processor.py:208} INFO - Processing /home/gabzarp/.local/lib/python3.10/site-packages/airflow/example_dags/example_setup_teardown.py took 0.048 seconds
[2024-09-12T01:57:27.708-0300] {processor.py:186} INFO - Started process (PID=11594) to work on /home/gabzarp/.local/lib/python3.10/site-packages/airflow/example_dags/example_setup_teardown.py
[2024-09-12T01:57:27.709-0300] {processor.py:914} INFO - Processing file /home/gabzarp/.local/lib/python3.10/site-packages/airflow/example_dags/example_setup_teardown.py for tasks to queue
[2024-09-12T01:57:27.710-0300] {logging_mixin.py:190} INFO - [2024-09-12T01:57:27.709-0300] {dagbag.py:587} INFO - Filling up the DagBag from /home/gabzarp/.local/lib/python3.10/site-packages/airflow/example_dags/example_setup_teardown.py
[2024-09-12T01:57:27.716-0300] {processor.py:925} INFO - DAG(s) 'example_setup_teardown' retrieved from /home/gabzarp/.local/lib/python3.10/site-packages/airflow/example_dags/example_setup_teardown.py
[2024-09-12T01:57:27.727-0300] {logging_mixin.py:190} INFO - [2024-09-12T01:57:27.727-0300] {dag.py:3229} INFO - Sync 1 DAGs
[2024-09-12T01:57:27.736-0300] {logging_mixin.py:190} INFO - [2024-09-12T01:57:27.736-0300] {dag.py:4156} INFO - Setting next_dagrun for example_setup_teardown to None, run_after=None
[2024-09-12T01:57:27.752-0300] {processor.py:208} INFO - Processing /home/gabzarp/.local/lib/python3.10/site-packages/airflow/example_dags/example_setup_teardown.py took 0.048 seconds
[2024-09-12T01:58:20.417-0300] {processor.py:186} INFO - Started process (PID=12012) to work on /home/gabzarp/.local/lib/python3.10/site-packages/airflow/example_dags/example_setup_teardown.py
[2024-09-12T01:58:20.418-0300] {processor.py:914} INFO - Processing file /home/gabzarp/.local/lib/python3.10/site-packages/airflow/example_dags/example_setup_teardown.py for tasks to queue
[2024-09-12T01:58:20.419-0300] {logging_mixin.py:190} INFO - [2024-09-12T01:58:20.418-0300] {dagbag.py:587} INFO - Filling up the DagBag from /home/gabzarp/.local/lib/python3.10/site-packages/airflow/example_dags/example_setup_teardown.py
[2024-09-12T01:58:20.424-0300] {processor.py:925} INFO - DAG(s) 'example_setup_teardown' retrieved from /home/gabzarp/.local/lib/python3.10/site-packages/airflow/example_dags/example_setup_teardown.py
[2024-09-12T01:58:20.434-0300] {logging_mixin.py:190} INFO - [2024-09-12T01:58:20.434-0300] {dag.py:3229} INFO - Sync 1 DAGs
[2024-09-12T01:58:20.441-0300] {logging_mixin.py:190} INFO - [2024-09-12T01:58:20.441-0300] {dag.py:4156} INFO - Setting next_dagrun for example_setup_teardown to None, run_after=None
[2024-09-12T01:58:20.455-0300] {processor.py:208} INFO - Processing /home/gabzarp/.local/lib/python3.10/site-packages/airflow/example_dags/example_setup_teardown.py took 0.042 seconds
[2024-09-12T01:59:13.504-0300] {processor.py:186} INFO - Started process (PID=12432) to work on /home/gabzarp/.local/lib/python3.10/site-packages/airflow/example_dags/example_setup_teardown.py
[2024-09-12T01:59:13.505-0300] {processor.py:914} INFO - Processing file /home/gabzarp/.local/lib/python3.10/site-packages/airflow/example_dags/example_setup_teardown.py for tasks to queue
[2024-09-12T01:59:13.506-0300] {logging_mixin.py:190} INFO - [2024-09-12T01:59:13.506-0300] {dagbag.py:587} INFO - Filling up the DagBag from /home/gabzarp/.local/lib/python3.10/site-packages/airflow/example_dags/example_setup_teardown.py
[2024-09-12T01:59:13.512-0300] {processor.py:925} INFO - DAG(s) 'example_setup_teardown' retrieved from /home/gabzarp/.local/lib/python3.10/site-packages/airflow/example_dags/example_setup_teardown.py
[2024-09-12T01:59:13.524-0300] {logging_mixin.py:190} INFO - [2024-09-12T01:59:13.524-0300] {dag.py:3229} INFO - Sync 1 DAGs
[2024-09-12T01:59:13.532-0300] {logging_mixin.py:190} INFO - [2024-09-12T01:59:13.532-0300] {dag.py:4156} INFO - Setting next_dagrun for example_setup_teardown to None, run_after=None
[2024-09-12T01:59:13.548-0300] {processor.py:208} INFO - Processing /home/gabzarp/.local/lib/python3.10/site-packages/airflow/example_dags/example_setup_teardown.py took 0.048 seconds
[2024-09-12T02:00:05.001-0300] {processor.py:186} INFO - Started process (PID=12868) to work on /home/gabzarp/.local/lib/python3.10/site-packages/airflow/example_dags/example_setup_teardown.py
[2024-09-12T02:00:05.002-0300] {processor.py:914} INFO - Processing file /home/gabzarp/.local/lib/python3.10/site-packages/airflow/example_dags/example_setup_teardown.py for tasks to queue
[2024-09-12T02:00:05.003-0300] {logging_mixin.py:190} INFO - [2024-09-12T02:00:05.003-0300] {dagbag.py:587} INFO - Filling up the DagBag from /home/gabzarp/.local/lib/python3.10/site-packages/airflow/example_dags/example_setup_teardown.py
[2024-09-12T02:00:05.009-0300] {processor.py:925} INFO - DAG(s) 'example_setup_teardown' retrieved from /home/gabzarp/.local/lib/python3.10/site-packages/airflow/example_dags/example_setup_teardown.py
[2024-09-12T02:00:05.019-0300] {logging_mixin.py:190} INFO - [2024-09-12T02:00:05.019-0300] {dag.py:3229} INFO - Sync 1 DAGs
[2024-09-12T02:00:05.028-0300] {logging_mixin.py:190} INFO - [2024-09-12T02:00:05.027-0300] {dag.py:4156} INFO - Setting next_dagrun for example_setup_teardown to None, run_after=None
[2024-09-12T02:00:05.042-0300] {processor.py:208} INFO - Processing /home/gabzarp/.local/lib/python3.10/site-packages/airflow/example_dags/example_setup_teardown.py took 0.044 seconds
[2024-09-12T02:00:55.200-0300] {processor.py:186} INFO - Started process (PID=13356) to work on /home/gabzarp/.local/lib/python3.10/site-packages/airflow/example_dags/example_setup_teardown.py
[2024-09-12T02:00:55.201-0300] {processor.py:914} INFO - Processing file /home/gabzarp/.local/lib/python3.10/site-packages/airflow/example_dags/example_setup_teardown.py for tasks to queue
[2024-09-12T02:00:55.202-0300] {logging_mixin.py:190} INFO - [2024-09-12T02:00:55.201-0300] {dagbag.py:587} INFO - Filling up the DagBag from /home/gabzarp/.local/lib/python3.10/site-packages/airflow/example_dags/example_setup_teardown.py
[2024-09-12T02:00:55.207-0300] {processor.py:925} INFO - DAG(s) 'example_setup_teardown' retrieved from /home/gabzarp/.local/lib/python3.10/site-packages/airflow/example_dags/example_setup_teardown.py
[2024-09-12T02:00:55.217-0300] {logging_mixin.py:190} INFO - [2024-09-12T02:00:55.217-0300] {dag.py:3229} INFO - Sync 1 DAGs
[2024-09-12T02:00:55.225-0300] {logging_mixin.py:190} INFO - [2024-09-12T02:00:55.224-0300] {dag.py:4156} INFO - Setting next_dagrun for example_setup_teardown to None, run_after=None
[2024-09-12T02:00:55.239-0300] {processor.py:208} INFO - Processing /home/gabzarp/.local/lib/python3.10/site-packages/airflow/example_dags/example_setup_teardown.py took 0.043 seconds
[2024-09-12T02:01:46.611-0300] {processor.py:186} INFO - Started process (PID=13797) to work on /home/gabzarp/.local/lib/python3.10/site-packages/airflow/example_dags/example_setup_teardown.py
[2024-09-12T02:01:46.612-0300] {processor.py:914} INFO - Processing file /home/gabzarp/.local/lib/python3.10/site-packages/airflow/example_dags/example_setup_teardown.py for tasks to queue
[2024-09-12T02:01:46.613-0300] {logging_mixin.py:190} INFO - [2024-09-12T02:01:46.613-0300] {dagbag.py:587} INFO - Filling up the DagBag from /home/gabzarp/.local/lib/python3.10/site-packages/airflow/example_dags/example_setup_teardown.py
[2024-09-12T02:01:46.618-0300] {processor.py:925} INFO - DAG(s) 'example_setup_teardown' retrieved from /home/gabzarp/.local/lib/python3.10/site-packages/airflow/example_dags/example_setup_teardown.py
[2024-09-12T02:01:46.629-0300] {logging_mixin.py:190} INFO - [2024-09-12T02:01:46.628-0300] {dag.py:3229} INFO - Sync 1 DAGs
[2024-09-12T02:01:46.637-0300] {logging_mixin.py:190} INFO - [2024-09-12T02:01:46.637-0300] {dag.py:4156} INFO - Setting next_dagrun for example_setup_teardown to None, run_after=None
[2024-09-12T02:01:46.650-0300] {processor.py:208} INFO - Processing /home/gabzarp/.local/lib/python3.10/site-packages/airflow/example_dags/example_setup_teardown.py took 0.043 seconds
[2024-09-12T02:02:34.003-0300] {processor.py:186} INFO - Started process (PID=14212) to work on /home/gabzarp/.local/lib/python3.10/site-packages/airflow/example_dags/example_setup_teardown.py
[2024-09-12T02:02:34.004-0300] {processor.py:914} INFO - Processing file /home/gabzarp/.local/lib/python3.10/site-packages/airflow/example_dags/example_setup_teardown.py for tasks to queue
[2024-09-12T02:02:34.005-0300] {logging_mixin.py:190} INFO - [2024-09-12T02:02:34.004-0300] {dagbag.py:587} INFO - Filling up the DagBag from /home/gabzarp/.local/lib/python3.10/site-packages/airflow/example_dags/example_setup_teardown.py
[2024-09-12T02:02:34.010-0300] {processor.py:925} INFO - DAG(s) 'example_setup_teardown' retrieved from /home/gabzarp/.local/lib/python3.10/site-packages/airflow/example_dags/example_setup_teardown.py
[2024-09-12T02:02:34.021-0300] {logging_mixin.py:190} INFO - [2024-09-12T02:02:34.021-0300] {dag.py:3229} INFO - Sync 1 DAGs
[2024-09-12T02:02:34.028-0300] {logging_mixin.py:190} INFO - [2024-09-12T02:02:34.028-0300] {dag.py:4156} INFO - Setting next_dagrun for example_setup_teardown to None, run_after=None
[2024-09-12T02:02:34.044-0300] {processor.py:208} INFO - Processing /home/gabzarp/.local/lib/python3.10/site-packages/airflow/example_dags/example_setup_teardown.py took 0.045 seconds
[2024-09-12T02:03:22.487-0300] {processor.py:186} INFO - Started process (PID=14597) to work on /home/gabzarp/.local/lib/python3.10/site-packages/airflow/example_dags/example_setup_teardown.py
[2024-09-12T02:03:22.488-0300] {processor.py:914} INFO - Processing file /home/gabzarp/.local/lib/python3.10/site-packages/airflow/example_dags/example_setup_teardown.py for tasks to queue
[2024-09-12T02:03:22.489-0300] {logging_mixin.py:190} INFO - [2024-09-12T02:03:22.489-0300] {dagbag.py:587} INFO - Filling up the DagBag from /home/gabzarp/.local/lib/python3.10/site-packages/airflow/example_dags/example_setup_teardown.py
[2024-09-12T02:03:22.495-0300] {processor.py:925} INFO - DAG(s) 'example_setup_teardown' retrieved from /home/gabzarp/.local/lib/python3.10/site-packages/airflow/example_dags/example_setup_teardown.py
[2024-09-12T02:03:22.506-0300] {logging_mixin.py:190} INFO - [2024-09-12T02:03:22.506-0300] {dag.py:3229} INFO - Sync 1 DAGs
[2024-09-12T02:03:22.515-0300] {logging_mixin.py:190} INFO - [2024-09-12T02:03:22.515-0300] {dag.py:4156} INFO - Setting next_dagrun for example_setup_teardown to None, run_after=None
[2024-09-12T02:03:22.531-0300] {processor.py:208} INFO - Processing /home/gabzarp/.local/lib/python3.10/site-packages/airflow/example_dags/example_setup_teardown.py took 0.048 seconds
[2024-09-12T02:04:15.155-0300] {processor.py:186} INFO - Started process (PID=15015) to work on /home/gabzarp/.local/lib/python3.10/site-packages/airflow/example_dags/example_setup_teardown.py
[2024-09-12T02:04:15.156-0300] {processor.py:914} INFO - Processing file /home/gabzarp/.local/lib/python3.10/site-packages/airflow/example_dags/example_setup_teardown.py for tasks to queue
[2024-09-12T02:04:15.157-0300] {logging_mixin.py:190} INFO - [2024-09-12T02:04:15.157-0300] {dagbag.py:587} INFO - Filling up the DagBag from /home/gabzarp/.local/lib/python3.10/site-packages/airflow/example_dags/example_setup_teardown.py
[2024-09-12T02:04:15.162-0300] {processor.py:925} INFO - DAG(s) 'example_setup_teardown' retrieved from /home/gabzarp/.local/lib/python3.10/site-packages/airflow/example_dags/example_setup_teardown.py
[2024-09-12T02:04:15.174-0300] {logging_mixin.py:190} INFO - [2024-09-12T02:04:15.174-0300] {dag.py:3229} INFO - Sync 1 DAGs
[2024-09-12T02:04:15.182-0300] {logging_mixin.py:190} INFO - [2024-09-12T02:04:15.182-0300] {dag.py:4156} INFO - Setting next_dagrun for example_setup_teardown to None, run_after=None
[2024-09-12T02:04:15.199-0300] {processor.py:208} INFO - Processing /home/gabzarp/.local/lib/python3.10/site-packages/airflow/example_dags/example_setup_teardown.py took 0.048 seconds
[2024-09-12T02:05:08.260-0300] {processor.py:186} INFO - Started process (PID=15435) to work on /home/gabzarp/.local/lib/python3.10/site-packages/airflow/example_dags/example_setup_teardown.py
[2024-09-12T02:05:08.261-0300] {processor.py:914} INFO - Processing file /home/gabzarp/.local/lib/python3.10/site-packages/airflow/example_dags/example_setup_teardown.py for tasks to queue
[2024-09-12T02:05:08.262-0300] {logging_mixin.py:190} INFO - [2024-09-12T02:05:08.261-0300] {dagbag.py:587} INFO - Filling up the DagBag from /home/gabzarp/.local/lib/python3.10/site-packages/airflow/example_dags/example_setup_teardown.py
[2024-09-12T02:05:08.267-0300] {processor.py:925} INFO - DAG(s) 'example_setup_teardown' retrieved from /home/gabzarp/.local/lib/python3.10/site-packages/airflow/example_dags/example_setup_teardown.py
[2024-09-12T02:05:08.277-0300] {logging_mixin.py:190} INFO - [2024-09-12T02:05:08.277-0300] {dag.py:3229} INFO - Sync 1 DAGs
[2024-09-12T02:05:08.285-0300] {logging_mixin.py:190} INFO - [2024-09-12T02:05:08.285-0300] {dag.py:4156} INFO - Setting next_dagrun for example_setup_teardown to None, run_after=None
[2024-09-12T02:05:08.301-0300] {processor.py:208} INFO - Processing /home/gabzarp/.local/lib/python3.10/site-packages/airflow/example_dags/example_setup_teardown.py took 0.045 seconds
[2024-09-12T02:06:01.497-0300] {processor.py:186} INFO - Started process (PID=15854) to work on /home/gabzarp/.local/lib/python3.10/site-packages/airflow/example_dags/example_setup_teardown.py
[2024-09-12T02:06:01.498-0300] {processor.py:914} INFO - Processing file /home/gabzarp/.local/lib/python3.10/site-packages/airflow/example_dags/example_setup_teardown.py for tasks to queue
[2024-09-12T02:06:01.498-0300] {logging_mixin.py:190} INFO - [2024-09-12T02:06:01.498-0300] {dagbag.py:587} INFO - Filling up the DagBag from /home/gabzarp/.local/lib/python3.10/site-packages/airflow/example_dags/example_setup_teardown.py
[2024-09-12T02:06:01.504-0300] {processor.py:925} INFO - DAG(s) 'example_setup_teardown' retrieved from /home/gabzarp/.local/lib/python3.10/site-packages/airflow/example_dags/example_setup_teardown.py
[2024-09-12T02:06:01.517-0300] {logging_mixin.py:190} INFO - [2024-09-12T02:06:01.517-0300] {dag.py:3229} INFO - Sync 1 DAGs
[2024-09-12T02:06:01.526-0300] {logging_mixin.py:190} INFO - [2024-09-12T02:06:01.525-0300] {dag.py:4156} INFO - Setting next_dagrun for example_setup_teardown to None, run_after=None
[2024-09-12T02:06:01.542-0300] {processor.py:208} INFO - Processing /home/gabzarp/.local/lib/python3.10/site-packages/airflow/example_dags/example_setup_teardown.py took 0.049 seconds
[2024-09-12T02:06:52.156-0300] {processor.py:186} INFO - Started process (PID=16258) to work on /home/gabzarp/.local/lib/python3.10/site-packages/airflow/example_dags/example_setup_teardown.py
[2024-09-12T02:06:52.157-0300] {processor.py:914} INFO - Processing file /home/gabzarp/.local/lib/python3.10/site-packages/airflow/example_dags/example_setup_teardown.py for tasks to queue
[2024-09-12T02:06:52.158-0300] {logging_mixin.py:190} INFO - [2024-09-12T02:06:52.158-0300] {dagbag.py:587} INFO - Filling up the DagBag from /home/gabzarp/.local/lib/python3.10/site-packages/airflow/example_dags/example_setup_teardown.py
[2024-09-12T02:06:52.164-0300] {processor.py:925} INFO - DAG(s) 'example_setup_teardown' retrieved from /home/gabzarp/.local/lib/python3.10/site-packages/airflow/example_dags/example_setup_teardown.py
[2024-09-12T02:06:52.175-0300] {logging_mixin.py:190} INFO - [2024-09-12T02:06:52.175-0300] {dag.py:3229} INFO - Sync 1 DAGs
[2024-09-12T02:06:52.184-0300] {logging_mixin.py:190} INFO - [2024-09-12T02:06:52.183-0300] {dag.py:4156} INFO - Setting next_dagrun for example_setup_teardown to None, run_after=None
[2024-09-12T02:06:52.201-0300] {processor.py:208} INFO - Processing /home/gabzarp/.local/lib/python3.10/site-packages/airflow/example_dags/example_setup_teardown.py took 0.050 seconds
[2024-09-12T02:07:39.500-0300] {processor.py:186} INFO - Started process (PID=16632) to work on /home/gabzarp/.local/lib/python3.10/site-packages/airflow/example_dags/example_setup_teardown.py
[2024-09-12T02:07:39.502-0300] {processor.py:914} INFO - Processing file /home/gabzarp/.local/lib/python3.10/site-packages/airflow/example_dags/example_setup_teardown.py for tasks to queue
[2024-09-12T02:07:39.503-0300] {logging_mixin.py:190} INFO - [2024-09-12T02:07:39.502-0300] {dagbag.py:587} INFO - Filling up the DagBag from /home/gabzarp/.local/lib/python3.10/site-packages/airflow/example_dags/example_setup_teardown.py
[2024-09-12T02:07:39.508-0300] {processor.py:925} INFO - DAG(s) 'example_setup_teardown' retrieved from /home/gabzarp/.local/lib/python3.10/site-packages/airflow/example_dags/example_setup_teardown.py
[2024-09-12T02:07:39.519-0300] {logging_mixin.py:190} INFO - [2024-09-12T02:07:39.519-0300] {dag.py:3229} INFO - Sync 1 DAGs
[2024-09-12T02:07:39.528-0300] {logging_mixin.py:190} INFO - [2024-09-12T02:07:39.528-0300] {dag.py:4156} INFO - Setting next_dagrun for example_setup_teardown to None, run_after=None
[2024-09-12T02:07:39.544-0300] {processor.py:208} INFO - Processing /home/gabzarp/.local/lib/python3.10/site-packages/airflow/example_dags/example_setup_teardown.py took 0.047 seconds
[2024-09-12T02:08:29.770-0300] {processor.py:186} INFO - Started process (PID=17025) to work on /home/gabzarp/.local/lib/python3.10/site-packages/airflow/example_dags/example_setup_teardown.py
[2024-09-12T02:08:29.772-0300] {processor.py:914} INFO - Processing file /home/gabzarp/.local/lib/python3.10/site-packages/airflow/example_dags/example_setup_teardown.py for tasks to queue
[2024-09-12T02:08:29.772-0300] {logging_mixin.py:190} INFO - [2024-09-12T02:08:29.772-0300] {dagbag.py:587} INFO - Filling up the DagBag from /home/gabzarp/.local/lib/python3.10/site-packages/airflow/example_dags/example_setup_teardown.py
[2024-09-12T02:08:29.778-0300] {processor.py:925} INFO - DAG(s) 'example_setup_teardown' retrieved from /home/gabzarp/.local/lib/python3.10/site-packages/airflow/example_dags/example_setup_teardown.py
[2024-09-12T02:08:29.790-0300] {logging_mixin.py:190} INFO - [2024-09-12T02:08:29.790-0300] {dag.py:3229} INFO - Sync 1 DAGs
[2024-09-12T02:08:29.799-0300] {logging_mixin.py:190} INFO - [2024-09-12T02:08:29.799-0300] {dag.py:4156} INFO - Setting next_dagrun for example_setup_teardown to None, run_after=None
[2024-09-12T02:08:29.858-0300] {processor.py:208} INFO - Processing /home/gabzarp/.local/lib/python3.10/site-packages/airflow/example_dags/example_setup_teardown.py took 0.093 seconds
[2024-09-12T02:09:19.621-0300] {processor.py:186} INFO - Started process (PID=17418) to work on /home/gabzarp/.local/lib/python3.10/site-packages/airflow/example_dags/example_setup_teardown.py
[2024-09-12T02:09:19.622-0300] {processor.py:914} INFO - Processing file /home/gabzarp/.local/lib/python3.10/site-packages/airflow/example_dags/example_setup_teardown.py for tasks to queue
[2024-09-12T02:09:19.622-0300] {logging_mixin.py:190} INFO - [2024-09-12T02:09:19.622-0300] {dagbag.py:587} INFO - Filling up the DagBag from /home/gabzarp/.local/lib/python3.10/site-packages/airflow/example_dags/example_setup_teardown.py
[2024-09-12T02:09:19.628-0300] {processor.py:925} INFO - DAG(s) 'example_setup_teardown' retrieved from /home/gabzarp/.local/lib/python3.10/site-packages/airflow/example_dags/example_setup_teardown.py
[2024-09-12T02:09:19.638-0300] {logging_mixin.py:190} INFO - [2024-09-12T02:09:19.638-0300] {dag.py:3229} INFO - Sync 1 DAGs
[2024-09-12T02:09:19.645-0300] {logging_mixin.py:190} INFO - [2024-09-12T02:09:19.645-0300] {dag.py:4156} INFO - Setting next_dagrun for example_setup_teardown to None, run_after=None
[2024-09-12T02:09:19.661-0300] {processor.py:208} INFO - Processing /home/gabzarp/.local/lib/python3.10/site-packages/airflow/example_dags/example_setup_teardown.py took 0.044 seconds
