[2024-09-12T01:39:57.680-0300] {processor.py:186} INFO - Started process (PID=2714) to work on /home/gabzarp/.local/lib/python3.10/site-packages/airflow/example_dags/example_branch_day_of_week_operator.py
[2024-09-12T01:39:57.680-0300] {processor.py:914} INFO - Processing file /home/gabzarp/.local/lib/python3.10/site-packages/airflow/example_dags/example_branch_day_of_week_operator.py for tasks to queue
[2024-09-12T01:39:57.682-0300] {logging_mixin.py:190} INFO - [2024-09-12T01:39:57.681-0300] {dagbag.py:587} INFO - Filling up the DagBag from /home/gabzarp/.local/lib/python3.10/site-packages/airflow/example_dags/example_branch_day_of_week_operator.py
[2024-09-12T01:39:57.687-0300] {processor.py:925} INFO - DAG(s) 'example_weekday_branch_operator' retrieved from /home/gabzarp/.local/lib/python3.10/site-packages/airflow/example_dags/example_branch_day_of_week_operator.py
[2024-09-12T01:39:57.900-0300] {logging_mixin.py:190} INFO - [2024-09-12T01:39:57.899-0300] {override.py:1900} INFO - Created Permission View: can edit on DAG:example_weekday_branch_operator
[2024-09-12T01:39:57.953-0300] {logging_mixin.py:190} INFO - [2024-09-12T01:39:57.953-0300] {override.py:1900} INFO - Created Permission View: can read on DAG:example_weekday_branch_operator
[2024-09-12T01:39:58.006-0300] {logging_mixin.py:190} INFO - [2024-09-12T01:39:58.005-0300] {override.py:1900} INFO - Created Permission View: can delete on DAG:example_weekday_branch_operator
[2024-09-12T01:39:58.103-0300] {logging_mixin.py:190} INFO - [2024-09-12T01:39:58.103-0300] {override.py:1900} INFO - Created Permission View: can read on DAG Run:example_weekday_branch_operator
[2024-09-12T01:39:58.155-0300] {logging_mixin.py:190} INFO - [2024-09-12T01:39:58.155-0300] {override.py:1900} INFO - Created Permission View: can create on DAG Run:example_weekday_branch_operator
[2024-09-12T01:39:58.167-0300] {logging_mixin.py:190} INFO - [2024-09-12T01:39:58.167-0300] {override.py:1900} INFO - Created Permission View: menu access on DAG Run:example_weekday_branch_operator
[2024-09-12T01:39:58.174-0300] {logging_mixin.py:190} INFO - [2024-09-12T01:39:58.174-0300] {override.py:1900} INFO - Created Permission View: can delete on DAG Run:example_weekday_branch_operator
[2024-09-12T01:39:58.174-0300] {logging_mixin.py:190} INFO - [2024-09-12T01:39:58.174-0300] {dag.py:3229} INFO - Sync 1 DAGs
[2024-09-12T01:39:58.183-0300] {logging_mixin.py:190} INFO - [2024-09-12T01:39:58.182-0300] {dag.py:3252} INFO - Creating ORM DAG for example_weekday_branch_operator
[2024-09-12T01:39:58.189-0300] {logging_mixin.py:190} INFO - [2024-09-12T01:39:58.189-0300] {dag.py:4156} INFO - Setting next_dagrun for example_weekday_branch_operator to 2024-09-11 00:00:00+00:00, run_after=2024-09-12 00:00:00+00:00
[2024-09-12T01:39:58.203-0300] {processor.py:208} INFO - Processing /home/gabzarp/.local/lib/python3.10/site-packages/airflow/example_dags/example_branch_day_of_week_operator.py took 0.527 seconds
[2024-09-12T01:40:54.283-0300] {processor.py:186} INFO - Started process (PID=2998) to work on /home/gabzarp/.local/lib/python3.10/site-packages/airflow/example_dags/example_branch_day_of_week_operator.py
[2024-09-12T01:40:54.284-0300] {processor.py:914} INFO - Processing file /home/gabzarp/.local/lib/python3.10/site-packages/airflow/example_dags/example_branch_day_of_week_operator.py for tasks to queue
[2024-09-12T01:40:54.285-0300] {logging_mixin.py:190} INFO - [2024-09-12T01:40:54.285-0300] {dagbag.py:587} INFO - Filling up the DagBag from /home/gabzarp/.local/lib/python3.10/site-packages/airflow/example_dags/example_branch_day_of_week_operator.py
[2024-09-12T01:40:54.291-0300] {processor.py:925} INFO - DAG(s) 'example_weekday_branch_operator' retrieved from /home/gabzarp/.local/lib/python3.10/site-packages/airflow/example_dags/example_branch_day_of_week_operator.py
[2024-09-12T01:40:54.304-0300] {logging_mixin.py:190} INFO - [2024-09-12T01:40:54.304-0300] {dag.py:3229} INFO - Sync 1 DAGs
[2024-09-12T01:40:54.320-0300] {logging_mixin.py:190} INFO - [2024-09-12T01:40:54.320-0300] {dag.py:4156} INFO - Setting next_dagrun for example_weekday_branch_operator to 2024-09-11 00:00:00+00:00, run_after=2024-09-12 00:00:00+00:00
[2024-09-12T01:40:54.335-0300] {processor.py:208} INFO - Processing /home/gabzarp/.local/lib/python3.10/site-packages/airflow/example_dags/example_branch_day_of_week_operator.py took 0.055 seconds
[2024-09-12T01:41:47.138-0300] {processor.py:186} INFO - Started process (PID=3345) to work on /home/gabzarp/.local/lib/python3.10/site-packages/airflow/example_dags/example_branch_day_of_week_operator.py
[2024-09-12T01:41:47.139-0300] {processor.py:914} INFO - Processing file /home/gabzarp/.local/lib/python3.10/site-packages/airflow/example_dags/example_branch_day_of_week_operator.py for tasks to queue
[2024-09-12T01:41:47.140-0300] {logging_mixin.py:190} INFO - [2024-09-12T01:41:47.140-0300] {dagbag.py:587} INFO - Filling up the DagBag from /home/gabzarp/.local/lib/python3.10/site-packages/airflow/example_dags/example_branch_day_of_week_operator.py
[2024-09-12T01:41:47.146-0300] {processor.py:925} INFO - DAG(s) 'example_weekday_branch_operator' retrieved from /home/gabzarp/.local/lib/python3.10/site-packages/airflow/example_dags/example_branch_day_of_week_operator.py
[2024-09-12T01:41:47.156-0300] {logging_mixin.py:190} INFO - [2024-09-12T01:41:47.155-0300] {dag.py:3229} INFO - Sync 1 DAGs
[2024-09-12T01:41:47.168-0300] {logging_mixin.py:190} INFO - [2024-09-12T01:41:47.168-0300] {dag.py:4156} INFO - Setting next_dagrun for example_weekday_branch_operator to 2024-09-11 00:00:00+00:00, run_after=2024-09-12 00:00:00+00:00
[2024-09-12T01:41:47.183-0300] {processor.py:208} INFO - Processing /home/gabzarp/.local/lib/python3.10/site-packages/airflow/example_dags/example_branch_day_of_week_operator.py took 0.048 seconds
[2024-09-12T01:42:39.925-0300] {processor.py:186} INFO - Started process (PID=3610) to work on /home/gabzarp/.local/lib/python3.10/site-packages/airflow/example_dags/example_branch_day_of_week_operator.py
[2024-09-12T01:42:39.927-0300] {processor.py:914} INFO - Processing file /home/gabzarp/.local/lib/python3.10/site-packages/airflow/example_dags/example_branch_day_of_week_operator.py for tasks to queue
[2024-09-12T01:42:39.928-0300] {logging_mixin.py:190} INFO - [2024-09-12T01:42:39.928-0300] {dagbag.py:587} INFO - Filling up the DagBag from /home/gabzarp/.local/lib/python3.10/site-packages/airflow/example_dags/example_branch_day_of_week_operator.py
[2024-09-12T01:42:39.934-0300] {processor.py:925} INFO - DAG(s) 'example_weekday_branch_operator' retrieved from /home/gabzarp/.local/lib/python3.10/site-packages/airflow/example_dags/example_branch_day_of_week_operator.py
[2024-09-12T01:42:39.944-0300] {logging_mixin.py:190} INFO - [2024-09-12T01:42:39.944-0300] {dag.py:3229} INFO - Sync 1 DAGs
[2024-09-12T01:42:39.958-0300] {logging_mixin.py:190} INFO - [2024-09-12T01:42:39.958-0300] {dag.py:4156} INFO - Setting next_dagrun for example_weekday_branch_operator to 2024-09-11 00:00:00+00:00, run_after=2024-09-12 00:00:00+00:00
[2024-09-12T01:42:39.972-0300] {processor.py:208} INFO - Processing /home/gabzarp/.local/lib/python3.10/site-packages/airflow/example_dags/example_branch_day_of_week_operator.py took 0.050 seconds
[2024-09-12T01:43:29.354-0300] {processor.py:186} INFO - Started process (PID=3858) to work on /home/gabzarp/.local/lib/python3.10/site-packages/airflow/example_dags/example_branch_day_of_week_operator.py
[2024-09-12T01:43:29.355-0300] {processor.py:914} INFO - Processing file /home/gabzarp/.local/lib/python3.10/site-packages/airflow/example_dags/example_branch_day_of_week_operator.py for tasks to queue
[2024-09-12T01:43:29.356-0300] {logging_mixin.py:190} INFO - [2024-09-12T01:43:29.356-0300] {dagbag.py:587} INFO - Filling up the DagBag from /home/gabzarp/.local/lib/python3.10/site-packages/airflow/example_dags/example_branch_day_of_week_operator.py
[2024-09-12T01:43:29.362-0300] {processor.py:925} INFO - DAG(s) 'example_weekday_branch_operator' retrieved from /home/gabzarp/.local/lib/python3.10/site-packages/airflow/example_dags/example_branch_day_of_week_operator.py
[2024-09-12T01:43:29.373-0300] {logging_mixin.py:190} INFO - [2024-09-12T01:43:29.372-0300] {dag.py:3229} INFO - Sync 1 DAGs
[2024-09-12T01:43:29.388-0300] {logging_mixin.py:190} INFO - [2024-09-12T01:43:29.388-0300] {dag.py:4156} INFO - Setting next_dagrun for example_weekday_branch_operator to 2024-09-11 00:00:00+00:00, run_after=2024-09-12 00:00:00+00:00
[2024-09-12T01:43:29.407-0300] {processor.py:208} INFO - Processing /home/gabzarp/.local/lib/python3.10/site-packages/airflow/example_dags/example_branch_day_of_week_operator.py took 0.056 seconds
[2024-09-12T01:45:08.714-0300] {processor.py:186} INFO - Started process (PID=5099) to work on /home/gabzarp/.local/lib/python3.10/site-packages/airflow/example_dags/example_branch_day_of_week_operator.py
[2024-09-12T01:45:08.715-0300] {processor.py:914} INFO - Processing file /home/gabzarp/.local/lib/python3.10/site-packages/airflow/example_dags/example_branch_day_of_week_operator.py for tasks to queue
[2024-09-12T01:45:08.717-0300] {logging_mixin.py:190} INFO - [2024-09-12T01:45:08.717-0300] {dagbag.py:587} INFO - Filling up the DagBag from /home/gabzarp/.local/lib/python3.10/site-packages/airflow/example_dags/example_branch_day_of_week_operator.py
[2024-09-12T01:45:08.723-0300] {processor.py:925} INFO - DAG(s) 'example_weekday_branch_operator' retrieved from /home/gabzarp/.local/lib/python3.10/site-packages/airflow/example_dags/example_branch_day_of_week_operator.py
[2024-09-12T01:45:08.733-0300] {logging_mixin.py:190} INFO - [2024-09-12T01:45:08.733-0300] {dag.py:3229} INFO - Sync 1 DAGs
[2024-09-12T01:45:08.747-0300] {logging_mixin.py:190} INFO - [2024-09-12T01:45:08.747-0300] {dag.py:4156} INFO - Setting next_dagrun for example_weekday_branch_operator to 2024-09-11 00:00:00+00:00, run_after=2024-09-12 00:00:00+00:00
[2024-09-12T01:45:08.762-0300] {processor.py:208} INFO - Processing /home/gabzarp/.local/lib/python3.10/site-packages/airflow/example_dags/example_branch_day_of_week_operator.py took 0.051 seconds
[2024-09-12T01:46:00.430-0300] {processor.py:186} INFO - Started process (PID=5513) to work on /home/gabzarp/.local/lib/python3.10/site-packages/airflow/example_dags/example_branch_day_of_week_operator.py
[2024-09-12T01:46:00.431-0300] {processor.py:914} INFO - Processing file /home/gabzarp/.local/lib/python3.10/site-packages/airflow/example_dags/example_branch_day_of_week_operator.py for tasks to queue
[2024-09-12T01:46:00.432-0300] {logging_mixin.py:190} INFO - [2024-09-12T01:46:00.432-0300] {dagbag.py:587} INFO - Filling up the DagBag from /home/gabzarp/.local/lib/python3.10/site-packages/airflow/example_dags/example_branch_day_of_week_operator.py
[2024-09-12T01:46:00.439-0300] {processor.py:925} INFO - DAG(s) 'example_weekday_branch_operator' retrieved from /home/gabzarp/.local/lib/python3.10/site-packages/airflow/example_dags/example_branch_day_of_week_operator.py
[2024-09-12T01:46:00.451-0300] {logging_mixin.py:190} INFO - [2024-09-12T01:46:00.451-0300] {dag.py:3229} INFO - Sync 1 DAGs
[2024-09-12T01:46:00.466-0300] {logging_mixin.py:190} INFO - [2024-09-12T01:46:00.465-0300] {dag.py:4156} INFO - Setting next_dagrun for example_weekday_branch_operator to 2024-09-11 00:00:00+00:00, run_after=2024-09-12 00:00:00+00:00
[2024-09-12T01:46:00.483-0300] {processor.py:208} INFO - Processing /home/gabzarp/.local/lib/python3.10/site-packages/airflow/example_dags/example_branch_day_of_week_operator.py took 0.057 seconds
[2024-09-12T01:46:51.523-0300] {processor.py:186} INFO - Started process (PID=5926) to work on /home/gabzarp/.local/lib/python3.10/site-packages/airflow/example_dags/example_branch_day_of_week_operator.py
[2024-09-12T01:46:51.525-0300] {processor.py:914} INFO - Processing file /home/gabzarp/.local/lib/python3.10/site-packages/airflow/example_dags/example_branch_day_of_week_operator.py for tasks to queue
[2024-09-12T01:46:51.526-0300] {logging_mixin.py:190} INFO - [2024-09-12T01:46:51.526-0300] {dagbag.py:587} INFO - Filling up the DagBag from /home/gabzarp/.local/lib/python3.10/site-packages/airflow/example_dags/example_branch_day_of_week_operator.py
[2024-09-12T01:46:51.532-0300] {processor.py:925} INFO - DAG(s) 'example_weekday_branch_operator' retrieved from /home/gabzarp/.local/lib/python3.10/site-packages/airflow/example_dags/example_branch_day_of_week_operator.py
[2024-09-12T01:46:51.542-0300] {logging_mixin.py:190} INFO - [2024-09-12T01:46:51.542-0300] {dag.py:3229} INFO - Sync 1 DAGs
[2024-09-12T01:46:51.555-0300] {logging_mixin.py:190} INFO - [2024-09-12T01:46:51.555-0300] {dag.py:4156} INFO - Setting next_dagrun for example_weekday_branch_operator to 2024-09-11 00:00:00+00:00, run_after=2024-09-12 00:00:00+00:00
[2024-09-12T01:46:51.572-0300] {processor.py:208} INFO - Processing /home/gabzarp/.local/lib/python3.10/site-packages/airflow/example_dags/example_branch_day_of_week_operator.py took 0.052 seconds
[2024-09-12T01:47:41.146-0300] {processor.py:186} INFO - Started process (PID=6323) to work on /home/gabzarp/.local/lib/python3.10/site-packages/airflow/example_dags/example_branch_day_of_week_operator.py
[2024-09-12T01:47:41.147-0300] {processor.py:914} INFO - Processing file /home/gabzarp/.local/lib/python3.10/site-packages/airflow/example_dags/example_branch_day_of_week_operator.py for tasks to queue
[2024-09-12T01:47:41.148-0300] {logging_mixin.py:190} INFO - [2024-09-12T01:47:41.148-0300] {dagbag.py:587} INFO - Filling up the DagBag from /home/gabzarp/.local/lib/python3.10/site-packages/airflow/example_dags/example_branch_day_of_week_operator.py
[2024-09-12T01:47:41.155-0300] {processor.py:925} INFO - DAG(s) 'example_weekday_branch_operator' retrieved from /home/gabzarp/.local/lib/python3.10/site-packages/airflow/example_dags/example_branch_day_of_week_operator.py
[2024-09-12T01:47:41.165-0300] {logging_mixin.py:190} INFO - [2024-09-12T01:47:41.165-0300] {dag.py:3229} INFO - Sync 1 DAGs
[2024-09-12T01:47:41.179-0300] {logging_mixin.py:190} INFO - [2024-09-12T01:47:41.179-0300] {dag.py:4156} INFO - Setting next_dagrun for example_weekday_branch_operator to 2024-09-11 00:00:00+00:00, run_after=2024-09-12 00:00:00+00:00
[2024-09-12T01:47:41.196-0300] {processor.py:208} INFO - Processing /home/gabzarp/.local/lib/python3.10/site-packages/airflow/example_dags/example_branch_day_of_week_operator.py took 0.054 seconds
[2024-09-12T01:48:31.432-0300] {processor.py:186} INFO - Started process (PID=6835) to work on /home/gabzarp/.local/lib/python3.10/site-packages/airflow/example_dags/example_branch_day_of_week_operator.py
[2024-09-12T01:48:31.433-0300] {processor.py:914} INFO - Processing file /home/gabzarp/.local/lib/python3.10/site-packages/airflow/example_dags/example_branch_day_of_week_operator.py for tasks to queue
[2024-09-12T01:48:31.434-0300] {logging_mixin.py:190} INFO - [2024-09-12T01:48:31.434-0300] {dagbag.py:587} INFO - Filling up the DagBag from /home/gabzarp/.local/lib/python3.10/site-packages/airflow/example_dags/example_branch_day_of_week_operator.py
[2024-09-12T01:48:31.440-0300] {processor.py:925} INFO - DAG(s) 'example_weekday_branch_operator' retrieved from /home/gabzarp/.local/lib/python3.10/site-packages/airflow/example_dags/example_branch_day_of_week_operator.py
[2024-09-12T01:48:31.450-0300] {logging_mixin.py:190} INFO - [2024-09-12T01:48:31.450-0300] {dag.py:3229} INFO - Sync 1 DAGs
[2024-09-12T01:48:31.462-0300] {logging_mixin.py:190} INFO - [2024-09-12T01:48:31.462-0300] {dag.py:4156} INFO - Setting next_dagrun for example_weekday_branch_operator to 2024-09-11 00:00:00+00:00, run_after=2024-09-12 00:00:00+00:00
[2024-09-12T01:48:31.476-0300] {processor.py:208} INFO - Processing /home/gabzarp/.local/lib/python3.10/site-packages/airflow/example_dags/example_branch_day_of_week_operator.py took 0.048 seconds
[2024-09-12T01:49:22.796-0300] {processor.py:186} INFO - Started process (PID=7269) to work on /home/gabzarp/.local/lib/python3.10/site-packages/airflow/example_dags/example_branch_day_of_week_operator.py
[2024-09-12T01:49:22.797-0300] {processor.py:914} INFO - Processing file /home/gabzarp/.local/lib/python3.10/site-packages/airflow/example_dags/example_branch_day_of_week_operator.py for tasks to queue
[2024-09-12T01:49:22.798-0300] {logging_mixin.py:190} INFO - [2024-09-12T01:49:22.798-0300] {dagbag.py:587} INFO - Filling up the DagBag from /home/gabzarp/.local/lib/python3.10/site-packages/airflow/example_dags/example_branch_day_of_week_operator.py
[2024-09-12T01:49:22.804-0300] {processor.py:925} INFO - DAG(s) 'example_weekday_branch_operator' retrieved from /home/gabzarp/.local/lib/python3.10/site-packages/airflow/example_dags/example_branch_day_of_week_operator.py
[2024-09-12T01:49:22.816-0300] {logging_mixin.py:190} INFO - [2024-09-12T01:49:22.816-0300] {dag.py:3229} INFO - Sync 1 DAGs
[2024-09-12T01:49:22.831-0300] {logging_mixin.py:190} INFO - [2024-09-12T01:49:22.831-0300] {dag.py:4156} INFO - Setting next_dagrun for example_weekday_branch_operator to 2024-09-11 00:00:00+00:00, run_after=2024-09-12 00:00:00+00:00
[2024-09-12T01:49:22.851-0300] {processor.py:208} INFO - Processing /home/gabzarp/.local/lib/python3.10/site-packages/airflow/example_dags/example_branch_day_of_week_operator.py took 0.059 seconds
[2024-09-12T01:50:33.712-0300] {processor.py:186} INFO - Started process (PID=7915) to work on /home/gabzarp/.local/lib/python3.10/site-packages/airflow/example_dags/example_branch_day_of_week_operator.py
[2024-09-12T01:50:33.713-0300] {processor.py:914} INFO - Processing file /home/gabzarp/.local/lib/python3.10/site-packages/airflow/example_dags/example_branch_day_of_week_operator.py for tasks to queue
[2024-09-12T01:50:33.713-0300] {logging_mixin.py:190} INFO - [2024-09-12T01:50:33.713-0300] {dagbag.py:587} INFO - Filling up the DagBag from /home/gabzarp/.local/lib/python3.10/site-packages/airflow/example_dags/example_branch_day_of_week_operator.py
[2024-09-12T01:50:33.720-0300] {processor.py:925} INFO - DAG(s) 'example_weekday_branch_operator' retrieved from /home/gabzarp/.local/lib/python3.10/site-packages/airflow/example_dags/example_branch_day_of_week_operator.py
[2024-09-12T01:50:33.730-0300] {logging_mixin.py:190} INFO - [2024-09-12T01:50:33.730-0300] {dag.py:3229} INFO - Sync 1 DAGs
[2024-09-12T01:50:33.743-0300] {logging_mixin.py:190} INFO - [2024-09-12T01:50:33.742-0300] {dag.py:4156} INFO - Setting next_dagrun for example_weekday_branch_operator to 2024-09-11 00:00:00+00:00, run_after=2024-09-12 00:00:00+00:00
[2024-09-12T01:50:33.757-0300] {processor.py:208} INFO - Processing /home/gabzarp/.local/lib/python3.10/site-packages/airflow/example_dags/example_branch_day_of_week_operator.py took 0.048 seconds
[2024-09-12T01:51:23.389-0300] {processor.py:186} INFO - Started process (PID=8350) to work on /home/gabzarp/.local/lib/python3.10/site-packages/airflow/example_dags/example_branch_day_of_week_operator.py
[2024-09-12T01:51:23.390-0300] {processor.py:914} INFO - Processing file /home/gabzarp/.local/lib/python3.10/site-packages/airflow/example_dags/example_branch_day_of_week_operator.py for tasks to queue
[2024-09-12T01:51:23.391-0300] {logging_mixin.py:190} INFO - [2024-09-12T01:51:23.391-0300] {dagbag.py:587} INFO - Filling up the DagBag from /home/gabzarp/.local/lib/python3.10/site-packages/airflow/example_dags/example_branch_day_of_week_operator.py
[2024-09-12T01:51:23.397-0300] {processor.py:925} INFO - DAG(s) 'example_weekday_branch_operator' retrieved from /home/gabzarp/.local/lib/python3.10/site-packages/airflow/example_dags/example_branch_day_of_week_operator.py
[2024-09-12T01:51:23.407-0300] {logging_mixin.py:190} INFO - [2024-09-12T01:51:23.407-0300] {dag.py:3229} INFO - Sync 1 DAGs
[2024-09-12T01:51:23.422-0300] {logging_mixin.py:190} INFO - [2024-09-12T01:51:23.421-0300] {dag.py:4156} INFO - Setting next_dagrun for example_weekday_branch_operator to 2024-09-11 00:00:00+00:00, run_after=2024-09-12 00:00:00+00:00
[2024-09-12T01:51:23.435-0300] {processor.py:208} INFO - Processing /home/gabzarp/.local/lib/python3.10/site-packages/airflow/example_dags/example_branch_day_of_week_operator.py took 0.049 seconds
[2024-09-12T01:52:14.456-0300] {processor.py:186} INFO - Started process (PID=8863) to work on /home/gabzarp/.local/lib/python3.10/site-packages/airflow/example_dags/example_branch_day_of_week_operator.py
[2024-09-12T01:52:14.457-0300] {processor.py:914} INFO - Processing file /home/gabzarp/.local/lib/python3.10/site-packages/airflow/example_dags/example_branch_day_of_week_operator.py for tasks to queue
[2024-09-12T01:52:14.458-0300] {logging_mixin.py:190} INFO - [2024-09-12T01:52:14.458-0300] {dagbag.py:587} INFO - Filling up the DagBag from /home/gabzarp/.local/lib/python3.10/site-packages/airflow/example_dags/example_branch_day_of_week_operator.py
[2024-09-12T01:52:14.464-0300] {processor.py:925} INFO - DAG(s) 'example_weekday_branch_operator' retrieved from /home/gabzarp/.local/lib/python3.10/site-packages/airflow/example_dags/example_branch_day_of_week_operator.py
[2024-09-12T01:52:14.474-0300] {logging_mixin.py:190} INFO - [2024-09-12T01:52:14.474-0300] {dag.py:3229} INFO - Sync 1 DAGs
[2024-09-12T01:52:14.487-0300] {logging_mixin.py:190} INFO - [2024-09-12T01:52:14.487-0300] {dag.py:4156} INFO - Setting next_dagrun for example_weekday_branch_operator to 2024-09-11 00:00:00+00:00, run_after=2024-09-12 00:00:00+00:00
[2024-09-12T01:52:14.503-0300] {processor.py:208} INFO - Processing /home/gabzarp/.local/lib/python3.10/site-packages/airflow/example_dags/example_branch_day_of_week_operator.py took 0.050 seconds
[2024-09-12T01:53:08.157-0300] {processor.py:186} INFO - Started process (PID=9441) to work on /home/gabzarp/.local/lib/python3.10/site-packages/airflow/example_dags/example_branch_day_of_week_operator.py
[2024-09-12T01:53:08.158-0300] {processor.py:914} INFO - Processing file /home/gabzarp/.local/lib/python3.10/site-packages/airflow/example_dags/example_branch_day_of_week_operator.py for tasks to queue
[2024-09-12T01:53:08.158-0300] {logging_mixin.py:190} INFO - [2024-09-12T01:53:08.158-0300] {dagbag.py:587} INFO - Filling up the DagBag from /home/gabzarp/.local/lib/python3.10/site-packages/airflow/example_dags/example_branch_day_of_week_operator.py
[2024-09-12T01:53:08.166-0300] {processor.py:925} INFO - DAG(s) 'example_weekday_branch_operator' retrieved from /home/gabzarp/.local/lib/python3.10/site-packages/airflow/example_dags/example_branch_day_of_week_operator.py
[2024-09-12T01:53:08.178-0300] {logging_mixin.py:190} INFO - [2024-09-12T01:53:08.178-0300] {dag.py:3229} INFO - Sync 1 DAGs
[2024-09-12T01:53:08.193-0300] {logging_mixin.py:190} INFO - [2024-09-12T01:53:08.192-0300] {dag.py:4156} INFO - Setting next_dagrun for example_weekday_branch_operator to 2024-09-11 00:00:00+00:00, run_after=2024-09-12 00:00:00+00:00
[2024-09-12T01:53:08.207-0300] {processor.py:208} INFO - Processing /home/gabzarp/.local/lib/python3.10/site-packages/airflow/example_dags/example_branch_day_of_week_operator.py took 0.054 seconds
[2024-09-12T01:53:59.626-0300] {processor.py:186} INFO - Started process (PID=9872) to work on /home/gabzarp/.local/lib/python3.10/site-packages/airflow/example_dags/example_branch_day_of_week_operator.py
[2024-09-12T01:53:59.627-0300] {processor.py:914} INFO - Processing file /home/gabzarp/.local/lib/python3.10/site-packages/airflow/example_dags/example_branch_day_of_week_operator.py for tasks to queue
[2024-09-12T01:53:59.628-0300] {logging_mixin.py:190} INFO - [2024-09-12T01:53:59.628-0300] {dagbag.py:587} INFO - Filling up the DagBag from /home/gabzarp/.local/lib/python3.10/site-packages/airflow/example_dags/example_branch_day_of_week_operator.py
[2024-09-12T01:53:59.635-0300] {processor.py:925} INFO - DAG(s) 'example_weekday_branch_operator' retrieved from /home/gabzarp/.local/lib/python3.10/site-packages/airflow/example_dags/example_branch_day_of_week_operator.py
[2024-09-12T01:53:59.646-0300] {logging_mixin.py:190} INFO - [2024-09-12T01:53:59.646-0300] {dag.py:3229} INFO - Sync 1 DAGs
[2024-09-12T01:53:59.660-0300] {logging_mixin.py:190} INFO - [2024-09-12T01:53:59.660-0300] {dag.py:4156} INFO - Setting next_dagrun for example_weekday_branch_operator to 2024-09-11 00:00:00+00:00, run_after=2024-09-12 00:00:00+00:00
[2024-09-12T01:53:59.685-0300] {processor.py:208} INFO - Processing /home/gabzarp/.local/lib/python3.10/site-packages/airflow/example_dags/example_branch_day_of_week_operator.py took 0.062 seconds
[2024-09-12T01:54:50.101-0300] {processor.py:186} INFO - Started process (PID=10282) to work on /home/gabzarp/.local/lib/python3.10/site-packages/airflow/example_dags/example_branch_day_of_week_operator.py
[2024-09-12T01:54:50.102-0300] {processor.py:914} INFO - Processing file /home/gabzarp/.local/lib/python3.10/site-packages/airflow/example_dags/example_branch_day_of_week_operator.py for tasks to queue
[2024-09-12T01:54:50.103-0300] {logging_mixin.py:190} INFO - [2024-09-12T01:54:50.103-0300] {dagbag.py:587} INFO - Filling up the DagBag from /home/gabzarp/.local/lib/python3.10/site-packages/airflow/example_dags/example_branch_day_of_week_operator.py
[2024-09-12T01:54:50.109-0300] {processor.py:925} INFO - DAG(s) 'example_weekday_branch_operator' retrieved from /home/gabzarp/.local/lib/python3.10/site-packages/airflow/example_dags/example_branch_day_of_week_operator.py
[2024-09-12T01:54:50.119-0300] {logging_mixin.py:190} INFO - [2024-09-12T01:54:50.118-0300] {dag.py:3229} INFO - Sync 1 DAGs
[2024-09-12T01:54:50.132-0300] {logging_mixin.py:190} INFO - [2024-09-12T01:54:50.132-0300] {dag.py:4156} INFO - Setting next_dagrun for example_weekday_branch_operator to 2024-09-11 00:00:00+00:00, run_after=2024-09-12 00:00:00+00:00
[2024-09-12T01:54:50.147-0300] {processor.py:208} INFO - Processing /home/gabzarp/.local/lib/python3.10/site-packages/airflow/example_dags/example_branch_day_of_week_operator.py took 0.049 seconds
[2024-09-12T01:55:43.894-0300] {processor.py:186} INFO - Started process (PID=10705) to work on /home/gabzarp/.local/lib/python3.10/site-packages/airflow/example_dags/example_branch_day_of_week_operator.py
[2024-09-12T01:55:43.894-0300] {processor.py:914} INFO - Processing file /home/gabzarp/.local/lib/python3.10/site-packages/airflow/example_dags/example_branch_day_of_week_operator.py for tasks to queue
[2024-09-12T01:55:43.895-0300] {logging_mixin.py:190} INFO - [2024-09-12T01:55:43.895-0300] {dagbag.py:587} INFO - Filling up the DagBag from /home/gabzarp/.local/lib/python3.10/site-packages/airflow/example_dags/example_branch_day_of_week_operator.py
[2024-09-12T01:55:43.902-0300] {processor.py:925} INFO - DAG(s) 'example_weekday_branch_operator' retrieved from /home/gabzarp/.local/lib/python3.10/site-packages/airflow/example_dags/example_branch_day_of_week_operator.py
[2024-09-12T01:55:43.913-0300] {logging_mixin.py:190} INFO - [2024-09-12T01:55:43.913-0300] {dag.py:3229} INFO - Sync 1 DAGs
[2024-09-12T01:55:43.926-0300] {logging_mixin.py:190} INFO - [2024-09-12T01:55:43.926-0300] {dag.py:4156} INFO - Setting next_dagrun for example_weekday_branch_operator to 2024-09-11 00:00:00+00:00, run_after=2024-09-12 00:00:00+00:00
[2024-09-12T01:55:43.973-0300] {processor.py:208} INFO - Processing /home/gabzarp/.local/lib/python3.10/site-packages/airflow/example_dags/example_branch_day_of_week_operator.py took 0.084 seconds
[2024-09-12T01:56:39.244-0300] {processor.py:186} INFO - Started process (PID=11167) to work on /home/gabzarp/.local/lib/python3.10/site-packages/airflow/example_dags/example_branch_day_of_week_operator.py
[2024-09-12T01:56:39.245-0300] {processor.py:914} INFO - Processing file /home/gabzarp/.local/lib/python3.10/site-packages/airflow/example_dags/example_branch_day_of_week_operator.py for tasks to queue
[2024-09-12T01:56:39.245-0300] {logging_mixin.py:190} INFO - [2024-09-12T01:56:39.245-0300] {dagbag.py:587} INFO - Filling up the DagBag from /home/gabzarp/.local/lib/python3.10/site-packages/airflow/example_dags/example_branch_day_of_week_operator.py
[2024-09-12T01:56:39.252-0300] {processor.py:925} INFO - DAG(s) 'example_weekday_branch_operator' retrieved from /home/gabzarp/.local/lib/python3.10/site-packages/airflow/example_dags/example_branch_day_of_week_operator.py
[2024-09-12T01:56:39.262-0300] {logging_mixin.py:190} INFO - [2024-09-12T01:56:39.262-0300] {dag.py:3229} INFO - Sync 1 DAGs
[2024-09-12T01:56:39.275-0300] {logging_mixin.py:190} INFO - [2024-09-12T01:56:39.274-0300] {dag.py:4156} INFO - Setting next_dagrun for example_weekday_branch_operator to 2024-09-11 00:00:00+00:00, run_after=2024-09-12 00:00:00+00:00
[2024-09-12T01:56:39.289-0300] {processor.py:208} INFO - Processing /home/gabzarp/.local/lib/python3.10/site-packages/airflow/example_dags/example_branch_day_of_week_operator.py took 0.049 seconds
[2024-09-12T01:57:34.434-0300] {processor.py:186} INFO - Started process (PID=11652) to work on /home/gabzarp/.local/lib/python3.10/site-packages/airflow/example_dags/example_branch_day_of_week_operator.py
[2024-09-12T01:57:34.435-0300] {processor.py:914} INFO - Processing file /home/gabzarp/.local/lib/python3.10/site-packages/airflow/example_dags/example_branch_day_of_week_operator.py for tasks to queue
[2024-09-12T01:57:34.436-0300] {logging_mixin.py:190} INFO - [2024-09-12T01:57:34.436-0300] {dagbag.py:587} INFO - Filling up the DagBag from /home/gabzarp/.local/lib/python3.10/site-packages/airflow/example_dags/example_branch_day_of_week_operator.py
[2024-09-12T01:57:34.442-0300] {processor.py:925} INFO - DAG(s) 'example_weekday_branch_operator' retrieved from /home/gabzarp/.local/lib/python3.10/site-packages/airflow/example_dags/example_branch_day_of_week_operator.py
[2024-09-12T01:57:34.452-0300] {logging_mixin.py:190} INFO - [2024-09-12T01:57:34.452-0300] {dag.py:3229} INFO - Sync 1 DAGs
[2024-09-12T01:57:34.466-0300] {logging_mixin.py:190} INFO - [2024-09-12T01:57:34.466-0300] {dag.py:4156} INFO - Setting next_dagrun for example_weekday_branch_operator to 2024-09-11 00:00:00+00:00, run_after=2024-09-12 00:00:00+00:00
[2024-09-12T01:57:34.481-0300] {processor.py:208} INFO - Processing /home/gabzarp/.local/lib/python3.10/site-packages/airflow/example_dags/example_branch_day_of_week_operator.py took 0.051 seconds
[2024-09-12T01:58:28.533-0300] {processor.py:186} INFO - Started process (PID=12076) to work on /home/gabzarp/.local/lib/python3.10/site-packages/airflow/example_dags/example_branch_day_of_week_operator.py
[2024-09-12T01:58:28.534-0300] {processor.py:914} INFO - Processing file /home/gabzarp/.local/lib/python3.10/site-packages/airflow/example_dags/example_branch_day_of_week_operator.py for tasks to queue
[2024-09-12T01:58:28.535-0300] {logging_mixin.py:190} INFO - [2024-09-12T01:58:28.535-0300] {dagbag.py:587} INFO - Filling up the DagBag from /home/gabzarp/.local/lib/python3.10/site-packages/airflow/example_dags/example_branch_day_of_week_operator.py
[2024-09-12T01:58:28.541-0300] {processor.py:925} INFO - DAG(s) 'example_weekday_branch_operator' retrieved from /home/gabzarp/.local/lib/python3.10/site-packages/airflow/example_dags/example_branch_day_of_week_operator.py
[2024-09-12T01:58:28.552-0300] {logging_mixin.py:190} INFO - [2024-09-12T01:58:28.551-0300] {dag.py:3229} INFO - Sync 1 DAGs
[2024-09-12T01:58:28.565-0300] {logging_mixin.py:190} INFO - [2024-09-12T01:58:28.564-0300] {dag.py:4156} INFO - Setting next_dagrun for example_weekday_branch_operator to 2024-09-11 00:00:00+00:00, run_after=2024-09-12 00:00:00+00:00
[2024-09-12T01:58:28.579-0300] {processor.py:208} INFO - Processing /home/gabzarp/.local/lib/python3.10/site-packages/airflow/example_dags/example_branch_day_of_week_operator.py took 0.049 seconds
[2024-09-12T01:59:20.686-0300] {processor.py:186} INFO - Started process (PID=12493) to work on /home/gabzarp/.local/lib/python3.10/site-packages/airflow/example_dags/example_branch_day_of_week_operator.py
[2024-09-12T01:59:20.688-0300] {processor.py:914} INFO - Processing file /home/gabzarp/.local/lib/python3.10/site-packages/airflow/example_dags/example_branch_day_of_week_operator.py for tasks to queue
[2024-09-12T01:59:20.689-0300] {logging_mixin.py:190} INFO - [2024-09-12T01:59:20.689-0300] {dagbag.py:587} INFO - Filling up the DagBag from /home/gabzarp/.local/lib/python3.10/site-packages/airflow/example_dags/example_branch_day_of_week_operator.py
[2024-09-12T01:59:20.697-0300] {processor.py:925} INFO - DAG(s) 'example_weekday_branch_operator' retrieved from /home/gabzarp/.local/lib/python3.10/site-packages/airflow/example_dags/example_branch_day_of_week_operator.py
[2024-09-12T01:59:20.710-0300] {logging_mixin.py:190} INFO - [2024-09-12T01:59:20.710-0300] {dag.py:3229} INFO - Sync 1 DAGs
[2024-09-12T01:59:20.725-0300] {logging_mixin.py:190} INFO - [2024-09-12T01:59:20.725-0300] {dag.py:4156} INFO - Setting next_dagrun for example_weekday_branch_operator to 2024-09-11 00:00:00+00:00, run_after=2024-09-12 00:00:00+00:00
[2024-09-12T01:59:20.741-0300] {processor.py:208} INFO - Processing /home/gabzarp/.local/lib/python3.10/site-packages/airflow/example_dags/example_branch_day_of_week_operator.py took 0.059 seconds
[2024-09-12T02:00:12.418-0300] {processor.py:186} INFO - Started process (PID=12931) to work on /home/gabzarp/.local/lib/python3.10/site-packages/airflow/example_dags/example_branch_day_of_week_operator.py
[2024-09-12T02:00:12.419-0300] {processor.py:914} INFO - Processing file /home/gabzarp/.local/lib/python3.10/site-packages/airflow/example_dags/example_branch_day_of_week_operator.py for tasks to queue
[2024-09-12T02:00:12.420-0300] {logging_mixin.py:190} INFO - [2024-09-12T02:00:12.420-0300] {dagbag.py:587} INFO - Filling up the DagBag from /home/gabzarp/.local/lib/python3.10/site-packages/airflow/example_dags/example_branch_day_of_week_operator.py
[2024-09-12T02:00:12.426-0300] {processor.py:925} INFO - DAG(s) 'example_weekday_branch_operator' retrieved from /home/gabzarp/.local/lib/python3.10/site-packages/airflow/example_dags/example_branch_day_of_week_operator.py
[2024-09-12T02:00:12.437-0300] {logging_mixin.py:190} INFO - [2024-09-12T02:00:12.437-0300] {dag.py:3229} INFO - Sync 1 DAGs
[2024-09-12T02:00:12.451-0300] {logging_mixin.py:190} INFO - [2024-09-12T02:00:12.450-0300] {dag.py:4156} INFO - Setting next_dagrun for example_weekday_branch_operator to 2024-09-11 00:00:00+00:00, run_after=2024-09-12 00:00:00+00:00
[2024-09-12T02:00:12.467-0300] {processor.py:208} INFO - Processing /home/gabzarp/.local/lib/python3.10/site-packages/airflow/example_dags/example_branch_day_of_week_operator.py took 0.052 seconds
[2024-09-12T02:01:25.425-0300] {processor.py:186} INFO - Started process (PID=13620) to work on /home/gabzarp/.local/lib/python3.10/site-packages/airflow/example_dags/example_branch_day_of_week_operator.py
[2024-09-12T02:01:25.426-0300] {processor.py:914} INFO - Processing file /home/gabzarp/.local/lib/python3.10/site-packages/airflow/example_dags/example_branch_day_of_week_operator.py for tasks to queue
[2024-09-12T02:01:25.427-0300] {logging_mixin.py:190} INFO - [2024-09-12T02:01:25.427-0300] {dagbag.py:587} INFO - Filling up the DagBag from /home/gabzarp/.local/lib/python3.10/site-packages/airflow/example_dags/example_branch_day_of_week_operator.py
[2024-09-12T02:01:25.434-0300] {processor.py:925} INFO - DAG(s) 'example_weekday_branch_operator' retrieved from /home/gabzarp/.local/lib/python3.10/site-packages/airflow/example_dags/example_branch_day_of_week_operator.py
[2024-09-12T02:01:25.445-0300] {logging_mixin.py:190} INFO - [2024-09-12T02:01:25.445-0300] {dag.py:3229} INFO - Sync 1 DAGs
[2024-09-12T02:01:25.459-0300] {logging_mixin.py:190} INFO - [2024-09-12T02:01:25.459-0300] {dag.py:4156} INFO - Setting next_dagrun for example_weekday_branch_operator to 2024-09-11 00:00:00+00:00, run_after=2024-09-12 00:00:00+00:00
[2024-09-12T02:01:25.474-0300] {processor.py:208} INFO - Processing /home/gabzarp/.local/lib/python3.10/site-packages/airflow/example_dags/example_branch_day_of_week_operator.py took 0.053 seconds
[2024-09-12T02:02:16.842-0300] {processor.py:186} INFO - Started process (PID=14063) to work on /home/gabzarp/.local/lib/python3.10/site-packages/airflow/example_dags/example_branch_day_of_week_operator.py
[2024-09-12T02:02:16.843-0300] {processor.py:914} INFO - Processing file /home/gabzarp/.local/lib/python3.10/site-packages/airflow/example_dags/example_branch_day_of_week_operator.py for tasks to queue
[2024-09-12T02:02:16.844-0300] {logging_mixin.py:190} INFO - [2024-09-12T02:02:16.844-0300] {dagbag.py:587} INFO - Filling up the DagBag from /home/gabzarp/.local/lib/python3.10/site-packages/airflow/example_dags/example_branch_day_of_week_operator.py
[2024-09-12T02:02:16.850-0300] {processor.py:925} INFO - DAG(s) 'example_weekday_branch_operator' retrieved from /home/gabzarp/.local/lib/python3.10/site-packages/airflow/example_dags/example_branch_day_of_week_operator.py
[2024-09-12T02:02:16.860-0300] {logging_mixin.py:190} INFO - [2024-09-12T02:02:16.860-0300] {dag.py:3229} INFO - Sync 1 DAGs
[2024-09-12T02:02:16.873-0300] {logging_mixin.py:190} INFO - [2024-09-12T02:02:16.873-0300] {dag.py:4156} INFO - Setting next_dagrun for example_weekday_branch_operator to 2024-09-11 00:00:00+00:00, run_after=2024-09-12 00:00:00+00:00
[2024-09-12T02:02:16.887-0300] {processor.py:208} INFO - Processing /home/gabzarp/.local/lib/python3.10/site-packages/airflow/example_dags/example_branch_day_of_week_operator.py took 0.049 seconds
[2024-09-12T02:03:29.046-0300] {processor.py:186} INFO - Started process (PID=14654) to work on /home/gabzarp/.local/lib/python3.10/site-packages/airflow/example_dags/example_branch_day_of_week_operator.py
[2024-09-12T02:03:29.047-0300] {processor.py:914} INFO - Processing file /home/gabzarp/.local/lib/python3.10/site-packages/airflow/example_dags/example_branch_day_of_week_operator.py for tasks to queue
[2024-09-12T02:03:29.047-0300] {logging_mixin.py:190} INFO - [2024-09-12T02:03:29.047-0300] {dagbag.py:587} INFO - Filling up the DagBag from /home/gabzarp/.local/lib/python3.10/site-packages/airflow/example_dags/example_branch_day_of_week_operator.py
[2024-09-12T02:03:29.054-0300] {processor.py:925} INFO - DAG(s) 'example_weekday_branch_operator' retrieved from /home/gabzarp/.local/lib/python3.10/site-packages/airflow/example_dags/example_branch_day_of_week_operator.py
[2024-09-12T02:03:29.064-0300] {logging_mixin.py:190} INFO - [2024-09-12T02:03:29.064-0300] {dag.py:3229} INFO - Sync 1 DAGs
[2024-09-12T02:03:29.078-0300] {logging_mixin.py:190} INFO - [2024-09-12T02:03:29.078-0300] {dag.py:4156} INFO - Setting next_dagrun for example_weekday_branch_operator to 2024-09-11 00:00:00+00:00, run_after=2024-09-12 00:00:00+00:00
[2024-09-12T02:03:29.094-0300] {processor.py:208} INFO - Processing /home/gabzarp/.local/lib/python3.10/site-packages/airflow/example_dags/example_branch_day_of_week_operator.py took 0.052 seconds
[2024-09-12T02:04:20.865-0300] {processor.py:186} INFO - Started process (PID=15063) to work on /home/gabzarp/.local/lib/python3.10/site-packages/airflow/example_dags/example_branch_day_of_week_operator.py
[2024-09-12T02:04:20.866-0300] {processor.py:914} INFO - Processing file /home/gabzarp/.local/lib/python3.10/site-packages/airflow/example_dags/example_branch_day_of_week_operator.py for tasks to queue
[2024-09-12T02:04:20.867-0300] {logging_mixin.py:190} INFO - [2024-09-12T02:04:20.867-0300] {dagbag.py:587} INFO - Filling up the DagBag from /home/gabzarp/.local/lib/python3.10/site-packages/airflow/example_dags/example_branch_day_of_week_operator.py
[2024-09-12T02:04:20.874-0300] {processor.py:925} INFO - DAG(s) 'example_weekday_branch_operator' retrieved from /home/gabzarp/.local/lib/python3.10/site-packages/airflow/example_dags/example_branch_day_of_week_operator.py
[2024-09-12T02:04:20.886-0300] {logging_mixin.py:190} INFO - [2024-09-12T02:04:20.886-0300] {dag.py:3229} INFO - Sync 1 DAGs
[2024-09-12T02:04:20.903-0300] {logging_mixin.py:190} INFO - [2024-09-12T02:04:20.902-0300] {dag.py:4156} INFO - Setting next_dagrun for example_weekday_branch_operator to 2024-09-11 00:00:00+00:00, run_after=2024-09-12 00:00:00+00:00
[2024-09-12T02:04:20.919-0300] {processor.py:208} INFO - Processing /home/gabzarp/.local/lib/python3.10/site-packages/airflow/example_dags/example_branch_day_of_week_operator.py took 0.058 seconds
[2024-09-12T02:05:15.662-0300] {processor.py:186} INFO - Started process (PID=15495) to work on /home/gabzarp/.local/lib/python3.10/site-packages/airflow/example_dags/example_branch_day_of_week_operator.py
[2024-09-12T02:05:15.663-0300] {processor.py:914} INFO - Processing file /home/gabzarp/.local/lib/python3.10/site-packages/airflow/example_dags/example_branch_day_of_week_operator.py for tasks to queue
[2024-09-12T02:05:15.663-0300] {logging_mixin.py:190} INFO - [2024-09-12T02:05:15.663-0300] {dagbag.py:587} INFO - Filling up the DagBag from /home/gabzarp/.local/lib/python3.10/site-packages/airflow/example_dags/example_branch_day_of_week_operator.py
[2024-09-12T02:05:15.670-0300] {processor.py:925} INFO - DAG(s) 'example_weekday_branch_operator' retrieved from /home/gabzarp/.local/lib/python3.10/site-packages/airflow/example_dags/example_branch_day_of_week_operator.py
[2024-09-12T02:05:15.681-0300] {logging_mixin.py:190} INFO - [2024-09-12T02:05:15.681-0300] {dag.py:3229} INFO - Sync 1 DAGs
[2024-09-12T02:05:15.695-0300] {logging_mixin.py:190} INFO - [2024-09-12T02:05:15.695-0300] {dag.py:4156} INFO - Setting next_dagrun for example_weekday_branch_operator to 2024-09-11 00:00:00+00:00, run_after=2024-09-12 00:00:00+00:00
[2024-09-12T02:05:15.709-0300] {processor.py:208} INFO - Processing /home/gabzarp/.local/lib/python3.10/site-packages/airflow/example_dags/example_branch_day_of_week_operator.py took 0.051 seconds
[2024-09-12T02:06:08.761-0300] {processor.py:186} INFO - Started process (PID=15908) to work on /home/gabzarp/.local/lib/python3.10/site-packages/airflow/example_dags/example_branch_day_of_week_operator.py
[2024-09-12T02:06:08.762-0300] {processor.py:914} INFO - Processing file /home/gabzarp/.local/lib/python3.10/site-packages/airflow/example_dags/example_branch_day_of_week_operator.py for tasks to queue
[2024-09-12T02:06:08.762-0300] {logging_mixin.py:190} INFO - [2024-09-12T02:06:08.762-0300] {dagbag.py:587} INFO - Filling up the DagBag from /home/gabzarp/.local/lib/python3.10/site-packages/airflow/example_dags/example_branch_day_of_week_operator.py
[2024-09-12T02:06:08.769-0300] {processor.py:925} INFO - DAG(s) 'example_weekday_branch_operator' retrieved from /home/gabzarp/.local/lib/python3.10/site-packages/airflow/example_dags/example_branch_day_of_week_operator.py
[2024-09-12T02:06:08.780-0300] {logging_mixin.py:190} INFO - [2024-09-12T02:06:08.779-0300] {dag.py:3229} INFO - Sync 1 DAGs
[2024-09-12T02:06:08.793-0300] {logging_mixin.py:190} INFO - [2024-09-12T02:06:08.793-0300] {dag.py:4156} INFO - Setting next_dagrun for example_weekday_branch_operator to 2024-09-11 00:00:00+00:00, run_after=2024-09-12 00:00:00+00:00
[2024-09-12T02:06:08.809-0300] {processor.py:208} INFO - Processing /home/gabzarp/.local/lib/python3.10/site-packages/airflow/example_dags/example_branch_day_of_week_operator.py took 0.052 seconds
[2024-09-12T02:06:59.555-0300] {processor.py:186} INFO - Started process (PID=16312) to work on /home/gabzarp/.local/lib/python3.10/site-packages/airflow/example_dags/example_branch_day_of_week_operator.py
[2024-09-12T02:06:59.556-0300] {processor.py:914} INFO - Processing file /home/gabzarp/.local/lib/python3.10/site-packages/airflow/example_dags/example_branch_day_of_week_operator.py for tasks to queue
[2024-09-12T02:06:59.557-0300] {logging_mixin.py:190} INFO - [2024-09-12T02:06:59.557-0300] {dagbag.py:587} INFO - Filling up the DagBag from /home/gabzarp/.local/lib/python3.10/site-packages/airflow/example_dags/example_branch_day_of_week_operator.py
[2024-09-12T02:06:59.564-0300] {processor.py:925} INFO - DAG(s) 'example_weekday_branch_operator' retrieved from /home/gabzarp/.local/lib/python3.10/site-packages/airflow/example_dags/example_branch_day_of_week_operator.py
[2024-09-12T02:06:59.574-0300] {logging_mixin.py:190} INFO - [2024-09-12T02:06:59.574-0300] {dag.py:3229} INFO - Sync 1 DAGs
[2024-09-12T02:06:59.587-0300] {logging_mixin.py:190} INFO - [2024-09-12T02:06:59.587-0300] {dag.py:4156} INFO - Setting next_dagrun for example_weekday_branch_operator to 2024-09-11 00:00:00+00:00, run_after=2024-09-12 00:00:00+00:00
[2024-09-12T02:06:59.603-0300] {processor.py:208} INFO - Processing /home/gabzarp/.local/lib/python3.10/site-packages/airflow/example_dags/example_branch_day_of_week_operator.py took 0.052 seconds
[2024-09-12T02:08:12.077-0300] {processor.py:186} INFO - Started process (PID=16889) to work on /home/gabzarp/.local/lib/python3.10/site-packages/airflow/example_dags/example_branch_day_of_week_operator.py
[2024-09-12T02:08:12.078-0300] {processor.py:914} INFO - Processing file /home/gabzarp/.local/lib/python3.10/site-packages/airflow/example_dags/example_branch_day_of_week_operator.py for tasks to queue
[2024-09-12T02:08:12.079-0300] {logging_mixin.py:190} INFO - [2024-09-12T02:08:12.079-0300] {dagbag.py:587} INFO - Filling up the DagBag from /home/gabzarp/.local/lib/python3.10/site-packages/airflow/example_dags/example_branch_day_of_week_operator.py
[2024-09-12T02:08:12.085-0300] {processor.py:925} INFO - DAG(s) 'example_weekday_branch_operator' retrieved from /home/gabzarp/.local/lib/python3.10/site-packages/airflow/example_dags/example_branch_day_of_week_operator.py
[2024-09-12T02:08:12.096-0300] {logging_mixin.py:190} INFO - [2024-09-12T02:08:12.095-0300] {dag.py:3229} INFO - Sync 1 DAGs
[2024-09-12T02:08:12.109-0300] {logging_mixin.py:190} INFO - [2024-09-12T02:08:12.108-0300] {dag.py:4156} INFO - Setting next_dagrun for example_weekday_branch_operator to 2024-09-11 00:00:00+00:00, run_after=2024-09-12 00:00:00+00:00
[2024-09-12T02:08:12.123-0300] {processor.py:208} INFO - Processing /home/gabzarp/.local/lib/python3.10/site-packages/airflow/example_dags/example_branch_day_of_week_operator.py took 0.049 seconds
[2024-09-12T02:09:03.479-0300] {processor.py:186} INFO - Started process (PID=17296) to work on /home/gabzarp/.local/lib/python3.10/site-packages/airflow/example_dags/example_branch_day_of_week_operator.py
[2024-09-12T02:09:03.480-0300] {processor.py:914} INFO - Processing file /home/gabzarp/.local/lib/python3.10/site-packages/airflow/example_dags/example_branch_day_of_week_operator.py for tasks to queue
[2024-09-12T02:09:03.481-0300] {logging_mixin.py:190} INFO - [2024-09-12T02:09:03.481-0300] {dagbag.py:587} INFO - Filling up the DagBag from /home/gabzarp/.local/lib/python3.10/site-packages/airflow/example_dags/example_branch_day_of_week_operator.py
[2024-09-12T02:09:03.487-0300] {processor.py:925} INFO - DAG(s) 'example_weekday_branch_operator' retrieved from /home/gabzarp/.local/lib/python3.10/site-packages/airflow/example_dags/example_branch_day_of_week_operator.py
[2024-09-12T02:09:03.508-0300] {logging_mixin.py:190} INFO - [2024-09-12T02:09:03.508-0300] {dag.py:3229} INFO - Sync 1 DAGs
[2024-09-12T02:09:03.533-0300] {logging_mixin.py:190} INFO - [2024-09-12T02:09:03.533-0300] {dag.py:4156} INFO - Setting next_dagrun for example_weekday_branch_operator to 2024-09-11 00:00:00+00:00, run_after=2024-09-12 00:00:00+00:00
[2024-09-12T02:09:03.557-0300] {processor.py:208} INFO - Processing /home/gabzarp/.local/lib/python3.10/site-packages/airflow/example_dags/example_branch_day_of_week_operator.py took 0.082 seconds
