[2024-09-12T01:40:07.913-0300] {processor.py:186} INFO - Started process (PID=2763) to work on /home/gabzarp/.local/lib/python3.10/site-packages/airflow/example_dags/example_latest_only_with_trigger.py
[2024-09-12T01:40:07.914-0300] {processor.py:914} INFO - Processing file /home/gabzarp/.local/lib/python3.10/site-packages/airflow/example_dags/example_latest_only_with_trigger.py for tasks to queue
[2024-09-12T01:40:07.915-0300] {logging_mixin.py:190} INFO - [2024-09-12T01:40:07.915-0300] {dagbag.py:587} INFO - Filling up the DagBag from /home/gabzarp/.local/lib/python3.10/site-packages/airflow/example_dags/example_latest_only_with_trigger.py
[2024-09-12T01:40:07.920-0300] {processor.py:925} INFO - DAG(s) 'latest_only_with_trigger' retrieved from /home/gabzarp/.local/lib/python3.10/site-packages/airflow/example_dags/example_latest_only_with_trigger.py
[2024-09-12T01:40:07.985-0300] {logging_mixin.py:190} INFO - [2024-09-12T01:40:07.985-0300] {override.py:1900} INFO - Created Permission View: can edit on DAG:latest_only_with_trigger
[2024-09-12T01:40:07.994-0300] {logging_mixin.py:190} INFO - [2024-09-12T01:40:07.994-0300] {override.py:1900} INFO - Created Permission View: can read on DAG:latest_only_with_trigger
[2024-09-12T01:40:08.002-0300] {logging_mixin.py:190} INFO - [2024-09-12T01:40:08.001-0300] {override.py:1900} INFO - Created Permission View: can delete on DAG:latest_only_with_trigger
[2024-09-12T01:40:08.015-0300] {logging_mixin.py:190} INFO - [2024-09-12T01:40:08.015-0300] {override.py:1900} INFO - Created Permission View: can read on DAG Run:latest_only_with_trigger
[2024-09-12T01:40:08.024-0300] {logging_mixin.py:190} INFO - [2024-09-12T01:40:08.023-0300] {override.py:1900} INFO - Created Permission View: can create on DAG Run:latest_only_with_trigger
[2024-09-12T01:40:08.031-0300] {logging_mixin.py:190} INFO - [2024-09-12T01:40:08.031-0300] {override.py:1900} INFO - Created Permission View: menu access on DAG Run:latest_only_with_trigger
[2024-09-12T01:40:08.039-0300] {logging_mixin.py:190} INFO - [2024-09-12T01:40:08.039-0300] {override.py:1900} INFO - Created Permission View: can delete on DAG Run:latest_only_with_trigger
[2024-09-12T01:40:08.039-0300] {logging_mixin.py:190} INFO - [2024-09-12T01:40:08.039-0300] {dag.py:3229} INFO - Sync 1 DAGs
[2024-09-12T01:40:08.047-0300] {logging_mixin.py:190} INFO - [2024-09-12T01:40:08.047-0300] {dag.py:3252} INFO - Creating ORM DAG for latest_only_with_trigger
[2024-09-12T01:40:08.053-0300] {logging_mixin.py:190} INFO - [2024-09-12T01:40:08.053-0300] {dag.py:4156} INFO - Setting next_dagrun for latest_only_with_trigger to 2024-09-12 00:00:00+00:00, run_after=2024-09-12 04:00:00+00:00
[2024-09-12T01:40:08.067-0300] {processor.py:208} INFO - Processing /home/gabzarp/.local/lib/python3.10/site-packages/airflow/example_dags/example_latest_only_with_trigger.py took 0.157 seconds
[2024-09-12T01:41:01.710-0300] {processor.py:186} INFO - Started process (PID=3038) to work on /home/gabzarp/.local/lib/python3.10/site-packages/airflow/example_dags/example_latest_only_with_trigger.py
[2024-09-12T01:41:01.711-0300] {processor.py:914} INFO - Processing file /home/gabzarp/.local/lib/python3.10/site-packages/airflow/example_dags/example_latest_only_with_trigger.py for tasks to queue
[2024-09-12T01:41:01.713-0300] {logging_mixin.py:190} INFO - [2024-09-12T01:41:01.713-0300] {dagbag.py:587} INFO - Filling up the DagBag from /home/gabzarp/.local/lib/python3.10/site-packages/airflow/example_dags/example_latest_only_with_trigger.py
[2024-09-12T01:41:01.718-0300] {processor.py:925} INFO - DAG(s) 'latest_only_with_trigger' retrieved from /home/gabzarp/.local/lib/python3.10/site-packages/airflow/example_dags/example_latest_only_with_trigger.py
[2024-09-12T01:41:01.729-0300] {logging_mixin.py:190} INFO - [2024-09-12T01:41:01.728-0300] {dag.py:3229} INFO - Sync 1 DAGs
[2024-09-12T01:41:01.743-0300] {logging_mixin.py:190} INFO - [2024-09-12T01:41:01.743-0300] {dag.py:4156} INFO - Setting next_dagrun for latest_only_with_trigger to 2024-09-12 00:00:00+00:00, run_after=2024-09-12 04:00:00+00:00
[2024-09-12T01:41:01.760-0300] {processor.py:208} INFO - Processing /home/gabzarp/.local/lib/python3.10/site-packages/airflow/example_dags/example_latest_only_with_trigger.py took 0.053 seconds
[2024-09-12T01:41:56.570-0300] {processor.py:186} INFO - Started process (PID=3391) to work on /home/gabzarp/.local/lib/python3.10/site-packages/airflow/example_dags/example_latest_only_with_trigger.py
[2024-09-12T01:41:56.571-0300] {processor.py:914} INFO - Processing file /home/gabzarp/.local/lib/python3.10/site-packages/airflow/example_dags/example_latest_only_with_trigger.py for tasks to queue
[2024-09-12T01:41:56.572-0300] {logging_mixin.py:190} INFO - [2024-09-12T01:41:56.572-0300] {dagbag.py:587} INFO - Filling up the DagBag from /home/gabzarp/.local/lib/python3.10/site-packages/airflow/example_dags/example_latest_only_with_trigger.py
[2024-09-12T01:41:56.577-0300] {processor.py:925} INFO - DAG(s) 'latest_only_with_trigger' retrieved from /home/gabzarp/.local/lib/python3.10/site-packages/airflow/example_dags/example_latest_only_with_trigger.py
[2024-09-12T01:41:56.587-0300] {logging_mixin.py:190} INFO - [2024-09-12T01:41:56.587-0300] {dag.py:3229} INFO - Sync 1 DAGs
[2024-09-12T01:41:56.600-0300] {logging_mixin.py:190} INFO - [2024-09-12T01:41:56.600-0300] {dag.py:4156} INFO - Setting next_dagrun for latest_only_with_trigger to 2024-09-12 00:00:00+00:00, run_after=2024-09-12 04:00:00+00:00
[2024-09-12T01:41:56.614-0300] {processor.py:208} INFO - Processing /home/gabzarp/.local/lib/python3.10/site-packages/airflow/example_dags/example_latest_only_with_trigger.py took 0.048 seconds
[2024-09-12T01:43:10.328-0300] {processor.py:186} INFO - Started process (PID=3763) to work on /home/gabzarp/.local/lib/python3.10/site-packages/airflow/example_dags/example_latest_only_with_trigger.py
[2024-09-12T01:43:10.329-0300] {processor.py:914} INFO - Processing file /home/gabzarp/.local/lib/python3.10/site-packages/airflow/example_dags/example_latest_only_with_trigger.py for tasks to queue
[2024-09-12T01:43:10.330-0300] {logging_mixin.py:190} INFO - [2024-09-12T01:43:10.330-0300] {dagbag.py:587} INFO - Filling up the DagBag from /home/gabzarp/.local/lib/python3.10/site-packages/airflow/example_dags/example_latest_only_with_trigger.py
[2024-09-12T01:43:10.335-0300] {processor.py:925} INFO - DAG(s) 'latest_only_with_trigger' retrieved from /home/gabzarp/.local/lib/python3.10/site-packages/airflow/example_dags/example_latest_only_with_trigger.py
[2024-09-12T01:43:10.345-0300] {logging_mixin.py:190} INFO - [2024-09-12T01:43:10.345-0300] {dag.py:3229} INFO - Sync 1 DAGs
[2024-09-12T01:43:10.358-0300] {logging_mixin.py:190} INFO - [2024-09-12T01:43:10.358-0300] {dag.py:4156} INFO - Setting next_dagrun for latest_only_with_trigger to 2024-09-12 00:00:00+00:00, run_after=2024-09-12 04:00:00+00:00
[2024-09-12T01:43:10.374-0300] {processor.py:208} INFO - Processing /home/gabzarp/.local/lib/python3.10/site-packages/airflow/example_dags/example_latest_only_with_trigger.py took 0.049 seconds
[2024-09-12T01:45:14.090-0300] {processor.py:186} INFO - Started process (PID=5146) to work on /home/gabzarp/.local/lib/python3.10/site-packages/airflow/example_dags/example_latest_only_with_trigger.py
[2024-09-12T01:45:14.091-0300] {processor.py:914} INFO - Processing file /home/gabzarp/.local/lib/python3.10/site-packages/airflow/example_dags/example_latest_only_with_trigger.py for tasks to queue
[2024-09-12T01:45:14.092-0300] {logging_mixin.py:190} INFO - [2024-09-12T01:45:14.092-0300] {dagbag.py:587} INFO - Filling up the DagBag from /home/gabzarp/.local/lib/python3.10/site-packages/airflow/example_dags/example_latest_only_with_trigger.py
[2024-09-12T01:45:14.098-0300] {processor.py:925} INFO - DAG(s) 'latest_only_with_trigger' retrieved from /home/gabzarp/.local/lib/python3.10/site-packages/airflow/example_dags/example_latest_only_with_trigger.py
[2024-09-12T01:45:14.108-0300] {logging_mixin.py:190} INFO - [2024-09-12T01:45:14.108-0300] {dag.py:3229} INFO - Sync 1 DAGs
[2024-09-12T01:45:14.121-0300] {logging_mixin.py:190} INFO - [2024-09-12T01:45:14.121-0300] {dag.py:4156} INFO - Setting next_dagrun for latest_only_with_trigger to 2024-09-12 00:00:00+00:00, run_after=2024-09-12 04:00:00+00:00
[2024-09-12T01:45:14.136-0300] {processor.py:208} INFO - Processing /home/gabzarp/.local/lib/python3.10/site-packages/airflow/example_dags/example_latest_only_with_trigger.py took 0.049 seconds
[2024-09-12T01:46:06.699-0300] {processor.py:186} INFO - Started process (PID=5565) to work on /home/gabzarp/.local/lib/python3.10/site-packages/airflow/example_dags/example_latest_only_with_trigger.py
[2024-09-12T01:46:06.700-0300] {processor.py:914} INFO - Processing file /home/gabzarp/.local/lib/python3.10/site-packages/airflow/example_dags/example_latest_only_with_trigger.py for tasks to queue
[2024-09-12T01:46:06.702-0300] {logging_mixin.py:190} INFO - [2024-09-12T01:46:06.701-0300] {dagbag.py:587} INFO - Filling up the DagBag from /home/gabzarp/.local/lib/python3.10/site-packages/airflow/example_dags/example_latest_only_with_trigger.py
[2024-09-12T01:46:06.706-0300] {processor.py:925} INFO - DAG(s) 'latest_only_with_trigger' retrieved from /home/gabzarp/.local/lib/python3.10/site-packages/airflow/example_dags/example_latest_only_with_trigger.py
[2024-09-12T01:46:06.717-0300] {logging_mixin.py:190} INFO - [2024-09-12T01:46:06.717-0300] {dag.py:3229} INFO - Sync 1 DAGs
[2024-09-12T01:46:06.730-0300] {logging_mixin.py:190} INFO - [2024-09-12T01:46:06.729-0300] {dag.py:4156} INFO - Setting next_dagrun for latest_only_with_trigger to 2024-09-12 00:00:00+00:00, run_after=2024-09-12 04:00:00+00:00
[2024-09-12T01:46:06.845-0300] {processor.py:208} INFO - Processing /home/gabzarp/.local/lib/python3.10/site-packages/airflow/example_dags/example_latest_only_with_trigger.py took 0.150 seconds
[2024-09-12T01:47:19.459-0300] {processor.py:186} INFO - Started process (PID=6151) to work on /home/gabzarp/.local/lib/python3.10/site-packages/airflow/example_dags/example_latest_only_with_trigger.py
[2024-09-12T01:47:19.460-0300] {processor.py:914} INFO - Processing file /home/gabzarp/.local/lib/python3.10/site-packages/airflow/example_dags/example_latest_only_with_trigger.py for tasks to queue
[2024-09-12T01:47:19.461-0300] {logging_mixin.py:190} INFO - [2024-09-12T01:47:19.461-0300] {dagbag.py:587} INFO - Filling up the DagBag from /home/gabzarp/.local/lib/python3.10/site-packages/airflow/example_dags/example_latest_only_with_trigger.py
[2024-09-12T01:47:19.466-0300] {processor.py:925} INFO - DAG(s) 'latest_only_with_trigger' retrieved from /home/gabzarp/.local/lib/python3.10/site-packages/airflow/example_dags/example_latest_only_with_trigger.py
[2024-09-12T01:47:19.478-0300] {logging_mixin.py:190} INFO - [2024-09-12T01:47:19.477-0300] {dag.py:3229} INFO - Sync 1 DAGs
[2024-09-12T01:47:19.490-0300] {logging_mixin.py:190} INFO - [2024-09-12T01:47:19.490-0300] {dag.py:4156} INFO - Setting next_dagrun for latest_only_with_trigger to 2024-09-12 00:00:00+00:00, run_after=2024-09-12 04:00:00+00:00
[2024-09-12T01:47:19.504-0300] {processor.py:208} INFO - Processing /home/gabzarp/.local/lib/python3.10/site-packages/airflow/example_dags/example_latest_only_with_trigger.py took 0.048 seconds
[2024-09-12T01:48:33.694-0300] {processor.py:186} INFO - Started process (PID=6852) to work on /home/gabzarp/.local/lib/python3.10/site-packages/airflow/example_dags/example_latest_only_with_trigger.py
[2024-09-12T01:48:33.695-0300] {processor.py:914} INFO - Processing file /home/gabzarp/.local/lib/python3.10/site-packages/airflow/example_dags/example_latest_only_with_trigger.py for tasks to queue
[2024-09-12T01:48:33.696-0300] {logging_mixin.py:190} INFO - [2024-09-12T01:48:33.696-0300] {dagbag.py:587} INFO - Filling up the DagBag from /home/gabzarp/.local/lib/python3.10/site-packages/airflow/example_dags/example_latest_only_with_trigger.py
[2024-09-12T01:48:33.701-0300] {processor.py:925} INFO - DAG(s) 'latest_only_with_trigger' retrieved from /home/gabzarp/.local/lib/python3.10/site-packages/airflow/example_dags/example_latest_only_with_trigger.py
[2024-09-12T01:48:33.711-0300] {logging_mixin.py:190} INFO - [2024-09-12T01:48:33.711-0300] {dag.py:3229} INFO - Sync 1 DAGs
[2024-09-12T01:48:33.722-0300] {logging_mixin.py:190} INFO - [2024-09-12T01:48:33.722-0300] {dag.py:4156} INFO - Setting next_dagrun for latest_only_with_trigger to 2024-09-12 00:00:00+00:00, run_after=2024-09-12 04:00:00+00:00
[2024-09-12T01:48:33.736-0300] {processor.py:208} INFO - Processing /home/gabzarp/.local/lib/python3.10/site-packages/airflow/example_dags/example_latest_only_with_trigger.py took 0.045 seconds
[2024-09-12T01:49:48.506-0300] {processor.py:186} INFO - Started process (PID=7469) to work on /home/gabzarp/.local/lib/python3.10/site-packages/airflow/example_dags/example_latest_only_with_trigger.py
[2024-09-12T01:49:48.507-0300] {processor.py:914} INFO - Processing file /home/gabzarp/.local/lib/python3.10/site-packages/airflow/example_dags/example_latest_only_with_trigger.py for tasks to queue
[2024-09-12T01:49:48.507-0300] {logging_mixin.py:190} INFO - [2024-09-12T01:49:48.507-0300] {dagbag.py:587} INFO - Filling up the DagBag from /home/gabzarp/.local/lib/python3.10/site-packages/airflow/example_dags/example_latest_only_with_trigger.py
[2024-09-12T01:49:48.512-0300] {processor.py:925} INFO - DAG(s) 'latest_only_with_trigger' retrieved from /home/gabzarp/.local/lib/python3.10/site-packages/airflow/example_dags/example_latest_only_with_trigger.py
[2024-09-12T01:49:48.522-0300] {logging_mixin.py:190} INFO - [2024-09-12T01:49:48.522-0300] {dag.py:3229} INFO - Sync 1 DAGs
[2024-09-12T01:49:48.534-0300] {logging_mixin.py:190} INFO - [2024-09-12T01:49:48.534-0300] {dag.py:4156} INFO - Setting next_dagrun for latest_only_with_trigger to 2024-09-12 00:00:00+00:00, run_after=2024-09-12 04:00:00+00:00
[2024-09-12T01:49:48.547-0300] {processor.py:208} INFO - Processing /home/gabzarp/.local/lib/python3.10/site-packages/airflow/example_dags/example_latest_only_with_trigger.py took 0.045 seconds
[2024-09-12T01:51:02.806-0300] {processor.py:186} INFO - Started process (PID=8150) to work on /home/gabzarp/.local/lib/python3.10/site-packages/airflow/example_dags/example_latest_only_with_trigger.py
[2024-09-12T01:51:02.807-0300] {processor.py:914} INFO - Processing file /home/gabzarp/.local/lib/python3.10/site-packages/airflow/example_dags/example_latest_only_with_trigger.py for tasks to queue
[2024-09-12T01:51:02.808-0300] {logging_mixin.py:190} INFO - [2024-09-12T01:51:02.807-0300] {dagbag.py:587} INFO - Filling up the DagBag from /home/gabzarp/.local/lib/python3.10/site-packages/airflow/example_dags/example_latest_only_with_trigger.py
[2024-09-12T01:51:02.813-0300] {processor.py:925} INFO - DAG(s) 'latest_only_with_trigger' retrieved from /home/gabzarp/.local/lib/python3.10/site-packages/airflow/example_dags/example_latest_only_with_trigger.py
[2024-09-12T01:51:02.823-0300] {logging_mixin.py:190} INFO - [2024-09-12T01:51:02.823-0300] {dag.py:3229} INFO - Sync 1 DAGs
[2024-09-12T01:51:02.836-0300] {logging_mixin.py:190} INFO - [2024-09-12T01:51:02.835-0300] {dag.py:4156} INFO - Setting next_dagrun for latest_only_with_trigger to 2024-09-12 00:00:00+00:00, run_after=2024-09-12 04:00:00+00:00
[2024-09-12T01:51:02.849-0300] {processor.py:208} INFO - Processing /home/gabzarp/.local/lib/python3.10/site-packages/airflow/example_dags/example_latest_only_with_trigger.py took 0.047 seconds
[2024-09-12T01:52:17.150-0300] {processor.py:186} INFO - Started process (PID=8885) to work on /home/gabzarp/.local/lib/python3.10/site-packages/airflow/example_dags/example_latest_only_with_trigger.py
[2024-09-12T01:52:17.151-0300] {processor.py:914} INFO - Processing file /home/gabzarp/.local/lib/python3.10/site-packages/airflow/example_dags/example_latest_only_with_trigger.py for tasks to queue
[2024-09-12T01:52:17.152-0300] {logging_mixin.py:190} INFO - [2024-09-12T01:52:17.152-0300] {dagbag.py:587} INFO - Filling up the DagBag from /home/gabzarp/.local/lib/python3.10/site-packages/airflow/example_dags/example_latest_only_with_trigger.py
[2024-09-12T01:52:17.157-0300] {processor.py:925} INFO - DAG(s) 'latest_only_with_trigger' retrieved from /home/gabzarp/.local/lib/python3.10/site-packages/airflow/example_dags/example_latest_only_with_trigger.py
[2024-09-12T01:52:17.166-0300] {logging_mixin.py:190} INFO - [2024-09-12T01:52:17.166-0300] {dag.py:3229} INFO - Sync 1 DAGs
[2024-09-12T01:52:17.178-0300] {logging_mixin.py:190} INFO - [2024-09-12T01:52:17.178-0300] {dag.py:4156} INFO - Setting next_dagrun for latest_only_with_trigger to 2024-09-12 00:00:00+00:00, run_after=2024-09-12 04:00:00+00:00
[2024-09-12T01:52:17.192-0300] {processor.py:208} INFO - Processing /home/gabzarp/.local/lib/python3.10/site-packages/airflow/example_dags/example_latest_only_with_trigger.py took 0.045 seconds
[2024-09-12T01:53:36.063-0300] {processor.py:186} INFO - Started process (PID=9658) to work on /home/gabzarp/.local/lib/python3.10/site-packages/airflow/example_dags/example_latest_only_with_trigger.py
[2024-09-12T01:53:36.064-0300] {processor.py:914} INFO - Processing file /home/gabzarp/.local/lib/python3.10/site-packages/airflow/example_dags/example_latest_only_with_trigger.py for tasks to queue
[2024-09-12T01:53:36.065-0300] {logging_mixin.py:190} INFO - [2024-09-12T01:53:36.065-0300] {dagbag.py:587} INFO - Filling up the DagBag from /home/gabzarp/.local/lib/python3.10/site-packages/airflow/example_dags/example_latest_only_with_trigger.py
[2024-09-12T01:53:36.071-0300] {processor.py:925} INFO - DAG(s) 'latest_only_with_trigger' retrieved from /home/gabzarp/.local/lib/python3.10/site-packages/airflow/example_dags/example_latest_only_with_trigger.py
[2024-09-12T01:53:36.082-0300] {logging_mixin.py:190} INFO - [2024-09-12T01:53:36.081-0300] {dag.py:3229} INFO - Sync 1 DAGs
[2024-09-12T01:53:36.095-0300] {logging_mixin.py:190} INFO - [2024-09-12T01:53:36.095-0300] {dag.py:4156} INFO - Setting next_dagrun for latest_only_with_trigger to 2024-09-12 00:00:00+00:00, run_after=2024-09-12 04:00:00+00:00
[2024-09-12T01:53:36.110-0300] {processor.py:208} INFO - Processing /home/gabzarp/.local/lib/python3.10/site-packages/airflow/example_dags/example_latest_only_with_trigger.py took 0.050 seconds
[2024-09-12T01:54:52.231-0300] {processor.py:186} INFO - Started process (PID=10298) to work on /home/gabzarp/.local/lib/python3.10/site-packages/airflow/example_dags/example_latest_only_with_trigger.py
[2024-09-12T01:54:52.232-0300] {processor.py:914} INFO - Processing file /home/gabzarp/.local/lib/python3.10/site-packages/airflow/example_dags/example_latest_only_with_trigger.py for tasks to queue
[2024-09-12T01:54:52.233-0300] {logging_mixin.py:190} INFO - [2024-09-12T01:54:52.232-0300] {dagbag.py:587} INFO - Filling up the DagBag from /home/gabzarp/.local/lib/python3.10/site-packages/airflow/example_dags/example_latest_only_with_trigger.py
[2024-09-12T01:54:52.237-0300] {processor.py:925} INFO - DAG(s) 'latest_only_with_trigger' retrieved from /home/gabzarp/.local/lib/python3.10/site-packages/airflow/example_dags/example_latest_only_with_trigger.py
[2024-09-12T01:54:52.247-0300] {logging_mixin.py:190} INFO - [2024-09-12T01:54:52.247-0300] {dag.py:3229} INFO - Sync 1 DAGs
[2024-09-12T01:54:52.259-0300] {logging_mixin.py:190} INFO - [2024-09-12T01:54:52.259-0300] {dag.py:4156} INFO - Setting next_dagrun for latest_only_with_trigger to 2024-09-12 00:00:00+00:00, run_after=2024-09-12 04:00:00+00:00
[2024-09-12T01:54:52.273-0300] {processor.py:208} INFO - Processing /home/gabzarp/.local/lib/python3.10/site-packages/airflow/example_dags/example_latest_only_with_trigger.py took 0.045 seconds
[2024-09-12T01:55:48.860-0300] {processor.py:186} INFO - Started process (PID=10753) to work on /home/gabzarp/.local/lib/python3.10/site-packages/airflow/example_dags/example_latest_only_with_trigger.py
[2024-09-12T01:55:48.861-0300] {processor.py:914} INFO - Processing file /home/gabzarp/.local/lib/python3.10/site-packages/airflow/example_dags/example_latest_only_with_trigger.py for tasks to queue
[2024-09-12T01:55:48.862-0300] {logging_mixin.py:190} INFO - [2024-09-12T01:55:48.862-0300] {dagbag.py:587} INFO - Filling up the DagBag from /home/gabzarp/.local/lib/python3.10/site-packages/airflow/example_dags/example_latest_only_with_trigger.py
[2024-09-12T01:55:48.867-0300] {processor.py:925} INFO - DAG(s) 'latest_only_with_trigger' retrieved from /home/gabzarp/.local/lib/python3.10/site-packages/airflow/example_dags/example_latest_only_with_trigger.py
[2024-09-12T01:55:48.878-0300] {logging_mixin.py:190} INFO - [2024-09-12T01:55:48.878-0300] {dag.py:3229} INFO - Sync 1 DAGs
[2024-09-12T01:55:48.891-0300] {logging_mixin.py:190} INFO - [2024-09-12T01:55:48.891-0300] {dag.py:4156} INFO - Setting next_dagrun for latest_only_with_trigger to 2024-09-12 00:00:00+00:00, run_after=2024-09-12 04:00:00+00:00
[2024-09-12T01:55:48.906-0300] {processor.py:208} INFO - Processing /home/gabzarp/.local/lib/python3.10/site-packages/airflow/example_dags/example_latest_only_with_trigger.py took 0.050 seconds
[2024-09-12T01:57:08.464-0300] {processor.py:186} INFO - Started process (PID=11445) to work on /home/gabzarp/.local/lib/python3.10/site-packages/airflow/example_dags/example_latest_only_with_trigger.py
[2024-09-12T01:57:08.465-0300] {processor.py:914} INFO - Processing file /home/gabzarp/.local/lib/python3.10/site-packages/airflow/example_dags/example_latest_only_with_trigger.py for tasks to queue
[2024-09-12T01:57:08.465-0300] {logging_mixin.py:190} INFO - [2024-09-12T01:57:08.465-0300] {dagbag.py:587} INFO - Filling up the DagBag from /home/gabzarp/.local/lib/python3.10/site-packages/airflow/example_dags/example_latest_only_with_trigger.py
[2024-09-12T01:57:08.471-0300] {processor.py:925} INFO - DAG(s) 'latest_only_with_trigger' retrieved from /home/gabzarp/.local/lib/python3.10/site-packages/airflow/example_dags/example_latest_only_with_trigger.py
[2024-09-12T01:57:08.482-0300] {logging_mixin.py:190} INFO - [2024-09-12T01:57:08.482-0300] {dag.py:3229} INFO - Sync 1 DAGs
[2024-09-12T01:57:08.494-0300] {logging_mixin.py:190} INFO - [2024-09-12T01:57:08.494-0300] {dag.py:4156} INFO - Setting next_dagrun for latest_only_with_trigger to 2024-09-12 00:00:00+00:00, run_after=2024-09-12 04:00:00+00:00
[2024-09-12T01:57:08.509-0300] {processor.py:208} INFO - Processing /home/gabzarp/.local/lib/python3.10/site-packages/airflow/example_dags/example_latest_only_with_trigger.py took 0.049 seconds
[2024-09-12T01:58:02.802-0300] {processor.py:186} INFO - Started process (PID=11877) to work on /home/gabzarp/.local/lib/python3.10/site-packages/airflow/example_dags/example_latest_only_with_trigger.py
[2024-09-12T01:58:02.803-0300] {processor.py:914} INFO - Processing file /home/gabzarp/.local/lib/python3.10/site-packages/airflow/example_dags/example_latest_only_with_trigger.py for tasks to queue
[2024-09-12T01:58:02.804-0300] {logging_mixin.py:190} INFO - [2024-09-12T01:58:02.804-0300] {dagbag.py:587} INFO - Filling up the DagBag from /home/gabzarp/.local/lib/python3.10/site-packages/airflow/example_dags/example_latest_only_with_trigger.py
[2024-09-12T01:58:02.809-0300] {processor.py:925} INFO - DAG(s) 'latest_only_with_trigger' retrieved from /home/gabzarp/.local/lib/python3.10/site-packages/airflow/example_dags/example_latest_only_with_trigger.py
[2024-09-12T01:58:02.819-0300] {logging_mixin.py:190} INFO - [2024-09-12T01:58:02.819-0300] {dag.py:3229} INFO - Sync 1 DAGs
[2024-09-12T01:58:02.832-0300] {logging_mixin.py:190} INFO - [2024-09-12T01:58:02.832-0300] {dag.py:4156} INFO - Setting next_dagrun for latest_only_with_trigger to 2024-09-12 00:00:00+00:00, run_after=2024-09-12 04:00:00+00:00
[2024-09-12T01:58:02.846-0300] {processor.py:208} INFO - Processing /home/gabzarp/.local/lib/python3.10/site-packages/airflow/example_dags/example_latest_only_with_trigger.py took 0.048 seconds
[2024-09-12T01:58:56.947-0300] {processor.py:186} INFO - Started process (PID=12302) to work on /home/gabzarp/.local/lib/python3.10/site-packages/airflow/example_dags/example_latest_only_with_trigger.py
[2024-09-12T01:58:56.948-0300] {processor.py:914} INFO - Processing file /home/gabzarp/.local/lib/python3.10/site-packages/airflow/example_dags/example_latest_only_with_trigger.py for tasks to queue
[2024-09-12T01:58:56.949-0300] {logging_mixin.py:190} INFO - [2024-09-12T01:58:56.949-0300] {dagbag.py:587} INFO - Filling up the DagBag from /home/gabzarp/.local/lib/python3.10/site-packages/airflow/example_dags/example_latest_only_with_trigger.py
[2024-09-12T01:58:56.954-0300] {processor.py:925} INFO - DAG(s) 'latest_only_with_trigger' retrieved from /home/gabzarp/.local/lib/python3.10/site-packages/airflow/example_dags/example_latest_only_with_trigger.py
[2024-09-12T01:58:56.964-0300] {logging_mixin.py:190} INFO - [2024-09-12T01:58:56.964-0300] {dag.py:3229} INFO - Sync 1 DAGs
[2024-09-12T01:58:56.976-0300] {logging_mixin.py:190} INFO - [2024-09-12T01:58:56.976-0300] {dag.py:4156} INFO - Setting next_dagrun for latest_only_with_trigger to 2024-09-12 00:00:00+00:00, run_after=2024-09-12 04:00:00+00:00
[2024-09-12T01:58:56.990-0300] {processor.py:208} INFO - Processing /home/gabzarp/.local/lib/python3.10/site-packages/airflow/example_dags/example_latest_only_with_trigger.py took 0.046 seconds
[2024-09-12T02:00:14.144-0300] {processor.py:186} INFO - Started process (PID=12961) to work on /home/gabzarp/.local/lib/python3.10/site-packages/airflow/example_dags/example_latest_only_with_trigger.py
[2024-09-12T02:00:14.145-0300] {processor.py:914} INFO - Processing file /home/gabzarp/.local/lib/python3.10/site-packages/airflow/example_dags/example_latest_only_with_trigger.py for tasks to queue
[2024-09-12T02:00:14.146-0300] {logging_mixin.py:190} INFO - [2024-09-12T02:00:14.146-0300] {dagbag.py:587} INFO - Filling up the DagBag from /home/gabzarp/.local/lib/python3.10/site-packages/airflow/example_dags/example_latest_only_with_trigger.py
[2024-09-12T02:00:14.151-0300] {processor.py:925} INFO - DAG(s) 'latest_only_with_trigger' retrieved from /home/gabzarp/.local/lib/python3.10/site-packages/airflow/example_dags/example_latest_only_with_trigger.py
[2024-09-12T02:00:14.161-0300] {logging_mixin.py:190} INFO - [2024-09-12T02:00:14.161-0300] {dag.py:3229} INFO - Sync 1 DAGs
[2024-09-12T02:00:14.173-0300] {logging_mixin.py:190} INFO - [2024-09-12T02:00:14.172-0300] {dag.py:4156} INFO - Setting next_dagrun for latest_only_with_trigger to 2024-09-12 00:00:00+00:00, run_after=2024-09-12 04:00:00+00:00
[2024-09-12T02:00:14.219-0300] {processor.py:208} INFO - Processing /home/gabzarp/.local/lib/python3.10/site-packages/airflow/example_dags/example_latest_only_with_trigger.py took 0.079 seconds
[2024-09-12T02:01:31.152-0300] {processor.py:186} INFO - Started process (PID=13667) to work on /home/gabzarp/.local/lib/python3.10/site-packages/airflow/example_dags/example_latest_only_with_trigger.py
[2024-09-12T02:01:31.153-0300] {processor.py:914} INFO - Processing file /home/gabzarp/.local/lib/python3.10/site-packages/airflow/example_dags/example_latest_only_with_trigger.py for tasks to queue
[2024-09-12T02:01:31.154-0300] {logging_mixin.py:190} INFO - [2024-09-12T02:01:31.154-0300] {dagbag.py:587} INFO - Filling up the DagBag from /home/gabzarp/.local/lib/python3.10/site-packages/airflow/example_dags/example_latest_only_with_trigger.py
[2024-09-12T02:01:31.159-0300] {processor.py:925} INFO - DAG(s) 'latest_only_with_trigger' retrieved from /home/gabzarp/.local/lib/python3.10/site-packages/airflow/example_dags/example_latest_only_with_trigger.py
[2024-09-12T02:01:31.170-0300] {logging_mixin.py:190} INFO - [2024-09-12T02:01:31.169-0300] {dag.py:3229} INFO - Sync 1 DAGs
[2024-09-12T02:01:31.182-0300] {logging_mixin.py:190} INFO - [2024-09-12T02:01:31.182-0300] {dag.py:4156} INFO - Setting next_dagrun for latest_only_with_trigger to 2024-09-12 00:00:00+00:00, run_after=2024-09-12 04:00:00+00:00
[2024-09-12T02:01:31.199-0300] {processor.py:208} INFO - Processing /home/gabzarp/.local/lib/python3.10/site-packages/airflow/example_dags/example_latest_only_with_trigger.py took 0.050 seconds
[2024-09-12T02:02:41.406-0300] {processor.py:186} INFO - Started process (PID=14268) to work on /home/gabzarp/.local/lib/python3.10/site-packages/airflow/example_dags/example_latest_only_with_trigger.py
[2024-09-12T02:02:41.407-0300] {processor.py:914} INFO - Processing file /home/gabzarp/.local/lib/python3.10/site-packages/airflow/example_dags/example_latest_only_with_trigger.py for tasks to queue
[2024-09-12T02:02:41.408-0300] {logging_mixin.py:190} INFO - [2024-09-12T02:02:41.408-0300] {dagbag.py:587} INFO - Filling up the DagBag from /home/gabzarp/.local/lib/python3.10/site-packages/airflow/example_dags/example_latest_only_with_trigger.py
[2024-09-12T02:02:41.413-0300] {processor.py:925} INFO - DAG(s) 'latest_only_with_trigger' retrieved from /home/gabzarp/.local/lib/python3.10/site-packages/airflow/example_dags/example_latest_only_with_trigger.py
[2024-09-12T02:02:41.423-0300] {logging_mixin.py:190} INFO - [2024-09-12T02:02:41.422-0300] {dag.py:3229} INFO - Sync 1 DAGs
[2024-09-12T02:02:41.434-0300] {logging_mixin.py:190} INFO - [2024-09-12T02:02:41.434-0300] {dag.py:4156} INFO - Setting next_dagrun for latest_only_with_trigger to 2024-09-12 00:00:00+00:00, run_after=2024-09-12 04:00:00+00:00
[2024-09-12T02:02:41.447-0300] {processor.py:208} INFO - Processing /home/gabzarp/.local/lib/python3.10/site-packages/airflow/example_dags/example_latest_only_with_trigger.py took 0.044 seconds
[2024-09-12T02:03:58.185-0300] {processor.py:186} INFO - Started process (PID=14883) to work on /home/gabzarp/.local/lib/python3.10/site-packages/airflow/example_dags/example_latest_only_with_trigger.py
[2024-09-12T02:03:58.186-0300] {processor.py:914} INFO - Processing file /home/gabzarp/.local/lib/python3.10/site-packages/airflow/example_dags/example_latest_only_with_trigger.py for tasks to queue
[2024-09-12T02:03:58.187-0300] {logging_mixin.py:190} INFO - [2024-09-12T02:03:58.187-0300] {dagbag.py:587} INFO - Filling up the DagBag from /home/gabzarp/.local/lib/python3.10/site-packages/airflow/example_dags/example_latest_only_with_trigger.py
[2024-09-12T02:03:58.192-0300] {processor.py:925} INFO - DAG(s) 'latest_only_with_trigger' retrieved from /home/gabzarp/.local/lib/python3.10/site-packages/airflow/example_dags/example_latest_only_with_trigger.py
[2024-09-12T02:03:58.204-0300] {logging_mixin.py:190} INFO - [2024-09-12T02:03:58.204-0300] {dag.py:3229} INFO - Sync 1 DAGs
[2024-09-12T02:03:58.220-0300] {logging_mixin.py:190} INFO - [2024-09-12T02:03:58.219-0300] {dag.py:4156} INFO - Setting next_dagrun for latest_only_with_trigger to 2024-09-12 00:00:00+00:00, run_after=2024-09-12 04:00:00+00:00
[2024-09-12T02:03:58.239-0300] {processor.py:208} INFO - Processing /home/gabzarp/.local/lib/python3.10/site-packages/airflow/example_dags/example_latest_only_with_trigger.py took 0.059 seconds
[2024-09-12T02:05:18.918-0300] {processor.py:186} INFO - Started process (PID=15518) to work on /home/gabzarp/.local/lib/python3.10/site-packages/airflow/example_dags/example_latest_only_with_trigger.py
[2024-09-12T02:05:18.919-0300] {processor.py:914} INFO - Processing file /home/gabzarp/.local/lib/python3.10/site-packages/airflow/example_dags/example_latest_only_with_trigger.py for tasks to queue
[2024-09-12T02:05:18.920-0300] {logging_mixin.py:190} INFO - [2024-09-12T02:05:18.920-0300] {dagbag.py:587} INFO - Filling up the DagBag from /home/gabzarp/.local/lib/python3.10/site-packages/airflow/example_dags/example_latest_only_with_trigger.py
[2024-09-12T02:05:18.925-0300] {processor.py:925} INFO - DAG(s) 'latest_only_with_trigger' retrieved from /home/gabzarp/.local/lib/python3.10/site-packages/airflow/example_dags/example_latest_only_with_trigger.py
[2024-09-12T02:05:18.937-0300] {logging_mixin.py:190} INFO - [2024-09-12T02:05:18.937-0300] {dag.py:3229} INFO - Sync 1 DAGs
[2024-09-12T02:05:18.950-0300] {logging_mixin.py:190} INFO - [2024-09-12T02:05:18.950-0300] {dag.py:4156} INFO - Setting next_dagrun for latest_only_with_trigger to 2024-09-12 00:00:00+00:00, run_after=2024-09-12 04:00:00+00:00
[2024-09-12T02:05:18.967-0300] {processor.py:208} INFO - Processing /home/gabzarp/.local/lib/python3.10/site-packages/airflow/example_dags/example_latest_only_with_trigger.py took 0.053 seconds
[2024-09-12T02:06:37.859-0300] {processor.py:186} INFO - Started process (PID=16143) to work on /home/gabzarp/.local/lib/python3.10/site-packages/airflow/example_dags/example_latest_only_with_trigger.py
[2024-09-12T02:06:37.860-0300] {processor.py:914} INFO - Processing file /home/gabzarp/.local/lib/python3.10/site-packages/airflow/example_dags/example_latest_only_with_trigger.py for tasks to queue
[2024-09-12T02:06:37.861-0300] {logging_mixin.py:190} INFO - [2024-09-12T02:06:37.861-0300] {dagbag.py:587} INFO - Filling up the DagBag from /home/gabzarp/.local/lib/python3.10/site-packages/airflow/example_dags/example_latest_only_with_trigger.py
[2024-09-12T02:06:37.866-0300] {processor.py:925} INFO - DAG(s) 'latest_only_with_trigger' retrieved from /home/gabzarp/.local/lib/python3.10/site-packages/airflow/example_dags/example_latest_only_with_trigger.py
[2024-09-12T02:06:37.877-0300] {logging_mixin.py:190} INFO - [2024-09-12T02:06:37.876-0300] {dag.py:3229} INFO - Sync 1 DAGs
[2024-09-12T02:06:37.889-0300] {logging_mixin.py:190} INFO - [2024-09-12T02:06:37.889-0300] {dag.py:4156} INFO - Setting next_dagrun for latest_only_with_trigger to 2024-09-12 00:00:00+00:00, run_after=2024-09-12 04:00:00+00:00
[2024-09-12T02:06:37.905-0300] {processor.py:208} INFO - Processing /home/gabzarp/.local/lib/python3.10/site-packages/airflow/example_dags/example_latest_only_with_trigger.py took 0.050 seconds
[2024-09-12T02:07:47.518-0300] {processor.py:186} INFO - Started process (PID=16696) to work on /home/gabzarp/.local/lib/python3.10/site-packages/airflow/example_dags/example_latest_only_with_trigger.py
[2024-09-12T02:07:47.519-0300] {processor.py:914} INFO - Processing file /home/gabzarp/.local/lib/python3.10/site-packages/airflow/example_dags/example_latest_only_with_trigger.py for tasks to queue
[2024-09-12T02:07:47.520-0300] {logging_mixin.py:190} INFO - [2024-09-12T02:07:47.519-0300] {dagbag.py:587} INFO - Filling up the DagBag from /home/gabzarp/.local/lib/python3.10/site-packages/airflow/example_dags/example_latest_only_with_trigger.py
[2024-09-12T02:07:47.524-0300] {processor.py:925} INFO - DAG(s) 'latest_only_with_trigger' retrieved from /home/gabzarp/.local/lib/python3.10/site-packages/airflow/example_dags/example_latest_only_with_trigger.py
[2024-09-12T02:07:47.535-0300] {logging_mixin.py:190} INFO - [2024-09-12T02:07:47.534-0300] {dag.py:3229} INFO - Sync 1 DAGs
[2024-09-12T02:07:47.550-0300] {logging_mixin.py:190} INFO - [2024-09-12T02:07:47.549-0300] {dag.py:4156} INFO - Setting next_dagrun for latest_only_with_trigger to 2024-09-12 00:00:00+00:00, run_after=2024-09-12 04:00:00+00:00
[2024-09-12T02:07:47.565-0300] {processor.py:208} INFO - Processing /home/gabzarp/.local/lib/python3.10/site-packages/airflow/example_dags/example_latest_only_with_trigger.py took 0.051 seconds
[2024-09-12T02:09:04.620-0300] {processor.py:186} INFO - Started process (PID=17301) to work on /home/gabzarp/.local/lib/python3.10/site-packages/airflow/example_dags/example_latest_only_with_trigger.py
[2024-09-12T02:09:04.621-0300] {processor.py:914} INFO - Processing file /home/gabzarp/.local/lib/python3.10/site-packages/airflow/example_dags/example_latest_only_with_trigger.py for tasks to queue
[2024-09-12T02:09:04.623-0300] {logging_mixin.py:190} INFO - [2024-09-12T02:09:04.622-0300] {dagbag.py:587} INFO - Filling up the DagBag from /home/gabzarp/.local/lib/python3.10/site-packages/airflow/example_dags/example_latest_only_with_trigger.py
[2024-09-12T02:09:04.629-0300] {processor.py:925} INFO - DAG(s) 'latest_only_with_trigger' retrieved from /home/gabzarp/.local/lib/python3.10/site-packages/airflow/example_dags/example_latest_only_with_trigger.py
[2024-09-12T02:09:04.641-0300] {logging_mixin.py:190} INFO - [2024-09-12T02:09:04.641-0300] {dag.py:3229} INFO - Sync 1 DAGs
[2024-09-12T02:09:04.657-0300] {logging_mixin.py:190} INFO - [2024-09-12T02:09:04.656-0300] {dag.py:4156} INFO - Setting next_dagrun for latest_only_with_trigger to 2024-09-12 00:00:00+00:00, run_after=2024-09-12 04:00:00+00:00
[2024-09-12T02:09:04.672-0300] {processor.py:208} INFO - Processing /home/gabzarp/.local/lib/python3.10/site-packages/airflow/example_dags/example_latest_only_with_trigger.py took 0.056 seconds
