[2024-09-12T01:39:31.289-0300] {processor.py:186} INFO - Started process (PID=2582) to work on /home/gabzarp/.local/lib/python3.10/site-packages/airflow/example_dags/example_subdag_operator.py
[2024-09-12T01:39:31.289-0300] {processor.py:914} INFO - Processing file /home/gabzarp/.local/lib/python3.10/site-packages/airflow/example_dags/example_subdag_operator.py for tasks to queue
[2024-09-12T01:39:31.290-0300] {logging_mixin.py:190} INFO - [2024-09-12T01:39:31.290-0300] {dagbag.py:587} INFO - Filling up the DagBag from /home/gabzarp/.local/lib/python3.10/site-packages/airflow/example_dags/example_subdag_operator.py
[2024-09-12T01:39:31.304-0300] {processor.py:925} INFO - DAG(s) 'example_subdag_operator.section-1', 'example_subdag_operator.section-2', 'example_subdag_operator' retrieved from /home/gabzarp/.local/lib/python3.10/site-packages/airflow/example_dags/example_subdag_operator.py
[2024-09-12T01:39:31.369-0300] {logging_mixin.py:190} INFO - [2024-09-12T01:39:31.368-0300] {override.py:1900} INFO - Created Permission View: can edit on DAG:example_subdag_operator
[2024-09-12T01:39:31.377-0300] {logging_mixin.py:190} INFO - [2024-09-12T01:39:31.377-0300] {override.py:1900} INFO - Created Permission View: can read on DAG:example_subdag_operator
[2024-09-12T01:39:31.384-0300] {logging_mixin.py:190} INFO - [2024-09-12T01:39:31.384-0300] {override.py:1900} INFO - Created Permission View: can delete on DAG:example_subdag_operator
[2024-09-12T01:39:31.395-0300] {logging_mixin.py:190} INFO - [2024-09-12T01:39:31.395-0300] {override.py:1900} INFO - Created Permission View: can read on DAG Run:example_subdag_operator
[2024-09-12T01:39:31.403-0300] {logging_mixin.py:190} INFO - [2024-09-12T01:39:31.403-0300] {override.py:1900} INFO - Created Permission View: can create on DAG Run:example_subdag_operator
[2024-09-12T01:39:31.410-0300] {logging_mixin.py:190} INFO - [2024-09-12T01:39:31.409-0300] {override.py:1900} INFO - Created Permission View: menu access on DAG Run:example_subdag_operator
[2024-09-12T01:39:31.417-0300] {logging_mixin.py:190} INFO - [2024-09-12T01:39:31.416-0300] {override.py:1900} INFO - Created Permission View: can delete on DAG Run:example_subdag_operator
[2024-09-12T01:39:31.417-0300] {logging_mixin.py:190} INFO - [2024-09-12T01:39:31.417-0300] {dag.py:3229} INFO - Sync 3 DAGs
[2024-09-12T01:39:31.426-0300] {logging_mixin.py:190} INFO - [2024-09-12T01:39:31.426-0300] {dag.py:3252} INFO - Creating ORM DAG for example_subdag_operator.section-1
[2024-09-12T01:39:31.427-0300] {logging_mixin.py:190} INFO - [2024-09-12T01:39:31.427-0300] {dag.py:3252} INFO - Creating ORM DAG for example_subdag_operator
[2024-09-12T01:39:31.427-0300] {logging_mixin.py:190} INFO - [2024-09-12T01:39:31.427-0300] {dag.py:3252} INFO - Creating ORM DAG for example_subdag_operator.section-2
[2024-09-12T01:39:31.432-0300] {logging_mixin.py:190} INFO - [2024-09-12T01:39:31.432-0300] {dag.py:4156} INFO - Setting next_dagrun for example_subdag_operator to 2022-01-01 00:00:00+00:00, run_after=2022-01-01 00:00:00+00:00
[2024-09-12T01:39:31.433-0300] {logging_mixin.py:190} INFO - [2024-09-12T01:39:31.433-0300] {dag.py:4156} INFO - Setting next_dagrun for example_subdag_operator.section-1 to None, run_after=None
[2024-09-12T01:39:31.433-0300] {logging_mixin.py:190} INFO - [2024-09-12T01:39:31.433-0300] {dag.py:4156} INFO - Setting next_dagrun for example_subdag_operator.section-2 to None, run_after=None
[2024-09-12T01:39:31.437-0300] {logging_mixin.py:190} INFO - [2024-09-12T01:39:31.437-0300] {dag.py:3229} INFO - Sync 2 DAGs
[2024-09-12T01:39:31.440-0300] {logging_mixin.py:190} INFO - [2024-09-12T01:39:31.439-0300] {dag.py:4156} INFO - Setting next_dagrun for example_subdag_operator.section-1 to None, run_after=None
[2024-09-12T01:39:31.441-0300] {logging_mixin.py:190} INFO - [2024-09-12T01:39:31.441-0300] {dag.py:4156} INFO - Setting next_dagrun for example_subdag_operator.section-2 to None, run_after=None
[2024-09-12T01:39:31.453-0300] {processor.py:208} INFO - Processing /home/gabzarp/.local/lib/python3.10/site-packages/airflow/example_dags/example_subdag_operator.py took 0.168 seconds
[2024-09-12T01:40:29.216-0300] {processor.py:186} INFO - Started process (PID=2869) to work on /home/gabzarp/.local/lib/python3.10/site-packages/airflow/example_dags/example_subdag_operator.py
[2024-09-12T01:40:29.217-0300] {processor.py:914} INFO - Processing file /home/gabzarp/.local/lib/python3.10/site-packages/airflow/example_dags/example_subdag_operator.py for tasks to queue
[2024-09-12T01:40:29.218-0300] {logging_mixin.py:190} INFO - [2024-09-12T01:40:29.218-0300] {dagbag.py:587} INFO - Filling up the DagBag from /home/gabzarp/.local/lib/python3.10/site-packages/airflow/example_dags/example_subdag_operator.py
[2024-09-12T01:40:29.234-0300] {processor.py:925} INFO - DAG(s) 'example_subdag_operator.section-1', 'example_subdag_operator.section-2', 'example_subdag_operator' retrieved from /home/gabzarp/.local/lib/python3.10/site-packages/airflow/example_dags/example_subdag_operator.py
[2024-09-12T01:40:29.244-0300] {logging_mixin.py:190} INFO - [2024-09-12T01:40:29.244-0300] {dag.py:3229} INFO - Sync 3 DAGs
[2024-09-12T01:40:29.259-0300] {logging_mixin.py:190} INFO - [2024-09-12T01:40:29.259-0300] {dag.py:4156} INFO - Setting next_dagrun for example_subdag_operator to 2022-01-01 00:00:00+00:00, run_after=2022-01-01 00:00:00+00:00
[2024-09-12T01:40:29.263-0300] {logging_mixin.py:190} INFO - [2024-09-12T01:40:29.263-0300] {dag.py:4156} INFO - Setting next_dagrun for example_subdag_operator.section-1 to None, run_after=None
[2024-09-12T01:40:29.264-0300] {logging_mixin.py:190} INFO - [2024-09-12T01:40:29.264-0300] {dag.py:4156} INFO - Setting next_dagrun for example_subdag_operator.section-2 to None, run_after=None
[2024-09-12T01:40:29.270-0300] {logging_mixin.py:190} INFO - [2024-09-12T01:40:29.270-0300] {dag.py:3229} INFO - Sync 2 DAGs
[2024-09-12T01:40:29.275-0300] {logging_mixin.py:190} INFO - [2024-09-12T01:40:29.275-0300] {dag.py:4156} INFO - Setting next_dagrun for example_subdag_operator.section-1 to None, run_after=None
[2024-09-12T01:40:29.275-0300] {logging_mixin.py:190} INFO - [2024-09-12T01:40:29.275-0300] {dag.py:4156} INFO - Setting next_dagrun for example_subdag_operator.section-2 to None, run_after=None
[2024-09-12T01:40:29.290-0300] {processor.py:208} INFO - Processing /home/gabzarp/.local/lib/python3.10/site-packages/airflow/example_dags/example_subdag_operator.py took 0.079 seconds
[2024-09-12T01:41:20.577-0300] {processor.py:186} INFO - Started process (PID=3212) to work on /home/gabzarp/.local/lib/python3.10/site-packages/airflow/example_dags/example_subdag_operator.py
[2024-09-12T01:41:20.578-0300] {processor.py:914} INFO - Processing file /home/gabzarp/.local/lib/python3.10/site-packages/airflow/example_dags/example_subdag_operator.py for tasks to queue
[2024-09-12T01:41:20.580-0300] {logging_mixin.py:190} INFO - [2024-09-12T01:41:20.580-0300] {dagbag.py:587} INFO - Filling up the DagBag from /home/gabzarp/.local/lib/python3.10/site-packages/airflow/example_dags/example_subdag_operator.py
[2024-09-12T01:41:20.595-0300] {processor.py:925} INFO - DAG(s) 'example_subdag_operator.section-1', 'example_subdag_operator.section-2', 'example_subdag_operator' retrieved from /home/gabzarp/.local/lib/python3.10/site-packages/airflow/example_dags/example_subdag_operator.py
[2024-09-12T01:41:20.606-0300] {logging_mixin.py:190} INFO - [2024-09-12T01:41:20.606-0300] {dag.py:3229} INFO - Sync 3 DAGs
[2024-09-12T01:41:20.619-0300] {logging_mixin.py:190} INFO - [2024-09-12T01:41:20.619-0300] {dag.py:4156} INFO - Setting next_dagrun for example_subdag_operator to 2022-01-01 00:00:00+00:00, run_after=2022-01-01 00:00:00+00:00
[2024-09-12T01:41:20.622-0300] {logging_mixin.py:190} INFO - [2024-09-12T01:41:20.621-0300] {dag.py:4156} INFO - Setting next_dagrun for example_subdag_operator.section-1 to None, run_after=None
[2024-09-12T01:41:20.622-0300] {logging_mixin.py:190} INFO - [2024-09-12T01:41:20.622-0300] {dag.py:4156} INFO - Setting next_dagrun for example_subdag_operator.section-2 to None, run_after=None
[2024-09-12T01:41:20.626-0300] {logging_mixin.py:190} INFO - [2024-09-12T01:41:20.626-0300] {dag.py:3229} INFO - Sync 2 DAGs
[2024-09-12T01:41:20.629-0300] {logging_mixin.py:190} INFO - [2024-09-12T01:41:20.629-0300] {dag.py:4156} INFO - Setting next_dagrun for example_subdag_operator.section-1 to None, run_after=None
[2024-09-12T01:41:20.629-0300] {logging_mixin.py:190} INFO - [2024-09-12T01:41:20.629-0300] {dag.py:4156} INFO - Setting next_dagrun for example_subdag_operator.section-2 to None, run_after=None
[2024-09-12T01:41:20.641-0300] {processor.py:208} INFO - Processing /home/gabzarp/.local/lib/python3.10/site-packages/airflow/example_dags/example_subdag_operator.py took 0.067 seconds
[2024-09-12T01:42:11.784-0300] {processor.py:186} INFO - Started process (PID=3468) to work on /home/gabzarp/.local/lib/python3.10/site-packages/airflow/example_dags/example_subdag_operator.py
[2024-09-12T01:42:11.785-0300] {processor.py:914} INFO - Processing file /home/gabzarp/.local/lib/python3.10/site-packages/airflow/example_dags/example_subdag_operator.py for tasks to queue
[2024-09-12T01:42:11.786-0300] {logging_mixin.py:190} INFO - [2024-09-12T01:42:11.786-0300] {dagbag.py:587} INFO - Filling up the DagBag from /home/gabzarp/.local/lib/python3.10/site-packages/airflow/example_dags/example_subdag_operator.py
[2024-09-12T01:42:11.799-0300] {processor.py:925} INFO - DAG(s) 'example_subdag_operator.section-1', 'example_subdag_operator.section-2', 'example_subdag_operator' retrieved from /home/gabzarp/.local/lib/python3.10/site-packages/airflow/example_dags/example_subdag_operator.py
[2024-09-12T01:42:11.809-0300] {logging_mixin.py:190} INFO - [2024-09-12T01:42:11.809-0300] {dag.py:3229} INFO - Sync 3 DAGs
[2024-09-12T01:42:11.821-0300] {logging_mixin.py:190} INFO - [2024-09-12T01:42:11.821-0300] {dag.py:4156} INFO - Setting next_dagrun for example_subdag_operator to 2022-01-01 00:00:00+00:00, run_after=2022-01-01 00:00:00+00:00
[2024-09-12T01:42:11.823-0300] {logging_mixin.py:190} INFO - [2024-09-12T01:42:11.823-0300] {dag.py:4156} INFO - Setting next_dagrun for example_subdag_operator.section-1 to None, run_after=None
[2024-09-12T01:42:11.824-0300] {logging_mixin.py:190} INFO - [2024-09-12T01:42:11.824-0300] {dag.py:4156} INFO - Setting next_dagrun for example_subdag_operator.section-2 to None, run_after=None
[2024-09-12T01:42:11.827-0300] {logging_mixin.py:190} INFO - [2024-09-12T01:42:11.827-0300] {dag.py:3229} INFO - Sync 2 DAGs
[2024-09-12T01:42:11.830-0300] {logging_mixin.py:190} INFO - [2024-09-12T01:42:11.830-0300] {dag.py:4156} INFO - Setting next_dagrun for example_subdag_operator.section-1 to None, run_after=None
[2024-09-12T01:42:11.830-0300] {logging_mixin.py:190} INFO - [2024-09-12T01:42:11.830-0300] {dag.py:4156} INFO - Setting next_dagrun for example_subdag_operator.section-2 to None, run_after=None
[2024-09-12T01:42:11.841-0300] {processor.py:208} INFO - Processing /home/gabzarp/.local/lib/python3.10/site-packages/airflow/example_dags/example_subdag_operator.py took 0.060 seconds
[2024-09-12T01:43:01.326-0300] {processor.py:186} INFO - Started process (PID=3718) to work on /home/gabzarp/.local/lib/python3.10/site-packages/airflow/example_dags/example_subdag_operator.py
[2024-09-12T01:43:01.327-0300] {processor.py:914} INFO - Processing file /home/gabzarp/.local/lib/python3.10/site-packages/airflow/example_dags/example_subdag_operator.py for tasks to queue
[2024-09-12T01:43:01.329-0300] {logging_mixin.py:190} INFO - [2024-09-12T01:43:01.328-0300] {dagbag.py:587} INFO - Filling up the DagBag from /home/gabzarp/.local/lib/python3.10/site-packages/airflow/example_dags/example_subdag_operator.py
[2024-09-12T01:43:01.342-0300] {processor.py:925} INFO - DAG(s) 'example_subdag_operator.section-1', 'example_subdag_operator.section-2', 'example_subdag_operator' retrieved from /home/gabzarp/.local/lib/python3.10/site-packages/airflow/example_dags/example_subdag_operator.py
[2024-09-12T01:43:01.352-0300] {logging_mixin.py:190} INFO - [2024-09-12T01:43:01.352-0300] {dag.py:3229} INFO - Sync 3 DAGs
[2024-09-12T01:43:01.363-0300] {logging_mixin.py:190} INFO - [2024-09-12T01:43:01.363-0300] {dag.py:4156} INFO - Setting next_dagrun for example_subdag_operator to 2022-01-01 00:00:00+00:00, run_after=2022-01-01 00:00:00+00:00
[2024-09-12T01:43:01.366-0300] {logging_mixin.py:190} INFO - [2024-09-12T01:43:01.366-0300] {dag.py:4156} INFO - Setting next_dagrun for example_subdag_operator.section-1 to None, run_after=None
[2024-09-12T01:43:01.366-0300] {logging_mixin.py:190} INFO - [2024-09-12T01:43:01.366-0300] {dag.py:4156} INFO - Setting next_dagrun for example_subdag_operator.section-2 to None, run_after=None
[2024-09-12T01:43:01.369-0300] {logging_mixin.py:190} INFO - [2024-09-12T01:43:01.369-0300] {dag.py:3229} INFO - Sync 2 DAGs
[2024-09-12T01:43:01.372-0300] {logging_mixin.py:190} INFO - [2024-09-12T01:43:01.372-0300] {dag.py:4156} INFO - Setting next_dagrun for example_subdag_operator.section-1 to None, run_after=None
[2024-09-12T01:43:01.372-0300] {logging_mixin.py:190} INFO - [2024-09-12T01:43:01.372-0300] {dag.py:4156} INFO - Setting next_dagrun for example_subdag_operator.section-2 to None, run_after=None
[2024-09-12T01:43:01.382-0300] {processor.py:208} INFO - Processing /home/gabzarp/.local/lib/python3.10/site-packages/airflow/example_dags/example_subdag_operator.py took 0.059 seconds
[2024-09-12T01:43:49.626-0300] {processor.py:186} INFO - Started process (PID=4175) to work on /home/gabzarp/.local/lib/python3.10/site-packages/airflow/example_dags/example_subdag_operator.py
[2024-09-12T01:43:49.627-0300] {processor.py:914} INFO - Processing file /home/gabzarp/.local/lib/python3.10/site-packages/airflow/example_dags/example_subdag_operator.py for tasks to queue
[2024-09-12T01:43:49.628-0300] {logging_mixin.py:190} INFO - [2024-09-12T01:43:49.628-0300] {dagbag.py:587} INFO - Filling up the DagBag from /home/gabzarp/.local/lib/python3.10/site-packages/airflow/example_dags/example_subdag_operator.py
[2024-09-12T01:43:49.644-0300] {processor.py:925} INFO - DAG(s) 'example_subdag_operator.section-1', 'example_subdag_operator.section-2', 'example_subdag_operator' retrieved from /home/gabzarp/.local/lib/python3.10/site-packages/airflow/example_dags/example_subdag_operator.py
[2024-09-12T01:43:49.654-0300] {logging_mixin.py:190} INFO - [2024-09-12T01:43:49.654-0300] {dag.py:3229} INFO - Sync 3 DAGs
[2024-09-12T01:43:49.667-0300] {logging_mixin.py:190} INFO - [2024-09-12T01:43:49.667-0300] {dag.py:4156} INFO - Setting next_dagrun for example_subdag_operator to 2022-01-01 00:00:00+00:00, run_after=2022-01-01 00:00:00+00:00
[2024-09-12T01:43:49.669-0300] {logging_mixin.py:190} INFO - [2024-09-12T01:43:49.669-0300] {dag.py:4156} INFO - Setting next_dagrun for example_subdag_operator.section-1 to None, run_after=None
[2024-09-12T01:43:49.670-0300] {logging_mixin.py:190} INFO - [2024-09-12T01:43:49.669-0300] {dag.py:4156} INFO - Setting next_dagrun for example_subdag_operator.section-2 to None, run_after=None
[2024-09-12T01:43:49.674-0300] {logging_mixin.py:190} INFO - [2024-09-12T01:43:49.673-0300] {dag.py:3229} INFO - Sync 2 DAGs
[2024-09-12T01:43:49.676-0300] {logging_mixin.py:190} INFO - [2024-09-12T01:43:49.676-0300] {dag.py:4156} INFO - Setting next_dagrun for example_subdag_operator.section-1 to None, run_after=None
[2024-09-12T01:43:49.676-0300] {logging_mixin.py:190} INFO - [2024-09-12T01:43:49.676-0300] {dag.py:4156} INFO - Setting next_dagrun for example_subdag_operator.section-2 to None, run_after=None
[2024-09-12T01:43:49.801-0300] {processor.py:208} INFO - Processing /home/gabzarp/.local/lib/python3.10/site-packages/airflow/example_dags/example_subdag_operator.py took 0.178 seconds
[2024-09-12T01:45:33.030-0300] {processor.py:186} INFO - Started process (PID=5297) to work on /home/gabzarp/.local/lib/python3.10/site-packages/airflow/example_dags/example_subdag_operator.py
[2024-09-12T01:45:33.031-0300] {processor.py:914} INFO - Processing file /home/gabzarp/.local/lib/python3.10/site-packages/airflow/example_dags/example_subdag_operator.py for tasks to queue
[2024-09-12T01:45:33.032-0300] {logging_mixin.py:190} INFO - [2024-09-12T01:45:33.032-0300] {dagbag.py:587} INFO - Filling up the DagBag from /home/gabzarp/.local/lib/python3.10/site-packages/airflow/example_dags/example_subdag_operator.py
[2024-09-12T01:45:33.047-0300] {processor.py:925} INFO - DAG(s) 'example_subdag_operator.section-1', 'example_subdag_operator.section-2', 'example_subdag_operator' retrieved from /home/gabzarp/.local/lib/python3.10/site-packages/airflow/example_dags/example_subdag_operator.py
[2024-09-12T01:45:33.058-0300] {logging_mixin.py:190} INFO - [2024-09-12T01:45:33.058-0300] {dag.py:3229} INFO - Sync 3 DAGs
[2024-09-12T01:45:33.070-0300] {logging_mixin.py:190} INFO - [2024-09-12T01:45:33.070-0300] {dag.py:4156} INFO - Setting next_dagrun for example_subdag_operator to 2022-01-01 00:00:00+00:00, run_after=2022-01-01 00:00:00+00:00
[2024-09-12T01:45:33.072-0300] {logging_mixin.py:190} INFO - [2024-09-12T01:45:33.072-0300] {dag.py:4156} INFO - Setting next_dagrun for example_subdag_operator.section-1 to None, run_after=None
[2024-09-12T01:45:33.073-0300] {logging_mixin.py:190} INFO - [2024-09-12T01:45:33.072-0300] {dag.py:4156} INFO - Setting next_dagrun for example_subdag_operator.section-2 to None, run_after=None
[2024-09-12T01:45:33.076-0300] {logging_mixin.py:190} INFO - [2024-09-12T01:45:33.076-0300] {dag.py:3229} INFO - Sync 2 DAGs
[2024-09-12T01:45:33.078-0300] {logging_mixin.py:190} INFO - [2024-09-12T01:45:33.078-0300] {dag.py:4156} INFO - Setting next_dagrun for example_subdag_operator.section-1 to None, run_after=None
[2024-09-12T01:45:33.079-0300] {logging_mixin.py:190} INFO - [2024-09-12T01:45:33.079-0300] {dag.py:4156} INFO - Setting next_dagrun for example_subdag_operator.section-2 to None, run_after=None
[2024-09-12T01:45:33.089-0300] {processor.py:208} INFO - Processing /home/gabzarp/.local/lib/python3.10/site-packages/airflow/example_dags/example_subdag_operator.py took 0.063 seconds
[2024-09-12T01:46:23.323-0300] {processor.py:186} INFO - Started process (PID=5700) to work on /home/gabzarp/.local/lib/python3.10/site-packages/airflow/example_dags/example_subdag_operator.py
[2024-09-12T01:46:23.324-0300] {processor.py:914} INFO - Processing file /home/gabzarp/.local/lib/python3.10/site-packages/airflow/example_dags/example_subdag_operator.py for tasks to queue
[2024-09-12T01:46:23.325-0300] {logging_mixin.py:190} INFO - [2024-09-12T01:46:23.325-0300] {dagbag.py:587} INFO - Filling up the DagBag from /home/gabzarp/.local/lib/python3.10/site-packages/airflow/example_dags/example_subdag_operator.py
[2024-09-12T01:46:23.339-0300] {processor.py:925} INFO - DAG(s) 'example_subdag_operator.section-1', 'example_subdag_operator.section-2', 'example_subdag_operator' retrieved from /home/gabzarp/.local/lib/python3.10/site-packages/airflow/example_dags/example_subdag_operator.py
[2024-09-12T01:46:23.349-0300] {logging_mixin.py:190} INFO - [2024-09-12T01:46:23.348-0300] {dag.py:3229} INFO - Sync 3 DAGs
[2024-09-12T01:46:23.361-0300] {logging_mixin.py:190} INFO - [2024-09-12T01:46:23.361-0300] {dag.py:4156} INFO - Setting next_dagrun for example_subdag_operator to 2022-01-01 00:00:00+00:00, run_after=2022-01-01 00:00:00+00:00
[2024-09-12T01:46:23.363-0300] {logging_mixin.py:190} INFO - [2024-09-12T01:46:23.363-0300] {dag.py:4156} INFO - Setting next_dagrun for example_subdag_operator.section-1 to None, run_after=None
[2024-09-12T01:46:23.364-0300] {logging_mixin.py:190} INFO - [2024-09-12T01:46:23.364-0300] {dag.py:4156} INFO - Setting next_dagrun for example_subdag_operator.section-2 to None, run_after=None
[2024-09-12T01:46:23.367-0300] {logging_mixin.py:190} INFO - [2024-09-12T01:46:23.367-0300] {dag.py:3229} INFO - Sync 2 DAGs
[2024-09-12T01:46:23.370-0300] {logging_mixin.py:190} INFO - [2024-09-12T01:46:23.370-0300] {dag.py:4156} INFO - Setting next_dagrun for example_subdag_operator.section-1 to None, run_after=None
[2024-09-12T01:46:23.370-0300] {logging_mixin.py:190} INFO - [2024-09-12T01:46:23.370-0300] {dag.py:4156} INFO - Setting next_dagrun for example_subdag_operator.section-2 to None, run_after=None
[2024-09-12T01:46:23.380-0300] {processor.py:208} INFO - Processing /home/gabzarp/.local/lib/python3.10/site-packages/airflow/example_dags/example_subdag_operator.py took 0.061 seconds
[2024-09-12T01:47:13.183-0300] {processor.py:186} INFO - Started process (PID=6101) to work on /home/gabzarp/.local/lib/python3.10/site-packages/airflow/example_dags/example_subdag_operator.py
[2024-09-12T01:47:13.184-0300] {processor.py:914} INFO - Processing file /home/gabzarp/.local/lib/python3.10/site-packages/airflow/example_dags/example_subdag_operator.py for tasks to queue
[2024-09-12T01:47:13.185-0300] {logging_mixin.py:190} INFO - [2024-09-12T01:47:13.185-0300] {dagbag.py:587} INFO - Filling up the DagBag from /home/gabzarp/.local/lib/python3.10/site-packages/airflow/example_dags/example_subdag_operator.py
[2024-09-12T01:47:13.201-0300] {processor.py:925} INFO - DAG(s) 'example_subdag_operator.section-1', 'example_subdag_operator.section-2', 'example_subdag_operator' retrieved from /home/gabzarp/.local/lib/python3.10/site-packages/airflow/example_dags/example_subdag_operator.py
[2024-09-12T01:47:13.211-0300] {logging_mixin.py:190} INFO - [2024-09-12T01:47:13.211-0300] {dag.py:3229} INFO - Sync 3 DAGs
[2024-09-12T01:47:13.225-0300] {logging_mixin.py:190} INFO - [2024-09-12T01:47:13.225-0300] {dag.py:4156} INFO - Setting next_dagrun for example_subdag_operator to 2022-01-01 00:00:00+00:00, run_after=2022-01-01 00:00:00+00:00
[2024-09-12T01:47:13.227-0300] {logging_mixin.py:190} INFO - [2024-09-12T01:47:13.227-0300] {dag.py:4156} INFO - Setting next_dagrun for example_subdag_operator.section-1 to None, run_after=None
[2024-09-12T01:47:13.228-0300] {logging_mixin.py:190} INFO - [2024-09-12T01:47:13.228-0300] {dag.py:4156} INFO - Setting next_dagrun for example_subdag_operator.section-2 to None, run_after=None
[2024-09-12T01:47:13.231-0300] {logging_mixin.py:190} INFO - [2024-09-12T01:47:13.231-0300] {dag.py:3229} INFO - Sync 2 DAGs
[2024-09-12T01:47:13.235-0300] {logging_mixin.py:190} INFO - [2024-09-12T01:47:13.234-0300] {dag.py:4156} INFO - Setting next_dagrun for example_subdag_operator.section-1 to None, run_after=None
[2024-09-12T01:47:13.235-0300] {logging_mixin.py:190} INFO - [2024-09-12T01:47:13.235-0300] {dag.py:4156} INFO - Setting next_dagrun for example_subdag_operator.section-2 to None, run_after=None
[2024-09-12T01:47:13.246-0300] {processor.py:208} INFO - Processing /home/gabzarp/.local/lib/python3.10/site-packages/airflow/example_dags/example_subdag_operator.py took 0.066 seconds
[2024-09-12T01:48:00.575-0300] {processor.py:186} INFO - Started process (PID=6479) to work on /home/gabzarp/.local/lib/python3.10/site-packages/airflow/example_dags/example_subdag_operator.py
[2024-09-12T01:48:00.576-0300] {processor.py:914} INFO - Processing file /home/gabzarp/.local/lib/python3.10/site-packages/airflow/example_dags/example_subdag_operator.py for tasks to queue
[2024-09-12T01:48:00.577-0300] {logging_mixin.py:190} INFO - [2024-09-12T01:48:00.577-0300] {dagbag.py:587} INFO - Filling up the DagBag from /home/gabzarp/.local/lib/python3.10/site-packages/airflow/example_dags/example_subdag_operator.py
[2024-09-12T01:48:00.591-0300] {processor.py:925} INFO - DAG(s) 'example_subdag_operator.section-1', 'example_subdag_operator.section-2', 'example_subdag_operator' retrieved from /home/gabzarp/.local/lib/python3.10/site-packages/airflow/example_dags/example_subdag_operator.py
[2024-09-12T01:48:00.601-0300] {logging_mixin.py:190} INFO - [2024-09-12T01:48:00.601-0300] {dag.py:3229} INFO - Sync 3 DAGs
[2024-09-12T01:48:00.613-0300] {logging_mixin.py:190} INFO - [2024-09-12T01:48:00.613-0300] {dag.py:4156} INFO - Setting next_dagrun for example_subdag_operator to 2022-01-01 00:00:00+00:00, run_after=2022-01-01 00:00:00+00:00
[2024-09-12T01:48:00.615-0300] {logging_mixin.py:190} INFO - [2024-09-12T01:48:00.615-0300] {dag.py:4156} INFO - Setting next_dagrun for example_subdag_operator.section-1 to None, run_after=None
[2024-09-12T01:48:00.615-0300] {logging_mixin.py:190} INFO - [2024-09-12T01:48:00.615-0300] {dag.py:4156} INFO - Setting next_dagrun for example_subdag_operator.section-2 to None, run_after=None
[2024-09-12T01:48:00.619-0300] {logging_mixin.py:190} INFO - [2024-09-12T01:48:00.619-0300] {dag.py:3229} INFO - Sync 2 DAGs
[2024-09-12T01:48:00.622-0300] {logging_mixin.py:190} INFO - [2024-09-12T01:48:00.622-0300] {dag.py:4156} INFO - Setting next_dagrun for example_subdag_operator.section-1 to None, run_after=None
[2024-09-12T01:48:00.623-0300] {logging_mixin.py:190} INFO - [2024-09-12T01:48:00.622-0300] {dag.py:4156} INFO - Setting next_dagrun for example_subdag_operator.section-2 to None, run_after=None
[2024-09-12T01:48:00.633-0300] {processor.py:208} INFO - Processing /home/gabzarp/.local/lib/python3.10/site-packages/airflow/example_dags/example_subdag_operator.py took 0.062 seconds
[2024-09-12T01:48:50.868-0300] {processor.py:186} INFO - Started process (PID=7014) to work on /home/gabzarp/.local/lib/python3.10/site-packages/airflow/example_dags/example_subdag_operator.py
[2024-09-12T01:48:50.869-0300] {processor.py:914} INFO - Processing file /home/gabzarp/.local/lib/python3.10/site-packages/airflow/example_dags/example_subdag_operator.py for tasks to queue
[2024-09-12T01:48:50.871-0300] {logging_mixin.py:190} INFO - [2024-09-12T01:48:50.870-0300] {dagbag.py:587} INFO - Filling up the DagBag from /home/gabzarp/.local/lib/python3.10/site-packages/airflow/example_dags/example_subdag_operator.py
[2024-09-12T01:48:50.891-0300] {processor.py:925} INFO - DAG(s) 'example_subdag_operator.section-1', 'example_subdag_operator.section-2', 'example_subdag_operator' retrieved from /home/gabzarp/.local/lib/python3.10/site-packages/airflow/example_dags/example_subdag_operator.py
[2024-09-12T01:48:50.902-0300] {logging_mixin.py:190} INFO - [2024-09-12T01:48:50.902-0300] {dag.py:3229} INFO - Sync 3 DAGs
[2024-09-12T01:48:50.916-0300] {logging_mixin.py:190} INFO - [2024-09-12T01:48:50.916-0300] {dag.py:4156} INFO - Setting next_dagrun for example_subdag_operator to 2022-01-01 00:00:00+00:00, run_after=2022-01-01 00:00:00+00:00
[2024-09-12T01:48:50.919-0300] {logging_mixin.py:190} INFO - [2024-09-12T01:48:50.919-0300] {dag.py:4156} INFO - Setting next_dagrun for example_subdag_operator.section-1 to None, run_after=None
[2024-09-12T01:48:50.920-0300] {logging_mixin.py:190} INFO - [2024-09-12T01:48:50.920-0300] {dag.py:4156} INFO - Setting next_dagrun for example_subdag_operator.section-2 to None, run_after=None
[2024-09-12T01:48:50.923-0300] {logging_mixin.py:190} INFO - [2024-09-12T01:48:50.923-0300] {dag.py:3229} INFO - Sync 2 DAGs
[2024-09-12T01:48:50.926-0300] {logging_mixin.py:190} INFO - [2024-09-12T01:48:50.926-0300] {dag.py:4156} INFO - Setting next_dagrun for example_subdag_operator.section-1 to None, run_after=None
[2024-09-12T01:48:50.926-0300] {logging_mixin.py:190} INFO - [2024-09-12T01:48:50.926-0300] {dag.py:4156} INFO - Setting next_dagrun for example_subdag_operator.section-2 to None, run_after=None
[2024-09-12T01:48:50.937-0300] {processor.py:208} INFO - Processing /home/gabzarp/.local/lib/python3.10/site-packages/airflow/example_dags/example_subdag_operator.py took 0.073 seconds
[2024-09-12T01:49:40.764-0300] {processor.py:186} INFO - Started process (PID=7413) to work on /home/gabzarp/.local/lib/python3.10/site-packages/airflow/example_dags/example_subdag_operator.py
[2024-09-12T01:49:40.765-0300] {processor.py:914} INFO - Processing file /home/gabzarp/.local/lib/python3.10/site-packages/airflow/example_dags/example_subdag_operator.py for tasks to queue
[2024-09-12T01:49:40.766-0300] {logging_mixin.py:190} INFO - [2024-09-12T01:49:40.766-0300] {dagbag.py:587} INFO - Filling up the DagBag from /home/gabzarp/.local/lib/python3.10/site-packages/airflow/example_dags/example_subdag_operator.py
[2024-09-12T01:49:40.782-0300] {processor.py:925} INFO - DAG(s) 'example_subdag_operator.section-1', 'example_subdag_operator.section-2', 'example_subdag_operator' retrieved from /home/gabzarp/.local/lib/python3.10/site-packages/airflow/example_dags/example_subdag_operator.py
[2024-09-12T01:49:40.793-0300] {logging_mixin.py:190} INFO - [2024-09-12T01:49:40.793-0300] {dag.py:3229} INFO - Sync 3 DAGs
[2024-09-12T01:49:40.806-0300] {logging_mixin.py:190} INFO - [2024-09-12T01:49:40.806-0300] {dag.py:4156} INFO - Setting next_dagrun for example_subdag_operator to 2022-01-01 00:00:00+00:00, run_after=2022-01-01 00:00:00+00:00
[2024-09-12T01:49:40.808-0300] {logging_mixin.py:190} INFO - [2024-09-12T01:49:40.808-0300] {dag.py:4156} INFO - Setting next_dagrun for example_subdag_operator.section-1 to None, run_after=None
[2024-09-12T01:49:40.809-0300] {logging_mixin.py:190} INFO - [2024-09-12T01:49:40.809-0300] {dag.py:4156} INFO - Setting next_dagrun for example_subdag_operator.section-2 to None, run_after=None
[2024-09-12T01:49:40.812-0300] {logging_mixin.py:190} INFO - [2024-09-12T01:49:40.812-0300] {dag.py:3229} INFO - Sync 2 DAGs
[2024-09-12T01:49:40.815-0300] {logging_mixin.py:190} INFO - [2024-09-12T01:49:40.815-0300] {dag.py:4156} INFO - Setting next_dagrun for example_subdag_operator.section-1 to None, run_after=None
[2024-09-12T01:49:40.816-0300] {logging_mixin.py:190} INFO - [2024-09-12T01:49:40.816-0300] {dag.py:4156} INFO - Setting next_dagrun for example_subdag_operator.section-2 to None, run_after=None
[2024-09-12T01:49:40.828-0300] {processor.py:208} INFO - Processing /home/gabzarp/.local/lib/python3.10/site-packages/airflow/example_dags/example_subdag_operator.py took 0.068 seconds
[2024-09-12T01:50:30.165-0300] {processor.py:186} INFO - Started process (PID=7891) to work on /home/gabzarp/.local/lib/python3.10/site-packages/airflow/example_dags/example_subdag_operator.py
[2024-09-12T01:50:30.166-0300] {processor.py:914} INFO - Processing file /home/gabzarp/.local/lib/python3.10/site-packages/airflow/example_dags/example_subdag_operator.py for tasks to queue
[2024-09-12T01:50:30.167-0300] {logging_mixin.py:190} INFO - [2024-09-12T01:50:30.167-0300] {dagbag.py:587} INFO - Filling up the DagBag from /home/gabzarp/.local/lib/python3.10/site-packages/airflow/example_dags/example_subdag_operator.py
[2024-09-12T01:50:30.181-0300] {processor.py:925} INFO - DAG(s) 'example_subdag_operator.section-1', 'example_subdag_operator.section-2', 'example_subdag_operator' retrieved from /home/gabzarp/.local/lib/python3.10/site-packages/airflow/example_dags/example_subdag_operator.py
[2024-09-12T01:50:30.191-0300] {logging_mixin.py:190} INFO - [2024-09-12T01:50:30.190-0300] {dag.py:3229} INFO - Sync 3 DAGs
[2024-09-12T01:50:30.202-0300] {logging_mixin.py:190} INFO - [2024-09-12T01:50:30.202-0300] {dag.py:4156} INFO - Setting next_dagrun for example_subdag_operator to 2022-01-01 00:00:00+00:00, run_after=2022-01-01 00:00:00+00:00
[2024-09-12T01:50:30.204-0300] {logging_mixin.py:190} INFO - [2024-09-12T01:50:30.204-0300] {dag.py:4156} INFO - Setting next_dagrun for example_subdag_operator.section-1 to None, run_after=None
[2024-09-12T01:50:30.205-0300] {logging_mixin.py:190} INFO - [2024-09-12T01:50:30.205-0300] {dag.py:4156} INFO - Setting next_dagrun for example_subdag_operator.section-2 to None, run_after=None
[2024-09-12T01:50:30.208-0300] {logging_mixin.py:190} INFO - [2024-09-12T01:50:30.208-0300] {dag.py:3229} INFO - Sync 2 DAGs
[2024-09-12T01:50:30.210-0300] {logging_mixin.py:190} INFO - [2024-09-12T01:50:30.210-0300] {dag.py:4156} INFO - Setting next_dagrun for example_subdag_operator.section-1 to None, run_after=None
[2024-09-12T01:50:30.210-0300] {logging_mixin.py:190} INFO - [2024-09-12T01:50:30.210-0300] {dag.py:4156} INFO - Setting next_dagrun for example_subdag_operator.section-2 to None, run_after=None
[2024-09-12T01:50:30.222-0300] {processor.py:208} INFO - Processing /home/gabzarp/.local/lib/python3.10/site-packages/airflow/example_dags/example_subdag_operator.py took 0.060 seconds
[2024-09-12T01:51:18.553-0300] {processor.py:186} INFO - Started process (PID=8308) to work on /home/gabzarp/.local/lib/python3.10/site-packages/airflow/example_dags/example_subdag_operator.py
[2024-09-12T01:51:18.554-0300] {processor.py:914} INFO - Processing file /home/gabzarp/.local/lib/python3.10/site-packages/airflow/example_dags/example_subdag_operator.py for tasks to queue
[2024-09-12T01:51:18.555-0300] {logging_mixin.py:190} INFO - [2024-09-12T01:51:18.554-0300] {dagbag.py:587} INFO - Filling up the DagBag from /home/gabzarp/.local/lib/python3.10/site-packages/airflow/example_dags/example_subdag_operator.py
[2024-09-12T01:51:18.568-0300] {processor.py:925} INFO - DAG(s) 'example_subdag_operator.section-1', 'example_subdag_operator.section-2', 'example_subdag_operator' retrieved from /home/gabzarp/.local/lib/python3.10/site-packages/airflow/example_dags/example_subdag_operator.py
[2024-09-12T01:51:18.578-0300] {logging_mixin.py:190} INFO - [2024-09-12T01:51:18.578-0300] {dag.py:3229} INFO - Sync 3 DAGs
[2024-09-12T01:51:18.591-0300] {logging_mixin.py:190} INFO - [2024-09-12T01:51:18.590-0300] {dag.py:4156} INFO - Setting next_dagrun for example_subdag_operator to 2022-01-01 00:00:00+00:00, run_after=2022-01-01 00:00:00+00:00
[2024-09-12T01:51:18.592-0300] {logging_mixin.py:190} INFO - [2024-09-12T01:51:18.592-0300] {dag.py:4156} INFO - Setting next_dagrun for example_subdag_operator.section-1 to None, run_after=None
[2024-09-12T01:51:18.593-0300] {logging_mixin.py:190} INFO - [2024-09-12T01:51:18.593-0300] {dag.py:4156} INFO - Setting next_dagrun for example_subdag_operator.section-2 to None, run_after=None
[2024-09-12T01:51:18.597-0300] {logging_mixin.py:190} INFO - [2024-09-12T01:51:18.597-0300] {dag.py:3229} INFO - Sync 2 DAGs
[2024-09-12T01:51:18.599-0300] {logging_mixin.py:190} INFO - [2024-09-12T01:51:18.599-0300] {dag.py:4156} INFO - Setting next_dagrun for example_subdag_operator.section-1 to None, run_after=None
[2024-09-12T01:51:18.599-0300] {logging_mixin.py:190} INFO - [2024-09-12T01:51:18.599-0300] {dag.py:4156} INFO - Setting next_dagrun for example_subdag_operator.section-2 to None, run_after=None
[2024-09-12T01:51:18.609-0300] {processor.py:208} INFO - Processing /home/gabzarp/.local/lib/python3.10/site-packages/airflow/example_dags/example_subdag_operator.py took 0.060 seconds
[2024-09-12T01:52:08.759-0300] {processor.py:186} INFO - Started process (PID=8816) to work on /home/gabzarp/.local/lib/python3.10/site-packages/airflow/example_dags/example_subdag_operator.py
[2024-09-12T01:52:08.760-0300] {processor.py:914} INFO - Processing file /home/gabzarp/.local/lib/python3.10/site-packages/airflow/example_dags/example_subdag_operator.py for tasks to queue
[2024-09-12T01:52:08.760-0300] {logging_mixin.py:190} INFO - [2024-09-12T01:52:08.760-0300] {dagbag.py:587} INFO - Filling up the DagBag from /home/gabzarp/.local/lib/python3.10/site-packages/airflow/example_dags/example_subdag_operator.py
[2024-09-12T01:52:08.776-0300] {processor.py:925} INFO - DAG(s) 'example_subdag_operator.section-1', 'example_subdag_operator.section-2', 'example_subdag_operator' retrieved from /home/gabzarp/.local/lib/python3.10/site-packages/airflow/example_dags/example_subdag_operator.py
[2024-09-12T01:52:08.787-0300] {logging_mixin.py:190} INFO - [2024-09-12T01:52:08.787-0300] {dag.py:3229} INFO - Sync 3 DAGs
[2024-09-12T01:52:08.800-0300] {logging_mixin.py:190} INFO - [2024-09-12T01:52:08.800-0300] {dag.py:4156} INFO - Setting next_dagrun for example_subdag_operator to 2022-01-01 00:00:00+00:00, run_after=2022-01-01 00:00:00+00:00
[2024-09-12T01:52:08.802-0300] {logging_mixin.py:190} INFO - [2024-09-12T01:52:08.802-0300] {dag.py:4156} INFO - Setting next_dagrun for example_subdag_operator.section-1 to None, run_after=None
[2024-09-12T01:52:08.803-0300] {logging_mixin.py:190} INFO - [2024-09-12T01:52:08.803-0300] {dag.py:4156} INFO - Setting next_dagrun for example_subdag_operator.section-2 to None, run_after=None
[2024-09-12T01:52:08.807-0300] {logging_mixin.py:190} INFO - [2024-09-12T01:52:08.807-0300] {dag.py:3229} INFO - Sync 2 DAGs
[2024-09-12T01:52:08.809-0300] {logging_mixin.py:190} INFO - [2024-09-12T01:52:08.809-0300] {dag.py:4156} INFO - Setting next_dagrun for example_subdag_operator.section-1 to None, run_after=None
[2024-09-12T01:52:08.809-0300] {logging_mixin.py:190} INFO - [2024-09-12T01:52:08.809-0300] {dag.py:4156} INFO - Setting next_dagrun for example_subdag_operator.section-2 to None, run_after=None
[2024-09-12T01:52:08.821-0300] {processor.py:208} INFO - Processing /home/gabzarp/.local/lib/python3.10/site-packages/airflow/example_dags/example_subdag_operator.py took 0.066 seconds
[2024-09-12T01:53:00.947-0300] {processor.py:186} INFO - Started process (PID=9370) to work on /home/gabzarp/.local/lib/python3.10/site-packages/airflow/example_dags/example_subdag_operator.py
[2024-09-12T01:53:00.948-0300] {processor.py:914} INFO - Processing file /home/gabzarp/.local/lib/python3.10/site-packages/airflow/example_dags/example_subdag_operator.py for tasks to queue
[2024-09-12T01:53:00.949-0300] {logging_mixin.py:190} INFO - [2024-09-12T01:53:00.949-0300] {dagbag.py:587} INFO - Filling up the DagBag from /home/gabzarp/.local/lib/python3.10/site-packages/airflow/example_dags/example_subdag_operator.py
[2024-09-12T01:53:00.967-0300] {processor.py:925} INFO - DAG(s) 'example_subdag_operator.section-1', 'example_subdag_operator.section-2', 'example_subdag_operator' retrieved from /home/gabzarp/.local/lib/python3.10/site-packages/airflow/example_dags/example_subdag_operator.py
[2024-09-12T01:53:00.978-0300] {logging_mixin.py:190} INFO - [2024-09-12T01:53:00.978-0300] {dag.py:3229} INFO - Sync 3 DAGs
[2024-09-12T01:53:00.990-0300] {logging_mixin.py:190} INFO - [2024-09-12T01:53:00.990-0300] {dag.py:4156} INFO - Setting next_dagrun for example_subdag_operator to 2022-01-01 00:00:00+00:00, run_after=2022-01-01 00:00:00+00:00
[2024-09-12T01:53:00.992-0300] {logging_mixin.py:190} INFO - [2024-09-12T01:53:00.992-0300] {dag.py:4156} INFO - Setting next_dagrun for example_subdag_operator.section-1 to None, run_after=None
[2024-09-12T01:53:00.993-0300] {logging_mixin.py:190} INFO - [2024-09-12T01:53:00.992-0300] {dag.py:4156} INFO - Setting next_dagrun for example_subdag_operator.section-2 to None, run_after=None
[2024-09-12T01:53:00.996-0300] {logging_mixin.py:190} INFO - [2024-09-12T01:53:00.996-0300] {dag.py:3229} INFO - Sync 2 DAGs
[2024-09-12T01:53:00.998-0300] {logging_mixin.py:190} INFO - [2024-09-12T01:53:00.998-0300] {dag.py:4156} INFO - Setting next_dagrun for example_subdag_operator.section-1 to None, run_after=None
[2024-09-12T01:53:00.999-0300] {logging_mixin.py:190} INFO - [2024-09-12T01:53:00.999-0300] {dag.py:4156} INFO - Setting next_dagrun for example_subdag_operator.section-2 to None, run_after=None
[2024-09-12T01:53:01.010-0300] {processor.py:208} INFO - Processing /home/gabzarp/.local/lib/python3.10/site-packages/airflow/example_dags/example_subdag_operator.py took 0.066 seconds
[2024-09-12T01:53:53.248-0300] {processor.py:186} INFO - Started process (PID=9822) to work on /home/gabzarp/.local/lib/python3.10/site-packages/airflow/example_dags/example_subdag_operator.py
[2024-09-12T01:53:53.249-0300] {processor.py:914} INFO - Processing file /home/gabzarp/.local/lib/python3.10/site-packages/airflow/example_dags/example_subdag_operator.py for tasks to queue
[2024-09-12T01:53:53.250-0300] {logging_mixin.py:190} INFO - [2024-09-12T01:53:53.249-0300] {dagbag.py:587} INFO - Filling up the DagBag from /home/gabzarp/.local/lib/python3.10/site-packages/airflow/example_dags/example_subdag_operator.py
[2024-09-12T01:53:53.263-0300] {processor.py:925} INFO - DAG(s) 'example_subdag_operator.section-1', 'example_subdag_operator.section-2', 'example_subdag_operator' retrieved from /home/gabzarp/.local/lib/python3.10/site-packages/airflow/example_dags/example_subdag_operator.py
[2024-09-12T01:53:53.272-0300] {logging_mixin.py:190} INFO - [2024-09-12T01:53:53.272-0300] {dag.py:3229} INFO - Sync 3 DAGs
[2024-09-12T01:53:53.284-0300] {logging_mixin.py:190} INFO - [2024-09-12T01:53:53.284-0300] {dag.py:4156} INFO - Setting next_dagrun for example_subdag_operator to 2022-01-01 00:00:00+00:00, run_after=2022-01-01 00:00:00+00:00
[2024-09-12T01:53:53.286-0300] {logging_mixin.py:190} INFO - [2024-09-12T01:53:53.286-0300] {dag.py:4156} INFO - Setting next_dagrun for example_subdag_operator.section-1 to None, run_after=None
[2024-09-12T01:53:53.286-0300] {logging_mixin.py:190} INFO - [2024-09-12T01:53:53.286-0300] {dag.py:4156} INFO - Setting next_dagrun for example_subdag_operator.section-2 to None, run_after=None
[2024-09-12T01:53:53.290-0300] {logging_mixin.py:190} INFO - [2024-09-12T01:53:53.290-0300] {dag.py:3229} INFO - Sync 2 DAGs
[2024-09-12T01:53:53.292-0300] {logging_mixin.py:190} INFO - [2024-09-12T01:53:53.292-0300] {dag.py:4156} INFO - Setting next_dagrun for example_subdag_operator.section-1 to None, run_after=None
[2024-09-12T01:53:53.292-0300] {logging_mixin.py:190} INFO - [2024-09-12T01:53:53.292-0300] {dag.py:4156} INFO - Setting next_dagrun for example_subdag_operator.section-2 to None, run_after=None
[2024-09-12T01:53:53.302-0300] {processor.py:208} INFO - Processing /home/gabzarp/.local/lib/python3.10/site-packages/airflow/example_dags/example_subdag_operator.py took 0.058 seconds
[2024-09-12T01:54:43.476-0300] {processor.py:186} INFO - Started process (PID=10225) to work on /home/gabzarp/.local/lib/python3.10/site-packages/airflow/example_dags/example_subdag_operator.py
[2024-09-12T01:54:43.477-0300] {processor.py:914} INFO - Processing file /home/gabzarp/.local/lib/python3.10/site-packages/airflow/example_dags/example_subdag_operator.py for tasks to queue
[2024-09-12T01:54:43.478-0300] {logging_mixin.py:190} INFO - [2024-09-12T01:54:43.478-0300] {dagbag.py:587} INFO - Filling up the DagBag from /home/gabzarp/.local/lib/python3.10/site-packages/airflow/example_dags/example_subdag_operator.py
[2024-09-12T01:54:43.491-0300] {processor.py:925} INFO - DAG(s) 'example_subdag_operator.section-1', 'example_subdag_operator.section-2', 'example_subdag_operator' retrieved from /home/gabzarp/.local/lib/python3.10/site-packages/airflow/example_dags/example_subdag_operator.py
[2024-09-12T01:54:43.501-0300] {logging_mixin.py:190} INFO - [2024-09-12T01:54:43.500-0300] {dag.py:3229} INFO - Sync 3 DAGs
[2024-09-12T01:54:43.513-0300] {logging_mixin.py:190} INFO - [2024-09-12T01:54:43.513-0300] {dag.py:4156} INFO - Setting next_dagrun for example_subdag_operator to 2022-01-01 00:00:00+00:00, run_after=2022-01-01 00:00:00+00:00
[2024-09-12T01:54:43.515-0300] {logging_mixin.py:190} INFO - [2024-09-12T01:54:43.515-0300] {dag.py:4156} INFO - Setting next_dagrun for example_subdag_operator.section-1 to None, run_after=None
[2024-09-12T01:54:43.516-0300] {logging_mixin.py:190} INFO - [2024-09-12T01:54:43.516-0300] {dag.py:4156} INFO - Setting next_dagrun for example_subdag_operator.section-2 to None, run_after=None
[2024-09-12T01:54:43.519-0300] {logging_mixin.py:190} INFO - [2024-09-12T01:54:43.519-0300] {dag.py:3229} INFO - Sync 2 DAGs
[2024-09-12T01:54:43.522-0300] {logging_mixin.py:190} INFO - [2024-09-12T01:54:43.521-0300] {dag.py:4156} INFO - Setting next_dagrun for example_subdag_operator.section-1 to None, run_after=None
[2024-09-12T01:54:43.522-0300] {logging_mixin.py:190} INFO - [2024-09-12T01:54:43.522-0300] {dag.py:4156} INFO - Setting next_dagrun for example_subdag_operator.section-2 to None, run_after=None
[2024-09-12T01:54:43.533-0300] {processor.py:208} INFO - Processing /home/gabzarp/.local/lib/python3.10/site-packages/airflow/example_dags/example_subdag_operator.py took 0.060 seconds
[2024-09-12T01:55:37.405-0300] {processor.py:186} INFO - Started process (PID=10654) to work on /home/gabzarp/.local/lib/python3.10/site-packages/airflow/example_dags/example_subdag_operator.py
[2024-09-12T01:55:37.406-0300] {processor.py:914} INFO - Processing file /home/gabzarp/.local/lib/python3.10/site-packages/airflow/example_dags/example_subdag_operator.py for tasks to queue
[2024-09-12T01:55:37.407-0300] {logging_mixin.py:190} INFO - [2024-09-12T01:55:37.406-0300] {dagbag.py:587} INFO - Filling up the DagBag from /home/gabzarp/.local/lib/python3.10/site-packages/airflow/example_dags/example_subdag_operator.py
[2024-09-12T01:55:37.422-0300] {processor.py:925} INFO - DAG(s) 'example_subdag_operator.section-1', 'example_subdag_operator.section-2', 'example_subdag_operator' retrieved from /home/gabzarp/.local/lib/python3.10/site-packages/airflow/example_dags/example_subdag_operator.py
[2024-09-12T01:55:37.433-0300] {logging_mixin.py:190} INFO - [2024-09-12T01:55:37.432-0300] {dag.py:3229} INFO - Sync 3 DAGs
[2024-09-12T01:55:37.445-0300] {logging_mixin.py:190} INFO - [2024-09-12T01:55:37.444-0300] {dag.py:4156} INFO - Setting next_dagrun for example_subdag_operator to 2022-01-01 00:00:00+00:00, run_after=2022-01-01 00:00:00+00:00
[2024-09-12T01:55:37.446-0300] {logging_mixin.py:190} INFO - [2024-09-12T01:55:37.446-0300] {dag.py:4156} INFO - Setting next_dagrun for example_subdag_operator.section-1 to None, run_after=None
[2024-09-12T01:55:37.447-0300] {logging_mixin.py:190} INFO - [2024-09-12T01:55:37.447-0300] {dag.py:4156} INFO - Setting next_dagrun for example_subdag_operator.section-2 to None, run_after=None
[2024-09-12T01:55:37.451-0300] {logging_mixin.py:190} INFO - [2024-09-12T01:55:37.451-0300] {dag.py:3229} INFO - Sync 2 DAGs
[2024-09-12T01:55:37.454-0300] {logging_mixin.py:190} INFO - [2024-09-12T01:55:37.453-0300] {dag.py:4156} INFO - Setting next_dagrun for example_subdag_operator.section-1 to None, run_after=None
[2024-09-12T01:55:37.454-0300] {logging_mixin.py:190} INFO - [2024-09-12T01:55:37.454-0300] {dag.py:4156} INFO - Setting next_dagrun for example_subdag_operator.section-2 to None, run_after=None
[2024-09-12T01:55:37.464-0300] {processor.py:208} INFO - Processing /home/gabzarp/.local/lib/python3.10/site-packages/airflow/example_dags/example_subdag_operator.py took 0.063 seconds
[2024-09-12T01:56:32.400-0300] {processor.py:186} INFO - Started process (PID=11109) to work on /home/gabzarp/.local/lib/python3.10/site-packages/airflow/example_dags/example_subdag_operator.py
[2024-09-12T01:56:32.402-0300] {processor.py:914} INFO - Processing file /home/gabzarp/.local/lib/python3.10/site-packages/airflow/example_dags/example_subdag_operator.py for tasks to queue
[2024-09-12T01:56:32.403-0300] {logging_mixin.py:190} INFO - [2024-09-12T01:56:32.403-0300] {dagbag.py:587} INFO - Filling up the DagBag from /home/gabzarp/.local/lib/python3.10/site-packages/airflow/example_dags/example_subdag_operator.py
[2024-09-12T01:56:32.420-0300] {processor.py:925} INFO - DAG(s) 'example_subdag_operator.section-1', 'example_subdag_operator.section-2', 'example_subdag_operator' retrieved from /home/gabzarp/.local/lib/python3.10/site-packages/airflow/example_dags/example_subdag_operator.py
[2024-09-12T01:56:32.430-0300] {logging_mixin.py:190} INFO - [2024-09-12T01:56:32.430-0300] {dag.py:3229} INFO - Sync 3 DAGs
[2024-09-12T01:56:32.443-0300] {logging_mixin.py:190} INFO - [2024-09-12T01:56:32.443-0300] {dag.py:4156} INFO - Setting next_dagrun for example_subdag_operator to 2022-01-01 00:00:00+00:00, run_after=2022-01-01 00:00:00+00:00
[2024-09-12T01:56:32.445-0300] {logging_mixin.py:190} INFO - [2024-09-12T01:56:32.445-0300] {dag.py:4156} INFO - Setting next_dagrun for example_subdag_operator.section-1 to None, run_after=None
[2024-09-12T01:56:32.446-0300] {logging_mixin.py:190} INFO - [2024-09-12T01:56:32.446-0300] {dag.py:4156} INFO - Setting next_dagrun for example_subdag_operator.section-2 to None, run_after=None
[2024-09-12T01:56:32.450-0300] {logging_mixin.py:190} INFO - [2024-09-12T01:56:32.449-0300] {dag.py:3229} INFO - Sync 2 DAGs
[2024-09-12T01:56:32.454-0300] {logging_mixin.py:190} INFO - [2024-09-12T01:56:32.453-0300] {dag.py:4156} INFO - Setting next_dagrun for example_subdag_operator.section-1 to None, run_after=None
[2024-09-12T01:56:32.454-0300] {logging_mixin.py:190} INFO - [2024-09-12T01:56:32.454-0300] {dag.py:4156} INFO - Setting next_dagrun for example_subdag_operator.section-2 to None, run_after=None
[2024-09-12T01:56:32.503-0300] {processor.py:208} INFO - Processing /home/gabzarp/.local/lib/python3.10/site-packages/airflow/example_dags/example_subdag_operator.py took 0.107 seconds
[2024-09-12T01:57:28.838-0300] {processor.py:186} INFO - Started process (PID=11605) to work on /home/gabzarp/.local/lib/python3.10/site-packages/airflow/example_dags/example_subdag_operator.py
[2024-09-12T01:57:28.839-0300] {processor.py:914} INFO - Processing file /home/gabzarp/.local/lib/python3.10/site-packages/airflow/example_dags/example_subdag_operator.py for tasks to queue
[2024-09-12T01:57:28.839-0300] {logging_mixin.py:190} INFO - [2024-09-12T01:57:28.839-0300] {dagbag.py:587} INFO - Filling up the DagBag from /home/gabzarp/.local/lib/python3.10/site-packages/airflow/example_dags/example_subdag_operator.py
[2024-09-12T01:57:28.857-0300] {processor.py:925} INFO - DAG(s) 'example_subdag_operator.section-1', 'example_subdag_operator.section-2', 'example_subdag_operator' retrieved from /home/gabzarp/.local/lib/python3.10/site-packages/airflow/example_dags/example_subdag_operator.py
[2024-09-12T01:57:28.868-0300] {logging_mixin.py:190} INFO - [2024-09-12T01:57:28.868-0300] {dag.py:3229} INFO - Sync 3 DAGs
[2024-09-12T01:57:28.881-0300] {logging_mixin.py:190} INFO - [2024-09-12T01:57:28.881-0300] {dag.py:4156} INFO - Setting next_dagrun for example_subdag_operator to 2022-01-01 00:00:00+00:00, run_after=2022-01-01 00:00:00+00:00
[2024-09-12T01:57:28.883-0300] {logging_mixin.py:190} INFO - [2024-09-12T01:57:28.883-0300] {dag.py:4156} INFO - Setting next_dagrun for example_subdag_operator.section-1 to None, run_after=None
[2024-09-12T01:57:28.884-0300] {logging_mixin.py:190} INFO - [2024-09-12T01:57:28.884-0300] {dag.py:4156} INFO - Setting next_dagrun for example_subdag_operator.section-2 to None, run_after=None
[2024-09-12T01:57:28.888-0300] {logging_mixin.py:190} INFO - [2024-09-12T01:57:28.887-0300] {dag.py:3229} INFO - Sync 2 DAGs
[2024-09-12T01:57:28.890-0300] {logging_mixin.py:190} INFO - [2024-09-12T01:57:28.890-0300] {dag.py:4156} INFO - Setting next_dagrun for example_subdag_operator.section-1 to None, run_after=None
[2024-09-12T01:57:28.890-0300] {logging_mixin.py:190} INFO - [2024-09-12T01:57:28.890-0300] {dag.py:4156} INFO - Setting next_dagrun for example_subdag_operator.section-2 to None, run_after=None
[2024-09-12T01:57:28.934-0300] {processor.py:208} INFO - Processing /home/gabzarp/.local/lib/python3.10/site-packages/airflow/example_dags/example_subdag_operator.py took 0.100 seconds
[2024-09-12T01:58:21.141-0300] {processor.py:186} INFO - Started process (PID=12016) to work on /home/gabzarp/.local/lib/python3.10/site-packages/airflow/example_dags/example_subdag_operator.py
[2024-09-12T01:58:21.142-0300] {processor.py:914} INFO - Processing file /home/gabzarp/.local/lib/python3.10/site-packages/airflow/example_dags/example_subdag_operator.py for tasks to queue
[2024-09-12T01:58:21.143-0300] {logging_mixin.py:190} INFO - [2024-09-12T01:58:21.143-0300] {dagbag.py:587} INFO - Filling up the DagBag from /home/gabzarp/.local/lib/python3.10/site-packages/airflow/example_dags/example_subdag_operator.py
[2024-09-12T01:58:21.157-0300] {processor.py:925} INFO - DAG(s) 'example_subdag_operator.section-1', 'example_subdag_operator.section-2', 'example_subdag_operator' retrieved from /home/gabzarp/.local/lib/python3.10/site-packages/airflow/example_dags/example_subdag_operator.py
[2024-09-12T01:58:21.167-0300] {logging_mixin.py:190} INFO - [2024-09-12T01:58:21.167-0300] {dag.py:3229} INFO - Sync 3 DAGs
[2024-09-12T01:58:21.179-0300] {logging_mixin.py:190} INFO - [2024-09-12T01:58:21.178-0300] {dag.py:4156} INFO - Setting next_dagrun for example_subdag_operator to 2022-01-01 00:00:00+00:00, run_after=2022-01-01 00:00:00+00:00
[2024-09-12T01:58:21.181-0300] {logging_mixin.py:190} INFO - [2024-09-12T01:58:21.180-0300] {dag.py:4156} INFO - Setting next_dagrun for example_subdag_operator.section-1 to None, run_after=None
[2024-09-12T01:58:21.181-0300] {logging_mixin.py:190} INFO - [2024-09-12T01:58:21.181-0300] {dag.py:4156} INFO - Setting next_dagrun for example_subdag_operator.section-2 to None, run_after=None
[2024-09-12T01:58:21.185-0300] {logging_mixin.py:190} INFO - [2024-09-12T01:58:21.185-0300] {dag.py:3229} INFO - Sync 2 DAGs
[2024-09-12T01:58:21.187-0300] {logging_mixin.py:190} INFO - [2024-09-12T01:58:21.187-0300] {dag.py:4156} INFO - Setting next_dagrun for example_subdag_operator.section-1 to None, run_after=None
[2024-09-12T01:58:21.187-0300] {logging_mixin.py:190} INFO - [2024-09-12T01:58:21.187-0300] {dag.py:4156} INFO - Setting next_dagrun for example_subdag_operator.section-2 to None, run_after=None
[2024-09-12T01:58:21.199-0300] {processor.py:208} INFO - Processing /home/gabzarp/.local/lib/python3.10/site-packages/airflow/example_dags/example_subdag_operator.py took 0.062 seconds
[2024-09-12T01:59:14.632-0300] {processor.py:186} INFO - Started process (PID=12444) to work on /home/gabzarp/.local/lib/python3.10/site-packages/airflow/example_dags/example_subdag_operator.py
[2024-09-12T01:59:14.646-0300] {processor.py:914} INFO - Processing file /home/gabzarp/.local/lib/python3.10/site-packages/airflow/example_dags/example_subdag_operator.py for tasks to queue
[2024-09-12T01:59:14.647-0300] {logging_mixin.py:190} INFO - [2024-09-12T01:59:14.646-0300] {dagbag.py:587} INFO - Filling up the DagBag from /home/gabzarp/.local/lib/python3.10/site-packages/airflow/example_dags/example_subdag_operator.py
[2024-09-12T01:59:14.660-0300] {processor.py:925} INFO - DAG(s) 'example_subdag_operator.section-1', 'example_subdag_operator.section-2', 'example_subdag_operator' retrieved from /home/gabzarp/.local/lib/python3.10/site-packages/airflow/example_dags/example_subdag_operator.py
[2024-09-12T01:59:14.669-0300] {logging_mixin.py:190} INFO - [2024-09-12T01:59:14.669-0300] {dag.py:3229} INFO - Sync 3 DAGs
[2024-09-12T01:59:14.681-0300] {logging_mixin.py:190} INFO - [2024-09-12T01:59:14.681-0300] {dag.py:4156} INFO - Setting next_dagrun for example_subdag_operator to 2022-01-01 00:00:00+00:00, run_after=2022-01-01 00:00:00+00:00
[2024-09-12T01:59:14.683-0300] {logging_mixin.py:190} INFO - [2024-09-12T01:59:14.683-0300] {dag.py:4156} INFO - Setting next_dagrun for example_subdag_operator.section-1 to None, run_after=None
[2024-09-12T01:59:14.683-0300] {logging_mixin.py:190} INFO - [2024-09-12T01:59:14.683-0300] {dag.py:4156} INFO - Setting next_dagrun for example_subdag_operator.section-2 to None, run_after=None
[2024-09-12T01:59:14.687-0300] {logging_mixin.py:190} INFO - [2024-09-12T01:59:14.687-0300] {dag.py:3229} INFO - Sync 2 DAGs
[2024-09-12T01:59:14.689-0300] {logging_mixin.py:190} INFO - [2024-09-12T01:59:14.689-0300] {dag.py:4156} INFO - Setting next_dagrun for example_subdag_operator.section-1 to None, run_after=None
[2024-09-12T01:59:14.689-0300] {logging_mixin.py:190} INFO - [2024-09-12T01:59:14.689-0300] {dag.py:4156} INFO - Setting next_dagrun for example_subdag_operator.section-2 to None, run_after=None
[2024-09-12T01:59:14.818-0300] {processor.py:208} INFO - Processing /home/gabzarp/.local/lib/python3.10/site-packages/airflow/example_dags/example_subdag_operator.py took 0.190 seconds
[2024-09-12T02:00:05.407-0300] {processor.py:186} INFO - Started process (PID=12871) to work on /home/gabzarp/.local/lib/python3.10/site-packages/airflow/example_dags/example_subdag_operator.py
[2024-09-12T02:00:05.408-0300] {processor.py:914} INFO - Processing file /home/gabzarp/.local/lib/python3.10/site-packages/airflow/example_dags/example_subdag_operator.py for tasks to queue
[2024-09-12T02:00:05.408-0300] {logging_mixin.py:190} INFO - [2024-09-12T02:00:05.408-0300] {dagbag.py:587} INFO - Filling up the DagBag from /home/gabzarp/.local/lib/python3.10/site-packages/airflow/example_dags/example_subdag_operator.py
[2024-09-12T02:00:05.424-0300] {processor.py:925} INFO - DAG(s) 'example_subdag_operator.section-1', 'example_subdag_operator.section-2', 'example_subdag_operator' retrieved from /home/gabzarp/.local/lib/python3.10/site-packages/airflow/example_dags/example_subdag_operator.py
[2024-09-12T02:00:05.436-0300] {logging_mixin.py:190} INFO - [2024-09-12T02:00:05.435-0300] {dag.py:3229} INFO - Sync 3 DAGs
[2024-09-12T02:00:05.449-0300] {logging_mixin.py:190} INFO - [2024-09-12T02:00:05.449-0300] {dag.py:4156} INFO - Setting next_dagrun for example_subdag_operator to 2022-01-01 00:00:00+00:00, run_after=2022-01-01 00:00:00+00:00
[2024-09-12T02:00:05.451-0300] {logging_mixin.py:190} INFO - [2024-09-12T02:00:05.451-0300] {dag.py:4156} INFO - Setting next_dagrun for example_subdag_operator.section-1 to None, run_after=None
[2024-09-12T02:00:05.451-0300] {logging_mixin.py:190} INFO - [2024-09-12T02:00:05.451-0300] {dag.py:4156} INFO - Setting next_dagrun for example_subdag_operator.section-2 to None, run_after=None
[2024-09-12T02:00:05.455-0300] {logging_mixin.py:190} INFO - [2024-09-12T02:00:05.455-0300] {dag.py:3229} INFO - Sync 2 DAGs
[2024-09-12T02:00:05.458-0300] {logging_mixin.py:190} INFO - [2024-09-12T02:00:05.458-0300] {dag.py:4156} INFO - Setting next_dagrun for example_subdag_operator.section-1 to None, run_after=None
[2024-09-12T02:00:05.458-0300] {logging_mixin.py:190} INFO - [2024-09-12T02:00:05.458-0300] {dag.py:4156} INFO - Setting next_dagrun for example_subdag_operator.section-2 to None, run_after=None
[2024-09-12T02:00:05.469-0300] {processor.py:208} INFO - Processing /home/gabzarp/.local/lib/python3.10/site-packages/airflow/example_dags/example_subdag_operator.py took 0.066 seconds
[2024-09-12T02:00:55.960-0300] {processor.py:186} INFO - Started process (PID=13360) to work on /home/gabzarp/.local/lib/python3.10/site-packages/airflow/example_dags/example_subdag_operator.py
[2024-09-12T02:00:55.961-0300] {processor.py:914} INFO - Processing file /home/gabzarp/.local/lib/python3.10/site-packages/airflow/example_dags/example_subdag_operator.py for tasks to queue
[2024-09-12T02:00:55.962-0300] {logging_mixin.py:190} INFO - [2024-09-12T02:00:55.961-0300] {dagbag.py:587} INFO - Filling up the DagBag from /home/gabzarp/.local/lib/python3.10/site-packages/airflow/example_dags/example_subdag_operator.py
[2024-09-12T02:00:55.976-0300] {processor.py:925} INFO - DAG(s) 'example_subdag_operator.section-1', 'example_subdag_operator.section-2', 'example_subdag_operator' retrieved from /home/gabzarp/.local/lib/python3.10/site-packages/airflow/example_dags/example_subdag_operator.py
[2024-09-12T02:00:55.985-0300] {logging_mixin.py:190} INFO - [2024-09-12T02:00:55.985-0300] {dag.py:3229} INFO - Sync 3 DAGs
[2024-09-12T02:00:55.997-0300] {logging_mixin.py:190} INFO - [2024-09-12T02:00:55.997-0300] {dag.py:4156} INFO - Setting next_dagrun for example_subdag_operator to 2022-01-01 00:00:00+00:00, run_after=2022-01-01 00:00:00+00:00
[2024-09-12T02:00:55.999-0300] {logging_mixin.py:190} INFO - [2024-09-12T02:00:55.999-0300] {dag.py:4156} INFO - Setting next_dagrun for example_subdag_operator.section-1 to None, run_after=None
[2024-09-12T02:00:55.999-0300] {logging_mixin.py:190} INFO - [2024-09-12T02:00:55.999-0300] {dag.py:4156} INFO - Setting next_dagrun for example_subdag_operator.section-2 to None, run_after=None
[2024-09-12T02:00:56.004-0300] {logging_mixin.py:190} INFO - [2024-09-12T02:00:56.004-0300] {dag.py:3229} INFO - Sync 2 DAGs
[2024-09-12T02:00:56.006-0300] {logging_mixin.py:190} INFO - [2024-09-12T02:00:56.006-0300] {dag.py:4156} INFO - Setting next_dagrun for example_subdag_operator.section-1 to None, run_after=None
[2024-09-12T02:00:56.006-0300] {logging_mixin.py:190} INFO - [2024-09-12T02:00:56.006-0300] {dag.py:4156} INFO - Setting next_dagrun for example_subdag_operator.section-2 to None, run_after=None
[2024-09-12T02:00:56.016-0300] {processor.py:208} INFO - Processing /home/gabzarp/.local/lib/python3.10/site-packages/airflow/example_dags/example_subdag_operator.py took 0.060 seconds
[2024-09-12T02:01:46.909-0300] {processor.py:186} INFO - Started process (PID=13799) to work on /home/gabzarp/.local/lib/python3.10/site-packages/airflow/example_dags/example_subdag_operator.py
[2024-09-12T02:01:46.910-0300] {processor.py:914} INFO - Processing file /home/gabzarp/.local/lib/python3.10/site-packages/airflow/example_dags/example_subdag_operator.py for tasks to queue
[2024-09-12T02:01:46.911-0300] {logging_mixin.py:190} INFO - [2024-09-12T02:01:46.911-0300] {dagbag.py:587} INFO - Filling up the DagBag from /home/gabzarp/.local/lib/python3.10/site-packages/airflow/example_dags/example_subdag_operator.py
[2024-09-12T02:01:46.924-0300] {processor.py:925} INFO - DAG(s) 'example_subdag_operator.section-1', 'example_subdag_operator.section-2', 'example_subdag_operator' retrieved from /home/gabzarp/.local/lib/python3.10/site-packages/airflow/example_dags/example_subdag_operator.py
[2024-09-12T02:01:46.934-0300] {logging_mixin.py:190} INFO - [2024-09-12T02:01:46.933-0300] {dag.py:3229} INFO - Sync 3 DAGs
[2024-09-12T02:01:46.946-0300] {logging_mixin.py:190} INFO - [2024-09-12T02:01:46.946-0300] {dag.py:4156} INFO - Setting next_dagrun for example_subdag_operator to 2022-01-01 00:00:00+00:00, run_after=2022-01-01 00:00:00+00:00
[2024-09-12T02:01:46.948-0300] {logging_mixin.py:190} INFO - [2024-09-12T02:01:46.948-0300] {dag.py:4156} INFO - Setting next_dagrun for example_subdag_operator.section-1 to None, run_after=None
[2024-09-12T02:01:46.948-0300] {logging_mixin.py:190} INFO - [2024-09-12T02:01:46.948-0300] {dag.py:4156} INFO - Setting next_dagrun for example_subdag_operator.section-2 to None, run_after=None
[2024-09-12T02:01:46.952-0300] {logging_mixin.py:190} INFO - [2024-09-12T02:01:46.952-0300] {dag.py:3229} INFO - Sync 2 DAGs
[2024-09-12T02:01:46.954-0300] {logging_mixin.py:190} INFO - [2024-09-12T02:01:46.954-0300] {dag.py:4156} INFO - Setting next_dagrun for example_subdag_operator.section-1 to None, run_after=None
[2024-09-12T02:01:46.954-0300] {logging_mixin.py:190} INFO - [2024-09-12T02:01:46.954-0300] {dag.py:4156} INFO - Setting next_dagrun for example_subdag_operator.section-2 to None, run_after=None
[2024-09-12T02:01:46.964-0300] {processor.py:208} INFO - Processing /home/gabzarp/.local/lib/python3.10/site-packages/airflow/example_dags/example_subdag_operator.py took 0.059 seconds
[2024-09-12T02:02:35.132-0300] {processor.py:186} INFO - Started process (PID=14218) to work on /home/gabzarp/.local/lib/python3.10/site-packages/airflow/example_dags/example_subdag_operator.py
[2024-09-12T02:02:35.132-0300] {processor.py:914} INFO - Processing file /home/gabzarp/.local/lib/python3.10/site-packages/airflow/example_dags/example_subdag_operator.py for tasks to queue
[2024-09-12T02:02:35.133-0300] {logging_mixin.py:190} INFO - [2024-09-12T02:02:35.133-0300] {dagbag.py:587} INFO - Filling up the DagBag from /home/gabzarp/.local/lib/python3.10/site-packages/airflow/example_dags/example_subdag_operator.py
[2024-09-12T02:02:35.147-0300] {processor.py:925} INFO - DAG(s) 'example_subdag_operator.section-1', 'example_subdag_operator.section-2', 'example_subdag_operator' retrieved from /home/gabzarp/.local/lib/python3.10/site-packages/airflow/example_dags/example_subdag_operator.py
[2024-09-12T02:02:35.157-0300] {logging_mixin.py:190} INFO - [2024-09-12T02:02:35.157-0300] {dag.py:3229} INFO - Sync 3 DAGs
[2024-09-12T02:02:35.169-0300] {logging_mixin.py:190} INFO - [2024-09-12T02:02:35.169-0300] {dag.py:4156} INFO - Setting next_dagrun for example_subdag_operator to 2022-01-01 00:00:00+00:00, run_after=2022-01-01 00:00:00+00:00
[2024-09-12T02:02:35.171-0300] {logging_mixin.py:190} INFO - [2024-09-12T02:02:35.171-0300] {dag.py:4156} INFO - Setting next_dagrun for example_subdag_operator.section-1 to None, run_after=None
[2024-09-12T02:02:35.171-0300] {logging_mixin.py:190} INFO - [2024-09-12T02:02:35.171-0300] {dag.py:4156} INFO - Setting next_dagrun for example_subdag_operator.section-2 to None, run_after=None
[2024-09-12T02:02:35.175-0300] {logging_mixin.py:190} INFO - [2024-09-12T02:02:35.175-0300] {dag.py:3229} INFO - Sync 2 DAGs
[2024-09-12T02:02:35.177-0300] {logging_mixin.py:190} INFO - [2024-09-12T02:02:35.177-0300] {dag.py:4156} INFO - Setting next_dagrun for example_subdag_operator.section-1 to None, run_after=None
[2024-09-12T02:02:35.178-0300] {logging_mixin.py:190} INFO - [2024-09-12T02:02:35.177-0300] {dag.py:4156} INFO - Setting next_dagrun for example_subdag_operator.section-2 to None, run_after=None
[2024-09-12T02:02:35.188-0300] {processor.py:208} INFO - Processing /home/gabzarp/.local/lib/python3.10/site-packages/airflow/example_dags/example_subdag_operator.py took 0.060 seconds
[2024-09-12T02:03:23.617-0300] {processor.py:186} INFO - Started process (PID=14609) to work on /home/gabzarp/.local/lib/python3.10/site-packages/airflow/example_dags/example_subdag_operator.py
[2024-09-12T02:03:23.618-0300] {processor.py:914} INFO - Processing file /home/gabzarp/.local/lib/python3.10/site-packages/airflow/example_dags/example_subdag_operator.py for tasks to queue
[2024-09-12T02:03:23.619-0300] {logging_mixin.py:190} INFO - [2024-09-12T02:03:23.619-0300] {dagbag.py:587} INFO - Filling up the DagBag from /home/gabzarp/.local/lib/python3.10/site-packages/airflow/example_dags/example_subdag_operator.py
[2024-09-12T02:03:23.633-0300] {processor.py:925} INFO - DAG(s) 'example_subdag_operator.section-1', 'example_subdag_operator.section-2', 'example_subdag_operator' retrieved from /home/gabzarp/.local/lib/python3.10/site-packages/airflow/example_dags/example_subdag_operator.py
[2024-09-12T02:03:23.643-0300] {logging_mixin.py:190} INFO - [2024-09-12T02:03:23.643-0300] {dag.py:3229} INFO - Sync 3 DAGs
[2024-09-12T02:03:23.656-0300] {logging_mixin.py:190} INFO - [2024-09-12T02:03:23.656-0300] {dag.py:4156} INFO - Setting next_dagrun for example_subdag_operator to 2022-01-01 00:00:00+00:00, run_after=2022-01-01 00:00:00+00:00
[2024-09-12T02:03:23.659-0300] {logging_mixin.py:190} INFO - [2024-09-12T02:03:23.658-0300] {dag.py:4156} INFO - Setting next_dagrun for example_subdag_operator.section-1 to None, run_after=None
[2024-09-12T02:03:23.659-0300] {logging_mixin.py:190} INFO - [2024-09-12T02:03:23.659-0300] {dag.py:4156} INFO - Setting next_dagrun for example_subdag_operator.section-2 to None, run_after=None
[2024-09-12T02:03:23.663-0300] {logging_mixin.py:190} INFO - [2024-09-12T02:03:23.663-0300] {dag.py:3229} INFO - Sync 2 DAGs
[2024-09-12T02:03:23.666-0300] {logging_mixin.py:190} INFO - [2024-09-12T02:03:23.665-0300] {dag.py:4156} INFO - Setting next_dagrun for example_subdag_operator.section-1 to None, run_after=None
[2024-09-12T02:03:23.666-0300] {logging_mixin.py:190} INFO - [2024-09-12T02:03:23.666-0300] {dag.py:4156} INFO - Setting next_dagrun for example_subdag_operator.section-2 to None, run_after=None
[2024-09-12T02:03:23.677-0300] {processor.py:208} INFO - Processing /home/gabzarp/.local/lib/python3.10/site-packages/airflow/example_dags/example_subdag_operator.py took 0.063 seconds
[2024-09-12T02:04:15.724-0300] {processor.py:186} INFO - Started process (PID=15019) to work on /home/gabzarp/.local/lib/python3.10/site-packages/airflow/example_dags/example_subdag_operator.py
[2024-09-12T02:04:15.725-0300] {processor.py:914} INFO - Processing file /home/gabzarp/.local/lib/python3.10/site-packages/airflow/example_dags/example_subdag_operator.py for tasks to queue
[2024-09-12T02:04:15.726-0300] {logging_mixin.py:190} INFO - [2024-09-12T02:04:15.725-0300] {dagbag.py:587} INFO - Filling up the DagBag from /home/gabzarp/.local/lib/python3.10/site-packages/airflow/example_dags/example_subdag_operator.py
[2024-09-12T02:04:15.740-0300] {processor.py:925} INFO - DAG(s) 'example_subdag_operator.section-1', 'example_subdag_operator.section-2', 'example_subdag_operator' retrieved from /home/gabzarp/.local/lib/python3.10/site-packages/airflow/example_dags/example_subdag_operator.py
[2024-09-12T02:04:15.750-0300] {logging_mixin.py:190} INFO - [2024-09-12T02:04:15.750-0300] {dag.py:3229} INFO - Sync 3 DAGs
[2024-09-12T02:04:15.762-0300] {logging_mixin.py:190} INFO - [2024-09-12T02:04:15.762-0300] {dag.py:4156} INFO - Setting next_dagrun for example_subdag_operator to 2022-01-01 00:00:00+00:00, run_after=2022-01-01 00:00:00+00:00
[2024-09-12T02:04:15.765-0300] {logging_mixin.py:190} INFO - [2024-09-12T02:04:15.764-0300] {dag.py:4156} INFO - Setting next_dagrun for example_subdag_operator.section-1 to None, run_after=None
[2024-09-12T02:04:15.765-0300] {logging_mixin.py:190} INFO - [2024-09-12T02:04:15.765-0300] {dag.py:4156} INFO - Setting next_dagrun for example_subdag_operator.section-2 to None, run_after=None
[2024-09-12T02:04:15.769-0300] {logging_mixin.py:190} INFO - [2024-09-12T02:04:15.769-0300] {dag.py:3229} INFO - Sync 2 DAGs
[2024-09-12T02:04:15.772-0300] {logging_mixin.py:190} INFO - [2024-09-12T02:04:15.772-0300] {dag.py:4156} INFO - Setting next_dagrun for example_subdag_operator.section-1 to None, run_after=None
[2024-09-12T02:04:15.772-0300] {logging_mixin.py:190} INFO - [2024-09-12T02:04:15.772-0300] {dag.py:4156} INFO - Setting next_dagrun for example_subdag_operator.section-2 to None, run_after=None
[2024-09-12T02:04:15.783-0300] {processor.py:208} INFO - Processing /home/gabzarp/.local/lib/python3.10/site-packages/airflow/example_dags/example_subdag_operator.py took 0.063 seconds
[2024-09-12T02:05:08.918-0300] {processor.py:186} INFO - Started process (PID=15438) to work on /home/gabzarp/.local/lib/python3.10/site-packages/airflow/example_dags/example_subdag_operator.py
[2024-09-12T02:05:08.919-0300] {processor.py:914} INFO - Processing file /home/gabzarp/.local/lib/python3.10/site-packages/airflow/example_dags/example_subdag_operator.py for tasks to queue
[2024-09-12T02:05:08.920-0300] {logging_mixin.py:190} INFO - [2024-09-12T02:05:08.920-0300] {dagbag.py:587} INFO - Filling up the DagBag from /home/gabzarp/.local/lib/python3.10/site-packages/airflow/example_dags/example_subdag_operator.py
[2024-09-12T02:05:08.935-0300] {processor.py:925} INFO - DAG(s) 'example_subdag_operator.section-1', 'example_subdag_operator.section-2', 'example_subdag_operator' retrieved from /home/gabzarp/.local/lib/python3.10/site-packages/airflow/example_dags/example_subdag_operator.py
[2024-09-12T02:05:08.945-0300] {logging_mixin.py:190} INFO - [2024-09-12T02:05:08.945-0300] {dag.py:3229} INFO - Sync 3 DAGs
[2024-09-12T02:05:08.957-0300] {logging_mixin.py:190} INFO - [2024-09-12T02:05:08.957-0300] {dag.py:4156} INFO - Setting next_dagrun for example_subdag_operator to 2022-01-01 00:00:00+00:00, run_after=2022-01-01 00:00:00+00:00
[2024-09-12T02:05:08.959-0300] {logging_mixin.py:190} INFO - [2024-09-12T02:05:08.959-0300] {dag.py:4156} INFO - Setting next_dagrun for example_subdag_operator.section-1 to None, run_after=None
[2024-09-12T02:05:08.959-0300] {logging_mixin.py:190} INFO - [2024-09-12T02:05:08.959-0300] {dag.py:4156} INFO - Setting next_dagrun for example_subdag_operator.section-2 to None, run_after=None
[2024-09-12T02:05:08.963-0300] {logging_mixin.py:190} INFO - [2024-09-12T02:05:08.963-0300] {dag.py:3229} INFO - Sync 2 DAGs
[2024-09-12T02:05:08.965-0300] {logging_mixin.py:190} INFO - [2024-09-12T02:05:08.965-0300] {dag.py:4156} INFO - Setting next_dagrun for example_subdag_operator.section-1 to None, run_after=None
[2024-09-12T02:05:08.965-0300] {logging_mixin.py:190} INFO - [2024-09-12T02:05:08.965-0300] {dag.py:4156} INFO - Setting next_dagrun for example_subdag_operator.section-2 to None, run_after=None
[2024-09-12T02:05:08.976-0300] {processor.py:208} INFO - Processing /home/gabzarp/.local/lib/python3.10/site-packages/airflow/example_dags/example_subdag_operator.py took 0.061 seconds
[2024-09-12T02:06:02.627-0300] {processor.py:186} INFO - Started process (PID=15860) to work on /home/gabzarp/.local/lib/python3.10/site-packages/airflow/example_dags/example_subdag_operator.py
[2024-09-12T02:06:02.628-0300] {processor.py:914} INFO - Processing file /home/gabzarp/.local/lib/python3.10/site-packages/airflow/example_dags/example_subdag_operator.py for tasks to queue
[2024-09-12T02:06:02.629-0300] {logging_mixin.py:190} INFO - [2024-09-12T02:06:02.629-0300] {dagbag.py:587} INFO - Filling up the DagBag from /home/gabzarp/.local/lib/python3.10/site-packages/airflow/example_dags/example_subdag_operator.py
[2024-09-12T02:06:02.644-0300] {processor.py:925} INFO - DAG(s) 'example_subdag_operator.section-1', 'example_subdag_operator.section-2', 'example_subdag_operator' retrieved from /home/gabzarp/.local/lib/python3.10/site-packages/airflow/example_dags/example_subdag_operator.py
[2024-09-12T02:06:02.654-0300] {logging_mixin.py:190} INFO - [2024-09-12T02:06:02.654-0300] {dag.py:3229} INFO - Sync 3 DAGs
[2024-09-12T02:06:02.666-0300] {logging_mixin.py:190} INFO - [2024-09-12T02:06:02.666-0300] {dag.py:4156} INFO - Setting next_dagrun for example_subdag_operator to 2022-01-01 00:00:00+00:00, run_after=2022-01-01 00:00:00+00:00
[2024-09-12T02:06:02.668-0300] {logging_mixin.py:190} INFO - [2024-09-12T02:06:02.668-0300] {dag.py:4156} INFO - Setting next_dagrun for example_subdag_operator.section-1 to None, run_after=None
[2024-09-12T02:06:02.669-0300] {logging_mixin.py:190} INFO - [2024-09-12T02:06:02.669-0300] {dag.py:4156} INFO - Setting next_dagrun for example_subdag_operator.section-2 to None, run_after=None
[2024-09-12T02:06:02.673-0300] {logging_mixin.py:190} INFO - [2024-09-12T02:06:02.672-0300] {dag.py:3229} INFO - Sync 2 DAGs
[2024-09-12T02:06:02.676-0300] {logging_mixin.py:190} INFO - [2024-09-12T02:06:02.676-0300] {dag.py:4156} INFO - Setting next_dagrun for example_subdag_operator.section-1 to None, run_after=None
[2024-09-12T02:06:02.676-0300] {logging_mixin.py:190} INFO - [2024-09-12T02:06:02.676-0300] {dag.py:4156} INFO - Setting next_dagrun for example_subdag_operator.section-2 to None, run_after=None
[2024-09-12T02:06:02.687-0300] {processor.py:208} INFO - Processing /home/gabzarp/.local/lib/python3.10/site-packages/airflow/example_dags/example_subdag_operator.py took 0.063 seconds
[2024-09-12T02:06:53.286-0300] {processor.py:186} INFO - Started process (PID=16263) to work on /home/gabzarp/.local/lib/python3.10/site-packages/airflow/example_dags/example_subdag_operator.py
[2024-09-12T02:06:53.287-0300] {processor.py:914} INFO - Processing file /home/gabzarp/.local/lib/python3.10/site-packages/airflow/example_dags/example_subdag_operator.py for tasks to queue
[2024-09-12T02:06:53.288-0300] {logging_mixin.py:190} INFO - [2024-09-12T02:06:53.288-0300] {dagbag.py:587} INFO - Filling up the DagBag from /home/gabzarp/.local/lib/python3.10/site-packages/airflow/example_dags/example_subdag_operator.py
[2024-09-12T02:06:53.302-0300] {processor.py:925} INFO - DAG(s) 'example_subdag_operator.section-1', 'example_subdag_operator.section-2', 'example_subdag_operator' retrieved from /home/gabzarp/.local/lib/python3.10/site-packages/airflow/example_dags/example_subdag_operator.py
[2024-09-12T02:06:53.313-0300] {logging_mixin.py:190} INFO - [2024-09-12T02:06:53.313-0300] {dag.py:3229} INFO - Sync 3 DAGs
[2024-09-12T02:06:53.327-0300] {logging_mixin.py:190} INFO - [2024-09-12T02:06:53.327-0300] {dag.py:4156} INFO - Setting next_dagrun for example_subdag_operator to 2022-01-01 00:00:00+00:00, run_after=2022-01-01 00:00:00+00:00
[2024-09-12T02:06:53.330-0300] {logging_mixin.py:190} INFO - [2024-09-12T02:06:53.330-0300] {dag.py:4156} INFO - Setting next_dagrun for example_subdag_operator.section-1 to None, run_after=None
[2024-09-12T02:06:53.331-0300] {logging_mixin.py:190} INFO - [2024-09-12T02:06:53.331-0300] {dag.py:4156} INFO - Setting next_dagrun for example_subdag_operator.section-2 to None, run_after=None
[2024-09-12T02:06:53.336-0300] {logging_mixin.py:190} INFO - [2024-09-12T02:06:53.336-0300] {dag.py:3229} INFO - Sync 2 DAGs
[2024-09-12T02:06:53.339-0300] {logging_mixin.py:190} INFO - [2024-09-12T02:06:53.339-0300] {dag.py:4156} INFO - Setting next_dagrun for example_subdag_operator.section-1 to None, run_after=None
[2024-09-12T02:06:53.339-0300] {logging_mixin.py:190} INFO - [2024-09-12T02:06:53.339-0300] {dag.py:4156} INFO - Setting next_dagrun for example_subdag_operator.section-2 to None, run_after=None
[2024-09-12T02:06:53.352-0300] {processor.py:208} INFO - Processing /home/gabzarp/.local/lib/python3.10/site-packages/airflow/example_dags/example_subdag_operator.py took 0.070 seconds
[2024-09-12T02:07:40.535-0300] {processor.py:186} INFO - Started process (PID=16637) to work on /home/gabzarp/.local/lib/python3.10/site-packages/airflow/example_dags/example_subdag_operator.py
[2024-09-12T02:07:40.536-0300] {processor.py:914} INFO - Processing file /home/gabzarp/.local/lib/python3.10/site-packages/airflow/example_dags/example_subdag_operator.py for tasks to queue
[2024-09-12T02:07:40.537-0300] {logging_mixin.py:190} INFO - [2024-09-12T02:07:40.537-0300] {dagbag.py:587} INFO - Filling up the DagBag from /home/gabzarp/.local/lib/python3.10/site-packages/airflow/example_dags/example_subdag_operator.py
[2024-09-12T02:07:40.551-0300] {processor.py:925} INFO - DAG(s) 'example_subdag_operator.section-1', 'example_subdag_operator.section-2', 'example_subdag_operator' retrieved from /home/gabzarp/.local/lib/python3.10/site-packages/airflow/example_dags/example_subdag_operator.py
[2024-09-12T02:07:40.562-0300] {logging_mixin.py:190} INFO - [2024-09-12T02:07:40.562-0300] {dag.py:3229} INFO - Sync 3 DAGs
[2024-09-12T02:07:40.578-0300] {logging_mixin.py:190} INFO - [2024-09-12T02:07:40.577-0300] {dag.py:4156} INFO - Setting next_dagrun for example_subdag_operator to 2022-01-01 00:00:00+00:00, run_after=2022-01-01 00:00:00+00:00
[2024-09-12T02:07:40.580-0300] {logging_mixin.py:190} INFO - [2024-09-12T02:07:40.580-0300] {dag.py:4156} INFO - Setting next_dagrun for example_subdag_operator.section-1 to None, run_after=None
[2024-09-12T02:07:40.581-0300] {logging_mixin.py:190} INFO - [2024-09-12T02:07:40.581-0300] {dag.py:4156} INFO - Setting next_dagrun for example_subdag_operator.section-2 to None, run_after=None
[2024-09-12T02:07:40.585-0300] {logging_mixin.py:190} INFO - [2024-09-12T02:07:40.585-0300] {dag.py:3229} INFO - Sync 2 DAGs
[2024-09-12T02:07:40.588-0300] {logging_mixin.py:190} INFO - [2024-09-12T02:07:40.588-0300] {dag.py:4156} INFO - Setting next_dagrun for example_subdag_operator.section-1 to None, run_after=None
[2024-09-12T02:07:40.589-0300] {logging_mixin.py:190} INFO - [2024-09-12T02:07:40.589-0300] {dag.py:4156} INFO - Setting next_dagrun for example_subdag_operator.section-2 to None, run_after=None
[2024-09-12T02:07:40.603-0300] {processor.py:208} INFO - Processing /home/gabzarp/.local/lib/python3.10/site-packages/airflow/example_dags/example_subdag_operator.py took 0.071 seconds
[2024-09-12T02:08:30.903-0300] {processor.py:186} INFO - Started process (PID=17036) to work on /home/gabzarp/.local/lib/python3.10/site-packages/airflow/example_dags/example_subdag_operator.py
[2024-09-12T02:08:30.904-0300] {processor.py:914} INFO - Processing file /home/gabzarp/.local/lib/python3.10/site-packages/airflow/example_dags/example_subdag_operator.py for tasks to queue
[2024-09-12T02:08:30.905-0300] {logging_mixin.py:190} INFO - [2024-09-12T02:08:30.905-0300] {dagbag.py:587} INFO - Filling up the DagBag from /home/gabzarp/.local/lib/python3.10/site-packages/airflow/example_dags/example_subdag_operator.py
[2024-09-12T02:08:30.921-0300] {processor.py:925} INFO - DAG(s) 'example_subdag_operator.section-1', 'example_subdag_operator.section-2', 'example_subdag_operator' retrieved from /home/gabzarp/.local/lib/python3.10/site-packages/airflow/example_dags/example_subdag_operator.py
[2024-09-12T02:08:30.933-0300] {logging_mixin.py:190} INFO - [2024-09-12T02:08:30.932-0300] {dag.py:3229} INFO - Sync 3 DAGs
[2024-09-12T02:08:30.946-0300] {logging_mixin.py:190} INFO - [2024-09-12T02:08:30.946-0300] {dag.py:4156} INFO - Setting next_dagrun for example_subdag_operator to 2022-01-01 00:00:00+00:00, run_after=2022-01-01 00:00:00+00:00
[2024-09-12T02:08:30.948-0300] {logging_mixin.py:190} INFO - [2024-09-12T02:08:30.948-0300] {dag.py:4156} INFO - Setting next_dagrun for example_subdag_operator.section-1 to None, run_after=None
[2024-09-12T02:08:30.948-0300] {logging_mixin.py:190} INFO - [2024-09-12T02:08:30.948-0300] {dag.py:4156} INFO - Setting next_dagrun for example_subdag_operator.section-2 to None, run_after=None
[2024-09-12T02:08:30.953-0300] {logging_mixin.py:190} INFO - [2024-09-12T02:08:30.953-0300] {dag.py:3229} INFO - Sync 2 DAGs
[2024-09-12T02:08:30.956-0300] {logging_mixin.py:190} INFO - [2024-09-12T02:08:30.956-0300] {dag.py:4156} INFO - Setting next_dagrun for example_subdag_operator.section-1 to None, run_after=None
[2024-09-12T02:08:30.956-0300] {logging_mixin.py:190} INFO - [2024-09-12T02:08:30.956-0300] {dag.py:4156} INFO - Setting next_dagrun for example_subdag_operator.section-2 to None, run_after=None
[2024-09-12T02:08:30.968-0300] {processor.py:208} INFO - Processing /home/gabzarp/.local/lib/python3.10/site-packages/airflow/example_dags/example_subdag_operator.py took 0.068 seconds
[2024-09-12T02:09:20.756-0300] {processor.py:186} INFO - Started process (PID=17430) to work on /home/gabzarp/.local/lib/python3.10/site-packages/airflow/example_dags/example_subdag_operator.py
[2024-09-12T02:09:20.757-0300] {processor.py:914} INFO - Processing file /home/gabzarp/.local/lib/python3.10/site-packages/airflow/example_dags/example_subdag_operator.py for tasks to queue
[2024-09-12T02:09:20.758-0300] {logging_mixin.py:190} INFO - [2024-09-12T02:09:20.757-0300] {dagbag.py:587} INFO - Filling up the DagBag from /home/gabzarp/.local/lib/python3.10/site-packages/airflow/example_dags/example_subdag_operator.py
[2024-09-12T02:09:20.773-0300] {processor.py:925} INFO - DAG(s) 'example_subdag_operator.section-1', 'example_subdag_operator.section-2', 'example_subdag_operator' retrieved from /home/gabzarp/.local/lib/python3.10/site-packages/airflow/example_dags/example_subdag_operator.py
[2024-09-12T02:09:20.783-0300] {logging_mixin.py:190} INFO - [2024-09-12T02:09:20.783-0300] {dag.py:3229} INFO - Sync 3 DAGs
[2024-09-12T02:09:20.795-0300] {logging_mixin.py:190} INFO - [2024-09-12T02:09:20.795-0300] {dag.py:4156} INFO - Setting next_dagrun for example_subdag_operator to 2022-01-01 00:00:00+00:00, run_after=2022-01-01 00:00:00+00:00
[2024-09-12T02:09:20.797-0300] {logging_mixin.py:190} INFO - [2024-09-12T02:09:20.797-0300] {dag.py:4156} INFO - Setting next_dagrun for example_subdag_operator.section-1 to None, run_after=None
[2024-09-12T02:09:20.798-0300] {logging_mixin.py:190} INFO - [2024-09-12T02:09:20.798-0300] {dag.py:4156} INFO - Setting next_dagrun for example_subdag_operator.section-2 to None, run_after=None
[2024-09-12T02:09:20.802-0300] {logging_mixin.py:190} INFO - [2024-09-12T02:09:20.801-0300] {dag.py:3229} INFO - Sync 2 DAGs
[2024-09-12T02:09:20.804-0300] {logging_mixin.py:190} INFO - [2024-09-12T02:09:20.804-0300] {dag.py:4156} INFO - Setting next_dagrun for example_subdag_operator.section-1 to None, run_after=None
[2024-09-12T02:09:20.805-0300] {logging_mixin.py:190} INFO - [2024-09-12T02:09:20.805-0300] {dag.py:4156} INFO - Setting next_dagrun for example_subdag_operator.section-2 to None, run_after=None
[2024-09-12T02:09:20.816-0300] {processor.py:208} INFO - Processing /home/gabzarp/.local/lib/python3.10/site-packages/airflow/example_dags/example_subdag_operator.py took 0.064 seconds
