[2024-09-12T01:40:13.697-0300] {processor.py:186} INFO - Started process (PID=2792) to work on /home/gabzarp/.local/lib/python3.10/site-packages/airflow/example_dags/example_dynamic_task_mapping_with_no_taskflow_operators.py
[2024-09-12T01:40:13.698-0300] {processor.py:914} INFO - Processing file /home/gabzarp/.local/lib/python3.10/site-packages/airflow/example_dags/example_dynamic_task_mapping_with_no_taskflow_operators.py for tasks to queue
[2024-09-12T01:40:13.699-0300] {logging_mixin.py:190} INFO - [2024-09-12T01:40:13.699-0300] {dagbag.py:587} INFO - Filling up the DagBag from /home/gabzarp/.local/lib/python3.10/site-packages/airflow/example_dags/example_dynamic_task_mapping_with_no_taskflow_operators.py
[2024-09-12T01:40:13.703-0300] {processor.py:925} INFO - DAG(s) 'example_dynamic_task_mapping_with_no_taskflow_operators' retrieved from /home/gabzarp/.local/lib/python3.10/site-packages/airflow/example_dags/example_dynamic_task_mapping_with_no_taskflow_operators.py
[2024-09-12T01:40:13.767-0300] {logging_mixin.py:190} INFO - [2024-09-12T01:40:13.766-0300] {override.py:1900} INFO - Created Permission View: can edit on DAG:example_dynamic_task_mapping_with_no_taskflow_operators
[2024-09-12T01:40:13.776-0300] {logging_mixin.py:190} INFO - [2024-09-12T01:40:13.775-0300] {override.py:1900} INFO - Created Permission View: can read on DAG:example_dynamic_task_mapping_with_no_taskflow_operators
[2024-09-12T01:40:13.783-0300] {logging_mixin.py:190} INFO - [2024-09-12T01:40:13.783-0300] {override.py:1900} INFO - Created Permission View: can delete on DAG:example_dynamic_task_mapping_with_no_taskflow_operators
[2024-09-12T01:40:13.795-0300] {logging_mixin.py:190} INFO - [2024-09-12T01:40:13.794-0300] {override.py:1900} INFO - Created Permission View: can read on DAG Run:example_dynamic_task_mapping_with_no_taskflow_operators
[2024-09-12T01:40:13.802-0300] {logging_mixin.py:190} INFO - [2024-09-12T01:40:13.801-0300] {override.py:1900} INFO - Created Permission View: can create on DAG Run:example_dynamic_task_mapping_with_no_taskflow_operators
[2024-09-12T01:40:13.809-0300] {logging_mixin.py:190} INFO - [2024-09-12T01:40:13.808-0300] {override.py:1900} INFO - Created Permission View: menu access on DAG Run:example_dynamic_task_mapping_with_no_taskflow_operators
[2024-09-12T01:40:13.816-0300] {logging_mixin.py:190} INFO - [2024-09-12T01:40:13.815-0300] {override.py:1900} INFO - Created Permission View: can delete on DAG Run:example_dynamic_task_mapping_with_no_taskflow_operators
[2024-09-12T01:40:13.816-0300] {logging_mixin.py:190} INFO - [2024-09-12T01:40:13.816-0300] {dag.py:3229} INFO - Sync 1 DAGs
[2024-09-12T01:40:13.823-0300] {logging_mixin.py:190} INFO - [2024-09-12T01:40:13.823-0300] {dag.py:3252} INFO - Creating ORM DAG for example_dynamic_task_mapping_with_no_taskflow_operators
[2024-09-12T01:40:13.823-0300] {logging_mixin.py:190} INFO - [2024-09-12T01:40:13.823-0300] {dag.py:4156} INFO - Setting next_dagrun for example_dynamic_task_mapping_with_no_taskflow_operators to None, run_after=None
[2024-09-12T01:40:13.836-0300] {processor.py:208} INFO - Processing /home/gabzarp/.local/lib/python3.10/site-packages/airflow/example_dags/example_dynamic_task_mapping_with_no_taskflow_operators.py took 0.142 seconds
[2024-09-12T01:41:07.584-0300] {processor.py:186} INFO - Started process (PID=3067) to work on /home/gabzarp/.local/lib/python3.10/site-packages/airflow/example_dags/example_dynamic_task_mapping_with_no_taskflow_operators.py
[2024-09-12T01:41:07.585-0300] {processor.py:914} INFO - Processing file /home/gabzarp/.local/lib/python3.10/site-packages/airflow/example_dags/example_dynamic_task_mapping_with_no_taskflow_operators.py for tasks to queue
[2024-09-12T01:41:07.586-0300] {logging_mixin.py:190} INFO - [2024-09-12T01:41:07.586-0300] {dagbag.py:587} INFO - Filling up the DagBag from /home/gabzarp/.local/lib/python3.10/site-packages/airflow/example_dags/example_dynamic_task_mapping_with_no_taskflow_operators.py
[2024-09-12T01:41:07.591-0300] {processor.py:925} INFO - DAG(s) 'example_dynamic_task_mapping_with_no_taskflow_operators' retrieved from /home/gabzarp/.local/lib/python3.10/site-packages/airflow/example_dags/example_dynamic_task_mapping_with_no_taskflow_operators.py
[2024-09-12T01:41:07.602-0300] {logging_mixin.py:190} INFO - [2024-09-12T01:41:07.602-0300] {dag.py:3229} INFO - Sync 1 DAGs
[2024-09-12T01:41:07.610-0300] {logging_mixin.py:190} INFO - [2024-09-12T01:41:07.610-0300] {dag.py:4156} INFO - Setting next_dagrun for example_dynamic_task_mapping_with_no_taskflow_operators to None, run_after=None
[2024-09-12T01:41:07.624-0300] {processor.py:208} INFO - Processing /home/gabzarp/.local/lib/python3.10/site-packages/airflow/example_dags/example_dynamic_task_mapping_with_no_taskflow_operators.py took 0.043 seconds
[2024-09-12T01:42:22.109-0300] {processor.py:186} INFO - Started process (PID=3521) to work on /home/gabzarp/.local/lib/python3.10/site-packages/airflow/example_dags/example_dynamic_task_mapping_with_no_taskflow_operators.py
[2024-09-12T01:42:22.110-0300] {processor.py:914} INFO - Processing file /home/gabzarp/.local/lib/python3.10/site-packages/airflow/example_dags/example_dynamic_task_mapping_with_no_taskflow_operators.py for tasks to queue
[2024-09-12T01:42:22.112-0300] {logging_mixin.py:190} INFO - [2024-09-12T01:42:22.111-0300] {dagbag.py:587} INFO - Filling up the DagBag from /home/gabzarp/.local/lib/python3.10/site-packages/airflow/example_dags/example_dynamic_task_mapping_with_no_taskflow_operators.py
[2024-09-12T01:42:22.116-0300] {processor.py:925} INFO - DAG(s) 'example_dynamic_task_mapping_with_no_taskflow_operators' retrieved from /home/gabzarp/.local/lib/python3.10/site-packages/airflow/example_dags/example_dynamic_task_mapping_with_no_taskflow_operators.py
[2024-09-12T01:42:22.126-0300] {logging_mixin.py:190} INFO - [2024-09-12T01:42:22.125-0300] {dag.py:3229} INFO - Sync 1 DAGs
[2024-09-12T01:42:22.133-0300] {logging_mixin.py:190} INFO - [2024-09-12T01:42:22.133-0300] {dag.py:4156} INFO - Setting next_dagrun for example_dynamic_task_mapping_with_no_taskflow_operators to None, run_after=None
[2024-09-12T01:42:22.146-0300] {processor.py:208} INFO - Processing /home/gabzarp/.local/lib/python3.10/site-packages/airflow/example_dags/example_dynamic_task_mapping_with_no_taskflow_operators.py took 0.040 seconds
[2024-09-12T01:43:34.630-0300] {processor.py:186} INFO - Started process (PID=3886) to work on /home/gabzarp/.local/lib/python3.10/site-packages/airflow/example_dags/example_dynamic_task_mapping_with_no_taskflow_operators.py
[2024-09-12T01:43:34.631-0300] {processor.py:914} INFO - Processing file /home/gabzarp/.local/lib/python3.10/site-packages/airflow/example_dags/example_dynamic_task_mapping_with_no_taskflow_operators.py for tasks to queue
[2024-09-12T01:43:34.632-0300] {logging_mixin.py:190} INFO - [2024-09-12T01:43:34.632-0300] {dagbag.py:587} INFO - Filling up the DagBag from /home/gabzarp/.local/lib/python3.10/site-packages/airflow/example_dags/example_dynamic_task_mapping_with_no_taskflow_operators.py
[2024-09-12T01:43:34.636-0300] {processor.py:925} INFO - DAG(s) 'example_dynamic_task_mapping_with_no_taskflow_operators' retrieved from /home/gabzarp/.local/lib/python3.10/site-packages/airflow/example_dags/example_dynamic_task_mapping_with_no_taskflow_operators.py
[2024-09-12T01:43:34.645-0300] {logging_mixin.py:190} INFO - [2024-09-12T01:43:34.645-0300] {dag.py:3229} INFO - Sync 1 DAGs
[2024-09-12T01:43:34.653-0300] {logging_mixin.py:190} INFO - [2024-09-12T01:43:34.653-0300] {dag.py:4156} INFO - Setting next_dagrun for example_dynamic_task_mapping_with_no_taskflow_operators to None, run_after=None
[2024-09-12T01:43:34.771-0300] {processor.py:208} INFO - Processing /home/gabzarp/.local/lib/python3.10/site-packages/airflow/example_dags/example_dynamic_task_mapping_with_no_taskflow_operators.py took 0.145 seconds
[2024-09-12T01:45:18.513-0300] {processor.py:186} INFO - Started process (PID=5183) to work on /home/gabzarp/.local/lib/python3.10/site-packages/airflow/example_dags/example_dynamic_task_mapping_with_no_taskflow_operators.py
[2024-09-12T01:45:18.515-0300] {processor.py:914} INFO - Processing file /home/gabzarp/.local/lib/python3.10/site-packages/airflow/example_dags/example_dynamic_task_mapping_with_no_taskflow_operators.py for tasks to queue
[2024-09-12T01:45:18.517-0300] {logging_mixin.py:190} INFO - [2024-09-12T01:45:18.517-0300] {dagbag.py:587} INFO - Filling up the DagBag from /home/gabzarp/.local/lib/python3.10/site-packages/airflow/example_dags/example_dynamic_task_mapping_with_no_taskflow_operators.py
[2024-09-12T01:45:18.526-0300] {processor.py:925} INFO - DAG(s) 'example_dynamic_task_mapping_with_no_taskflow_operators' retrieved from /home/gabzarp/.local/lib/python3.10/site-packages/airflow/example_dags/example_dynamic_task_mapping_with_no_taskflow_operators.py
[2024-09-12T01:45:18.540-0300] {logging_mixin.py:190} INFO - [2024-09-12T01:45:18.540-0300] {dag.py:3229} INFO - Sync 1 DAGs
[2024-09-12T01:45:18.551-0300] {logging_mixin.py:190} INFO - [2024-09-12T01:45:18.550-0300] {dag.py:4156} INFO - Setting next_dagrun for example_dynamic_task_mapping_with_no_taskflow_operators to None, run_after=None
[2024-09-12T01:45:18.570-0300] {processor.py:208} INFO - Processing /home/gabzarp/.local/lib/python3.10/site-packages/airflow/example_dags/example_dynamic_task_mapping_with_no_taskflow_operators.py took 0.062 seconds
[2024-09-12T01:46:34.646-0300] {processor.py:186} INFO - Started process (PID=5792) to work on /home/gabzarp/.local/lib/python3.10/site-packages/airflow/example_dags/example_dynamic_task_mapping_with_no_taskflow_operators.py
[2024-09-12T01:46:34.647-0300] {processor.py:914} INFO - Processing file /home/gabzarp/.local/lib/python3.10/site-packages/airflow/example_dags/example_dynamic_task_mapping_with_no_taskflow_operators.py for tasks to queue
[2024-09-12T01:46:34.649-0300] {logging_mixin.py:190} INFO - [2024-09-12T01:46:34.649-0300] {dagbag.py:587} INFO - Filling up the DagBag from /home/gabzarp/.local/lib/python3.10/site-packages/airflow/example_dags/example_dynamic_task_mapping_with_no_taskflow_operators.py
[2024-09-12T01:46:34.653-0300] {processor.py:925} INFO - DAG(s) 'example_dynamic_task_mapping_with_no_taskflow_operators' retrieved from /home/gabzarp/.local/lib/python3.10/site-packages/airflow/example_dags/example_dynamic_task_mapping_with_no_taskflow_operators.py
[2024-09-12T01:46:34.662-0300] {logging_mixin.py:190} INFO - [2024-09-12T01:46:34.662-0300] {dag.py:3229} INFO - Sync 1 DAGs
[2024-09-12T01:46:34.670-0300] {logging_mixin.py:190} INFO - [2024-09-12T01:46:34.670-0300] {dag.py:4156} INFO - Setting next_dagrun for example_dynamic_task_mapping_with_no_taskflow_operators to None, run_after=None
[2024-09-12T01:46:34.685-0300] {processor.py:208} INFO - Processing /home/gabzarp/.local/lib/python3.10/site-packages/airflow/example_dags/example_dynamic_task_mapping_with_no_taskflow_operators.py took 0.042 seconds
[2024-09-12T01:47:45.172-0300] {processor.py:186} INFO - Started process (PID=6356) to work on /home/gabzarp/.local/lib/python3.10/site-packages/airflow/example_dags/example_dynamic_task_mapping_with_no_taskflow_operators.py
[2024-09-12T01:47:45.173-0300] {processor.py:914} INFO - Processing file /home/gabzarp/.local/lib/python3.10/site-packages/airflow/example_dags/example_dynamic_task_mapping_with_no_taskflow_operators.py for tasks to queue
[2024-09-12T01:47:45.175-0300] {logging_mixin.py:190} INFO - [2024-09-12T01:47:45.174-0300] {dagbag.py:587} INFO - Filling up the DagBag from /home/gabzarp/.local/lib/python3.10/site-packages/airflow/example_dags/example_dynamic_task_mapping_with_no_taskflow_operators.py
[2024-09-12T01:47:45.180-0300] {processor.py:925} INFO - DAG(s) 'example_dynamic_task_mapping_with_no_taskflow_operators' retrieved from /home/gabzarp/.local/lib/python3.10/site-packages/airflow/example_dags/example_dynamic_task_mapping_with_no_taskflow_operators.py
[2024-09-12T01:47:45.190-0300] {logging_mixin.py:190} INFO - [2024-09-12T01:47:45.189-0300] {dag.py:3229} INFO - Sync 1 DAGs
[2024-09-12T01:47:45.198-0300] {logging_mixin.py:190} INFO - [2024-09-12T01:47:45.198-0300] {dag.py:4156} INFO - Setting next_dagrun for example_dynamic_task_mapping_with_no_taskflow_operators to None, run_after=None
[2024-09-12T01:47:45.213-0300] {processor.py:208} INFO - Processing /home/gabzarp/.local/lib/python3.10/site-packages/airflow/example_dags/example_dynamic_task_mapping_with_no_taskflow_operators.py took 0.045 seconds
[2024-09-12T01:49:01.150-0300] {processor.py:186} INFO - Started process (PID=7095) to work on /home/gabzarp/.local/lib/python3.10/site-packages/airflow/example_dags/example_dynamic_task_mapping_with_no_taskflow_operators.py
[2024-09-12T01:49:01.155-0300] {processor.py:914} INFO - Processing file /home/gabzarp/.local/lib/python3.10/site-packages/airflow/example_dags/example_dynamic_task_mapping_with_no_taskflow_operators.py for tasks to queue
[2024-09-12T01:49:01.156-0300] {logging_mixin.py:190} INFO - [2024-09-12T01:49:01.156-0300] {dagbag.py:587} INFO - Filling up the DagBag from /home/gabzarp/.local/lib/python3.10/site-packages/airflow/example_dags/example_dynamic_task_mapping_with_no_taskflow_operators.py
[2024-09-12T01:49:01.161-0300] {processor.py:925} INFO - DAG(s) 'example_dynamic_task_mapping_with_no_taskflow_operators' retrieved from /home/gabzarp/.local/lib/python3.10/site-packages/airflow/example_dags/example_dynamic_task_mapping_with_no_taskflow_operators.py
[2024-09-12T01:49:01.170-0300] {logging_mixin.py:190} INFO - [2024-09-12T01:49:01.170-0300] {dag.py:3229} INFO - Sync 1 DAGs
[2024-09-12T01:49:01.178-0300] {logging_mixin.py:190} INFO - [2024-09-12T01:49:01.178-0300] {dag.py:4156} INFO - Setting next_dagrun for example_dynamic_task_mapping_with_no_taskflow_operators to None, run_after=None
[2024-09-12T01:49:01.194-0300] {processor.py:208} INFO - Processing /home/gabzarp/.local/lib/python3.10/site-packages/airflow/example_dags/example_dynamic_task_mapping_with_no_taskflow_operators.py took 0.047 seconds
[2024-09-12T01:50:16.633-0300] {processor.py:186} INFO - Started process (PID=7780) to work on /home/gabzarp/.local/lib/python3.10/site-packages/airflow/example_dags/example_dynamic_task_mapping_with_no_taskflow_operators.py
[2024-09-12T01:50:16.634-0300] {processor.py:914} INFO - Processing file /home/gabzarp/.local/lib/python3.10/site-packages/airflow/example_dags/example_dynamic_task_mapping_with_no_taskflow_operators.py for tasks to queue
[2024-09-12T01:50:16.634-0300] {logging_mixin.py:190} INFO - [2024-09-12T01:50:16.634-0300] {dagbag.py:587} INFO - Filling up the DagBag from /home/gabzarp/.local/lib/python3.10/site-packages/airflow/example_dags/example_dynamic_task_mapping_with_no_taskflow_operators.py
[2024-09-12T01:50:16.639-0300] {processor.py:925} INFO - DAG(s) 'example_dynamic_task_mapping_with_no_taskflow_operators' retrieved from /home/gabzarp/.local/lib/python3.10/site-packages/airflow/example_dags/example_dynamic_task_mapping_with_no_taskflow_operators.py
[2024-09-12T01:50:16.648-0300] {logging_mixin.py:190} INFO - [2024-09-12T01:50:16.647-0300] {dag.py:3229} INFO - Sync 1 DAGs
[2024-09-12T01:50:16.656-0300] {logging_mixin.py:190} INFO - [2024-09-12T01:50:16.656-0300] {dag.py:4156} INFO - Setting next_dagrun for example_dynamic_task_mapping_with_no_taskflow_operators to None, run_after=None
[2024-09-12T01:50:16.669-0300] {processor.py:208} INFO - Processing /home/gabzarp/.local/lib/python3.10/site-packages/airflow/example_dags/example_dynamic_task_mapping_with_no_taskflow_operators.py took 0.040 seconds
[2024-09-12T01:51:28.684-0300] {processor.py:186} INFO - Started process (PID=8389) to work on /home/gabzarp/.local/lib/python3.10/site-packages/airflow/example_dags/example_dynamic_task_mapping_with_no_taskflow_operators.py
[2024-09-12T01:51:28.686-0300] {processor.py:914} INFO - Processing file /home/gabzarp/.local/lib/python3.10/site-packages/airflow/example_dags/example_dynamic_task_mapping_with_no_taskflow_operators.py for tasks to queue
[2024-09-12T01:51:28.687-0300] {logging_mixin.py:190} INFO - [2024-09-12T01:51:28.686-0300] {dagbag.py:587} INFO - Filling up the DagBag from /home/gabzarp/.local/lib/python3.10/site-packages/airflow/example_dags/example_dynamic_task_mapping_with_no_taskflow_operators.py
[2024-09-12T01:51:28.691-0300] {processor.py:925} INFO - DAG(s) 'example_dynamic_task_mapping_with_no_taskflow_operators' retrieved from /home/gabzarp/.local/lib/python3.10/site-packages/airflow/example_dags/example_dynamic_task_mapping_with_no_taskflow_operators.py
[2024-09-12T01:51:28.701-0300] {logging_mixin.py:190} INFO - [2024-09-12T01:51:28.701-0300] {dag.py:3229} INFO - Sync 1 DAGs
[2024-09-12T01:51:28.709-0300] {logging_mixin.py:190} INFO - [2024-09-12T01:51:28.709-0300] {dag.py:4156} INFO - Setting next_dagrun for example_dynamic_task_mapping_with_no_taskflow_operators to None, run_after=None
[2024-09-12T01:51:28.723-0300] {processor.py:208} INFO - Processing /home/gabzarp/.local/lib/python3.10/site-packages/airflow/example_dags/example_dynamic_task_mapping_with_no_taskflow_operators.py took 0.042 seconds
[2024-09-12T01:52:45.815-0300] {processor.py:186} INFO - Started process (PID=9201) to work on /home/gabzarp/.local/lib/python3.10/site-packages/airflow/example_dags/example_dynamic_task_mapping_with_no_taskflow_operators.py
[2024-09-12T01:52:45.816-0300] {processor.py:914} INFO - Processing file /home/gabzarp/.local/lib/python3.10/site-packages/airflow/example_dags/example_dynamic_task_mapping_with_no_taskflow_operators.py for tasks to queue
[2024-09-12T01:52:45.816-0300] {logging_mixin.py:190} INFO - [2024-09-12T01:52:45.816-0300] {dagbag.py:587} INFO - Filling up the DagBag from /home/gabzarp/.local/lib/python3.10/site-packages/airflow/example_dags/example_dynamic_task_mapping_with_no_taskflow_operators.py
[2024-09-12T01:52:45.821-0300] {processor.py:925} INFO - DAG(s) 'example_dynamic_task_mapping_with_no_taskflow_operators' retrieved from /home/gabzarp/.local/lib/python3.10/site-packages/airflow/example_dags/example_dynamic_task_mapping_with_no_taskflow_operators.py
[2024-09-12T01:52:45.831-0300] {logging_mixin.py:190} INFO - [2024-09-12T01:52:45.830-0300] {dag.py:3229} INFO - Sync 1 DAGs
[2024-09-12T01:52:45.838-0300] {logging_mixin.py:190} INFO - [2024-09-12T01:52:45.838-0300] {dag.py:4156} INFO - Setting next_dagrun for example_dynamic_task_mapping_with_no_taskflow_operators to None, run_after=None
[2024-09-12T01:52:45.852-0300] {processor.py:208} INFO - Processing /home/gabzarp/.local/lib/python3.10/site-packages/airflow/example_dags/example_dynamic_task_mapping_with_no_taskflow_operators.py took 0.040 seconds
[2024-09-12T01:54:04.764-0300] {processor.py:186} INFO - Started process (PID=9911) to work on /home/gabzarp/.local/lib/python3.10/site-packages/airflow/example_dags/example_dynamic_task_mapping_with_no_taskflow_operators.py
[2024-09-12T01:54:04.765-0300] {processor.py:914} INFO - Processing file /home/gabzarp/.local/lib/python3.10/site-packages/airflow/example_dags/example_dynamic_task_mapping_with_no_taskflow_operators.py for tasks to queue
[2024-09-12T01:54:04.766-0300] {logging_mixin.py:190} INFO - [2024-09-12T01:54:04.766-0300] {dagbag.py:587} INFO - Filling up the DagBag from /home/gabzarp/.local/lib/python3.10/site-packages/airflow/example_dags/example_dynamic_task_mapping_with_no_taskflow_operators.py
[2024-09-12T01:54:04.771-0300] {processor.py:925} INFO - DAG(s) 'example_dynamic_task_mapping_with_no_taskflow_operators' retrieved from /home/gabzarp/.local/lib/python3.10/site-packages/airflow/example_dags/example_dynamic_task_mapping_with_no_taskflow_operators.py
[2024-09-12T01:54:04.782-0300] {logging_mixin.py:190} INFO - [2024-09-12T01:54:04.782-0300] {dag.py:3229} INFO - Sync 1 DAGs
[2024-09-12T01:54:04.791-0300] {logging_mixin.py:190} INFO - [2024-09-12T01:54:04.791-0300] {dag.py:4156} INFO - Setting next_dagrun for example_dynamic_task_mapping_with_no_taskflow_operators to None, run_after=None
[2024-09-12T01:54:04.807-0300] {processor.py:208} INFO - Processing /home/gabzarp/.local/lib/python3.10/site-packages/airflow/example_dags/example_dynamic_task_mapping_with_no_taskflow_operators.py took 0.046 seconds
[2024-09-12T01:55:21.498-0300] {processor.py:186} INFO - Started process (PID=10526) to work on /home/gabzarp/.local/lib/python3.10/site-packages/airflow/example_dags/example_dynamic_task_mapping_with_no_taskflow_operators.py
[2024-09-12T01:55:21.499-0300] {processor.py:914} INFO - Processing file /home/gabzarp/.local/lib/python3.10/site-packages/airflow/example_dags/example_dynamic_task_mapping_with_no_taskflow_operators.py for tasks to queue
[2024-09-12T01:55:21.500-0300] {logging_mixin.py:190} INFO - [2024-09-12T01:55:21.500-0300] {dagbag.py:587} INFO - Filling up the DagBag from /home/gabzarp/.local/lib/python3.10/site-packages/airflow/example_dags/example_dynamic_task_mapping_with_no_taskflow_operators.py
[2024-09-12T01:55:21.505-0300] {processor.py:925} INFO - DAG(s) 'example_dynamic_task_mapping_with_no_taskflow_operators' retrieved from /home/gabzarp/.local/lib/python3.10/site-packages/airflow/example_dags/example_dynamic_task_mapping_with_no_taskflow_operators.py
[2024-09-12T01:55:21.515-0300] {logging_mixin.py:190} INFO - [2024-09-12T01:55:21.515-0300] {dag.py:3229} INFO - Sync 1 DAGs
[2024-09-12T01:55:21.523-0300] {logging_mixin.py:190} INFO - [2024-09-12T01:55:21.523-0300] {dag.py:4156} INFO - Setting next_dagrun for example_dynamic_task_mapping_with_no_taskflow_operators to None, run_after=None
[2024-09-12T01:55:21.538-0300] {processor.py:208} INFO - Processing /home/gabzarp/.local/lib/python3.10/site-packages/airflow/example_dags/example_dynamic_task_mapping_with_no_taskflow_operators.py took 0.043 seconds
[2024-09-12T01:56:44.382-0300] {processor.py:186} INFO - Started process (PID=11204) to work on /home/gabzarp/.local/lib/python3.10/site-packages/airflow/example_dags/example_dynamic_task_mapping_with_no_taskflow_operators.py
[2024-09-12T01:56:44.383-0300] {processor.py:914} INFO - Processing file /home/gabzarp/.local/lib/python3.10/site-packages/airflow/example_dags/example_dynamic_task_mapping_with_no_taskflow_operators.py for tasks to queue
[2024-09-12T01:56:44.384-0300] {logging_mixin.py:190} INFO - [2024-09-12T01:56:44.384-0300] {dagbag.py:587} INFO - Filling up the DagBag from /home/gabzarp/.local/lib/python3.10/site-packages/airflow/example_dags/example_dynamic_task_mapping_with_no_taskflow_operators.py
[2024-09-12T01:56:44.389-0300] {processor.py:925} INFO - DAG(s) 'example_dynamic_task_mapping_with_no_taskflow_operators' retrieved from /home/gabzarp/.local/lib/python3.10/site-packages/airflow/example_dags/example_dynamic_task_mapping_with_no_taskflow_operators.py
[2024-09-12T01:56:44.399-0300] {logging_mixin.py:190} INFO - [2024-09-12T01:56:44.399-0300] {dag.py:3229} INFO - Sync 1 DAGs
[2024-09-12T01:56:44.408-0300] {logging_mixin.py:190} INFO - [2024-09-12T01:56:44.408-0300] {dag.py:4156} INFO - Setting next_dagrun for example_dynamic_task_mapping_with_no_taskflow_operators to None, run_after=None
[2024-09-12T01:56:44.422-0300] {processor.py:208} INFO - Processing /home/gabzarp/.local/lib/python3.10/site-packages/airflow/example_dags/example_dynamic_task_mapping_with_no_taskflow_operators.py took 0.043 seconds
[2024-09-12T01:58:04.833-0300] {processor.py:186} INFO - Started process (PID=11893) to work on /home/gabzarp/.local/lib/python3.10/site-packages/airflow/example_dags/example_dynamic_task_mapping_with_no_taskflow_operators.py
[2024-09-12T01:58:04.834-0300] {processor.py:914} INFO - Processing file /home/gabzarp/.local/lib/python3.10/site-packages/airflow/example_dags/example_dynamic_task_mapping_with_no_taskflow_operators.py for tasks to queue
[2024-09-12T01:58:04.835-0300] {logging_mixin.py:190} INFO - [2024-09-12T01:58:04.835-0300] {dagbag.py:587} INFO - Filling up the DagBag from /home/gabzarp/.local/lib/python3.10/site-packages/airflow/example_dags/example_dynamic_task_mapping_with_no_taskflow_operators.py
[2024-09-12T01:58:04.840-0300] {processor.py:925} INFO - DAG(s) 'example_dynamic_task_mapping_with_no_taskflow_operators' retrieved from /home/gabzarp/.local/lib/python3.10/site-packages/airflow/example_dags/example_dynamic_task_mapping_with_no_taskflow_operators.py
[2024-09-12T01:58:04.851-0300] {logging_mixin.py:190} INFO - [2024-09-12T01:58:04.850-0300] {dag.py:3229} INFO - Sync 1 DAGs
[2024-09-12T01:58:04.859-0300] {logging_mixin.py:190} INFO - [2024-09-12T01:58:04.858-0300] {dag.py:4156} INFO - Setting next_dagrun for example_dynamic_task_mapping_with_no_taskflow_operators to None, run_after=None
[2024-09-12T01:58:04.909-0300] {processor.py:208} INFO - Processing /home/gabzarp/.local/lib/python3.10/site-packages/airflow/example_dags/example_dynamic_task_mapping_with_no_taskflow_operators.py took 0.079 seconds
[2024-09-12T01:59:24.870-0300] {processor.py:186} INFO - Started process (PID=12525) to work on /home/gabzarp/.local/lib/python3.10/site-packages/airflow/example_dags/example_dynamic_task_mapping_with_no_taskflow_operators.py
[2024-09-12T01:59:24.871-0300] {processor.py:914} INFO - Processing file /home/gabzarp/.local/lib/python3.10/site-packages/airflow/example_dags/example_dynamic_task_mapping_with_no_taskflow_operators.py for tasks to queue
[2024-09-12T01:59:24.872-0300] {logging_mixin.py:190} INFO - [2024-09-12T01:59:24.872-0300] {dagbag.py:587} INFO - Filling up the DagBag from /home/gabzarp/.local/lib/python3.10/site-packages/airflow/example_dags/example_dynamic_task_mapping_with_no_taskflow_operators.py
[2024-09-12T01:59:24.877-0300] {processor.py:925} INFO - DAG(s) 'example_dynamic_task_mapping_with_no_taskflow_operators' retrieved from /home/gabzarp/.local/lib/python3.10/site-packages/airflow/example_dags/example_dynamic_task_mapping_with_no_taskflow_operators.py
[2024-09-12T01:59:24.886-0300] {logging_mixin.py:190} INFO - [2024-09-12T01:59:24.886-0300] {dag.py:3229} INFO - Sync 1 DAGs
[2024-09-12T01:59:24.895-0300] {logging_mixin.py:190} INFO - [2024-09-12T01:59:24.894-0300] {dag.py:4156} INFO - Setting next_dagrun for example_dynamic_task_mapping_with_no_taskflow_operators to None, run_after=None
[2024-09-12T01:59:24.909-0300] {processor.py:208} INFO - Processing /home/gabzarp/.local/lib/python3.10/site-packages/airflow/example_dags/example_dynamic_task_mapping_with_no_taskflow_operators.py took 0.043 seconds
[2024-09-12T02:00:40.923-0300] {processor.py:186} INFO - Started process (PID=13231) to work on /home/gabzarp/.local/lib/python3.10/site-packages/airflow/example_dags/example_dynamic_task_mapping_with_no_taskflow_operators.py
[2024-09-12T02:00:40.924-0300] {processor.py:914} INFO - Processing file /home/gabzarp/.local/lib/python3.10/site-packages/airflow/example_dags/example_dynamic_task_mapping_with_no_taskflow_operators.py for tasks to queue
[2024-09-12T02:00:40.925-0300] {logging_mixin.py:190} INFO - [2024-09-12T02:00:40.925-0300] {dagbag.py:587} INFO - Filling up the DagBag from /home/gabzarp/.local/lib/python3.10/site-packages/airflow/example_dags/example_dynamic_task_mapping_with_no_taskflow_operators.py
[2024-09-12T02:00:40.930-0300] {processor.py:925} INFO - DAG(s) 'example_dynamic_task_mapping_with_no_taskflow_operators' retrieved from /home/gabzarp/.local/lib/python3.10/site-packages/airflow/example_dags/example_dynamic_task_mapping_with_no_taskflow_operators.py
[2024-09-12T02:00:40.939-0300] {logging_mixin.py:190} INFO - [2024-09-12T02:00:40.939-0300] {dag.py:3229} INFO - Sync 1 DAGs
[2024-09-12T02:00:40.948-0300] {logging_mixin.py:190} INFO - [2024-09-12T02:00:40.947-0300] {dag.py:4156} INFO - Setting next_dagrun for example_dynamic_task_mapping_with_no_taskflow_operators to None, run_after=None
[2024-09-12T02:00:40.962-0300] {processor.py:208} INFO - Processing /home/gabzarp/.local/lib/python3.10/site-packages/airflow/example_dags/example_dynamic_task_mapping_with_no_taskflow_operators.py took 0.042 seconds
[2024-09-12T02:01:56.889-0300] {processor.py:186} INFO - Started process (PID=13881) to work on /home/gabzarp/.local/lib/python3.10/site-packages/airflow/example_dags/example_dynamic_task_mapping_with_no_taskflow_operators.py
[2024-09-12T02:01:56.891-0300] {processor.py:914} INFO - Processing file /home/gabzarp/.local/lib/python3.10/site-packages/airflow/example_dags/example_dynamic_task_mapping_with_no_taskflow_operators.py for tasks to queue
[2024-09-12T02:01:56.892-0300] {logging_mixin.py:190} INFO - [2024-09-12T02:01:56.892-0300] {dagbag.py:587} INFO - Filling up the DagBag from /home/gabzarp/.local/lib/python3.10/site-packages/airflow/example_dags/example_dynamic_task_mapping_with_no_taskflow_operators.py
[2024-09-12T02:01:56.897-0300] {processor.py:925} INFO - DAG(s) 'example_dynamic_task_mapping_with_no_taskflow_operators' retrieved from /home/gabzarp/.local/lib/python3.10/site-packages/airflow/example_dags/example_dynamic_task_mapping_with_no_taskflow_operators.py
[2024-09-12T02:01:56.907-0300] {logging_mixin.py:190} INFO - [2024-09-12T02:01:56.907-0300] {dag.py:3229} INFO - Sync 1 DAGs
[2024-09-12T02:01:56.915-0300] {logging_mixin.py:190} INFO - [2024-09-12T02:01:56.915-0300] {dag.py:4156} INFO - Setting next_dagrun for example_dynamic_task_mapping_with_no_taskflow_operators to None, run_after=None
[2024-09-12T02:01:56.929-0300] {processor.py:208} INFO - Processing /home/gabzarp/.local/lib/python3.10/site-packages/airflow/example_dags/example_dynamic_task_mapping_with_no_taskflow_operators.py took 0.043 seconds
[2024-09-12T02:03:08.807-0300] {processor.py:186} INFO - Started process (PID=14493) to work on /home/gabzarp/.local/lib/python3.10/site-packages/airflow/example_dags/example_dynamic_task_mapping_with_no_taskflow_operators.py
[2024-09-12T02:03:08.808-0300] {processor.py:914} INFO - Processing file /home/gabzarp/.local/lib/python3.10/site-packages/airflow/example_dags/example_dynamic_task_mapping_with_no_taskflow_operators.py for tasks to queue
[2024-09-12T02:03:08.809-0300] {logging_mixin.py:190} INFO - [2024-09-12T02:03:08.808-0300] {dagbag.py:587} INFO - Filling up the DagBag from /home/gabzarp/.local/lib/python3.10/site-packages/airflow/example_dags/example_dynamic_task_mapping_with_no_taskflow_operators.py
[2024-09-12T02:03:08.813-0300] {processor.py:925} INFO - DAG(s) 'example_dynamic_task_mapping_with_no_taskflow_operators' retrieved from /home/gabzarp/.local/lib/python3.10/site-packages/airflow/example_dags/example_dynamic_task_mapping_with_no_taskflow_operators.py
[2024-09-12T02:03:08.822-0300] {logging_mixin.py:190} INFO - [2024-09-12T02:03:08.822-0300] {dag.py:3229} INFO - Sync 1 DAGs
[2024-09-12T02:03:08.831-0300] {logging_mixin.py:190} INFO - [2024-09-12T02:03:08.830-0300] {dag.py:4156} INFO - Setting next_dagrun for example_dynamic_task_mapping_with_no_taskflow_operators to None, run_after=None
[2024-09-12T02:03:08.844-0300] {processor.py:208} INFO - Processing /home/gabzarp/.local/lib/python3.10/site-packages/airflow/example_dags/example_dynamic_task_mapping_with_no_taskflow_operators.py took 0.041 seconds
[2024-09-12T02:04:27.146-0300] {processor.py:186} INFO - Started process (PID=15112) to work on /home/gabzarp/.local/lib/python3.10/site-packages/airflow/example_dags/example_dynamic_task_mapping_with_no_taskflow_operators.py
[2024-09-12T02:04:27.147-0300] {processor.py:914} INFO - Processing file /home/gabzarp/.local/lib/python3.10/site-packages/airflow/example_dags/example_dynamic_task_mapping_with_no_taskflow_operators.py for tasks to queue
[2024-09-12T02:04:27.148-0300] {logging_mixin.py:190} INFO - [2024-09-12T02:04:27.148-0300] {dagbag.py:587} INFO - Filling up the DagBag from /home/gabzarp/.local/lib/python3.10/site-packages/airflow/example_dags/example_dynamic_task_mapping_with_no_taskflow_operators.py
[2024-09-12T02:04:27.153-0300] {processor.py:925} INFO - DAG(s) 'example_dynamic_task_mapping_with_no_taskflow_operators' retrieved from /home/gabzarp/.local/lib/python3.10/site-packages/airflow/example_dags/example_dynamic_task_mapping_with_no_taskflow_operators.py
[2024-09-12T02:04:27.163-0300] {logging_mixin.py:190} INFO - [2024-09-12T02:04:27.163-0300] {dag.py:3229} INFO - Sync 1 DAGs
[2024-09-12T02:04:27.171-0300] {logging_mixin.py:190} INFO - [2024-09-12T02:04:27.171-0300] {dag.py:4156} INFO - Setting next_dagrun for example_dynamic_task_mapping_with_no_taskflow_operators to None, run_after=None
[2024-09-12T02:04:27.186-0300] {processor.py:208} INFO - Processing /home/gabzarp/.local/lib/python3.10/site-packages/airflow/example_dags/example_dynamic_task_mapping_with_no_taskflow_operators.py took 0.043 seconds
[2024-09-12T02:05:47.633-0300] {processor.py:186} INFO - Started process (PID=15744) to work on /home/gabzarp/.local/lib/python3.10/site-packages/airflow/example_dags/example_dynamic_task_mapping_with_no_taskflow_operators.py
[2024-09-12T02:05:47.634-0300] {processor.py:914} INFO - Processing file /home/gabzarp/.local/lib/python3.10/site-packages/airflow/example_dags/example_dynamic_task_mapping_with_no_taskflow_operators.py for tasks to queue
[2024-09-12T02:05:47.635-0300] {logging_mixin.py:190} INFO - [2024-09-12T02:05:47.634-0300] {dagbag.py:587} INFO - Filling up the DagBag from /home/gabzarp/.local/lib/python3.10/site-packages/airflow/example_dags/example_dynamic_task_mapping_with_no_taskflow_operators.py
[2024-09-12T02:05:47.639-0300] {processor.py:925} INFO - DAG(s) 'example_dynamic_task_mapping_with_no_taskflow_operators' retrieved from /home/gabzarp/.local/lib/python3.10/site-packages/airflow/example_dags/example_dynamic_task_mapping_with_no_taskflow_operators.py
[2024-09-12T02:05:47.649-0300] {logging_mixin.py:190} INFO - [2024-09-12T02:05:47.649-0300] {dag.py:3229} INFO - Sync 1 DAGs
[2024-09-12T02:05:47.657-0300] {logging_mixin.py:190} INFO - [2024-09-12T02:05:47.657-0300] {dag.py:4156} INFO - Setting next_dagrun for example_dynamic_task_mapping_with_no_taskflow_operators to None, run_after=None
[2024-09-12T02:05:47.672-0300] {processor.py:208} INFO - Processing /home/gabzarp/.local/lib/python3.10/site-packages/airflow/example_dags/example_dynamic_task_mapping_with_no_taskflow_operators.py took 0.044 seconds
[2024-09-12T02:07:02.433-0300] {processor.py:186} INFO - Started process (PID=16339) to work on /home/gabzarp/.local/lib/python3.10/site-packages/airflow/example_dags/example_dynamic_task_mapping_with_no_taskflow_operators.py
[2024-09-12T02:07:02.434-0300] {processor.py:914} INFO - Processing file /home/gabzarp/.local/lib/python3.10/site-packages/airflow/example_dags/example_dynamic_task_mapping_with_no_taskflow_operators.py for tasks to queue
[2024-09-12T02:07:02.434-0300] {logging_mixin.py:190} INFO - [2024-09-12T02:07:02.434-0300] {dagbag.py:587} INFO - Filling up the DagBag from /home/gabzarp/.local/lib/python3.10/site-packages/airflow/example_dags/example_dynamic_task_mapping_with_no_taskflow_operators.py
[2024-09-12T02:07:02.439-0300] {processor.py:925} INFO - DAG(s) 'example_dynamic_task_mapping_with_no_taskflow_operators' retrieved from /home/gabzarp/.local/lib/python3.10/site-packages/airflow/example_dags/example_dynamic_task_mapping_with_no_taskflow_operators.py
[2024-09-12T02:07:02.448-0300] {logging_mixin.py:190} INFO - [2024-09-12T02:07:02.448-0300] {dag.py:3229} INFO - Sync 1 DAGs
[2024-09-12T02:07:02.456-0300] {logging_mixin.py:190} INFO - [2024-09-12T02:07:02.456-0300] {dag.py:4156} INFO - Setting next_dagrun for example_dynamic_task_mapping_with_no_taskflow_operators to None, run_after=None
[2024-09-12T02:07:02.471-0300] {processor.py:208} INFO - Processing /home/gabzarp/.local/lib/python3.10/site-packages/airflow/example_dags/example_dynamic_task_mapping_with_no_taskflow_operators.py took 0.042 seconds
[2024-09-12T02:08:16.608-0300] {processor.py:186} INFO - Started process (PID=16923) to work on /home/gabzarp/.local/lib/python3.10/site-packages/airflow/example_dags/example_dynamic_task_mapping_with_no_taskflow_operators.py
[2024-09-12T02:08:16.609-0300] {processor.py:914} INFO - Processing file /home/gabzarp/.local/lib/python3.10/site-packages/airflow/example_dags/example_dynamic_task_mapping_with_no_taskflow_operators.py for tasks to queue
[2024-09-12T02:08:16.609-0300] {logging_mixin.py:190} INFO - [2024-09-12T02:08:16.609-0300] {dagbag.py:587} INFO - Filling up the DagBag from /home/gabzarp/.local/lib/python3.10/site-packages/airflow/example_dags/example_dynamic_task_mapping_with_no_taskflow_operators.py
[2024-09-12T02:08:16.614-0300] {processor.py:925} INFO - DAG(s) 'example_dynamic_task_mapping_with_no_taskflow_operators' retrieved from /home/gabzarp/.local/lib/python3.10/site-packages/airflow/example_dags/example_dynamic_task_mapping_with_no_taskflow_operators.py
[2024-09-12T02:08:16.624-0300] {logging_mixin.py:190} INFO - [2024-09-12T02:08:16.623-0300] {dag.py:3229} INFO - Sync 1 DAGs
[2024-09-12T02:08:16.632-0300] {logging_mixin.py:190} INFO - [2024-09-12T02:08:16.632-0300] {dag.py:4156} INFO - Setting next_dagrun for example_dynamic_task_mapping_with_no_taskflow_operators to None, run_after=None
[2024-09-12T02:08:16.652-0300] {processor.py:208} INFO - Processing /home/gabzarp/.local/lib/python3.10/site-packages/airflow/example_dags/example_dynamic_task_mapping_with_no_taskflow_operators.py took 0.048 seconds
[2024-09-12T02:09:32.126-0300] {processor.py:186} INFO - Started process (PID=17583) to work on /home/gabzarp/.local/lib/python3.10/site-packages/airflow/example_dags/example_dynamic_task_mapping_with_no_taskflow_operators.py
[2024-09-12T02:09:32.127-0300] {processor.py:914} INFO - Processing file /home/gabzarp/.local/lib/python3.10/site-packages/airflow/example_dags/example_dynamic_task_mapping_with_no_taskflow_operators.py for tasks to queue
[2024-09-12T02:09:32.128-0300] {logging_mixin.py:190} INFO - [2024-09-12T02:09:32.128-0300] {dagbag.py:587} INFO - Filling up the DagBag from /home/gabzarp/.local/lib/python3.10/site-packages/airflow/example_dags/example_dynamic_task_mapping_with_no_taskflow_operators.py
[2024-09-12T02:09:32.133-0300] {processor.py:925} INFO - DAG(s) 'example_dynamic_task_mapping_with_no_taskflow_operators' retrieved from /home/gabzarp/.local/lib/python3.10/site-packages/airflow/example_dags/example_dynamic_task_mapping_with_no_taskflow_operators.py
[2024-09-12T02:09:32.143-0300] {logging_mixin.py:190} INFO - [2024-09-12T02:09:32.143-0300] {dag.py:3229} INFO - Sync 1 DAGs
[2024-09-12T02:09:32.151-0300] {logging_mixin.py:190} INFO - [2024-09-12T02:09:32.151-0300] {dag.py:4156} INFO - Setting next_dagrun for example_dynamic_task_mapping_with_no_taskflow_operators to None, run_after=None
[2024-09-12T02:09:32.166-0300] {processor.py:208} INFO - Processing /home/gabzarp/.local/lib/python3.10/site-packages/airflow/example_dags/example_dynamic_task_mapping_with_no_taskflow_operators.py took 0.044 seconds
