[2024-09-12T01:39:35.891-0300] {processor.py:186} INFO - Started process (PID=2604) to work on /home/gabzarp/.local/lib/python3.10/site-packages/airflow/example_dags/example_workday_timetable.py
[2024-09-12T01:39:35.892-0300] {processor.py:914} INFO - Processing file /home/gabzarp/.local/lib/python3.10/site-packages/airflow/example_dags/example_workday_timetable.py for tasks to queue
[2024-09-12T01:39:35.893-0300] {logging_mixin.py:190} INFO - [2024-09-12T01:39:35.893-0300] {dagbag.py:587} INFO - Filling up the DagBag from /home/gabzarp/.local/lib/python3.10/site-packages/airflow/example_dags/example_workday_timetable.py
[2024-09-12T01:39:35.897-0300] {processor.py:925} INFO - DAG(s) 'example_workday_timetable' retrieved from /home/gabzarp/.local/lib/python3.10/site-packages/airflow/example_dags/example_workday_timetable.py
[2024-09-12T01:39:35.965-0300] {logging_mixin.py:190} INFO - [2024-09-12T01:39:35.964-0300] {override.py:1900} INFO - Created Permission View: can edit on DAG:example_workday_timetable
[2024-09-12T01:39:35.974-0300] {logging_mixin.py:190} INFO - [2024-09-12T01:39:35.974-0300] {override.py:1900} INFO - Created Permission View: can read on DAG:example_workday_timetable
[2024-09-12T01:39:35.981-0300] {logging_mixin.py:190} INFO - [2024-09-12T01:39:35.981-0300] {override.py:1900} INFO - Created Permission View: can delete on DAG:example_workday_timetable
[2024-09-12T01:39:35.993-0300] {logging_mixin.py:190} INFO - [2024-09-12T01:39:35.993-0300] {override.py:1900} INFO - Created Permission View: can read on DAG Run:example_workday_timetable
[2024-09-12T01:39:36.000-0300] {logging_mixin.py:190} INFO - [2024-09-12T01:39:36.000-0300] {override.py:1900} INFO - Created Permission View: can create on DAG Run:example_workday_timetable
[2024-09-12T01:39:36.007-0300] {logging_mixin.py:190} INFO - [2024-09-12T01:39:36.007-0300] {override.py:1900} INFO - Created Permission View: menu access on DAG Run:example_workday_timetable
[2024-09-12T01:39:36.014-0300] {logging_mixin.py:190} INFO - [2024-09-12T01:39:36.013-0300] {override.py:1900} INFO - Created Permission View: can delete on DAG Run:example_workday_timetable
[2024-09-12T01:39:36.014-0300] {logging_mixin.py:190} INFO - [2024-09-12T01:39:36.014-0300] {dag.py:3229} INFO - Sync 1 DAGs
[2024-09-12T01:39:36.022-0300] {logging_mixin.py:190} INFO - [2024-09-12T01:39:36.022-0300] {dag.py:3252} INFO - Creating ORM DAG for example_workday_timetable
[2024-09-12T01:39:36.028-0300] {logging_mixin.py:190} INFO - [2024-09-12T01:39:36.028-0300] {dag.py:4156} INFO - Setting next_dagrun for example_workday_timetable to 2021-01-01 00:00:00+00:00, run_after=2021-01-02 00:00:00+00:00
[2024-09-12T01:39:36.042-0300] {processor.py:208} INFO - Processing /home/gabzarp/.local/lib/python3.10/site-packages/airflow/example_dags/example_workday_timetable.py took 0.155 seconds
[2024-09-12T01:40:33.699-0300] {processor.py:186} INFO - Started process (PID=2891) to work on /home/gabzarp/.local/lib/python3.10/site-packages/airflow/example_dags/example_workday_timetable.py
[2024-09-12T01:40:33.699-0300] {processor.py:914} INFO - Processing file /home/gabzarp/.local/lib/python3.10/site-packages/airflow/example_dags/example_workday_timetable.py for tasks to queue
[2024-09-12T01:40:33.701-0300] {logging_mixin.py:190} INFO - [2024-09-12T01:40:33.700-0300] {dagbag.py:587} INFO - Filling up the DagBag from /home/gabzarp/.local/lib/python3.10/site-packages/airflow/example_dags/example_workday_timetable.py
[2024-09-12T01:40:33.704-0300] {processor.py:925} INFO - DAG(s) 'example_workday_timetable' retrieved from /home/gabzarp/.local/lib/python3.10/site-packages/airflow/example_dags/example_workday_timetable.py
[2024-09-12T01:40:33.713-0300] {logging_mixin.py:190} INFO - [2024-09-12T01:40:33.713-0300] {dag.py:3229} INFO - Sync 1 DAGs
[2024-09-12T01:40:33.728-0300] {logging_mixin.py:190} INFO - [2024-09-12T01:40:33.728-0300] {dag.py:4156} INFO - Setting next_dagrun for example_workday_timetable to 2021-01-01 00:00:00+00:00, run_after=2021-01-02 00:00:00+00:00
[2024-09-12T01:40:33.744-0300] {processor.py:208} INFO - Processing /home/gabzarp/.local/lib/python3.10/site-packages/airflow/example_dags/example_workday_timetable.py took 0.049 seconds
[2024-09-12T01:41:25.110-0300] {processor.py:186} INFO - Started process (PID=3234) to work on /home/gabzarp/.local/lib/python3.10/site-packages/airflow/example_dags/example_workday_timetable.py
[2024-09-12T01:41:25.112-0300] {processor.py:914} INFO - Processing file /home/gabzarp/.local/lib/python3.10/site-packages/airflow/example_dags/example_workday_timetable.py for tasks to queue
[2024-09-12T01:41:25.113-0300] {logging_mixin.py:190} INFO - [2024-09-12T01:41:25.112-0300] {dagbag.py:587} INFO - Filling up the DagBag from /home/gabzarp/.local/lib/python3.10/site-packages/airflow/example_dags/example_workday_timetable.py
[2024-09-12T01:41:25.117-0300] {processor.py:925} INFO - DAG(s) 'example_workday_timetable' retrieved from /home/gabzarp/.local/lib/python3.10/site-packages/airflow/example_dags/example_workday_timetable.py
[2024-09-12T01:41:25.126-0300] {logging_mixin.py:190} INFO - [2024-09-12T01:41:25.125-0300] {dag.py:3229} INFO - Sync 1 DAGs
[2024-09-12T01:41:25.139-0300] {logging_mixin.py:190} INFO - [2024-09-12T01:41:25.139-0300] {dag.py:4156} INFO - Setting next_dagrun for example_workday_timetable to 2021-01-01 00:00:00+00:00, run_after=2021-01-02 00:00:00+00:00
[2024-09-12T01:41:25.155-0300] {processor.py:208} INFO - Processing /home/gabzarp/.local/lib/python3.10/site-packages/airflow/example_dags/example_workday_timetable.py took 0.048 seconds
[2024-09-12T01:42:15.330-0300] {processor.py:186} INFO - Started process (PID=3486) to work on /home/gabzarp/.local/lib/python3.10/site-packages/airflow/example_dags/example_workday_timetable.py
[2024-09-12T01:42:15.331-0300] {processor.py:914} INFO - Processing file /home/gabzarp/.local/lib/python3.10/site-packages/airflow/example_dags/example_workday_timetable.py for tasks to queue
[2024-09-12T01:42:15.333-0300] {logging_mixin.py:190} INFO - [2024-09-12T01:42:15.332-0300] {dagbag.py:587} INFO - Filling up the DagBag from /home/gabzarp/.local/lib/python3.10/site-packages/airflow/example_dags/example_workday_timetable.py
[2024-09-12T01:42:15.336-0300] {processor.py:925} INFO - DAG(s) 'example_workday_timetable' retrieved from /home/gabzarp/.local/lib/python3.10/site-packages/airflow/example_dags/example_workday_timetable.py
[2024-09-12T01:42:15.345-0300] {logging_mixin.py:190} INFO - [2024-09-12T01:42:15.345-0300] {dag.py:3229} INFO - Sync 1 DAGs
[2024-09-12T01:42:15.358-0300] {logging_mixin.py:190} INFO - [2024-09-12T01:42:15.358-0300] {dag.py:4156} INFO - Setting next_dagrun for example_workday_timetable to 2021-01-01 00:00:00+00:00, run_after=2021-01-02 00:00:00+00:00
[2024-09-12T01:42:15.372-0300] {processor.py:208} INFO - Processing /home/gabzarp/.local/lib/python3.10/site-packages/airflow/example_dags/example_workday_timetable.py took 0.045 seconds
[2024-09-12T01:43:04.940-0300] {processor.py:186} INFO - Started process (PID=3736) to work on /home/gabzarp/.local/lib/python3.10/site-packages/airflow/example_dags/example_workday_timetable.py
[2024-09-12T01:43:04.941-0300] {processor.py:914} INFO - Processing file /home/gabzarp/.local/lib/python3.10/site-packages/airflow/example_dags/example_workday_timetable.py for tasks to queue
[2024-09-12T01:43:04.942-0300] {logging_mixin.py:190} INFO - [2024-09-12T01:43:04.942-0300] {dagbag.py:587} INFO - Filling up the DagBag from /home/gabzarp/.local/lib/python3.10/site-packages/airflow/example_dags/example_workday_timetable.py
[2024-09-12T01:43:04.946-0300] {processor.py:925} INFO - DAG(s) 'example_workday_timetable' retrieved from /home/gabzarp/.local/lib/python3.10/site-packages/airflow/example_dags/example_workday_timetable.py
[2024-09-12T01:43:04.955-0300] {logging_mixin.py:190} INFO - [2024-09-12T01:43:04.955-0300] {dag.py:3229} INFO - Sync 1 DAGs
[2024-09-12T01:43:04.967-0300] {logging_mixin.py:190} INFO - [2024-09-12T01:43:04.967-0300] {dag.py:4156} INFO - Setting next_dagrun for example_workday_timetable to 2021-01-01 00:00:00+00:00, run_after=2021-01-02 00:00:00+00:00
[2024-09-12T01:43:04.982-0300] {processor.py:208} INFO - Processing /home/gabzarp/.local/lib/python3.10/site-packages/airflow/example_dags/example_workday_timetable.py took 0.046 seconds
[2024-09-12T01:44:11.408-0300] {processor.py:186} INFO - Started process (PID=4476) to work on /home/gabzarp/.local/lib/python3.10/site-packages/airflow/example_dags/example_workday_timetable.py
[2024-09-12T01:44:11.447-0300] {processor.py:914} INFO - Processing file /home/gabzarp/.local/lib/python3.10/site-packages/airflow/example_dags/example_workday_timetable.py for tasks to queue
[2024-09-12T01:44:11.449-0300] {logging_mixin.py:190} INFO - [2024-09-12T01:44:11.448-0300] {dagbag.py:587} INFO - Filling up the DagBag from /home/gabzarp/.local/lib/python3.10/site-packages/airflow/example_dags/example_workday_timetable.py
[2024-09-12T01:44:11.453-0300] {processor.py:925} INFO - DAG(s) 'example_workday_timetable' retrieved from /home/gabzarp/.local/lib/python3.10/site-packages/airflow/example_dags/example_workday_timetable.py
[2024-09-12T01:44:11.463-0300] {logging_mixin.py:190} INFO - [2024-09-12T01:44:11.462-0300] {dag.py:3229} INFO - Sync 1 DAGs
[2024-09-12T01:44:11.476-0300] {logging_mixin.py:190} INFO - [2024-09-12T01:44:11.476-0300] {dag.py:4156} INFO - Setting next_dagrun for example_workday_timetable to 2021-01-01 00:00:00+00:00, run_after=2021-01-02 00:00:00+00:00
[2024-09-12T01:44:12.088-0300] {processor.py:208} INFO - Processing /home/gabzarp/.local/lib/python3.10/site-packages/airflow/example_dags/example_workday_timetable.py took 0.684 seconds
[2024-09-12T01:45:35.893-0300] {processor.py:186} INFO - Started process (PID=5319) to work on /home/gabzarp/.local/lib/python3.10/site-packages/airflow/example_dags/example_workday_timetable.py
[2024-09-12T01:45:35.894-0300] {processor.py:914} INFO - Processing file /home/gabzarp/.local/lib/python3.10/site-packages/airflow/example_dags/example_workday_timetable.py for tasks to queue
[2024-09-12T01:45:35.895-0300] {logging_mixin.py:190} INFO - [2024-09-12T01:45:35.895-0300] {dagbag.py:587} INFO - Filling up the DagBag from /home/gabzarp/.local/lib/python3.10/site-packages/airflow/example_dags/example_workday_timetable.py
[2024-09-12T01:45:35.899-0300] {processor.py:925} INFO - DAG(s) 'example_workday_timetable' retrieved from /home/gabzarp/.local/lib/python3.10/site-packages/airflow/example_dags/example_workday_timetable.py
[2024-09-12T01:45:35.908-0300] {logging_mixin.py:190} INFO - [2024-09-12T01:45:35.908-0300] {dag.py:3229} INFO - Sync 1 DAGs
[2024-09-12T01:45:35.920-0300] {logging_mixin.py:190} INFO - [2024-09-12T01:45:35.920-0300] {dag.py:4156} INFO - Setting next_dagrun for example_workday_timetable to 2021-01-01 00:00:00+00:00, run_after=2021-01-02 00:00:00+00:00
[2024-09-12T01:45:35.936-0300] {processor.py:208} INFO - Processing /home/gabzarp/.local/lib/python3.10/site-packages/airflow/example_dags/example_workday_timetable.py took 0.047 seconds
[2024-09-12T01:46:27.239-0300] {processor.py:186} INFO - Started process (PID=5732) to work on /home/gabzarp/.local/lib/python3.10/site-packages/airflow/example_dags/example_workday_timetable.py
[2024-09-12T01:46:27.240-0300] {processor.py:914} INFO - Processing file /home/gabzarp/.local/lib/python3.10/site-packages/airflow/example_dags/example_workday_timetable.py for tasks to queue
[2024-09-12T01:46:27.241-0300] {logging_mixin.py:190} INFO - [2024-09-12T01:46:27.241-0300] {dagbag.py:587} INFO - Filling up the DagBag from /home/gabzarp/.local/lib/python3.10/site-packages/airflow/example_dags/example_workday_timetable.py
[2024-09-12T01:46:27.246-0300] {processor.py:925} INFO - DAG(s) 'example_workday_timetable' retrieved from /home/gabzarp/.local/lib/python3.10/site-packages/airflow/example_dags/example_workday_timetable.py
[2024-09-12T01:46:27.259-0300] {logging_mixin.py:190} INFO - [2024-09-12T01:46:27.259-0300] {dag.py:3229} INFO - Sync 1 DAGs
[2024-09-12T01:46:27.275-0300] {logging_mixin.py:190} INFO - [2024-09-12T01:46:27.275-0300] {dag.py:4156} INFO - Setting next_dagrun for example_workday_timetable to 2021-01-01 00:00:00+00:00, run_after=2021-01-02 00:00:00+00:00
[2024-09-12T01:46:27.290-0300] {processor.py:208} INFO - Processing /home/gabzarp/.local/lib/python3.10/site-packages/airflow/example_dags/example_workday_timetable.py took 0.055 seconds
[2024-09-12T01:47:16.100-0300] {processor.py:186} INFO - Started process (PID=6122) to work on /home/gabzarp/.local/lib/python3.10/site-packages/airflow/example_dags/example_workday_timetable.py
[2024-09-12T01:47:16.101-0300] {processor.py:914} INFO - Processing file /home/gabzarp/.local/lib/python3.10/site-packages/airflow/example_dags/example_workday_timetable.py for tasks to queue
[2024-09-12T01:47:16.102-0300] {logging_mixin.py:190} INFO - [2024-09-12T01:47:16.102-0300] {dagbag.py:587} INFO - Filling up the DagBag from /home/gabzarp/.local/lib/python3.10/site-packages/airflow/example_dags/example_workday_timetable.py
[2024-09-12T01:47:16.105-0300] {processor.py:925} INFO - DAG(s) 'example_workday_timetable' retrieved from /home/gabzarp/.local/lib/python3.10/site-packages/airflow/example_dags/example_workday_timetable.py
[2024-09-12T01:47:16.114-0300] {logging_mixin.py:190} INFO - [2024-09-12T01:47:16.114-0300] {dag.py:3229} INFO - Sync 1 DAGs
[2024-09-12T01:47:16.126-0300] {logging_mixin.py:190} INFO - [2024-09-12T01:47:16.126-0300] {dag.py:4156} INFO - Setting next_dagrun for example_workday_timetable to 2021-01-01 00:00:00+00:00, run_after=2021-01-02 00:00:00+00:00
[2024-09-12T01:47:16.140-0300] {processor.py:208} INFO - Processing /home/gabzarp/.local/lib/python3.10/site-packages/airflow/example_dags/example_workday_timetable.py took 0.043 seconds
[2024-09-12T01:48:11.515-0300] {processor.py:186} INFO - Started process (PID=6563) to work on /home/gabzarp/.local/lib/python3.10/site-packages/airflow/example_dags/example_workday_timetable.py
[2024-09-12T01:48:11.516-0300] {processor.py:914} INFO - Processing file /home/gabzarp/.local/lib/python3.10/site-packages/airflow/example_dags/example_workday_timetable.py for tasks to queue
[2024-09-12T01:48:11.517-0300] {logging_mixin.py:190} INFO - [2024-09-12T01:48:11.517-0300] {dagbag.py:587} INFO - Filling up the DagBag from /home/gabzarp/.local/lib/python3.10/site-packages/airflow/example_dags/example_workday_timetable.py
[2024-09-12T01:48:11.522-0300] {processor.py:925} INFO - DAG(s) 'example_workday_timetable' retrieved from /home/gabzarp/.local/lib/python3.10/site-packages/airflow/example_dags/example_workday_timetable.py
[2024-09-12T01:48:11.533-0300] {logging_mixin.py:190} INFO - [2024-09-12T01:48:11.533-0300] {dag.py:3229} INFO - Sync 1 DAGs
[2024-09-12T01:48:11.548-0300] {logging_mixin.py:190} INFO - [2024-09-12T01:48:11.548-0300] {dag.py:4156} INFO - Setting next_dagrun for example_workday_timetable to 2021-01-01 00:00:00+00:00, run_after=2021-01-02 00:00:00+00:00
[2024-09-12T01:48:11.564-0300] {processor.py:208} INFO - Processing /home/gabzarp/.local/lib/python3.10/site-packages/airflow/example_dags/example_workday_timetable.py took 0.053 seconds
[2024-09-12T01:49:02.281-0300] {processor.py:186} INFO - Started process (PID=7106) to work on /home/gabzarp/.local/lib/python3.10/site-packages/airflow/example_dags/example_workday_timetable.py
[2024-09-12T01:49:02.282-0300] {processor.py:914} INFO - Processing file /home/gabzarp/.local/lib/python3.10/site-packages/airflow/example_dags/example_workday_timetable.py for tasks to queue
[2024-09-12T01:49:02.283-0300] {logging_mixin.py:190} INFO - [2024-09-12T01:49:02.283-0300] {dagbag.py:587} INFO - Filling up the DagBag from /home/gabzarp/.local/lib/python3.10/site-packages/airflow/example_dags/example_workday_timetable.py
[2024-09-12T01:49:02.286-0300] {processor.py:925} INFO - DAG(s) 'example_workday_timetable' retrieved from /home/gabzarp/.local/lib/python3.10/site-packages/airflow/example_dags/example_workday_timetable.py
[2024-09-12T01:49:02.298-0300] {logging_mixin.py:190} INFO - [2024-09-12T01:49:02.298-0300] {dag.py:3229} INFO - Sync 1 DAGs
[2024-09-12T01:49:02.310-0300] {logging_mixin.py:190} INFO - [2024-09-12T01:49:02.310-0300] {dag.py:4156} INFO - Setting next_dagrun for example_workday_timetable to 2021-01-01 00:00:00+00:00, run_after=2021-01-02 00:00:00+00:00
[2024-09-12T01:49:02.324-0300] {processor.py:208} INFO - Processing /home/gabzarp/.local/lib/python3.10/site-packages/airflow/example_dags/example_workday_timetable.py took 0.047 seconds
[2024-09-12T01:49:53.678-0300] {processor.py:186} INFO - Started process (PID=7530) to work on /home/gabzarp/.local/lib/python3.10/site-packages/airflow/example_dags/example_workday_timetable.py
[2024-09-12T01:49:53.679-0300] {processor.py:914} INFO - Processing file /home/gabzarp/.local/lib/python3.10/site-packages/airflow/example_dags/example_workday_timetable.py for tasks to queue
[2024-09-12T01:49:53.680-0300] {logging_mixin.py:190} INFO - [2024-09-12T01:49:53.679-0300] {dagbag.py:587} INFO - Filling up the DagBag from /home/gabzarp/.local/lib/python3.10/site-packages/airflow/example_dags/example_workday_timetable.py
[2024-09-12T01:49:53.683-0300] {processor.py:925} INFO - DAG(s) 'example_workday_timetable' retrieved from /home/gabzarp/.local/lib/python3.10/site-packages/airflow/example_dags/example_workday_timetable.py
[2024-09-12T01:49:53.692-0300] {logging_mixin.py:190} INFO - [2024-09-12T01:49:53.692-0300] {dag.py:3229} INFO - Sync 1 DAGs
[2024-09-12T01:49:53.704-0300] {logging_mixin.py:190} INFO - [2024-09-12T01:49:53.704-0300] {dag.py:4156} INFO - Setting next_dagrun for example_workday_timetable to 2021-01-01 00:00:00+00:00, run_after=2021-01-02 00:00:00+00:00
[2024-09-12T01:49:53.718-0300] {processor.py:208} INFO - Processing /home/gabzarp/.local/lib/python3.10/site-packages/airflow/example_dags/example_workday_timetable.py took 0.044 seconds
[2024-09-12T01:50:42.661-0300] {processor.py:186} INFO - Started process (PID=7989) to work on /home/gabzarp/.local/lib/python3.10/site-packages/airflow/example_dags/example_workday_timetable.py
[2024-09-12T01:50:42.662-0300] {processor.py:914} INFO - Processing file /home/gabzarp/.local/lib/python3.10/site-packages/airflow/example_dags/example_workday_timetable.py for tasks to queue
[2024-09-12T01:50:42.662-0300] {logging_mixin.py:190} INFO - [2024-09-12T01:50:42.662-0300] {dagbag.py:587} INFO - Filling up the DagBag from /home/gabzarp/.local/lib/python3.10/site-packages/airflow/example_dags/example_workday_timetable.py
[2024-09-12T01:50:42.666-0300] {processor.py:925} INFO - DAG(s) 'example_workday_timetable' retrieved from /home/gabzarp/.local/lib/python3.10/site-packages/airflow/example_dags/example_workday_timetable.py
[2024-09-12T01:50:42.675-0300] {logging_mixin.py:190} INFO - [2024-09-12T01:50:42.675-0300] {dag.py:3229} INFO - Sync 1 DAGs
[2024-09-12T01:50:42.687-0300] {logging_mixin.py:190} INFO - [2024-09-12T01:50:42.687-0300] {dag.py:4156} INFO - Setting next_dagrun for example_workday_timetable to 2021-01-01 00:00:00+00:00, run_after=2021-01-02 00:00:00+00:00
[2024-09-12T01:50:42.701-0300] {processor.py:208} INFO - Processing /home/gabzarp/.local/lib/python3.10/site-packages/airflow/example_dags/example_workday_timetable.py took 0.044 seconds
[2024-09-12T01:51:30.476-0300] {processor.py:186} INFO - Started process (PID=8404) to work on /home/gabzarp/.local/lib/python3.10/site-packages/airflow/example_dags/example_workday_timetable.py
[2024-09-12T01:51:30.478-0300] {processor.py:914} INFO - Processing file /home/gabzarp/.local/lib/python3.10/site-packages/airflow/example_dags/example_workday_timetable.py for tasks to queue
[2024-09-12T01:51:30.479-0300] {logging_mixin.py:190} INFO - [2024-09-12T01:51:30.478-0300] {dagbag.py:587} INFO - Filling up the DagBag from /home/gabzarp/.local/lib/python3.10/site-packages/airflow/example_dags/example_workday_timetable.py
[2024-09-12T01:51:30.482-0300] {processor.py:925} INFO - DAG(s) 'example_workday_timetable' retrieved from /home/gabzarp/.local/lib/python3.10/site-packages/airflow/example_dags/example_workday_timetable.py
[2024-09-12T01:51:30.491-0300] {logging_mixin.py:190} INFO - [2024-09-12T01:51:30.491-0300] {dag.py:3229} INFO - Sync 1 DAGs
[2024-09-12T01:51:30.505-0300] {logging_mixin.py:190} INFO - [2024-09-12T01:51:30.505-0300] {dag.py:4156} INFO - Setting next_dagrun for example_workday_timetable to 2021-01-01 00:00:00+00:00, run_after=2021-01-02 00:00:00+00:00
[2024-09-12T01:51:30.523-0300] {processor.py:208} INFO - Processing /home/gabzarp/.local/lib/python3.10/site-packages/airflow/example_dags/example_workday_timetable.py took 0.050 seconds
[2024-09-12T01:52:21.864-0300] {processor.py:186} INFO - Started process (PID=8942) to work on /home/gabzarp/.local/lib/python3.10/site-packages/airflow/example_dags/example_workday_timetable.py
[2024-09-12T01:52:21.865-0300] {processor.py:914} INFO - Processing file /home/gabzarp/.local/lib/python3.10/site-packages/airflow/example_dags/example_workday_timetable.py for tasks to queue
[2024-09-12T01:52:21.866-0300] {logging_mixin.py:190} INFO - [2024-09-12T01:52:21.865-0300] {dagbag.py:587} INFO - Filling up the DagBag from /home/gabzarp/.local/lib/python3.10/site-packages/airflow/example_dags/example_workday_timetable.py
[2024-09-12T01:52:21.869-0300] {processor.py:925} INFO - DAG(s) 'example_workday_timetable' retrieved from /home/gabzarp/.local/lib/python3.10/site-packages/airflow/example_dags/example_workday_timetable.py
[2024-09-12T01:52:21.878-0300] {logging_mixin.py:190} INFO - [2024-09-12T01:52:21.878-0300] {dag.py:3229} INFO - Sync 1 DAGs
[2024-09-12T01:52:21.890-0300] {logging_mixin.py:190} INFO - [2024-09-12T01:52:21.890-0300] {dag.py:4156} INFO - Setting next_dagrun for example_workday_timetable to 2021-01-01 00:00:00+00:00, run_after=2021-01-02 00:00:00+00:00
[2024-09-12T01:52:21.905-0300] {processor.py:208} INFO - Processing /home/gabzarp/.local/lib/python3.10/site-packages/airflow/example_dags/example_workday_timetable.py took 0.044 seconds
[2024-09-12T01:53:13.917-0300] {processor.py:186} INFO - Started process (PID=9488) to work on /home/gabzarp/.local/lib/python3.10/site-packages/airflow/example_dags/example_workday_timetable.py
[2024-09-12T01:53:13.918-0300] {processor.py:914} INFO - Processing file /home/gabzarp/.local/lib/python3.10/site-packages/airflow/example_dags/example_workday_timetable.py for tasks to queue
[2024-09-12T01:53:13.919-0300] {logging_mixin.py:190} INFO - [2024-09-12T01:53:13.919-0300] {dagbag.py:587} INFO - Filling up the DagBag from /home/gabzarp/.local/lib/python3.10/site-packages/airflow/example_dags/example_workday_timetable.py
[2024-09-12T01:53:13.924-0300] {processor.py:925} INFO - DAG(s) 'example_workday_timetable' retrieved from /home/gabzarp/.local/lib/python3.10/site-packages/airflow/example_dags/example_workday_timetable.py
[2024-09-12T01:53:13.935-0300] {logging_mixin.py:190} INFO - [2024-09-12T01:53:13.935-0300] {dag.py:3229} INFO - Sync 1 DAGs
[2024-09-12T01:53:13.948-0300] {logging_mixin.py:190} INFO - [2024-09-12T01:53:13.948-0300] {dag.py:4156} INFO - Setting next_dagrun for example_workday_timetable to 2021-01-01 00:00:00+00:00, run_after=2021-01-02 00:00:00+00:00
[2024-09-12T01:53:13.962-0300] {processor.py:208} INFO - Processing /home/gabzarp/.local/lib/python3.10/site-packages/airflow/example_dags/example_workday_timetable.py took 0.049 seconds
[2024-09-12T01:54:07.026-0300] {processor.py:186} INFO - Started process (PID=9934) to work on /home/gabzarp/.local/lib/python3.10/site-packages/airflow/example_dags/example_workday_timetable.py
[2024-09-12T01:54:07.027-0300] {processor.py:914} INFO - Processing file /home/gabzarp/.local/lib/python3.10/site-packages/airflow/example_dags/example_workday_timetable.py for tasks to queue
[2024-09-12T01:54:07.028-0300] {logging_mixin.py:190} INFO - [2024-09-12T01:54:07.028-0300] {dagbag.py:587} INFO - Filling up the DagBag from /home/gabzarp/.local/lib/python3.10/site-packages/airflow/example_dags/example_workday_timetable.py
[2024-09-12T01:54:07.031-0300] {processor.py:925} INFO - DAG(s) 'example_workday_timetable' retrieved from /home/gabzarp/.local/lib/python3.10/site-packages/airflow/example_dags/example_workday_timetable.py
[2024-09-12T01:54:07.040-0300] {logging_mixin.py:190} INFO - [2024-09-12T01:54:07.040-0300] {dag.py:3229} INFO - Sync 1 DAGs
[2024-09-12T01:54:07.053-0300] {logging_mixin.py:190} INFO - [2024-09-12T01:54:07.053-0300] {dag.py:4156} INFO - Setting next_dagrun for example_workday_timetable to 2021-01-01 00:00:00+00:00, run_after=2021-01-02 00:00:00+00:00
[2024-09-12T01:54:07.068-0300] {processor.py:208} INFO - Processing /home/gabzarp/.local/lib/python3.10/site-packages/airflow/example_dags/example_workday_timetable.py took 0.045 seconds
[2024-09-12T01:54:57.609-0300] {processor.py:186} INFO - Started process (PID=10336) to work on /home/gabzarp/.local/lib/python3.10/site-packages/airflow/example_dags/example_workday_timetable.py
[2024-09-12T01:54:57.610-0300] {processor.py:914} INFO - Processing file /home/gabzarp/.local/lib/python3.10/site-packages/airflow/example_dags/example_workday_timetable.py for tasks to queue
[2024-09-12T01:54:57.610-0300] {logging_mixin.py:190} INFO - [2024-09-12T01:54:57.610-0300] {dagbag.py:587} INFO - Filling up the DagBag from /home/gabzarp/.local/lib/python3.10/site-packages/airflow/example_dags/example_workday_timetable.py
[2024-09-12T01:54:57.614-0300] {processor.py:925} INFO - DAG(s) 'example_workday_timetable' retrieved from /home/gabzarp/.local/lib/python3.10/site-packages/airflow/example_dags/example_workday_timetable.py
[2024-09-12T01:54:57.622-0300] {logging_mixin.py:190} INFO - [2024-09-12T01:54:57.622-0300] {dag.py:3229} INFO - Sync 1 DAGs
[2024-09-12T01:54:57.635-0300] {logging_mixin.py:190} INFO - [2024-09-12T01:54:57.635-0300] {dag.py:4156} INFO - Setting next_dagrun for example_workday_timetable to 2021-01-01 00:00:00+00:00, run_after=2021-01-02 00:00:00+00:00
[2024-09-12T01:54:57.648-0300] {processor.py:208} INFO - Processing /home/gabzarp/.local/lib/python3.10/site-packages/airflow/example_dags/example_workday_timetable.py took 0.042 seconds
[2024-09-12T01:55:51.728-0300] {processor.py:186} INFO - Started process (PID=10790) to work on /home/gabzarp/.local/lib/python3.10/site-packages/airflow/example_dags/example_workday_timetable.py
[2024-09-12T01:55:51.729-0300] {processor.py:914} INFO - Processing file /home/gabzarp/.local/lib/python3.10/site-packages/airflow/example_dags/example_workday_timetable.py for tasks to queue
[2024-09-12T01:55:51.730-0300] {logging_mixin.py:190} INFO - [2024-09-12T01:55:51.730-0300] {dagbag.py:587} INFO - Filling up the DagBag from /home/gabzarp/.local/lib/python3.10/site-packages/airflow/example_dags/example_workday_timetable.py
[2024-09-12T01:55:51.734-0300] {processor.py:925} INFO - DAG(s) 'example_workday_timetable' retrieved from /home/gabzarp/.local/lib/python3.10/site-packages/airflow/example_dags/example_workday_timetable.py
[2024-09-12T01:55:51.743-0300] {logging_mixin.py:190} INFO - [2024-09-12T01:55:51.743-0300] {dag.py:3229} INFO - Sync 1 DAGs
[2024-09-12T01:55:51.755-0300] {logging_mixin.py:190} INFO - [2024-09-12T01:55:51.755-0300] {dag.py:4156} INFO - Setting next_dagrun for example_workday_timetable to 2021-01-01 00:00:00+00:00, run_after=2021-01-02 00:00:00+00:00
[2024-09-12T01:55:51.769-0300] {processor.py:208} INFO - Processing /home/gabzarp/.local/lib/python3.10/site-packages/airflow/example_dags/example_workday_timetable.py took 0.044 seconds
[2024-09-12T01:56:45.515-0300] {processor.py:186} INFO - Started process (PID=11215) to work on /home/gabzarp/.local/lib/python3.10/site-packages/airflow/example_dags/example_workday_timetable.py
[2024-09-12T01:56:45.516-0300] {processor.py:914} INFO - Processing file /home/gabzarp/.local/lib/python3.10/site-packages/airflow/example_dags/example_workday_timetable.py for tasks to queue
[2024-09-12T01:56:45.517-0300] {logging_mixin.py:190} INFO - [2024-09-12T01:56:45.517-0300] {dagbag.py:587} INFO - Filling up the DagBag from /home/gabzarp/.local/lib/python3.10/site-packages/airflow/example_dags/example_workday_timetable.py
[2024-09-12T01:56:45.521-0300] {processor.py:925} INFO - DAG(s) 'example_workday_timetable' retrieved from /home/gabzarp/.local/lib/python3.10/site-packages/airflow/example_dags/example_workday_timetable.py
[2024-09-12T01:56:45.530-0300] {logging_mixin.py:190} INFO - [2024-09-12T01:56:45.530-0300] {dag.py:3229} INFO - Sync 1 DAGs
[2024-09-12T01:56:45.542-0300] {logging_mixin.py:190} INFO - [2024-09-12T01:56:45.542-0300] {dag.py:4156} INFO - Setting next_dagrun for example_workday_timetable to 2021-01-01 00:00:00+00:00, run_after=2021-01-02 00:00:00+00:00
[2024-09-12T01:56:45.559-0300] {processor.py:208} INFO - Processing /home/gabzarp/.local/lib/python3.10/site-packages/airflow/example_dags/example_workday_timetable.py took 0.048 seconds
[2024-09-12T01:57:39.817-0300] {processor.py:186} INFO - Started process (PID=11691) to work on /home/gabzarp/.local/lib/python3.10/site-packages/airflow/example_dags/example_workday_timetable.py
[2024-09-12T01:57:39.818-0300] {processor.py:914} INFO - Processing file /home/gabzarp/.local/lib/python3.10/site-packages/airflow/example_dags/example_workday_timetable.py for tasks to queue
[2024-09-12T01:57:39.819-0300] {logging_mixin.py:190} INFO - [2024-09-12T01:57:39.819-0300] {dagbag.py:587} INFO - Filling up the DagBag from /home/gabzarp/.local/lib/python3.10/site-packages/airflow/example_dags/example_workday_timetable.py
[2024-09-12T01:57:39.824-0300] {processor.py:925} INFO - DAG(s) 'example_workday_timetable' retrieved from /home/gabzarp/.local/lib/python3.10/site-packages/airflow/example_dags/example_workday_timetable.py
[2024-09-12T01:57:39.836-0300] {logging_mixin.py:190} INFO - [2024-09-12T01:57:39.836-0300] {dag.py:3229} INFO - Sync 1 DAGs
[2024-09-12T01:57:39.852-0300] {logging_mixin.py:190} INFO - [2024-09-12T01:57:39.851-0300] {dag.py:4156} INFO - Setting next_dagrun for example_workday_timetable to 2021-01-01 00:00:00+00:00, run_after=2021-01-02 00:00:00+00:00
[2024-09-12T01:57:39.869-0300] {processor.py:208} INFO - Processing /home/gabzarp/.local/lib/python3.10/site-packages/airflow/example_dags/example_workday_timetable.py took 0.055 seconds
[2024-09-12T01:58:33.537-0300] {processor.py:186} INFO - Started process (PID=12119) to work on /home/gabzarp/.local/lib/python3.10/site-packages/airflow/example_dags/example_workday_timetable.py
[2024-09-12T01:58:33.538-0300] {processor.py:914} INFO - Processing file /home/gabzarp/.local/lib/python3.10/site-packages/airflow/example_dags/example_workday_timetable.py for tasks to queue
[2024-09-12T01:58:33.539-0300] {logging_mixin.py:190} INFO - [2024-09-12T01:58:33.539-0300] {dagbag.py:587} INFO - Filling up the DagBag from /home/gabzarp/.local/lib/python3.10/site-packages/airflow/example_dags/example_workday_timetable.py
[2024-09-12T01:58:33.543-0300] {processor.py:925} INFO - DAG(s) 'example_workday_timetable' retrieved from /home/gabzarp/.local/lib/python3.10/site-packages/airflow/example_dags/example_workday_timetable.py
[2024-09-12T01:58:33.552-0300] {logging_mixin.py:190} INFO - [2024-09-12T01:58:33.552-0300] {dag.py:3229} INFO - Sync 1 DAGs
[2024-09-12T01:58:33.564-0300] {logging_mixin.py:190} INFO - [2024-09-12T01:58:33.563-0300] {dag.py:4156} INFO - Setting next_dagrun for example_workday_timetable to 2021-01-01 00:00:00+00:00, run_after=2021-01-02 00:00:00+00:00
[2024-09-12T01:58:33.578-0300] {processor.py:208} INFO - Processing /home/gabzarp/.local/lib/python3.10/site-packages/airflow/example_dags/example_workday_timetable.py took 0.045 seconds
[2024-09-12T01:59:26.004-0300] {processor.py:186} INFO - Started process (PID=12531) to work on /home/gabzarp/.local/lib/python3.10/site-packages/airflow/example_dags/example_workday_timetable.py
[2024-09-12T01:59:26.005-0300] {processor.py:914} INFO - Processing file /home/gabzarp/.local/lib/python3.10/site-packages/airflow/example_dags/example_workday_timetable.py for tasks to queue
[2024-09-12T01:59:26.006-0300] {logging_mixin.py:190} INFO - [2024-09-12T01:59:26.005-0300] {dagbag.py:587} INFO - Filling up the DagBag from /home/gabzarp/.local/lib/python3.10/site-packages/airflow/example_dags/example_workday_timetable.py
[2024-09-12T01:59:26.009-0300] {processor.py:925} INFO - DAG(s) 'example_workday_timetable' retrieved from /home/gabzarp/.local/lib/python3.10/site-packages/airflow/example_dags/example_workday_timetable.py
[2024-09-12T01:59:26.019-0300] {logging_mixin.py:190} INFO - [2024-09-12T01:59:26.018-0300] {dag.py:3229} INFO - Sync 1 DAGs
[2024-09-12T01:59:26.030-0300] {logging_mixin.py:190} INFO - [2024-09-12T01:59:26.030-0300] {dag.py:4156} INFO - Setting next_dagrun for example_workday_timetable to 2021-01-01 00:00:00+00:00, run_after=2021-01-02 00:00:00+00:00
[2024-09-12T01:59:26.078-0300] {processor.py:208} INFO - Processing /home/gabzarp/.local/lib/python3.10/site-packages/airflow/example_dags/example_workday_timetable.py took 0.078 seconds
[2024-09-12T02:00:16.010-0300] {processor.py:186} INFO - Started process (PID=12978) to work on /home/gabzarp/.local/lib/python3.10/site-packages/airflow/example_dags/example_workday_timetable.py
[2024-09-12T02:00:16.011-0300] {processor.py:914} INFO - Processing file /home/gabzarp/.local/lib/python3.10/site-packages/airflow/example_dags/example_workday_timetable.py for tasks to queue
[2024-09-12T02:00:16.012-0300] {logging_mixin.py:190} INFO - [2024-09-12T02:00:16.012-0300] {dagbag.py:587} INFO - Filling up the DagBag from /home/gabzarp/.local/lib/python3.10/site-packages/airflow/example_dags/example_workday_timetable.py
[2024-09-12T02:00:16.016-0300] {processor.py:925} INFO - DAG(s) 'example_workday_timetable' retrieved from /home/gabzarp/.local/lib/python3.10/site-packages/airflow/example_dags/example_workday_timetable.py
[2024-09-12T02:00:16.025-0300] {logging_mixin.py:190} INFO - [2024-09-12T02:00:16.025-0300] {dag.py:3229} INFO - Sync 1 DAGs
[2024-09-12T02:00:16.038-0300] {logging_mixin.py:190} INFO - [2024-09-12T02:00:16.037-0300] {dag.py:4156} INFO - Setting next_dagrun for example_workday_timetable to 2021-01-01 00:00:00+00:00, run_after=2021-01-02 00:00:00+00:00
[2024-09-12T02:00:16.052-0300] {processor.py:208} INFO - Processing /home/gabzarp/.local/lib/python3.10/site-packages/airflow/example_dags/example_workday_timetable.py took 0.045 seconds
[2024-09-12T02:01:08.660-0300] {processor.py:186} INFO - Started process (PID=13487) to work on /home/gabzarp/.local/lib/python3.10/site-packages/airflow/example_dags/example_workday_timetable.py
[2024-09-12T02:01:08.660-0300] {processor.py:914} INFO - Processing file /home/gabzarp/.local/lib/python3.10/site-packages/airflow/example_dags/example_workday_timetable.py for tasks to queue
[2024-09-12T02:01:08.661-0300] {logging_mixin.py:190} INFO - [2024-09-12T02:01:08.661-0300] {dagbag.py:587} INFO - Filling up the DagBag from /home/gabzarp/.local/lib/python3.10/site-packages/airflow/example_dags/example_workday_timetable.py
[2024-09-12T02:01:08.665-0300] {processor.py:925} INFO - DAG(s) 'example_workday_timetable' retrieved from /home/gabzarp/.local/lib/python3.10/site-packages/airflow/example_dags/example_workday_timetable.py
[2024-09-12T02:01:08.674-0300] {logging_mixin.py:190} INFO - [2024-09-12T02:01:08.674-0300] {dag.py:3229} INFO - Sync 1 DAGs
[2024-09-12T02:01:08.687-0300] {logging_mixin.py:190} INFO - [2024-09-12T02:01:08.686-0300] {dag.py:4156} INFO - Setting next_dagrun for example_workday_timetable to 2021-01-01 00:00:00+00:00, run_after=2021-01-02 00:00:00+00:00
[2024-09-12T02:01:08.701-0300] {processor.py:208} INFO - Processing /home/gabzarp/.local/lib/python3.10/site-packages/airflow/example_dags/example_workday_timetable.py took 0.045 seconds
[2024-09-12T02:01:59.163-0300] {processor.py:186} INFO - Started process (PID=13900) to work on /home/gabzarp/.local/lib/python3.10/site-packages/airflow/example_dags/example_workday_timetable.py
[2024-09-12T02:01:59.164-0300] {processor.py:914} INFO - Processing file /home/gabzarp/.local/lib/python3.10/site-packages/airflow/example_dags/example_workday_timetable.py for tasks to queue
[2024-09-12T02:01:59.165-0300] {logging_mixin.py:190} INFO - [2024-09-12T02:01:59.165-0300] {dagbag.py:587} INFO - Filling up the DagBag from /home/gabzarp/.local/lib/python3.10/site-packages/airflow/example_dags/example_workday_timetable.py
[2024-09-12T02:01:59.170-0300] {processor.py:925} INFO - DAG(s) 'example_workday_timetable' retrieved from /home/gabzarp/.local/lib/python3.10/site-packages/airflow/example_dags/example_workday_timetable.py
[2024-09-12T02:01:59.184-0300] {logging_mixin.py:190} INFO - [2024-09-12T02:01:59.184-0300] {dag.py:3229} INFO - Sync 1 DAGs
[2024-09-12T02:01:59.202-0300] {logging_mixin.py:190} INFO - [2024-09-12T02:01:59.202-0300] {dag.py:4156} INFO - Setting next_dagrun for example_workday_timetable to 2021-01-01 00:00:00+00:00, run_after=2021-01-02 00:00:00+00:00
[2024-09-12T02:01:59.222-0300] {processor.py:208} INFO - Processing /home/gabzarp/.local/lib/python3.10/site-packages/airflow/example_dags/example_workday_timetable.py took 0.063 seconds
[2024-09-12T02:02:45.421-0300] {processor.py:186} INFO - Started process (PID=14300) to work on /home/gabzarp/.local/lib/python3.10/site-packages/airflow/example_dags/example_workday_timetable.py
[2024-09-12T02:02:45.422-0300] {processor.py:914} INFO - Processing file /home/gabzarp/.local/lib/python3.10/site-packages/airflow/example_dags/example_workday_timetable.py for tasks to queue
[2024-09-12T02:02:45.423-0300] {logging_mixin.py:190} INFO - [2024-09-12T02:02:45.422-0300] {dagbag.py:587} INFO - Filling up the DagBag from /home/gabzarp/.local/lib/python3.10/site-packages/airflow/example_dags/example_workday_timetable.py
[2024-09-12T02:02:45.426-0300] {processor.py:925} INFO - DAG(s) 'example_workday_timetable' retrieved from /home/gabzarp/.local/lib/python3.10/site-packages/airflow/example_dags/example_workday_timetable.py
[2024-09-12T02:02:45.435-0300] {logging_mixin.py:190} INFO - [2024-09-12T02:02:45.435-0300] {dag.py:3229} INFO - Sync 1 DAGs
[2024-09-12T02:02:45.447-0300] {logging_mixin.py:190} INFO - [2024-09-12T02:02:45.446-0300] {dag.py:4156} INFO - Setting next_dagrun for example_workday_timetable to 2021-01-01 00:00:00+00:00, run_after=2021-01-02 00:00:00+00:00
[2024-09-12T02:02:45.460-0300] {processor.py:208} INFO - Processing /home/gabzarp/.local/lib/python3.10/site-packages/airflow/example_dags/example_workday_timetable.py took 0.043 seconds
[2024-09-12T02:03:36.875-0300] {processor.py:186} INFO - Started process (PID=14712) to work on /home/gabzarp/.local/lib/python3.10/site-packages/airflow/example_dags/example_workday_timetable.py
[2024-09-12T02:03:36.877-0300] {processor.py:914} INFO - Processing file /home/gabzarp/.local/lib/python3.10/site-packages/airflow/example_dags/example_workday_timetable.py for tasks to queue
[2024-09-12T02:03:36.878-0300] {logging_mixin.py:190} INFO - [2024-09-12T02:03:36.878-0300] {dagbag.py:587} INFO - Filling up the DagBag from /home/gabzarp/.local/lib/python3.10/site-packages/airflow/example_dags/example_workday_timetable.py
[2024-09-12T02:03:36.885-0300] {processor.py:925} INFO - DAG(s) 'example_workday_timetable' retrieved from /home/gabzarp/.local/lib/python3.10/site-packages/airflow/example_dags/example_workday_timetable.py
[2024-09-12T02:03:36.900-0300] {logging_mixin.py:190} INFO - [2024-09-12T02:03:36.899-0300] {dag.py:3229} INFO - Sync 1 DAGs
[2024-09-12T02:03:36.914-0300] {logging_mixin.py:190} INFO - [2024-09-12T02:03:36.914-0300] {dag.py:4156} INFO - Setting next_dagrun for example_workday_timetable to 2021-01-01 00:00:00+00:00, run_after=2021-01-02 00:00:00+00:00
[2024-09-12T02:03:36.933-0300] {processor.py:208} INFO - Processing /home/gabzarp/.local/lib/python3.10/site-packages/airflow/example_dags/example_workday_timetable.py took 0.062 seconds
[2024-09-12T02:04:28.470-0300] {processor.py:186} INFO - Started process (PID=15125) to work on /home/gabzarp/.local/lib/python3.10/site-packages/airflow/example_dags/example_workday_timetable.py
[2024-09-12T02:04:28.471-0300] {processor.py:914} INFO - Processing file /home/gabzarp/.local/lib/python3.10/site-packages/airflow/example_dags/example_workday_timetable.py for tasks to queue
[2024-09-12T02:04:28.472-0300] {logging_mixin.py:190} INFO - [2024-09-12T02:04:28.471-0300] {dagbag.py:587} INFO - Filling up the DagBag from /home/gabzarp/.local/lib/python3.10/site-packages/airflow/example_dags/example_workday_timetable.py
[2024-09-12T02:04:28.475-0300] {processor.py:925} INFO - DAG(s) 'example_workday_timetable' retrieved from /home/gabzarp/.local/lib/python3.10/site-packages/airflow/example_dags/example_workday_timetable.py
[2024-09-12T02:04:28.486-0300] {logging_mixin.py:190} INFO - [2024-09-12T02:04:28.485-0300] {dag.py:3229} INFO - Sync 1 DAGs
[2024-09-12T02:04:28.499-0300] {logging_mixin.py:190} INFO - [2024-09-12T02:04:28.499-0300] {dag.py:4156} INFO - Setting next_dagrun for example_workday_timetable to 2021-01-01 00:00:00+00:00, run_after=2021-01-02 00:00:00+00:00
[2024-09-12T02:04:28.514-0300] {processor.py:208} INFO - Processing /home/gabzarp/.local/lib/python3.10/site-packages/airflow/example_dags/example_workday_timetable.py took 0.048 seconds
[2024-09-12T02:05:22.538-0300] {processor.py:186} INFO - Started process (PID=15548) to work on /home/gabzarp/.local/lib/python3.10/site-packages/airflow/example_dags/example_workday_timetable.py
[2024-09-12T02:05:22.539-0300] {processor.py:914} INFO - Processing file /home/gabzarp/.local/lib/python3.10/site-packages/airflow/example_dags/example_workday_timetable.py for tasks to queue
[2024-09-12T02:05:22.540-0300] {logging_mixin.py:190} INFO - [2024-09-12T02:05:22.540-0300] {dagbag.py:587} INFO - Filling up the DagBag from /home/gabzarp/.local/lib/python3.10/site-packages/airflow/example_dags/example_workday_timetable.py
[2024-09-12T02:05:22.546-0300] {processor.py:925} INFO - DAG(s) 'example_workday_timetable' retrieved from /home/gabzarp/.local/lib/python3.10/site-packages/airflow/example_dags/example_workday_timetable.py
[2024-09-12T02:05:22.558-0300] {logging_mixin.py:190} INFO - [2024-09-12T02:05:22.558-0300] {dag.py:3229} INFO - Sync 1 DAGs
[2024-09-12T02:05:22.573-0300] {logging_mixin.py:190} INFO - [2024-09-12T02:05:22.573-0300] {dag.py:4156} INFO - Setting next_dagrun for example_workday_timetable to 2021-01-01 00:00:00+00:00, run_after=2021-01-02 00:00:00+00:00
[2024-09-12T02:05:22.589-0300] {processor.py:208} INFO - Processing /home/gabzarp/.local/lib/python3.10/site-packages/airflow/example_dags/example_workday_timetable.py took 0.055 seconds
[2024-09-12T02:06:16.267-0300] {processor.py:186} INFO - Started process (PID=15968) to work on /home/gabzarp/.local/lib/python3.10/site-packages/airflow/example_dags/example_workday_timetable.py
[2024-09-12T02:06:16.268-0300] {processor.py:914} INFO - Processing file /home/gabzarp/.local/lib/python3.10/site-packages/airflow/example_dags/example_workday_timetable.py for tasks to queue
[2024-09-12T02:06:16.269-0300] {logging_mixin.py:190} INFO - [2024-09-12T02:06:16.268-0300] {dagbag.py:587} INFO - Filling up the DagBag from /home/gabzarp/.local/lib/python3.10/site-packages/airflow/example_dags/example_workday_timetable.py
[2024-09-12T02:06:16.272-0300] {processor.py:925} INFO - DAG(s) 'example_workday_timetable' retrieved from /home/gabzarp/.local/lib/python3.10/site-packages/airflow/example_dags/example_workday_timetable.py
[2024-09-12T02:06:16.282-0300] {logging_mixin.py:190} INFO - [2024-09-12T02:06:16.282-0300] {dag.py:3229} INFO - Sync 1 DAGs
[2024-09-12T02:06:16.296-0300] {logging_mixin.py:190} INFO - [2024-09-12T02:06:16.296-0300] {dag.py:4156} INFO - Setting next_dagrun for example_workday_timetable to 2021-01-01 00:00:00+00:00, run_after=2021-01-02 00:00:00+00:00
[2024-09-12T02:06:16.314-0300] {processor.py:208} INFO - Processing /home/gabzarp/.local/lib/python3.10/site-packages/airflow/example_dags/example_workday_timetable.py took 0.051 seconds
[2024-09-12T02:07:04.694-0300] {processor.py:186} INFO - Started process (PID=16356) to work on /home/gabzarp/.local/lib/python3.10/site-packages/airflow/example_dags/example_workday_timetable.py
[2024-09-12T02:07:04.695-0300] {processor.py:914} INFO - Processing file /home/gabzarp/.local/lib/python3.10/site-packages/airflow/example_dags/example_workday_timetable.py for tasks to queue
[2024-09-12T02:07:04.695-0300] {logging_mixin.py:190} INFO - [2024-09-12T02:07:04.695-0300] {dagbag.py:587} INFO - Filling up the DagBag from /home/gabzarp/.local/lib/python3.10/site-packages/airflow/example_dags/example_workday_timetable.py
[2024-09-12T02:07:04.699-0300] {processor.py:925} INFO - DAG(s) 'example_workday_timetable' retrieved from /home/gabzarp/.local/lib/python3.10/site-packages/airflow/example_dags/example_workday_timetable.py
[2024-09-12T02:07:04.708-0300] {logging_mixin.py:190} INFO - [2024-09-12T02:07:04.708-0300] {dag.py:3229} INFO - Sync 1 DAGs
[2024-09-12T02:07:04.721-0300] {logging_mixin.py:190} INFO - [2024-09-12T02:07:04.720-0300] {dag.py:4156} INFO - Setting next_dagrun for example_workday_timetable to 2021-01-01 00:00:00+00:00, run_after=2021-01-02 00:00:00+00:00
[2024-09-12T02:07:04.735-0300] {processor.py:208} INFO - Processing /home/gabzarp/.local/lib/python3.10/site-packages/airflow/example_dags/example_workday_timetable.py took 0.045 seconds
[2024-09-12T02:07:51.523-0300] {processor.py:186} INFO - Started process (PID=16728) to work on /home/gabzarp/.local/lib/python3.10/site-packages/airflow/example_dags/example_workday_timetable.py
[2024-09-12T02:07:51.524-0300] {processor.py:914} INFO - Processing file /home/gabzarp/.local/lib/python3.10/site-packages/airflow/example_dags/example_workday_timetable.py for tasks to queue
[2024-09-12T02:07:51.525-0300] {logging_mixin.py:190} INFO - [2024-09-12T02:07:51.524-0300] {dagbag.py:587} INFO - Filling up the DagBag from /home/gabzarp/.local/lib/python3.10/site-packages/airflow/example_dags/example_workday_timetable.py
[2024-09-12T02:07:51.530-0300] {processor.py:925} INFO - DAG(s) 'example_workday_timetable' retrieved from /home/gabzarp/.local/lib/python3.10/site-packages/airflow/example_dags/example_workday_timetable.py
[2024-09-12T02:07:51.553-0300] {logging_mixin.py:190} INFO - [2024-09-12T02:07:51.553-0300] {dag.py:3229} INFO - Sync 1 DAGs
[2024-09-12T02:07:51.581-0300] {logging_mixin.py:190} INFO - [2024-09-12T02:07:51.581-0300] {dag.py:4156} INFO - Setting next_dagrun for example_workday_timetable to 2021-01-01 00:00:00+00:00, run_after=2021-01-02 00:00:00+00:00
[2024-09-12T02:07:51.600-0300] {processor.py:208} INFO - Processing /home/gabzarp/.local/lib/python3.10/site-packages/airflow/example_dags/example_workday_timetable.py took 0.083 seconds
[2024-09-12T02:08:44.053-0300] {processor.py:186} INFO - Started process (PID=17139) to work on /home/gabzarp/.local/lib/python3.10/site-packages/airflow/example_dags/example_workday_timetable.py
[2024-09-12T02:08:44.054-0300] {processor.py:914} INFO - Processing file /home/gabzarp/.local/lib/python3.10/site-packages/airflow/example_dags/example_workday_timetable.py for tasks to queue
[2024-09-12T02:08:44.055-0300] {logging_mixin.py:190} INFO - [2024-09-12T02:08:44.054-0300] {dagbag.py:587} INFO - Filling up the DagBag from /home/gabzarp/.local/lib/python3.10/site-packages/airflow/example_dags/example_workday_timetable.py
[2024-09-12T02:08:44.059-0300] {processor.py:925} INFO - DAG(s) 'example_workday_timetable' retrieved from /home/gabzarp/.local/lib/python3.10/site-packages/airflow/example_dags/example_workday_timetable.py
[2024-09-12T02:08:44.069-0300] {logging_mixin.py:190} INFO - [2024-09-12T02:08:44.069-0300] {dag.py:3229} INFO - Sync 1 DAGs
[2024-09-12T02:08:44.083-0300] {logging_mixin.py:190} INFO - [2024-09-12T02:08:44.082-0300] {dag.py:4156} INFO - Setting next_dagrun for example_workday_timetable to 2021-01-01 00:00:00+00:00, run_after=2021-01-02 00:00:00+00:00
[2024-09-12T02:08:44.099-0300] {processor.py:208} INFO - Processing /home/gabzarp/.local/lib/python3.10/site-packages/airflow/example_dags/example_workday_timetable.py took 0.050 seconds
[2024-09-12T02:09:35.386-0300] {processor.py:186} INFO - Started process (PID=17627) to work on /home/gabzarp/.local/lib/python3.10/site-packages/airflow/example_dags/example_workday_timetable.py
[2024-09-12T02:09:35.387-0300] {processor.py:914} INFO - Processing file /home/gabzarp/.local/lib/python3.10/site-packages/airflow/example_dags/example_workday_timetable.py for tasks to queue
[2024-09-12T02:09:35.388-0300] {logging_mixin.py:190} INFO - [2024-09-12T02:09:35.388-0300] {dagbag.py:587} INFO - Filling up the DagBag from /home/gabzarp/.local/lib/python3.10/site-packages/airflow/example_dags/example_workday_timetable.py
[2024-09-12T02:09:35.391-0300] {processor.py:925} INFO - DAG(s) 'example_workday_timetable' retrieved from /home/gabzarp/.local/lib/python3.10/site-packages/airflow/example_dags/example_workday_timetable.py
[2024-09-12T02:09:35.402-0300] {logging_mixin.py:190} INFO - [2024-09-12T02:09:35.402-0300] {dag.py:3229} INFO - Sync 1 DAGs
[2024-09-12T02:09:35.416-0300] {logging_mixin.py:190} INFO - [2024-09-12T02:09:35.416-0300] {dag.py:4156} INFO - Setting next_dagrun for example_workday_timetable to 2021-01-01 00:00:00+00:00, run_after=2021-01-02 00:00:00+00:00
[2024-09-12T02:09:35.434-0300] {processor.py:208} INFO - Processing /home/gabzarp/.local/lib/python3.10/site-packages/airflow/example_dags/example_workday_timetable.py took 0.052 seconds
