[2024-09-12T01:40:03.319-0300] {processor.py:186} INFO - Started process (PID=2741) to work on /home/gabzarp/.local/lib/python3.10/site-packages/airflow/example_dags/example_branch_python_dop_operator_3.py
[2024-09-12T01:40:03.320-0300] {processor.py:914} INFO - Processing file /home/gabzarp/.local/lib/python3.10/site-packages/airflow/example_dags/example_branch_python_dop_operator_3.py for tasks to queue
[2024-09-12T01:40:03.322-0300] {logging_mixin.py:190} INFO - [2024-09-12T01:40:03.322-0300] {dagbag.py:587} INFO - Filling up the DagBag from /home/gabzarp/.local/lib/python3.10/site-packages/airflow/example_dags/example_branch_python_dop_operator_3.py
[2024-09-12T01:40:03.328-0300] {processor.py:925} INFO - DAG(s) 'example_branch_dop_operator_v3' retrieved from /home/gabzarp/.local/lib/python3.10/site-packages/airflow/example_dags/example_branch_python_dop_operator_3.py
[2024-09-12T01:40:03.391-0300] {logging_mixin.py:190} INFO - [2024-09-12T01:40:03.390-0300] {override.py:1900} INFO - Created Permission View: can edit on DAG:example_branch_dop_operator_v3
[2024-09-12T01:40:03.400-0300] {logging_mixin.py:190} INFO - [2024-09-12T01:40:03.400-0300] {override.py:1900} INFO - Created Permission View: can read on DAG:example_branch_dop_operator_v3
[2024-09-12T01:40:03.408-0300] {logging_mixin.py:190} INFO - [2024-09-12T01:40:03.408-0300] {override.py:1900} INFO - Created Permission View: can delete on DAG:example_branch_dop_operator_v3
[2024-09-12T01:40:03.419-0300] {logging_mixin.py:190} INFO - [2024-09-12T01:40:03.419-0300] {override.py:1900} INFO - Created Permission View: can read on DAG Run:example_branch_dop_operator_v3
[2024-09-12T01:40:03.426-0300] {logging_mixin.py:190} INFO - [2024-09-12T01:40:03.426-0300] {override.py:1900} INFO - Created Permission View: can create on DAG Run:example_branch_dop_operator_v3
[2024-09-12T01:40:03.434-0300] {logging_mixin.py:190} INFO - [2024-09-12T01:40:03.433-0300] {override.py:1900} INFO - Created Permission View: menu access on DAG Run:example_branch_dop_operator_v3
[2024-09-12T01:40:03.440-0300] {logging_mixin.py:190} INFO - [2024-09-12T01:40:03.440-0300] {override.py:1900} INFO - Created Permission View: can delete on DAG Run:example_branch_dop_operator_v3
[2024-09-12T01:40:03.440-0300] {logging_mixin.py:190} INFO - [2024-09-12T01:40:03.440-0300] {dag.py:3229} INFO - Sync 1 DAGs
[2024-09-12T01:40:03.448-0300] {logging_mixin.py:190} INFO - [2024-09-12T01:40:03.448-0300] {dag.py:3252} INFO - Creating ORM DAG for example_branch_dop_operator_v3
[2024-09-12T01:40:03.455-0300] {logging_mixin.py:190} INFO - [2024-09-12T01:40:03.455-0300] {dag.py:4156} INFO - Setting next_dagrun for example_branch_dop_operator_v3 to 2024-09-12 04:39:00+00:00, run_after=2024-09-12 04:40:00+00:00
[2024-09-12T01:40:03.470-0300] {processor.py:208} INFO - Processing /home/gabzarp/.local/lib/python3.10/site-packages/airflow/example_dags/example_branch_python_dop_operator_3.py took 0.154 seconds
[2024-09-12T01:40:58.586-0300] {processor.py:186} INFO - Started process (PID=3020) to work on /home/gabzarp/.local/lib/python3.10/site-packages/airflow/example_dags/example_branch_python_dop_operator_3.py
[2024-09-12T01:40:58.587-0300] {processor.py:914} INFO - Processing file /home/gabzarp/.local/lib/python3.10/site-packages/airflow/example_dags/example_branch_python_dop_operator_3.py for tasks to queue
[2024-09-12T01:40:58.588-0300] {logging_mixin.py:190} INFO - [2024-09-12T01:40:58.588-0300] {dagbag.py:587} INFO - Filling up the DagBag from /home/gabzarp/.local/lib/python3.10/site-packages/airflow/example_dags/example_branch_python_dop_operator_3.py
[2024-09-12T01:40:58.595-0300] {processor.py:925} INFO - DAG(s) 'example_branch_dop_operator_v3' retrieved from /home/gabzarp/.local/lib/python3.10/site-packages/airflow/example_dags/example_branch_python_dop_operator_3.py
[2024-09-12T01:40:58.604-0300] {logging_mixin.py:190} INFO - [2024-09-12T01:40:58.604-0300] {dag.py:3229} INFO - Sync 1 DAGs
[2024-09-12T01:40:58.618-0300] {logging_mixin.py:190} INFO - [2024-09-12T01:40:58.618-0300] {dag.py:4156} INFO - Setting next_dagrun for example_branch_dop_operator_v3 to 2024-09-12 04:39:00+00:00, run_after=2024-09-12 04:40:00+00:00
[2024-09-12T01:40:58.634-0300] {processor.py:208} INFO - Processing /home/gabzarp/.local/lib/python3.10/site-packages/airflow/example_dags/example_branch_python_dop_operator_3.py took 0.052 seconds
[2024-09-12T01:41:52.569-0300] {processor.py:186} INFO - Started process (PID=3371) to work on /home/gabzarp/.local/lib/python3.10/site-packages/airflow/example_dags/example_branch_python_dop_operator_3.py
[2024-09-12T01:41:52.570-0300] {processor.py:914} INFO - Processing file /home/gabzarp/.local/lib/python3.10/site-packages/airflow/example_dags/example_branch_python_dop_operator_3.py for tasks to queue
[2024-09-12T01:41:52.572-0300] {logging_mixin.py:190} INFO - [2024-09-12T01:41:52.571-0300] {dagbag.py:587} INFO - Filling up the DagBag from /home/gabzarp/.local/lib/python3.10/site-packages/airflow/example_dags/example_branch_python_dop_operator_3.py
[2024-09-12T01:41:52.578-0300] {processor.py:925} INFO - DAG(s) 'example_branch_dop_operator_v3' retrieved from /home/gabzarp/.local/lib/python3.10/site-packages/airflow/example_dags/example_branch_python_dop_operator_3.py
[2024-09-12T01:41:52.587-0300] {logging_mixin.py:190} INFO - [2024-09-12T01:41:52.587-0300] {dag.py:3229} INFO - Sync 1 DAGs
[2024-09-12T01:41:52.601-0300] {logging_mixin.py:190} INFO - [2024-09-12T01:41:52.601-0300] {dag.py:4156} INFO - Setting next_dagrun for example_branch_dop_operator_v3 to 2024-09-12 04:40:00+00:00, run_after=2024-09-12 04:41:00+00:00
[2024-09-12T01:41:52.616-0300] {processor.py:208} INFO - Processing /home/gabzarp/.local/lib/python3.10/site-packages/airflow/example_dags/example_branch_python_dop_operator_3.py took 0.050 seconds
[2024-09-12T01:42:45.318-0300] {processor.py:186} INFO - Started process (PID=3638) to work on /home/gabzarp/.local/lib/python3.10/site-packages/airflow/example_dags/example_branch_python_dop_operator_3.py
[2024-09-12T01:42:45.320-0300] {processor.py:914} INFO - Processing file /home/gabzarp/.local/lib/python3.10/site-packages/airflow/example_dags/example_branch_python_dop_operator_3.py for tasks to queue
[2024-09-12T01:42:45.322-0300] {logging_mixin.py:190} INFO - [2024-09-12T01:42:45.322-0300] {dagbag.py:587} INFO - Filling up the DagBag from /home/gabzarp/.local/lib/python3.10/site-packages/airflow/example_dags/example_branch_python_dop_operator_3.py
[2024-09-12T01:42:45.329-0300] {processor.py:925} INFO - DAG(s) 'example_branch_dop_operator_v3' retrieved from /home/gabzarp/.local/lib/python3.10/site-packages/airflow/example_dags/example_branch_python_dop_operator_3.py
[2024-09-12T01:42:45.444-0300] {logging_mixin.py:190} INFO - [2024-09-12T01:42:45.444-0300] {dag.py:3229} INFO - Sync 1 DAGs
[2024-09-12T01:42:45.461-0300] {logging_mixin.py:190} INFO - [2024-09-12T01:42:45.461-0300] {dag.py:4156} INFO - Setting next_dagrun for example_branch_dop_operator_v3 to 2024-09-12 04:41:00+00:00, run_after=2024-09-12 04:42:00+00:00
[2024-09-12T01:42:45.478-0300] {processor.py:208} INFO - Processing /home/gabzarp/.local/lib/python3.10/site-packages/airflow/example_dags/example_branch_python_dop_operator_3.py took 0.165 seconds
[2024-09-12T01:44:15.700-0300] {processor.py:186} INFO - Started process (PID=4523) to work on /home/gabzarp/.local/lib/python3.10/site-packages/airflow/example_dags/example_branch_python_dop_operator_3.py
[2024-09-12T01:44:15.701-0300] {processor.py:914} INFO - Processing file /home/gabzarp/.local/lib/python3.10/site-packages/airflow/example_dags/example_branch_python_dop_operator_3.py for tasks to queue
[2024-09-12T01:44:15.703-0300] {logging_mixin.py:190} INFO - [2024-09-12T01:44:15.702-0300] {dagbag.py:587} INFO - Filling up the DagBag from /home/gabzarp/.local/lib/python3.10/site-packages/airflow/example_dags/example_branch_python_dop_operator_3.py
[2024-09-12T01:44:15.711-0300] {processor.py:925} INFO - DAG(s) 'example_branch_dop_operator_v3' retrieved from /home/gabzarp/.local/lib/python3.10/site-packages/airflow/example_dags/example_branch_python_dop_operator_3.py
[2024-09-12T01:44:15.726-0300] {logging_mixin.py:190} INFO - [2024-09-12T01:44:15.726-0300] {dag.py:3229} INFO - Sync 1 DAGs
[2024-09-12T01:44:15.746-0300] {logging_mixin.py:190} INFO - [2024-09-12T01:44:15.745-0300] {dag.py:4156} INFO - Setting next_dagrun for example_branch_dop_operator_v3 to 2024-09-12 04:43:00+00:00, run_after=2024-09-12 04:44:00+00:00
[2024-09-12T01:44:15.764-0300] {processor.py:208} INFO - Processing /home/gabzarp/.local/lib/python3.10/site-packages/airflow/example_dags/example_branch_python_dop_operator_3.py took 0.068 seconds
[2024-09-12T01:45:44.427-0300] {processor.py:186} INFO - Started process (PID=5384) to work on /home/gabzarp/.local/lib/python3.10/site-packages/airflow/example_dags/example_branch_python_dop_operator_3.py
[2024-09-12T01:45:44.428-0300] {processor.py:914} INFO - Processing file /home/gabzarp/.local/lib/python3.10/site-packages/airflow/example_dags/example_branch_python_dop_operator_3.py for tasks to queue
[2024-09-12T01:45:44.429-0300] {logging_mixin.py:190} INFO - [2024-09-12T01:45:44.429-0300] {dagbag.py:587} INFO - Filling up the DagBag from /home/gabzarp/.local/lib/python3.10/site-packages/airflow/example_dags/example_branch_python_dop_operator_3.py
[2024-09-12T01:45:44.436-0300] {processor.py:925} INFO - DAG(s) 'example_branch_dop_operator_v3' retrieved from /home/gabzarp/.local/lib/python3.10/site-packages/airflow/example_dags/example_branch_python_dop_operator_3.py
[2024-09-12T01:45:44.447-0300] {logging_mixin.py:190} INFO - [2024-09-12T01:45:44.446-0300] {dag.py:3229} INFO - Sync 1 DAGs
[2024-09-12T01:45:44.466-0300] {logging_mixin.py:190} INFO - [2024-09-12T01:45:44.466-0300] {dag.py:4156} INFO - Setting next_dagrun for example_branch_dop_operator_v3 to 2024-09-12 04:44:00+00:00, run_after=2024-09-12 04:45:00+00:00
[2024-09-12T01:45:44.483-0300] {processor.py:208} INFO - Processing /home/gabzarp/.local/lib/python3.10/site-packages/airflow/example_dags/example_branch_python_dop_operator_3.py took 0.060 seconds
[2024-09-12T01:46:56.513-0300] {processor.py:186} INFO - Started process (PID=5969) to work on /home/gabzarp/.local/lib/python3.10/site-packages/airflow/example_dags/example_branch_python_dop_operator_3.py
[2024-09-12T01:46:56.514-0300] {processor.py:914} INFO - Processing file /home/gabzarp/.local/lib/python3.10/site-packages/airflow/example_dags/example_branch_python_dop_operator_3.py for tasks to queue
[2024-09-12T01:46:56.515-0300] {logging_mixin.py:190} INFO - [2024-09-12T01:46:56.515-0300] {dagbag.py:587} INFO - Filling up the DagBag from /home/gabzarp/.local/lib/python3.10/site-packages/airflow/example_dags/example_branch_python_dop_operator_3.py
[2024-09-12T01:46:56.522-0300] {processor.py:925} INFO - DAG(s) 'example_branch_dop_operator_v3' retrieved from /home/gabzarp/.local/lib/python3.10/site-packages/airflow/example_dags/example_branch_python_dop_operator_3.py
[2024-09-12T01:46:56.531-0300] {logging_mixin.py:190} INFO - [2024-09-12T01:46:56.531-0300] {dag.py:3229} INFO - Sync 1 DAGs
[2024-09-12T01:46:56.547-0300] {logging_mixin.py:190} INFO - [2024-09-12T01:46:56.547-0300] {dag.py:4156} INFO - Setting next_dagrun for example_branch_dop_operator_v3 to 2024-09-12 04:45:00+00:00, run_after=2024-09-12 04:46:00+00:00
[2024-09-12T01:46:56.562-0300] {processor.py:208} INFO - Processing /home/gabzarp/.local/lib/python3.10/site-packages/airflow/example_dags/example_branch_python_dop_operator_3.py took 0.052 seconds
[2024-09-12T01:48:07.450-0300] {processor.py:186} INFO - Started process (PID=6531) to work on /home/gabzarp/.local/lib/python3.10/site-packages/airflow/example_dags/example_branch_python_dop_operator_3.py
[2024-09-12T01:48:07.451-0300] {processor.py:914} INFO - Processing file /home/gabzarp/.local/lib/python3.10/site-packages/airflow/example_dags/example_branch_python_dop_operator_3.py for tasks to queue
[2024-09-12T01:48:07.452-0300] {logging_mixin.py:190} INFO - [2024-09-12T01:48:07.452-0300] {dagbag.py:587} INFO - Filling up the DagBag from /home/gabzarp/.local/lib/python3.10/site-packages/airflow/example_dags/example_branch_python_dop_operator_3.py
[2024-09-12T01:48:07.458-0300] {processor.py:925} INFO - DAG(s) 'example_branch_dop_operator_v3' retrieved from /home/gabzarp/.local/lib/python3.10/site-packages/airflow/example_dags/example_branch_python_dop_operator_3.py
[2024-09-12T01:48:07.468-0300] {logging_mixin.py:190} INFO - [2024-09-12T01:48:07.468-0300] {dag.py:3229} INFO - Sync 1 DAGs
[2024-09-12T01:48:07.482-0300] {logging_mixin.py:190} INFO - [2024-09-12T01:48:07.482-0300] {dag.py:4156} INFO - Setting next_dagrun for example_branch_dop_operator_v3 to 2024-09-12 04:47:00+00:00, run_after=2024-09-12 04:48:00+00:00
[2024-09-12T01:48:07.497-0300] {processor.py:208} INFO - Processing /home/gabzarp/.local/lib/python3.10/site-packages/airflow/example_dags/example_branch_python_dop_operator_3.py took 0.050 seconds
[2024-09-12T01:49:23.928-0300] {processor.py:186} INFO - Started process (PID=7275) to work on /home/gabzarp/.local/lib/python3.10/site-packages/airflow/example_dags/example_branch_python_dop_operator_3.py
[2024-09-12T01:49:23.929-0300] {processor.py:914} INFO - Processing file /home/gabzarp/.local/lib/python3.10/site-packages/airflow/example_dags/example_branch_python_dop_operator_3.py for tasks to queue
[2024-09-12T01:49:23.930-0300] {logging_mixin.py:190} INFO - [2024-09-12T01:49:23.930-0300] {dagbag.py:587} INFO - Filling up the DagBag from /home/gabzarp/.local/lib/python3.10/site-packages/airflow/example_dags/example_branch_python_dop_operator_3.py
[2024-09-12T01:49:23.937-0300] {processor.py:925} INFO - DAG(s) 'example_branch_dop_operator_v3' retrieved from /home/gabzarp/.local/lib/python3.10/site-packages/airflow/example_dags/example_branch_python_dop_operator_3.py
[2024-09-12T01:49:23.947-0300] {logging_mixin.py:190} INFO - [2024-09-12T01:49:23.947-0300] {dag.py:3229} INFO - Sync 1 DAGs
[2024-09-12T01:49:23.963-0300] {logging_mixin.py:190} INFO - [2024-09-12T01:49:23.963-0300] {dag.py:4156} INFO - Setting next_dagrun for example_branch_dop_operator_v3 to 2024-09-12 04:48:00+00:00, run_after=2024-09-12 04:49:00+00:00
[2024-09-12T01:49:23.981-0300] {processor.py:208} INFO - Processing /home/gabzarp/.local/lib/python3.10/site-packages/airflow/example_dags/example_branch_python_dop_operator_3.py took 0.057 seconds
[2024-09-12T01:50:37.711-0300] {processor.py:186} INFO - Started process (PID=7946) to work on /home/gabzarp/.local/lib/python3.10/site-packages/airflow/example_dags/example_branch_python_dop_operator_3.py
[2024-09-12T01:50:37.712-0300] {processor.py:914} INFO - Processing file /home/gabzarp/.local/lib/python3.10/site-packages/airflow/example_dags/example_branch_python_dop_operator_3.py for tasks to queue
[2024-09-12T01:50:37.713-0300] {logging_mixin.py:190} INFO - [2024-09-12T01:50:37.713-0300] {dagbag.py:587} INFO - Filling up the DagBag from /home/gabzarp/.local/lib/python3.10/site-packages/airflow/example_dags/example_branch_python_dop_operator_3.py
[2024-09-12T01:50:37.719-0300] {processor.py:925} INFO - DAG(s) 'example_branch_dop_operator_v3' retrieved from /home/gabzarp/.local/lib/python3.10/site-packages/airflow/example_dags/example_branch_python_dop_operator_3.py
[2024-09-12T01:50:37.728-0300] {logging_mixin.py:190} INFO - [2024-09-12T01:50:37.728-0300] {dag.py:3229} INFO - Sync 1 DAGs
[2024-09-12T01:50:37.743-0300] {logging_mixin.py:190} INFO - [2024-09-12T01:50:37.743-0300] {dag.py:4156} INFO - Setting next_dagrun for example_branch_dop_operator_v3 to 2024-09-12 04:49:00+00:00, run_after=2024-09-12 04:50:00+00:00
[2024-09-12T01:50:37.756-0300] {processor.py:208} INFO - Processing /home/gabzarp/.local/lib/python3.10/site-packages/airflow/example_dags/example_branch_python_dop_operator_3.py took 0.049 seconds
[2024-09-12T01:51:49.993-0300] {processor.py:186} INFO - Started process (PID=8641) to work on /home/gabzarp/.local/lib/python3.10/site-packages/airflow/example_dags/example_branch_python_dop_operator_3.py
[2024-09-12T01:51:49.994-0300] {processor.py:914} INFO - Processing file /home/gabzarp/.local/lib/python3.10/site-packages/airflow/example_dags/example_branch_python_dop_operator_3.py for tasks to queue
[2024-09-12T01:51:49.995-0300] {logging_mixin.py:190} INFO - [2024-09-12T01:51:49.995-0300] {dagbag.py:587} INFO - Filling up the DagBag from /home/gabzarp/.local/lib/python3.10/site-packages/airflow/example_dags/example_branch_python_dop_operator_3.py
[2024-09-12T01:51:50.002-0300] {processor.py:925} INFO - DAG(s) 'example_branch_dop_operator_v3' retrieved from /home/gabzarp/.local/lib/python3.10/site-packages/airflow/example_dags/example_branch_python_dop_operator_3.py
[2024-09-12T01:51:50.012-0300] {logging_mixin.py:190} INFO - [2024-09-12T01:51:50.012-0300] {dag.py:3229} INFO - Sync 1 DAGs
[2024-09-12T01:51:50.028-0300] {logging_mixin.py:190} INFO - [2024-09-12T01:51:50.027-0300] {dag.py:4156} INFO - Setting next_dagrun for example_branch_dop_operator_v3 to 2024-09-12 04:50:00+00:00, run_after=2024-09-12 04:51:00+00:00
[2024-09-12T01:51:50.043-0300] {processor.py:208} INFO - Processing /home/gabzarp/.local/lib/python3.10/site-packages/airflow/example_dags/example_branch_python_dop_operator_3.py took 0.054 seconds
[2024-09-12T01:52:42.420-0300] {processor.py:186} INFO - Started process (PID=9170) to work on /home/gabzarp/.local/lib/python3.10/site-packages/airflow/example_dags/example_branch_python_dop_operator_3.py
[2024-09-12T01:52:42.421-0300] {processor.py:914} INFO - Processing file /home/gabzarp/.local/lib/python3.10/site-packages/airflow/example_dags/example_branch_python_dop_operator_3.py for tasks to queue
[2024-09-12T01:52:42.422-0300] {logging_mixin.py:190} INFO - [2024-09-12T01:52:42.422-0300] {dagbag.py:587} INFO - Filling up the DagBag from /home/gabzarp/.local/lib/python3.10/site-packages/airflow/example_dags/example_branch_python_dop_operator_3.py
[2024-09-12T01:52:42.429-0300] {processor.py:925} INFO - DAG(s) 'example_branch_dop_operator_v3' retrieved from /home/gabzarp/.local/lib/python3.10/site-packages/airflow/example_dags/example_branch_python_dop_operator_3.py
[2024-09-12T01:52:42.439-0300] {logging_mixin.py:190} INFO - [2024-09-12T01:52:42.439-0300] {dag.py:3229} INFO - Sync 1 DAGs
[2024-09-12T01:52:42.454-0300] {logging_mixin.py:190} INFO - [2024-09-12T01:52:42.454-0300] {dag.py:4156} INFO - Setting next_dagrun for example_branch_dop_operator_v3 to 2024-09-12 04:51:00+00:00, run_after=2024-09-12 04:52:00+00:00
[2024-09-12T01:52:42.469-0300] {processor.py:208} INFO - Processing /home/gabzarp/.local/lib/python3.10/site-packages/airflow/example_dags/example_branch_python_dop_operator_3.py took 0.053 seconds
[2024-09-12T01:53:33.800-0300] {processor.py:186} INFO - Started process (PID=9641) to work on /home/gabzarp/.local/lib/python3.10/site-packages/airflow/example_dags/example_branch_python_dop_operator_3.py
[2024-09-12T01:53:33.801-0300] {processor.py:914} INFO - Processing file /home/gabzarp/.local/lib/python3.10/site-packages/airflow/example_dags/example_branch_python_dop_operator_3.py for tasks to queue
[2024-09-12T01:53:33.802-0300] {logging_mixin.py:190} INFO - [2024-09-12T01:53:33.802-0300] {dagbag.py:587} INFO - Filling up the DagBag from /home/gabzarp/.local/lib/python3.10/site-packages/airflow/example_dags/example_branch_python_dop_operator_3.py
[2024-09-12T01:53:33.809-0300] {processor.py:925} INFO - DAG(s) 'example_branch_dop_operator_v3' retrieved from /home/gabzarp/.local/lib/python3.10/site-packages/airflow/example_dags/example_branch_python_dop_operator_3.py
[2024-09-12T01:53:33.818-0300] {logging_mixin.py:190} INFO - [2024-09-12T01:53:33.818-0300] {dag.py:3229} INFO - Sync 1 DAGs
[2024-09-12T01:53:33.833-0300] {logging_mixin.py:190} INFO - [2024-09-12T01:53:33.833-0300] {dag.py:4156} INFO - Setting next_dagrun for example_branch_dop_operator_v3 to 2024-09-12 04:52:00+00:00, run_after=2024-09-12 04:53:00+00:00
[2024-09-12T01:53:33.849-0300] {processor.py:208} INFO - Processing /home/gabzarp/.local/lib/python3.10/site-packages/airflow/example_dags/example_branch_python_dop_operator_3.py took 0.052 seconds
[2024-09-12T01:54:26.577-0300] {processor.py:186} INFO - Started process (PID=10090) to work on /home/gabzarp/.local/lib/python3.10/site-packages/airflow/example_dags/example_branch_python_dop_operator_3.py
[2024-09-12T01:54:26.578-0300] {processor.py:914} INFO - Processing file /home/gabzarp/.local/lib/python3.10/site-packages/airflow/example_dags/example_branch_python_dop_operator_3.py for tasks to queue
[2024-09-12T01:54:26.579-0300] {logging_mixin.py:190} INFO - [2024-09-12T01:54:26.579-0300] {dagbag.py:587} INFO - Filling up the DagBag from /home/gabzarp/.local/lib/python3.10/site-packages/airflow/example_dags/example_branch_python_dop_operator_3.py
[2024-09-12T01:54:26.585-0300] {processor.py:925} INFO - DAG(s) 'example_branch_dop_operator_v3' retrieved from /home/gabzarp/.local/lib/python3.10/site-packages/airflow/example_dags/example_branch_python_dop_operator_3.py
[2024-09-12T01:54:26.594-0300] {logging_mixin.py:190} INFO - [2024-09-12T01:54:26.594-0300] {dag.py:3229} INFO - Sync 1 DAGs
[2024-09-12T01:54:26.609-0300] {logging_mixin.py:190} INFO - [2024-09-12T01:54:26.608-0300] {dag.py:4156} INFO - Setting next_dagrun for example_branch_dop_operator_v3 to 2024-09-12 04:53:00+00:00, run_after=2024-09-12 04:54:00+00:00
[2024-09-12T01:54:26.622-0300] {processor.py:208} INFO - Processing /home/gabzarp/.local/lib/python3.10/site-packages/airflow/example_dags/example_branch_python_dop_operator_3.py took 0.048 seconds
[2024-09-12T01:55:46.162-0300] {processor.py:186} INFO - Started process (PID=10731) to work on /home/gabzarp/.local/lib/python3.10/site-packages/airflow/example_dags/example_branch_python_dop_operator_3.py
[2024-09-12T01:55:46.218-0300] {processor.py:914} INFO - Processing file /home/gabzarp/.local/lib/python3.10/site-packages/airflow/example_dags/example_branch_python_dop_operator_3.py for tasks to queue
[2024-09-12T01:55:46.219-0300] {logging_mixin.py:190} INFO - [2024-09-12T01:55:46.219-0300] {dagbag.py:587} INFO - Filling up the DagBag from /home/gabzarp/.local/lib/python3.10/site-packages/airflow/example_dags/example_branch_python_dop_operator_3.py
[2024-09-12T01:55:46.226-0300] {processor.py:925} INFO - DAG(s) 'example_branch_dop_operator_v3' retrieved from /home/gabzarp/.local/lib/python3.10/site-packages/airflow/example_dags/example_branch_python_dop_operator_3.py
[2024-09-12T01:55:46.236-0300] {logging_mixin.py:190} INFO - [2024-09-12T01:55:46.235-0300] {dag.py:3229} INFO - Sync 1 DAGs
[2024-09-12T01:55:46.251-0300] {logging_mixin.py:190} INFO - [2024-09-12T01:55:46.251-0300] {dag.py:4156} INFO - Setting next_dagrun for example_branch_dop_operator_v3 to 2024-09-12 04:54:00+00:00, run_after=2024-09-12 04:55:00+00:00
[2024-09-12T01:55:46.266-0300] {processor.py:208} INFO - Processing /home/gabzarp/.local/lib/python3.10/site-packages/airflow/example_dags/example_branch_python_dop_operator_3.py took 0.108 seconds
[2024-09-12T01:56:41.604-0300] {processor.py:186} INFO - Started process (PID=11184) to work on /home/gabzarp/.local/lib/python3.10/site-packages/airflow/example_dags/example_branch_python_dop_operator_3.py
[2024-09-12T01:56:41.605-0300] {processor.py:914} INFO - Processing file /home/gabzarp/.local/lib/python3.10/site-packages/airflow/example_dags/example_branch_python_dop_operator_3.py for tasks to queue
[2024-09-12T01:56:41.605-0300] {logging_mixin.py:190} INFO - [2024-09-12T01:56:41.605-0300] {dagbag.py:587} INFO - Filling up the DagBag from /home/gabzarp/.local/lib/python3.10/site-packages/airflow/example_dags/example_branch_python_dop_operator_3.py
[2024-09-12T01:56:41.612-0300] {processor.py:925} INFO - DAG(s) 'example_branch_dop_operator_v3' retrieved from /home/gabzarp/.local/lib/python3.10/site-packages/airflow/example_dags/example_branch_python_dop_operator_3.py
[2024-09-12T01:56:41.621-0300] {logging_mixin.py:190} INFO - [2024-09-12T01:56:41.621-0300] {dag.py:3229} INFO - Sync 1 DAGs
[2024-09-12T01:56:41.636-0300] {logging_mixin.py:190} INFO - [2024-09-12T01:56:41.636-0300] {dag.py:4156} INFO - Setting next_dagrun for example_branch_dop_operator_v3 to 2024-09-12 04:55:00+00:00, run_after=2024-09-12 04:56:00+00:00
[2024-09-12T01:56:41.650-0300] {processor.py:208} INFO - Processing /home/gabzarp/.local/lib/python3.10/site-packages/airflow/example_dags/example_branch_python_dop_operator_3.py took 0.050 seconds
[2024-09-12T01:57:35.817-0300] {processor.py:186} INFO - Started process (PID=11660) to work on /home/gabzarp/.local/lib/python3.10/site-packages/airflow/example_dags/example_branch_python_dop_operator_3.py
[2024-09-12T01:57:35.818-0300] {processor.py:914} INFO - Processing file /home/gabzarp/.local/lib/python3.10/site-packages/airflow/example_dags/example_branch_python_dop_operator_3.py for tasks to queue
[2024-09-12T01:57:35.819-0300] {logging_mixin.py:190} INFO - [2024-09-12T01:57:35.819-0300] {dagbag.py:587} INFO - Filling up the DagBag from /home/gabzarp/.local/lib/python3.10/site-packages/airflow/example_dags/example_branch_python_dop_operator_3.py
[2024-09-12T01:57:35.826-0300] {processor.py:925} INFO - DAG(s) 'example_branch_dop_operator_v3' retrieved from /home/gabzarp/.local/lib/python3.10/site-packages/airflow/example_dags/example_branch_python_dop_operator_3.py
[2024-09-12T01:57:35.836-0300] {logging_mixin.py:190} INFO - [2024-09-12T01:57:35.836-0300] {dag.py:3229} INFO - Sync 1 DAGs
[2024-09-12T01:57:35.853-0300] {logging_mixin.py:190} INFO - [2024-09-12T01:57:35.852-0300] {dag.py:4156} INFO - Setting next_dagrun for example_branch_dop_operator_v3 to 2024-09-12 04:56:00+00:00, run_after=2024-09-12 04:57:00+00:00
[2024-09-12T01:57:35.871-0300] {processor.py:208} INFO - Processing /home/gabzarp/.local/lib/python3.10/site-packages/airflow/example_dags/example_branch_python_dop_operator_3.py took 0.057 seconds
[2024-09-12T01:58:54.098-0300] {processor.py:186} INFO - Started process (PID=12281) to work on /home/gabzarp/.local/lib/python3.10/site-packages/airflow/example_dags/example_branch_python_dop_operator_3.py
[2024-09-12T01:58:54.099-0300] {processor.py:914} INFO - Processing file /home/gabzarp/.local/lib/python3.10/site-packages/airflow/example_dags/example_branch_python_dop_operator_3.py for tasks to queue
[2024-09-12T01:58:54.100-0300] {logging_mixin.py:190} INFO - [2024-09-12T01:58:54.100-0300] {dagbag.py:587} INFO - Filling up the DagBag from /home/gabzarp/.local/lib/python3.10/site-packages/airflow/example_dags/example_branch_python_dop_operator_3.py
[2024-09-12T01:58:54.106-0300] {processor.py:925} INFO - DAG(s) 'example_branch_dop_operator_v3' retrieved from /home/gabzarp/.local/lib/python3.10/site-packages/airflow/example_dags/example_branch_python_dop_operator_3.py
[2024-09-12T01:58:54.116-0300] {logging_mixin.py:190} INFO - [2024-09-12T01:58:54.115-0300] {dag.py:3229} INFO - Sync 1 DAGs
[2024-09-12T01:58:54.131-0300] {logging_mixin.py:190} INFO - [2024-09-12T01:58:54.130-0300] {dag.py:4156} INFO - Setting next_dagrun for example_branch_dop_operator_v3 to 2024-09-12 04:57:00+00:00, run_after=2024-09-12 04:58:00+00:00
[2024-09-12T01:58:54.146-0300] {processor.py:208} INFO - Processing /home/gabzarp/.local/lib/python3.10/site-packages/airflow/example_dags/example_branch_python_dop_operator_3.py took 0.051 seconds
[2024-09-12T01:59:45.744-0300] {processor.py:186} INFO - Started process (PID=12690) to work on /home/gabzarp/.local/lib/python3.10/site-packages/airflow/example_dags/example_branch_python_dop_operator_3.py
[2024-09-12T01:59:45.745-0300] {processor.py:914} INFO - Processing file /home/gabzarp/.local/lib/python3.10/site-packages/airflow/example_dags/example_branch_python_dop_operator_3.py for tasks to queue
[2024-09-12T01:59:45.746-0300] {logging_mixin.py:190} INFO - [2024-09-12T01:59:45.746-0300] {dagbag.py:587} INFO - Filling up the DagBag from /home/gabzarp/.local/lib/python3.10/site-packages/airflow/example_dags/example_branch_python_dop_operator_3.py
[2024-09-12T01:59:45.752-0300] {processor.py:925} INFO - DAG(s) 'example_branch_dop_operator_v3' retrieved from /home/gabzarp/.local/lib/python3.10/site-packages/airflow/example_dags/example_branch_python_dop_operator_3.py
[2024-09-12T01:59:45.762-0300] {logging_mixin.py:190} INFO - [2024-09-12T01:59:45.762-0300] {dag.py:3229} INFO - Sync 1 DAGs
[2024-09-12T01:59:45.778-0300] {logging_mixin.py:190} INFO - [2024-09-12T01:59:45.777-0300] {dag.py:4156} INFO - Setting next_dagrun for example_branch_dop_operator_v3 to 2024-09-12 04:58:00+00:00, run_after=2024-09-12 04:59:00+00:00
[2024-09-12T01:59:45.792-0300] {processor.py:208} INFO - Processing /home/gabzarp/.local/lib/python3.10/site-packages/airflow/example_dags/example_branch_python_dop_operator_3.py took 0.052 seconds
[2024-09-12T02:00:37.954-0300] {processor.py:186} INFO - Started process (PID=13184) to work on /home/gabzarp/.local/lib/python3.10/site-packages/airflow/example_dags/example_branch_python_dop_operator_3.py
[2024-09-12T02:00:37.955-0300] {processor.py:914} INFO - Processing file /home/gabzarp/.local/lib/python3.10/site-packages/airflow/example_dags/example_branch_python_dop_operator_3.py for tasks to queue
[2024-09-12T02:00:37.955-0300] {logging_mixin.py:190} INFO - [2024-09-12T02:00:37.955-0300] {dagbag.py:587} INFO - Filling up the DagBag from /home/gabzarp/.local/lib/python3.10/site-packages/airflow/example_dags/example_branch_python_dop_operator_3.py
[2024-09-12T02:00:37.962-0300] {processor.py:925} INFO - DAG(s) 'example_branch_dop_operator_v3' retrieved from /home/gabzarp/.local/lib/python3.10/site-packages/airflow/example_dags/example_branch_python_dop_operator_3.py
[2024-09-12T02:00:37.971-0300] {logging_mixin.py:190} INFO - [2024-09-12T02:00:37.971-0300] {dag.py:3229} INFO - Sync 1 DAGs
[2024-09-12T02:00:37.985-0300] {logging_mixin.py:190} INFO - [2024-09-12T02:00:37.985-0300] {dag.py:4156} INFO - Setting next_dagrun for example_branch_dop_operator_v3 to 2024-09-12 04:59:00+00:00, run_after=2024-09-12 05:00:00+00:00
[2024-09-12T02:00:37.999-0300] {processor.py:208} INFO - Processing /home/gabzarp/.local/lib/python3.10/site-packages/airflow/example_dags/example_branch_python_dop_operator_3.py took 0.049 seconds
[2024-09-12T02:01:54.024-0300] {processor.py:186} INFO - Started process (PID=13854) to work on /home/gabzarp/.local/lib/python3.10/site-packages/airflow/example_dags/example_branch_python_dop_operator_3.py
[2024-09-12T02:01:54.025-0300] {processor.py:914} INFO - Processing file /home/gabzarp/.local/lib/python3.10/site-packages/airflow/example_dags/example_branch_python_dop_operator_3.py for tasks to queue
[2024-09-12T02:01:54.026-0300] {logging_mixin.py:190} INFO - [2024-09-12T02:01:54.025-0300] {dagbag.py:587} INFO - Filling up the DagBag from /home/gabzarp/.local/lib/python3.10/site-packages/airflow/example_dags/example_branch_python_dop_operator_3.py
[2024-09-12T02:01:54.032-0300] {processor.py:925} INFO - DAG(s) 'example_branch_dop_operator_v3' retrieved from /home/gabzarp/.local/lib/python3.10/site-packages/airflow/example_dags/example_branch_python_dop_operator_3.py
[2024-09-12T02:01:54.041-0300] {logging_mixin.py:190} INFO - [2024-09-12T02:01:54.041-0300] {dag.py:3229} INFO - Sync 1 DAGs
[2024-09-12T02:01:54.055-0300] {logging_mixin.py:190} INFO - [2024-09-12T02:01:54.055-0300] {dag.py:4156} INFO - Setting next_dagrun for example_branch_dop_operator_v3 to 2024-09-12 05:00:00+00:00, run_after=2024-09-12 05:01:00+00:00
[2024-09-12T02:01:54.069-0300] {processor.py:208} INFO - Processing /home/gabzarp/.local/lib/python3.10/site-packages/airflow/example_dags/example_branch_python_dop_operator_3.py took 0.048 seconds
[2024-09-12T02:03:04.860-0300] {processor.py:186} INFO - Started process (PID=14462) to work on /home/gabzarp/.local/lib/python3.10/site-packages/airflow/example_dags/example_branch_python_dop_operator_3.py
[2024-09-12T02:03:04.862-0300] {processor.py:914} INFO - Processing file /home/gabzarp/.local/lib/python3.10/site-packages/airflow/example_dags/example_branch_python_dop_operator_3.py for tasks to queue
[2024-09-12T02:03:04.862-0300] {logging_mixin.py:190} INFO - [2024-09-12T02:03:04.862-0300] {dagbag.py:587} INFO - Filling up the DagBag from /home/gabzarp/.local/lib/python3.10/site-packages/airflow/example_dags/example_branch_python_dop_operator_3.py
[2024-09-12T02:03:04.870-0300] {processor.py:925} INFO - DAG(s) 'example_branch_dop_operator_v3' retrieved from /home/gabzarp/.local/lib/python3.10/site-packages/airflow/example_dags/example_branch_python_dop_operator_3.py
[2024-09-12T02:03:04.880-0300] {logging_mixin.py:190} INFO - [2024-09-12T02:03:04.880-0300] {dag.py:3229} INFO - Sync 1 DAGs
[2024-09-12T02:03:04.899-0300] {logging_mixin.py:190} INFO - [2024-09-12T02:03:04.899-0300] {dag.py:4156} INFO - Setting next_dagrun for example_branch_dop_operator_v3 to 2024-09-12 05:02:00+00:00, run_after=2024-09-12 05:03:00+00:00
[2024-09-12T02:03:04.916-0300] {processor.py:208} INFO - Processing /home/gabzarp/.local/lib/python3.10/site-packages/airflow/example_dags/example_branch_python_dop_operator_3.py took 0.059 seconds
[2024-09-12T02:03:56.349-0300] {processor.py:186} INFO - Started process (PID=14867) to work on /home/gabzarp/.local/lib/python3.10/site-packages/airflow/example_dags/example_branch_python_dop_operator_3.py
[2024-09-12T02:03:56.350-0300] {processor.py:914} INFO - Processing file /home/gabzarp/.local/lib/python3.10/site-packages/airflow/example_dags/example_branch_python_dop_operator_3.py for tasks to queue
[2024-09-12T02:03:56.351-0300] {logging_mixin.py:190} INFO - [2024-09-12T02:03:56.351-0300] {dagbag.py:587} INFO - Filling up the DagBag from /home/gabzarp/.local/lib/python3.10/site-packages/airflow/example_dags/example_branch_python_dop_operator_3.py
[2024-09-12T02:03:56.358-0300] {processor.py:925} INFO - DAG(s) 'example_branch_dop_operator_v3' retrieved from /home/gabzarp/.local/lib/python3.10/site-packages/airflow/example_dags/example_branch_python_dop_operator_3.py
[2024-09-12T02:03:56.367-0300] {logging_mixin.py:190} INFO - [2024-09-12T02:03:56.367-0300] {dag.py:3229} INFO - Sync 1 DAGs
[2024-09-12T02:03:56.382-0300] {logging_mixin.py:190} INFO - [2024-09-12T02:03:56.381-0300] {dag.py:4156} INFO - Setting next_dagrun for example_branch_dop_operator_v3 to 2024-09-12 05:02:00+00:00, run_after=2024-09-12 05:03:00+00:00
[2024-09-12T02:03:56.396-0300] {processor.py:208} INFO - Processing /home/gabzarp/.local/lib/python3.10/site-packages/airflow/example_dags/example_branch_python_dop_operator_3.py took 0.050 seconds
[2024-09-12T02:04:49.790-0300] {processor.py:186} INFO - Started process (PID=15290) to work on /home/gabzarp/.local/lib/python3.10/site-packages/airflow/example_dags/example_branch_python_dop_operator_3.py
[2024-09-12T02:04:49.791-0300] {processor.py:914} INFO - Processing file /home/gabzarp/.local/lib/python3.10/site-packages/airflow/example_dags/example_branch_python_dop_operator_3.py for tasks to queue
[2024-09-12T02:04:49.793-0300] {logging_mixin.py:190} INFO - [2024-09-12T02:04:49.792-0300] {dagbag.py:587} INFO - Filling up the DagBag from /home/gabzarp/.local/lib/python3.10/site-packages/airflow/example_dags/example_branch_python_dop_operator_3.py
[2024-09-12T02:04:49.800-0300] {processor.py:925} INFO - DAG(s) 'example_branch_dop_operator_v3' retrieved from /home/gabzarp/.local/lib/python3.10/site-packages/airflow/example_dags/example_branch_python_dop_operator_3.py
[2024-09-12T02:04:49.811-0300] {logging_mixin.py:190} INFO - [2024-09-12T02:04:49.811-0300] {dag.py:3229} INFO - Sync 1 DAGs
[2024-09-12T02:04:49.828-0300] {logging_mixin.py:190} INFO - [2024-09-12T02:04:49.828-0300] {dag.py:4156} INFO - Setting next_dagrun for example_branch_dop_operator_v3 to 2024-09-12 05:03:00+00:00, run_after=2024-09-12 05:04:00+00:00
[2024-09-12T02:04:49.848-0300] {processor.py:208} INFO - Processing /home/gabzarp/.local/lib/python3.10/site-packages/airflow/example_dags/example_branch_python_dop_operator_3.py took 0.061 seconds
[2024-09-12T02:05:43.096-0300] {processor.py:186} INFO - Started process (PID=15710) to work on /home/gabzarp/.local/lib/python3.10/site-packages/airflow/example_dags/example_branch_python_dop_operator_3.py
[2024-09-12T02:05:43.097-0300] {processor.py:914} INFO - Processing file /home/gabzarp/.local/lib/python3.10/site-packages/airflow/example_dags/example_branch_python_dop_operator_3.py for tasks to queue
[2024-09-12T02:05:43.098-0300] {logging_mixin.py:190} INFO - [2024-09-12T02:05:43.098-0300] {dagbag.py:587} INFO - Filling up the DagBag from /home/gabzarp/.local/lib/python3.10/site-packages/airflow/example_dags/example_branch_python_dop_operator_3.py
[2024-09-12T02:05:43.105-0300] {processor.py:925} INFO - DAG(s) 'example_branch_dop_operator_v3' retrieved from /home/gabzarp/.local/lib/python3.10/site-packages/airflow/example_dags/example_branch_python_dop_operator_3.py
[2024-09-12T02:05:43.116-0300] {logging_mixin.py:190} INFO - [2024-09-12T02:05:43.116-0300] {dag.py:3229} INFO - Sync 1 DAGs
[2024-09-12T02:05:43.132-0300] {logging_mixin.py:190} INFO - [2024-09-12T02:05:43.132-0300] {dag.py:4156} INFO - Setting next_dagrun for example_branch_dop_operator_v3 to 2024-09-12 05:04:00+00:00, run_after=2024-09-12 05:05:00+00:00
[2024-09-12T02:05:43.148-0300] {processor.py:208} INFO - Processing /home/gabzarp/.local/lib/python3.10/site-packages/airflow/example_dags/example_branch_python_dop_operator_3.py took 0.055 seconds
[2024-09-12T02:06:34.452-0300] {processor.py:186} INFO - Started process (PID=16115) to work on /home/gabzarp/.local/lib/python3.10/site-packages/airflow/example_dags/example_branch_python_dop_operator_3.py
[2024-09-12T02:06:34.453-0300] {processor.py:914} INFO - Processing file /home/gabzarp/.local/lib/python3.10/site-packages/airflow/example_dags/example_branch_python_dop_operator_3.py for tasks to queue
[2024-09-12T02:06:34.454-0300] {logging_mixin.py:190} INFO - [2024-09-12T02:06:34.454-0300] {dagbag.py:587} INFO - Filling up the DagBag from /home/gabzarp/.local/lib/python3.10/site-packages/airflow/example_dags/example_branch_python_dop_operator_3.py
[2024-09-12T02:06:34.461-0300] {processor.py:925} INFO - DAG(s) 'example_branch_dop_operator_v3' retrieved from /home/gabzarp/.local/lib/python3.10/site-packages/airflow/example_dags/example_branch_python_dop_operator_3.py
[2024-09-12T02:06:34.470-0300] {logging_mixin.py:190} INFO - [2024-09-12T02:06:34.470-0300] {dag.py:3229} INFO - Sync 1 DAGs
[2024-09-12T02:06:34.486-0300] {logging_mixin.py:190} INFO - [2024-09-12T02:06:34.486-0300] {dag.py:4156} INFO - Setting next_dagrun for example_branch_dop_operator_v3 to 2024-09-12 05:05:00+00:00, run_after=2024-09-12 05:06:00+00:00
[2024-09-12T02:06:34.501-0300] {processor.py:208} INFO - Processing /home/gabzarp/.local/lib/python3.10/site-packages/airflow/example_dags/example_branch_python_dop_operator_3.py took 0.054 seconds
[2024-09-12T02:07:44.743-0300] {processor.py:186} INFO - Started process (PID=16670) to work on /home/gabzarp/.local/lib/python3.10/site-packages/airflow/example_dags/example_branch_python_dop_operator_3.py
[2024-09-12T02:07:44.743-0300] {processor.py:914} INFO - Processing file /home/gabzarp/.local/lib/python3.10/site-packages/airflow/example_dags/example_branch_python_dop_operator_3.py for tasks to queue
[2024-09-12T02:07:44.744-0300] {logging_mixin.py:190} INFO - [2024-09-12T02:07:44.744-0300] {dagbag.py:587} INFO - Filling up the DagBag from /home/gabzarp/.local/lib/python3.10/site-packages/airflow/example_dags/example_branch_python_dop_operator_3.py
[2024-09-12T02:07:44.751-0300] {processor.py:925} INFO - DAG(s) 'example_branch_dop_operator_v3' retrieved from /home/gabzarp/.local/lib/python3.10/site-packages/airflow/example_dags/example_branch_python_dop_operator_3.py
[2024-09-12T02:07:44.762-0300] {logging_mixin.py:190} INFO - [2024-09-12T02:07:44.762-0300] {dag.py:3229} INFO - Sync 1 DAGs
[2024-09-12T02:07:44.779-0300] {logging_mixin.py:190} INFO - [2024-09-12T02:07:44.778-0300] {dag.py:4156} INFO - Setting next_dagrun for example_branch_dop_operator_v3 to 2024-09-12 05:06:00+00:00, run_after=2024-09-12 05:07:00+00:00
[2024-09-12T02:07:44.797-0300] {processor.py:208} INFO - Processing /home/gabzarp/.local/lib/python3.10/site-packages/airflow/example_dags/example_branch_python_dop_operator_3.py took 0.058 seconds
[2024-09-12T02:08:36.641-0300] {processor.py:186} INFO - Started process (PID=17084) to work on /home/gabzarp/.local/lib/python3.10/site-packages/airflow/example_dags/example_branch_python_dop_operator_3.py
[2024-09-12T02:08:36.642-0300] {processor.py:914} INFO - Processing file /home/gabzarp/.local/lib/python3.10/site-packages/airflow/example_dags/example_branch_python_dop_operator_3.py for tasks to queue
[2024-09-12T02:08:36.642-0300] {logging_mixin.py:190} INFO - [2024-09-12T02:08:36.642-0300] {dagbag.py:587} INFO - Filling up the DagBag from /home/gabzarp/.local/lib/python3.10/site-packages/airflow/example_dags/example_branch_python_dop_operator_3.py
[2024-09-12T02:08:36.650-0300] {processor.py:925} INFO - DAG(s) 'example_branch_dop_operator_v3' retrieved from /home/gabzarp/.local/lib/python3.10/site-packages/airflow/example_dags/example_branch_python_dop_operator_3.py
[2024-09-12T02:08:36.662-0300] {logging_mixin.py:190} INFO - [2024-09-12T02:08:36.661-0300] {dag.py:3229} INFO - Sync 1 DAGs
[2024-09-12T02:08:36.679-0300] {logging_mixin.py:190} INFO - [2024-09-12T02:08:36.679-0300] {dag.py:4156} INFO - Setting next_dagrun for example_branch_dop_operator_v3 to 2024-09-12 05:07:00+00:00, run_after=2024-09-12 05:08:00+00:00
[2024-09-12T02:08:36.698-0300] {processor.py:208} INFO - Processing /home/gabzarp/.local/lib/python3.10/site-packages/airflow/example_dags/example_branch_python_dop_operator_3.py took 0.062 seconds
[2024-09-12T02:09:28.501-0300] {processor.py:186} INFO - Started process (PID=17518) to work on /home/gabzarp/.local/lib/python3.10/site-packages/airflow/example_dags/example_branch_python_dop_operator_3.py
[2024-09-12T02:09:28.502-0300] {processor.py:914} INFO - Processing file /home/gabzarp/.local/lib/python3.10/site-packages/airflow/example_dags/example_branch_python_dop_operator_3.py for tasks to queue
[2024-09-12T02:09:28.503-0300] {logging_mixin.py:190} INFO - [2024-09-12T02:09:28.503-0300] {dagbag.py:587} INFO - Filling up the DagBag from /home/gabzarp/.local/lib/python3.10/site-packages/airflow/example_dags/example_branch_python_dop_operator_3.py
[2024-09-12T02:09:28.510-0300] {processor.py:925} INFO - DAG(s) 'example_branch_dop_operator_v3' retrieved from /home/gabzarp/.local/lib/python3.10/site-packages/airflow/example_dags/example_branch_python_dop_operator_3.py
[2024-09-12T02:09:28.521-0300] {logging_mixin.py:190} INFO - [2024-09-12T02:09:28.521-0300] {dag.py:3229} INFO - Sync 1 DAGs
[2024-09-12T02:09:28.539-0300] {logging_mixin.py:190} INFO - [2024-09-12T02:09:28.539-0300] {dag.py:4156} INFO - Setting next_dagrun for example_branch_dop_operator_v3 to 2024-09-12 05:08:00+00:00, run_after=2024-09-12 05:09:00+00:00
[2024-09-12T02:09:28.556-0300] {processor.py:208} INFO - Processing /home/gabzarp/.local/lib/python3.10/site-packages/airflow/example_dags/example_branch_python_dop_operator_3.py took 0.058 seconds
