[2024-09-12T01:39:20.050-0300] {processor.py:186} INFO - Started process (PID=2523) to work on /home/gabzarp/.local/lib/python3.10/site-packages/airflow/example_dags/example_sensor_decorator.py
[2024-09-12T01:39:20.050-0300] {processor.py:914} INFO - Processing file /home/gabzarp/.local/lib/python3.10/site-packages/airflow/example_dags/example_sensor_decorator.py for tasks to queue
[2024-09-12T01:39:20.052-0300] {logging_mixin.py:190} INFO - [2024-09-12T01:39:20.052-0300] {dagbag.py:587} INFO - Filling up the DagBag from /home/gabzarp/.local/lib/python3.10/site-packages/airflow/example_dags/example_sensor_decorator.py
[2024-09-12T01:39:20.062-0300] {processor.py:925} INFO - DAG(s) 'example_sensor_decorator' retrieved from /home/gabzarp/.local/lib/python3.10/site-packages/airflow/example_dags/example_sensor_decorator.py
[2024-09-12T01:39:20.130-0300] {logging_mixin.py:190} INFO - [2024-09-12T01:39:20.130-0300] {override.py:1900} INFO - Created Permission View: can edit on DAG:example_sensor_decorator
[2024-09-12T01:39:20.140-0300] {logging_mixin.py:190} INFO - [2024-09-12T01:39:20.140-0300] {override.py:1900} INFO - Created Permission View: can read on DAG:example_sensor_decorator
[2024-09-12T01:39:20.147-0300] {logging_mixin.py:190} INFO - [2024-09-12T01:39:20.147-0300] {override.py:1900} INFO - Created Permission View: can delete on DAG:example_sensor_decorator
[2024-09-12T01:39:20.159-0300] {logging_mixin.py:190} INFO - [2024-09-12T01:39:20.158-0300] {override.py:1900} INFO - Created Permission View: can read on DAG Run:example_sensor_decorator
[2024-09-12T01:39:20.167-0300] {logging_mixin.py:190} INFO - [2024-09-12T01:39:20.166-0300] {override.py:1900} INFO - Created Permission View: can create on DAG Run:example_sensor_decorator
[2024-09-12T01:39:20.174-0300] {logging_mixin.py:190} INFO - [2024-09-12T01:39:20.174-0300] {override.py:1900} INFO - Created Permission View: menu access on DAG Run:example_sensor_decorator
[2024-09-12T01:39:20.181-0300] {logging_mixin.py:190} INFO - [2024-09-12T01:39:20.180-0300] {override.py:1900} INFO - Created Permission View: can delete on DAG Run:example_sensor_decorator
[2024-09-12T01:39:20.181-0300] {logging_mixin.py:190} INFO - [2024-09-12T01:39:20.181-0300] {dag.py:3229} INFO - Sync 1 DAGs
[2024-09-12T01:39:20.188-0300] {logging_mixin.py:190} INFO - [2024-09-12T01:39:20.188-0300] {dag.py:3252} INFO - Creating ORM DAG for example_sensor_decorator
[2024-09-12T01:39:20.189-0300] {logging_mixin.py:190} INFO - [2024-09-12T01:39:20.189-0300] {dag.py:4156} INFO - Setting next_dagrun for example_sensor_decorator to None, run_after=None
[2024-09-12T01:39:20.201-0300] {processor.py:208} INFO - Processing /home/gabzarp/.local/lib/python3.10/site-packages/airflow/example_dags/example_sensor_decorator.py took 0.155 seconds
[2024-09-12T01:40:18.050-0300] {processor.py:186} INFO - Started process (PID=2814) to work on /home/gabzarp/.local/lib/python3.10/site-packages/airflow/example_dags/example_sensor_decorator.py
[2024-09-12T01:40:18.050-0300] {processor.py:914} INFO - Processing file /home/gabzarp/.local/lib/python3.10/site-packages/airflow/example_dags/example_sensor_decorator.py for tasks to queue
[2024-09-12T01:40:18.053-0300] {logging_mixin.py:190} INFO - [2024-09-12T01:40:18.052-0300] {dagbag.py:587} INFO - Filling up the DagBag from /home/gabzarp/.local/lib/python3.10/site-packages/airflow/example_dags/example_sensor_decorator.py
[2024-09-12T01:40:18.058-0300] {processor.py:925} INFO - DAG(s) 'example_sensor_decorator' retrieved from /home/gabzarp/.local/lib/python3.10/site-packages/airflow/example_dags/example_sensor_decorator.py
[2024-09-12T01:40:18.070-0300] {logging_mixin.py:190} INFO - [2024-09-12T01:40:18.069-0300] {dag.py:3229} INFO - Sync 1 DAGs
[2024-09-12T01:40:18.079-0300] {logging_mixin.py:190} INFO - [2024-09-12T01:40:18.079-0300] {dag.py:4156} INFO - Setting next_dagrun for example_sensor_decorator to None, run_after=None
[2024-09-12T01:40:18.096-0300] {processor.py:208} INFO - Processing /home/gabzarp/.local/lib/python3.10/site-packages/airflow/example_dags/example_sensor_decorator.py took 0.051 seconds
[2024-09-12T01:41:11.439-0300] {processor.py:186} INFO - Started process (PID=3163) to work on /home/gabzarp/.local/lib/python3.10/site-packages/airflow/example_dags/example_sensor_decorator.py
[2024-09-12T01:41:11.440-0300] {processor.py:914} INFO - Processing file /home/gabzarp/.local/lib/python3.10/site-packages/airflow/example_dags/example_sensor_decorator.py for tasks to queue
[2024-09-12T01:41:11.441-0300] {logging_mixin.py:190} INFO - [2024-09-12T01:41:11.441-0300] {dagbag.py:587} INFO - Filling up the DagBag from /home/gabzarp/.local/lib/python3.10/site-packages/airflow/example_dags/example_sensor_decorator.py
[2024-09-12T01:41:11.447-0300] {processor.py:925} INFO - DAG(s) 'example_sensor_decorator' retrieved from /home/gabzarp/.local/lib/python3.10/site-packages/airflow/example_dags/example_sensor_decorator.py
[2024-09-12T01:41:11.458-0300] {logging_mixin.py:190} INFO - [2024-09-12T01:41:11.458-0300] {dag.py:3229} INFO - Sync 1 DAGs
[2024-09-12T01:41:11.467-0300] {logging_mixin.py:190} INFO - [2024-09-12T01:41:11.466-0300] {dag.py:4156} INFO - Setting next_dagrun for example_sensor_decorator to None, run_after=None
[2024-09-12T01:41:11.486-0300] {processor.py:208} INFO - Processing /home/gabzarp/.local/lib/python3.10/site-packages/airflow/example_dags/example_sensor_decorator.py took 0.051 seconds
[2024-09-12T01:42:00.521-0300] {processor.py:186} INFO - Started process (PID=3410) to work on /home/gabzarp/.local/lib/python3.10/site-packages/airflow/example_dags/example_sensor_decorator.py
[2024-09-12T01:42:00.522-0300] {processor.py:914} INFO - Processing file /home/gabzarp/.local/lib/python3.10/site-packages/airflow/example_dags/example_sensor_decorator.py for tasks to queue
[2024-09-12T01:42:00.523-0300] {logging_mixin.py:190} INFO - [2024-09-12T01:42:00.523-0300] {dagbag.py:587} INFO - Filling up the DagBag from /home/gabzarp/.local/lib/python3.10/site-packages/airflow/example_dags/example_sensor_decorator.py
[2024-09-12T01:42:00.528-0300] {processor.py:925} INFO - DAG(s) 'example_sensor_decorator' retrieved from /home/gabzarp/.local/lib/python3.10/site-packages/airflow/example_dags/example_sensor_decorator.py
[2024-09-12T01:42:00.538-0300] {logging_mixin.py:190} INFO - [2024-09-12T01:42:00.538-0300] {dag.py:3229} INFO - Sync 1 DAGs
[2024-09-12T01:42:00.546-0300] {logging_mixin.py:190} INFO - [2024-09-12T01:42:00.546-0300] {dag.py:4156} INFO - Setting next_dagrun for example_sensor_decorator to None, run_after=None
[2024-09-12T01:42:00.560-0300] {processor.py:208} INFO - Processing /home/gabzarp/.local/lib/python3.10/site-packages/airflow/example_dags/example_sensor_decorator.py took 0.043 seconds
[2024-09-12T01:42:50.061-0300] {processor.py:186} INFO - Started process (PID=3663) to work on /home/gabzarp/.local/lib/python3.10/site-packages/airflow/example_dags/example_sensor_decorator.py
[2024-09-12T01:42:50.062-0300] {processor.py:914} INFO - Processing file /home/gabzarp/.local/lib/python3.10/site-packages/airflow/example_dags/example_sensor_decorator.py for tasks to queue
[2024-09-12T01:42:50.063-0300] {logging_mixin.py:190} INFO - [2024-09-12T01:42:50.063-0300] {dagbag.py:587} INFO - Filling up the DagBag from /home/gabzarp/.local/lib/python3.10/site-packages/airflow/example_dags/example_sensor_decorator.py
[2024-09-12T01:42:50.069-0300] {processor.py:925} INFO - DAG(s) 'example_sensor_decorator' retrieved from /home/gabzarp/.local/lib/python3.10/site-packages/airflow/example_dags/example_sensor_decorator.py
[2024-09-12T01:42:50.079-0300] {logging_mixin.py:190} INFO - [2024-09-12T01:42:50.079-0300] {dag.py:3229} INFO - Sync 1 DAGs
[2024-09-12T01:42:50.087-0300] {logging_mixin.py:190} INFO - [2024-09-12T01:42:50.087-0300] {dag.py:4156} INFO - Setting next_dagrun for example_sensor_decorator to None, run_after=None
[2024-09-12T01:42:50.203-0300] {processor.py:208} INFO - Processing /home/gabzarp/.local/lib/python3.10/site-packages/airflow/example_dags/example_sensor_decorator.py took 0.146 seconds
[2024-09-12T01:43:39.273-0300] {processor.py:186} INFO - Started process (PID=3908) to work on /home/gabzarp/.local/lib/python3.10/site-packages/airflow/example_dags/example_sensor_decorator.py
[2024-09-12T01:43:39.274-0300] {processor.py:914} INFO - Processing file /home/gabzarp/.local/lib/python3.10/site-packages/airflow/example_dags/example_sensor_decorator.py for tasks to queue
[2024-09-12T01:43:39.276-0300] {logging_mixin.py:190} INFO - [2024-09-12T01:43:39.276-0300] {dagbag.py:587} INFO - Filling up the DagBag from /home/gabzarp/.local/lib/python3.10/site-packages/airflow/example_dags/example_sensor_decorator.py
[2024-09-12T01:43:39.286-0300] {processor.py:925} INFO - DAG(s) 'example_sensor_decorator' retrieved from /home/gabzarp/.local/lib/python3.10/site-packages/airflow/example_dags/example_sensor_decorator.py
[2024-09-12T01:43:39.302-0300] {logging_mixin.py:190} INFO - [2024-09-12T01:43:39.301-0300] {dag.py:3229} INFO - Sync 1 DAGs
[2024-09-12T01:43:39.314-0300] {logging_mixin.py:190} INFO - [2024-09-12T01:43:39.314-0300] {dag.py:4156} INFO - Setting next_dagrun for example_sensor_decorator to None, run_after=None
[2024-09-12T01:43:39.338-0300] {processor.py:208} INFO - Processing /home/gabzarp/.local/lib/python3.10/site-packages/airflow/example_dags/example_sensor_decorator.py took 0.071 seconds
[2024-09-12T01:44:34.626-0300] {processor.py:186} INFO - Started process (PID=4828) to work on /home/gabzarp/.local/lib/python3.10/site-packages/airflow/example_dags/example_sensor_decorator.py
[2024-09-12T01:44:34.627-0300] {processor.py:914} INFO - Processing file /home/gabzarp/.local/lib/python3.10/site-packages/airflow/example_dags/example_sensor_decorator.py for tasks to queue
[2024-09-12T01:44:34.629-0300] {logging_mixin.py:190} INFO - [2024-09-12T01:44:34.628-0300] {dagbag.py:587} INFO - Filling up the DagBag from /home/gabzarp/.local/lib/python3.10/site-packages/airflow/example_dags/example_sensor_decorator.py
[2024-09-12T01:44:34.636-0300] {processor.py:925} INFO - DAG(s) 'example_sensor_decorator' retrieved from /home/gabzarp/.local/lib/python3.10/site-packages/airflow/example_dags/example_sensor_decorator.py
[2024-09-12T01:44:34.649-0300] {logging_mixin.py:190} INFO - [2024-09-12T01:44:34.649-0300] {dag.py:3229} INFO - Sync 1 DAGs
[2024-09-12T01:44:34.658-0300] {logging_mixin.py:190} INFO - [2024-09-12T01:44:34.658-0300] {dag.py:4156} INFO - Setting next_dagrun for example_sensor_decorator to None, run_after=None
[2024-09-12T01:44:34.789-0300] {processor.py:208} INFO - Processing /home/gabzarp/.local/lib/python3.10/site-packages/airflow/example_dags/example_sensor_decorator.py took 0.168 seconds
[2024-09-12T01:45:22.750-0300] {processor.py:186} INFO - Started process (PID=5216) to work on /home/gabzarp/.local/lib/python3.10/site-packages/airflow/example_dags/example_sensor_decorator.py
[2024-09-12T01:45:22.751-0300] {processor.py:914} INFO - Processing file /home/gabzarp/.local/lib/python3.10/site-packages/airflow/example_dags/example_sensor_decorator.py for tasks to queue
[2024-09-12T01:45:22.752-0300] {logging_mixin.py:190} INFO - [2024-09-12T01:45:22.752-0300] {dagbag.py:587} INFO - Filling up the DagBag from /home/gabzarp/.local/lib/python3.10/site-packages/airflow/example_dags/example_sensor_decorator.py
[2024-09-12T01:45:22.757-0300] {processor.py:925} INFO - DAG(s) 'example_sensor_decorator' retrieved from /home/gabzarp/.local/lib/python3.10/site-packages/airflow/example_dags/example_sensor_decorator.py
[2024-09-12T01:45:22.766-0300] {logging_mixin.py:190} INFO - [2024-09-12T01:45:22.766-0300] {dag.py:3229} INFO - Sync 1 DAGs
[2024-09-12T01:45:22.774-0300] {logging_mixin.py:190} INFO - [2024-09-12T01:45:22.774-0300] {dag.py:4156} INFO - Setting next_dagrun for example_sensor_decorator to None, run_after=None
[2024-09-12T01:45:22.789-0300] {processor.py:208} INFO - Processing /home/gabzarp/.local/lib/python3.10/site-packages/airflow/example_dags/example_sensor_decorator.py took 0.043 seconds
[2024-09-12T01:46:13.063-0300] {processor.py:186} INFO - Started process (PID=5617) to work on /home/gabzarp/.local/lib/python3.10/site-packages/airflow/example_dags/example_sensor_decorator.py
[2024-09-12T01:46:13.064-0300] {processor.py:914} INFO - Processing file /home/gabzarp/.local/lib/python3.10/site-packages/airflow/example_dags/example_sensor_decorator.py for tasks to queue
[2024-09-12T01:46:13.065-0300] {logging_mixin.py:190} INFO - [2024-09-12T01:46:13.065-0300] {dagbag.py:587} INFO - Filling up the DagBag from /home/gabzarp/.local/lib/python3.10/site-packages/airflow/example_dags/example_sensor_decorator.py
[2024-09-12T01:46:13.070-0300] {processor.py:925} INFO - DAG(s) 'example_sensor_decorator' retrieved from /home/gabzarp/.local/lib/python3.10/site-packages/airflow/example_dags/example_sensor_decorator.py
[2024-09-12T01:46:13.080-0300] {logging_mixin.py:190} INFO - [2024-09-12T01:46:13.080-0300] {dag.py:3229} INFO - Sync 1 DAGs
[2024-09-12T01:46:13.089-0300] {logging_mixin.py:190} INFO - [2024-09-12T01:46:13.089-0300] {dag.py:4156} INFO - Setting next_dagrun for example_sensor_decorator to None, run_after=None
[2024-09-12T01:46:13.106-0300] {processor.py:208} INFO - Processing /home/gabzarp/.local/lib/python3.10/site-packages/airflow/example_dags/example_sensor_decorator.py took 0.047 seconds
[2024-09-12T01:47:02.938-0300] {processor.py:186} INFO - Started process (PID=6019) to work on /home/gabzarp/.local/lib/python3.10/site-packages/airflow/example_dags/example_sensor_decorator.py
[2024-09-12T01:47:02.939-0300] {processor.py:914} INFO - Processing file /home/gabzarp/.local/lib/python3.10/site-packages/airflow/example_dags/example_sensor_decorator.py for tasks to queue
[2024-09-12T01:47:02.940-0300] {logging_mixin.py:190} INFO - [2024-09-12T01:47:02.940-0300] {dagbag.py:587} INFO - Filling up the DagBag from /home/gabzarp/.local/lib/python3.10/site-packages/airflow/example_dags/example_sensor_decorator.py
[2024-09-12T01:47:02.947-0300] {processor.py:925} INFO - DAG(s) 'example_sensor_decorator' retrieved from /home/gabzarp/.local/lib/python3.10/site-packages/airflow/example_dags/example_sensor_decorator.py
[2024-09-12T01:47:02.957-0300] {logging_mixin.py:190} INFO - [2024-09-12T01:47:02.956-0300] {dag.py:3229} INFO - Sync 1 DAGs
[2024-09-12T01:47:02.965-0300] {logging_mixin.py:190} INFO - [2024-09-12T01:47:02.965-0300] {dag.py:4156} INFO - Setting next_dagrun for example_sensor_decorator to None, run_after=None
[2024-09-12T01:47:02.980-0300] {processor.py:208} INFO - Processing /home/gabzarp/.local/lib/python3.10/site-packages/airflow/example_dags/example_sensor_decorator.py took 0.046 seconds
[2024-09-12T01:47:49.166-0300] {processor.py:186} INFO - Started process (PID=6387) to work on /home/gabzarp/.local/lib/python3.10/site-packages/airflow/example_dags/example_sensor_decorator.py
[2024-09-12T01:47:49.167-0300] {processor.py:914} INFO - Processing file /home/gabzarp/.local/lib/python3.10/site-packages/airflow/example_dags/example_sensor_decorator.py for tasks to queue
[2024-09-12T01:47:49.168-0300] {logging_mixin.py:190} INFO - [2024-09-12T01:47:49.167-0300] {dagbag.py:587} INFO - Filling up the DagBag from /home/gabzarp/.local/lib/python3.10/site-packages/airflow/example_dags/example_sensor_decorator.py
[2024-09-12T01:47:49.172-0300] {processor.py:925} INFO - DAG(s) 'example_sensor_decorator' retrieved from /home/gabzarp/.local/lib/python3.10/site-packages/airflow/example_dags/example_sensor_decorator.py
[2024-09-12T01:47:49.183-0300] {logging_mixin.py:190} INFO - [2024-09-12T01:47:49.182-0300] {dag.py:3229} INFO - Sync 1 DAGs
[2024-09-12T01:47:49.190-0300] {logging_mixin.py:190} INFO - [2024-09-12T01:47:49.190-0300] {dag.py:4156} INFO - Setting next_dagrun for example_sensor_decorator to None, run_after=None
[2024-09-12T01:47:49.204-0300] {processor.py:208} INFO - Processing /home/gabzarp/.local/lib/python3.10/site-packages/airflow/example_dags/example_sensor_decorator.py took 0.042 seconds
[2024-09-12T01:48:39.443-0300] {processor.py:186} INFO - Started process (PID=6914) to work on /home/gabzarp/.local/lib/python3.10/site-packages/airflow/example_dags/example_sensor_decorator.py
[2024-09-12T01:48:39.445-0300] {processor.py:914} INFO - Processing file /home/gabzarp/.local/lib/python3.10/site-packages/airflow/example_dags/example_sensor_decorator.py for tasks to queue
[2024-09-12T01:48:39.446-0300] {logging_mixin.py:190} INFO - [2024-09-12T01:48:39.446-0300] {dagbag.py:587} INFO - Filling up the DagBag from /home/gabzarp/.local/lib/python3.10/site-packages/airflow/example_dags/example_sensor_decorator.py
[2024-09-12T01:48:39.453-0300] {processor.py:925} INFO - DAG(s) 'example_sensor_decorator' retrieved from /home/gabzarp/.local/lib/python3.10/site-packages/airflow/example_dags/example_sensor_decorator.py
[2024-09-12T01:48:39.463-0300] {logging_mixin.py:190} INFO - [2024-09-12T01:48:39.463-0300] {dag.py:3229} INFO - Sync 1 DAGs
[2024-09-12T01:48:39.472-0300] {logging_mixin.py:190} INFO - [2024-09-12T01:48:39.471-0300] {dag.py:4156} INFO - Setting next_dagrun for example_sensor_decorator to None, run_after=None
[2024-09-12T01:48:39.489-0300] {processor.py:208} INFO - Processing /home/gabzarp/.local/lib/python3.10/site-packages/airflow/example_dags/example_sensor_decorator.py took 0.049 seconds
[2024-09-12T01:49:30.621-0300] {processor.py:186} INFO - Started process (PID=7332) to work on /home/gabzarp/.local/lib/python3.10/site-packages/airflow/example_dags/example_sensor_decorator.py
[2024-09-12T01:49:30.622-0300] {processor.py:914} INFO - Processing file /home/gabzarp/.local/lib/python3.10/site-packages/airflow/example_dags/example_sensor_decorator.py for tasks to queue
[2024-09-12T01:49:30.623-0300] {logging_mixin.py:190} INFO - [2024-09-12T01:49:30.623-0300] {dagbag.py:587} INFO - Filling up the DagBag from /home/gabzarp/.local/lib/python3.10/site-packages/airflow/example_dags/example_sensor_decorator.py
[2024-09-12T01:49:30.628-0300] {processor.py:925} INFO - DAG(s) 'example_sensor_decorator' retrieved from /home/gabzarp/.local/lib/python3.10/site-packages/airflow/example_dags/example_sensor_decorator.py
[2024-09-12T01:49:30.638-0300] {logging_mixin.py:190} INFO - [2024-09-12T01:49:30.638-0300] {dag.py:3229} INFO - Sync 1 DAGs
[2024-09-12T01:49:30.647-0300] {logging_mixin.py:190} INFO - [2024-09-12T01:49:30.647-0300] {dag.py:4156} INFO - Setting next_dagrun for example_sensor_decorator to None, run_after=None
[2024-09-12T01:49:30.664-0300] {processor.py:208} INFO - Processing /home/gabzarp/.local/lib/python3.10/site-packages/airflow/example_dags/example_sensor_decorator.py took 0.047 seconds
[2024-09-12T01:50:18.904-0300] {processor.py:186} INFO - Started process (PID=7799) to work on /home/gabzarp/.local/lib/python3.10/site-packages/airflow/example_dags/example_sensor_decorator.py
[2024-09-12T01:50:18.905-0300] {processor.py:914} INFO - Processing file /home/gabzarp/.local/lib/python3.10/site-packages/airflow/example_dags/example_sensor_decorator.py for tasks to queue
[2024-09-12T01:50:18.906-0300] {logging_mixin.py:190} INFO - [2024-09-12T01:50:18.906-0300] {dagbag.py:587} INFO - Filling up the DagBag from /home/gabzarp/.local/lib/python3.10/site-packages/airflow/example_dags/example_sensor_decorator.py
[2024-09-12T01:50:18.911-0300] {processor.py:925} INFO - DAG(s) 'example_sensor_decorator' retrieved from /home/gabzarp/.local/lib/python3.10/site-packages/airflow/example_dags/example_sensor_decorator.py
[2024-09-12T01:50:18.920-0300] {logging_mixin.py:190} INFO - [2024-09-12T01:50:18.920-0300] {dag.py:3229} INFO - Sync 1 DAGs
[2024-09-12T01:50:18.928-0300] {logging_mixin.py:190} INFO - [2024-09-12T01:50:18.928-0300] {dag.py:4156} INFO - Setting next_dagrun for example_sensor_decorator to None, run_after=None
[2024-09-12T01:50:18.942-0300] {processor.py:208} INFO - Processing /home/gabzarp/.local/lib/python3.10/site-packages/airflow/example_dags/example_sensor_decorator.py took 0.042 seconds
[2024-09-12T01:51:08.589-0300] {processor.py:186} INFO - Started process (PID=8192) to work on /home/gabzarp/.local/lib/python3.10/site-packages/airflow/example_dags/example_sensor_decorator.py
[2024-09-12T01:51:08.590-0300] {processor.py:914} INFO - Processing file /home/gabzarp/.local/lib/python3.10/site-packages/airflow/example_dags/example_sensor_decorator.py for tasks to queue
[2024-09-12T01:51:08.591-0300] {logging_mixin.py:190} INFO - [2024-09-12T01:51:08.591-0300] {dagbag.py:587} INFO - Filling up the DagBag from /home/gabzarp/.local/lib/python3.10/site-packages/airflow/example_dags/example_sensor_decorator.py
[2024-09-12T01:51:08.596-0300] {processor.py:925} INFO - DAG(s) 'example_sensor_decorator' retrieved from /home/gabzarp/.local/lib/python3.10/site-packages/airflow/example_dags/example_sensor_decorator.py
[2024-09-12T01:51:08.604-0300] {logging_mixin.py:190} INFO - [2024-09-12T01:51:08.604-0300] {dag.py:3229} INFO - Sync 1 DAGs
[2024-09-12T01:51:08.613-0300] {logging_mixin.py:190} INFO - [2024-09-12T01:51:08.613-0300] {dag.py:4156} INFO - Setting next_dagrun for example_sensor_decorator to None, run_after=None
[2024-09-12T01:51:08.628-0300] {processor.py:208} INFO - Processing /home/gabzarp/.local/lib/python3.10/site-packages/airflow/example_dags/example_sensor_decorator.py took 0.043 seconds
[2024-09-12T01:51:57.062-0300] {processor.py:186} INFO - Started process (PID=8723) to work on /home/gabzarp/.local/lib/python3.10/site-packages/airflow/example_dags/example_sensor_decorator.py
[2024-09-12T01:51:57.063-0300] {processor.py:914} INFO - Processing file /home/gabzarp/.local/lib/python3.10/site-packages/airflow/example_dags/example_sensor_decorator.py for tasks to queue
[2024-09-12T01:51:57.064-0300] {logging_mixin.py:190} INFO - [2024-09-12T01:51:57.064-0300] {dagbag.py:587} INFO - Filling up the DagBag from /home/gabzarp/.local/lib/python3.10/site-packages/airflow/example_dags/example_sensor_decorator.py
[2024-09-12T01:51:57.068-0300] {processor.py:925} INFO - DAG(s) 'example_sensor_decorator' retrieved from /home/gabzarp/.local/lib/python3.10/site-packages/airflow/example_dags/example_sensor_decorator.py
[2024-09-12T01:51:57.077-0300] {logging_mixin.py:190} INFO - [2024-09-12T01:51:57.077-0300] {dag.py:3229} INFO - Sync 1 DAGs
[2024-09-12T01:51:57.085-0300] {logging_mixin.py:190} INFO - [2024-09-12T01:51:57.085-0300] {dag.py:4156} INFO - Setting next_dagrun for example_sensor_decorator to None, run_after=None
[2024-09-12T01:51:57.098-0300] {processor.py:208} INFO - Processing /home/gabzarp/.local/lib/python3.10/site-packages/airflow/example_dags/example_sensor_decorator.py took 0.039 seconds
[2024-09-12T01:52:49.678-0300] {processor.py:186} INFO - Started process (PID=9247) to work on /home/gabzarp/.local/lib/python3.10/site-packages/airflow/example_dags/example_sensor_decorator.py
[2024-09-12T01:52:49.679-0300] {processor.py:914} INFO - Processing file /home/gabzarp/.local/lib/python3.10/site-packages/airflow/example_dags/example_sensor_decorator.py for tasks to queue
[2024-09-12T01:52:49.679-0300] {logging_mixin.py:190} INFO - [2024-09-12T01:52:49.679-0300] {dagbag.py:587} INFO - Filling up the DagBag from /home/gabzarp/.local/lib/python3.10/site-packages/airflow/example_dags/example_sensor_decorator.py
[2024-09-12T01:52:49.685-0300] {processor.py:925} INFO - DAG(s) 'example_sensor_decorator' retrieved from /home/gabzarp/.local/lib/python3.10/site-packages/airflow/example_dags/example_sensor_decorator.py
[2024-09-12T01:52:49.695-0300] {logging_mixin.py:190} INFO - [2024-09-12T01:52:49.695-0300] {dag.py:3229} INFO - Sync 1 DAGs
[2024-09-12T01:52:49.703-0300] {logging_mixin.py:190} INFO - [2024-09-12T01:52:49.703-0300] {dag.py:4156} INFO - Setting next_dagrun for example_sensor_decorator to None, run_after=None
[2024-09-12T01:52:49.755-0300] {processor.py:208} INFO - Processing /home/gabzarp/.local/lib/python3.10/site-packages/airflow/example_dags/example_sensor_decorator.py took 0.082 seconds
[2024-09-12T01:53:42.576-0300] {processor.py:186} INFO - Started process (PID=9727) to work on /home/gabzarp/.local/lib/python3.10/site-packages/airflow/example_dags/example_sensor_decorator.py
[2024-09-12T01:53:42.577-0300] {processor.py:914} INFO - Processing file /home/gabzarp/.local/lib/python3.10/site-packages/airflow/example_dags/example_sensor_decorator.py for tasks to queue
[2024-09-12T01:53:42.578-0300] {logging_mixin.py:190} INFO - [2024-09-12T01:53:42.578-0300] {dagbag.py:587} INFO - Filling up the DagBag from /home/gabzarp/.local/lib/python3.10/site-packages/airflow/example_dags/example_sensor_decorator.py
[2024-09-12T01:53:42.583-0300] {processor.py:925} INFO - DAG(s) 'example_sensor_decorator' retrieved from /home/gabzarp/.local/lib/python3.10/site-packages/airflow/example_dags/example_sensor_decorator.py
[2024-09-12T01:53:42.592-0300] {logging_mixin.py:190} INFO - [2024-09-12T01:53:42.592-0300] {dag.py:3229} INFO - Sync 1 DAGs
[2024-09-12T01:53:42.600-0300] {logging_mixin.py:190} INFO - [2024-09-12T01:53:42.600-0300] {dag.py:4156} INFO - Setting next_dagrun for example_sensor_decorator to None, run_after=None
[2024-09-12T01:53:42.614-0300] {processor.py:208} INFO - Processing /home/gabzarp/.local/lib/python3.10/site-packages/airflow/example_dags/example_sensor_decorator.py took 0.042 seconds
[2024-09-12T01:54:33.280-0300] {processor.py:186} INFO - Started process (PID=10143) to work on /home/gabzarp/.local/lib/python3.10/site-packages/airflow/example_dags/example_sensor_decorator.py
[2024-09-12T01:54:33.281-0300] {processor.py:914} INFO - Processing file /home/gabzarp/.local/lib/python3.10/site-packages/airflow/example_dags/example_sensor_decorator.py for tasks to queue
[2024-09-12T01:54:33.281-0300] {logging_mixin.py:190} INFO - [2024-09-12T01:54:33.281-0300] {dagbag.py:587} INFO - Filling up the DagBag from /home/gabzarp/.local/lib/python3.10/site-packages/airflow/example_dags/example_sensor_decorator.py
[2024-09-12T01:54:33.287-0300] {processor.py:925} INFO - DAG(s) 'example_sensor_decorator' retrieved from /home/gabzarp/.local/lib/python3.10/site-packages/airflow/example_dags/example_sensor_decorator.py
[2024-09-12T01:54:33.296-0300] {logging_mixin.py:190} INFO - [2024-09-12T01:54:33.296-0300] {dag.py:3229} INFO - Sync 1 DAGs
[2024-09-12T01:54:33.304-0300] {logging_mixin.py:190} INFO - [2024-09-12T01:54:33.304-0300] {dag.py:4156} INFO - Setting next_dagrun for example_sensor_decorator to None, run_after=None
[2024-09-12T01:54:33.321-0300] {processor.py:208} INFO - Processing /home/gabzarp/.local/lib/python3.10/site-packages/airflow/example_dags/example_sensor_decorator.py took 0.045 seconds
[2024-09-12T01:55:26.028-0300] {processor.py:186} INFO - Started process (PID=10560) to work on /home/gabzarp/.local/lib/python3.10/site-packages/airflow/example_dags/example_sensor_decorator.py
[2024-09-12T01:55:26.029-0300] {processor.py:914} INFO - Processing file /home/gabzarp/.local/lib/python3.10/site-packages/airflow/example_dags/example_sensor_decorator.py for tasks to queue
[2024-09-12T01:55:26.030-0300] {logging_mixin.py:190} INFO - [2024-09-12T01:55:26.030-0300] {dagbag.py:587} INFO - Filling up the DagBag from /home/gabzarp/.local/lib/python3.10/site-packages/airflow/example_dags/example_sensor_decorator.py
[2024-09-12T01:55:26.036-0300] {processor.py:925} INFO - DAG(s) 'example_sensor_decorator' retrieved from /home/gabzarp/.local/lib/python3.10/site-packages/airflow/example_dags/example_sensor_decorator.py
[2024-09-12T01:55:26.046-0300] {logging_mixin.py:190} INFO - [2024-09-12T01:55:26.045-0300] {dag.py:3229} INFO - Sync 1 DAGs
[2024-09-12T01:55:26.054-0300] {logging_mixin.py:190} INFO - [2024-09-12T01:55:26.054-0300] {dag.py:4156} INFO - Setting next_dagrun for example_sensor_decorator to None, run_after=None
[2024-09-12T01:55:26.107-0300] {processor.py:208} INFO - Processing /home/gabzarp/.local/lib/python3.10/site-packages/airflow/example_dags/example_sensor_decorator.py took 0.083 seconds
[2024-09-12T01:56:22.269-0300] {processor.py:186} INFO - Started process (PID=11034) to work on /home/gabzarp/.local/lib/python3.10/site-packages/airflow/example_dags/example_sensor_decorator.py
[2024-09-12T01:56:22.271-0300] {processor.py:914} INFO - Processing file /home/gabzarp/.local/lib/python3.10/site-packages/airflow/example_dags/example_sensor_decorator.py for tasks to queue
[2024-09-12T01:56:22.273-0300] {logging_mixin.py:190} INFO - [2024-09-12T01:56:22.272-0300] {dagbag.py:587} INFO - Filling up the DagBag from /home/gabzarp/.local/lib/python3.10/site-packages/airflow/example_dags/example_sensor_decorator.py
[2024-09-12T01:56:22.279-0300] {processor.py:925} INFO - DAG(s) 'example_sensor_decorator' retrieved from /home/gabzarp/.local/lib/python3.10/site-packages/airflow/example_dags/example_sensor_decorator.py
[2024-09-12T01:56:22.290-0300] {logging_mixin.py:190} INFO - [2024-09-12T01:56:22.290-0300] {dag.py:3229} INFO - Sync 1 DAGs
[2024-09-12T01:56:22.301-0300] {logging_mixin.py:190} INFO - [2024-09-12T01:56:22.301-0300] {dag.py:4156} INFO - Setting next_dagrun for example_sensor_decorator to None, run_after=None
[2024-09-12T01:56:22.319-0300] {processor.py:208} INFO - Processing /home/gabzarp/.local/lib/python3.10/site-packages/airflow/example_dags/example_sensor_decorator.py took 0.055 seconds
[2024-09-12T01:57:16.879-0300] {processor.py:186} INFO - Started process (PID=11511) to work on /home/gabzarp/.local/lib/python3.10/site-packages/airflow/example_dags/example_sensor_decorator.py
[2024-09-12T01:57:16.880-0300] {processor.py:914} INFO - Processing file /home/gabzarp/.local/lib/python3.10/site-packages/airflow/example_dags/example_sensor_decorator.py for tasks to queue
[2024-09-12T01:57:16.881-0300] {logging_mixin.py:190} INFO - [2024-09-12T01:57:16.880-0300] {dagbag.py:587} INFO - Filling up the DagBag from /home/gabzarp/.local/lib/python3.10/site-packages/airflow/example_dags/example_sensor_decorator.py
[2024-09-12T01:57:16.886-0300] {processor.py:925} INFO - DAG(s) 'example_sensor_decorator' retrieved from /home/gabzarp/.local/lib/python3.10/site-packages/airflow/example_dags/example_sensor_decorator.py
[2024-09-12T01:57:16.896-0300] {logging_mixin.py:190} INFO - [2024-09-12T01:57:16.896-0300] {dag.py:3229} INFO - Sync 1 DAGs
[2024-09-12T01:57:16.905-0300] {logging_mixin.py:190} INFO - [2024-09-12T01:57:16.904-0300] {dag.py:4156} INFO - Setting next_dagrun for example_sensor_decorator to None, run_after=None
[2024-09-12T01:57:16.929-0300] {processor.py:208} INFO - Processing /home/gabzarp/.local/lib/python3.10/site-packages/airflow/example_dags/example_sensor_decorator.py took 0.054 seconds
[2024-09-12T01:58:10.207-0300] {processor.py:186} INFO - Started process (PID=11931) to work on /home/gabzarp/.local/lib/python3.10/site-packages/airflow/example_dags/example_sensor_decorator.py
[2024-09-12T01:58:10.208-0300] {processor.py:914} INFO - Processing file /home/gabzarp/.local/lib/python3.10/site-packages/airflow/example_dags/example_sensor_decorator.py for tasks to queue
[2024-09-12T01:58:10.209-0300] {logging_mixin.py:190} INFO - [2024-09-12T01:58:10.209-0300] {dagbag.py:587} INFO - Filling up the DagBag from /home/gabzarp/.local/lib/python3.10/site-packages/airflow/example_dags/example_sensor_decorator.py
[2024-09-12T01:58:10.214-0300] {processor.py:925} INFO - DAG(s) 'example_sensor_decorator' retrieved from /home/gabzarp/.local/lib/python3.10/site-packages/airflow/example_dags/example_sensor_decorator.py
[2024-09-12T01:58:10.224-0300] {logging_mixin.py:190} INFO - [2024-09-12T01:58:10.223-0300] {dag.py:3229} INFO - Sync 1 DAGs
[2024-09-12T01:58:10.232-0300] {logging_mixin.py:190} INFO - [2024-09-12T01:58:10.232-0300] {dag.py:4156} INFO - Setting next_dagrun for example_sensor_decorator to None, run_after=None
[2024-09-12T01:58:10.292-0300] {processor.py:208} INFO - Processing /home/gabzarp/.local/lib/python3.10/site-packages/airflow/example_dags/example_sensor_decorator.py took 0.089 seconds
[2024-09-12T01:59:04.357-0300] {processor.py:186} INFO - Started process (PID=12362) to work on /home/gabzarp/.local/lib/python3.10/site-packages/airflow/example_dags/example_sensor_decorator.py
[2024-09-12T01:59:04.365-0300] {processor.py:914} INFO - Processing file /home/gabzarp/.local/lib/python3.10/site-packages/airflow/example_dags/example_sensor_decorator.py for tasks to queue
[2024-09-12T01:59:04.365-0300] {logging_mixin.py:190} INFO - [2024-09-12T01:59:04.365-0300] {dagbag.py:587} INFO - Filling up the DagBag from /home/gabzarp/.local/lib/python3.10/site-packages/airflow/example_dags/example_sensor_decorator.py
[2024-09-12T01:59:04.371-0300] {processor.py:925} INFO - DAG(s) 'example_sensor_decorator' retrieved from /home/gabzarp/.local/lib/python3.10/site-packages/airflow/example_dags/example_sensor_decorator.py
[2024-09-12T01:59:04.381-0300] {logging_mixin.py:190} INFO - [2024-09-12T01:59:04.380-0300] {dag.py:3229} INFO - Sync 1 DAGs
[2024-09-12T01:59:04.389-0300] {logging_mixin.py:190} INFO - [2024-09-12T01:59:04.389-0300] {dag.py:4156} INFO - Setting next_dagrun for example_sensor_decorator to None, run_after=None
[2024-09-12T01:59:04.406-0300] {processor.py:208} INFO - Processing /home/gabzarp/.local/lib/python3.10/site-packages/airflow/example_dags/example_sensor_decorator.py took 0.053 seconds
[2024-09-12T01:59:54.750-0300] {processor.py:186} INFO - Started process (PID=12788) to work on /home/gabzarp/.local/lib/python3.10/site-packages/airflow/example_dags/example_sensor_decorator.py
[2024-09-12T01:59:54.751-0300] {processor.py:914} INFO - Processing file /home/gabzarp/.local/lib/python3.10/site-packages/airflow/example_dags/example_sensor_decorator.py for tasks to queue
[2024-09-12T01:59:54.752-0300] {logging_mixin.py:190} INFO - [2024-09-12T01:59:54.751-0300] {dagbag.py:587} INFO - Filling up the DagBag from /home/gabzarp/.local/lib/python3.10/site-packages/airflow/example_dags/example_sensor_decorator.py
[2024-09-12T01:59:54.757-0300] {processor.py:925} INFO - DAG(s) 'example_sensor_decorator' retrieved from /home/gabzarp/.local/lib/python3.10/site-packages/airflow/example_dags/example_sensor_decorator.py
[2024-09-12T01:59:54.767-0300] {logging_mixin.py:190} INFO - [2024-09-12T01:59:54.766-0300] {dag.py:3229} INFO - Sync 1 DAGs
[2024-09-12T01:59:54.775-0300] {logging_mixin.py:190} INFO - [2024-09-12T01:59:54.775-0300] {dag.py:4156} INFO - Setting next_dagrun for example_sensor_decorator to None, run_after=None
[2024-09-12T01:59:54.791-0300] {processor.py:208} INFO - Processing /home/gabzarp/.local/lib/python3.10/site-packages/airflow/example_dags/example_sensor_decorator.py took 0.045 seconds
[2024-09-12T02:00:45.826-0300] {processor.py:186} INFO - Started process (PID=13279) to work on /home/gabzarp/.local/lib/python3.10/site-packages/airflow/example_dags/example_sensor_decorator.py
[2024-09-12T02:00:45.826-0300] {processor.py:914} INFO - Processing file /home/gabzarp/.local/lib/python3.10/site-packages/airflow/example_dags/example_sensor_decorator.py for tasks to queue
[2024-09-12T02:00:45.827-0300] {logging_mixin.py:190} INFO - [2024-09-12T02:00:45.827-0300] {dagbag.py:587} INFO - Filling up the DagBag from /home/gabzarp/.local/lib/python3.10/site-packages/airflow/example_dags/example_sensor_decorator.py
[2024-09-12T02:00:45.833-0300] {processor.py:925} INFO - DAG(s) 'example_sensor_decorator' retrieved from /home/gabzarp/.local/lib/python3.10/site-packages/airflow/example_dags/example_sensor_decorator.py
[2024-09-12T02:00:45.843-0300] {logging_mixin.py:190} INFO - [2024-09-12T02:00:45.843-0300] {dag.py:3229} INFO - Sync 1 DAGs
[2024-09-12T02:00:45.851-0300] {logging_mixin.py:190} INFO - [2024-09-12T02:00:45.851-0300] {dag.py:4156} INFO - Setting next_dagrun for example_sensor_decorator to None, run_after=None
[2024-09-12T02:00:45.866-0300] {processor.py:208} INFO - Processing /home/gabzarp/.local/lib/python3.10/site-packages/airflow/example_dags/example_sensor_decorator.py took 0.045 seconds
[2024-09-12T02:01:36.596-0300] {processor.py:186} INFO - Started process (PID=13714) to work on /home/gabzarp/.local/lib/python3.10/site-packages/airflow/example_dags/example_sensor_decorator.py
[2024-09-12T02:01:36.596-0300] {processor.py:914} INFO - Processing file /home/gabzarp/.local/lib/python3.10/site-packages/airflow/example_dags/example_sensor_decorator.py for tasks to queue
[2024-09-12T02:01:36.597-0300] {logging_mixin.py:190} INFO - [2024-09-12T02:01:36.597-0300] {dagbag.py:587} INFO - Filling up the DagBag from /home/gabzarp/.local/lib/python3.10/site-packages/airflow/example_dags/example_sensor_decorator.py
[2024-09-12T02:01:36.602-0300] {processor.py:925} INFO - DAG(s) 'example_sensor_decorator' retrieved from /home/gabzarp/.local/lib/python3.10/site-packages/airflow/example_dags/example_sensor_decorator.py
[2024-09-12T02:01:36.611-0300] {logging_mixin.py:190} INFO - [2024-09-12T02:01:36.610-0300] {dag.py:3229} INFO - Sync 1 DAGs
[2024-09-12T02:01:36.618-0300] {logging_mixin.py:190} INFO - [2024-09-12T02:01:36.618-0300] {dag.py:4156} INFO - Setting next_dagrun for example_sensor_decorator to None, run_after=None
[2024-09-12T02:01:36.631-0300] {processor.py:208} INFO - Processing /home/gabzarp/.local/lib/python3.10/site-packages/airflow/example_dags/example_sensor_decorator.py took 0.039 seconds
[2024-09-12T02:02:23.724-0300] {processor.py:186} INFO - Started process (PID=14128) to work on /home/gabzarp/.local/lib/python3.10/site-packages/airflow/example_dags/example_sensor_decorator.py
[2024-09-12T02:02:23.725-0300] {processor.py:914} INFO - Processing file /home/gabzarp/.local/lib/python3.10/site-packages/airflow/example_dags/example_sensor_decorator.py for tasks to queue
[2024-09-12T02:02:23.726-0300] {logging_mixin.py:190} INFO - [2024-09-12T02:02:23.726-0300] {dagbag.py:587} INFO - Filling up the DagBag from /home/gabzarp/.local/lib/python3.10/site-packages/airflow/example_dags/example_sensor_decorator.py
[2024-09-12T02:02:23.732-0300] {processor.py:925} INFO - DAG(s) 'example_sensor_decorator' retrieved from /home/gabzarp/.local/lib/python3.10/site-packages/airflow/example_dags/example_sensor_decorator.py
[2024-09-12T02:02:23.742-0300] {logging_mixin.py:190} INFO - [2024-09-12T02:02:23.742-0300] {dag.py:3229} INFO - Sync 1 DAGs
[2024-09-12T02:02:23.752-0300] {logging_mixin.py:190} INFO - [2024-09-12T02:02:23.752-0300] {dag.py:4156} INFO - Setting next_dagrun for example_sensor_decorator to None, run_after=None
[2024-09-12T02:02:23.767-0300] {processor.py:208} INFO - Processing /home/gabzarp/.local/lib/python3.10/site-packages/airflow/example_dags/example_sensor_decorator.py took 0.046 seconds
[2024-09-12T02:03:13.336-0300] {processor.py:186} INFO - Started process (PID=14527) to work on /home/gabzarp/.local/lib/python3.10/site-packages/airflow/example_dags/example_sensor_decorator.py
[2024-09-12T02:03:13.337-0300] {processor.py:914} INFO - Processing file /home/gabzarp/.local/lib/python3.10/site-packages/airflow/example_dags/example_sensor_decorator.py for tasks to queue
[2024-09-12T02:03:13.338-0300] {logging_mixin.py:190} INFO - [2024-09-12T02:03:13.337-0300] {dagbag.py:587} INFO - Filling up the DagBag from /home/gabzarp/.local/lib/python3.10/site-packages/airflow/example_dags/example_sensor_decorator.py
[2024-09-12T02:03:13.342-0300] {processor.py:925} INFO - DAG(s) 'example_sensor_decorator' retrieved from /home/gabzarp/.local/lib/python3.10/site-packages/airflow/example_dags/example_sensor_decorator.py
[2024-09-12T02:03:13.352-0300] {logging_mixin.py:190} INFO - [2024-09-12T02:03:13.352-0300] {dag.py:3229} INFO - Sync 1 DAGs
[2024-09-12T02:03:13.360-0300] {logging_mixin.py:190} INFO - [2024-09-12T02:03:13.360-0300] {dag.py:4156} INFO - Setting next_dagrun for example_sensor_decorator to None, run_after=None
[2024-09-12T02:03:13.373-0300] {processor.py:208} INFO - Processing /home/gabzarp/.local/lib/python3.10/site-packages/airflow/example_dags/example_sensor_decorator.py took 0.041 seconds
[2024-09-12T02:04:04.313-0300] {processor.py:186} INFO - Started process (PID=14931) to work on /home/gabzarp/.local/lib/python3.10/site-packages/airflow/example_dags/example_sensor_decorator.py
[2024-09-12T02:04:04.314-0300] {processor.py:914} INFO - Processing file /home/gabzarp/.local/lib/python3.10/site-packages/airflow/example_dags/example_sensor_decorator.py for tasks to queue
[2024-09-12T02:04:04.315-0300] {logging_mixin.py:190} INFO - [2024-09-12T02:04:04.315-0300] {dagbag.py:587} INFO - Filling up the DagBag from /home/gabzarp/.local/lib/python3.10/site-packages/airflow/example_dags/example_sensor_decorator.py
[2024-09-12T02:04:04.321-0300] {processor.py:925} INFO - DAG(s) 'example_sensor_decorator' retrieved from /home/gabzarp/.local/lib/python3.10/site-packages/airflow/example_dags/example_sensor_decorator.py
[2024-09-12T02:04:04.331-0300] {logging_mixin.py:190} INFO - [2024-09-12T02:04:04.331-0300] {dag.py:3229} INFO - Sync 1 DAGs
[2024-09-12T02:04:04.340-0300] {logging_mixin.py:190} INFO - [2024-09-12T02:04:04.339-0300] {dag.py:4156} INFO - Setting next_dagrun for example_sensor_decorator to None, run_after=None
[2024-09-12T02:04:04.357-0300] {processor.py:208} INFO - Processing /home/gabzarp/.local/lib/python3.10/site-packages/airflow/example_dags/example_sensor_decorator.py took 0.049 seconds
[2024-09-12T02:04:57.981-0300] {processor.py:186} INFO - Started process (PID=15354) to work on /home/gabzarp/.local/lib/python3.10/site-packages/airflow/example_dags/example_sensor_decorator.py
[2024-09-12T02:04:57.982-0300] {processor.py:914} INFO - Processing file /home/gabzarp/.local/lib/python3.10/site-packages/airflow/example_dags/example_sensor_decorator.py for tasks to queue
[2024-09-12T02:04:57.983-0300] {logging_mixin.py:190} INFO - [2024-09-12T02:04:57.983-0300] {dagbag.py:587} INFO - Filling up the DagBag from /home/gabzarp/.local/lib/python3.10/site-packages/airflow/example_dags/example_sensor_decorator.py
[2024-09-12T02:04:57.989-0300] {processor.py:925} INFO - DAG(s) 'example_sensor_decorator' retrieved from /home/gabzarp/.local/lib/python3.10/site-packages/airflow/example_dags/example_sensor_decorator.py
[2024-09-12T02:04:57.999-0300] {logging_mixin.py:190} INFO - [2024-09-12T02:04:57.999-0300] {dag.py:3229} INFO - Sync 1 DAGs
[2024-09-12T02:04:58.007-0300] {logging_mixin.py:190} INFO - [2024-09-12T02:04:58.007-0300] {dag.py:4156} INFO - Setting next_dagrun for example_sensor_decorator to None, run_after=None
[2024-09-12T02:04:58.023-0300] {processor.py:208} INFO - Processing /home/gabzarp/.local/lib/python3.10/site-packages/airflow/example_dags/example_sensor_decorator.py took 0.045 seconds
[2024-09-12T02:05:51.465-0300] {processor.py:186} INFO - Started process (PID=15775) to work on /home/gabzarp/.local/lib/python3.10/site-packages/airflow/example_dags/example_sensor_decorator.py
[2024-09-12T02:05:51.466-0300] {processor.py:914} INFO - Processing file /home/gabzarp/.local/lib/python3.10/site-packages/airflow/example_dags/example_sensor_decorator.py for tasks to queue
[2024-09-12T02:05:51.467-0300] {logging_mixin.py:190} INFO - [2024-09-12T02:05:51.467-0300] {dagbag.py:587} INFO - Filling up the DagBag from /home/gabzarp/.local/lib/python3.10/site-packages/airflow/example_dags/example_sensor_decorator.py
[2024-09-12T02:05:51.472-0300] {processor.py:925} INFO - DAG(s) 'example_sensor_decorator' retrieved from /home/gabzarp/.local/lib/python3.10/site-packages/airflow/example_dags/example_sensor_decorator.py
[2024-09-12T02:05:51.482-0300] {logging_mixin.py:190} INFO - [2024-09-12T02:05:51.481-0300] {dag.py:3229} INFO - Sync 1 DAGs
[2024-09-12T02:05:51.491-0300] {logging_mixin.py:190} INFO - [2024-09-12T02:05:51.491-0300] {dag.py:4156} INFO - Setting next_dagrun for example_sensor_decorator to None, run_after=None
[2024-09-12T02:05:51.554-0300] {processor.py:208} INFO - Processing /home/gabzarp/.local/lib/python3.10/site-packages/airflow/example_dags/example_sensor_decorator.py took 0.092 seconds
[2024-09-12T02:06:43.170-0300] {processor.py:186} INFO - Started process (PID=16182) to work on /home/gabzarp/.local/lib/python3.10/site-packages/airflow/example_dags/example_sensor_decorator.py
[2024-09-12T02:06:43.171-0300] {processor.py:914} INFO - Processing file /home/gabzarp/.local/lib/python3.10/site-packages/airflow/example_dags/example_sensor_decorator.py for tasks to queue
[2024-09-12T02:06:43.172-0300] {logging_mixin.py:190} INFO - [2024-09-12T02:06:43.172-0300] {dagbag.py:587} INFO - Filling up the DagBag from /home/gabzarp/.local/lib/python3.10/site-packages/airflow/example_dags/example_sensor_decorator.py
[2024-09-12T02:06:43.177-0300] {processor.py:925} INFO - DAG(s) 'example_sensor_decorator' retrieved from /home/gabzarp/.local/lib/python3.10/site-packages/airflow/example_dags/example_sensor_decorator.py
[2024-09-12T02:06:43.187-0300] {logging_mixin.py:190} INFO - [2024-09-12T02:06:43.187-0300] {dag.py:3229} INFO - Sync 1 DAGs
[2024-09-12T02:06:43.196-0300] {logging_mixin.py:190} INFO - [2024-09-12T02:06:43.195-0300] {dag.py:4156} INFO - Setting next_dagrun for example_sensor_decorator to None, run_after=None
[2024-09-12T02:06:43.211-0300] {processor.py:208} INFO - Processing /home/gabzarp/.local/lib/python3.10/site-packages/airflow/example_dags/example_sensor_decorator.py took 0.045 seconds
[2024-09-12T02:07:29.267-0300] {processor.py:186} INFO - Started process (PID=16552) to work on /home/gabzarp/.local/lib/python3.10/site-packages/airflow/example_dags/example_sensor_decorator.py
[2024-09-12T02:07:29.268-0300] {processor.py:914} INFO - Processing file /home/gabzarp/.local/lib/python3.10/site-packages/airflow/example_dags/example_sensor_decorator.py for tasks to queue
[2024-09-12T02:07:29.269-0300] {logging_mixin.py:190} INFO - [2024-09-12T02:07:29.268-0300] {dagbag.py:587} INFO - Filling up the DagBag from /home/gabzarp/.local/lib/python3.10/site-packages/airflow/example_dags/example_sensor_decorator.py
[2024-09-12T02:07:29.273-0300] {processor.py:925} INFO - DAG(s) 'example_sensor_decorator' retrieved from /home/gabzarp/.local/lib/python3.10/site-packages/airflow/example_dags/example_sensor_decorator.py
[2024-09-12T02:07:29.283-0300] {logging_mixin.py:190} INFO - [2024-09-12T02:07:29.283-0300] {dag.py:3229} INFO - Sync 1 DAGs
[2024-09-12T02:07:29.291-0300] {logging_mixin.py:190} INFO - [2024-09-12T02:07:29.291-0300] {dag.py:4156} INFO - Setting next_dagrun for example_sensor_decorator to None, run_after=None
[2024-09-12T02:07:29.306-0300] {processor.py:208} INFO - Processing /home/gabzarp/.local/lib/python3.10/site-packages/airflow/example_dags/example_sensor_decorator.py took 0.043 seconds
[2024-09-12T02:08:20.371-0300] {processor.py:186} INFO - Started process (PID=16954) to work on /home/gabzarp/.local/lib/python3.10/site-packages/airflow/example_dags/example_sensor_decorator.py
[2024-09-12T02:08:20.372-0300] {processor.py:914} INFO - Processing file /home/gabzarp/.local/lib/python3.10/site-packages/airflow/example_dags/example_sensor_decorator.py for tasks to queue
[2024-09-12T02:08:20.373-0300] {logging_mixin.py:190} INFO - [2024-09-12T02:08:20.373-0300] {dagbag.py:587} INFO - Filling up the DagBag from /home/gabzarp/.local/lib/python3.10/site-packages/airflow/example_dags/example_sensor_decorator.py
[2024-09-12T02:08:20.379-0300] {processor.py:925} INFO - DAG(s) 'example_sensor_decorator' retrieved from /home/gabzarp/.local/lib/python3.10/site-packages/airflow/example_dags/example_sensor_decorator.py
[2024-09-12T02:08:20.390-0300] {logging_mixin.py:190} INFO - [2024-09-12T02:08:20.390-0300] {dag.py:3229} INFO - Sync 1 DAGs
[2024-09-12T02:08:20.399-0300] {logging_mixin.py:190} INFO - [2024-09-12T02:08:20.398-0300] {dag.py:4156} INFO - Setting next_dagrun for example_sensor_decorator to None, run_after=None
[2024-09-12T02:08:20.416-0300] {processor.py:208} INFO - Processing /home/gabzarp/.local/lib/python3.10/site-packages/airflow/example_dags/example_sensor_decorator.py took 0.053 seconds
[2024-09-12T02:09:10.893-0300] {processor.py:186} INFO - Started process (PID=17350) to work on /home/gabzarp/.local/lib/python3.10/site-packages/airflow/example_dags/example_sensor_decorator.py
[2024-09-12T02:09:10.893-0300] {processor.py:914} INFO - Processing file /home/gabzarp/.local/lib/python3.10/site-packages/airflow/example_dags/example_sensor_decorator.py for tasks to queue
[2024-09-12T02:09:10.894-0300] {logging_mixin.py:190} INFO - [2024-09-12T02:09:10.894-0300] {dagbag.py:587} INFO - Filling up the DagBag from /home/gabzarp/.local/lib/python3.10/site-packages/airflow/example_dags/example_sensor_decorator.py
[2024-09-12T02:09:10.900-0300] {processor.py:925} INFO - DAG(s) 'example_sensor_decorator' retrieved from /home/gabzarp/.local/lib/python3.10/site-packages/airflow/example_dags/example_sensor_decorator.py
[2024-09-12T02:09:10.912-0300] {logging_mixin.py:190} INFO - [2024-09-12T02:09:10.912-0300] {dag.py:3229} INFO - Sync 1 DAGs
[2024-09-12T02:09:10.921-0300] {logging_mixin.py:190} INFO - [2024-09-12T02:09:10.921-0300] {dag.py:4156} INFO - Setting next_dagrun for example_sensor_decorator to None, run_after=None
[2024-09-12T02:09:10.938-0300] {processor.py:208} INFO - Processing /home/gabzarp/.local/lib/python3.10/site-packages/airflow/example_dags/example_sensor_decorator.py took 0.050 seconds
[2024-09-12T02:10:09.332-0300] {processor.py:186} INFO - Started process (PID=17963) to work on /home/gabzarp/.local/lib/python3.10/site-packages/airflow/example_dags/example_sensor_decorator.py
[2024-09-12T02:10:10.390-0300] {processor.py:914} INFO - Processing file /home/gabzarp/.local/lib/python3.10/site-packages/airflow/example_dags/example_sensor_decorator.py for tasks to queue
[2024-09-12T02:10:10.391-0300] {logging_mixin.py:190} INFO - [2024-09-12T02:10:10.391-0300] {dagbag.py:587} INFO - Filling up the DagBag from /home/gabzarp/.local/lib/python3.10/site-packages/airflow/example_dags/example_sensor_decorator.py
[2024-09-12T02:10:10.396-0300] {processor.py:925} INFO - DAG(s) 'example_sensor_decorator' retrieved from /home/gabzarp/.local/lib/python3.10/site-packages/airflow/example_dags/example_sensor_decorator.py
[2024-09-12T02:10:10.408-0300] {logging_mixin.py:190} INFO - [2024-09-12T02:10:10.408-0300] {dag.py:3229} INFO - Sync 1 DAGs
[2024-09-12T02:10:10.416-0300] {logging_mixin.py:190} INFO - [2024-09-12T02:10:10.416-0300] {dag.py:4156} INFO - Setting next_dagrun for example_sensor_decorator to None, run_after=None
[2024-09-12T02:10:22.934-0300] {processor.py:208} INFO - Processing /home/gabzarp/.local/lib/python3.10/site-packages/airflow/example_dags/example_sensor_decorator.py took 13.608 seconds
