[2024-09-12T01:39:37.771-0300] {processor.py:186} INFO - Started process (PID=2613) to work on /home/gabzarp/.local/lib/python3.10/site-packages/airflow/example_dags/example_trigger_controller_dag.py
[2024-09-12T01:39:37.771-0300] {processor.py:914} INFO - Processing file /home/gabzarp/.local/lib/python3.10/site-packages/airflow/example_dags/example_trigger_controller_dag.py for tasks to queue
[2024-09-12T01:39:37.773-0300] {logging_mixin.py:190} INFO - [2024-09-12T01:39:37.772-0300] {dagbag.py:587} INFO - Filling up the DagBag from /home/gabzarp/.local/lib/python3.10/site-packages/airflow/example_dags/example_trigger_controller_dag.py
[2024-09-12T01:39:37.776-0300] {processor.py:925} INFO - DAG(s) 'example_trigger_controller_dag' retrieved from /home/gabzarp/.local/lib/python3.10/site-packages/airflow/example_dags/example_trigger_controller_dag.py
[2024-09-12T01:39:37.840-0300] {logging_mixin.py:190} INFO - [2024-09-12T01:39:37.840-0300] {override.py:1900} INFO - Created Permission View: can edit on DAG:example_trigger_controller_dag
[2024-09-12T01:39:37.850-0300] {logging_mixin.py:190} INFO - [2024-09-12T01:39:37.850-0300] {override.py:1900} INFO - Created Permission View: can read on DAG:example_trigger_controller_dag
[2024-09-12T01:39:37.858-0300] {logging_mixin.py:190} INFO - [2024-09-12T01:39:37.857-0300] {override.py:1900} INFO - Created Permission View: can delete on DAG:example_trigger_controller_dag
[2024-09-12T01:39:37.868-0300] {logging_mixin.py:190} INFO - [2024-09-12T01:39:37.868-0300] {override.py:1900} INFO - Created Permission View: can read on DAG Run:example_trigger_controller_dag
[2024-09-12T01:39:37.875-0300] {logging_mixin.py:190} INFO - [2024-09-12T01:39:37.875-0300] {override.py:1900} INFO - Created Permission View: can create on DAG Run:example_trigger_controller_dag
[2024-09-12T01:39:37.884-0300] {logging_mixin.py:190} INFO - [2024-09-12T01:39:37.883-0300] {override.py:1900} INFO - Created Permission View: menu access on DAG Run:example_trigger_controller_dag
[2024-09-12T01:39:37.892-0300] {logging_mixin.py:190} INFO - [2024-09-12T01:39:37.892-0300] {override.py:1900} INFO - Created Permission View: can delete on DAG Run:example_trigger_controller_dag
[2024-09-12T01:39:37.893-0300] {logging_mixin.py:190} INFO - [2024-09-12T01:39:37.892-0300] {dag.py:3229} INFO - Sync 1 DAGs
[2024-09-12T01:39:37.902-0300] {logging_mixin.py:190} INFO - [2024-09-12T01:39:37.902-0300] {dag.py:3252} INFO - Creating ORM DAG for example_trigger_controller_dag
[2024-09-12T01:39:37.907-0300] {logging_mixin.py:190} INFO - [2024-09-12T01:39:37.907-0300] {dag.py:4156} INFO - Setting next_dagrun for example_trigger_controller_dag to 2021-01-01 00:00:00+00:00, run_after=2021-01-01 00:00:00+00:00
[2024-09-12T01:39:37.922-0300] {processor.py:208} INFO - Processing /home/gabzarp/.local/lib/python3.10/site-packages/airflow/example_dags/example_trigger_controller_dag.py took 0.155 seconds
[2024-09-12T01:40:35.491-0300] {processor.py:186} INFO - Started process (PID=2900) to work on /home/gabzarp/.local/lib/python3.10/site-packages/airflow/example_dags/example_trigger_controller_dag.py
[2024-09-12T01:40:35.492-0300] {processor.py:914} INFO - Processing file /home/gabzarp/.local/lib/python3.10/site-packages/airflow/example_dags/example_trigger_controller_dag.py for tasks to queue
[2024-09-12T01:40:35.493-0300] {logging_mixin.py:190} INFO - [2024-09-12T01:40:35.493-0300] {dagbag.py:587} INFO - Filling up the DagBag from /home/gabzarp/.local/lib/python3.10/site-packages/airflow/example_dags/example_trigger_controller_dag.py
[2024-09-12T01:40:35.497-0300] {processor.py:925} INFO - DAG(s) 'example_trigger_controller_dag' retrieved from /home/gabzarp/.local/lib/python3.10/site-packages/airflow/example_dags/example_trigger_controller_dag.py
[2024-09-12T01:40:35.507-0300] {logging_mixin.py:190} INFO - [2024-09-12T01:40:35.506-0300] {dag.py:3229} INFO - Sync 1 DAGs
[2024-09-12T01:40:35.519-0300] {logging_mixin.py:190} INFO - [2024-09-12T01:40:35.519-0300] {dag.py:4156} INFO - Setting next_dagrun for example_trigger_controller_dag to 2021-01-01 00:00:00+00:00, run_after=2021-01-01 00:00:00+00:00
[2024-09-12T01:40:35.533-0300] {processor.py:208} INFO - Processing /home/gabzarp/.local/lib/python3.10/site-packages/airflow/example_dags/example_trigger_controller_dag.py took 0.046 seconds
[2024-09-12T01:41:26.858-0300] {processor.py:186} INFO - Started process (PID=3243) to work on /home/gabzarp/.local/lib/python3.10/site-packages/airflow/example_dags/example_trigger_controller_dag.py
[2024-09-12T01:41:26.859-0300] {processor.py:914} INFO - Processing file /home/gabzarp/.local/lib/python3.10/site-packages/airflow/example_dags/example_trigger_controller_dag.py for tasks to queue
[2024-09-12T01:41:26.861-0300] {logging_mixin.py:190} INFO - [2024-09-12T01:41:26.861-0300] {dagbag.py:587} INFO - Filling up the DagBag from /home/gabzarp/.local/lib/python3.10/site-packages/airflow/example_dags/example_trigger_controller_dag.py
[2024-09-12T01:41:26.865-0300] {processor.py:925} INFO - DAG(s) 'example_trigger_controller_dag' retrieved from /home/gabzarp/.local/lib/python3.10/site-packages/airflow/example_dags/example_trigger_controller_dag.py
[2024-09-12T01:41:26.874-0300] {logging_mixin.py:190} INFO - [2024-09-12T01:41:26.874-0300] {dag.py:3229} INFO - Sync 1 DAGs
[2024-09-12T01:41:26.886-0300] {logging_mixin.py:190} INFO - [2024-09-12T01:41:26.886-0300] {dag.py:4156} INFO - Setting next_dagrun for example_trigger_controller_dag to 2021-01-01 00:00:00+00:00, run_after=2021-01-01 00:00:00+00:00
[2024-09-12T01:41:26.904-0300] {processor.py:208} INFO - Processing /home/gabzarp/.local/lib/python3.10/site-packages/airflow/example_dags/example_trigger_controller_dag.py took 0.049 seconds
[2024-09-12T01:42:16.973-0300] {processor.py:186} INFO - Started process (PID=3494) to work on /home/gabzarp/.local/lib/python3.10/site-packages/airflow/example_dags/example_trigger_controller_dag.py
[2024-09-12T01:42:16.974-0300] {processor.py:914} INFO - Processing file /home/gabzarp/.local/lib/python3.10/site-packages/airflow/example_dags/example_trigger_controller_dag.py for tasks to queue
[2024-09-12T01:42:16.975-0300] {logging_mixin.py:190} INFO - [2024-09-12T01:42:16.975-0300] {dagbag.py:587} INFO - Filling up the DagBag from /home/gabzarp/.local/lib/python3.10/site-packages/airflow/example_dags/example_trigger_controller_dag.py
[2024-09-12T01:42:16.980-0300] {processor.py:925} INFO - DAG(s) 'example_trigger_controller_dag' retrieved from /home/gabzarp/.local/lib/python3.10/site-packages/airflow/example_dags/example_trigger_controller_dag.py
[2024-09-12T01:42:16.990-0300] {logging_mixin.py:190} INFO - [2024-09-12T01:42:16.989-0300] {dag.py:3229} INFO - Sync 1 DAGs
[2024-09-12T01:42:17.003-0300] {logging_mixin.py:190} INFO - [2024-09-12T01:42:17.003-0300] {dag.py:4156} INFO - Setting next_dagrun for example_trigger_controller_dag to 2021-01-01 00:00:00+00:00, run_after=2021-01-01 00:00:00+00:00
[2024-09-12T01:42:17.017-0300] {processor.py:208} INFO - Processing /home/gabzarp/.local/lib/python3.10/site-packages/airflow/example_dags/example_trigger_controller_dag.py took 0.048 seconds
[2024-09-12T01:43:07.203-0300] {processor.py:186} INFO - Started process (PID=3747) to work on /home/gabzarp/.local/lib/python3.10/site-packages/airflow/example_dags/example_trigger_controller_dag.py
[2024-09-12T01:43:07.204-0300] {processor.py:914} INFO - Processing file /home/gabzarp/.local/lib/python3.10/site-packages/airflow/example_dags/example_trigger_controller_dag.py for tasks to queue
[2024-09-12T01:43:07.205-0300] {logging_mixin.py:190} INFO - [2024-09-12T01:43:07.205-0300] {dagbag.py:587} INFO - Filling up the DagBag from /home/gabzarp/.local/lib/python3.10/site-packages/airflow/example_dags/example_trigger_controller_dag.py
[2024-09-12T01:43:07.209-0300] {processor.py:925} INFO - DAG(s) 'example_trigger_controller_dag' retrieved from /home/gabzarp/.local/lib/python3.10/site-packages/airflow/example_dags/example_trigger_controller_dag.py
[2024-09-12T01:43:07.218-0300] {logging_mixin.py:190} INFO - [2024-09-12T01:43:07.218-0300] {dag.py:3229} INFO - Sync 1 DAGs
[2024-09-12T01:43:07.229-0300] {logging_mixin.py:190} INFO - [2024-09-12T01:43:07.229-0300] {dag.py:4156} INFO - Setting next_dagrun for example_trigger_controller_dag to 2021-01-01 00:00:00+00:00, run_after=2021-01-01 00:00:00+00:00
[2024-09-12T01:43:07.243-0300] {processor.py:208} INFO - Processing /home/gabzarp/.local/lib/python3.10/site-packages/airflow/example_dags/example_trigger_controller_dag.py took 0.044 seconds
[2024-09-12T01:44:43.621-0300] {processor.py:186} INFO - Started process (PID=4905) to work on /home/gabzarp/.local/lib/python3.10/site-packages/airflow/example_dags/example_trigger_controller_dag.py
[2024-09-12T01:44:43.622-0300] {processor.py:914} INFO - Processing file /home/gabzarp/.local/lib/python3.10/site-packages/airflow/example_dags/example_trigger_controller_dag.py for tasks to queue
[2024-09-12T01:44:43.623-0300] {logging_mixin.py:190} INFO - [2024-09-12T01:44:43.623-0300] {dagbag.py:587} INFO - Filling up the DagBag from /home/gabzarp/.local/lib/python3.10/site-packages/airflow/example_dags/example_trigger_controller_dag.py
[2024-09-12T01:44:43.627-0300] {processor.py:925} INFO - DAG(s) 'example_trigger_controller_dag' retrieved from /home/gabzarp/.local/lib/python3.10/site-packages/airflow/example_dags/example_trigger_controller_dag.py
[2024-09-12T01:44:43.636-0300] {logging_mixin.py:190} INFO - [2024-09-12T01:44:43.636-0300] {dag.py:3229} INFO - Sync 1 DAGs
[2024-09-12T01:44:43.648-0300] {logging_mixin.py:190} INFO - [2024-09-12T01:44:43.648-0300] {dag.py:4156} INFO - Setting next_dagrun for example_trigger_controller_dag to 2021-01-01 00:00:00+00:00, run_after=2021-01-01 00:00:00+00:00
[2024-09-12T01:44:43.769-0300] {processor.py:208} INFO - Processing /home/gabzarp/.local/lib/python3.10/site-packages/airflow/example_dags/example_trigger_controller_dag.py took 0.152 seconds
[2024-09-12T01:45:38.156-0300] {processor.py:186} INFO - Started process (PID=5335) to work on /home/gabzarp/.local/lib/python3.10/site-packages/airflow/example_dags/example_trigger_controller_dag.py
[2024-09-12T01:45:38.157-0300] {processor.py:914} INFO - Processing file /home/gabzarp/.local/lib/python3.10/site-packages/airflow/example_dags/example_trigger_controller_dag.py for tasks to queue
[2024-09-12T01:45:38.159-0300] {logging_mixin.py:190} INFO - [2024-09-12T01:45:38.158-0300] {dagbag.py:587} INFO - Filling up the DagBag from /home/gabzarp/.local/lib/python3.10/site-packages/airflow/example_dags/example_trigger_controller_dag.py
[2024-09-12T01:45:38.164-0300] {processor.py:925} INFO - DAG(s) 'example_trigger_controller_dag' retrieved from /home/gabzarp/.local/lib/python3.10/site-packages/airflow/example_dags/example_trigger_controller_dag.py
[2024-09-12T01:45:38.174-0300] {logging_mixin.py:190} INFO - [2024-09-12T01:45:38.174-0300] {dag.py:3229} INFO - Sync 1 DAGs
[2024-09-12T01:45:38.187-0300] {logging_mixin.py:190} INFO - [2024-09-12T01:45:38.187-0300] {dag.py:4156} INFO - Setting next_dagrun for example_trigger_controller_dag to 2021-01-01 00:00:00+00:00, run_after=2021-01-01 00:00:00+00:00
[2024-09-12T01:45:38.204-0300] {processor.py:208} INFO - Processing /home/gabzarp/.local/lib/python3.10/site-packages/airflow/example_dags/example_trigger_controller_dag.py took 0.052 seconds
[2024-09-12T01:46:29.506-0300] {processor.py:186} INFO - Started process (PID=5749) to work on /home/gabzarp/.local/lib/python3.10/site-packages/airflow/example_dags/example_trigger_controller_dag.py
[2024-09-12T01:46:29.507-0300] {processor.py:914} INFO - Processing file /home/gabzarp/.local/lib/python3.10/site-packages/airflow/example_dags/example_trigger_controller_dag.py for tasks to queue
[2024-09-12T01:46:29.509-0300] {logging_mixin.py:190} INFO - [2024-09-12T01:46:29.509-0300] {dagbag.py:587} INFO - Filling up the DagBag from /home/gabzarp/.local/lib/python3.10/site-packages/airflow/example_dags/example_trigger_controller_dag.py
[2024-09-12T01:46:29.513-0300] {processor.py:925} INFO - DAG(s) 'example_trigger_controller_dag' retrieved from /home/gabzarp/.local/lib/python3.10/site-packages/airflow/example_dags/example_trigger_controller_dag.py
[2024-09-12T01:46:29.524-0300] {logging_mixin.py:190} INFO - [2024-09-12T01:46:29.523-0300] {dag.py:3229} INFO - Sync 1 DAGs
[2024-09-12T01:46:29.540-0300] {logging_mixin.py:190} INFO - [2024-09-12T01:46:29.540-0300] {dag.py:4156} INFO - Setting next_dagrun for example_trigger_controller_dag to 2021-01-01 00:00:00+00:00, run_after=2021-01-01 00:00:00+00:00
[2024-09-12T01:46:29.556-0300] {processor.py:208} INFO - Processing /home/gabzarp/.local/lib/python3.10/site-packages/airflow/example_dags/example_trigger_controller_dag.py took 0.054 seconds
[2024-09-12T01:47:17.183-0300] {processor.py:186} INFO - Started process (PID=6134) to work on /home/gabzarp/.local/lib/python3.10/site-packages/airflow/example_dags/example_trigger_controller_dag.py
[2024-09-12T01:47:17.184-0300] {processor.py:914} INFO - Processing file /home/gabzarp/.local/lib/python3.10/site-packages/airflow/example_dags/example_trigger_controller_dag.py for tasks to queue
[2024-09-12T01:47:17.185-0300] {logging_mixin.py:190} INFO - [2024-09-12T01:47:17.185-0300] {dagbag.py:587} INFO - Filling up the DagBag from /home/gabzarp/.local/lib/python3.10/site-packages/airflow/example_dags/example_trigger_controller_dag.py
[2024-09-12T01:47:17.189-0300] {processor.py:925} INFO - DAG(s) 'example_trigger_controller_dag' retrieved from /home/gabzarp/.local/lib/python3.10/site-packages/airflow/example_dags/example_trigger_controller_dag.py
[2024-09-12T01:47:17.198-0300] {logging_mixin.py:190} INFO - [2024-09-12T01:47:17.198-0300] {dag.py:3229} INFO - Sync 1 DAGs
[2024-09-12T01:47:17.212-0300] {logging_mixin.py:190} INFO - [2024-09-12T01:47:17.212-0300] {dag.py:4156} INFO - Setting next_dagrun for example_trigger_controller_dag to 2021-01-01 00:00:00+00:00, run_after=2021-01-01 00:00:00+00:00
[2024-09-12T01:47:17.227-0300] {processor.py:208} INFO - Processing /home/gabzarp/.local/lib/python3.10/site-packages/airflow/example_dags/example_trigger_controller_dag.py took 0.048 seconds
[2024-09-12T01:48:13.726-0300] {processor.py:186} INFO - Started process (PID=6580) to work on /home/gabzarp/.local/lib/python3.10/site-packages/airflow/example_dags/example_trigger_controller_dag.py
[2024-09-12T01:48:13.727-0300] {processor.py:914} INFO - Processing file /home/gabzarp/.local/lib/python3.10/site-packages/airflow/example_dags/example_trigger_controller_dag.py for tasks to queue
[2024-09-12T01:48:13.729-0300] {logging_mixin.py:190} INFO - [2024-09-12T01:48:13.728-0300] {dagbag.py:587} INFO - Filling up the DagBag from /home/gabzarp/.local/lib/python3.10/site-packages/airflow/example_dags/example_trigger_controller_dag.py
[2024-09-12T01:48:13.733-0300] {processor.py:925} INFO - DAG(s) 'example_trigger_controller_dag' retrieved from /home/gabzarp/.local/lib/python3.10/site-packages/airflow/example_dags/example_trigger_controller_dag.py
[2024-09-12T01:48:13.742-0300] {logging_mixin.py:190} INFO - [2024-09-12T01:48:13.742-0300] {dag.py:3229} INFO - Sync 1 DAGs
[2024-09-12T01:48:13.755-0300] {logging_mixin.py:190} INFO - [2024-09-12T01:48:13.755-0300] {dag.py:4156} INFO - Setting next_dagrun for example_trigger_controller_dag to 2021-01-01 00:00:00+00:00, run_after=2021-01-01 00:00:00+00:00
[2024-09-12T01:48:13.772-0300] {processor.py:208} INFO - Processing /home/gabzarp/.local/lib/python3.10/site-packages/airflow/example_dags/example_trigger_controller_dag.py took 0.049 seconds
[2024-09-12T01:49:04.540-0300] {processor.py:186} INFO - Started process (PID=7123) to work on /home/gabzarp/.local/lib/python3.10/site-packages/airflow/example_dags/example_trigger_controller_dag.py
[2024-09-12T01:49:04.541-0300] {processor.py:914} INFO - Processing file /home/gabzarp/.local/lib/python3.10/site-packages/airflow/example_dags/example_trigger_controller_dag.py for tasks to queue
[2024-09-12T01:49:04.543-0300] {logging_mixin.py:190} INFO - [2024-09-12T01:49:04.542-0300] {dagbag.py:587} INFO - Filling up the DagBag from /home/gabzarp/.local/lib/python3.10/site-packages/airflow/example_dags/example_trigger_controller_dag.py
[2024-09-12T01:49:04.548-0300] {processor.py:925} INFO - DAG(s) 'example_trigger_controller_dag' retrieved from /home/gabzarp/.local/lib/python3.10/site-packages/airflow/example_dags/example_trigger_controller_dag.py
[2024-09-12T01:49:04.558-0300] {logging_mixin.py:190} INFO - [2024-09-12T01:49:04.558-0300] {dag.py:3229} INFO - Sync 1 DAGs
[2024-09-12T01:49:04.569-0300] {logging_mixin.py:190} INFO - [2024-09-12T01:49:04.569-0300] {dag.py:4156} INFO - Setting next_dagrun for example_trigger_controller_dag to 2021-01-01 00:00:00+00:00, run_after=2021-01-01 00:00:00+00:00
[2024-09-12T01:49:04.585-0300] {processor.py:208} INFO - Processing /home/gabzarp/.local/lib/python3.10/site-packages/airflow/example_dags/example_trigger_controller_dag.py took 0.049 seconds
[2024-09-12T01:49:55.941-0300] {processor.py:186} INFO - Started process (PID=7560) to work on /home/gabzarp/.local/lib/python3.10/site-packages/airflow/example_dags/example_trigger_controller_dag.py
[2024-09-12T01:49:55.942-0300] {processor.py:914} INFO - Processing file /home/gabzarp/.local/lib/python3.10/site-packages/airflow/example_dags/example_trigger_controller_dag.py for tasks to queue
[2024-09-12T01:49:55.942-0300] {logging_mixin.py:190} INFO - [2024-09-12T01:49:55.942-0300] {dagbag.py:587} INFO - Filling up the DagBag from /home/gabzarp/.local/lib/python3.10/site-packages/airflow/example_dags/example_trigger_controller_dag.py
[2024-09-12T01:49:55.947-0300] {processor.py:925} INFO - DAG(s) 'example_trigger_controller_dag' retrieved from /home/gabzarp/.local/lib/python3.10/site-packages/airflow/example_dags/example_trigger_controller_dag.py
[2024-09-12T01:49:55.956-0300] {logging_mixin.py:190} INFO - [2024-09-12T01:49:55.955-0300] {dag.py:3229} INFO - Sync 1 DAGs
[2024-09-12T01:49:55.968-0300] {logging_mixin.py:190} INFO - [2024-09-12T01:49:55.968-0300] {dag.py:4156} INFO - Setting next_dagrun for example_trigger_controller_dag to 2021-01-01 00:00:00+00:00, run_after=2021-01-01 00:00:00+00:00
[2024-09-12T01:49:55.986-0300] {processor.py:208} INFO - Processing /home/gabzarp/.local/lib/python3.10/site-packages/airflow/example_dags/example_trigger_controller_dag.py took 0.049 seconds
[2024-09-12T01:50:43.990-0300] {processor.py:186} INFO - Started process (PID=7996) to work on /home/gabzarp/.local/lib/python3.10/site-packages/airflow/example_dags/example_trigger_controller_dag.py
[2024-09-12T01:50:43.991-0300] {processor.py:914} INFO - Processing file /home/gabzarp/.local/lib/python3.10/site-packages/airflow/example_dags/example_trigger_controller_dag.py for tasks to queue
[2024-09-12T01:50:43.992-0300] {logging_mixin.py:190} INFO - [2024-09-12T01:50:43.992-0300] {dagbag.py:587} INFO - Filling up the DagBag from /home/gabzarp/.local/lib/python3.10/site-packages/airflow/example_dags/example_trigger_controller_dag.py
[2024-09-12T01:50:43.998-0300] {processor.py:925} INFO - DAG(s) 'example_trigger_controller_dag' retrieved from /home/gabzarp/.local/lib/python3.10/site-packages/airflow/example_dags/example_trigger_controller_dag.py
[2024-09-12T01:50:44.012-0300] {logging_mixin.py:190} INFO - [2024-09-12T01:50:44.012-0300] {dag.py:3229} INFO - Sync 1 DAGs
[2024-09-12T01:50:44.027-0300] {logging_mixin.py:190} INFO - [2024-09-12T01:50:44.027-0300] {dag.py:4156} INFO - Setting next_dagrun for example_trigger_controller_dag to 2021-01-01 00:00:00+00:00, run_after=2021-01-01 00:00:00+00:00
[2024-09-12T01:50:44.079-0300] {processor.py:208} INFO - Processing /home/gabzarp/.local/lib/python3.10/site-packages/airflow/example_dags/example_trigger_controller_dag.py took 0.092 seconds
[2024-09-12T01:51:32.738-0300] {processor.py:186} INFO - Started process (PID=8433) to work on /home/gabzarp/.local/lib/python3.10/site-packages/airflow/example_dags/example_trigger_controller_dag.py
[2024-09-12T01:51:32.739-0300] {processor.py:914} INFO - Processing file /home/gabzarp/.local/lib/python3.10/site-packages/airflow/example_dags/example_trigger_controller_dag.py for tasks to queue
[2024-09-12T01:51:32.740-0300] {logging_mixin.py:190} INFO - [2024-09-12T01:51:32.739-0300] {dagbag.py:587} INFO - Filling up the DagBag from /home/gabzarp/.local/lib/python3.10/site-packages/airflow/example_dags/example_trigger_controller_dag.py
[2024-09-12T01:51:32.744-0300] {processor.py:925} INFO - DAG(s) 'example_trigger_controller_dag' retrieved from /home/gabzarp/.local/lib/python3.10/site-packages/airflow/example_dags/example_trigger_controller_dag.py
[2024-09-12T01:51:32.753-0300] {logging_mixin.py:190} INFO - [2024-09-12T01:51:32.753-0300] {dag.py:3229} INFO - Sync 1 DAGs
[2024-09-12T01:51:32.765-0300] {logging_mixin.py:190} INFO - [2024-09-12T01:51:32.765-0300] {dag.py:4156} INFO - Setting next_dagrun for example_trigger_controller_dag to 2021-01-01 00:00:00+00:00, run_after=2021-01-01 00:00:00+00:00
[2024-09-12T01:51:32.779-0300] {processor.py:208} INFO - Processing /home/gabzarp/.local/lib/python3.10/site-packages/airflow/example_dags/example_trigger_controller_dag.py took 0.044 seconds
[2024-09-12T01:52:24.128-0300] {processor.py:186} INFO - Started process (PID=8971) to work on /home/gabzarp/.local/lib/python3.10/site-packages/airflow/example_dags/example_trigger_controller_dag.py
[2024-09-12T01:52:24.129-0300] {processor.py:914} INFO - Processing file /home/gabzarp/.local/lib/python3.10/site-packages/airflow/example_dags/example_trigger_controller_dag.py for tasks to queue
[2024-09-12T01:52:24.129-0300] {logging_mixin.py:190} INFO - [2024-09-12T01:52:24.129-0300] {dagbag.py:587} INFO - Filling up the DagBag from /home/gabzarp/.local/lib/python3.10/site-packages/airflow/example_dags/example_trigger_controller_dag.py
[2024-09-12T01:52:24.134-0300] {processor.py:925} INFO - DAG(s) 'example_trigger_controller_dag' retrieved from /home/gabzarp/.local/lib/python3.10/site-packages/airflow/example_dags/example_trigger_controller_dag.py
[2024-09-12T01:52:24.143-0300] {logging_mixin.py:190} INFO - [2024-09-12T01:52:24.143-0300] {dag.py:3229} INFO - Sync 1 DAGs
[2024-09-12T01:52:24.157-0300] {logging_mixin.py:190} INFO - [2024-09-12T01:52:24.157-0300] {dag.py:4156} INFO - Setting next_dagrun for example_trigger_controller_dag to 2021-01-01 00:00:00+00:00, run_after=2021-01-01 00:00:00+00:00
[2024-09-12T01:52:24.175-0300] {processor.py:208} INFO - Processing /home/gabzarp/.local/lib/python3.10/site-packages/airflow/example_dags/example_trigger_controller_dag.py took 0.051 seconds
[2024-09-12T01:53:16.178-0300] {processor.py:186} INFO - Started process (PID=9505) to work on /home/gabzarp/.local/lib/python3.10/site-packages/airflow/example_dags/example_trigger_controller_dag.py
[2024-09-12T01:53:16.179-0300] {processor.py:914} INFO - Processing file /home/gabzarp/.local/lib/python3.10/site-packages/airflow/example_dags/example_trigger_controller_dag.py for tasks to queue
[2024-09-12T01:53:16.179-0300] {logging_mixin.py:190} INFO - [2024-09-12T01:53:16.179-0300] {dagbag.py:587} INFO - Filling up the DagBag from /home/gabzarp/.local/lib/python3.10/site-packages/airflow/example_dags/example_trigger_controller_dag.py
[2024-09-12T01:53:16.185-0300] {processor.py:925} INFO - DAG(s) 'example_trigger_controller_dag' retrieved from /home/gabzarp/.local/lib/python3.10/site-packages/airflow/example_dags/example_trigger_controller_dag.py
[2024-09-12T01:53:16.195-0300] {logging_mixin.py:190} INFO - [2024-09-12T01:53:16.195-0300] {dag.py:3229} INFO - Sync 1 DAGs
[2024-09-12T01:53:16.208-0300] {logging_mixin.py:190} INFO - [2024-09-12T01:53:16.208-0300] {dag.py:4156} INFO - Setting next_dagrun for example_trigger_controller_dag to 2021-01-01 00:00:00+00:00, run_after=2021-01-01 00:00:00+00:00
[2024-09-12T01:53:16.223-0300] {processor.py:208} INFO - Processing /home/gabzarp/.local/lib/python3.10/site-packages/airflow/example_dags/example_trigger_controller_dag.py took 0.049 seconds
[2024-09-12T01:54:08.763-0300] {processor.py:186} INFO - Started process (PID=9943) to work on /home/gabzarp/.local/lib/python3.10/site-packages/airflow/example_dags/example_trigger_controller_dag.py
[2024-09-12T01:54:08.764-0300] {processor.py:914} INFO - Processing file /home/gabzarp/.local/lib/python3.10/site-packages/airflow/example_dags/example_trigger_controller_dag.py for tasks to queue
[2024-09-12T01:54:08.765-0300] {logging_mixin.py:190} INFO - [2024-09-12T01:54:08.765-0300] {dagbag.py:587} INFO - Filling up the DagBag from /home/gabzarp/.local/lib/python3.10/site-packages/airflow/example_dags/example_trigger_controller_dag.py
[2024-09-12T01:54:08.769-0300] {processor.py:925} INFO - DAG(s) 'example_trigger_controller_dag' retrieved from /home/gabzarp/.local/lib/python3.10/site-packages/airflow/example_dags/example_trigger_controller_dag.py
[2024-09-12T01:54:08.778-0300] {logging_mixin.py:190} INFO - [2024-09-12T01:54:08.777-0300] {dag.py:3229} INFO - Sync 1 DAGs
[2024-09-12T01:54:08.789-0300] {logging_mixin.py:190} INFO - [2024-09-12T01:54:08.789-0300] {dag.py:4156} INFO - Setting next_dagrun for example_trigger_controller_dag to 2021-01-01 00:00:00+00:00, run_after=2021-01-01 00:00:00+00:00
[2024-09-12T01:54:08.803-0300] {processor.py:208} INFO - Processing /home/gabzarp/.local/lib/python3.10/site-packages/airflow/example_dags/example_trigger_controller_dag.py took 0.043 seconds
[2024-09-12T01:54:59.741-0300] {processor.py:186} INFO - Started process (PID=10353) to work on /home/gabzarp/.local/lib/python3.10/site-packages/airflow/example_dags/example_trigger_controller_dag.py
[2024-09-12T01:54:59.742-0300] {processor.py:914} INFO - Processing file /home/gabzarp/.local/lib/python3.10/site-packages/airflow/example_dags/example_trigger_controller_dag.py for tasks to queue
[2024-09-12T01:54:59.743-0300] {logging_mixin.py:190} INFO - [2024-09-12T01:54:59.742-0300] {dagbag.py:587} INFO - Filling up the DagBag from /home/gabzarp/.local/lib/python3.10/site-packages/airflow/example_dags/example_trigger_controller_dag.py
[2024-09-12T01:54:59.747-0300] {processor.py:925} INFO - DAG(s) 'example_trigger_controller_dag' retrieved from /home/gabzarp/.local/lib/python3.10/site-packages/airflow/example_dags/example_trigger_controller_dag.py
[2024-09-12T01:54:59.756-0300] {logging_mixin.py:190} INFO - [2024-09-12T01:54:59.756-0300] {dag.py:3229} INFO - Sync 1 DAGs
[2024-09-12T01:54:59.769-0300] {logging_mixin.py:190} INFO - [2024-09-12T01:54:59.768-0300] {dag.py:4156} INFO - Setting next_dagrun for example_trigger_controller_dag to 2021-01-01 00:00:00+00:00, run_after=2021-01-01 00:00:00+00:00
[2024-09-12T01:54:59.783-0300] {processor.py:208} INFO - Processing /home/gabzarp/.local/lib/python3.10/site-packages/airflow/example_dags/example_trigger_controller_dag.py took 0.046 seconds
[2024-09-12T01:55:54.060-0300] {processor.py:186} INFO - Started process (PID=10810) to work on /home/gabzarp/.local/lib/python3.10/site-packages/airflow/example_dags/example_trigger_controller_dag.py
[2024-09-12T01:55:54.061-0300] {processor.py:914} INFO - Processing file /home/gabzarp/.local/lib/python3.10/site-packages/airflow/example_dags/example_trigger_controller_dag.py for tasks to queue
[2024-09-12T01:55:54.062-0300] {logging_mixin.py:190} INFO - [2024-09-12T01:55:54.062-0300] {dagbag.py:587} INFO - Filling up the DagBag from /home/gabzarp/.local/lib/python3.10/site-packages/airflow/example_dags/example_trigger_controller_dag.py
[2024-09-12T01:55:54.066-0300] {processor.py:925} INFO - DAG(s) 'example_trigger_controller_dag' retrieved from /home/gabzarp/.local/lib/python3.10/site-packages/airflow/example_dags/example_trigger_controller_dag.py
[2024-09-12T01:55:54.075-0300] {logging_mixin.py:190} INFO - [2024-09-12T01:55:54.074-0300] {dag.py:3229} INFO - Sync 1 DAGs
[2024-09-12T01:55:54.087-0300] {logging_mixin.py:190} INFO - [2024-09-12T01:55:54.086-0300] {dag.py:4156} INFO - Setting next_dagrun for example_trigger_controller_dag to 2021-01-01 00:00:00+00:00, run_after=2021-01-01 00:00:00+00:00
[2024-09-12T01:55:54.100-0300] {processor.py:208} INFO - Processing /home/gabzarp/.local/lib/python3.10/site-packages/airflow/example_dags/example_trigger_controller_dag.py took 0.043 seconds
[2024-09-12T01:56:47.775-0300] {processor.py:186} INFO - Started process (PID=11244) to work on /home/gabzarp/.local/lib/python3.10/site-packages/airflow/example_dags/example_trigger_controller_dag.py
[2024-09-12T01:56:47.776-0300] {processor.py:914} INFO - Processing file /home/gabzarp/.local/lib/python3.10/site-packages/airflow/example_dags/example_trigger_controller_dag.py for tasks to queue
[2024-09-12T01:56:47.777-0300] {logging_mixin.py:190} INFO - [2024-09-12T01:56:47.776-0300] {dagbag.py:587} INFO - Filling up the DagBag from /home/gabzarp/.local/lib/python3.10/site-packages/airflow/example_dags/example_trigger_controller_dag.py
[2024-09-12T01:56:47.781-0300] {processor.py:925} INFO - DAG(s) 'example_trigger_controller_dag' retrieved from /home/gabzarp/.local/lib/python3.10/site-packages/airflow/example_dags/example_trigger_controller_dag.py
[2024-09-12T01:56:47.790-0300] {logging_mixin.py:190} INFO - [2024-09-12T01:56:47.790-0300] {dag.py:3229} INFO - Sync 1 DAGs
[2024-09-12T01:56:47.802-0300] {logging_mixin.py:190} INFO - [2024-09-12T01:56:47.802-0300] {dag.py:4156} INFO - Setting next_dagrun for example_trigger_controller_dag to 2021-01-01 00:00:00+00:00, run_after=2021-01-01 00:00:00+00:00
[2024-09-12T01:56:47.816-0300] {processor.py:208} INFO - Processing /home/gabzarp/.local/lib/python3.10/site-packages/airflow/example_dags/example_trigger_controller_dag.py took 0.044 seconds
[2024-09-12T01:57:42.087-0300] {processor.py:186} INFO - Started process (PID=11708) to work on /home/gabzarp/.local/lib/python3.10/site-packages/airflow/example_dags/example_trigger_controller_dag.py
[2024-09-12T01:57:42.088-0300] {processor.py:914} INFO - Processing file /home/gabzarp/.local/lib/python3.10/site-packages/airflow/example_dags/example_trigger_controller_dag.py for tasks to queue
[2024-09-12T01:57:42.089-0300] {logging_mixin.py:190} INFO - [2024-09-12T01:57:42.089-0300] {dagbag.py:587} INFO - Filling up the DagBag from /home/gabzarp/.local/lib/python3.10/site-packages/airflow/example_dags/example_trigger_controller_dag.py
[2024-09-12T01:57:42.094-0300] {processor.py:925} INFO - DAG(s) 'example_trigger_controller_dag' retrieved from /home/gabzarp/.local/lib/python3.10/site-packages/airflow/example_dags/example_trigger_controller_dag.py
[2024-09-12T01:57:42.103-0300] {logging_mixin.py:190} INFO - [2024-09-12T01:57:42.102-0300] {dag.py:3229} INFO - Sync 1 DAGs
[2024-09-12T01:57:42.115-0300] {logging_mixin.py:190} INFO - [2024-09-12T01:57:42.114-0300] {dag.py:4156} INFO - Setting next_dagrun for example_trigger_controller_dag to 2021-01-01 00:00:00+00:00, run_after=2021-01-01 00:00:00+00:00
[2024-09-12T01:57:42.159-0300] {processor.py:208} INFO - Processing /home/gabzarp/.local/lib/python3.10/site-packages/airflow/example_dags/example_trigger_controller_dag.py took 0.076 seconds
[2024-09-12T01:58:35.234-0300] {processor.py:186} INFO - Started process (PID=12128) to work on /home/gabzarp/.local/lib/python3.10/site-packages/airflow/example_dags/example_trigger_controller_dag.py
[2024-09-12T01:58:35.235-0300] {processor.py:914} INFO - Processing file /home/gabzarp/.local/lib/python3.10/site-packages/airflow/example_dags/example_trigger_controller_dag.py for tasks to queue
[2024-09-12T01:58:35.236-0300] {logging_mixin.py:190} INFO - [2024-09-12T01:58:35.236-0300] {dagbag.py:587} INFO - Filling up the DagBag from /home/gabzarp/.local/lib/python3.10/site-packages/airflow/example_dags/example_trigger_controller_dag.py
[2024-09-12T01:58:35.242-0300] {processor.py:925} INFO - DAG(s) 'example_trigger_controller_dag' retrieved from /home/gabzarp/.local/lib/python3.10/site-packages/airflow/example_dags/example_trigger_controller_dag.py
[2024-09-12T01:58:35.254-0300] {logging_mixin.py:190} INFO - [2024-09-12T01:58:35.253-0300] {dag.py:3229} INFO - Sync 1 DAGs
[2024-09-12T01:58:35.267-0300] {logging_mixin.py:190} INFO - [2024-09-12T01:58:35.267-0300] {dag.py:4156} INFO - Setting next_dagrun for example_trigger_controller_dag to 2021-01-01 00:00:00+00:00, run_after=2021-01-01 00:00:00+00:00
[2024-09-12T01:58:35.283-0300] {processor.py:208} INFO - Processing /home/gabzarp/.local/lib/python3.10/site-packages/airflow/example_dags/example_trigger_controller_dag.py took 0.054 seconds
[2024-09-12T01:59:27.913-0300] {processor.py:186} INFO - Started process (PID=12546) to work on /home/gabzarp/.local/lib/python3.10/site-packages/airflow/example_dags/example_trigger_controller_dag.py
[2024-09-12T01:59:27.913-0300] {processor.py:914} INFO - Processing file /home/gabzarp/.local/lib/python3.10/site-packages/airflow/example_dags/example_trigger_controller_dag.py for tasks to queue
[2024-09-12T01:59:27.914-0300] {logging_mixin.py:190} INFO - [2024-09-12T01:59:27.914-0300] {dagbag.py:587} INFO - Filling up the DagBag from /home/gabzarp/.local/lib/python3.10/site-packages/airflow/example_dags/example_trigger_controller_dag.py
[2024-09-12T01:59:27.918-0300] {processor.py:925} INFO - DAG(s) 'example_trigger_controller_dag' retrieved from /home/gabzarp/.local/lib/python3.10/site-packages/airflow/example_dags/example_trigger_controller_dag.py
[2024-09-12T01:59:27.927-0300] {logging_mixin.py:190} INFO - [2024-09-12T01:59:27.927-0300] {dag.py:3229} INFO - Sync 1 DAGs
[2024-09-12T01:59:27.938-0300] {logging_mixin.py:190} INFO - [2024-09-12T01:59:27.938-0300] {dag.py:4156} INFO - Setting next_dagrun for example_trigger_controller_dag to 2021-01-01 00:00:00+00:00, run_after=2021-01-01 00:00:00+00:00
[2024-09-12T01:59:27.952-0300] {processor.py:208} INFO - Processing /home/gabzarp/.local/lib/python3.10/site-packages/airflow/example_dags/example_trigger_controller_dag.py took 0.044 seconds
[2024-09-12T02:00:18.274-0300] {processor.py:186} INFO - Started process (PID=13004) to work on /home/gabzarp/.local/lib/python3.10/site-packages/airflow/example_dags/example_trigger_controller_dag.py
[2024-09-12T02:00:18.275-0300] {processor.py:914} INFO - Processing file /home/gabzarp/.local/lib/python3.10/site-packages/airflow/example_dags/example_trigger_controller_dag.py for tasks to queue
[2024-09-12T02:00:18.275-0300] {logging_mixin.py:190} INFO - [2024-09-12T02:00:18.275-0300] {dagbag.py:587} INFO - Filling up the DagBag from /home/gabzarp/.local/lib/python3.10/site-packages/airflow/example_dags/example_trigger_controller_dag.py
[2024-09-12T02:00:18.279-0300] {processor.py:925} INFO - DAG(s) 'example_trigger_controller_dag' retrieved from /home/gabzarp/.local/lib/python3.10/site-packages/airflow/example_dags/example_trigger_controller_dag.py
[2024-09-12T02:00:18.289-0300] {logging_mixin.py:190} INFO - [2024-09-12T02:00:18.289-0300] {dag.py:3229} INFO - Sync 1 DAGs
[2024-09-12T02:00:18.301-0300] {logging_mixin.py:190} INFO - [2024-09-12T02:00:18.300-0300] {dag.py:4156} INFO - Setting next_dagrun for example_trigger_controller_dag to 2021-01-01 00:00:00+00:00, run_after=2021-01-01 00:00:00+00:00
[2024-09-12T02:00:18.315-0300] {processor.py:208} INFO - Processing /home/gabzarp/.local/lib/python3.10/site-packages/airflow/example_dags/example_trigger_controller_dag.py took 0.045 seconds
[2024-09-12T02:01:10.618-0300] {processor.py:186} INFO - Started process (PID=13503) to work on /home/gabzarp/.local/lib/python3.10/site-packages/airflow/example_dags/example_trigger_controller_dag.py
[2024-09-12T02:01:10.619-0300] {processor.py:914} INFO - Processing file /home/gabzarp/.local/lib/python3.10/site-packages/airflow/example_dags/example_trigger_controller_dag.py for tasks to queue
[2024-09-12T02:01:10.620-0300] {logging_mixin.py:190} INFO - [2024-09-12T02:01:10.619-0300] {dagbag.py:587} INFO - Filling up the DagBag from /home/gabzarp/.local/lib/python3.10/site-packages/airflow/example_dags/example_trigger_controller_dag.py
[2024-09-12T02:01:10.624-0300] {processor.py:925} INFO - DAG(s) 'example_trigger_controller_dag' retrieved from /home/gabzarp/.local/lib/python3.10/site-packages/airflow/example_dags/example_trigger_controller_dag.py
[2024-09-12T02:01:10.632-0300] {logging_mixin.py:190} INFO - [2024-09-12T02:01:10.632-0300] {dag.py:3229} INFO - Sync 1 DAGs
[2024-09-12T02:01:10.645-0300] {logging_mixin.py:190} INFO - [2024-09-12T02:01:10.644-0300] {dag.py:4156} INFO - Setting next_dagrun for example_trigger_controller_dag to 2021-01-01 00:00:00+00:00, run_after=2021-01-01 00:00:00+00:00
[2024-09-12T02:01:10.658-0300] {processor.py:208} INFO - Processing /home/gabzarp/.local/lib/python3.10/site-packages/airflow/example_dags/example_trigger_controller_dag.py took 0.044 seconds
[2024-09-12T02:02:01.426-0300] {processor.py:186} INFO - Started process (PID=13930) to work on /home/gabzarp/.local/lib/python3.10/site-packages/airflow/example_dags/example_trigger_controller_dag.py
[2024-09-12T02:02:01.427-0300] {processor.py:914} INFO - Processing file /home/gabzarp/.local/lib/python3.10/site-packages/airflow/example_dags/example_trigger_controller_dag.py for tasks to queue
[2024-09-12T02:02:01.428-0300] {logging_mixin.py:190} INFO - [2024-09-12T02:02:01.427-0300] {dagbag.py:587} INFO - Filling up the DagBag from /home/gabzarp/.local/lib/python3.10/site-packages/airflow/example_dags/example_trigger_controller_dag.py
[2024-09-12T02:02:01.432-0300] {processor.py:925} INFO - DAG(s) 'example_trigger_controller_dag' retrieved from /home/gabzarp/.local/lib/python3.10/site-packages/airflow/example_dags/example_trigger_controller_dag.py
[2024-09-12T02:02:01.442-0300] {logging_mixin.py:190} INFO - [2024-09-12T02:02:01.441-0300] {dag.py:3229} INFO - Sync 1 DAGs
[2024-09-12T02:02:01.454-0300] {logging_mixin.py:190} INFO - [2024-09-12T02:02:01.453-0300] {dag.py:4156} INFO - Setting next_dagrun for example_trigger_controller_dag to 2021-01-01 00:00:00+00:00, run_after=2021-01-01 00:00:00+00:00
[2024-09-12T02:02:01.500-0300] {processor.py:208} INFO - Processing /home/gabzarp/.local/lib/python3.10/site-packages/airflow/example_dags/example_trigger_controller_dag.py took 0.078 seconds
[2024-09-12T02:02:47.404-0300] {processor.py:186} INFO - Started process (PID=14316) to work on /home/gabzarp/.local/lib/python3.10/site-packages/airflow/example_dags/example_trigger_controller_dag.py
[2024-09-12T02:02:47.405-0300] {processor.py:914} INFO - Processing file /home/gabzarp/.local/lib/python3.10/site-packages/airflow/example_dags/example_trigger_controller_dag.py for tasks to queue
[2024-09-12T02:02:47.406-0300] {logging_mixin.py:190} INFO - [2024-09-12T02:02:47.406-0300] {dagbag.py:587} INFO - Filling up the DagBag from /home/gabzarp/.local/lib/python3.10/site-packages/airflow/example_dags/example_trigger_controller_dag.py
[2024-09-12T02:02:47.410-0300] {processor.py:925} INFO - DAG(s) 'example_trigger_controller_dag' retrieved from /home/gabzarp/.local/lib/python3.10/site-packages/airflow/example_dags/example_trigger_controller_dag.py
[2024-09-12T02:02:47.420-0300] {logging_mixin.py:190} INFO - [2024-09-12T02:02:47.420-0300] {dag.py:3229} INFO - Sync 1 DAGs
[2024-09-12T02:02:47.433-0300] {logging_mixin.py:190} INFO - [2024-09-12T02:02:47.433-0300] {dag.py:4156} INFO - Setting next_dagrun for example_trigger_controller_dag to 2021-01-01 00:00:00+00:00, run_after=2021-01-01 00:00:00+00:00
[2024-09-12T02:02:47.448-0300] {processor.py:208} INFO - Processing /home/gabzarp/.local/lib/python3.10/site-packages/airflow/example_dags/example_trigger_controller_dag.py took 0.047 seconds
[2024-09-12T02:03:39.141-0300] {processor.py:186} INFO - Started process (PID=14735) to work on /home/gabzarp/.local/lib/python3.10/site-packages/airflow/example_dags/example_trigger_controller_dag.py
[2024-09-12T02:03:39.142-0300] {processor.py:914} INFO - Processing file /home/gabzarp/.local/lib/python3.10/site-packages/airflow/example_dags/example_trigger_controller_dag.py for tasks to queue
[2024-09-12T02:03:39.143-0300] {logging_mixin.py:190} INFO - [2024-09-12T02:03:39.143-0300] {dagbag.py:587} INFO - Filling up the DagBag from /home/gabzarp/.local/lib/python3.10/site-packages/airflow/example_dags/example_trigger_controller_dag.py
[2024-09-12T02:03:39.147-0300] {processor.py:925} INFO - DAG(s) 'example_trigger_controller_dag' retrieved from /home/gabzarp/.local/lib/python3.10/site-packages/airflow/example_dags/example_trigger_controller_dag.py
[2024-09-12T02:03:39.156-0300] {logging_mixin.py:190} INFO - [2024-09-12T02:03:39.156-0300] {dag.py:3229} INFO - Sync 1 DAGs
[2024-09-12T02:03:39.171-0300] {logging_mixin.py:190} INFO - [2024-09-12T02:03:39.170-0300] {dag.py:4156} INFO - Setting next_dagrun for example_trigger_controller_dag to 2021-01-01 00:00:00+00:00, run_after=2021-01-01 00:00:00+00:00
[2024-09-12T02:03:39.185-0300] {processor.py:208} INFO - Processing /home/gabzarp/.local/lib/python3.10/site-packages/airflow/example_dags/example_trigger_controller_dag.py took 0.047 seconds
[2024-09-12T02:04:30.736-0300] {processor.py:186} INFO - Started process (PID=15142) to work on /home/gabzarp/.local/lib/python3.10/site-packages/airflow/example_dags/example_trigger_controller_dag.py
[2024-09-12T02:04:30.737-0300] {processor.py:914} INFO - Processing file /home/gabzarp/.local/lib/python3.10/site-packages/airflow/example_dags/example_trigger_controller_dag.py for tasks to queue
[2024-09-12T02:04:30.737-0300] {logging_mixin.py:190} INFO - [2024-09-12T02:04:30.737-0300] {dagbag.py:587} INFO - Filling up the DagBag from /home/gabzarp/.local/lib/python3.10/site-packages/airflow/example_dags/example_trigger_controller_dag.py
[2024-09-12T02:04:30.742-0300] {processor.py:925} INFO - DAG(s) 'example_trigger_controller_dag' retrieved from /home/gabzarp/.local/lib/python3.10/site-packages/airflow/example_dags/example_trigger_controller_dag.py
[2024-09-12T02:04:30.751-0300] {logging_mixin.py:190} INFO - [2024-09-12T02:04:30.751-0300] {dag.py:3229} INFO - Sync 1 DAGs
[2024-09-12T02:04:30.765-0300] {logging_mixin.py:190} INFO - [2024-09-12T02:04:30.765-0300] {dag.py:4156} INFO - Setting next_dagrun for example_trigger_controller_dag to 2021-01-01 00:00:00+00:00, run_after=2021-01-01 00:00:00+00:00
[2024-09-12T02:04:30.781-0300] {processor.py:208} INFO - Processing /home/gabzarp/.local/lib/python3.10/site-packages/airflow/example_dags/example_trigger_controller_dag.py took 0.049 seconds
[2024-09-12T02:05:24.814-0300] {processor.py:186} INFO - Started process (PID=15565) to work on /home/gabzarp/.local/lib/python3.10/site-packages/airflow/example_dags/example_trigger_controller_dag.py
[2024-09-12T02:05:24.816-0300] {processor.py:914} INFO - Processing file /home/gabzarp/.local/lib/python3.10/site-packages/airflow/example_dags/example_trigger_controller_dag.py for tasks to queue
[2024-09-12T02:05:24.817-0300] {logging_mixin.py:190} INFO - [2024-09-12T02:05:24.816-0300] {dagbag.py:587} INFO - Filling up the DagBag from /home/gabzarp/.local/lib/python3.10/site-packages/airflow/example_dags/example_trigger_controller_dag.py
[2024-09-12T02:05:24.822-0300] {processor.py:925} INFO - DAG(s) 'example_trigger_controller_dag' retrieved from /home/gabzarp/.local/lib/python3.10/site-packages/airflow/example_dags/example_trigger_controller_dag.py
[2024-09-12T02:05:24.832-0300] {logging_mixin.py:190} INFO - [2024-09-12T02:05:24.832-0300] {dag.py:3229} INFO - Sync 1 DAGs
[2024-09-12T02:05:24.846-0300] {logging_mixin.py:190} INFO - [2024-09-12T02:05:24.846-0300] {dag.py:4156} INFO - Setting next_dagrun for example_trigger_controller_dag to 2021-01-01 00:00:00+00:00, run_after=2021-01-01 00:00:00+00:00
[2024-09-12T02:05:24.864-0300] {processor.py:208} INFO - Processing /home/gabzarp/.local/lib/python3.10/site-packages/airflow/example_dags/example_trigger_controller_dag.py took 0.056 seconds
[2024-09-12T02:06:18.534-0300] {processor.py:186} INFO - Started process (PID=15985) to work on /home/gabzarp/.local/lib/python3.10/site-packages/airflow/example_dags/example_trigger_controller_dag.py
[2024-09-12T02:06:18.536-0300] {processor.py:914} INFO - Processing file /home/gabzarp/.local/lib/python3.10/site-packages/airflow/example_dags/example_trigger_controller_dag.py for tasks to queue
[2024-09-12T02:06:18.538-0300] {logging_mixin.py:190} INFO - [2024-09-12T02:06:18.537-0300] {dagbag.py:587} INFO - Filling up the DagBag from /home/gabzarp/.local/lib/python3.10/site-packages/airflow/example_dags/example_trigger_controller_dag.py
[2024-09-12T02:06:18.542-0300] {processor.py:925} INFO - DAG(s) 'example_trigger_controller_dag' retrieved from /home/gabzarp/.local/lib/python3.10/site-packages/airflow/example_dags/example_trigger_controller_dag.py
[2024-09-12T02:06:18.554-0300] {logging_mixin.py:190} INFO - [2024-09-12T02:06:18.554-0300] {dag.py:3229} INFO - Sync 1 DAGs
[2024-09-12T02:06:18.567-0300] {logging_mixin.py:190} INFO - [2024-09-12T02:06:18.567-0300] {dag.py:4156} INFO - Setting next_dagrun for example_trigger_controller_dag to 2021-01-01 00:00:00+00:00, run_after=2021-01-01 00:00:00+00:00
[2024-09-12T02:06:18.582-0300] {processor.py:208} INFO - Processing /home/gabzarp/.local/lib/python3.10/site-packages/airflow/example_dags/example_trigger_controller_dag.py took 0.052 seconds
[2024-09-12T02:07:06.440-0300] {processor.py:186} INFO - Started process (PID=16371) to work on /home/gabzarp/.local/lib/python3.10/site-packages/airflow/example_dags/example_trigger_controller_dag.py
[2024-09-12T02:07:06.441-0300] {processor.py:914} INFO - Processing file /home/gabzarp/.local/lib/python3.10/site-packages/airflow/example_dags/example_trigger_controller_dag.py for tasks to queue
[2024-09-12T02:07:06.442-0300] {logging_mixin.py:190} INFO - [2024-09-12T02:07:06.441-0300] {dagbag.py:587} INFO - Filling up the DagBag from /home/gabzarp/.local/lib/python3.10/site-packages/airflow/example_dags/example_trigger_controller_dag.py
[2024-09-12T02:07:06.447-0300] {processor.py:925} INFO - DAG(s) 'example_trigger_controller_dag' retrieved from /home/gabzarp/.local/lib/python3.10/site-packages/airflow/example_dags/example_trigger_controller_dag.py
[2024-09-12T02:07:06.459-0300] {logging_mixin.py:190} INFO - [2024-09-12T02:07:06.459-0300] {dag.py:3229} INFO - Sync 1 DAGs
[2024-09-12T02:07:06.472-0300] {logging_mixin.py:190} INFO - [2024-09-12T02:07:06.472-0300] {dag.py:4156} INFO - Setting next_dagrun for example_trigger_controller_dag to 2021-01-01 00:00:00+00:00, run_after=2021-01-01 00:00:00+00:00
[2024-09-12T02:07:06.488-0300] {processor.py:208} INFO - Processing /home/gabzarp/.local/lib/python3.10/site-packages/airflow/example_dags/example_trigger_controller_dag.py took 0.052 seconds
[2024-09-12T02:07:53.803-0300] {processor.py:186} INFO - Started process (PID=16745) to work on /home/gabzarp/.local/lib/python3.10/site-packages/airflow/example_dags/example_trigger_controller_dag.py
[2024-09-12T02:07:53.805-0300] {processor.py:914} INFO - Processing file /home/gabzarp/.local/lib/python3.10/site-packages/airflow/example_dags/example_trigger_controller_dag.py for tasks to queue
[2024-09-12T02:07:53.806-0300] {logging_mixin.py:190} INFO - [2024-09-12T02:07:53.805-0300] {dagbag.py:587} INFO - Filling up the DagBag from /home/gabzarp/.local/lib/python3.10/site-packages/airflow/example_dags/example_trigger_controller_dag.py
[2024-09-12T02:07:53.810-0300] {processor.py:925} INFO - DAG(s) 'example_trigger_controller_dag' retrieved from /home/gabzarp/.local/lib/python3.10/site-packages/airflow/example_dags/example_trigger_controller_dag.py
[2024-09-12T02:07:53.820-0300] {logging_mixin.py:190} INFO - [2024-09-12T02:07:53.820-0300] {dag.py:3229} INFO - Sync 1 DAGs
[2024-09-12T02:07:53.836-0300] {logging_mixin.py:190} INFO - [2024-09-12T02:07:53.835-0300] {dag.py:4156} INFO - Setting next_dagrun for example_trigger_controller_dag to 2021-01-01 00:00:00+00:00, run_after=2021-01-01 00:00:00+00:00
[2024-09-12T02:07:53.854-0300] {processor.py:208} INFO - Processing /home/gabzarp/.local/lib/python3.10/site-packages/airflow/example_dags/example_trigger_controller_dag.py took 0.055 seconds
[2024-09-12T02:08:46.316-0300] {processor.py:186} INFO - Started process (PID=17156) to work on /home/gabzarp/.local/lib/python3.10/site-packages/airflow/example_dags/example_trigger_controller_dag.py
[2024-09-12T02:08:46.317-0300] {processor.py:914} INFO - Processing file /home/gabzarp/.local/lib/python3.10/site-packages/airflow/example_dags/example_trigger_controller_dag.py for tasks to queue
[2024-09-12T02:08:46.317-0300] {logging_mixin.py:190} INFO - [2024-09-12T02:08:46.317-0300] {dagbag.py:587} INFO - Filling up the DagBag from /home/gabzarp/.local/lib/python3.10/site-packages/airflow/example_dags/example_trigger_controller_dag.py
[2024-09-12T02:08:46.322-0300] {processor.py:925} INFO - DAG(s) 'example_trigger_controller_dag' retrieved from /home/gabzarp/.local/lib/python3.10/site-packages/airflow/example_dags/example_trigger_controller_dag.py
[2024-09-12T02:08:46.332-0300] {logging_mixin.py:190} INFO - [2024-09-12T02:08:46.332-0300] {dag.py:3229} INFO - Sync 1 DAGs
[2024-09-12T02:08:46.345-0300] {logging_mixin.py:190} INFO - [2024-09-12T02:08:46.345-0300] {dag.py:4156} INFO - Setting next_dagrun for example_trigger_controller_dag to 2021-01-01 00:00:00+00:00, run_after=2021-01-01 00:00:00+00:00
[2024-09-12T02:08:46.362-0300] {processor.py:208} INFO - Processing /home/gabzarp/.local/lib/python3.10/site-packages/airflow/example_dags/example_trigger_controller_dag.py took 0.051 seconds
[2024-09-12T02:09:37.157-0300] {processor.py:186} INFO - Started process (PID=17662) to work on /home/gabzarp/.local/lib/python3.10/site-packages/airflow/example_dags/example_trigger_controller_dag.py
[2024-09-12T02:09:37.158-0300] {processor.py:914} INFO - Processing file /home/gabzarp/.local/lib/python3.10/site-packages/airflow/example_dags/example_trigger_controller_dag.py for tasks to queue
[2024-09-12T02:09:37.159-0300] {logging_mixin.py:190} INFO - [2024-09-12T02:09:37.158-0300] {dagbag.py:587} INFO - Filling up the DagBag from /home/gabzarp/.local/lib/python3.10/site-packages/airflow/example_dags/example_trigger_controller_dag.py
[2024-09-12T02:09:37.163-0300] {processor.py:925} INFO - DAG(s) 'example_trigger_controller_dag' retrieved from /home/gabzarp/.local/lib/python3.10/site-packages/airflow/example_dags/example_trigger_controller_dag.py
[2024-09-12T02:09:37.172-0300] {logging_mixin.py:190} INFO - [2024-09-12T02:09:37.172-0300] {dag.py:3229} INFO - Sync 1 DAGs
[2024-09-12T02:09:37.185-0300] {logging_mixin.py:190} INFO - [2024-09-12T02:09:37.185-0300] {dag.py:4156} INFO - Setting next_dagrun for example_trigger_controller_dag to 2021-01-01 00:00:00+00:00, run_after=2021-01-01 00:00:00+00:00
[2024-09-12T02:09:37.199-0300] {processor.py:208} INFO - Processing /home/gabzarp/.local/lib/python3.10/site-packages/airflow/example_dags/example_trigger_controller_dag.py took 0.046 seconds
