[2024-09-12T01:39:53.985-0300] {processor.py:186} INFO - Started process (PID=2696) to work on /home/gabzarp/.local/lib/python3.10/site-packages/airflow/example_dags/example_complex.py
[2024-09-12T01:39:53.986-0300] {processor.py:914} INFO - Processing file /home/gabzarp/.local/lib/python3.10/site-packages/airflow/example_dags/example_complex.py for tasks to queue
[2024-09-12T01:39:53.987-0300] {logging_mixin.py:190} INFO - [2024-09-12T01:39:53.987-0300] {dagbag.py:587} INFO - Filling up the DagBag from /home/gabzarp/.local/lib/python3.10/site-packages/airflow/example_dags/example_complex.py
[2024-09-12T01:39:53.995-0300] {processor.py:925} INFO - DAG(s) 'example_complex' retrieved from /home/gabzarp/.local/lib/python3.10/site-packages/airflow/example_dags/example_complex.py
[2024-09-12T01:39:54.066-0300] {logging_mixin.py:190} INFO - [2024-09-12T01:39:54.066-0300] {override.py:1900} INFO - Created Permission View: can edit on DAG:example_complex
[2024-09-12T01:39:54.076-0300] {logging_mixin.py:190} INFO - [2024-09-12T01:39:54.076-0300] {override.py:1900} INFO - Created Permission View: can read on DAG:example_complex
[2024-09-12T01:39:54.083-0300] {logging_mixin.py:190} INFO - [2024-09-12T01:39:54.083-0300] {override.py:1900} INFO - Created Permission View: can delete on DAG:example_complex
[2024-09-12T01:39:54.094-0300] {logging_mixin.py:190} INFO - [2024-09-12T01:39:54.094-0300] {override.py:1900} INFO - Created Permission View: can read on DAG Run:example_complex
[2024-09-12T01:39:54.101-0300] {logging_mixin.py:190} INFO - [2024-09-12T01:39:54.101-0300] {override.py:1900} INFO - Created Permission View: can create on DAG Run:example_complex
[2024-09-12T01:39:54.107-0300] {logging_mixin.py:190} INFO - [2024-09-12T01:39:54.107-0300] {override.py:1900} INFO - Created Permission View: menu access on DAG Run:example_complex
[2024-09-12T01:39:54.114-0300] {logging_mixin.py:190} INFO - [2024-09-12T01:39:54.114-0300] {override.py:1900} INFO - Created Permission View: can delete on DAG Run:example_complex
[2024-09-12T01:39:54.114-0300] {logging_mixin.py:190} INFO - [2024-09-12T01:39:54.114-0300] {dag.py:3229} INFO - Sync 1 DAGs
[2024-09-12T01:39:54.121-0300] {logging_mixin.py:190} INFO - [2024-09-12T01:39:54.121-0300] {dag.py:3252} INFO - Creating ORM DAG for example_complex
[2024-09-12T01:39:54.122-0300] {logging_mixin.py:190} INFO - [2024-09-12T01:39:54.122-0300] {dag.py:4156} INFO - Setting next_dagrun for example_complex to None, run_after=None
[2024-09-12T01:39:54.135-0300] {processor.py:208} INFO - Processing /home/gabzarp/.local/lib/python3.10/site-packages/airflow/example_dags/example_complex.py took 0.153 seconds
[2024-09-12T01:40:50.885-0300] {processor.py:186} INFO - Started process (PID=2981) to work on /home/gabzarp/.local/lib/python3.10/site-packages/airflow/example_dags/example_complex.py
[2024-09-12T01:40:50.886-0300] {processor.py:914} INFO - Processing file /home/gabzarp/.local/lib/python3.10/site-packages/airflow/example_dags/example_complex.py for tasks to queue
[2024-09-12T01:40:50.887-0300] {logging_mixin.py:190} INFO - [2024-09-12T01:40:50.887-0300] {dagbag.py:587} INFO - Filling up the DagBag from /home/gabzarp/.local/lib/python3.10/site-packages/airflow/example_dags/example_complex.py
[2024-09-12T01:40:50.895-0300] {processor.py:925} INFO - DAG(s) 'example_complex' retrieved from /home/gabzarp/.local/lib/python3.10/site-packages/airflow/example_dags/example_complex.py
[2024-09-12T01:40:50.913-0300] {logging_mixin.py:190} INFO - [2024-09-12T01:40:50.913-0300] {dag.py:3229} INFO - Sync 1 DAGs
[2024-09-12T01:40:50.922-0300] {logging_mixin.py:190} INFO - [2024-09-12T01:40:50.922-0300] {dag.py:4156} INFO - Setting next_dagrun for example_complex to None, run_after=None
[2024-09-12T01:40:50.938-0300] {processor.py:208} INFO - Processing /home/gabzarp/.local/lib/python3.10/site-packages/airflow/example_dags/example_complex.py took 0.056 seconds
[2024-09-12T01:41:44.560-0300] {processor.py:186} INFO - Started process (PID=3332) to work on /home/gabzarp/.local/lib/python3.10/site-packages/airflow/example_dags/example_complex.py
[2024-09-12T01:41:44.562-0300] {processor.py:914} INFO - Processing file /home/gabzarp/.local/lib/python3.10/site-packages/airflow/example_dags/example_complex.py for tasks to queue
[2024-09-12T01:41:44.563-0300] {logging_mixin.py:190} INFO - [2024-09-12T01:41:44.563-0300] {dagbag.py:587} INFO - Filling up the DagBag from /home/gabzarp/.local/lib/python3.10/site-packages/airflow/example_dags/example_complex.py
[2024-09-12T01:41:44.574-0300] {processor.py:925} INFO - DAG(s) 'example_complex' retrieved from /home/gabzarp/.local/lib/python3.10/site-packages/airflow/example_dags/example_complex.py
[2024-09-12T01:41:44.595-0300] {logging_mixin.py:190} INFO - [2024-09-12T01:41:44.595-0300] {dag.py:3229} INFO - Sync 1 DAGs
[2024-09-12T01:41:44.606-0300] {logging_mixin.py:190} INFO - [2024-09-12T01:41:44.605-0300] {dag.py:4156} INFO - Setting next_dagrun for example_complex to None, run_after=None
[2024-09-12T01:41:44.624-0300] {processor.py:208} INFO - Processing /home/gabzarp/.local/lib/python3.10/site-packages/airflow/example_dags/example_complex.py took 0.067 seconds
[2024-09-12T01:42:37.064-0300] {processor.py:186} INFO - Started process (PID=3595) to work on /home/gabzarp/.local/lib/python3.10/site-packages/airflow/example_dags/example_complex.py
[2024-09-12T01:42:37.065-0300] {processor.py:914} INFO - Processing file /home/gabzarp/.local/lib/python3.10/site-packages/airflow/example_dags/example_complex.py for tasks to queue
[2024-09-12T01:42:37.066-0300] {logging_mixin.py:190} INFO - [2024-09-12T01:42:37.066-0300] {dagbag.py:587} INFO - Filling up the DagBag from /home/gabzarp/.local/lib/python3.10/site-packages/airflow/example_dags/example_complex.py
[2024-09-12T01:42:37.075-0300] {processor.py:925} INFO - DAG(s) 'example_complex' retrieved from /home/gabzarp/.local/lib/python3.10/site-packages/airflow/example_dags/example_complex.py
[2024-09-12T01:42:37.092-0300] {logging_mixin.py:190} INFO - [2024-09-12T01:42:37.092-0300] {dag.py:3229} INFO - Sync 1 DAGs
[2024-09-12T01:42:37.099-0300] {logging_mixin.py:190} INFO - [2024-09-12T01:42:37.099-0300] {dag.py:4156} INFO - Setting next_dagrun for example_complex to None, run_after=None
[2024-09-12T01:42:37.113-0300] {processor.py:208} INFO - Processing /home/gabzarp/.local/lib/python3.10/site-packages/airflow/example_dags/example_complex.py took 0.053 seconds
[2024-09-12T01:43:26.624-0300] {processor.py:186} INFO - Started process (PID=3845) to work on /home/gabzarp/.local/lib/python3.10/site-packages/airflow/example_dags/example_complex.py
[2024-09-12T01:43:26.625-0300] {processor.py:914} INFO - Processing file /home/gabzarp/.local/lib/python3.10/site-packages/airflow/example_dags/example_complex.py for tasks to queue
[2024-09-12T01:43:26.626-0300] {logging_mixin.py:190} INFO - [2024-09-12T01:43:26.625-0300] {dagbag.py:587} INFO - Filling up the DagBag from /home/gabzarp/.local/lib/python3.10/site-packages/airflow/example_dags/example_complex.py
[2024-09-12T01:43:26.634-0300] {processor.py:925} INFO - DAG(s) 'example_complex' retrieved from /home/gabzarp/.local/lib/python3.10/site-packages/airflow/example_dags/example_complex.py
[2024-09-12T01:43:26.652-0300] {logging_mixin.py:190} INFO - [2024-09-12T01:43:26.651-0300] {dag.py:3229} INFO - Sync 1 DAGs
[2024-09-12T01:43:26.660-0300] {logging_mixin.py:190} INFO - [2024-09-12T01:43:26.660-0300] {dag.py:4156} INFO - Setting next_dagrun for example_complex to None, run_after=None
[2024-09-12T01:43:26.676-0300] {processor.py:208} INFO - Processing /home/gabzarp/.local/lib/python3.10/site-packages/airflow/example_dags/example_complex.py took 0.056 seconds
[2024-09-12T01:45:06.232-0300] {processor.py:186} INFO - Started process (PID=5080) to work on /home/gabzarp/.local/lib/python3.10/site-packages/airflow/example_dags/example_complex.py
[2024-09-12T01:45:06.233-0300] {processor.py:914} INFO - Processing file /home/gabzarp/.local/lib/python3.10/site-packages/airflow/example_dags/example_complex.py for tasks to queue
[2024-09-12T01:45:06.234-0300] {logging_mixin.py:190} INFO - [2024-09-12T01:45:06.234-0300] {dagbag.py:587} INFO - Filling up the DagBag from /home/gabzarp/.local/lib/python3.10/site-packages/airflow/example_dags/example_complex.py
[2024-09-12T01:45:06.244-0300] {processor.py:925} INFO - DAG(s) 'example_complex' retrieved from /home/gabzarp/.local/lib/python3.10/site-packages/airflow/example_dags/example_complex.py
[2024-09-12T01:45:06.266-0300] {logging_mixin.py:190} INFO - [2024-09-12T01:45:06.266-0300] {dag.py:3229} INFO - Sync 1 DAGs
[2024-09-12T01:45:06.275-0300] {logging_mixin.py:190} INFO - [2024-09-12T01:45:06.275-0300] {dag.py:4156} INFO - Setting next_dagrun for example_complex to None, run_after=None
[2024-09-12T01:45:06.297-0300] {processor.py:208} INFO - Processing /home/gabzarp/.local/lib/python3.10/site-packages/airflow/example_dags/example_complex.py took 0.070 seconds
[2024-09-12T01:45:57.563-0300] {processor.py:186} INFO - Started process (PID=5492) to work on /home/gabzarp/.local/lib/python3.10/site-packages/airflow/example_dags/example_complex.py
[2024-09-12T01:45:57.564-0300] {processor.py:914} INFO - Processing file /home/gabzarp/.local/lib/python3.10/site-packages/airflow/example_dags/example_complex.py for tasks to queue
[2024-09-12T01:45:57.565-0300] {logging_mixin.py:190} INFO - [2024-09-12T01:45:57.565-0300] {dagbag.py:587} INFO - Filling up the DagBag from /home/gabzarp/.local/lib/python3.10/site-packages/airflow/example_dags/example_complex.py
[2024-09-12T01:45:57.574-0300] {processor.py:925} INFO - DAG(s) 'example_complex' retrieved from /home/gabzarp/.local/lib/python3.10/site-packages/airflow/example_dags/example_complex.py
[2024-09-12T01:45:57.595-0300] {logging_mixin.py:190} INFO - [2024-09-12T01:45:57.595-0300] {dag.py:3229} INFO - Sync 1 DAGs
[2024-09-12T01:45:57.604-0300] {logging_mixin.py:190} INFO - [2024-09-12T01:45:57.604-0300] {dag.py:4156} INFO - Setting next_dagrun for example_complex to None, run_after=None
[2024-09-12T01:45:57.621-0300] {processor.py:208} INFO - Processing /home/gabzarp/.local/lib/python3.10/site-packages/airflow/example_dags/example_complex.py took 0.062 seconds
[2024-09-12T01:46:48.656-0300] {processor.py:186} INFO - Started process (PID=5906) to work on /home/gabzarp/.local/lib/python3.10/site-packages/airflow/example_dags/example_complex.py
[2024-09-12T01:46:48.657-0300] {processor.py:914} INFO - Processing file /home/gabzarp/.local/lib/python3.10/site-packages/airflow/example_dags/example_complex.py for tasks to queue
[2024-09-12T01:46:48.658-0300] {logging_mixin.py:190} INFO - [2024-09-12T01:46:48.658-0300] {dagbag.py:587} INFO - Filling up the DagBag from /home/gabzarp/.local/lib/python3.10/site-packages/airflow/example_dags/example_complex.py
[2024-09-12T01:46:48.668-0300] {processor.py:925} INFO - DAG(s) 'example_complex' retrieved from /home/gabzarp/.local/lib/python3.10/site-packages/airflow/example_dags/example_complex.py
[2024-09-12T01:46:48.687-0300] {logging_mixin.py:190} INFO - [2024-09-12T01:46:48.687-0300] {dag.py:3229} INFO - Sync 1 DAGs
[2024-09-12T01:46:48.695-0300] {logging_mixin.py:190} INFO - [2024-09-12T01:46:48.695-0300] {dag.py:4156} INFO - Setting next_dagrun for example_complex to None, run_after=None
[2024-09-12T01:46:48.712-0300] {processor.py:208} INFO - Processing /home/gabzarp/.local/lib/python3.10/site-packages/airflow/example_dags/example_complex.py took 0.060 seconds
[2024-09-12T01:47:37.742-0300] {processor.py:186} INFO - Started process (PID=6300) to work on /home/gabzarp/.local/lib/python3.10/site-packages/airflow/example_dags/example_complex.py
[2024-09-12T01:47:37.743-0300] {processor.py:914} INFO - Processing file /home/gabzarp/.local/lib/python3.10/site-packages/airflow/example_dags/example_complex.py for tasks to queue
[2024-09-12T01:47:37.744-0300] {logging_mixin.py:190} INFO - [2024-09-12T01:47:37.744-0300] {dagbag.py:587} INFO - Filling up the DagBag from /home/gabzarp/.local/lib/python3.10/site-packages/airflow/example_dags/example_complex.py
[2024-09-12T01:47:37.753-0300] {processor.py:925} INFO - DAG(s) 'example_complex' retrieved from /home/gabzarp/.local/lib/python3.10/site-packages/airflow/example_dags/example_complex.py
[2024-09-12T01:47:37.771-0300] {logging_mixin.py:190} INFO - [2024-09-12T01:47:37.771-0300] {dag.py:3229} INFO - Sync 1 DAGs
[2024-09-12T01:47:37.778-0300] {logging_mixin.py:190} INFO - [2024-09-12T01:47:37.778-0300] {dag.py:4156} INFO - Setting next_dagrun for example_complex to None, run_after=None
[2024-09-12T01:47:37.793-0300] {processor.py:208} INFO - Processing /home/gabzarp/.local/lib/python3.10/site-packages/airflow/example_dags/example_complex.py took 0.054 seconds
[2024-09-12T01:48:28.847-0300] {processor.py:186} INFO - Started process (PID=6816) to work on /home/gabzarp/.local/lib/python3.10/site-packages/airflow/example_dags/example_complex.py
[2024-09-12T01:48:28.849-0300] {processor.py:914} INFO - Processing file /home/gabzarp/.local/lib/python3.10/site-packages/airflow/example_dags/example_complex.py for tasks to queue
[2024-09-12T01:48:28.851-0300] {logging_mixin.py:190} INFO - [2024-09-12T01:48:28.851-0300] {dagbag.py:587} INFO - Filling up the DagBag from /home/gabzarp/.local/lib/python3.10/site-packages/airflow/example_dags/example_complex.py
[2024-09-12T01:48:28.860-0300] {processor.py:925} INFO - DAG(s) 'example_complex' retrieved from /home/gabzarp/.local/lib/python3.10/site-packages/airflow/example_dags/example_complex.py
[2024-09-12T01:48:28.880-0300] {logging_mixin.py:190} INFO - [2024-09-12T01:48:28.880-0300] {dag.py:3229} INFO - Sync 1 DAGs
[2024-09-12T01:48:28.887-0300] {logging_mixin.py:190} INFO - [2024-09-12T01:48:28.887-0300] {dag.py:4156} INFO - Setting next_dagrun for example_complex to None, run_after=None
[2024-09-12T01:48:28.901-0300] {processor.py:208} INFO - Processing /home/gabzarp/.local/lib/python3.10/site-packages/airflow/example_dags/example_complex.py took 0.057 seconds
[2024-09-12T01:49:19.397-0300] {processor.py:186} INFO - Started process (PID=7241) to work on /home/gabzarp/.local/lib/python3.10/site-packages/airflow/example_dags/example_complex.py
[2024-09-12T01:49:19.398-0300] {processor.py:914} INFO - Processing file /home/gabzarp/.local/lib/python3.10/site-packages/airflow/example_dags/example_complex.py for tasks to queue
[2024-09-12T01:49:19.399-0300] {logging_mixin.py:190} INFO - [2024-09-12T01:49:19.398-0300] {dagbag.py:587} INFO - Filling up the DagBag from /home/gabzarp/.local/lib/python3.10/site-packages/airflow/example_dags/example_complex.py
[2024-09-12T01:49:19.407-0300] {processor.py:925} INFO - DAG(s) 'example_complex' retrieved from /home/gabzarp/.local/lib/python3.10/site-packages/airflow/example_dags/example_complex.py
[2024-09-12T01:49:19.427-0300] {logging_mixin.py:190} INFO - [2024-09-12T01:49:19.427-0300] {dag.py:3229} INFO - Sync 1 DAGs
[2024-09-12T01:49:19.435-0300] {logging_mixin.py:190} INFO - [2024-09-12T01:49:19.435-0300] {dag.py:4156} INFO - Setting next_dagrun for example_complex to None, run_after=None
[2024-09-12T01:49:19.450-0300] {processor.py:208} INFO - Processing /home/gabzarp/.local/lib/python3.10/site-packages/airflow/example_dags/example_complex.py took 0.057 seconds
[2024-09-12T01:50:11.042-0300] {processor.py:186} INFO - Started process (PID=7722) to work on /home/gabzarp/.local/lib/python3.10/site-packages/airflow/example_dags/example_complex.py
[2024-09-12T01:50:11.042-0300] {processor.py:914} INFO - Processing file /home/gabzarp/.local/lib/python3.10/site-packages/airflow/example_dags/example_complex.py for tasks to queue
[2024-09-12T01:50:11.043-0300] {logging_mixin.py:190} INFO - [2024-09-12T01:50:11.043-0300] {dagbag.py:587} INFO - Filling up the DagBag from /home/gabzarp/.local/lib/python3.10/site-packages/airflow/example_dags/example_complex.py
[2024-09-12T01:50:11.052-0300] {processor.py:925} INFO - DAG(s) 'example_complex' retrieved from /home/gabzarp/.local/lib/python3.10/site-packages/airflow/example_dags/example_complex.py
[2024-09-12T01:50:11.070-0300] {logging_mixin.py:190} INFO - [2024-09-12T01:50:11.069-0300] {dag.py:3229} INFO - Sync 1 DAGs
[2024-09-12T01:50:11.078-0300] {logging_mixin.py:190} INFO - [2024-09-12T01:50:11.077-0300] {dag.py:4156} INFO - Setting next_dagrun for example_complex to None, run_after=None
[2024-09-12T01:50:11.092-0300] {processor.py:208} INFO - Processing /home/gabzarp/.local/lib/python3.10/site-packages/airflow/example_dags/example_complex.py took 0.054 seconds
[2024-09-12T01:50:59.417-0300] {processor.py:186} INFO - Started process (PID=8122) to work on /home/gabzarp/.local/lib/python3.10/site-packages/airflow/example_dags/example_complex.py
[2024-09-12T01:50:59.418-0300] {processor.py:914} INFO - Processing file /home/gabzarp/.local/lib/python3.10/site-packages/airflow/example_dags/example_complex.py for tasks to queue
[2024-09-12T01:50:59.418-0300] {logging_mixin.py:190} INFO - [2024-09-12T01:50:59.418-0300] {dagbag.py:587} INFO - Filling up the DagBag from /home/gabzarp/.local/lib/python3.10/site-packages/airflow/example_dags/example_complex.py
[2024-09-12T01:50:59.427-0300] {processor.py:925} INFO - DAG(s) 'example_complex' retrieved from /home/gabzarp/.local/lib/python3.10/site-packages/airflow/example_dags/example_complex.py
[2024-09-12T01:50:59.445-0300] {logging_mixin.py:190} INFO - [2024-09-12T01:50:59.445-0300] {dag.py:3229} INFO - Sync 1 DAGs
[2024-09-12T01:50:59.453-0300] {logging_mixin.py:190} INFO - [2024-09-12T01:50:59.453-0300] {dag.py:4156} INFO - Setting next_dagrun for example_complex to None, run_after=None
[2024-09-12T01:50:59.503-0300] {processor.py:208} INFO - Processing /home/gabzarp/.local/lib/python3.10/site-packages/airflow/example_dags/example_complex.py took 0.090 seconds
[2024-09-12T01:52:11.636-0300] {processor.py:186} INFO - Started process (PID=8837) to work on /home/gabzarp/.local/lib/python3.10/site-packages/airflow/example_dags/example_complex.py
[2024-09-12T01:52:11.637-0300] {processor.py:914} INFO - Processing file /home/gabzarp/.local/lib/python3.10/site-packages/airflow/example_dags/example_complex.py for tasks to queue
[2024-09-12T01:52:11.638-0300] {logging_mixin.py:190} INFO - [2024-09-12T01:52:11.637-0300] {dagbag.py:587} INFO - Filling up the DagBag from /home/gabzarp/.local/lib/python3.10/site-packages/airflow/example_dags/example_complex.py
[2024-09-12T01:52:11.646-0300] {processor.py:925} INFO - DAG(s) 'example_complex' retrieved from /home/gabzarp/.local/lib/python3.10/site-packages/airflow/example_dags/example_complex.py
[2024-09-12T01:52:11.664-0300] {logging_mixin.py:190} INFO - [2024-09-12T01:52:11.663-0300] {dag.py:3229} INFO - Sync 1 DAGs
[2024-09-12T01:52:11.671-0300] {logging_mixin.py:190} INFO - [2024-09-12T01:52:11.671-0300] {dag.py:4156} INFO - Setting next_dagrun for example_complex to None, run_after=None
[2024-09-12T01:52:11.686-0300] {processor.py:208} INFO - Processing /home/gabzarp/.local/lib/python3.10/site-packages/airflow/example_dags/example_complex.py took 0.054 seconds
[2024-09-12T01:53:05.280-0300] {processor.py:186} INFO - Started process (PID=9415) to work on /home/gabzarp/.local/lib/python3.10/site-packages/airflow/example_dags/example_complex.py
[2024-09-12T01:53:05.281-0300] {processor.py:914} INFO - Processing file /home/gabzarp/.local/lib/python3.10/site-packages/airflow/example_dags/example_complex.py for tasks to queue
[2024-09-12T01:53:05.282-0300] {logging_mixin.py:190} INFO - [2024-09-12T01:53:05.282-0300] {dagbag.py:587} INFO - Filling up the DagBag from /home/gabzarp/.local/lib/python3.10/site-packages/airflow/example_dags/example_complex.py
[2024-09-12T01:53:05.291-0300] {processor.py:925} INFO - DAG(s) 'example_complex' retrieved from /home/gabzarp/.local/lib/python3.10/site-packages/airflow/example_dags/example_complex.py
[2024-09-12T01:53:05.312-0300] {logging_mixin.py:190} INFO - [2024-09-12T01:53:05.312-0300] {dag.py:3229} INFO - Sync 1 DAGs
[2024-09-12T01:53:05.321-0300] {logging_mixin.py:190} INFO - [2024-09-12T01:53:05.321-0300] {dag.py:4156} INFO - Setting next_dagrun for example_complex to None, run_after=None
[2024-09-12T01:53:05.337-0300] {processor.py:208} INFO - Processing /home/gabzarp/.local/lib/python3.10/site-packages/airflow/example_dags/example_complex.py took 0.060 seconds
[2024-09-12T01:53:57.778-0300] {processor.py:186} INFO - Started process (PID=9856) to work on /home/gabzarp/.local/lib/python3.10/site-packages/airflow/example_dags/example_complex.py
[2024-09-12T01:53:57.779-0300] {processor.py:914} INFO - Processing file /home/gabzarp/.local/lib/python3.10/site-packages/airflow/example_dags/example_complex.py for tasks to queue
[2024-09-12T01:53:57.780-0300] {logging_mixin.py:190} INFO - [2024-09-12T01:53:57.780-0300] {dagbag.py:587} INFO - Filling up the DagBag from /home/gabzarp/.local/lib/python3.10/site-packages/airflow/example_dags/example_complex.py
[2024-09-12T01:53:57.789-0300] {processor.py:925} INFO - DAG(s) 'example_complex' retrieved from /home/gabzarp/.local/lib/python3.10/site-packages/airflow/example_dags/example_complex.py
[2024-09-12T01:53:57.809-0300] {logging_mixin.py:190} INFO - [2024-09-12T01:53:57.809-0300] {dag.py:3229} INFO - Sync 1 DAGs
[2024-09-12T01:53:57.817-0300] {logging_mixin.py:190} INFO - [2024-09-12T01:53:57.817-0300] {dag.py:4156} INFO - Setting next_dagrun for example_complex to None, run_after=None
[2024-09-12T01:53:57.832-0300] {processor.py:208} INFO - Processing /home/gabzarp/.local/lib/python3.10/site-packages/airflow/example_dags/example_complex.py took 0.058 seconds
[2024-09-12T01:54:47.232-0300] {processor.py:186} INFO - Started process (PID=10255) to work on /home/gabzarp/.local/lib/python3.10/site-packages/airflow/example_dags/example_complex.py
[2024-09-12T01:54:47.233-0300] {processor.py:914} INFO - Processing file /home/gabzarp/.local/lib/python3.10/site-packages/airflow/example_dags/example_complex.py for tasks to queue
[2024-09-12T01:54:47.234-0300] {logging_mixin.py:190} INFO - [2024-09-12T01:54:47.233-0300] {dagbag.py:587} INFO - Filling up the DagBag from /home/gabzarp/.local/lib/python3.10/site-packages/airflow/example_dags/example_complex.py
[2024-09-12T01:54:47.242-0300] {processor.py:925} INFO - DAG(s) 'example_complex' retrieved from /home/gabzarp/.local/lib/python3.10/site-packages/airflow/example_dags/example_complex.py
[2024-09-12T01:54:47.259-0300] {logging_mixin.py:190} INFO - [2024-09-12T01:54:47.259-0300] {dag.py:3229} INFO - Sync 1 DAGs
[2024-09-12T01:54:47.268-0300] {logging_mixin.py:190} INFO - [2024-09-12T01:54:47.268-0300] {dag.py:4156} INFO - Setting next_dagrun for example_complex to None, run_after=None
[2024-09-12T01:54:47.316-0300] {processor.py:208} INFO - Processing /home/gabzarp/.local/lib/python3.10/site-packages/airflow/example_dags/example_complex.py took 0.088 seconds
[2024-09-12T01:55:41.406-0300] {processor.py:186} INFO - Started process (PID=10686) to work on /home/gabzarp/.local/lib/python3.10/site-packages/airflow/example_dags/example_complex.py
[2024-09-12T01:55:41.407-0300] {processor.py:914} INFO - Processing file /home/gabzarp/.local/lib/python3.10/site-packages/airflow/example_dags/example_complex.py for tasks to queue
[2024-09-12T01:55:41.407-0300] {logging_mixin.py:190} INFO - [2024-09-12T01:55:41.407-0300] {dagbag.py:587} INFO - Filling up the DagBag from /home/gabzarp/.local/lib/python3.10/site-packages/airflow/example_dags/example_complex.py
[2024-09-12T01:55:41.416-0300] {processor.py:925} INFO - DAG(s) 'example_complex' retrieved from /home/gabzarp/.local/lib/python3.10/site-packages/airflow/example_dags/example_complex.py
[2024-09-12T01:55:41.435-0300] {logging_mixin.py:190} INFO - [2024-09-12T01:55:41.435-0300] {dag.py:3229} INFO - Sync 1 DAGs
[2024-09-12T01:55:41.444-0300] {logging_mixin.py:190} INFO - [2024-09-12T01:55:41.444-0300] {dag.py:4156} INFO - Setting next_dagrun for example_complex to None, run_after=None
[2024-09-12T01:55:41.462-0300] {processor.py:208} INFO - Processing /home/gabzarp/.local/lib/python3.10/site-packages/airflow/example_dags/example_complex.py took 0.060 seconds
[2024-09-12T01:56:36.369-0300] {processor.py:186} INFO - Started process (PID=11140) to work on /home/gabzarp/.local/lib/python3.10/site-packages/airflow/example_dags/example_complex.py
[2024-09-12T01:56:36.370-0300] {processor.py:914} INFO - Processing file /home/gabzarp/.local/lib/python3.10/site-packages/airflow/example_dags/example_complex.py for tasks to queue
[2024-09-12T01:56:36.371-0300] {logging_mixin.py:190} INFO - [2024-09-12T01:56:36.370-0300] {dagbag.py:587} INFO - Filling up the DagBag from /home/gabzarp/.local/lib/python3.10/site-packages/airflow/example_dags/example_complex.py
[2024-09-12T01:56:36.380-0300] {processor.py:925} INFO - DAG(s) 'example_complex' retrieved from /home/gabzarp/.local/lib/python3.10/site-packages/airflow/example_dags/example_complex.py
[2024-09-12T01:56:36.401-0300] {logging_mixin.py:190} INFO - [2024-09-12T01:56:36.400-0300] {dag.py:3229} INFO - Sync 1 DAGs
[2024-09-12T01:56:36.409-0300] {logging_mixin.py:190} INFO - [2024-09-12T01:56:36.409-0300] {dag.py:4156} INFO - Setting next_dagrun for example_complex to None, run_after=None
[2024-09-12T01:56:36.425-0300] {processor.py:208} INFO - Processing /home/gabzarp/.local/lib/python3.10/site-packages/airflow/example_dags/example_complex.py took 0.059 seconds
[2024-09-12T01:57:32.042-0300] {processor.py:186} INFO - Started process (PID=11634) to work on /home/gabzarp/.local/lib/python3.10/site-packages/airflow/example_dags/example_complex.py
[2024-09-12T01:57:32.043-0300] {processor.py:914} INFO - Processing file /home/gabzarp/.local/lib/python3.10/site-packages/airflow/example_dags/example_complex.py for tasks to queue
[2024-09-12T01:57:32.044-0300] {logging_mixin.py:190} INFO - [2024-09-12T01:57:32.044-0300] {dagbag.py:587} INFO - Filling up the DagBag from /home/gabzarp/.local/lib/python3.10/site-packages/airflow/example_dags/example_complex.py
[2024-09-12T01:57:32.055-0300] {processor.py:925} INFO - DAG(s) 'example_complex' retrieved from /home/gabzarp/.local/lib/python3.10/site-packages/airflow/example_dags/example_complex.py
[2024-09-12T01:57:32.076-0300] {logging_mixin.py:190} INFO - [2024-09-12T01:57:32.075-0300] {dag.py:3229} INFO - Sync 1 DAGs
[2024-09-12T01:57:32.084-0300] {logging_mixin.py:190} INFO - [2024-09-12T01:57:32.083-0300] {dag.py:4156} INFO - Setting next_dagrun for example_complex to None, run_after=None
[2024-09-12T01:57:32.099-0300] {processor.py:208} INFO - Processing /home/gabzarp/.local/lib/python3.10/site-packages/airflow/example_dags/example_complex.py took 0.061 seconds
[2024-09-12T01:58:25.102-0300] {processor.py:186} INFO - Started process (PID=12048) to work on /home/gabzarp/.local/lib/python3.10/site-packages/airflow/example_dags/example_complex.py
[2024-09-12T01:58:25.103-0300] {processor.py:914} INFO - Processing file /home/gabzarp/.local/lib/python3.10/site-packages/airflow/example_dags/example_complex.py for tasks to queue
[2024-09-12T01:58:25.104-0300] {logging_mixin.py:190} INFO - [2024-09-12T01:58:25.104-0300] {dagbag.py:587} INFO - Filling up the DagBag from /home/gabzarp/.local/lib/python3.10/site-packages/airflow/example_dags/example_complex.py
[2024-09-12T01:58:25.113-0300] {processor.py:925} INFO - DAG(s) 'example_complex' retrieved from /home/gabzarp/.local/lib/python3.10/site-packages/airflow/example_dags/example_complex.py
[2024-09-12T01:58:25.133-0300] {logging_mixin.py:190} INFO - [2024-09-12T01:58:25.133-0300] {dag.py:3229} INFO - Sync 1 DAGs
[2024-09-12T01:58:25.140-0300] {logging_mixin.py:190} INFO - [2024-09-12T01:58:25.140-0300] {dag.py:4156} INFO - Setting next_dagrun for example_complex to None, run_after=None
[2024-09-12T01:58:25.155-0300] {processor.py:208} INFO - Processing /home/gabzarp/.local/lib/python3.10/site-packages/airflow/example_dags/example_complex.py took 0.056 seconds
[2024-09-12T01:59:17.524-0300] {processor.py:186} INFO - Started process (PID=12465) to work on /home/gabzarp/.local/lib/python3.10/site-packages/airflow/example_dags/example_complex.py
[2024-09-12T01:59:17.525-0300] {processor.py:914} INFO - Processing file /home/gabzarp/.local/lib/python3.10/site-packages/airflow/example_dags/example_complex.py for tasks to queue
[2024-09-12T01:59:17.526-0300] {logging_mixin.py:190} INFO - [2024-09-12T01:59:17.525-0300] {dagbag.py:587} INFO - Filling up the DagBag from /home/gabzarp/.local/lib/python3.10/site-packages/airflow/example_dags/example_complex.py
[2024-09-12T01:59:17.535-0300] {processor.py:925} INFO - DAG(s) 'example_complex' retrieved from /home/gabzarp/.local/lib/python3.10/site-packages/airflow/example_dags/example_complex.py
[2024-09-12T01:59:17.553-0300] {logging_mixin.py:190} INFO - [2024-09-12T01:59:17.553-0300] {dag.py:3229} INFO - Sync 1 DAGs
[2024-09-12T01:59:17.561-0300] {logging_mixin.py:190} INFO - [2024-09-12T01:59:17.561-0300] {dag.py:4156} INFO - Setting next_dagrun for example_complex to None, run_after=None
[2024-09-12T01:59:17.575-0300] {processor.py:208} INFO - Processing /home/gabzarp/.local/lib/python3.10/site-packages/airflow/example_dags/example_complex.py took 0.055 seconds
[2024-09-12T02:00:09.002-0300] {processor.py:186} INFO - Started process (PID=12901) to work on /home/gabzarp/.local/lib/python3.10/site-packages/airflow/example_dags/example_complex.py
[2024-09-12T02:00:09.003-0300] {processor.py:914} INFO - Processing file /home/gabzarp/.local/lib/python3.10/site-packages/airflow/example_dags/example_complex.py for tasks to queue
[2024-09-12T02:00:09.004-0300] {logging_mixin.py:190} INFO - [2024-09-12T02:00:09.004-0300] {dagbag.py:587} INFO - Filling up the DagBag from /home/gabzarp/.local/lib/python3.10/site-packages/airflow/example_dags/example_complex.py
[2024-09-12T02:00:09.013-0300] {processor.py:925} INFO - DAG(s) 'example_complex' retrieved from /home/gabzarp/.local/lib/python3.10/site-packages/airflow/example_dags/example_complex.py
[2024-09-12T02:00:09.034-0300] {logging_mixin.py:190} INFO - [2024-09-12T02:00:09.034-0300] {dag.py:3229} INFO - Sync 1 DAGs
[2024-09-12T02:00:09.045-0300] {logging_mixin.py:190} INFO - [2024-09-12T02:00:09.045-0300] {dag.py:4156} INFO - Setting next_dagrun for example_complex to None, run_after=None
[2024-09-12T02:00:09.069-0300] {processor.py:208} INFO - Processing /home/gabzarp/.local/lib/python3.10/site-packages/airflow/example_dags/example_complex.py took 0.071 seconds
[2024-09-12T02:01:00.340-0300] {processor.py:186} INFO - Started process (PID=13406) to work on /home/gabzarp/.local/lib/python3.10/site-packages/airflow/example_dags/example_complex.py
[2024-09-12T02:01:00.341-0300] {processor.py:914} INFO - Processing file /home/gabzarp/.local/lib/python3.10/site-packages/airflow/example_dags/example_complex.py for tasks to queue
[2024-09-12T02:01:00.342-0300] {logging_mixin.py:190} INFO - [2024-09-12T02:01:00.342-0300] {dagbag.py:587} INFO - Filling up the DagBag from /home/gabzarp/.local/lib/python3.10/site-packages/airflow/example_dags/example_complex.py
[2024-09-12T02:01:00.351-0300] {processor.py:925} INFO - DAG(s) 'example_complex' retrieved from /home/gabzarp/.local/lib/python3.10/site-packages/airflow/example_dags/example_complex.py
[2024-09-12T02:01:00.369-0300] {logging_mixin.py:190} INFO - [2024-09-12T02:01:00.369-0300] {dag.py:3229} INFO - Sync 1 DAGs
[2024-09-12T02:01:00.376-0300] {logging_mixin.py:190} INFO - [2024-09-12T02:01:00.376-0300] {dag.py:4156} INFO - Setting next_dagrun for example_complex to None, run_after=None
[2024-09-12T02:01:00.391-0300] {processor.py:208} INFO - Processing /home/gabzarp/.local/lib/python3.10/site-packages/airflow/example_dags/example_complex.py took 0.055 seconds
[2024-09-12T02:01:51.436-0300] {processor.py:186} INFO - Started process (PID=13835) to work on /home/gabzarp/.local/lib/python3.10/site-packages/airflow/example_dags/example_complex.py
[2024-09-12T02:01:51.437-0300] {processor.py:914} INFO - Processing file /home/gabzarp/.local/lib/python3.10/site-packages/airflow/example_dags/example_complex.py for tasks to queue
[2024-09-12T02:01:51.438-0300] {logging_mixin.py:190} INFO - [2024-09-12T02:01:51.438-0300] {dagbag.py:587} INFO - Filling up the DagBag from /home/gabzarp/.local/lib/python3.10/site-packages/airflow/example_dags/example_complex.py
[2024-09-12T02:01:51.447-0300] {processor.py:925} INFO - DAG(s) 'example_complex' retrieved from /home/gabzarp/.local/lib/python3.10/site-packages/airflow/example_dags/example_complex.py
[2024-09-12T02:01:51.465-0300] {logging_mixin.py:190} INFO - [2024-09-12T02:01:51.465-0300] {dag.py:3229} INFO - Sync 1 DAGs
[2024-09-12T02:01:51.473-0300] {logging_mixin.py:190} INFO - [2024-09-12T02:01:51.473-0300] {dag.py:4156} INFO - Setting next_dagrun for example_complex to None, run_after=None
[2024-09-12T02:01:51.489-0300] {processor.py:208} INFO - Processing /home/gabzarp/.local/lib/python3.10/site-packages/airflow/example_dags/example_complex.py took 0.056 seconds
[2024-09-12T02:03:01.984-0300] {processor.py:186} INFO - Started process (PID=14435) to work on /home/gabzarp/.local/lib/python3.10/site-packages/airflow/example_dags/example_complex.py
[2024-09-12T02:03:01.985-0300] {processor.py:914} INFO - Processing file /home/gabzarp/.local/lib/python3.10/site-packages/airflow/example_dags/example_complex.py for tasks to queue
[2024-09-12T02:03:01.985-0300] {logging_mixin.py:190} INFO - [2024-09-12T02:03:01.985-0300] {dagbag.py:587} INFO - Filling up the DagBag from /home/gabzarp/.local/lib/python3.10/site-packages/airflow/example_dags/example_complex.py
[2024-09-12T02:03:01.994-0300] {processor.py:925} INFO - DAG(s) 'example_complex' retrieved from /home/gabzarp/.local/lib/python3.10/site-packages/airflow/example_dags/example_complex.py
[2024-09-12T02:03:02.012-0300] {logging_mixin.py:190} INFO - [2024-09-12T02:03:02.012-0300] {dag.py:3229} INFO - Sync 1 DAGs
[2024-09-12T02:03:02.020-0300] {logging_mixin.py:190} INFO - [2024-09-12T02:03:02.020-0300] {dag.py:4156} INFO - Setting next_dagrun for example_complex to None, run_after=None
[2024-09-12T02:03:02.037-0300] {processor.py:208} INFO - Processing /home/gabzarp/.local/lib/python3.10/site-packages/airflow/example_dags/example_complex.py took 0.057 seconds
[2024-09-12T02:03:53.569-0300] {processor.py:186} INFO - Started process (PID=14848) to work on /home/gabzarp/.local/lib/python3.10/site-packages/airflow/example_dags/example_complex.py
[2024-09-12T02:03:53.570-0300] {processor.py:914} INFO - Processing file /home/gabzarp/.local/lib/python3.10/site-packages/airflow/example_dags/example_complex.py for tasks to queue
[2024-09-12T02:03:53.571-0300] {logging_mixin.py:190} INFO - [2024-09-12T02:03:53.571-0300] {dagbag.py:587} INFO - Filling up the DagBag from /home/gabzarp/.local/lib/python3.10/site-packages/airflow/example_dags/example_complex.py
[2024-09-12T02:03:53.580-0300] {processor.py:925} INFO - DAG(s) 'example_complex' retrieved from /home/gabzarp/.local/lib/python3.10/site-packages/airflow/example_dags/example_complex.py
[2024-09-12T02:03:53.599-0300] {logging_mixin.py:190} INFO - [2024-09-12T02:03:53.599-0300] {dag.py:3229} INFO - Sync 1 DAGs
[2024-09-12T02:03:53.607-0300] {logging_mixin.py:190} INFO - [2024-09-12T02:03:53.607-0300] {dag.py:4156} INFO - Setting next_dagrun for example_complex to None, run_after=None
[2024-09-12T02:03:53.625-0300] {processor.py:208} INFO - Processing /home/gabzarp/.local/lib/python3.10/site-packages/airflow/example_dags/example_complex.py took 0.059 seconds
[2024-09-12T02:04:44.827-0300] {processor.py:186} INFO - Started process (PID=15253) to work on /home/gabzarp/.local/lib/python3.10/site-packages/airflow/example_dags/example_complex.py
[2024-09-12T02:04:44.828-0300] {processor.py:914} INFO - Processing file /home/gabzarp/.local/lib/python3.10/site-packages/airflow/example_dags/example_complex.py for tasks to queue
[2024-09-12T02:04:44.829-0300] {logging_mixin.py:190} INFO - [2024-09-12T02:04:44.829-0300] {dagbag.py:587} INFO - Filling up the DagBag from /home/gabzarp/.local/lib/python3.10/site-packages/airflow/example_dags/example_complex.py
[2024-09-12T02:04:44.839-0300] {processor.py:925} INFO - DAG(s) 'example_complex' retrieved from /home/gabzarp/.local/lib/python3.10/site-packages/airflow/example_dags/example_complex.py
[2024-09-12T02:04:44.860-0300] {logging_mixin.py:190} INFO - [2024-09-12T02:04:44.859-0300] {dag.py:3229} INFO - Sync 1 DAGs
[2024-09-12T02:04:44.869-0300] {logging_mixin.py:190} INFO - [2024-09-12T02:04:44.868-0300] {dag.py:4156} INFO - Setting next_dagrun for example_complex to None, run_after=None
[2024-09-12T02:04:44.887-0300] {processor.py:208} INFO - Processing /home/gabzarp/.local/lib/python3.10/site-packages/airflow/example_dags/example_complex.py took 0.064 seconds
[2024-09-12T02:05:37.957-0300] {processor.py:186} INFO - Started process (PID=15667) to work on /home/gabzarp/.local/lib/python3.10/site-packages/airflow/example_dags/example_complex.py
[2024-09-12T02:05:37.958-0300] {processor.py:914} INFO - Processing file /home/gabzarp/.local/lib/python3.10/site-packages/airflow/example_dags/example_complex.py for tasks to queue
[2024-09-12T02:05:37.959-0300] {logging_mixin.py:190} INFO - [2024-09-12T02:05:37.959-0300] {dagbag.py:587} INFO - Filling up the DagBag from /home/gabzarp/.local/lib/python3.10/site-packages/airflow/example_dags/example_complex.py
[2024-09-12T02:05:37.968-0300] {processor.py:925} INFO - DAG(s) 'example_complex' retrieved from /home/gabzarp/.local/lib/python3.10/site-packages/airflow/example_dags/example_complex.py
[2024-09-12T02:05:37.988-0300] {logging_mixin.py:190} INFO - [2024-09-12T02:05:37.987-0300] {dag.py:3229} INFO - Sync 1 DAGs
[2024-09-12T02:05:37.995-0300] {logging_mixin.py:190} INFO - [2024-09-12T02:05:37.995-0300] {dag.py:4156} INFO - Setting next_dagrun for example_complex to None, run_after=None
[2024-09-12T02:05:38.010-0300] {processor.py:208} INFO - Processing /home/gabzarp/.local/lib/python3.10/site-packages/airflow/example_dags/example_complex.py took 0.056 seconds
[2024-09-12T02:06:29.631-0300] {processor.py:186} INFO - Started process (PID=16079) to work on /home/gabzarp/.local/lib/python3.10/site-packages/airflow/example_dags/example_complex.py
[2024-09-12T02:06:29.632-0300] {processor.py:914} INFO - Processing file /home/gabzarp/.local/lib/python3.10/site-packages/airflow/example_dags/example_complex.py for tasks to queue
[2024-09-12T02:06:29.633-0300] {logging_mixin.py:190} INFO - [2024-09-12T02:06:29.632-0300] {dagbag.py:587} INFO - Filling up the DagBag from /home/gabzarp/.local/lib/python3.10/site-packages/airflow/example_dags/example_complex.py
[2024-09-12T02:06:29.641-0300] {processor.py:925} INFO - DAG(s) 'example_complex' retrieved from /home/gabzarp/.local/lib/python3.10/site-packages/airflow/example_dags/example_complex.py
[2024-09-12T02:06:29.659-0300] {logging_mixin.py:190} INFO - [2024-09-12T02:06:29.659-0300] {dag.py:3229} INFO - Sync 1 DAGs
[2024-09-12T02:06:29.668-0300] {logging_mixin.py:190} INFO - [2024-09-12T02:06:29.668-0300] {dag.py:4156} INFO - Setting next_dagrun for example_complex to None, run_after=None
[2024-09-12T02:06:29.686-0300] {processor.py:208} INFO - Processing /home/gabzarp/.local/lib/python3.10/site-packages/airflow/example_dags/example_complex.py took 0.059 seconds
[2024-09-12T02:07:19.449-0300] {processor.py:186} INFO - Started process (PID=16472) to work on /home/gabzarp/.local/lib/python3.10/site-packages/airflow/example_dags/example_complex.py
[2024-09-12T02:07:19.450-0300] {processor.py:914} INFO - Processing file /home/gabzarp/.local/lib/python3.10/site-packages/airflow/example_dags/example_complex.py for tasks to queue
[2024-09-12T02:07:19.451-0300] {logging_mixin.py:190} INFO - [2024-09-12T02:07:19.450-0300] {dagbag.py:587} INFO - Filling up the DagBag from /home/gabzarp/.local/lib/python3.10/site-packages/airflow/example_dags/example_complex.py
[2024-09-12T02:07:19.461-0300] {processor.py:925} INFO - DAG(s) 'example_complex' retrieved from /home/gabzarp/.local/lib/python3.10/site-packages/airflow/example_dags/example_complex.py
[2024-09-12T02:07:19.479-0300] {logging_mixin.py:190} INFO - [2024-09-12T02:07:19.479-0300] {dag.py:3229} INFO - Sync 1 DAGs
[2024-09-12T02:07:19.487-0300] {logging_mixin.py:190} INFO - [2024-09-12T02:07:19.487-0300] {dag.py:4156} INFO - Setting next_dagrun for example_complex to None, run_after=None
[2024-09-12T02:07:19.504-0300] {processor.py:208} INFO - Processing /home/gabzarp/.local/lib/python3.10/site-packages/airflow/example_dags/example_complex.py took 0.059 seconds
[2024-09-12T02:08:10.352-0300] {processor.py:186} INFO - Started process (PID=16875) to work on /home/gabzarp/.local/lib/python3.10/site-packages/airflow/example_dags/example_complex.py
[2024-09-12T02:08:10.353-0300] {processor.py:914} INFO - Processing file /home/gabzarp/.local/lib/python3.10/site-packages/airflow/example_dags/example_complex.py for tasks to queue
[2024-09-12T02:08:10.354-0300] {logging_mixin.py:190} INFO - [2024-09-12T02:08:10.354-0300] {dagbag.py:587} INFO - Filling up the DagBag from /home/gabzarp/.local/lib/python3.10/site-packages/airflow/example_dags/example_complex.py
[2024-09-12T02:08:10.363-0300] {processor.py:925} INFO - DAG(s) 'example_complex' retrieved from /home/gabzarp/.local/lib/python3.10/site-packages/airflow/example_dags/example_complex.py
[2024-09-12T02:08:10.383-0300] {logging_mixin.py:190} INFO - [2024-09-12T02:08:10.382-0300] {dag.py:3229} INFO - Sync 1 DAGs
[2024-09-12T02:08:10.391-0300] {logging_mixin.py:190} INFO - [2024-09-12T02:08:10.391-0300] {dag.py:4156} INFO - Setting next_dagrun for example_complex to None, run_after=None
[2024-09-12T02:08:10.406-0300] {processor.py:208} INFO - Processing /home/gabzarp/.local/lib/python3.10/site-packages/airflow/example_dags/example_complex.py took 0.057 seconds
[2024-09-12T02:09:01.721-0300] {processor.py:186} INFO - Started process (PID=17281) to work on /home/gabzarp/.local/lib/python3.10/site-packages/airflow/example_dags/example_complex.py
[2024-09-12T02:09:01.722-0300] {processor.py:914} INFO - Processing file /home/gabzarp/.local/lib/python3.10/site-packages/airflow/example_dags/example_complex.py for tasks to queue
[2024-09-12T02:09:01.723-0300] {logging_mixin.py:190} INFO - [2024-09-12T02:09:01.723-0300] {dagbag.py:587} INFO - Filling up the DagBag from /home/gabzarp/.local/lib/python3.10/site-packages/airflow/example_dags/example_complex.py
[2024-09-12T02:09:01.733-0300] {processor.py:925} INFO - DAG(s) 'example_complex' retrieved from /home/gabzarp/.local/lib/python3.10/site-packages/airflow/example_dags/example_complex.py
[2024-09-12T02:09:01.753-0300] {logging_mixin.py:190} INFO - [2024-09-12T02:09:01.752-0300] {dag.py:3229} INFO - Sync 1 DAGs
[2024-09-12T02:09:01.761-0300] {logging_mixin.py:190} INFO - [2024-09-12T02:09:01.761-0300] {dag.py:4156} INFO - Setting next_dagrun for example_complex to None, run_after=None
[2024-09-12T02:09:01.778-0300] {processor.py:208} INFO - Processing /home/gabzarp/.local/lib/python3.10/site-packages/airflow/example_dags/example_complex.py took 0.061 seconds
[2024-09-12T02:09:54.856-0300] {processor.py:186} INFO - Started process (PID=17855) to work on /home/gabzarp/.local/lib/python3.10/site-packages/airflow/example_dags/example_complex.py
[2024-09-12T02:09:54.857-0300] {processor.py:914} INFO - Processing file /home/gabzarp/.local/lib/python3.10/site-packages/airflow/example_dags/example_complex.py for tasks to queue
[2024-09-12T02:09:54.858-0300] {logging_mixin.py:190} INFO - [2024-09-12T02:09:54.858-0300] {dagbag.py:587} INFO - Filling up the DagBag from /home/gabzarp/.local/lib/python3.10/site-packages/airflow/example_dags/example_complex.py
[2024-09-12T02:09:54.868-0300] {processor.py:925} INFO - DAG(s) 'example_complex' retrieved from /home/gabzarp/.local/lib/python3.10/site-packages/airflow/example_dags/example_complex.py
[2024-09-12T02:09:54.887-0300] {logging_mixin.py:190} INFO - [2024-09-12T02:09:54.887-0300] {dag.py:3229} INFO - Sync 1 DAGs
[2024-09-12T02:09:54.895-0300] {logging_mixin.py:190} INFO - [2024-09-12T02:09:54.895-0300] {dag.py:4156} INFO - Setting next_dagrun for example_complex to None, run_after=None
[2024-09-12T02:09:55.020-0300] {processor.py:208} INFO - Processing /home/gabzarp/.local/lib/python3.10/site-packages/airflow/example_dags/example_complex.py took 0.169 seconds
