[2024-09-12T01:39:18.555-0300] {processor.py:186} INFO - Started process (PID=2512) to work on /home/gabzarp/.local/lib/python3.10/site-packages/airflow/example_dags/tutorial.py
[2024-09-12T01:39:18.556-0300] {processor.py:914} INFO - Processing file /home/gabzarp/.local/lib/python3.10/site-packages/airflow/example_dags/tutorial.py for tasks to queue
[2024-09-12T01:39:18.557-0300] {logging_mixin.py:190} INFO - [2024-09-12T01:39:18.557-0300] {dagbag.py:587} INFO - Filling up the DagBag from /home/gabzarp/.local/lib/python3.10/site-packages/airflow/example_dags/tutorial.py
[2024-09-12T01:39:18.565-0300] {processor.py:925} INFO - DAG(s) 'tutorial' retrieved from /home/gabzarp/.local/lib/python3.10/site-packages/airflow/example_dags/tutorial.py
[2024-09-12T01:39:18.675-0300] {logging_mixin.py:190} INFO - [2024-09-12T01:39:18.675-0300] {override.py:1900} INFO - Created Permission View: can edit on DAG:tutorial
[2024-09-12T01:39:18.684-0300] {logging_mixin.py:190} INFO - [2024-09-12T01:39:18.684-0300] {override.py:1900} INFO - Created Permission View: can read on DAG:tutorial
[2024-09-12T01:39:18.691-0300] {logging_mixin.py:190} INFO - [2024-09-12T01:39:18.691-0300] {override.py:1900} INFO - Created Permission View: can delete on DAG:tutorial
[2024-09-12T01:39:18.706-0300] {logging_mixin.py:190} INFO - [2024-09-12T01:39:18.706-0300] {override.py:1900} INFO - Created Permission View: can read on DAG Run:tutorial
[2024-09-12T01:39:18.717-0300] {logging_mixin.py:190} INFO - [2024-09-12T01:39:18.717-0300] {override.py:1900} INFO - Created Permission View: can create on DAG Run:tutorial
[2024-09-12T01:39:18.725-0300] {logging_mixin.py:190} INFO - [2024-09-12T01:39:18.725-0300] {override.py:1900} INFO - Created Permission View: menu access on DAG Run:tutorial
[2024-09-12T01:39:18.733-0300] {logging_mixin.py:190} INFO - [2024-09-12T01:39:18.733-0300] {override.py:1900} INFO - Created Permission View: can delete on DAG Run:tutorial
[2024-09-12T01:39:18.734-0300] {logging_mixin.py:190} INFO - [2024-09-12T01:39:18.734-0300] {dag.py:3229} INFO - Sync 1 DAGs
[2024-09-12T01:39:18.741-0300] {logging_mixin.py:190} INFO - [2024-09-12T01:39:18.741-0300] {dag.py:3252} INFO - Creating ORM DAG for tutorial
[2024-09-12T01:39:18.747-0300] {logging_mixin.py:190} INFO - [2024-09-12T01:39:18.747-0300] {dag.py:4156} INFO - Setting next_dagrun for tutorial to 2024-09-11 00:00:00+00:00, run_after=2024-09-12 00:00:00+00:00
[2024-09-12T01:39:18.777-0300] {processor.py:208} INFO - Processing /home/gabzarp/.local/lib/python3.10/site-packages/airflow/example_dags/tutorial.py took 0.227 seconds
[2024-09-12T01:40:16.911-0300] {processor.py:186} INFO - Started process (PID=2809) to work on /home/gabzarp/.local/lib/python3.10/site-packages/airflow/example_dags/tutorial.py
[2024-09-12T01:40:16.912-0300] {processor.py:914} INFO - Processing file /home/gabzarp/.local/lib/python3.10/site-packages/airflow/example_dags/tutorial.py for tasks to queue
[2024-09-12T01:40:16.914-0300] {logging_mixin.py:190} INFO - [2024-09-12T01:40:16.914-0300] {dagbag.py:587} INFO - Filling up the DagBag from /home/gabzarp/.local/lib/python3.10/site-packages/airflow/example_dags/tutorial.py
[2024-09-12T01:40:16.919-0300] {processor.py:925} INFO - DAG(s) 'tutorial' retrieved from /home/gabzarp/.local/lib/python3.10/site-packages/airflow/example_dags/tutorial.py
[2024-09-12T01:40:16.928-0300] {logging_mixin.py:190} INFO - [2024-09-12T01:40:16.928-0300] {dag.py:3229} INFO - Sync 1 DAGs
[2024-09-12T01:40:16.941-0300] {logging_mixin.py:190} INFO - [2024-09-12T01:40:16.940-0300] {dag.py:4156} INFO - Setting next_dagrun for tutorial to 2024-09-11 00:00:00+00:00, run_after=2024-09-12 00:00:00+00:00
[2024-09-12T01:40:16.955-0300] {processor.py:208} INFO - Processing /home/gabzarp/.local/lib/python3.10/site-packages/airflow/example_dags/tutorial.py took 0.047 seconds
[2024-09-12T01:41:10.299-0300] {processor.py:186} INFO - Started process (PID=3082) to work on /home/gabzarp/.local/lib/python3.10/site-packages/airflow/example_dags/tutorial.py
[2024-09-12T01:41:10.299-0300] {processor.py:914} INFO - Processing file /home/gabzarp/.local/lib/python3.10/site-packages/airflow/example_dags/tutorial.py for tasks to queue
[2024-09-12T01:41:10.301-0300] {logging_mixin.py:190} INFO - [2024-09-12T01:41:10.300-0300] {dagbag.py:587} INFO - Filling up the DagBag from /home/gabzarp/.local/lib/python3.10/site-packages/airflow/example_dags/tutorial.py
[2024-09-12T01:41:10.305-0300] {processor.py:925} INFO - DAG(s) 'tutorial' retrieved from /home/gabzarp/.local/lib/python3.10/site-packages/airflow/example_dags/tutorial.py
[2024-09-12T01:41:10.316-0300] {logging_mixin.py:190} INFO - [2024-09-12T01:41:10.315-0300] {dag.py:3229} INFO - Sync 1 DAGs
[2024-09-12T01:41:10.328-0300] {logging_mixin.py:190} INFO - [2024-09-12T01:41:10.327-0300] {dag.py:4156} INFO - Setting next_dagrun for tutorial to 2024-09-11 00:00:00+00:00, run_after=2024-09-12 00:00:00+00:00
[2024-09-12T01:41:10.343-0300] {processor.py:208} INFO - Processing /home/gabzarp/.local/lib/python3.10/site-packages/airflow/example_dags/tutorial.py took 0.049 seconds
[2024-09-12T01:41:59.391-0300] {processor.py:186} INFO - Started process (PID=3405) to work on /home/gabzarp/.local/lib/python3.10/site-packages/airflow/example_dags/tutorial.py
[2024-09-12T01:41:59.392-0300] {processor.py:914} INFO - Processing file /home/gabzarp/.local/lib/python3.10/site-packages/airflow/example_dags/tutorial.py for tasks to queue
[2024-09-12T01:41:59.393-0300] {logging_mixin.py:190} INFO - [2024-09-12T01:41:59.393-0300] {dagbag.py:587} INFO - Filling up the DagBag from /home/gabzarp/.local/lib/python3.10/site-packages/airflow/example_dags/tutorial.py
[2024-09-12T01:41:59.399-0300] {processor.py:925} INFO - DAG(s) 'tutorial' retrieved from /home/gabzarp/.local/lib/python3.10/site-packages/airflow/example_dags/tutorial.py
[2024-09-12T01:41:59.409-0300] {logging_mixin.py:190} INFO - [2024-09-12T01:41:59.409-0300] {dag.py:3229} INFO - Sync 1 DAGs
[2024-09-12T01:41:59.423-0300] {logging_mixin.py:190} INFO - [2024-09-12T01:41:59.423-0300] {dag.py:4156} INFO - Setting next_dagrun for tutorial to 2024-09-11 00:00:00+00:00, run_after=2024-09-12 00:00:00+00:00
[2024-09-12T01:41:59.438-0300] {processor.py:208} INFO - Processing /home/gabzarp/.local/lib/python3.10/site-packages/airflow/example_dags/tutorial.py took 0.051 seconds
[2024-09-12T01:42:48.924-0300] {processor.py:186} INFO - Started process (PID=3657) to work on /home/gabzarp/.local/lib/python3.10/site-packages/airflow/example_dags/tutorial.py
[2024-09-12T01:42:48.925-0300] {processor.py:914} INFO - Processing file /home/gabzarp/.local/lib/python3.10/site-packages/airflow/example_dags/tutorial.py for tasks to queue
[2024-09-12T01:42:48.926-0300] {logging_mixin.py:190} INFO - [2024-09-12T01:42:48.926-0300] {dagbag.py:587} INFO - Filling up the DagBag from /home/gabzarp/.local/lib/python3.10/site-packages/airflow/example_dags/tutorial.py
[2024-09-12T01:42:48.931-0300] {processor.py:925} INFO - DAG(s) 'tutorial' retrieved from /home/gabzarp/.local/lib/python3.10/site-packages/airflow/example_dags/tutorial.py
[2024-09-12T01:42:48.942-0300] {logging_mixin.py:190} INFO - [2024-09-12T01:42:48.942-0300] {dag.py:3229} INFO - Sync 1 DAGs
[2024-09-12T01:42:48.954-0300] {logging_mixin.py:190} INFO - [2024-09-12T01:42:48.953-0300] {dag.py:4156} INFO - Setting next_dagrun for tutorial to 2024-09-11 00:00:00+00:00, run_after=2024-09-12 00:00:00+00:00
[2024-09-12T01:42:48.969-0300] {processor.py:208} INFO - Processing /home/gabzarp/.local/lib/python3.10/site-packages/airflow/example_dags/tutorial.py took 0.048 seconds
[2024-09-12T01:43:38.135-0300] {processor.py:186} INFO - Started process (PID=3903) to work on /home/gabzarp/.local/lib/python3.10/site-packages/airflow/example_dags/tutorial.py
[2024-09-12T01:43:38.136-0300] {processor.py:914} INFO - Processing file /home/gabzarp/.local/lib/python3.10/site-packages/airflow/example_dags/tutorial.py for tasks to queue
[2024-09-12T01:43:38.138-0300] {logging_mixin.py:190} INFO - [2024-09-12T01:43:38.137-0300] {dagbag.py:587} INFO - Filling up the DagBag from /home/gabzarp/.local/lib/python3.10/site-packages/airflow/example_dags/tutorial.py
[2024-09-12T01:43:38.142-0300] {processor.py:925} INFO - DAG(s) 'tutorial' retrieved from /home/gabzarp/.local/lib/python3.10/site-packages/airflow/example_dags/tutorial.py
[2024-09-12T01:43:38.152-0300] {logging_mixin.py:190} INFO - [2024-09-12T01:43:38.152-0300] {dag.py:3229} INFO - Sync 1 DAGs
[2024-09-12T01:43:38.166-0300] {logging_mixin.py:190} INFO - [2024-09-12T01:43:38.166-0300] {dag.py:4156} INFO - Setting next_dagrun for tutorial to 2024-09-11 00:00:00+00:00, run_after=2024-09-12 00:00:00+00:00
[2024-09-12T01:43:38.181-0300] {processor.py:208} INFO - Processing /home/gabzarp/.local/lib/python3.10/site-packages/airflow/example_dags/tutorial.py took 0.049 seconds
[2024-09-12T01:44:19.816-0300] {processor.py:186} INFO - Started process (PID=4724) to work on /home/gabzarp/.local/lib/python3.10/site-packages/airflow/example_dags/tutorial.py
[2024-09-12T01:44:19.817-0300] {processor.py:914} INFO - Processing file /home/gabzarp/.local/lib/python3.10/site-packages/airflow/example_dags/tutorial.py for tasks to queue
[2024-09-12T01:44:19.819-0300] {logging_mixin.py:190} INFO - [2024-09-12T01:44:19.819-0300] {dagbag.py:587} INFO - Filling up the DagBag from /home/gabzarp/.local/lib/python3.10/site-packages/airflow/example_dags/tutorial.py
[2024-09-12T01:44:19.826-0300] {processor.py:925} INFO - DAG(s) 'tutorial' retrieved from /home/gabzarp/.local/lib/python3.10/site-packages/airflow/example_dags/tutorial.py
[2024-09-12T01:44:19.841-0300] {logging_mixin.py:190} INFO - [2024-09-12T01:44:19.841-0300] {dag.py:3229} INFO - Sync 1 DAGs
[2024-09-12T01:44:19.861-0300] {logging_mixin.py:190} INFO - [2024-09-12T01:44:19.860-0300] {dag.py:4156} INFO - Setting next_dagrun for tutorial to 2024-09-11 00:00:00+00:00, run_after=2024-09-12 00:00:00+00:00
[2024-09-12T01:44:29.435-0300] {processor.py:208} INFO - Processing /home/gabzarp/.local/lib/python3.10/site-packages/airflow/example_dags/tutorial.py took 9.625 seconds
[2024-09-12T01:45:21.620-0300] {processor.py:186} INFO - Started process (PID=5204) to work on /home/gabzarp/.local/lib/python3.10/site-packages/airflow/example_dags/tutorial.py
[2024-09-12T01:45:21.621-0300] {processor.py:914} INFO - Processing file /home/gabzarp/.local/lib/python3.10/site-packages/airflow/example_dags/tutorial.py for tasks to queue
[2024-09-12T01:45:21.622-0300] {logging_mixin.py:190} INFO - [2024-09-12T01:45:21.622-0300] {dagbag.py:587} INFO - Filling up the DagBag from /home/gabzarp/.local/lib/python3.10/site-packages/airflow/example_dags/tutorial.py
[2024-09-12T01:45:21.627-0300] {processor.py:925} INFO - DAG(s) 'tutorial' retrieved from /home/gabzarp/.local/lib/python3.10/site-packages/airflow/example_dags/tutorial.py
[2024-09-12T01:45:21.637-0300] {logging_mixin.py:190} INFO - [2024-09-12T01:45:21.637-0300] {dag.py:3229} INFO - Sync 1 DAGs
[2024-09-12T01:45:21.651-0300] {logging_mixin.py:190} INFO - [2024-09-12T01:45:21.650-0300] {dag.py:4156} INFO - Setting next_dagrun for tutorial to 2024-09-11 00:00:00+00:00, run_after=2024-09-12 00:00:00+00:00
[2024-09-12T01:45:21.666-0300] {processor.py:208} INFO - Processing /home/gabzarp/.local/lib/python3.10/site-packages/airflow/example_dags/tutorial.py took 0.050 seconds
[2024-09-12T01:46:11.930-0300] {processor.py:186} INFO - Started process (PID=5611) to work on /home/gabzarp/.local/lib/python3.10/site-packages/airflow/example_dags/tutorial.py
[2024-09-12T01:46:11.930-0300] {processor.py:914} INFO - Processing file /home/gabzarp/.local/lib/python3.10/site-packages/airflow/example_dags/tutorial.py for tasks to queue
[2024-09-12T01:46:11.932-0300] {logging_mixin.py:190} INFO - [2024-09-12T01:46:11.932-0300] {dagbag.py:587} INFO - Filling up the DagBag from /home/gabzarp/.local/lib/python3.10/site-packages/airflow/example_dags/tutorial.py
[2024-09-12T01:46:11.938-0300] {processor.py:925} INFO - DAG(s) 'tutorial' retrieved from /home/gabzarp/.local/lib/python3.10/site-packages/airflow/example_dags/tutorial.py
[2024-09-12T01:46:11.950-0300] {logging_mixin.py:190} INFO - [2024-09-12T01:46:11.950-0300] {dag.py:3229} INFO - Sync 1 DAGs
[2024-09-12T01:46:11.965-0300] {logging_mixin.py:190} INFO - [2024-09-12T01:46:11.964-0300] {dag.py:4156} INFO - Setting next_dagrun for tutorial to 2024-09-11 00:00:00+00:00, run_after=2024-09-12 00:00:00+00:00
[2024-09-12T01:46:12.022-0300] {processor.py:208} INFO - Processing /home/gabzarp/.local/lib/python3.10/site-packages/airflow/example_dags/tutorial.py took 0.096 seconds
[2024-09-12T01:47:01.800-0300] {processor.py:186} INFO - Started process (PID=6008) to work on /home/gabzarp/.local/lib/python3.10/site-packages/airflow/example_dags/tutorial.py
[2024-09-12T01:47:01.801-0300] {processor.py:914} INFO - Processing file /home/gabzarp/.local/lib/python3.10/site-packages/airflow/example_dags/tutorial.py for tasks to queue
[2024-09-12T01:47:01.802-0300] {logging_mixin.py:190} INFO - [2024-09-12T01:47:01.802-0300] {dagbag.py:587} INFO - Filling up the DagBag from /home/gabzarp/.local/lib/python3.10/site-packages/airflow/example_dags/tutorial.py
[2024-09-12T01:47:01.807-0300] {processor.py:925} INFO - DAG(s) 'tutorial' retrieved from /home/gabzarp/.local/lib/python3.10/site-packages/airflow/example_dags/tutorial.py
[2024-09-12T01:47:01.817-0300] {logging_mixin.py:190} INFO - [2024-09-12T01:47:01.817-0300] {dag.py:3229} INFO - Sync 1 DAGs
[2024-09-12T01:47:01.830-0300] {logging_mixin.py:190} INFO - [2024-09-12T01:47:01.830-0300] {dag.py:4156} INFO - Setting next_dagrun for tutorial to 2024-09-11 00:00:00+00:00, run_after=2024-09-12 00:00:00+00:00
[2024-09-12T01:47:01.845-0300] {processor.py:208} INFO - Processing /home/gabzarp/.local/lib/python3.10/site-packages/airflow/example_dags/tutorial.py took 0.048 seconds
[2024-09-12T01:47:48.028-0300] {processor.py:186} INFO - Started process (PID=6382) to work on /home/gabzarp/.local/lib/python3.10/site-packages/airflow/example_dags/tutorial.py
[2024-09-12T01:47:48.029-0300] {processor.py:914} INFO - Processing file /home/gabzarp/.local/lib/python3.10/site-packages/airflow/example_dags/tutorial.py for tasks to queue
[2024-09-12T01:47:48.030-0300] {logging_mixin.py:190} INFO - [2024-09-12T01:47:48.030-0300] {dagbag.py:587} INFO - Filling up the DagBag from /home/gabzarp/.local/lib/python3.10/site-packages/airflow/example_dags/tutorial.py
[2024-09-12T01:47:48.035-0300] {processor.py:925} INFO - DAG(s) 'tutorial' retrieved from /home/gabzarp/.local/lib/python3.10/site-packages/airflow/example_dags/tutorial.py
[2024-09-12T01:47:48.044-0300] {logging_mixin.py:190} INFO - [2024-09-12T01:47:48.044-0300] {dag.py:3229} INFO - Sync 1 DAGs
[2024-09-12T01:47:48.056-0300] {logging_mixin.py:190} INFO - [2024-09-12T01:47:48.056-0300] {dag.py:4156} INFO - Setting next_dagrun for tutorial to 2024-09-11 00:00:00+00:00, run_after=2024-09-12 00:00:00+00:00
[2024-09-12T01:47:48.070-0300] {processor.py:208} INFO - Processing /home/gabzarp/.local/lib/python3.10/site-packages/airflow/example_dags/tutorial.py took 0.045 seconds
[2024-09-12T01:48:38.978-0300] {processor.py:186} INFO - Started process (PID=6912) to work on /home/gabzarp/.local/lib/python3.10/site-packages/airflow/example_dags/tutorial.py
[2024-09-12T01:48:38.980-0300] {processor.py:914} INFO - Processing file /home/gabzarp/.local/lib/python3.10/site-packages/airflow/example_dags/tutorial.py for tasks to queue
[2024-09-12T01:48:38.981-0300] {logging_mixin.py:190} INFO - [2024-09-12T01:48:38.981-0300] {dagbag.py:587} INFO - Filling up the DagBag from /home/gabzarp/.local/lib/python3.10/site-packages/airflow/example_dags/tutorial.py
[2024-09-12T01:48:38.987-0300] {processor.py:925} INFO - DAG(s) 'tutorial' retrieved from /home/gabzarp/.local/lib/python3.10/site-packages/airflow/example_dags/tutorial.py
[2024-09-12T01:48:38.999-0300] {logging_mixin.py:190} INFO - [2024-09-12T01:48:38.999-0300] {dag.py:3229} INFO - Sync 1 DAGs
[2024-09-12T01:48:39.013-0300] {logging_mixin.py:190} INFO - [2024-09-12T01:48:39.013-0300] {dag.py:4156} INFO - Setting next_dagrun for tutorial to 2024-09-11 00:00:00+00:00, run_after=2024-09-12 00:00:00+00:00
[2024-09-12T01:48:39.031-0300] {processor.py:208} INFO - Processing /home/gabzarp/.local/lib/python3.10/site-packages/airflow/example_dags/tutorial.py took 0.056 seconds
[2024-09-12T01:49:29.488-0300] {processor.py:186} INFO - Started process (PID=7321) to work on /home/gabzarp/.local/lib/python3.10/site-packages/airflow/example_dags/tutorial.py
[2024-09-12T01:49:29.489-0300] {processor.py:914} INFO - Processing file /home/gabzarp/.local/lib/python3.10/site-packages/airflow/example_dags/tutorial.py for tasks to queue
[2024-09-12T01:49:29.490-0300] {logging_mixin.py:190} INFO - [2024-09-12T01:49:29.490-0300] {dagbag.py:587} INFO - Filling up the DagBag from /home/gabzarp/.local/lib/python3.10/site-packages/airflow/example_dags/tutorial.py
[2024-09-12T01:49:29.495-0300] {processor.py:925} INFO - DAG(s) 'tutorial' retrieved from /home/gabzarp/.local/lib/python3.10/site-packages/airflow/example_dags/tutorial.py
[2024-09-12T01:49:29.505-0300] {logging_mixin.py:190} INFO - [2024-09-12T01:49:29.505-0300] {dag.py:3229} INFO - Sync 1 DAGs
[2024-09-12T01:49:29.518-0300] {logging_mixin.py:190} INFO - [2024-09-12T01:49:29.518-0300] {dag.py:4156} INFO - Setting next_dagrun for tutorial to 2024-09-11 00:00:00+00:00, run_after=2024-09-12 00:00:00+00:00
[2024-09-12T01:49:29.534-0300] {processor.py:208} INFO - Processing /home/gabzarp/.local/lib/python3.10/site-packages/airflow/example_dags/tutorial.py took 0.049 seconds
[2024-09-12T01:50:17.773-0300] {processor.py:186} INFO - Started process (PID=7794) to work on /home/gabzarp/.local/lib/python3.10/site-packages/airflow/example_dags/tutorial.py
[2024-09-12T01:50:17.774-0300] {processor.py:914} INFO - Processing file /home/gabzarp/.local/lib/python3.10/site-packages/airflow/example_dags/tutorial.py for tasks to queue
[2024-09-12T01:50:17.775-0300] {logging_mixin.py:190} INFO - [2024-09-12T01:50:17.774-0300] {dagbag.py:587} INFO - Filling up the DagBag from /home/gabzarp/.local/lib/python3.10/site-packages/airflow/example_dags/tutorial.py
[2024-09-12T01:50:17.779-0300] {processor.py:925} INFO - DAG(s) 'tutorial' retrieved from /home/gabzarp/.local/lib/python3.10/site-packages/airflow/example_dags/tutorial.py
[2024-09-12T01:50:17.789-0300] {logging_mixin.py:190} INFO - [2024-09-12T01:50:17.789-0300] {dag.py:3229} INFO - Sync 1 DAGs
[2024-09-12T01:50:17.801-0300] {logging_mixin.py:190} INFO - [2024-09-12T01:50:17.800-0300] {dag.py:4156} INFO - Setting next_dagrun for tutorial to 2024-09-11 00:00:00+00:00, run_after=2024-09-12 00:00:00+00:00
[2024-09-12T01:50:17.815-0300] {processor.py:208} INFO - Processing /home/gabzarp/.local/lib/python3.10/site-packages/airflow/example_dags/tutorial.py took 0.046 seconds
[2024-09-12T01:51:08.414-0300] {processor.py:186} INFO - Started process (PID=8190) to work on /home/gabzarp/.local/lib/python3.10/site-packages/airflow/example_dags/tutorial.py
[2024-09-12T01:51:08.415-0300] {processor.py:914} INFO - Processing file /home/gabzarp/.local/lib/python3.10/site-packages/airflow/example_dags/tutorial.py for tasks to queue
[2024-09-12T01:51:08.416-0300] {logging_mixin.py:190} INFO - [2024-09-12T01:51:08.416-0300] {dagbag.py:587} INFO - Filling up the DagBag from /home/gabzarp/.local/lib/python3.10/site-packages/airflow/example_dags/tutorial.py
[2024-09-12T01:51:08.421-0300] {processor.py:925} INFO - DAG(s) 'tutorial' retrieved from /home/gabzarp/.local/lib/python3.10/site-packages/airflow/example_dags/tutorial.py
[2024-09-12T01:51:08.430-0300] {logging_mixin.py:190} INFO - [2024-09-12T01:51:08.430-0300] {dag.py:3229} INFO - Sync 1 DAGs
[2024-09-12T01:51:08.443-0300] {logging_mixin.py:190} INFO - [2024-09-12T01:51:08.442-0300] {dag.py:4156} INFO - Setting next_dagrun for tutorial to 2024-09-11 00:00:00+00:00, run_after=2024-09-12 00:00:00+00:00
[2024-09-12T01:51:08.458-0300] {processor.py:208} INFO - Processing /home/gabzarp/.local/lib/python3.10/site-packages/airflow/example_dags/tutorial.py took 0.047 seconds
[2024-09-12T01:51:56.276-0300] {processor.py:186} INFO - Started process (PID=8716) to work on /home/gabzarp/.local/lib/python3.10/site-packages/airflow/example_dags/tutorial.py
[2024-09-12T01:51:56.277-0300] {processor.py:914} INFO - Processing file /home/gabzarp/.local/lib/python3.10/site-packages/airflow/example_dags/tutorial.py for tasks to queue
[2024-09-12T01:51:56.278-0300] {logging_mixin.py:190} INFO - [2024-09-12T01:51:56.278-0300] {dagbag.py:587} INFO - Filling up the DagBag from /home/gabzarp/.local/lib/python3.10/site-packages/airflow/example_dags/tutorial.py
[2024-09-12T01:51:56.283-0300] {processor.py:925} INFO - DAG(s) 'tutorial' retrieved from /home/gabzarp/.local/lib/python3.10/site-packages/airflow/example_dags/tutorial.py
[2024-09-12T01:51:56.293-0300] {logging_mixin.py:190} INFO - [2024-09-12T01:51:56.293-0300] {dag.py:3229} INFO - Sync 1 DAGs
[2024-09-12T01:51:56.304-0300] {logging_mixin.py:190} INFO - [2024-09-12T01:51:56.304-0300] {dag.py:4156} INFO - Setting next_dagrun for tutorial to 2024-09-11 00:00:00+00:00, run_after=2024-09-12 00:00:00+00:00
[2024-09-12T01:51:56.318-0300] {processor.py:208} INFO - Processing /home/gabzarp/.local/lib/python3.10/site-packages/airflow/example_dags/tutorial.py took 0.046 seconds
[2024-09-12T01:52:48.725-0300] {processor.py:186} INFO - Started process (PID=9233) to work on /home/gabzarp/.local/lib/python3.10/site-packages/airflow/example_dags/tutorial.py
[2024-09-12T01:52:48.726-0300] {processor.py:914} INFO - Processing file /home/gabzarp/.local/lib/python3.10/site-packages/airflow/example_dags/tutorial.py for tasks to queue
[2024-09-12T01:52:48.727-0300] {logging_mixin.py:190} INFO - [2024-09-12T01:52:48.727-0300] {dagbag.py:587} INFO - Filling up the DagBag from /home/gabzarp/.local/lib/python3.10/site-packages/airflow/example_dags/tutorial.py
[2024-09-12T01:52:48.732-0300] {processor.py:925} INFO - DAG(s) 'tutorial' retrieved from /home/gabzarp/.local/lib/python3.10/site-packages/airflow/example_dags/tutorial.py
[2024-09-12T01:52:48.742-0300] {logging_mixin.py:190} INFO - [2024-09-12T01:52:48.742-0300] {dag.py:3229} INFO - Sync 1 DAGs
[2024-09-12T01:52:48.753-0300] {logging_mixin.py:190} INFO - [2024-09-12T01:52:48.753-0300] {dag.py:4156} INFO - Setting next_dagrun for tutorial to 2024-09-11 00:00:00+00:00, run_after=2024-09-12 00:00:00+00:00
[2024-09-12T01:52:48.767-0300] {processor.py:208} INFO - Processing /home/gabzarp/.local/lib/python3.10/site-packages/airflow/example_dags/tutorial.py took 0.046 seconds
[2024-09-12T01:53:41.445-0300] {processor.py:186} INFO - Started process (PID=9712) to work on /home/gabzarp/.local/lib/python3.10/site-packages/airflow/example_dags/tutorial.py
[2024-09-12T01:53:41.446-0300] {processor.py:914} INFO - Processing file /home/gabzarp/.local/lib/python3.10/site-packages/airflow/example_dags/tutorial.py for tasks to queue
[2024-09-12T01:53:41.447-0300] {logging_mixin.py:190} INFO - [2024-09-12T01:53:41.447-0300] {dagbag.py:587} INFO - Filling up the DagBag from /home/gabzarp/.local/lib/python3.10/site-packages/airflow/example_dags/tutorial.py
[2024-09-12T01:53:41.452-0300] {processor.py:925} INFO - DAG(s) 'tutorial' retrieved from /home/gabzarp/.local/lib/python3.10/site-packages/airflow/example_dags/tutorial.py
[2024-09-12T01:53:41.463-0300] {logging_mixin.py:190} INFO - [2024-09-12T01:53:41.462-0300] {dag.py:3229} INFO - Sync 1 DAGs
[2024-09-12T01:53:41.475-0300] {logging_mixin.py:190} INFO - [2024-09-12T01:53:41.475-0300] {dag.py:4156} INFO - Setting next_dagrun for tutorial to 2024-09-11 00:00:00+00:00, run_after=2024-09-12 00:00:00+00:00
[2024-09-12T01:53:41.525-0300] {processor.py:208} INFO - Processing /home/gabzarp/.local/lib/python3.10/site-packages/airflow/example_dags/tutorial.py took 0.083 seconds
[2024-09-12T01:54:32.049-0300] {processor.py:186} INFO - Started process (PID=10138) to work on /home/gabzarp/.local/lib/python3.10/site-packages/airflow/example_dags/tutorial.py
[2024-09-12T01:54:32.086-0300] {processor.py:914} INFO - Processing file /home/gabzarp/.local/lib/python3.10/site-packages/airflow/example_dags/tutorial.py for tasks to queue
[2024-09-12T01:54:32.087-0300] {logging_mixin.py:190} INFO - [2024-09-12T01:54:32.087-0300] {dagbag.py:587} INFO - Filling up the DagBag from /home/gabzarp/.local/lib/python3.10/site-packages/airflow/example_dags/tutorial.py
[2024-09-12T01:54:32.092-0300] {processor.py:925} INFO - DAG(s) 'tutorial' retrieved from /home/gabzarp/.local/lib/python3.10/site-packages/airflow/example_dags/tutorial.py
[2024-09-12T01:54:32.103-0300] {logging_mixin.py:190} INFO - [2024-09-12T01:54:32.103-0300] {dag.py:3229} INFO - Sync 1 DAGs
[2024-09-12T01:54:32.116-0300] {logging_mixin.py:190} INFO - [2024-09-12T01:54:32.116-0300] {dag.py:4156} INFO - Setting next_dagrun for tutorial to 2024-09-11 00:00:00+00:00, run_after=2024-09-12 00:00:00+00:00
[2024-09-12T01:54:32.187-0300] {processor.py:208} INFO - Processing /home/gabzarp/.local/lib/python3.10/site-packages/airflow/example_dags/tutorial.py took 0.141 seconds
[2024-09-12T01:55:24.897-0300] {processor.py:186} INFO - Started process (PID=10555) to work on /home/gabzarp/.local/lib/python3.10/site-packages/airflow/example_dags/tutorial.py
[2024-09-12T01:55:24.898-0300] {processor.py:914} INFO - Processing file /home/gabzarp/.local/lib/python3.10/site-packages/airflow/example_dags/tutorial.py for tasks to queue
[2024-09-12T01:55:24.899-0300] {logging_mixin.py:190} INFO - [2024-09-12T01:55:24.898-0300] {dagbag.py:587} INFO - Filling up the DagBag from /home/gabzarp/.local/lib/python3.10/site-packages/airflow/example_dags/tutorial.py
[2024-09-12T01:55:24.904-0300] {processor.py:925} INFO - DAG(s) 'tutorial' retrieved from /home/gabzarp/.local/lib/python3.10/site-packages/airflow/example_dags/tutorial.py
[2024-09-12T01:55:24.915-0300] {logging_mixin.py:190} INFO - [2024-09-12T01:55:24.914-0300] {dag.py:3229} INFO - Sync 1 DAGs
[2024-09-12T01:55:24.928-0300] {logging_mixin.py:190} INFO - [2024-09-12T01:55:24.928-0300] {dag.py:4156} INFO - Setting next_dagrun for tutorial to 2024-09-11 00:00:00+00:00, run_after=2024-09-12 00:00:00+00:00
[2024-09-12T01:55:24.981-0300] {processor.py:208} INFO - Processing /home/gabzarp/.local/lib/python3.10/site-packages/airflow/example_dags/tutorial.py took 0.088 seconds
[2024-09-12T01:56:21.381-0300] {processor.py:186} INFO - Started process (PID=11023) to work on /home/gabzarp/.local/lib/python3.10/site-packages/airflow/example_dags/tutorial.py
[2024-09-12T01:56:21.382-0300] {processor.py:914} INFO - Processing file /home/gabzarp/.local/lib/python3.10/site-packages/airflow/example_dags/tutorial.py for tasks to queue
[2024-09-12T01:56:21.383-0300] {logging_mixin.py:190} INFO - [2024-09-12T01:56:21.383-0300] {dagbag.py:587} INFO - Filling up the DagBag from /home/gabzarp/.local/lib/python3.10/site-packages/airflow/example_dags/tutorial.py
[2024-09-12T01:56:21.388-0300] {processor.py:925} INFO - DAG(s) 'tutorial' retrieved from /home/gabzarp/.local/lib/python3.10/site-packages/airflow/example_dags/tutorial.py
[2024-09-12T01:56:21.398-0300] {logging_mixin.py:190} INFO - [2024-09-12T01:56:21.398-0300] {dag.py:3229} INFO - Sync 1 DAGs
[2024-09-12T01:56:21.409-0300] {logging_mixin.py:190} INFO - [2024-09-12T01:56:21.409-0300] {dag.py:4156} INFO - Setting next_dagrun for tutorial to 2024-09-11 00:00:00+00:00, run_after=2024-09-12 00:00:00+00:00
[2024-09-12T01:56:21.423-0300] {processor.py:208} INFO - Processing /home/gabzarp/.local/lib/python3.10/site-packages/airflow/example_dags/tutorial.py took 0.045 seconds
[2024-09-12T01:57:15.778-0300] {processor.py:186} INFO - Started process (PID=11506) to work on /home/gabzarp/.local/lib/python3.10/site-packages/airflow/example_dags/tutorial.py
[2024-09-12T01:57:15.779-0300] {processor.py:914} INFO - Processing file /home/gabzarp/.local/lib/python3.10/site-packages/airflow/example_dags/tutorial.py for tasks to queue
[2024-09-12T01:57:15.780-0300] {logging_mixin.py:190} INFO - [2024-09-12T01:57:15.779-0300] {dagbag.py:587} INFO - Filling up the DagBag from /home/gabzarp/.local/lib/python3.10/site-packages/airflow/example_dags/tutorial.py
[2024-09-12T01:57:15.786-0300] {processor.py:925} INFO - DAG(s) 'tutorial' retrieved from /home/gabzarp/.local/lib/python3.10/site-packages/airflow/example_dags/tutorial.py
[2024-09-12T01:57:15.798-0300] {logging_mixin.py:190} INFO - [2024-09-12T01:57:15.798-0300] {dag.py:3229} INFO - Sync 1 DAGs
[2024-09-12T01:57:15.814-0300] {logging_mixin.py:190} INFO - [2024-09-12T01:57:15.814-0300] {dag.py:4156} INFO - Setting next_dagrun for tutorial to 2024-09-11 00:00:00+00:00, run_after=2024-09-12 00:00:00+00:00
[2024-09-12T01:57:15.839-0300] {processor.py:208} INFO - Processing /home/gabzarp/.local/lib/python3.10/site-packages/airflow/example_dags/tutorial.py took 0.065 seconds
[2024-09-12T01:58:09.076-0300] {processor.py:186} INFO - Started process (PID=11926) to work on /home/gabzarp/.local/lib/python3.10/site-packages/airflow/example_dags/tutorial.py
[2024-09-12T01:58:09.077-0300] {processor.py:914} INFO - Processing file /home/gabzarp/.local/lib/python3.10/site-packages/airflow/example_dags/tutorial.py for tasks to queue
[2024-09-12T01:58:09.078-0300] {logging_mixin.py:190} INFO - [2024-09-12T01:58:09.078-0300] {dagbag.py:587} INFO - Filling up the DagBag from /home/gabzarp/.local/lib/python3.10/site-packages/airflow/example_dags/tutorial.py
[2024-09-12T01:58:09.083-0300] {processor.py:925} INFO - DAG(s) 'tutorial' retrieved from /home/gabzarp/.local/lib/python3.10/site-packages/airflow/example_dags/tutorial.py
[2024-09-12T01:58:09.095-0300] {logging_mixin.py:190} INFO - [2024-09-12T01:58:09.094-0300] {dag.py:3229} INFO - Sync 1 DAGs
[2024-09-12T01:58:09.108-0300] {logging_mixin.py:190} INFO - [2024-09-12T01:58:09.108-0300] {dag.py:4156} INFO - Setting next_dagrun for tutorial to 2024-09-11 00:00:00+00:00, run_after=2024-09-12 00:00:00+00:00
[2024-09-12T01:58:09.124-0300] {processor.py:208} INFO - Processing /home/gabzarp/.local/lib/python3.10/site-packages/airflow/example_dags/tutorial.py took 0.051 seconds
[2024-09-12T01:59:03.226-0300] {processor.py:186} INFO - Started process (PID=12351) to work on /home/gabzarp/.local/lib/python3.10/site-packages/airflow/example_dags/tutorial.py
[2024-09-12T01:59:03.227-0300] {processor.py:914} INFO - Processing file /home/gabzarp/.local/lib/python3.10/site-packages/airflow/example_dags/tutorial.py for tasks to queue
[2024-09-12T01:59:03.228-0300] {logging_mixin.py:190} INFO - [2024-09-12T01:59:03.227-0300] {dagbag.py:587} INFO - Filling up the DagBag from /home/gabzarp/.local/lib/python3.10/site-packages/airflow/example_dags/tutorial.py
[2024-09-12T01:59:03.233-0300] {processor.py:925} INFO - DAG(s) 'tutorial' retrieved from /home/gabzarp/.local/lib/python3.10/site-packages/airflow/example_dags/tutorial.py
[2024-09-12T01:59:03.243-0300] {logging_mixin.py:190} INFO - [2024-09-12T01:59:03.243-0300] {dag.py:3229} INFO - Sync 1 DAGs
[2024-09-12T01:59:03.255-0300] {logging_mixin.py:190} INFO - [2024-09-12T01:59:03.255-0300] {dag.py:4156} INFO - Setting next_dagrun for tutorial to 2024-09-11 00:00:00+00:00, run_after=2024-09-12 00:00:00+00:00
[2024-09-12T01:59:03.270-0300] {processor.py:208} INFO - Processing /home/gabzarp/.local/lib/python3.10/site-packages/airflow/example_dags/tutorial.py took 0.047 seconds
[2024-09-12T01:59:53.610-0300] {processor.py:186} INFO - Started process (PID=12770) to work on /home/gabzarp/.local/lib/python3.10/site-packages/airflow/example_dags/tutorial.py
[2024-09-12T01:59:53.610-0300] {processor.py:914} INFO - Processing file /home/gabzarp/.local/lib/python3.10/site-packages/airflow/example_dags/tutorial.py for tasks to queue
[2024-09-12T01:59:53.611-0300] {logging_mixin.py:190} INFO - [2024-09-12T01:59:53.611-0300] {dagbag.py:587} INFO - Filling up the DagBag from /home/gabzarp/.local/lib/python3.10/site-packages/airflow/example_dags/tutorial.py
[2024-09-12T01:59:53.616-0300] {processor.py:925} INFO - DAG(s) 'tutorial' retrieved from /home/gabzarp/.local/lib/python3.10/site-packages/airflow/example_dags/tutorial.py
[2024-09-12T01:59:53.626-0300] {logging_mixin.py:190} INFO - [2024-09-12T01:59:53.626-0300] {dag.py:3229} INFO - Sync 1 DAGs
[2024-09-12T01:59:53.639-0300] {logging_mixin.py:190} INFO - [2024-09-12T01:59:53.638-0300] {dag.py:4156} INFO - Setting next_dagrun for tutorial to 2024-09-11 00:00:00+00:00, run_after=2024-09-12 00:00:00+00:00
[2024-09-12T01:59:53.654-0300] {processor.py:208} INFO - Processing /home/gabzarp/.local/lib/python3.10/site-packages/airflow/example_dags/tutorial.py took 0.048 seconds
[2024-09-12T02:00:44.923-0300] {processor.py:186} INFO - Started process (PID=13275) to work on /home/gabzarp/.local/lib/python3.10/site-packages/airflow/example_dags/tutorial.py
[2024-09-12T02:00:44.924-0300] {processor.py:914} INFO - Processing file /home/gabzarp/.local/lib/python3.10/site-packages/airflow/example_dags/tutorial.py for tasks to queue
[2024-09-12T02:00:44.925-0300] {logging_mixin.py:190} INFO - [2024-09-12T02:00:44.925-0300] {dagbag.py:587} INFO - Filling up the DagBag from /home/gabzarp/.local/lib/python3.10/site-packages/airflow/example_dags/tutorial.py
[2024-09-12T02:00:44.930-0300] {processor.py:925} INFO - DAG(s) 'tutorial' retrieved from /home/gabzarp/.local/lib/python3.10/site-packages/airflow/example_dags/tutorial.py
[2024-09-12T02:00:44.940-0300] {logging_mixin.py:190} INFO - [2024-09-12T02:00:44.939-0300] {dag.py:3229} INFO - Sync 1 DAGs
[2024-09-12T02:00:44.952-0300] {logging_mixin.py:190} INFO - [2024-09-12T02:00:44.951-0300] {dag.py:4156} INFO - Setting next_dagrun for tutorial to 2024-09-11 00:00:00+00:00, run_after=2024-09-12 00:00:00+00:00
[2024-09-12T02:00:44.966-0300] {processor.py:208} INFO - Processing /home/gabzarp/.local/lib/python3.10/site-packages/airflow/example_dags/tutorial.py took 0.047 seconds
[2024-09-12T02:01:36.294-0300] {processor.py:186} INFO - Started process (PID=13712) to work on /home/gabzarp/.local/lib/python3.10/site-packages/airflow/example_dags/tutorial.py
[2024-09-12T02:01:36.295-0300] {processor.py:914} INFO - Processing file /home/gabzarp/.local/lib/python3.10/site-packages/airflow/example_dags/tutorial.py for tasks to queue
[2024-09-12T02:01:36.295-0300] {logging_mixin.py:190} INFO - [2024-09-12T02:01:36.295-0300] {dagbag.py:587} INFO - Filling up the DagBag from /home/gabzarp/.local/lib/python3.10/site-packages/airflow/example_dags/tutorial.py
[2024-09-12T02:01:36.300-0300] {processor.py:925} INFO - DAG(s) 'tutorial' retrieved from /home/gabzarp/.local/lib/python3.10/site-packages/airflow/example_dags/tutorial.py
[2024-09-12T02:01:36.310-0300] {logging_mixin.py:190} INFO - [2024-09-12T02:01:36.310-0300] {dag.py:3229} INFO - Sync 1 DAGs
[2024-09-12T02:01:36.322-0300] {logging_mixin.py:190} INFO - [2024-09-12T02:01:36.322-0300] {dag.py:4156} INFO - Setting next_dagrun for tutorial to 2024-09-11 00:00:00+00:00, run_after=2024-09-12 00:00:00+00:00
[2024-09-12T02:01:36.337-0300] {processor.py:208} INFO - Processing /home/gabzarp/.local/lib/python3.10/site-packages/airflow/example_dags/tutorial.py took 0.048 seconds
[2024-09-12T02:02:22.584-0300] {processor.py:186} INFO - Started process (PID=14116) to work on /home/gabzarp/.local/lib/python3.10/site-packages/airflow/example_dags/tutorial.py
[2024-09-12T02:02:22.585-0300] {processor.py:914} INFO - Processing file /home/gabzarp/.local/lib/python3.10/site-packages/airflow/example_dags/tutorial.py for tasks to queue
[2024-09-12T02:02:22.587-0300] {logging_mixin.py:190} INFO - [2024-09-12T02:02:22.586-0300] {dagbag.py:587} INFO - Filling up the DagBag from /home/gabzarp/.local/lib/python3.10/site-packages/airflow/example_dags/tutorial.py
[2024-09-12T02:02:22.592-0300] {processor.py:925} INFO - DAG(s) 'tutorial' retrieved from /home/gabzarp/.local/lib/python3.10/site-packages/airflow/example_dags/tutorial.py
[2024-09-12T02:02:22.603-0300] {logging_mixin.py:190} INFO - [2024-09-12T02:02:22.603-0300] {dag.py:3229} INFO - Sync 1 DAGs
[2024-09-12T02:02:22.615-0300] {logging_mixin.py:190} INFO - [2024-09-12T02:02:22.615-0300] {dag.py:4156} INFO - Setting next_dagrun for tutorial to 2024-09-11 00:00:00+00:00, run_after=2024-09-12 00:00:00+00:00
[2024-09-12T02:02:22.629-0300] {processor.py:208} INFO - Processing /home/gabzarp/.local/lib/python3.10/site-packages/airflow/example_dags/tutorial.py took 0.049 seconds
[2024-09-12T02:03:12.206-0300] {processor.py:186} INFO - Started process (PID=14516) to work on /home/gabzarp/.local/lib/python3.10/site-packages/airflow/example_dags/tutorial.py
[2024-09-12T02:03:12.207-0300] {processor.py:914} INFO - Processing file /home/gabzarp/.local/lib/python3.10/site-packages/airflow/example_dags/tutorial.py for tasks to queue
[2024-09-12T02:03:12.208-0300] {logging_mixin.py:190} INFO - [2024-09-12T02:03:12.208-0300] {dagbag.py:587} INFO - Filling up the DagBag from /home/gabzarp/.local/lib/python3.10/site-packages/airflow/example_dags/tutorial.py
[2024-09-12T02:03:12.213-0300] {processor.py:925} INFO - DAG(s) 'tutorial' retrieved from /home/gabzarp/.local/lib/python3.10/site-packages/airflow/example_dags/tutorial.py
[2024-09-12T02:03:12.222-0300] {logging_mixin.py:190} INFO - [2024-09-12T02:03:12.222-0300] {dag.py:3229} INFO - Sync 1 DAGs
[2024-09-12T02:03:12.233-0300] {logging_mixin.py:190} INFO - [2024-09-12T02:03:12.233-0300] {dag.py:4156} INFO - Setting next_dagrun for tutorial to 2024-09-11 00:00:00+00:00, run_after=2024-09-12 00:00:00+00:00
[2024-09-12T02:03:12.247-0300] {processor.py:208} INFO - Processing /home/gabzarp/.local/lib/python3.10/site-packages/airflow/example_dags/tutorial.py took 0.044 seconds
[2024-09-12T02:04:03.178-0300] {processor.py:186} INFO - Started process (PID=14919) to work on /home/gabzarp/.local/lib/python3.10/site-packages/airflow/example_dags/tutorial.py
[2024-09-12T02:04:03.179-0300] {processor.py:914} INFO - Processing file /home/gabzarp/.local/lib/python3.10/site-packages/airflow/example_dags/tutorial.py for tasks to queue
[2024-09-12T02:04:03.180-0300] {logging_mixin.py:190} INFO - [2024-09-12T02:04:03.180-0300] {dagbag.py:587} INFO - Filling up the DagBag from /home/gabzarp/.local/lib/python3.10/site-packages/airflow/example_dags/tutorial.py
[2024-09-12T02:04:03.185-0300] {processor.py:925} INFO - DAG(s) 'tutorial' retrieved from /home/gabzarp/.local/lib/python3.10/site-packages/airflow/example_dags/tutorial.py
[2024-09-12T02:04:03.195-0300] {logging_mixin.py:190} INFO - [2024-09-12T02:04:03.195-0300] {dag.py:3229} INFO - Sync 1 DAGs
[2024-09-12T02:04:03.207-0300] {logging_mixin.py:190} INFO - [2024-09-12T02:04:03.207-0300] {dag.py:4156} INFO - Setting next_dagrun for tutorial to 2024-09-11 00:00:00+00:00, run_after=2024-09-12 00:00:00+00:00
[2024-09-12T02:04:03.223-0300] {processor.py:208} INFO - Processing /home/gabzarp/.local/lib/python3.10/site-packages/airflow/example_dags/tutorial.py took 0.049 seconds
[2024-09-12T02:04:56.841-0300] {processor.py:186} INFO - Started process (PID=15343) to work on /home/gabzarp/.local/lib/python3.10/site-packages/airflow/example_dags/tutorial.py
[2024-09-12T02:04:56.842-0300] {processor.py:914} INFO - Processing file /home/gabzarp/.local/lib/python3.10/site-packages/airflow/example_dags/tutorial.py for tasks to queue
[2024-09-12T02:04:56.843-0300] {logging_mixin.py:190} INFO - [2024-09-12T02:04:56.843-0300] {dagbag.py:587} INFO - Filling up the DagBag from /home/gabzarp/.local/lib/python3.10/site-packages/airflow/example_dags/tutorial.py
[2024-09-12T02:04:56.848-0300] {processor.py:925} INFO - DAG(s) 'tutorial' retrieved from /home/gabzarp/.local/lib/python3.10/site-packages/airflow/example_dags/tutorial.py
[2024-09-12T02:04:56.858-0300] {logging_mixin.py:190} INFO - [2024-09-12T02:04:56.857-0300] {dag.py:3229} INFO - Sync 1 DAGs
[2024-09-12T02:04:56.870-0300] {logging_mixin.py:190} INFO - [2024-09-12T02:04:56.869-0300] {dag.py:4156} INFO - Setting next_dagrun for tutorial to 2024-09-11 00:00:00+00:00, run_after=2024-09-12 00:00:00+00:00
[2024-09-12T02:04:56.884-0300] {processor.py:208} INFO - Processing /home/gabzarp/.local/lib/python3.10/site-packages/airflow/example_dags/tutorial.py took 0.046 seconds
[2024-09-12T02:05:50.234-0300] {processor.py:186} INFO - Started process (PID=15763) to work on /home/gabzarp/.local/lib/python3.10/site-packages/airflow/example_dags/tutorial.py
[2024-09-12T02:05:50.237-0300] {processor.py:914} INFO - Processing file /home/gabzarp/.local/lib/python3.10/site-packages/airflow/example_dags/tutorial.py for tasks to queue
[2024-09-12T02:05:50.237-0300] {logging_mixin.py:190} INFO - [2024-09-12T02:05:50.237-0300] {dagbag.py:587} INFO - Filling up the DagBag from /home/gabzarp/.local/lib/python3.10/site-packages/airflow/example_dags/tutorial.py
[2024-09-12T02:05:50.243-0300] {processor.py:925} INFO - DAG(s) 'tutorial' retrieved from /home/gabzarp/.local/lib/python3.10/site-packages/airflow/example_dags/tutorial.py
[2024-09-12T02:05:50.254-0300] {logging_mixin.py:190} INFO - [2024-09-12T02:05:50.254-0300] {dag.py:3229} INFO - Sync 1 DAGs
[2024-09-12T02:05:50.272-0300] {logging_mixin.py:190} INFO - [2024-09-12T02:05:50.271-0300] {dag.py:4156} INFO - Setting next_dagrun for tutorial to 2024-09-11 00:00:00+00:00, run_after=2024-09-12 00:00:00+00:00
[2024-09-12T02:05:50.344-0300] {processor.py:208} INFO - Processing /home/gabzarp/.local/lib/python3.10/site-packages/airflow/example_dags/tutorial.py took 0.115 seconds
[2024-09-12T02:06:42.040-0300] {processor.py:186} INFO - Started process (PID=16177) to work on /home/gabzarp/.local/lib/python3.10/site-packages/airflow/example_dags/tutorial.py
[2024-09-12T02:06:42.042-0300] {processor.py:914} INFO - Processing file /home/gabzarp/.local/lib/python3.10/site-packages/airflow/example_dags/tutorial.py for tasks to queue
[2024-09-12T02:06:42.042-0300] {logging_mixin.py:190} INFO - [2024-09-12T02:06:42.042-0300] {dagbag.py:587} INFO - Filling up the DagBag from /home/gabzarp/.local/lib/python3.10/site-packages/airflow/example_dags/tutorial.py
[2024-09-12T02:06:42.051-0300] {processor.py:925} INFO - DAG(s) 'tutorial' retrieved from /home/gabzarp/.local/lib/python3.10/site-packages/airflow/example_dags/tutorial.py
[2024-09-12T02:06:42.067-0300] {logging_mixin.py:190} INFO - [2024-09-12T02:06:42.066-0300] {dag.py:3229} INFO - Sync 1 DAGs
[2024-09-12T02:06:42.085-0300] {logging_mixin.py:190} INFO - [2024-09-12T02:06:42.085-0300] {dag.py:4156} INFO - Setting next_dagrun for tutorial to 2024-09-11 00:00:00+00:00, run_after=2024-09-12 00:00:00+00:00
[2024-09-12T02:06:42.102-0300] {processor.py:208} INFO - Processing /home/gabzarp/.local/lib/python3.10/site-packages/airflow/example_dags/tutorial.py took 0.068 seconds
[2024-09-12T02:07:28.136-0300] {processor.py:186} INFO - Started process (PID=16540) to work on /home/gabzarp/.local/lib/python3.10/site-packages/airflow/example_dags/tutorial.py
[2024-09-12T02:07:28.137-0300] {processor.py:914} INFO - Processing file /home/gabzarp/.local/lib/python3.10/site-packages/airflow/example_dags/tutorial.py for tasks to queue
[2024-09-12T02:07:28.137-0300] {logging_mixin.py:190} INFO - [2024-09-12T02:07:28.137-0300] {dagbag.py:587} INFO - Filling up the DagBag from /home/gabzarp/.local/lib/python3.10/site-packages/airflow/example_dags/tutorial.py
[2024-09-12T02:07:28.142-0300] {processor.py:925} INFO - DAG(s) 'tutorial' retrieved from /home/gabzarp/.local/lib/python3.10/site-packages/airflow/example_dags/tutorial.py
[2024-09-12T02:07:28.152-0300] {logging_mixin.py:190} INFO - [2024-09-12T02:07:28.151-0300] {dag.py:3229} INFO - Sync 1 DAGs
[2024-09-12T02:07:28.164-0300] {logging_mixin.py:190} INFO - [2024-09-12T02:07:28.164-0300] {dag.py:4156} INFO - Setting next_dagrun for tutorial to 2024-09-11 00:00:00+00:00, run_after=2024-09-12 00:00:00+00:00
[2024-09-12T02:07:28.178-0300] {processor.py:208} INFO - Processing /home/gabzarp/.local/lib/python3.10/site-packages/airflow/example_dags/tutorial.py took 0.046 seconds
[2024-09-12T02:08:19.488-0300] {processor.py:186} INFO - Started process (PID=16944) to work on /home/gabzarp/.local/lib/python3.10/site-packages/airflow/example_dags/tutorial.py
[2024-09-12T02:08:19.489-0300] {processor.py:914} INFO - Processing file /home/gabzarp/.local/lib/python3.10/site-packages/airflow/example_dags/tutorial.py for tasks to queue
[2024-09-12T02:08:19.490-0300] {logging_mixin.py:190} INFO - [2024-09-12T02:08:19.490-0300] {dagbag.py:587} INFO - Filling up the DagBag from /home/gabzarp/.local/lib/python3.10/site-packages/airflow/example_dags/tutorial.py
[2024-09-12T02:08:19.496-0300] {processor.py:925} INFO - DAG(s) 'tutorial' retrieved from /home/gabzarp/.local/lib/python3.10/site-packages/airflow/example_dags/tutorial.py
[2024-09-12T02:08:19.507-0300] {logging_mixin.py:190} INFO - [2024-09-12T02:08:19.507-0300] {dag.py:3229} INFO - Sync 1 DAGs
[2024-09-12T02:08:19.521-0300] {logging_mixin.py:190} INFO - [2024-09-12T02:08:19.521-0300] {dag.py:4156} INFO - Setting next_dagrun for tutorial to 2024-09-11 00:00:00+00:00, run_after=2024-09-12 00:00:00+00:00
[2024-09-12T02:08:19.537-0300] {processor.py:208} INFO - Processing /home/gabzarp/.local/lib/python3.10/site-packages/airflow/example_dags/tutorial.py took 0.053 seconds
[2024-09-12T02:09:09.761-0300] {processor.py:186} INFO - Started process (PID=17344) to work on /home/gabzarp/.local/lib/python3.10/site-packages/airflow/example_dags/tutorial.py
[2024-09-12T02:09:09.762-0300] {processor.py:914} INFO - Processing file /home/gabzarp/.local/lib/python3.10/site-packages/airflow/example_dags/tutorial.py for tasks to queue
[2024-09-12T02:09:09.763-0300] {logging_mixin.py:190} INFO - [2024-09-12T02:09:09.762-0300] {dagbag.py:587} INFO - Filling up the DagBag from /home/gabzarp/.local/lib/python3.10/site-packages/airflow/example_dags/tutorial.py
[2024-09-12T02:09:09.770-0300] {processor.py:925} INFO - DAG(s) 'tutorial' retrieved from /home/gabzarp/.local/lib/python3.10/site-packages/airflow/example_dags/tutorial.py
[2024-09-12T02:09:09.783-0300] {logging_mixin.py:190} INFO - [2024-09-12T02:09:09.783-0300] {dag.py:3229} INFO - Sync 1 DAGs
[2024-09-12T02:09:09.797-0300] {logging_mixin.py:190} INFO - [2024-09-12T02:09:09.796-0300] {dag.py:4156} INFO - Setting next_dagrun for tutorial to 2024-09-11 00:00:00+00:00, run_after=2024-09-12 00:00:00+00:00
[2024-09-12T02:09:09.812-0300] {processor.py:208} INFO - Processing /home/gabzarp/.local/lib/python3.10/site-packages/airflow/example_dags/tutorial.py took 0.056 seconds
[2024-09-12T02:10:03.759-0300] {processor.py:186} INFO - Started process (PID=17922) to work on /home/gabzarp/.local/lib/python3.10/site-packages/airflow/example_dags/tutorial.py
[2024-09-12T02:10:07.915-0300] {processor.py:914} INFO - Processing file /home/gabzarp/.local/lib/python3.10/site-packages/airflow/example_dags/tutorial.py for tasks to queue
[2024-09-12T02:10:07.916-0300] {logging_mixin.py:190} INFO - [2024-09-12T02:10:07.915-0300] {dagbag.py:587} INFO - Filling up the DagBag from /home/gabzarp/.local/lib/python3.10/site-packages/airflow/example_dags/tutorial.py
[2024-09-12T02:10:07.922-0300] {processor.py:925} INFO - DAG(s) 'tutorial' retrieved from /home/gabzarp/.local/lib/python3.10/site-packages/airflow/example_dags/tutorial.py
[2024-09-12T02:10:07.936-0300] {logging_mixin.py:190} INFO - [2024-09-12T02:10:07.935-0300] {dag.py:3229} INFO - Sync 1 DAGs
[2024-09-12T02:10:07.948-0300] {logging_mixin.py:190} INFO - [2024-09-12T02:10:07.948-0300] {dag.py:4156} INFO - Setting next_dagrun for tutorial to 2024-09-11 00:00:00+00:00, run_after=2024-09-12 00:00:00+00:00
[2024-09-12T02:10:08.076-0300] {processor.py:208} INFO - Processing /home/gabzarp/.local/lib/python3.10/site-packages/airflow/example_dags/tutorial.py took 4.323 seconds
