[2024-09-12T01:39:26.049-0300] {processor.py:186} INFO - Started process (PID=2556) to work on /home/gabzarp/.local/lib/python3.10/site-packages/airflow/example_dags/tutorial_dag.py
[2024-09-12T01:39:26.049-0300] {processor.py:914} INFO - Processing file /home/gabzarp/.local/lib/python3.10/site-packages/airflow/example_dags/tutorial_dag.py for tasks to queue
[2024-09-12T01:39:26.051-0300] {logging_mixin.py:190} INFO - [2024-09-12T01:39:26.051-0300] {dagbag.py:587} INFO - Filling up the DagBag from /home/gabzarp/.local/lib/python3.10/site-packages/airflow/example_dags/tutorial_dag.py
[2024-09-12T01:39:26.058-0300] {processor.py:925} INFO - DAG(s) 'tutorial_dag' retrieved from /home/gabzarp/.local/lib/python3.10/site-packages/airflow/example_dags/tutorial_dag.py
[2024-09-12T01:39:26.135-0300] {logging_mixin.py:190} INFO - [2024-09-12T01:39:26.134-0300] {override.py:1900} INFO - Created Permission View: can edit on DAG:tutorial_dag
[2024-09-12T01:39:26.145-0300] {logging_mixin.py:190} INFO - [2024-09-12T01:39:26.144-0300] {override.py:1900} INFO - Created Permission View: can read on DAG:tutorial_dag
[2024-09-12T01:39:26.153-0300] {logging_mixin.py:190} INFO - [2024-09-12T01:39:26.153-0300] {override.py:1900} INFO - Created Permission View: can delete on DAG:tutorial_dag
[2024-09-12T01:39:26.168-0300] {logging_mixin.py:190} INFO - [2024-09-12T01:39:26.167-0300] {override.py:1900} INFO - Created Permission View: can read on DAG Run:tutorial_dag
[2024-09-12T01:39:26.175-0300] {logging_mixin.py:190} INFO - [2024-09-12T01:39:26.175-0300] {override.py:1900} INFO - Created Permission View: can create on DAG Run:tutorial_dag
[2024-09-12T01:39:26.183-0300] {logging_mixin.py:190} INFO - [2024-09-12T01:39:26.183-0300] {override.py:1900} INFO - Created Permission View: menu access on DAG Run:tutorial_dag
[2024-09-12T01:39:26.191-0300] {logging_mixin.py:190} INFO - [2024-09-12T01:39:26.191-0300] {override.py:1900} INFO - Created Permission View: can delete on DAG Run:tutorial_dag
[2024-09-12T01:39:26.191-0300] {logging_mixin.py:190} INFO - [2024-09-12T01:39:26.191-0300] {dag.py:3229} INFO - Sync 1 DAGs
[2024-09-12T01:39:26.199-0300] {logging_mixin.py:190} INFO - [2024-09-12T01:39:26.199-0300] {dag.py:3252} INFO - Creating ORM DAG for tutorial_dag
[2024-09-12T01:39:26.200-0300] {logging_mixin.py:190} INFO - [2024-09-12T01:39:26.200-0300] {dag.py:4156} INFO - Setting next_dagrun for tutorial_dag to None, run_after=None
[2024-09-12T01:39:26.216-0300] {processor.py:208} INFO - Processing /home/gabzarp/.local/lib/python3.10/site-packages/airflow/example_dags/tutorial_dag.py took 0.170 seconds
[2024-09-12T01:40:24.075-0300] {processor.py:186} INFO - Started process (PID=2844) to work on /home/gabzarp/.local/lib/python3.10/site-packages/airflow/example_dags/tutorial_dag.py
[2024-09-12T01:40:24.076-0300] {processor.py:914} INFO - Processing file /home/gabzarp/.local/lib/python3.10/site-packages/airflow/example_dags/tutorial_dag.py for tasks to queue
[2024-09-12T01:40:24.077-0300] {logging_mixin.py:190} INFO - [2024-09-12T01:40:24.077-0300] {dagbag.py:587} INFO - Filling up the DagBag from /home/gabzarp/.local/lib/python3.10/site-packages/airflow/example_dags/tutorial_dag.py
[2024-09-12T01:40:24.082-0300] {processor.py:925} INFO - DAG(s) 'tutorial_dag' retrieved from /home/gabzarp/.local/lib/python3.10/site-packages/airflow/example_dags/tutorial_dag.py
[2024-09-12T01:40:24.092-0300] {logging_mixin.py:190} INFO - [2024-09-12T01:40:24.092-0300] {dag.py:3229} INFO - Sync 1 DAGs
[2024-09-12T01:40:24.100-0300] {logging_mixin.py:190} INFO - [2024-09-12T01:40:24.100-0300] {dag.py:4156} INFO - Setting next_dagrun for tutorial_dag to None, run_after=None
[2024-09-12T01:40:24.116-0300] {processor.py:208} INFO - Processing /home/gabzarp/.local/lib/python3.10/site-packages/airflow/example_dags/tutorial_dag.py took 0.045 seconds
[2024-09-12T01:41:15.836-0300] {processor.py:186} INFO - Started process (PID=3187) to work on /home/gabzarp/.local/lib/python3.10/site-packages/airflow/example_dags/tutorial_dag.py
[2024-09-12T01:41:15.837-0300] {processor.py:914} INFO - Processing file /home/gabzarp/.local/lib/python3.10/site-packages/airflow/example_dags/tutorial_dag.py for tasks to queue
[2024-09-12T01:41:15.838-0300] {logging_mixin.py:190} INFO - [2024-09-12T01:41:15.838-0300] {dagbag.py:587} INFO - Filling up the DagBag from /home/gabzarp/.local/lib/python3.10/site-packages/airflow/example_dags/tutorial_dag.py
[2024-09-12T01:41:15.843-0300] {processor.py:925} INFO - DAG(s) 'tutorial_dag' retrieved from /home/gabzarp/.local/lib/python3.10/site-packages/airflow/example_dags/tutorial_dag.py
[2024-09-12T01:41:15.853-0300] {logging_mixin.py:190} INFO - [2024-09-12T01:41:15.852-0300] {dag.py:3229} INFO - Sync 1 DAGs
[2024-09-12T01:41:15.861-0300] {logging_mixin.py:190} INFO - [2024-09-12T01:41:15.861-0300] {dag.py:4156} INFO - Setting next_dagrun for tutorial_dag to None, run_after=None
[2024-09-12T01:41:15.875-0300] {processor.py:208} INFO - Processing /home/gabzarp/.local/lib/python3.10/site-packages/airflow/example_dags/tutorial_dag.py took 0.043 seconds
[2024-09-12T01:42:06.792-0300] {processor.py:186} INFO - Started process (PID=3443) to work on /home/gabzarp/.local/lib/python3.10/site-packages/airflow/example_dags/tutorial_dag.py
[2024-09-12T01:42:06.793-0300] {processor.py:914} INFO - Processing file /home/gabzarp/.local/lib/python3.10/site-packages/airflow/example_dags/tutorial_dag.py for tasks to queue
[2024-09-12T01:42:06.794-0300] {logging_mixin.py:190} INFO - [2024-09-12T01:42:06.793-0300] {dagbag.py:587} INFO - Filling up the DagBag from /home/gabzarp/.local/lib/python3.10/site-packages/airflow/example_dags/tutorial_dag.py
[2024-09-12T01:42:06.798-0300] {processor.py:925} INFO - DAG(s) 'tutorial_dag' retrieved from /home/gabzarp/.local/lib/python3.10/site-packages/airflow/example_dags/tutorial_dag.py
[2024-09-12T01:42:06.807-0300] {logging_mixin.py:190} INFO - [2024-09-12T01:42:06.807-0300] {dag.py:3229} INFO - Sync 1 DAGs
[2024-09-12T01:42:06.817-0300] {logging_mixin.py:190} INFO - [2024-09-12T01:42:06.817-0300] {dag.py:4156} INFO - Setting next_dagrun for tutorial_dag to None, run_after=None
[2024-09-12T01:42:06.834-0300] {processor.py:208} INFO - Processing /home/gabzarp/.local/lib/python3.10/site-packages/airflow/example_dags/tutorial_dag.py took 0.046 seconds
[2024-09-12T01:42:56.717-0300] {processor.py:186} INFO - Started process (PID=3695) to work on /home/gabzarp/.local/lib/python3.10/site-packages/airflow/example_dags/tutorial_dag.py
[2024-09-12T01:42:56.718-0300] {processor.py:914} INFO - Processing file /home/gabzarp/.local/lib/python3.10/site-packages/airflow/example_dags/tutorial_dag.py for tasks to queue
[2024-09-12T01:42:56.720-0300] {logging_mixin.py:190} INFO - [2024-09-12T01:42:56.719-0300] {dagbag.py:587} INFO - Filling up the DagBag from /home/gabzarp/.local/lib/python3.10/site-packages/airflow/example_dags/tutorial_dag.py
[2024-09-12T01:42:56.724-0300] {processor.py:925} INFO - DAG(s) 'tutorial_dag' retrieved from /home/gabzarp/.local/lib/python3.10/site-packages/airflow/example_dags/tutorial_dag.py
[2024-09-12T01:42:56.733-0300] {logging_mixin.py:190} INFO - [2024-09-12T01:42:56.733-0300] {dag.py:3229} INFO - Sync 1 DAGs
[2024-09-12T01:42:56.741-0300] {logging_mixin.py:190} INFO - [2024-09-12T01:42:56.741-0300] {dag.py:4156} INFO - Setting next_dagrun for tutorial_dag to None, run_after=None
[2024-09-12T01:42:56.754-0300] {processor.py:208} INFO - Processing /home/gabzarp/.local/lib/python3.10/site-packages/airflow/example_dags/tutorial_dag.py took 0.040 seconds
[2024-09-12T01:43:44.637-0300] {processor.py:186} INFO - Started process (PID=3963) to work on /home/gabzarp/.local/lib/python3.10/site-packages/airflow/example_dags/tutorial_dag.py
[2024-09-12T01:43:44.638-0300] {processor.py:914} INFO - Processing file /home/gabzarp/.local/lib/python3.10/site-packages/airflow/example_dags/tutorial_dag.py for tasks to queue
[2024-09-12T01:43:44.639-0300] {logging_mixin.py:190} INFO - [2024-09-12T01:43:44.639-0300] {dagbag.py:587} INFO - Filling up the DagBag from /home/gabzarp/.local/lib/python3.10/site-packages/airflow/example_dags/tutorial_dag.py
[2024-09-12T01:43:44.644-0300] {processor.py:925} INFO - DAG(s) 'tutorial_dag' retrieved from /home/gabzarp/.local/lib/python3.10/site-packages/airflow/example_dags/tutorial_dag.py
[2024-09-12T01:43:44.655-0300] {logging_mixin.py:190} INFO - [2024-09-12T01:43:44.655-0300] {dag.py:3229} INFO - Sync 1 DAGs
[2024-09-12T01:43:44.664-0300] {logging_mixin.py:190} INFO - [2024-09-12T01:43:44.664-0300] {dag.py:4156} INFO - Setting next_dagrun for tutorial_dag to None, run_after=None
[2024-09-12T01:43:44.682-0300] {processor.py:208} INFO - Processing /home/gabzarp/.local/lib/python3.10/site-packages/airflow/example_dags/tutorial_dag.py took 0.049 seconds
[2024-09-12T01:44:40.892-0300] {processor.py:186} INFO - Started process (PID=4879) to work on /home/gabzarp/.local/lib/python3.10/site-packages/airflow/example_dags/tutorial_dag.py
[2024-09-12T01:44:40.893-0300] {processor.py:914} INFO - Processing file /home/gabzarp/.local/lib/python3.10/site-packages/airflow/example_dags/tutorial_dag.py for tasks to queue
[2024-09-12T01:44:40.894-0300] {logging_mixin.py:190} INFO - [2024-09-12T01:44:40.894-0300] {dagbag.py:587} INFO - Filling up the DagBag from /home/gabzarp/.local/lib/python3.10/site-packages/airflow/example_dags/tutorial_dag.py
[2024-09-12T01:44:40.898-0300] {processor.py:925} INFO - DAG(s) 'tutorial_dag' retrieved from /home/gabzarp/.local/lib/python3.10/site-packages/airflow/example_dags/tutorial_dag.py
[2024-09-12T01:44:40.908-0300] {logging_mixin.py:190} INFO - [2024-09-12T01:44:40.908-0300] {dag.py:3229} INFO - Sync 1 DAGs
[2024-09-12T01:44:40.916-0300] {logging_mixin.py:190} INFO - [2024-09-12T01:44:40.916-0300] {dag.py:4156} INFO - Setting next_dagrun for tutorial_dag to None, run_after=None
[2024-09-12T01:44:40.931-0300] {processor.py:208} INFO - Processing /home/gabzarp/.local/lib/python3.10/site-packages/airflow/example_dags/tutorial_dag.py took 0.043 seconds
[2024-09-12T01:45:27.889-0300] {processor.py:186} INFO - Started process (PID=5254) to work on /home/gabzarp/.local/lib/python3.10/site-packages/airflow/example_dags/tutorial_dag.py
[2024-09-12T01:45:27.890-0300] {processor.py:914} INFO - Processing file /home/gabzarp/.local/lib/python3.10/site-packages/airflow/example_dags/tutorial_dag.py for tasks to queue
[2024-09-12T01:45:27.892-0300] {logging_mixin.py:190} INFO - [2024-09-12T01:45:27.891-0300] {dagbag.py:587} INFO - Filling up the DagBag from /home/gabzarp/.local/lib/python3.10/site-packages/airflow/example_dags/tutorial_dag.py
[2024-09-12T01:45:27.898-0300] {processor.py:925} INFO - DAG(s) 'tutorial_dag' retrieved from /home/gabzarp/.local/lib/python3.10/site-packages/airflow/example_dags/tutorial_dag.py
[2024-09-12T01:45:27.910-0300] {logging_mixin.py:190} INFO - [2024-09-12T01:45:27.910-0300] {dag.py:3229} INFO - Sync 1 DAGs
[2024-09-12T01:45:27.919-0300] {logging_mixin.py:190} INFO - [2024-09-12T01:45:27.919-0300] {dag.py:4156} INFO - Setting next_dagrun for tutorial_dag to None, run_after=None
[2024-09-12T01:45:27.934-0300] {processor.py:208} INFO - Processing /home/gabzarp/.local/lib/python3.10/site-packages/airflow/example_dags/tutorial_dag.py took 0.048 seconds
[2024-09-12T01:46:18.632-0300] {processor.py:186} INFO - Started process (PID=5665) to work on /home/gabzarp/.local/lib/python3.10/site-packages/airflow/example_dags/tutorial_dag.py
[2024-09-12T01:46:18.633-0300] {processor.py:914} INFO - Processing file /home/gabzarp/.local/lib/python3.10/site-packages/airflow/example_dags/tutorial_dag.py for tasks to queue
[2024-09-12T01:46:18.634-0300] {logging_mixin.py:190} INFO - [2024-09-12T01:46:18.634-0300] {dagbag.py:587} INFO - Filling up the DagBag from /home/gabzarp/.local/lib/python3.10/site-packages/airflow/example_dags/tutorial_dag.py
[2024-09-12T01:46:18.639-0300] {processor.py:925} INFO - DAG(s) 'tutorial_dag' retrieved from /home/gabzarp/.local/lib/python3.10/site-packages/airflow/example_dags/tutorial_dag.py
[2024-09-12T01:46:18.649-0300] {logging_mixin.py:190} INFO - [2024-09-12T01:46:18.649-0300] {dag.py:3229} INFO - Sync 1 DAGs
[2024-09-12T01:46:18.657-0300] {logging_mixin.py:190} INFO - [2024-09-12T01:46:18.657-0300] {dag.py:4156} INFO - Setting next_dagrun for tutorial_dag to None, run_after=None
[2024-09-12T01:46:18.673-0300] {processor.py:208} INFO - Processing /home/gabzarp/.local/lib/python3.10/site-packages/airflow/example_dags/tutorial_dag.py took 0.045 seconds
[2024-09-12T01:47:08.078-0300] {processor.py:186} INFO - Started process (PID=6058) to work on /home/gabzarp/.local/lib/python3.10/site-packages/airflow/example_dags/tutorial_dag.py
[2024-09-12T01:47:08.079-0300] {processor.py:914} INFO - Processing file /home/gabzarp/.local/lib/python3.10/site-packages/airflow/example_dags/tutorial_dag.py for tasks to queue
[2024-09-12T01:47:08.081-0300] {logging_mixin.py:190} INFO - [2024-09-12T01:47:08.080-0300] {dagbag.py:587} INFO - Filling up the DagBag from /home/gabzarp/.local/lib/python3.10/site-packages/airflow/example_dags/tutorial_dag.py
[2024-09-12T01:47:08.085-0300] {processor.py:925} INFO - DAG(s) 'tutorial_dag' retrieved from /home/gabzarp/.local/lib/python3.10/site-packages/airflow/example_dags/tutorial_dag.py
[2024-09-12T01:47:08.096-0300] {logging_mixin.py:190} INFO - [2024-09-12T01:47:08.096-0300] {dag.py:3229} INFO - Sync 1 DAGs
[2024-09-12T01:47:08.104-0300] {logging_mixin.py:190} INFO - [2024-09-12T01:47:08.104-0300] {dag.py:4156} INFO - Setting next_dagrun for tutorial_dag to None, run_after=None
[2024-09-12T01:47:08.123-0300] {processor.py:208} INFO - Processing /home/gabzarp/.local/lib/python3.10/site-packages/airflow/example_dags/tutorial_dag.py took 0.049 seconds
[2024-09-12T01:47:55.146-0300] {processor.py:186} INFO - Started process (PID=6435) to work on /home/gabzarp/.local/lib/python3.10/site-packages/airflow/example_dags/tutorial_dag.py
[2024-09-12T01:47:55.147-0300] {processor.py:914} INFO - Processing file /home/gabzarp/.local/lib/python3.10/site-packages/airflow/example_dags/tutorial_dag.py for tasks to queue
[2024-09-12T01:47:55.148-0300] {logging_mixin.py:190} INFO - [2024-09-12T01:47:55.148-0300] {dagbag.py:587} INFO - Filling up the DagBag from /home/gabzarp/.local/lib/python3.10/site-packages/airflow/example_dags/tutorial_dag.py
[2024-09-12T01:47:55.152-0300] {processor.py:925} INFO - DAG(s) 'tutorial_dag' retrieved from /home/gabzarp/.local/lib/python3.10/site-packages/airflow/example_dags/tutorial_dag.py
[2024-09-12T01:47:55.162-0300] {logging_mixin.py:190} INFO - [2024-09-12T01:47:55.162-0300] {dag.py:3229} INFO - Sync 1 DAGs
[2024-09-12T01:47:55.169-0300] {logging_mixin.py:190} INFO - [2024-09-12T01:47:55.169-0300] {dag.py:4156} INFO - Setting next_dagrun for tutorial_dag to None, run_after=None
[2024-09-12T01:47:55.185-0300] {processor.py:208} INFO - Processing /home/gabzarp/.local/lib/python3.10/site-packages/airflow/example_dags/tutorial_dag.py took 0.043 seconds
[2024-09-12T01:48:45.726-0300] {processor.py:186} INFO - Started process (PID=6977) to work on /home/gabzarp/.local/lib/python3.10/site-packages/airflow/example_dags/tutorial_dag.py
[2024-09-12T01:48:45.727-0300] {processor.py:914} INFO - Processing file /home/gabzarp/.local/lib/python3.10/site-packages/airflow/example_dags/tutorial_dag.py for tasks to queue
[2024-09-12T01:48:45.729-0300] {logging_mixin.py:190} INFO - [2024-09-12T01:48:45.728-0300] {dagbag.py:587} INFO - Filling up the DagBag from /home/gabzarp/.local/lib/python3.10/site-packages/airflow/example_dags/tutorial_dag.py
[2024-09-12T01:48:45.734-0300] {processor.py:925} INFO - DAG(s) 'tutorial_dag' retrieved from /home/gabzarp/.local/lib/python3.10/site-packages/airflow/example_dags/tutorial_dag.py
[2024-09-12T01:48:45.744-0300] {logging_mixin.py:190} INFO - [2024-09-12T01:48:45.744-0300] {dag.py:3229} INFO - Sync 1 DAGs
[2024-09-12T01:48:45.752-0300] {logging_mixin.py:190} INFO - [2024-09-12T01:48:45.752-0300] {dag.py:4156} INFO - Setting next_dagrun for tutorial_dag to None, run_after=None
[2024-09-12T01:48:45.768-0300] {processor.py:208} INFO - Processing /home/gabzarp/.local/lib/python3.10/site-packages/airflow/example_dags/tutorial_dag.py took 0.045 seconds
[2024-09-12T01:49:35.952-0300] {processor.py:186} INFO - Started process (PID=7371) to work on /home/gabzarp/.local/lib/python3.10/site-packages/airflow/example_dags/tutorial_dag.py
[2024-09-12T01:49:35.953-0300] {processor.py:914} INFO - Processing file /home/gabzarp/.local/lib/python3.10/site-packages/airflow/example_dags/tutorial_dag.py for tasks to queue
[2024-09-12T01:49:35.954-0300] {logging_mixin.py:190} INFO - [2024-09-12T01:49:35.953-0300] {dagbag.py:587} INFO - Filling up the DagBag from /home/gabzarp/.local/lib/python3.10/site-packages/airflow/example_dags/tutorial_dag.py
[2024-09-12T01:49:35.960-0300] {processor.py:925} INFO - DAG(s) 'tutorial_dag' retrieved from /home/gabzarp/.local/lib/python3.10/site-packages/airflow/example_dags/tutorial_dag.py
[2024-09-12T01:49:35.971-0300] {logging_mixin.py:190} INFO - [2024-09-12T01:49:35.970-0300] {dag.py:3229} INFO - Sync 1 DAGs
[2024-09-12T01:49:35.979-0300] {logging_mixin.py:190} INFO - [2024-09-12T01:49:35.979-0300] {dag.py:4156} INFO - Setting next_dagrun for tutorial_dag to None, run_after=None
[2024-09-12T01:49:35.995-0300] {processor.py:208} INFO - Processing /home/gabzarp/.local/lib/python3.10/site-packages/airflow/example_dags/tutorial_dag.py took 0.047 seconds
[2024-09-12T01:50:25.701-0300] {processor.py:186} INFO - Started process (PID=7856) to work on /home/gabzarp/.local/lib/python3.10/site-packages/airflow/example_dags/tutorial_dag.py
[2024-09-12T01:50:25.702-0300] {processor.py:914} INFO - Processing file /home/gabzarp/.local/lib/python3.10/site-packages/airflow/example_dags/tutorial_dag.py for tasks to queue
[2024-09-12T01:50:25.703-0300] {logging_mixin.py:190} INFO - [2024-09-12T01:50:25.702-0300] {dagbag.py:587} INFO - Filling up the DagBag from /home/gabzarp/.local/lib/python3.10/site-packages/airflow/example_dags/tutorial_dag.py
[2024-09-12T01:50:25.708-0300] {processor.py:925} INFO - DAG(s) 'tutorial_dag' retrieved from /home/gabzarp/.local/lib/python3.10/site-packages/airflow/example_dags/tutorial_dag.py
[2024-09-12T01:50:25.718-0300] {logging_mixin.py:190} INFO - [2024-09-12T01:50:25.718-0300] {dag.py:3229} INFO - Sync 1 DAGs
[2024-09-12T01:50:25.727-0300] {logging_mixin.py:190} INFO - [2024-09-12T01:50:25.727-0300] {dag.py:4156} INFO - Setting next_dagrun for tutorial_dag to None, run_after=None
[2024-09-12T01:50:25.742-0300] {processor.py:208} INFO - Processing /home/gabzarp/.local/lib/python3.10/site-packages/airflow/example_dags/tutorial_dag.py took 0.045 seconds
[2024-09-12T01:51:14.861-0300] {processor.py:186} INFO - Started process (PID=8271) to work on /home/gabzarp/.local/lib/python3.10/site-packages/airflow/example_dags/tutorial_dag.py
[2024-09-12T01:51:14.862-0300] {processor.py:914} INFO - Processing file /home/gabzarp/.local/lib/python3.10/site-packages/airflow/example_dags/tutorial_dag.py for tasks to queue
[2024-09-12T01:51:14.863-0300] {logging_mixin.py:190} INFO - [2024-09-12T01:51:14.862-0300] {dagbag.py:587} INFO - Filling up the DagBag from /home/gabzarp/.local/lib/python3.10/site-packages/airflow/example_dags/tutorial_dag.py
[2024-09-12T01:51:14.868-0300] {processor.py:925} INFO - DAG(s) 'tutorial_dag' retrieved from /home/gabzarp/.local/lib/python3.10/site-packages/airflow/example_dags/tutorial_dag.py
[2024-09-12T01:51:14.878-0300] {logging_mixin.py:190} INFO - [2024-09-12T01:51:14.878-0300] {dag.py:3229} INFO - Sync 1 DAGs
[2024-09-12T01:51:14.888-0300] {logging_mixin.py:190} INFO - [2024-09-12T01:51:14.888-0300] {dag.py:4156} INFO - Setting next_dagrun for tutorial_dag to None, run_after=None
[2024-09-12T01:51:14.906-0300] {processor.py:208} INFO - Processing /home/gabzarp/.local/lib/python3.10/site-packages/airflow/example_dags/tutorial_dag.py took 0.049 seconds
[2024-09-12T01:52:03.616-0300] {processor.py:186} INFO - Started process (PID=8773) to work on /home/gabzarp/.local/lib/python3.10/site-packages/airflow/example_dags/tutorial_dag.py
[2024-09-12T01:52:03.617-0300] {processor.py:914} INFO - Processing file /home/gabzarp/.local/lib/python3.10/site-packages/airflow/example_dags/tutorial_dag.py for tasks to queue
[2024-09-12T01:52:03.618-0300] {logging_mixin.py:190} INFO - [2024-09-12T01:52:03.618-0300] {dagbag.py:587} INFO - Filling up the DagBag from /home/gabzarp/.local/lib/python3.10/site-packages/airflow/example_dags/tutorial_dag.py
[2024-09-12T01:52:03.622-0300] {processor.py:925} INFO - DAG(s) 'tutorial_dag' retrieved from /home/gabzarp/.local/lib/python3.10/site-packages/airflow/example_dags/tutorial_dag.py
[2024-09-12T01:52:03.632-0300] {logging_mixin.py:190} INFO - [2024-09-12T01:52:03.632-0300] {dag.py:3229} INFO - Sync 1 DAGs
[2024-09-12T01:52:03.639-0300] {logging_mixin.py:190} INFO - [2024-09-12T01:52:03.639-0300] {dag.py:4156} INFO - Setting next_dagrun for tutorial_dag to None, run_after=None
[2024-09-12T01:52:03.654-0300] {processor.py:208} INFO - Processing /home/gabzarp/.local/lib/python3.10/site-packages/airflow/example_dags/tutorial_dag.py took 0.041 seconds
[2024-09-12T01:52:56.137-0300] {processor.py:186} INFO - Started process (PID=9322) to work on /home/gabzarp/.local/lib/python3.10/site-packages/airflow/example_dags/tutorial_dag.py
[2024-09-12T01:52:56.138-0300] {processor.py:914} INFO - Processing file /home/gabzarp/.local/lib/python3.10/site-packages/airflow/example_dags/tutorial_dag.py for tasks to queue
[2024-09-12T01:52:56.139-0300] {logging_mixin.py:190} INFO - [2024-09-12T01:52:56.138-0300] {dagbag.py:587} INFO - Filling up the DagBag from /home/gabzarp/.local/lib/python3.10/site-packages/airflow/example_dags/tutorial_dag.py
[2024-09-12T01:52:56.144-0300] {processor.py:925} INFO - DAG(s) 'tutorial_dag' retrieved from /home/gabzarp/.local/lib/python3.10/site-packages/airflow/example_dags/tutorial_dag.py
[2024-09-12T01:52:56.154-0300] {logging_mixin.py:190} INFO - [2024-09-12T01:52:56.154-0300] {dag.py:3229} INFO - Sync 1 DAGs
[2024-09-12T01:52:56.163-0300] {logging_mixin.py:190} INFO - [2024-09-12T01:52:56.163-0300] {dag.py:4156} INFO - Setting next_dagrun for tutorial_dag to None, run_after=None
[2024-09-12T01:52:56.179-0300] {processor.py:208} INFO - Processing /home/gabzarp/.local/lib/python3.10/site-packages/airflow/example_dags/tutorial_dag.py took 0.046 seconds
[2024-09-12T01:53:48.079-0300] {processor.py:186} INFO - Started process (PID=9778) to work on /home/gabzarp/.local/lib/python3.10/site-packages/airflow/example_dags/tutorial_dag.py
[2024-09-12T01:53:48.080-0300] {processor.py:914} INFO - Processing file /home/gabzarp/.local/lib/python3.10/site-packages/airflow/example_dags/tutorial_dag.py for tasks to queue
[2024-09-12T01:53:48.081-0300] {logging_mixin.py:190} INFO - [2024-09-12T01:53:48.081-0300] {dagbag.py:587} INFO - Filling up the DagBag from /home/gabzarp/.local/lib/python3.10/site-packages/airflow/example_dags/tutorial_dag.py
[2024-09-12T01:53:48.086-0300] {processor.py:925} INFO - DAG(s) 'tutorial_dag' retrieved from /home/gabzarp/.local/lib/python3.10/site-packages/airflow/example_dags/tutorial_dag.py
[2024-09-12T01:53:48.095-0300] {logging_mixin.py:190} INFO - [2024-09-12T01:53:48.095-0300] {dag.py:3229} INFO - Sync 1 DAGs
[2024-09-12T01:53:48.102-0300] {logging_mixin.py:190} INFO - [2024-09-12T01:53:48.102-0300] {dag.py:4156} INFO - Setting next_dagrun for tutorial_dag to None, run_after=None
[2024-09-12T01:53:48.117-0300] {processor.py:208} INFO - Processing /home/gabzarp/.local/lib/python3.10/site-packages/airflow/example_dags/tutorial_dag.py took 0.041 seconds
[2024-09-12T01:54:39.213-0300] {processor.py:186} INFO - Started process (PID=10191) to work on /home/gabzarp/.local/lib/python3.10/site-packages/airflow/example_dags/tutorial_dag.py
[2024-09-12T01:54:39.214-0300] {processor.py:914} INFO - Processing file /home/gabzarp/.local/lib/python3.10/site-packages/airflow/example_dags/tutorial_dag.py for tasks to queue
[2024-09-12T01:54:39.215-0300] {logging_mixin.py:190} INFO - [2024-09-12T01:54:39.214-0300] {dagbag.py:587} INFO - Filling up the DagBag from /home/gabzarp/.local/lib/python3.10/site-packages/airflow/example_dags/tutorial_dag.py
[2024-09-12T01:54:39.219-0300] {processor.py:925} INFO - DAG(s) 'tutorial_dag' retrieved from /home/gabzarp/.local/lib/python3.10/site-packages/airflow/example_dags/tutorial_dag.py
[2024-09-12T01:54:39.229-0300] {logging_mixin.py:190} INFO - [2024-09-12T01:54:39.228-0300] {dag.py:3229} INFO - Sync 1 DAGs
[2024-09-12T01:54:39.236-0300] {logging_mixin.py:190} INFO - [2024-09-12T01:54:39.236-0300] {dag.py:4156} INFO - Setting next_dagrun for tutorial_dag to None, run_after=None
[2024-09-12T01:54:39.251-0300] {processor.py:208} INFO - Processing /home/gabzarp/.local/lib/python3.10/site-packages/airflow/example_dags/tutorial_dag.py took 0.041 seconds
[2024-09-12T01:55:31.631-0300] {processor.py:186} INFO - Started process (PID=10606) to work on /home/gabzarp/.local/lib/python3.10/site-packages/airflow/example_dags/tutorial_dag.py
[2024-09-12T01:55:31.632-0300] {processor.py:914} INFO - Processing file /home/gabzarp/.local/lib/python3.10/site-packages/airflow/example_dags/tutorial_dag.py for tasks to queue
[2024-09-12T01:55:31.633-0300] {logging_mixin.py:190} INFO - [2024-09-12T01:55:31.633-0300] {dagbag.py:587} INFO - Filling up the DagBag from /home/gabzarp/.local/lib/python3.10/site-packages/airflow/example_dags/tutorial_dag.py
[2024-09-12T01:55:31.638-0300] {processor.py:925} INFO - DAG(s) 'tutorial_dag' retrieved from /home/gabzarp/.local/lib/python3.10/site-packages/airflow/example_dags/tutorial_dag.py
[2024-09-12T01:55:31.647-0300] {logging_mixin.py:190} INFO - [2024-09-12T01:55:31.647-0300] {dag.py:3229} INFO - Sync 1 DAGs
[2024-09-12T01:55:31.656-0300] {logging_mixin.py:190} INFO - [2024-09-12T01:55:31.656-0300] {dag.py:4156} INFO - Setting next_dagrun for tutorial_dag to None, run_after=None
[2024-09-12T01:55:31.673-0300] {processor.py:208} INFO - Processing /home/gabzarp/.local/lib/python3.10/site-packages/airflow/example_dags/tutorial_dag.py took 0.046 seconds
[2024-09-12T01:56:27.830-0300] {processor.py:186} INFO - Started process (PID=11074) to work on /home/gabzarp/.local/lib/python3.10/site-packages/airflow/example_dags/tutorial_dag.py
[2024-09-12T01:56:27.831-0300] {processor.py:914} INFO - Processing file /home/gabzarp/.local/lib/python3.10/site-packages/airflow/example_dags/tutorial_dag.py for tasks to queue
[2024-09-12T01:56:27.832-0300] {logging_mixin.py:190} INFO - [2024-09-12T01:56:27.832-0300] {dagbag.py:587} INFO - Filling up the DagBag from /home/gabzarp/.local/lib/python3.10/site-packages/airflow/example_dags/tutorial_dag.py
[2024-09-12T01:56:27.837-0300] {processor.py:925} INFO - DAG(s) 'tutorial_dag' retrieved from /home/gabzarp/.local/lib/python3.10/site-packages/airflow/example_dags/tutorial_dag.py
[2024-09-12T01:56:27.847-0300] {logging_mixin.py:190} INFO - [2024-09-12T01:56:27.847-0300] {dag.py:3229} INFO - Sync 1 DAGs
[2024-09-12T01:56:27.855-0300] {logging_mixin.py:190} INFO - [2024-09-12T01:56:27.855-0300] {dag.py:4156} INFO - Setting next_dagrun for tutorial_dag to None, run_after=None
[2024-09-12T01:56:27.870-0300] {processor.py:208} INFO - Processing /home/gabzarp/.local/lib/python3.10/site-packages/airflow/example_dags/tutorial_dag.py took 0.044 seconds
[2024-09-12T01:57:23.171-0300] {processor.py:186} INFO - Started process (PID=11560) to work on /home/gabzarp/.local/lib/python3.10/site-packages/airflow/example_dags/tutorial_dag.py
[2024-09-12T01:57:23.172-0300] {processor.py:914} INFO - Processing file /home/gabzarp/.local/lib/python3.10/site-packages/airflow/example_dags/tutorial_dag.py for tasks to queue
[2024-09-12T01:57:23.173-0300] {logging_mixin.py:190} INFO - [2024-09-12T01:57:23.172-0300] {dagbag.py:587} INFO - Filling up the DagBag from /home/gabzarp/.local/lib/python3.10/site-packages/airflow/example_dags/tutorial_dag.py
[2024-09-12T01:57:23.177-0300] {processor.py:925} INFO - DAG(s) 'tutorial_dag' retrieved from /home/gabzarp/.local/lib/python3.10/site-packages/airflow/example_dags/tutorial_dag.py
[2024-09-12T01:57:23.187-0300] {logging_mixin.py:190} INFO - [2024-09-12T01:57:23.187-0300] {dag.py:3229} INFO - Sync 1 DAGs
[2024-09-12T01:57:23.196-0300] {logging_mixin.py:190} INFO - [2024-09-12T01:57:23.196-0300] {dag.py:4156} INFO - Setting next_dagrun for tutorial_dag to None, run_after=None
[2024-09-12T01:57:23.210-0300] {processor.py:208} INFO - Processing /home/gabzarp/.local/lib/python3.10/site-packages/airflow/example_dags/tutorial_dag.py took 0.043 seconds
[2024-09-12T01:58:16.003-0300] {processor.py:186} INFO - Started process (PID=11979) to work on /home/gabzarp/.local/lib/python3.10/site-packages/airflow/example_dags/tutorial_dag.py
[2024-09-12T01:58:16.004-0300] {processor.py:914} INFO - Processing file /home/gabzarp/.local/lib/python3.10/site-packages/airflow/example_dags/tutorial_dag.py for tasks to queue
[2024-09-12T01:58:16.005-0300] {logging_mixin.py:190} INFO - [2024-09-12T01:58:16.005-0300] {dagbag.py:587} INFO - Filling up the DagBag from /home/gabzarp/.local/lib/python3.10/site-packages/airflow/example_dags/tutorial_dag.py
[2024-09-12T01:58:16.010-0300] {processor.py:925} INFO - DAG(s) 'tutorial_dag' retrieved from /home/gabzarp/.local/lib/python3.10/site-packages/airflow/example_dags/tutorial_dag.py
[2024-09-12T01:58:16.020-0300] {logging_mixin.py:190} INFO - [2024-09-12T01:58:16.019-0300] {dag.py:3229} INFO - Sync 1 DAGs
[2024-09-12T01:58:16.028-0300] {logging_mixin.py:190} INFO - [2024-09-12T01:58:16.028-0300] {dag.py:4156} INFO - Setting next_dagrun for tutorial_dag to None, run_after=None
[2024-09-12T01:58:16.044-0300] {processor.py:208} INFO - Processing /home/gabzarp/.local/lib/python3.10/site-packages/airflow/example_dags/tutorial_dag.py took 0.044 seconds
[2024-09-12T01:59:09.494-0300] {processor.py:186} INFO - Started process (PID=12401) to work on /home/gabzarp/.local/lib/python3.10/site-packages/airflow/example_dags/tutorial_dag.py
[2024-09-12T01:59:09.495-0300] {processor.py:914} INFO - Processing file /home/gabzarp/.local/lib/python3.10/site-packages/airflow/example_dags/tutorial_dag.py for tasks to queue
[2024-09-12T01:59:09.496-0300] {logging_mixin.py:190} INFO - [2024-09-12T01:59:09.496-0300] {dagbag.py:587} INFO - Filling up the DagBag from /home/gabzarp/.local/lib/python3.10/site-packages/airflow/example_dags/tutorial_dag.py
[2024-09-12T01:59:09.501-0300] {processor.py:925} INFO - DAG(s) 'tutorial_dag' retrieved from /home/gabzarp/.local/lib/python3.10/site-packages/airflow/example_dags/tutorial_dag.py
[2024-09-12T01:59:09.510-0300] {logging_mixin.py:190} INFO - [2024-09-12T01:59:09.510-0300] {dag.py:3229} INFO - Sync 1 DAGs
[2024-09-12T01:59:09.518-0300] {logging_mixin.py:190} INFO - [2024-09-12T01:59:09.518-0300] {dag.py:4156} INFO - Setting next_dagrun for tutorial_dag to None, run_after=None
[2024-09-12T01:59:09.532-0300] {processor.py:208} INFO - Processing /home/gabzarp/.local/lib/python3.10/site-packages/airflow/example_dags/tutorial_dag.py took 0.042 seconds
[2024-09-12T02:00:00.878-0300] {processor.py:186} INFO - Started process (PID=12836) to work on /home/gabzarp/.local/lib/python3.10/site-packages/airflow/example_dags/tutorial_dag.py
[2024-09-12T02:00:00.879-0300] {processor.py:914} INFO - Processing file /home/gabzarp/.local/lib/python3.10/site-packages/airflow/example_dags/tutorial_dag.py for tasks to queue
[2024-09-12T02:00:00.880-0300] {logging_mixin.py:190} INFO - [2024-09-12T02:00:00.880-0300] {dagbag.py:587} INFO - Filling up the DagBag from /home/gabzarp/.local/lib/python3.10/site-packages/airflow/example_dags/tutorial_dag.py
[2024-09-12T02:00:00.885-0300] {processor.py:925} INFO - DAG(s) 'tutorial_dag' retrieved from /home/gabzarp/.local/lib/python3.10/site-packages/airflow/example_dags/tutorial_dag.py
[2024-09-12T02:00:00.894-0300] {logging_mixin.py:190} INFO - [2024-09-12T02:00:00.894-0300] {dag.py:3229} INFO - Sync 1 DAGs
[2024-09-12T02:00:00.902-0300] {logging_mixin.py:190} INFO - [2024-09-12T02:00:00.901-0300] {dag.py:4156} INFO - Setting next_dagrun for tutorial_dag to None, run_after=None
[2024-09-12T02:00:00.916-0300] {processor.py:208} INFO - Processing /home/gabzarp/.local/lib/python3.10/site-packages/airflow/example_dags/tutorial_dag.py took 0.041 seconds
[2024-09-12T02:00:51.200-0300] {processor.py:186} INFO - Started process (PID=13324) to work on /home/gabzarp/.local/lib/python3.10/site-packages/airflow/example_dags/tutorial_dag.py
[2024-09-12T02:00:51.201-0300] {processor.py:914} INFO - Processing file /home/gabzarp/.local/lib/python3.10/site-packages/airflow/example_dags/tutorial_dag.py for tasks to queue
[2024-09-12T02:00:51.202-0300] {logging_mixin.py:190} INFO - [2024-09-12T02:00:51.202-0300] {dagbag.py:587} INFO - Filling up the DagBag from /home/gabzarp/.local/lib/python3.10/site-packages/airflow/example_dags/tutorial_dag.py
[2024-09-12T02:00:51.207-0300] {processor.py:925} INFO - DAG(s) 'tutorial_dag' retrieved from /home/gabzarp/.local/lib/python3.10/site-packages/airflow/example_dags/tutorial_dag.py
[2024-09-12T02:00:51.216-0300] {logging_mixin.py:190} INFO - [2024-09-12T02:00:51.216-0300] {dag.py:3229} INFO - Sync 1 DAGs
[2024-09-12T02:00:51.224-0300] {logging_mixin.py:190} INFO - [2024-09-12T02:00:51.224-0300] {dag.py:4156} INFO - Setting next_dagrun for tutorial_dag to None, run_after=None
[2024-09-12T02:00:51.238-0300] {processor.py:208} INFO - Processing /home/gabzarp/.local/lib/python3.10/site-packages/airflow/example_dags/tutorial_dag.py took 0.042 seconds
[2024-09-12T02:01:42.612-0300] {processor.py:186} INFO - Started process (PID=13765) to work on /home/gabzarp/.local/lib/python3.10/site-packages/airflow/example_dags/tutorial_dag.py
[2024-09-12T02:01:42.613-0300] {processor.py:914} INFO - Processing file /home/gabzarp/.local/lib/python3.10/site-packages/airflow/example_dags/tutorial_dag.py for tasks to queue
[2024-09-12T02:01:42.614-0300] {logging_mixin.py:190} INFO - [2024-09-12T02:01:42.614-0300] {dagbag.py:587} INFO - Filling up the DagBag from /home/gabzarp/.local/lib/python3.10/site-packages/airflow/example_dags/tutorial_dag.py
[2024-09-12T02:01:42.622-0300] {processor.py:925} INFO - DAG(s) 'tutorial_dag' retrieved from /home/gabzarp/.local/lib/python3.10/site-packages/airflow/example_dags/tutorial_dag.py
[2024-09-12T02:01:42.639-0300] {logging_mixin.py:190} INFO - [2024-09-12T02:01:42.639-0300] {dag.py:3229} INFO - Sync 1 DAGs
[2024-09-12T02:01:42.657-0300] {logging_mixin.py:190} INFO - [2024-09-12T02:01:42.657-0300] {dag.py:4156} INFO - Setting next_dagrun for tutorial_dag to None, run_after=None
[2024-09-12T02:01:42.686-0300] {processor.py:208} INFO - Processing /home/gabzarp/.local/lib/python3.10/site-packages/airflow/example_dags/tutorial_dag.py took 0.078 seconds
[2024-09-12T02:02:30.002-0300] {processor.py:186} INFO - Started process (PID=14180) to work on /home/gabzarp/.local/lib/python3.10/site-packages/airflow/example_dags/tutorial_dag.py
[2024-09-12T02:02:30.003-0300] {processor.py:914} INFO - Processing file /home/gabzarp/.local/lib/python3.10/site-packages/airflow/example_dags/tutorial_dag.py for tasks to queue
[2024-09-12T02:02:30.003-0300] {logging_mixin.py:190} INFO - [2024-09-12T02:02:30.003-0300] {dagbag.py:587} INFO - Filling up the DagBag from /home/gabzarp/.local/lib/python3.10/site-packages/airflow/example_dags/tutorial_dag.py
[2024-09-12T02:02:30.009-0300] {processor.py:925} INFO - DAG(s) 'tutorial_dag' retrieved from /home/gabzarp/.local/lib/python3.10/site-packages/airflow/example_dags/tutorial_dag.py
[2024-09-12T02:02:30.021-0300] {logging_mixin.py:190} INFO - [2024-09-12T02:02:30.020-0300] {dag.py:3229} INFO - Sync 1 DAGs
[2024-09-12T02:02:30.031-0300] {logging_mixin.py:190} INFO - [2024-09-12T02:02:30.031-0300] {dag.py:4156} INFO - Setting next_dagrun for tutorial_dag to None, run_after=None
[2024-09-12T02:02:30.048-0300] {processor.py:208} INFO - Processing /home/gabzarp/.local/lib/python3.10/site-packages/airflow/example_dags/tutorial_dag.py took 0.050 seconds
[2024-09-12T02:03:18.909-0300] {processor.py:186} INFO - Started process (PID=14573) to work on /home/gabzarp/.local/lib/python3.10/site-packages/airflow/example_dags/tutorial_dag.py
[2024-09-12T02:03:18.909-0300] {processor.py:914} INFO - Processing file /home/gabzarp/.local/lib/python3.10/site-packages/airflow/example_dags/tutorial_dag.py for tasks to queue
[2024-09-12T02:03:18.910-0300] {logging_mixin.py:190} INFO - [2024-09-12T02:03:18.910-0300] {dagbag.py:587} INFO - Filling up the DagBag from /home/gabzarp/.local/lib/python3.10/site-packages/airflow/example_dags/tutorial_dag.py
[2024-09-12T02:03:18.915-0300] {processor.py:925} INFO - DAG(s) 'tutorial_dag' retrieved from /home/gabzarp/.local/lib/python3.10/site-packages/airflow/example_dags/tutorial_dag.py
[2024-09-12T02:03:18.924-0300] {logging_mixin.py:190} INFO - [2024-09-12T02:03:18.923-0300] {dag.py:3229} INFO - Sync 1 DAGs
[2024-09-12T02:03:18.931-0300] {logging_mixin.py:190} INFO - [2024-09-12T02:03:18.931-0300] {dag.py:4156} INFO - Setting next_dagrun for tutorial_dag to None, run_after=None
[2024-09-12T02:03:18.945-0300] {processor.py:208} INFO - Processing /home/gabzarp/.local/lib/python3.10/site-packages/airflow/example_dags/tutorial_dag.py took 0.040 seconds
[2024-09-12T02:04:10.584-0300] {processor.py:186} INFO - Started process (PID=14981) to work on /home/gabzarp/.local/lib/python3.10/site-packages/airflow/example_dags/tutorial_dag.py
[2024-09-12T02:04:10.585-0300] {processor.py:914} INFO - Processing file /home/gabzarp/.local/lib/python3.10/site-packages/airflow/example_dags/tutorial_dag.py for tasks to queue
[2024-09-12T02:04:10.586-0300] {logging_mixin.py:190} INFO - [2024-09-12T02:04:10.586-0300] {dagbag.py:587} INFO - Filling up the DagBag from /home/gabzarp/.local/lib/python3.10/site-packages/airflow/example_dags/tutorial_dag.py
[2024-09-12T02:04:10.592-0300] {processor.py:925} INFO - DAG(s) 'tutorial_dag' retrieved from /home/gabzarp/.local/lib/python3.10/site-packages/airflow/example_dags/tutorial_dag.py
[2024-09-12T02:04:10.602-0300] {logging_mixin.py:190} INFO - [2024-09-12T02:04:10.602-0300] {dag.py:3229} INFO - Sync 1 DAGs
[2024-09-12T02:04:10.611-0300] {logging_mixin.py:190} INFO - [2024-09-12T02:04:10.611-0300] {dag.py:4156} INFO - Setting next_dagrun for tutorial_dag to None, run_after=None
[2024-09-12T02:04:10.628-0300] {processor.py:208} INFO - Processing /home/gabzarp/.local/lib/python3.10/site-packages/airflow/example_dags/tutorial_dag.py took 0.047 seconds
[2024-09-12T02:05:03.787-0300] {processor.py:186} INFO - Started process (PID=15401) to work on /home/gabzarp/.local/lib/python3.10/site-packages/airflow/example_dags/tutorial_dag.py
[2024-09-12T02:05:03.788-0300] {processor.py:914} INFO - Processing file /home/gabzarp/.local/lib/python3.10/site-packages/airflow/example_dags/tutorial_dag.py for tasks to queue
[2024-09-12T02:05:03.789-0300] {logging_mixin.py:190} INFO - [2024-09-12T02:05:03.789-0300] {dagbag.py:587} INFO - Filling up the DagBag from /home/gabzarp/.local/lib/python3.10/site-packages/airflow/example_dags/tutorial_dag.py
[2024-09-12T02:05:03.794-0300] {processor.py:925} INFO - DAG(s) 'tutorial_dag' retrieved from /home/gabzarp/.local/lib/python3.10/site-packages/airflow/example_dags/tutorial_dag.py
[2024-09-12T02:05:03.805-0300] {logging_mixin.py:190} INFO - [2024-09-12T02:05:03.805-0300] {dag.py:3229} INFO - Sync 1 DAGs
[2024-09-12T02:05:03.813-0300] {logging_mixin.py:190} INFO - [2024-09-12T02:05:03.813-0300] {dag.py:4156} INFO - Setting next_dagrun for tutorial_dag to None, run_after=None
[2024-09-12T02:05:03.831-0300] {processor.py:208} INFO - Processing /home/gabzarp/.local/lib/python3.10/site-packages/airflow/example_dags/tutorial_dag.py took 0.049 seconds
[2024-09-12T02:05:57.928-0300] {processor.py:186} INFO - Started process (PID=15824) to work on /home/gabzarp/.local/lib/python3.10/site-packages/airflow/example_dags/tutorial_dag.py
[2024-09-12T02:05:57.929-0300] {processor.py:914} INFO - Processing file /home/gabzarp/.local/lib/python3.10/site-packages/airflow/example_dags/tutorial_dag.py for tasks to queue
[2024-09-12T02:05:57.929-0300] {logging_mixin.py:190} INFO - [2024-09-12T02:05:57.929-0300] {dagbag.py:587} INFO - Filling up the DagBag from /home/gabzarp/.local/lib/python3.10/site-packages/airflow/example_dags/tutorial_dag.py
[2024-09-12T02:05:57.934-0300] {processor.py:925} INFO - DAG(s) 'tutorial_dag' retrieved from /home/gabzarp/.local/lib/python3.10/site-packages/airflow/example_dags/tutorial_dag.py
[2024-09-12T02:05:57.943-0300] {logging_mixin.py:190} INFO - [2024-09-12T02:05:57.943-0300] {dag.py:3229} INFO - Sync 1 DAGs
[2024-09-12T02:05:57.951-0300] {logging_mixin.py:190} INFO - [2024-09-12T02:05:57.951-0300] {dag.py:4156} INFO - Setting next_dagrun for tutorial_dag to None, run_after=None
[2024-09-12T02:05:57.965-0300] {processor.py:208} INFO - Processing /home/gabzarp/.local/lib/python3.10/site-packages/airflow/example_dags/tutorial_dag.py took 0.040 seconds
[2024-09-12T02:06:49.280-0300] {processor.py:186} INFO - Started process (PID=16230) to work on /home/gabzarp/.local/lib/python3.10/site-packages/airflow/example_dags/tutorial_dag.py
[2024-09-12T02:06:49.281-0300] {processor.py:914} INFO - Processing file /home/gabzarp/.local/lib/python3.10/site-packages/airflow/example_dags/tutorial_dag.py for tasks to queue
[2024-09-12T02:06:49.282-0300] {logging_mixin.py:190} INFO - [2024-09-12T02:06:49.281-0300] {dagbag.py:587} INFO - Filling up the DagBag from /home/gabzarp/.local/lib/python3.10/site-packages/airflow/example_dags/tutorial_dag.py
[2024-09-12T02:06:49.286-0300] {processor.py:925} INFO - DAG(s) 'tutorial_dag' retrieved from /home/gabzarp/.local/lib/python3.10/site-packages/airflow/example_dags/tutorial_dag.py
[2024-09-12T02:06:49.297-0300] {logging_mixin.py:190} INFO - [2024-09-12T02:06:49.297-0300] {dag.py:3229} INFO - Sync 1 DAGs
[2024-09-12T02:06:49.305-0300] {logging_mixin.py:190} INFO - [2024-09-12T02:06:49.305-0300] {dag.py:4156} INFO - Setting next_dagrun for tutorial_dag to None, run_after=None
[2024-09-12T02:06:49.321-0300] {processor.py:208} INFO - Processing /home/gabzarp/.local/lib/python3.10/site-packages/airflow/example_dags/tutorial_dag.py took 0.045 seconds
[2024-09-12T02:07:34.960-0300] {processor.py:186} INFO - Started process (PID=16592) to work on /home/gabzarp/.local/lib/python3.10/site-packages/airflow/example_dags/tutorial_dag.py
[2024-09-12T02:07:34.961-0300] {processor.py:914} INFO - Processing file /home/gabzarp/.local/lib/python3.10/site-packages/airflow/example_dags/tutorial_dag.py for tasks to queue
[2024-09-12T02:07:34.962-0300] {logging_mixin.py:190} INFO - [2024-09-12T02:07:34.962-0300] {dagbag.py:587} INFO - Filling up the DagBag from /home/gabzarp/.local/lib/python3.10/site-packages/airflow/example_dags/tutorial_dag.py
[2024-09-12T02:07:34.967-0300] {processor.py:925} INFO - DAG(s) 'tutorial_dag' retrieved from /home/gabzarp/.local/lib/python3.10/site-packages/airflow/example_dags/tutorial_dag.py
[2024-09-12T02:07:34.979-0300] {logging_mixin.py:190} INFO - [2024-09-12T02:07:34.979-0300] {dag.py:3229} INFO - Sync 1 DAGs
[2024-09-12T02:07:34.988-0300] {logging_mixin.py:190} INFO - [2024-09-12T02:07:34.988-0300] {dag.py:4156} INFO - Setting next_dagrun for tutorial_dag to None, run_after=None
[2024-09-12T02:07:35.004-0300] {processor.py:208} INFO - Processing /home/gabzarp/.local/lib/python3.10/site-packages/airflow/example_dags/tutorial_dag.py took 0.048 seconds
[2024-09-12T02:08:25.760-0300] {processor.py:186} INFO - Started process (PID=16993) to work on /home/gabzarp/.local/lib/python3.10/site-packages/airflow/example_dags/tutorial_dag.py
[2024-09-12T02:08:25.760-0300] {processor.py:914} INFO - Processing file /home/gabzarp/.local/lib/python3.10/site-packages/airflow/example_dags/tutorial_dag.py for tasks to queue
[2024-09-12T02:08:25.761-0300] {logging_mixin.py:190} INFO - [2024-09-12T02:08:25.761-0300] {dagbag.py:587} INFO - Filling up the DagBag from /home/gabzarp/.local/lib/python3.10/site-packages/airflow/example_dags/tutorial_dag.py
[2024-09-12T02:08:25.766-0300] {processor.py:925} INFO - DAG(s) 'tutorial_dag' retrieved from /home/gabzarp/.local/lib/python3.10/site-packages/airflow/example_dags/tutorial_dag.py
[2024-09-12T02:08:25.775-0300] {logging_mixin.py:190} INFO - [2024-09-12T02:08:25.775-0300] {dag.py:3229} INFO - Sync 1 DAGs
[2024-09-12T02:08:25.783-0300] {logging_mixin.py:190} INFO - [2024-09-12T02:08:25.783-0300] {dag.py:4156} INFO - Setting next_dagrun for tutorial_dag to None, run_after=None
[2024-09-12T02:08:25.797-0300] {processor.py:208} INFO - Processing /home/gabzarp/.local/lib/python3.10/site-packages/airflow/example_dags/tutorial_dag.py took 0.041 seconds
[2024-09-12T02:09:16.366-0300] {processor.py:186} INFO - Started process (PID=17395) to work on /home/gabzarp/.local/lib/python3.10/site-packages/airflow/example_dags/tutorial_dag.py
[2024-09-12T02:09:16.367-0300] {processor.py:914} INFO - Processing file /home/gabzarp/.local/lib/python3.10/site-packages/airflow/example_dags/tutorial_dag.py for tasks to queue
[2024-09-12T02:09:16.369-0300] {logging_mixin.py:190} INFO - [2024-09-12T02:09:16.369-0300] {dagbag.py:587} INFO - Filling up the DagBag from /home/gabzarp/.local/lib/python3.10/site-packages/airflow/example_dags/tutorial_dag.py
[2024-09-12T02:09:16.374-0300] {processor.py:925} INFO - DAG(s) 'tutorial_dag' retrieved from /home/gabzarp/.local/lib/python3.10/site-packages/airflow/example_dags/tutorial_dag.py
[2024-09-12T02:09:16.385-0300] {logging_mixin.py:190} INFO - [2024-09-12T02:09:16.385-0300] {dag.py:3229} INFO - Sync 1 DAGs
[2024-09-12T02:09:16.394-0300] {logging_mixin.py:190} INFO - [2024-09-12T02:09:16.394-0300] {dag.py:4156} INFO - Setting next_dagrun for tutorial_dag to None, run_after=None
[2024-09-12T02:09:16.409-0300] {processor.py:208} INFO - Processing /home/gabzarp/.local/lib/python3.10/site-packages/airflow/example_dags/tutorial_dag.py took 0.046 seconds
