[2024-09-12T01:39:22.051-0300] {processor.py:186} INFO - Started process (PID=2537) to work on /home/gabzarp/.local/lib/python3.10/site-packages/airflow/example_dags/tutorial_taskflow_api.py
[2024-09-12T01:39:22.051-0300] {processor.py:914} INFO - Processing file /home/gabzarp/.local/lib/python3.10/site-packages/airflow/example_dags/tutorial_taskflow_api.py for tasks to queue
[2024-09-12T01:39:22.053-0300] {logging_mixin.py:190} INFO - [2024-09-12T01:39:22.052-0300] {dagbag.py:587} INFO - Filling up the DagBag from /home/gabzarp/.local/lib/python3.10/site-packages/airflow/example_dags/tutorial_taskflow_api.py
[2024-09-12T01:39:22.058-0300] {processor.py:925} INFO - DAG(s) 'tutorial_taskflow_api' retrieved from /home/gabzarp/.local/lib/python3.10/site-packages/airflow/example_dags/tutorial_taskflow_api.py
[2024-09-12T01:39:22.128-0300] {logging_mixin.py:190} INFO - [2024-09-12T01:39:22.127-0300] {override.py:1900} INFO - Created Permission View: can edit on DAG:tutorial_taskflow_api
[2024-09-12T01:39:22.142-0300] {logging_mixin.py:190} INFO - [2024-09-12T01:39:22.141-0300] {override.py:1900} INFO - Created Permission View: can read on DAG:tutorial_taskflow_api
[2024-09-12T01:39:22.159-0300] {logging_mixin.py:190} INFO - [2024-09-12T01:39:22.158-0300] {override.py:1900} INFO - Created Permission View: can delete on DAG:tutorial_taskflow_api
[2024-09-12T01:39:22.170-0300] {logging_mixin.py:190} INFO - [2024-09-12T01:39:22.169-0300] {override.py:1900} INFO - Created Permission View: can read on DAG Run:tutorial_taskflow_api
[2024-09-12T01:39:22.177-0300] {logging_mixin.py:190} INFO - [2024-09-12T01:39:22.177-0300] {override.py:1900} INFO - Created Permission View: can create on DAG Run:tutorial_taskflow_api
[2024-09-12T01:39:22.184-0300] {logging_mixin.py:190} INFO - [2024-09-12T01:39:22.184-0300] {override.py:1900} INFO - Created Permission View: menu access on DAG Run:tutorial_taskflow_api
[2024-09-12T01:39:22.191-0300] {logging_mixin.py:190} INFO - [2024-09-12T01:39:22.191-0300] {override.py:1900} INFO - Created Permission View: can delete on DAG Run:tutorial_taskflow_api
[2024-09-12T01:39:22.191-0300] {logging_mixin.py:190} INFO - [2024-09-12T01:39:22.191-0300] {dag.py:3229} INFO - Sync 1 DAGs
[2024-09-12T01:39:22.199-0300] {logging_mixin.py:190} INFO - [2024-09-12T01:39:22.199-0300] {dag.py:3252} INFO - Creating ORM DAG for tutorial_taskflow_api
[2024-09-12T01:39:22.200-0300] {logging_mixin.py:190} INFO - [2024-09-12T01:39:22.199-0300] {dag.py:4156} INFO - Setting next_dagrun for tutorial_taskflow_api to None, run_after=None
[2024-09-12T01:39:22.217-0300] {processor.py:208} INFO - Processing /home/gabzarp/.local/lib/python3.10/site-packages/airflow/example_dags/tutorial_taskflow_api.py took 0.170 seconds
[2024-09-12T01:40:20.076-0300] {processor.py:186} INFO - Started process (PID=2824) to work on /home/gabzarp/.local/lib/python3.10/site-packages/airflow/example_dags/tutorial_taskflow_api.py
[2024-09-12T01:40:20.076-0300] {processor.py:914} INFO - Processing file /home/gabzarp/.local/lib/python3.10/site-packages/airflow/example_dags/tutorial_taskflow_api.py for tasks to queue
[2024-09-12T01:40:20.078-0300] {logging_mixin.py:190} INFO - [2024-09-12T01:40:20.077-0300] {dagbag.py:587} INFO - Filling up the DagBag from /home/gabzarp/.local/lib/python3.10/site-packages/airflow/example_dags/tutorial_taskflow_api.py
[2024-09-12T01:40:20.084-0300] {processor.py:925} INFO - DAG(s) 'tutorial_taskflow_api' retrieved from /home/gabzarp/.local/lib/python3.10/site-packages/airflow/example_dags/tutorial_taskflow_api.py
[2024-09-12T01:40:20.094-0300] {logging_mixin.py:190} INFO - [2024-09-12T01:40:20.094-0300] {dag.py:3229} INFO - Sync 1 DAGs
[2024-09-12T01:40:20.103-0300] {logging_mixin.py:190} INFO - [2024-09-12T01:40:20.103-0300] {dag.py:4156} INFO - Setting next_dagrun for tutorial_taskflow_api to None, run_after=None
[2024-09-12T01:40:20.117-0300] {processor.py:208} INFO - Processing /home/gabzarp/.local/lib/python3.10/site-packages/airflow/example_dags/tutorial_taskflow_api.py took 0.046 seconds
[2024-09-12T01:41:13.699-0300] {processor.py:186} INFO - Started process (PID=3174) to work on /home/gabzarp/.local/lib/python3.10/site-packages/airflow/example_dags/tutorial_taskflow_api.py
[2024-09-12T01:41:13.700-0300] {processor.py:914} INFO - Processing file /home/gabzarp/.local/lib/python3.10/site-packages/airflow/example_dags/tutorial_taskflow_api.py for tasks to queue
[2024-09-12T01:41:13.702-0300] {logging_mixin.py:190} INFO - [2024-09-12T01:41:13.701-0300] {dagbag.py:587} INFO - Filling up the DagBag from /home/gabzarp/.local/lib/python3.10/site-packages/airflow/example_dags/tutorial_taskflow_api.py
[2024-09-12T01:41:13.706-0300] {processor.py:925} INFO - DAG(s) 'tutorial_taskflow_api' retrieved from /home/gabzarp/.local/lib/python3.10/site-packages/airflow/example_dags/tutorial_taskflow_api.py
[2024-09-12T01:41:13.716-0300] {logging_mixin.py:190} INFO - [2024-09-12T01:41:13.716-0300] {dag.py:3229} INFO - Sync 1 DAGs
[2024-09-12T01:41:13.723-0300] {logging_mixin.py:190} INFO - [2024-09-12T01:41:13.723-0300] {dag.py:4156} INFO - Setting next_dagrun for tutorial_taskflow_api to None, run_after=None
[2024-09-12T01:41:13.737-0300] {processor.py:208} INFO - Processing /home/gabzarp/.local/lib/python3.10/site-packages/airflow/example_dags/tutorial_taskflow_api.py took 0.041 seconds
[2024-09-12T01:42:02.270-0300] {processor.py:186} INFO - Started process (PID=3419) to work on /home/gabzarp/.local/lib/python3.10/site-packages/airflow/example_dags/tutorial_taskflow_api.py
[2024-09-12T01:42:02.271-0300] {processor.py:914} INFO - Processing file /home/gabzarp/.local/lib/python3.10/site-packages/airflow/example_dags/tutorial_taskflow_api.py for tasks to queue
[2024-09-12T01:42:02.272-0300] {logging_mixin.py:190} INFO - [2024-09-12T01:42:02.272-0300] {dagbag.py:587} INFO - Filling up the DagBag from /home/gabzarp/.local/lib/python3.10/site-packages/airflow/example_dags/tutorial_taskflow_api.py
[2024-09-12T01:42:02.278-0300] {processor.py:925} INFO - DAG(s) 'tutorial_taskflow_api' retrieved from /home/gabzarp/.local/lib/python3.10/site-packages/airflow/example_dags/tutorial_taskflow_api.py
[2024-09-12T01:42:02.288-0300] {logging_mixin.py:190} INFO - [2024-09-12T01:42:02.287-0300] {dag.py:3229} INFO - Sync 1 DAGs
[2024-09-12T01:42:02.295-0300] {logging_mixin.py:190} INFO - [2024-09-12T01:42:02.295-0300] {dag.py:4156} INFO - Setting next_dagrun for tutorial_taskflow_api to None, run_after=None
[2024-09-12T01:42:02.310-0300] {processor.py:208} INFO - Processing /home/gabzarp/.local/lib/python3.10/site-packages/airflow/example_dags/tutorial_taskflow_api.py took 0.043 seconds
[2024-09-12T01:42:52.427-0300] {processor.py:186} INFO - Started process (PID=3674) to work on /home/gabzarp/.local/lib/python3.10/site-packages/airflow/example_dags/tutorial_taskflow_api.py
[2024-09-12T01:42:52.428-0300] {processor.py:914} INFO - Processing file /home/gabzarp/.local/lib/python3.10/site-packages/airflow/example_dags/tutorial_taskflow_api.py for tasks to queue
[2024-09-12T01:42:52.429-0300] {logging_mixin.py:190} INFO - [2024-09-12T01:42:52.429-0300] {dagbag.py:587} INFO - Filling up the DagBag from /home/gabzarp/.local/lib/python3.10/site-packages/airflow/example_dags/tutorial_taskflow_api.py
[2024-09-12T01:42:52.434-0300] {processor.py:925} INFO - DAG(s) 'tutorial_taskflow_api' retrieved from /home/gabzarp/.local/lib/python3.10/site-packages/airflow/example_dags/tutorial_taskflow_api.py
[2024-09-12T01:42:52.443-0300] {logging_mixin.py:190} INFO - [2024-09-12T01:42:52.443-0300] {dag.py:3229} INFO - Sync 1 DAGs
[2024-09-12T01:42:52.451-0300] {logging_mixin.py:190} INFO - [2024-09-12T01:42:52.451-0300] {dag.py:4156} INFO - Setting next_dagrun for tutorial_taskflow_api to None, run_after=None
[2024-09-12T01:42:52.466-0300] {processor.py:208} INFO - Processing /home/gabzarp/.local/lib/python3.10/site-packages/airflow/example_dags/tutorial_taskflow_api.py took 0.043 seconds
[2024-09-12T01:43:39.874-0300] {processor.py:186} INFO - Started process (PID=3913) to work on /home/gabzarp/.local/lib/python3.10/site-packages/airflow/example_dags/tutorial_taskflow_api.py
[2024-09-12T01:43:39.875-0300] {processor.py:914} INFO - Processing file /home/gabzarp/.local/lib/python3.10/site-packages/airflow/example_dags/tutorial_taskflow_api.py for tasks to queue
[2024-09-12T01:43:39.876-0300] {logging_mixin.py:190} INFO - [2024-09-12T01:43:39.876-0300] {dagbag.py:587} INFO - Filling up the DagBag from /home/gabzarp/.local/lib/python3.10/site-packages/airflow/example_dags/tutorial_taskflow_api.py
[2024-09-12T01:43:39.882-0300] {processor.py:925} INFO - DAG(s) 'tutorial_taskflow_api' retrieved from /home/gabzarp/.local/lib/python3.10/site-packages/airflow/example_dags/tutorial_taskflow_api.py
[2024-09-12T01:43:39.892-0300] {logging_mixin.py:190} INFO - [2024-09-12T01:43:39.892-0300] {dag.py:3229} INFO - Sync 1 DAGs
[2024-09-12T01:43:39.902-0300] {logging_mixin.py:190} INFO - [2024-09-12T01:43:39.902-0300] {dag.py:4156} INFO - Setting next_dagrun for tutorial_taskflow_api to None, run_after=None
[2024-09-12T01:43:39.918-0300] {processor.py:208} INFO - Processing /home/gabzarp/.local/lib/python3.10/site-packages/airflow/example_dags/tutorial_taskflow_api.py took 0.048 seconds
[2024-09-12T01:44:36.987-0300] {processor.py:186} INFO - Started process (PID=4852) to work on /home/gabzarp/.local/lib/python3.10/site-packages/airflow/example_dags/tutorial_taskflow_api.py
[2024-09-12T01:44:36.988-0300] {processor.py:914} INFO - Processing file /home/gabzarp/.local/lib/python3.10/site-packages/airflow/example_dags/tutorial_taskflow_api.py for tasks to queue
[2024-09-12T01:44:36.989-0300] {logging_mixin.py:190} INFO - [2024-09-12T01:44:36.989-0300] {dagbag.py:587} INFO - Filling up the DagBag from /home/gabzarp/.local/lib/python3.10/site-packages/airflow/example_dags/tutorial_taskflow_api.py
[2024-09-12T01:44:36.994-0300] {processor.py:925} INFO - DAG(s) 'tutorial_taskflow_api' retrieved from /home/gabzarp/.local/lib/python3.10/site-packages/airflow/example_dags/tutorial_taskflow_api.py
[2024-09-12T01:44:37.004-0300] {logging_mixin.py:190} INFO - [2024-09-12T01:44:37.004-0300] {dag.py:3229} INFO - Sync 1 DAGs
[2024-09-12T01:44:37.012-0300] {logging_mixin.py:190} INFO - [2024-09-12T01:44:37.012-0300] {dag.py:4156} INFO - Setting next_dagrun for tutorial_taskflow_api to None, run_after=None
[2024-09-12T01:44:37.028-0300] {processor.py:208} INFO - Processing /home/gabzarp/.local/lib/python3.10/site-packages/airflow/example_dags/tutorial_taskflow_api.py took 0.044 seconds
[2024-09-12T01:45:24.222-0300] {processor.py:186} INFO - Started process (PID=5230) to work on /home/gabzarp/.local/lib/python3.10/site-packages/airflow/example_dags/tutorial_taskflow_api.py
[2024-09-12T01:45:24.223-0300] {processor.py:914} INFO - Processing file /home/gabzarp/.local/lib/python3.10/site-packages/airflow/example_dags/tutorial_taskflow_api.py for tasks to queue
[2024-09-12T01:45:24.224-0300] {logging_mixin.py:190} INFO - [2024-09-12T01:45:24.223-0300] {dagbag.py:587} INFO - Filling up the DagBag from /home/gabzarp/.local/lib/python3.10/site-packages/airflow/example_dags/tutorial_taskflow_api.py
[2024-09-12T01:45:24.229-0300] {processor.py:925} INFO - DAG(s) 'tutorial_taskflow_api' retrieved from /home/gabzarp/.local/lib/python3.10/site-packages/airflow/example_dags/tutorial_taskflow_api.py
[2024-09-12T01:45:24.240-0300] {logging_mixin.py:190} INFO - [2024-09-12T01:45:24.240-0300] {dag.py:3229} INFO - Sync 1 DAGs
[2024-09-12T01:45:24.247-0300] {logging_mixin.py:190} INFO - [2024-09-12T01:45:24.247-0300] {dag.py:4156} INFO - Setting next_dagrun for tutorial_taskflow_api to None, run_after=None
[2024-09-12T01:45:24.262-0300] {processor.py:208} INFO - Processing /home/gabzarp/.local/lib/python3.10/site-packages/airflow/example_dags/tutorial_taskflow_api.py took 0.044 seconds
[2024-09-12T01:46:14.833-0300] {processor.py:186} INFO - Started process (PID=5632) to work on /home/gabzarp/.local/lib/python3.10/site-packages/airflow/example_dags/tutorial_taskflow_api.py
[2024-09-12T01:46:14.834-0300] {processor.py:914} INFO - Processing file /home/gabzarp/.local/lib/python3.10/site-packages/airflow/example_dags/tutorial_taskflow_api.py for tasks to queue
[2024-09-12T01:46:14.835-0300] {logging_mixin.py:190} INFO - [2024-09-12T01:46:14.835-0300] {dagbag.py:587} INFO - Filling up the DagBag from /home/gabzarp/.local/lib/python3.10/site-packages/airflow/example_dags/tutorial_taskflow_api.py
[2024-09-12T01:46:14.841-0300] {processor.py:925} INFO - DAG(s) 'tutorial_taskflow_api' retrieved from /home/gabzarp/.local/lib/python3.10/site-packages/airflow/example_dags/tutorial_taskflow_api.py
[2024-09-12T01:46:14.853-0300] {logging_mixin.py:190} INFO - [2024-09-12T01:46:14.852-0300] {dag.py:3229} INFO - Sync 1 DAGs
[2024-09-12T01:46:14.861-0300] {logging_mixin.py:190} INFO - [2024-09-12T01:46:14.861-0300] {dag.py:4156} INFO - Setting next_dagrun for tutorial_taskflow_api to None, run_after=None
[2024-09-12T01:46:14.883-0300] {processor.py:208} INFO - Processing /home/gabzarp/.local/lib/python3.10/site-packages/airflow/example_dags/tutorial_taskflow_api.py took 0.054 seconds
[2024-09-12T01:47:05.202-0300] {processor.py:186} INFO - Started process (PID=6036) to work on /home/gabzarp/.local/lib/python3.10/site-packages/airflow/example_dags/tutorial_taskflow_api.py
[2024-09-12T01:47:05.203-0300] {processor.py:914} INFO - Processing file /home/gabzarp/.local/lib/python3.10/site-packages/airflow/example_dags/tutorial_taskflow_api.py for tasks to queue
[2024-09-12T01:47:05.205-0300] {logging_mixin.py:190} INFO - [2024-09-12T01:47:05.204-0300] {dagbag.py:587} INFO - Filling up the DagBag from /home/gabzarp/.local/lib/python3.10/site-packages/airflow/example_dags/tutorial_taskflow_api.py
[2024-09-12T01:47:05.211-0300] {processor.py:925} INFO - DAG(s) 'tutorial_taskflow_api' retrieved from /home/gabzarp/.local/lib/python3.10/site-packages/airflow/example_dags/tutorial_taskflow_api.py
[2024-09-12T01:47:05.221-0300] {logging_mixin.py:190} INFO - [2024-09-12T01:47:05.221-0300] {dag.py:3229} INFO - Sync 1 DAGs
[2024-09-12T01:47:05.229-0300] {logging_mixin.py:190} INFO - [2024-09-12T01:47:05.228-0300] {dag.py:4156} INFO - Setting next_dagrun for tutorial_taskflow_api to None, run_after=None
[2024-09-12T01:47:05.243-0300] {processor.py:208} INFO - Processing /home/gabzarp/.local/lib/python3.10/site-packages/airflow/example_dags/tutorial_taskflow_api.py took 0.045 seconds
[2024-09-12T01:47:51.427-0300] {processor.py:186} INFO - Started process (PID=6404) to work on /home/gabzarp/.local/lib/python3.10/site-packages/airflow/example_dags/tutorial_taskflow_api.py
[2024-09-12T01:47:51.428-0300] {processor.py:914} INFO - Processing file /home/gabzarp/.local/lib/python3.10/site-packages/airflow/example_dags/tutorial_taskflow_api.py for tasks to queue
[2024-09-12T01:47:51.429-0300] {logging_mixin.py:190} INFO - [2024-09-12T01:47:51.429-0300] {dagbag.py:587} INFO - Filling up the DagBag from /home/gabzarp/.local/lib/python3.10/site-packages/airflow/example_dags/tutorial_taskflow_api.py
[2024-09-12T01:47:51.435-0300] {processor.py:925} INFO - DAG(s) 'tutorial_taskflow_api' retrieved from /home/gabzarp/.local/lib/python3.10/site-packages/airflow/example_dags/tutorial_taskflow_api.py
[2024-09-12T01:47:51.444-0300] {logging_mixin.py:190} INFO - [2024-09-12T01:47:51.444-0300] {dag.py:3229} INFO - Sync 1 DAGs
[2024-09-12T01:47:51.453-0300] {logging_mixin.py:190} INFO - [2024-09-12T01:47:51.453-0300] {dag.py:4156} INFO - Setting next_dagrun for tutorial_taskflow_api to None, run_after=None
[2024-09-12T01:47:51.468-0300] {processor.py:208} INFO - Processing /home/gabzarp/.local/lib/python3.10/site-packages/airflow/example_dags/tutorial_taskflow_api.py took 0.044 seconds
[2024-09-12T01:48:41.728-0300] {processor.py:186} INFO - Started process (PID=6940) to work on /home/gabzarp/.local/lib/python3.10/site-packages/airflow/example_dags/tutorial_taskflow_api.py
[2024-09-12T01:48:41.729-0300] {processor.py:914} INFO - Processing file /home/gabzarp/.local/lib/python3.10/site-packages/airflow/example_dags/tutorial_taskflow_api.py for tasks to queue
[2024-09-12T01:48:41.732-0300] {logging_mixin.py:190} INFO - [2024-09-12T01:48:41.731-0300] {dagbag.py:587} INFO - Filling up the DagBag from /home/gabzarp/.local/lib/python3.10/site-packages/airflow/example_dags/tutorial_taskflow_api.py
[2024-09-12T01:48:41.739-0300] {processor.py:925} INFO - DAG(s) 'tutorial_taskflow_api' retrieved from /home/gabzarp/.local/lib/python3.10/site-packages/airflow/example_dags/tutorial_taskflow_api.py
[2024-09-12T01:48:41.752-0300] {logging_mixin.py:190} INFO - [2024-09-12T01:48:41.752-0300] {dag.py:3229} INFO - Sync 1 DAGs
[2024-09-12T01:48:41.760-0300] {logging_mixin.py:190} INFO - [2024-09-12T01:48:41.760-0300] {dag.py:4156} INFO - Setting next_dagrun for tutorial_taskflow_api to None, run_after=None
[2024-09-12T01:48:41.776-0300] {processor.py:208} INFO - Processing /home/gabzarp/.local/lib/python3.10/site-packages/airflow/example_dags/tutorial_taskflow_api.py took 0.054 seconds
[2024-09-12T01:49:31.955-0300] {processor.py:186} INFO - Started process (PID=7339) to work on /home/gabzarp/.local/lib/python3.10/site-packages/airflow/example_dags/tutorial_taskflow_api.py
[2024-09-12T01:49:31.956-0300] {processor.py:914} INFO - Processing file /home/gabzarp/.local/lib/python3.10/site-packages/airflow/example_dags/tutorial_taskflow_api.py for tasks to queue
[2024-09-12T01:49:31.957-0300] {logging_mixin.py:190} INFO - [2024-09-12T01:49:31.956-0300] {dagbag.py:587} INFO - Filling up the DagBag from /home/gabzarp/.local/lib/python3.10/site-packages/airflow/example_dags/tutorial_taskflow_api.py
[2024-09-12T01:49:31.962-0300] {processor.py:925} INFO - DAG(s) 'tutorial_taskflow_api' retrieved from /home/gabzarp/.local/lib/python3.10/site-packages/airflow/example_dags/tutorial_taskflow_api.py
[2024-09-12T01:49:31.973-0300] {logging_mixin.py:190} INFO - [2024-09-12T01:49:31.973-0300] {dag.py:3229} INFO - Sync 1 DAGs
[2024-09-12T01:49:31.982-0300] {logging_mixin.py:190} INFO - [2024-09-12T01:49:31.982-0300] {dag.py:4156} INFO - Setting next_dagrun for tutorial_taskflow_api to None, run_after=None
[2024-09-12T01:49:31.997-0300] {processor.py:208} INFO - Processing /home/gabzarp/.local/lib/python3.10/site-packages/airflow/example_dags/tutorial_taskflow_api.py took 0.047 seconds
[2024-09-12T01:50:21.167-0300] {processor.py:186} INFO - Started process (PID=7816) to work on /home/gabzarp/.local/lib/python3.10/site-packages/airflow/example_dags/tutorial_taskflow_api.py
[2024-09-12T01:50:21.168-0300] {processor.py:914} INFO - Processing file /home/gabzarp/.local/lib/python3.10/site-packages/airflow/example_dags/tutorial_taskflow_api.py for tasks to queue
[2024-09-12T01:50:21.169-0300] {logging_mixin.py:190} INFO - [2024-09-12T01:50:21.169-0300] {dagbag.py:587} INFO - Filling up the DagBag from /home/gabzarp/.local/lib/python3.10/site-packages/airflow/example_dags/tutorial_taskflow_api.py
[2024-09-12T01:50:21.174-0300] {processor.py:925} INFO - DAG(s) 'tutorial_taskflow_api' retrieved from /home/gabzarp/.local/lib/python3.10/site-packages/airflow/example_dags/tutorial_taskflow_api.py
[2024-09-12T01:50:21.184-0300] {logging_mixin.py:190} INFO - [2024-09-12T01:50:21.184-0300] {dag.py:3229} INFO - Sync 1 DAGs
[2024-09-12T01:50:21.192-0300] {logging_mixin.py:190} INFO - [2024-09-12T01:50:21.192-0300] {dag.py:4156} INFO - Setting next_dagrun for tutorial_taskflow_api to None, run_after=None
[2024-09-12T01:50:21.205-0300] {processor.py:208} INFO - Processing /home/gabzarp/.local/lib/python3.10/site-packages/airflow/example_dags/tutorial_taskflow_api.py took 0.041 seconds
[2024-09-12T01:51:10.853-0300] {processor.py:186} INFO - Started process (PID=8215) to work on /home/gabzarp/.local/lib/python3.10/site-packages/airflow/example_dags/tutorial_taskflow_api.py
[2024-09-12T01:51:10.854-0300] {processor.py:914} INFO - Processing file /home/gabzarp/.local/lib/python3.10/site-packages/airflow/example_dags/tutorial_taskflow_api.py for tasks to queue
[2024-09-12T01:51:10.855-0300] {logging_mixin.py:190} INFO - [2024-09-12T01:51:10.855-0300] {dagbag.py:587} INFO - Filling up the DagBag from /home/gabzarp/.local/lib/python3.10/site-packages/airflow/example_dags/tutorial_taskflow_api.py
[2024-09-12T01:51:10.862-0300] {processor.py:925} INFO - DAG(s) 'tutorial_taskflow_api' retrieved from /home/gabzarp/.local/lib/python3.10/site-packages/airflow/example_dags/tutorial_taskflow_api.py
[2024-09-12T01:51:10.871-0300] {logging_mixin.py:190} INFO - [2024-09-12T01:51:10.871-0300] {dag.py:3229} INFO - Sync 1 DAGs
[2024-09-12T01:51:10.879-0300] {logging_mixin.py:190} INFO - [2024-09-12T01:51:10.879-0300] {dag.py:4156} INFO - Setting next_dagrun for tutorial_taskflow_api to None, run_after=None
[2024-09-12T01:51:10.930-0300] {processor.py:208} INFO - Processing /home/gabzarp/.local/lib/python3.10/site-packages/airflow/example_dags/tutorial_taskflow_api.py took 0.080 seconds
[2024-09-12T01:51:59.085-0300] {processor.py:186} INFO - Started process (PID=8739) to work on /home/gabzarp/.local/lib/python3.10/site-packages/airflow/example_dags/tutorial_taskflow_api.py
[2024-09-12T01:51:59.086-0300] {processor.py:914} INFO - Processing file /home/gabzarp/.local/lib/python3.10/site-packages/airflow/example_dags/tutorial_taskflow_api.py for tasks to queue
[2024-09-12T01:51:59.087-0300] {logging_mixin.py:190} INFO - [2024-09-12T01:51:59.086-0300] {dagbag.py:587} INFO - Filling up the DagBag from /home/gabzarp/.local/lib/python3.10/site-packages/airflow/example_dags/tutorial_taskflow_api.py
[2024-09-12T01:51:59.092-0300] {processor.py:925} INFO - DAG(s) 'tutorial_taskflow_api' retrieved from /home/gabzarp/.local/lib/python3.10/site-packages/airflow/example_dags/tutorial_taskflow_api.py
[2024-09-12T01:51:59.103-0300] {logging_mixin.py:190} INFO - [2024-09-12T01:51:59.102-0300] {dag.py:3229} INFO - Sync 1 DAGs
[2024-09-12T01:51:59.111-0300] {logging_mixin.py:190} INFO - [2024-09-12T01:51:59.111-0300] {dag.py:4156} INFO - Setting next_dagrun for tutorial_taskflow_api to None, run_after=None
[2024-09-12T01:51:59.126-0300] {processor.py:208} INFO - Processing /home/gabzarp/.local/lib/python3.10/site-packages/airflow/example_dags/tutorial_taskflow_api.py took 0.045 seconds
[2024-09-12T01:52:51.596-0300] {processor.py:186} INFO - Started process (PID=9273) to work on /home/gabzarp/.local/lib/python3.10/site-packages/airflow/example_dags/tutorial_taskflow_api.py
[2024-09-12T01:52:51.597-0300] {processor.py:914} INFO - Processing file /home/gabzarp/.local/lib/python3.10/site-packages/airflow/example_dags/tutorial_taskflow_api.py for tasks to queue
[2024-09-12T01:52:51.598-0300] {logging_mixin.py:190} INFO - [2024-09-12T01:52:51.598-0300] {dagbag.py:587} INFO - Filling up the DagBag from /home/gabzarp/.local/lib/python3.10/site-packages/airflow/example_dags/tutorial_taskflow_api.py
[2024-09-12T01:52:51.606-0300] {processor.py:925} INFO - DAG(s) 'tutorial_taskflow_api' retrieved from /home/gabzarp/.local/lib/python3.10/site-packages/airflow/example_dags/tutorial_taskflow_api.py
[2024-09-12T01:52:51.621-0300] {logging_mixin.py:190} INFO - [2024-09-12T01:52:51.621-0300] {dag.py:3229} INFO - Sync 1 DAGs
[2024-09-12T01:52:51.632-0300] {logging_mixin.py:190} INFO - [2024-09-12T01:52:51.632-0300] {dag.py:4156} INFO - Setting next_dagrun for tutorial_taskflow_api to None, run_after=None
[2024-09-12T01:52:51.649-0300] {processor.py:208} INFO - Processing /home/gabzarp/.local/lib/python3.10/site-packages/airflow/example_dags/tutorial_taskflow_api.py took 0.058 seconds
[2024-09-12T01:53:44.082-0300] {processor.py:186} INFO - Started process (PID=9735) to work on /home/gabzarp/.local/lib/python3.10/site-packages/airflow/example_dags/tutorial_taskflow_api.py
[2024-09-12T01:53:44.082-0300] {processor.py:914} INFO - Processing file /home/gabzarp/.local/lib/python3.10/site-packages/airflow/example_dags/tutorial_taskflow_api.py for tasks to queue
[2024-09-12T01:53:44.083-0300] {logging_mixin.py:190} INFO - [2024-09-12T01:53:44.083-0300] {dagbag.py:587} INFO - Filling up the DagBag from /home/gabzarp/.local/lib/python3.10/site-packages/airflow/example_dags/tutorial_taskflow_api.py
[2024-09-12T01:53:44.089-0300] {processor.py:925} INFO - DAG(s) 'tutorial_taskflow_api' retrieved from /home/gabzarp/.local/lib/python3.10/site-packages/airflow/example_dags/tutorial_taskflow_api.py
[2024-09-12T01:53:44.098-0300] {logging_mixin.py:190} INFO - [2024-09-12T01:53:44.098-0300] {dag.py:3229} INFO - Sync 1 DAGs
[2024-09-12T01:53:44.107-0300] {logging_mixin.py:190} INFO - [2024-09-12T01:53:44.107-0300] {dag.py:4156} INFO - Setting next_dagrun for tutorial_taskflow_api to None, run_after=None
[2024-09-12T01:53:44.154-0300] {processor.py:208} INFO - Processing /home/gabzarp/.local/lib/python3.10/site-packages/airflow/example_dags/tutorial_taskflow_api.py took 0.076 seconds
[2024-09-12T01:54:34.685-0300] {processor.py:186} INFO - Started process (PID=10157) to work on /home/gabzarp/.local/lib/python3.10/site-packages/airflow/example_dags/tutorial_taskflow_api.py
[2024-09-12T01:54:34.686-0300] {processor.py:914} INFO - Processing file /home/gabzarp/.local/lib/python3.10/site-packages/airflow/example_dags/tutorial_taskflow_api.py for tasks to queue
[2024-09-12T01:54:34.686-0300] {logging_mixin.py:190} INFO - [2024-09-12T01:54:34.686-0300] {dagbag.py:587} INFO - Filling up the DagBag from /home/gabzarp/.local/lib/python3.10/site-packages/airflow/example_dags/tutorial_taskflow_api.py
[2024-09-12T01:54:34.691-0300] {processor.py:925} INFO - DAG(s) 'tutorial_taskflow_api' retrieved from /home/gabzarp/.local/lib/python3.10/site-packages/airflow/example_dags/tutorial_taskflow_api.py
[2024-09-12T01:54:34.700-0300] {logging_mixin.py:190} INFO - [2024-09-12T01:54:34.700-0300] {dag.py:3229} INFO - Sync 1 DAGs
[2024-09-12T01:54:34.708-0300] {logging_mixin.py:190} INFO - [2024-09-12T01:54:34.708-0300] {dag.py:4156} INFO - Setting next_dagrun for tutorial_taskflow_api to None, run_after=None
[2024-09-12T01:54:34.725-0300] {processor.py:208} INFO - Processing /home/gabzarp/.local/lib/python3.10/site-packages/airflow/example_dags/tutorial_taskflow_api.py took 0.044 seconds
[2024-09-12T01:55:28.300-0300] {processor.py:186} INFO - Started process (PID=10577) to work on /home/gabzarp/.local/lib/python3.10/site-packages/airflow/example_dags/tutorial_taskflow_api.py
[2024-09-12T01:55:28.300-0300] {processor.py:914} INFO - Processing file /home/gabzarp/.local/lib/python3.10/site-packages/airflow/example_dags/tutorial_taskflow_api.py for tasks to queue
[2024-09-12T01:55:28.301-0300] {logging_mixin.py:190} INFO - [2024-09-12T01:55:28.301-0300] {dagbag.py:587} INFO - Filling up the DagBag from /home/gabzarp/.local/lib/python3.10/site-packages/airflow/example_dags/tutorial_taskflow_api.py
[2024-09-12T01:55:28.306-0300] {processor.py:925} INFO - DAG(s) 'tutorial_taskflow_api' retrieved from /home/gabzarp/.local/lib/python3.10/site-packages/airflow/example_dags/tutorial_taskflow_api.py
[2024-09-12T01:55:28.316-0300] {logging_mixin.py:190} INFO - [2024-09-12T01:55:28.316-0300] {dag.py:3229} INFO - Sync 1 DAGs
[2024-09-12T01:55:28.324-0300] {logging_mixin.py:190} INFO - [2024-09-12T01:55:28.324-0300] {dag.py:4156} INFO - Setting next_dagrun for tutorial_taskflow_api to None, run_after=None
[2024-09-12T01:55:28.338-0300] {processor.py:208} INFO - Processing /home/gabzarp/.local/lib/python3.10/site-packages/airflow/example_dags/tutorial_taskflow_api.py took 0.042 seconds
[2024-09-12T01:56:23.831-0300] {processor.py:186} INFO - Started process (PID=11042) to work on /home/gabzarp/.local/lib/python3.10/site-packages/airflow/example_dags/tutorial_taskflow_api.py
[2024-09-12T01:56:23.833-0300] {processor.py:914} INFO - Processing file /home/gabzarp/.local/lib/python3.10/site-packages/airflow/example_dags/tutorial_taskflow_api.py for tasks to queue
[2024-09-12T01:56:23.833-0300] {logging_mixin.py:190} INFO - [2024-09-12T01:56:23.833-0300] {dagbag.py:587} INFO - Filling up the DagBag from /home/gabzarp/.local/lib/python3.10/site-packages/airflow/example_dags/tutorial_taskflow_api.py
[2024-09-12T01:56:23.839-0300] {processor.py:925} INFO - DAG(s) 'tutorial_taskflow_api' retrieved from /home/gabzarp/.local/lib/python3.10/site-packages/airflow/example_dags/tutorial_taskflow_api.py
[2024-09-12T01:56:23.851-0300] {logging_mixin.py:190} INFO - [2024-09-12T01:56:23.851-0300] {dag.py:3229} INFO - Sync 1 DAGs
[2024-09-12T01:56:23.859-0300] {logging_mixin.py:190} INFO - [2024-09-12T01:56:23.859-0300] {dag.py:4156} INFO - Setting next_dagrun for tutorial_taskflow_api to None, run_after=None
[2024-09-12T01:56:23.920-0300] {processor.py:208} INFO - Processing /home/gabzarp/.local/lib/python3.10/site-packages/airflow/example_dags/tutorial_taskflow_api.py took 0.092 seconds
[2024-09-12T01:57:19.155-0300] {processor.py:186} INFO - Started process (PID=11528) to work on /home/gabzarp/.local/lib/python3.10/site-packages/airflow/example_dags/tutorial_taskflow_api.py
[2024-09-12T01:57:19.156-0300] {processor.py:914} INFO - Processing file /home/gabzarp/.local/lib/python3.10/site-packages/airflow/example_dags/tutorial_taskflow_api.py for tasks to queue
[2024-09-12T01:57:19.157-0300] {logging_mixin.py:190} INFO - [2024-09-12T01:57:19.157-0300] {dagbag.py:587} INFO - Filling up the DagBag from /home/gabzarp/.local/lib/python3.10/site-packages/airflow/example_dags/tutorial_taskflow_api.py
[2024-09-12T01:57:19.162-0300] {processor.py:925} INFO - DAG(s) 'tutorial_taskflow_api' retrieved from /home/gabzarp/.local/lib/python3.10/site-packages/airflow/example_dags/tutorial_taskflow_api.py
[2024-09-12T01:57:19.172-0300] {logging_mixin.py:190} INFO - [2024-09-12T01:57:19.171-0300] {dag.py:3229} INFO - Sync 1 DAGs
[2024-09-12T01:57:19.180-0300] {logging_mixin.py:190} INFO - [2024-09-12T01:57:19.179-0300] {dag.py:4156} INFO - Setting next_dagrun for tutorial_taskflow_api to None, run_after=None
[2024-09-12T01:57:19.196-0300] {processor.py:208} INFO - Processing /home/gabzarp/.local/lib/python3.10/site-packages/airflow/example_dags/tutorial_taskflow_api.py took 0.045 seconds
[2024-09-12T01:58:12.005-0300] {processor.py:186} INFO - Started process (PID=11946) to work on /home/gabzarp/.local/lib/python3.10/site-packages/airflow/example_dags/tutorial_taskflow_api.py
[2024-09-12T01:58:12.006-0300] {processor.py:914} INFO - Processing file /home/gabzarp/.local/lib/python3.10/site-packages/airflow/example_dags/tutorial_taskflow_api.py for tasks to queue
[2024-09-12T01:58:12.007-0300] {logging_mixin.py:190} INFO - [2024-09-12T01:58:12.007-0300] {dagbag.py:587} INFO - Filling up the DagBag from /home/gabzarp/.local/lib/python3.10/site-packages/airflow/example_dags/tutorial_taskflow_api.py
[2024-09-12T01:58:12.014-0300] {processor.py:925} INFO - DAG(s) 'tutorial_taskflow_api' retrieved from /home/gabzarp/.local/lib/python3.10/site-packages/airflow/example_dags/tutorial_taskflow_api.py
[2024-09-12T01:58:12.027-0300] {logging_mixin.py:190} INFO - [2024-09-12T01:58:12.026-0300] {dag.py:3229} INFO - Sync 1 DAGs
[2024-09-12T01:58:12.036-0300] {logging_mixin.py:190} INFO - [2024-09-12T01:58:12.035-0300] {dag.py:4156} INFO - Setting next_dagrun for tutorial_taskflow_api to None, run_after=None
[2024-09-12T01:58:12.051-0300] {processor.py:208} INFO - Processing /home/gabzarp/.local/lib/python3.10/site-packages/airflow/example_dags/tutorial_taskflow_api.py took 0.052 seconds
[2024-09-12T01:59:05.632-0300] {processor.py:186} INFO - Started process (PID=12369) to work on /home/gabzarp/.local/lib/python3.10/site-packages/airflow/example_dags/tutorial_taskflow_api.py
[2024-09-12T01:59:05.633-0300] {processor.py:914} INFO - Processing file /home/gabzarp/.local/lib/python3.10/site-packages/airflow/example_dags/tutorial_taskflow_api.py for tasks to queue
[2024-09-12T01:59:05.634-0300] {logging_mixin.py:190} INFO - [2024-09-12T01:59:05.634-0300] {dagbag.py:587} INFO - Filling up the DagBag from /home/gabzarp/.local/lib/python3.10/site-packages/airflow/example_dags/tutorial_taskflow_api.py
[2024-09-12T01:59:05.639-0300] {processor.py:925} INFO - DAG(s) 'tutorial_taskflow_api' retrieved from /home/gabzarp/.local/lib/python3.10/site-packages/airflow/example_dags/tutorial_taskflow_api.py
[2024-09-12T01:59:05.648-0300] {logging_mixin.py:190} INFO - [2024-09-12T01:59:05.648-0300] {dag.py:3229} INFO - Sync 1 DAGs
[2024-09-12T01:59:05.657-0300] {logging_mixin.py:190} INFO - [2024-09-12T01:59:05.657-0300] {dag.py:4156} INFO - Setting next_dagrun for tutorial_taskflow_api to None, run_after=None
[2024-09-12T01:59:05.707-0300] {processor.py:208} INFO - Processing /home/gabzarp/.local/lib/python3.10/site-packages/airflow/example_dags/tutorial_taskflow_api.py took 0.078 seconds
[2024-09-12T01:59:56.408-0300] {processor.py:186} INFO - Started process (PID=12802) to work on /home/gabzarp/.local/lib/python3.10/site-packages/airflow/example_dags/tutorial_taskflow_api.py
[2024-09-12T01:59:56.408-0300] {processor.py:914} INFO - Processing file /home/gabzarp/.local/lib/python3.10/site-packages/airflow/example_dags/tutorial_taskflow_api.py for tasks to queue
[2024-09-12T01:59:56.409-0300] {logging_mixin.py:190} INFO - [2024-09-12T01:59:56.409-0300] {dagbag.py:587} INFO - Filling up the DagBag from /home/gabzarp/.local/lib/python3.10/site-packages/airflow/example_dags/tutorial_taskflow_api.py
[2024-09-12T01:59:56.414-0300] {processor.py:925} INFO - DAG(s) 'tutorial_taskflow_api' retrieved from /home/gabzarp/.local/lib/python3.10/site-packages/airflow/example_dags/tutorial_taskflow_api.py
[2024-09-12T01:59:56.424-0300] {logging_mixin.py:190} INFO - [2024-09-12T01:59:56.423-0300] {dag.py:3229} INFO - Sync 1 DAGs
[2024-09-12T01:59:56.431-0300] {logging_mixin.py:190} INFO - [2024-09-12T01:59:56.431-0300] {dag.py:4156} INFO - Setting next_dagrun for tutorial_taskflow_api to None, run_after=None
[2024-09-12T01:59:56.446-0300] {processor.py:208} INFO - Processing /home/gabzarp/.local/lib/python3.10/site-packages/airflow/example_dags/tutorial_taskflow_api.py took 0.042 seconds
[2024-09-12T02:00:47.408-0300] {processor.py:186} INFO - Started process (PID=13293) to work on /home/gabzarp/.local/lib/python3.10/site-packages/airflow/example_dags/tutorial_taskflow_api.py
[2024-09-12T02:00:47.409-0300] {processor.py:914} INFO - Processing file /home/gabzarp/.local/lib/python3.10/site-packages/airflow/example_dags/tutorial_taskflow_api.py for tasks to queue
[2024-09-12T02:00:47.410-0300] {logging_mixin.py:190} INFO - [2024-09-12T02:00:47.410-0300] {dagbag.py:587} INFO - Filling up the DagBag from /home/gabzarp/.local/lib/python3.10/site-packages/airflow/example_dags/tutorial_taskflow_api.py
[2024-09-12T02:00:47.415-0300] {processor.py:925} INFO - DAG(s) 'tutorial_taskflow_api' retrieved from /home/gabzarp/.local/lib/python3.10/site-packages/airflow/example_dags/tutorial_taskflow_api.py
[2024-09-12T02:00:47.424-0300] {logging_mixin.py:190} INFO - [2024-09-12T02:00:47.424-0300] {dag.py:3229} INFO - Sync 1 DAGs
[2024-09-12T02:00:47.432-0300] {logging_mixin.py:190} INFO - [2024-09-12T02:00:47.432-0300] {dag.py:4156} INFO - Setting next_dagrun for tutorial_taskflow_api to None, run_after=None
[2024-09-12T02:00:47.447-0300] {processor.py:208} INFO - Processing /home/gabzarp/.local/lib/python3.10/site-packages/airflow/example_dags/tutorial_taskflow_api.py took 0.042 seconds
[2024-09-12T02:01:38.861-0300] {processor.py:186} INFO - Started process (PID=13731) to work on /home/gabzarp/.local/lib/python3.10/site-packages/airflow/example_dags/tutorial_taskflow_api.py
[2024-09-12T02:01:38.862-0300] {processor.py:914} INFO - Processing file /home/gabzarp/.local/lib/python3.10/site-packages/airflow/example_dags/tutorial_taskflow_api.py for tasks to queue
[2024-09-12T02:01:38.862-0300] {logging_mixin.py:190} INFO - [2024-09-12T02:01:38.862-0300] {dagbag.py:587} INFO - Filling up the DagBag from /home/gabzarp/.local/lib/python3.10/site-packages/airflow/example_dags/tutorial_taskflow_api.py
[2024-09-12T02:01:38.868-0300] {processor.py:925} INFO - DAG(s) 'tutorial_taskflow_api' retrieved from /home/gabzarp/.local/lib/python3.10/site-packages/airflow/example_dags/tutorial_taskflow_api.py
[2024-09-12T02:01:38.877-0300] {logging_mixin.py:190} INFO - [2024-09-12T02:01:38.877-0300] {dag.py:3229} INFO - Sync 1 DAGs
[2024-09-12T02:01:38.885-0300] {logging_mixin.py:190} INFO - [2024-09-12T02:01:38.885-0300] {dag.py:4156} INFO - Setting next_dagrun for tutorial_taskflow_api to None, run_after=None
[2024-09-12T02:01:38.931-0300] {processor.py:208} INFO - Processing /home/gabzarp/.local/lib/python3.10/site-packages/airflow/example_dags/tutorial_taskflow_api.py took 0.074 seconds
[2024-09-12T02:02:25.989-0300] {processor.py:186} INFO - Started process (PID=14145) to work on /home/gabzarp/.local/lib/python3.10/site-packages/airflow/example_dags/tutorial_taskflow_api.py
[2024-09-12T02:02:25.990-0300] {processor.py:914} INFO - Processing file /home/gabzarp/.local/lib/python3.10/site-packages/airflow/example_dags/tutorial_taskflow_api.py for tasks to queue
[2024-09-12T02:02:25.991-0300] {logging_mixin.py:190} INFO - [2024-09-12T02:02:25.991-0300] {dagbag.py:587} INFO - Filling up the DagBag from /home/gabzarp/.local/lib/python3.10/site-packages/airflow/example_dags/tutorial_taskflow_api.py
[2024-09-12T02:02:25.997-0300] {processor.py:925} INFO - DAG(s) 'tutorial_taskflow_api' retrieved from /home/gabzarp/.local/lib/python3.10/site-packages/airflow/example_dags/tutorial_taskflow_api.py
[2024-09-12T02:02:26.007-0300] {logging_mixin.py:190} INFO - [2024-09-12T02:02:26.007-0300] {dag.py:3229} INFO - Sync 1 DAGs
[2024-09-12T02:02:26.014-0300] {logging_mixin.py:190} INFO - [2024-09-12T02:02:26.014-0300] {dag.py:4156} INFO - Setting next_dagrun for tutorial_taskflow_api to None, run_after=None
[2024-09-12T02:02:26.029-0300] {processor.py:208} INFO - Processing /home/gabzarp/.local/lib/python3.10/site-packages/airflow/example_dags/tutorial_taskflow_api.py took 0.044 seconds
[2024-09-12T02:03:15.082-0300] {processor.py:186} INFO - Started process (PID=14542) to work on /home/gabzarp/.local/lib/python3.10/site-packages/airflow/example_dags/tutorial_taskflow_api.py
[2024-09-12T02:03:15.083-0300] {processor.py:914} INFO - Processing file /home/gabzarp/.local/lib/python3.10/site-packages/airflow/example_dags/tutorial_taskflow_api.py for tasks to queue
[2024-09-12T02:03:15.084-0300] {logging_mixin.py:190} INFO - [2024-09-12T02:03:15.084-0300] {dagbag.py:587} INFO - Filling up the DagBag from /home/gabzarp/.local/lib/python3.10/site-packages/airflow/example_dags/tutorial_taskflow_api.py
[2024-09-12T02:03:15.089-0300] {processor.py:925} INFO - DAG(s) 'tutorial_taskflow_api' retrieved from /home/gabzarp/.local/lib/python3.10/site-packages/airflow/example_dags/tutorial_taskflow_api.py
[2024-09-12T02:03:15.099-0300] {logging_mixin.py:190} INFO - [2024-09-12T02:03:15.099-0300] {dag.py:3229} INFO - Sync 1 DAGs
[2024-09-12T02:03:15.108-0300] {logging_mixin.py:190} INFO - [2024-09-12T02:03:15.108-0300] {dag.py:4156} INFO - Setting next_dagrun for tutorial_taskflow_api to None, run_after=None
[2024-09-12T02:03:15.123-0300] {processor.py:208} INFO - Processing /home/gabzarp/.local/lib/python3.10/site-packages/airflow/example_dags/tutorial_taskflow_api.py took 0.044 seconds
[2024-09-12T02:04:06.586-0300] {processor.py:186} INFO - Started process (PID=14950) to work on /home/gabzarp/.local/lib/python3.10/site-packages/airflow/example_dags/tutorial_taskflow_api.py
[2024-09-12T02:04:06.587-0300] {processor.py:914} INFO - Processing file /home/gabzarp/.local/lib/python3.10/site-packages/airflow/example_dags/tutorial_taskflow_api.py for tasks to queue
[2024-09-12T02:04:06.588-0300] {logging_mixin.py:190} INFO - [2024-09-12T02:04:06.587-0300] {dagbag.py:587} INFO - Filling up the DagBag from /home/gabzarp/.local/lib/python3.10/site-packages/airflow/example_dags/tutorial_taskflow_api.py
[2024-09-12T02:04:06.594-0300] {processor.py:925} INFO - DAG(s) 'tutorial_taskflow_api' retrieved from /home/gabzarp/.local/lib/python3.10/site-packages/airflow/example_dags/tutorial_taskflow_api.py
[2024-09-12T02:04:06.605-0300] {logging_mixin.py:190} INFO - [2024-09-12T02:04:06.604-0300] {dag.py:3229} INFO - Sync 1 DAGs
[2024-09-12T02:04:06.618-0300] {logging_mixin.py:190} INFO - [2024-09-12T02:04:06.618-0300] {dag.py:4156} INFO - Setting next_dagrun for tutorial_taskflow_api to None, run_after=None
[2024-09-12T02:04:06.634-0300] {processor.py:208} INFO - Processing /home/gabzarp/.local/lib/python3.10/site-packages/airflow/example_dags/tutorial_taskflow_api.py took 0.052 seconds
[2024-09-12T02:04:59.920-0300] {processor.py:186} INFO - Started process (PID=15370) to work on /home/gabzarp/.local/lib/python3.10/site-packages/airflow/example_dags/tutorial_taskflow_api.py
[2024-09-12T02:04:59.921-0300] {processor.py:914} INFO - Processing file /home/gabzarp/.local/lib/python3.10/site-packages/airflow/example_dags/tutorial_taskflow_api.py for tasks to queue
[2024-09-12T02:04:59.922-0300] {logging_mixin.py:190} INFO - [2024-09-12T02:04:59.922-0300] {dagbag.py:587} INFO - Filling up the DagBag from /home/gabzarp/.local/lib/python3.10/site-packages/airflow/example_dags/tutorial_taskflow_api.py
[2024-09-12T02:04:59.927-0300] {processor.py:925} INFO - DAG(s) 'tutorial_taskflow_api' retrieved from /home/gabzarp/.local/lib/python3.10/site-packages/airflow/example_dags/tutorial_taskflow_api.py
[2024-09-12T02:04:59.938-0300] {logging_mixin.py:190} INFO - [2024-09-12T02:04:59.938-0300] {dag.py:3229} INFO - Sync 1 DAGs
[2024-09-12T02:04:59.947-0300] {logging_mixin.py:190} INFO - [2024-09-12T02:04:59.947-0300] {dag.py:4156} INFO - Setting next_dagrun for tutorial_taskflow_api to None, run_after=None
[2024-09-12T02:04:59.963-0300] {processor.py:208} INFO - Processing /home/gabzarp/.local/lib/python3.10/site-packages/airflow/example_dags/tutorial_taskflow_api.py took 0.046 seconds
[2024-09-12T02:05:53.376-0300] {processor.py:186} INFO - Started process (PID=15790) to work on /home/gabzarp/.local/lib/python3.10/site-packages/airflow/example_dags/tutorial_taskflow_api.py
[2024-09-12T02:05:53.377-0300] {processor.py:914} INFO - Processing file /home/gabzarp/.local/lib/python3.10/site-packages/airflow/example_dags/tutorial_taskflow_api.py for tasks to queue
[2024-09-12T02:05:53.378-0300] {logging_mixin.py:190} INFO - [2024-09-12T02:05:53.378-0300] {dagbag.py:587} INFO - Filling up the DagBag from /home/gabzarp/.local/lib/python3.10/site-packages/airflow/example_dags/tutorial_taskflow_api.py
[2024-09-12T02:05:53.383-0300] {processor.py:925} INFO - DAG(s) 'tutorial_taskflow_api' retrieved from /home/gabzarp/.local/lib/python3.10/site-packages/airflow/example_dags/tutorial_taskflow_api.py
[2024-09-12T02:05:53.393-0300] {logging_mixin.py:190} INFO - [2024-09-12T02:05:53.393-0300] {dag.py:3229} INFO - Sync 1 DAGs
[2024-09-12T02:05:53.401-0300] {logging_mixin.py:190} INFO - [2024-09-12T02:05:53.401-0300] {dag.py:4156} INFO - Setting next_dagrun for tutorial_taskflow_api to None, run_after=None
[2024-09-12T02:05:53.459-0300] {processor.py:208} INFO - Processing /home/gabzarp/.local/lib/python3.10/site-packages/airflow/example_dags/tutorial_taskflow_api.py took 0.086 seconds
[2024-09-12T02:06:44.736-0300] {processor.py:186} INFO - Started process (PID=16196) to work on /home/gabzarp/.local/lib/python3.10/site-packages/airflow/example_dags/tutorial_taskflow_api.py
[2024-09-12T02:06:44.737-0300] {processor.py:914} INFO - Processing file /home/gabzarp/.local/lib/python3.10/site-packages/airflow/example_dags/tutorial_taskflow_api.py for tasks to queue
[2024-09-12T02:06:44.738-0300] {logging_mixin.py:190} INFO - [2024-09-12T02:06:44.738-0300] {dagbag.py:587} INFO - Filling up the DagBag from /home/gabzarp/.local/lib/python3.10/site-packages/airflow/example_dags/tutorial_taskflow_api.py
[2024-09-12T02:06:44.744-0300] {processor.py:925} INFO - DAG(s) 'tutorial_taskflow_api' retrieved from /home/gabzarp/.local/lib/python3.10/site-packages/airflow/example_dags/tutorial_taskflow_api.py
[2024-09-12T02:06:44.755-0300] {logging_mixin.py:190} INFO - [2024-09-12T02:06:44.755-0300] {dag.py:3229} INFO - Sync 1 DAGs
[2024-09-12T02:06:44.763-0300] {logging_mixin.py:190} INFO - [2024-09-12T02:06:44.763-0300] {dag.py:4156} INFO - Setting next_dagrun for tutorial_taskflow_api to None, run_after=None
[2024-09-12T02:06:44.779-0300] {processor.py:208} INFO - Processing /home/gabzarp/.local/lib/python3.10/site-packages/airflow/example_dags/tutorial_taskflow_api.py took 0.046 seconds
[2024-09-12T02:07:31.002-0300] {processor.py:186} INFO - Started process (PID=16567) to work on /home/gabzarp/.local/lib/python3.10/site-packages/airflow/example_dags/tutorial_taskflow_api.py
[2024-09-12T02:07:31.003-0300] {processor.py:914} INFO - Processing file /home/gabzarp/.local/lib/python3.10/site-packages/airflow/example_dags/tutorial_taskflow_api.py for tasks to queue
[2024-09-12T02:07:31.004-0300] {logging_mixin.py:190} INFO - [2024-09-12T02:07:31.004-0300] {dagbag.py:587} INFO - Filling up the DagBag from /home/gabzarp/.local/lib/python3.10/site-packages/airflow/example_dags/tutorial_taskflow_api.py
[2024-09-12T02:07:31.009-0300] {processor.py:925} INFO - DAG(s) 'tutorial_taskflow_api' retrieved from /home/gabzarp/.local/lib/python3.10/site-packages/airflow/example_dags/tutorial_taskflow_api.py
[2024-09-12T02:07:31.020-0300] {logging_mixin.py:190} INFO - [2024-09-12T02:07:31.020-0300] {dag.py:3229} INFO - Sync 1 DAGs
[2024-09-12T02:07:31.029-0300] {logging_mixin.py:190} INFO - [2024-09-12T02:07:31.029-0300] {dag.py:4156} INFO - Setting next_dagrun for tutorial_taskflow_api to None, run_after=None
[2024-09-12T02:07:31.044-0300] {processor.py:208} INFO - Processing /home/gabzarp/.local/lib/python3.10/site-packages/airflow/example_dags/tutorial_taskflow_api.py took 0.046 seconds
[2024-09-12T02:08:22.216-0300] {processor.py:186} INFO - Started process (PID=16966) to work on /home/gabzarp/.local/lib/python3.10/site-packages/airflow/example_dags/tutorial_taskflow_api.py
[2024-09-12T02:08:22.217-0300] {processor.py:914} INFO - Processing file /home/gabzarp/.local/lib/python3.10/site-packages/airflow/example_dags/tutorial_taskflow_api.py for tasks to queue
[2024-09-12T02:08:22.218-0300] {logging_mixin.py:190} INFO - [2024-09-12T02:08:22.218-0300] {dagbag.py:587} INFO - Filling up the DagBag from /home/gabzarp/.local/lib/python3.10/site-packages/airflow/example_dags/tutorial_taskflow_api.py
[2024-09-12T02:08:22.225-0300] {processor.py:925} INFO - DAG(s) 'tutorial_taskflow_api' retrieved from /home/gabzarp/.local/lib/python3.10/site-packages/airflow/example_dags/tutorial_taskflow_api.py
[2024-09-12T02:08:22.237-0300] {logging_mixin.py:190} INFO - [2024-09-12T02:08:22.237-0300] {dag.py:3229} INFO - Sync 1 DAGs
[2024-09-12T02:08:22.247-0300] {logging_mixin.py:190} INFO - [2024-09-12T02:08:22.247-0300] {dag.py:4156} INFO - Setting next_dagrun for tutorial_taskflow_api to None, run_after=None
[2024-09-12T02:08:22.266-0300] {processor.py:208} INFO - Processing /home/gabzarp/.local/lib/python3.10/site-packages/airflow/example_dags/tutorial_taskflow_api.py took 0.054 seconds
[2024-09-12T02:09:12.991-0300] {processor.py:186} INFO - Started process (PID=17366) to work on /home/gabzarp/.local/lib/python3.10/site-packages/airflow/example_dags/tutorial_taskflow_api.py
[2024-09-12T02:09:12.992-0300] {processor.py:914} INFO - Processing file /home/gabzarp/.local/lib/python3.10/site-packages/airflow/example_dags/tutorial_taskflow_api.py for tasks to queue
[2024-09-12T02:09:12.993-0300] {logging_mixin.py:190} INFO - [2024-09-12T02:09:12.992-0300] {dagbag.py:587} INFO - Filling up the DagBag from /home/gabzarp/.local/lib/python3.10/site-packages/airflow/example_dags/tutorial_taskflow_api.py
[2024-09-12T02:09:12.998-0300] {processor.py:925} INFO - DAG(s) 'tutorial_taskflow_api' retrieved from /home/gabzarp/.local/lib/python3.10/site-packages/airflow/example_dags/tutorial_taskflow_api.py
[2024-09-12T02:09:13.010-0300] {logging_mixin.py:190} INFO - [2024-09-12T02:09:13.010-0300] {dag.py:3229} INFO - Sync 1 DAGs
[2024-09-12T02:09:13.019-0300] {logging_mixin.py:190} INFO - [2024-09-12T02:09:13.018-0300] {dag.py:4156} INFO - Setting next_dagrun for tutorial_taskflow_api to None, run_after=None
[2024-09-12T02:09:13.033-0300] {processor.py:208} INFO - Processing /home/gabzarp/.local/lib/python3.10/site-packages/airflow/example_dags/tutorial_taskflow_api.py took 0.046 seconds
