[2024-09-12T01:39:28.525-0300] {processor.py:186} INFO - Started process (PID=2568) to work on /home/gabzarp/.local/lib/python3.10/site-packages/airflow/example_dags/tutorial_objectstorage.py
[2024-09-12T01:39:28.525-0300] {processor.py:914} INFO - Processing file /home/gabzarp/.local/lib/python3.10/site-packages/airflow/example_dags/tutorial_objectstorage.py for tasks to queue
[2024-09-12T01:39:28.527-0300] {logging_mixin.py:190} INFO - [2024-09-12T01:39:28.526-0300] {dagbag.py:587} INFO - Filling up the DagBag from /home/gabzarp/.local/lib/python3.10/site-packages/airflow/example_dags/tutorial_objectstorage.py
[2024-09-12T01:39:28.533-0300] {processor.py:925} INFO - DAG(s) 'tutorial_objectstorage' retrieved from /home/gabzarp/.local/lib/python3.10/site-packages/airflow/example_dags/tutorial_objectstorage.py
[2024-09-12T01:39:28.601-0300] {logging_mixin.py:190} INFO - [2024-09-12T01:39:28.600-0300] {override.py:1900} INFO - Created Permission View: can edit on DAG:tutorial_objectstorage
[2024-09-12T01:39:28.610-0300] {logging_mixin.py:190} INFO - [2024-09-12T01:39:28.610-0300] {override.py:1900} INFO - Created Permission View: can read on DAG:tutorial_objectstorage
[2024-09-12T01:39:28.617-0300] {logging_mixin.py:190} INFO - [2024-09-12T01:39:28.617-0300] {override.py:1900} INFO - Created Permission View: can delete on DAG:tutorial_objectstorage
[2024-09-12T01:39:28.628-0300] {logging_mixin.py:190} INFO - [2024-09-12T01:39:28.628-0300] {override.py:1900} INFO - Created Permission View: can read on DAG Run:tutorial_objectstorage
[2024-09-12T01:39:28.636-0300] {logging_mixin.py:190} INFO - [2024-09-12T01:39:28.635-0300] {override.py:1900} INFO - Created Permission View: can create on DAG Run:tutorial_objectstorage
[2024-09-12T01:39:28.643-0300] {logging_mixin.py:190} INFO - [2024-09-12T01:39:28.642-0300] {override.py:1900} INFO - Created Permission View: menu access on DAG Run:tutorial_objectstorage
[2024-09-12T01:39:28.650-0300] {logging_mixin.py:190} INFO - [2024-09-12T01:39:28.649-0300] {override.py:1900} INFO - Created Permission View: can delete on DAG Run:tutorial_objectstorage
[2024-09-12T01:39:28.650-0300] {logging_mixin.py:190} INFO - [2024-09-12T01:39:28.650-0300] {dag.py:3229} INFO - Sync 1 DAGs
[2024-09-12T01:39:28.658-0300] {logging_mixin.py:190} INFO - [2024-09-12T01:39:28.658-0300] {dag.py:3252} INFO - Creating ORM DAG for tutorial_objectstorage
[2024-09-12T01:39:28.659-0300] {logging_mixin.py:190} INFO - [2024-09-12T01:39:28.658-0300] {dag.py:4156} INFO - Setting next_dagrun for tutorial_objectstorage to None, run_after=None
[2024-09-12T01:39:28.673-0300] {processor.py:208} INFO - Processing /home/gabzarp/.local/lib/python3.10/site-packages/airflow/example_dags/tutorial_objectstorage.py took 0.151 seconds
[2024-09-12T01:40:26.345-0300] {processor.py:186} INFO - Started process (PID=2855) to work on /home/gabzarp/.local/lib/python3.10/site-packages/airflow/example_dags/tutorial_objectstorage.py
[2024-09-12T01:40:26.346-0300] {processor.py:914} INFO - Processing file /home/gabzarp/.local/lib/python3.10/site-packages/airflow/example_dags/tutorial_objectstorage.py for tasks to queue
[2024-09-12T01:40:26.347-0300] {logging_mixin.py:190} INFO - [2024-09-12T01:40:26.347-0300] {dagbag.py:587} INFO - Filling up the DagBag from /home/gabzarp/.local/lib/python3.10/site-packages/airflow/example_dags/tutorial_objectstorage.py
[2024-09-12T01:40:26.353-0300] {processor.py:925} INFO - DAG(s) 'tutorial_objectstorage' retrieved from /home/gabzarp/.local/lib/python3.10/site-packages/airflow/example_dags/tutorial_objectstorage.py
[2024-09-12T01:40:26.362-0300] {logging_mixin.py:190} INFO - [2024-09-12T01:40:26.362-0300] {dag.py:3229} INFO - Sync 1 DAGs
[2024-09-12T01:40:26.370-0300] {logging_mixin.py:190} INFO - [2024-09-12T01:40:26.370-0300] {dag.py:4156} INFO - Setting next_dagrun for tutorial_objectstorage to None, run_after=None
[2024-09-12T01:40:26.385-0300] {processor.py:208} INFO - Processing /home/gabzarp/.local/lib/python3.10/site-packages/airflow/example_dags/tutorial_objectstorage.py took 0.044 seconds
[2024-09-12T01:41:17.719-0300] {processor.py:186} INFO - Started process (PID=3196) to work on /home/gabzarp/.local/lib/python3.10/site-packages/airflow/example_dags/tutorial_objectstorage.py
[2024-09-12T01:41:17.721-0300] {processor.py:914} INFO - Processing file /home/gabzarp/.local/lib/python3.10/site-packages/airflow/example_dags/tutorial_objectstorage.py for tasks to queue
[2024-09-12T01:41:17.723-0300] {logging_mixin.py:190} INFO - [2024-09-12T01:41:17.723-0300] {dagbag.py:587} INFO - Filling up the DagBag from /home/gabzarp/.local/lib/python3.10/site-packages/airflow/example_dags/tutorial_objectstorage.py
[2024-09-12T01:41:17.731-0300] {processor.py:925} INFO - DAG(s) 'tutorial_objectstorage' retrieved from /home/gabzarp/.local/lib/python3.10/site-packages/airflow/example_dags/tutorial_objectstorage.py
[2024-09-12T01:41:17.741-0300] {logging_mixin.py:190} INFO - [2024-09-12T01:41:17.741-0300] {dag.py:3229} INFO - Sync 1 DAGs
[2024-09-12T01:41:17.749-0300] {logging_mixin.py:190} INFO - [2024-09-12T01:41:17.748-0300] {dag.py:4156} INFO - Setting next_dagrun for tutorial_objectstorage to None, run_after=None
[2024-09-12T01:41:17.763-0300] {processor.py:208} INFO - Processing /home/gabzarp/.local/lib/python3.10/site-packages/airflow/example_dags/tutorial_objectstorage.py took 0.049 seconds
[2024-09-12T01:42:08.391-0300] {processor.py:186} INFO - Started process (PID=3451) to work on /home/gabzarp/.local/lib/python3.10/site-packages/airflow/example_dags/tutorial_objectstorage.py
[2024-09-12T01:42:08.392-0300] {processor.py:914} INFO - Processing file /home/gabzarp/.local/lib/python3.10/site-packages/airflow/example_dags/tutorial_objectstorage.py for tasks to queue
[2024-09-12T01:42:08.393-0300] {logging_mixin.py:190} INFO - [2024-09-12T01:42:08.393-0300] {dagbag.py:587} INFO - Filling up the DagBag from /home/gabzarp/.local/lib/python3.10/site-packages/airflow/example_dags/tutorial_objectstorage.py
[2024-09-12T01:42:08.399-0300] {processor.py:925} INFO - DAG(s) 'tutorial_objectstorage' retrieved from /home/gabzarp/.local/lib/python3.10/site-packages/airflow/example_dags/tutorial_objectstorage.py
[2024-09-12T01:42:08.408-0300] {logging_mixin.py:190} INFO - [2024-09-12T01:42:08.408-0300] {dag.py:3229} INFO - Sync 1 DAGs
[2024-09-12T01:42:08.417-0300] {logging_mixin.py:190} INFO - [2024-09-12T01:42:08.417-0300] {dag.py:4156} INFO - Setting next_dagrun for tutorial_objectstorage to None, run_after=None
[2024-09-12T01:42:08.432-0300] {processor.py:208} INFO - Processing /home/gabzarp/.local/lib/python3.10/site-packages/airflow/example_dags/tutorial_objectstorage.py took 0.045 seconds
[2024-09-12T01:42:58.456-0300] {processor.py:186} INFO - Started process (PID=3704) to work on /home/gabzarp/.local/lib/python3.10/site-packages/airflow/example_dags/tutorial_objectstorage.py
[2024-09-12T01:42:58.457-0300] {processor.py:914} INFO - Processing file /home/gabzarp/.local/lib/python3.10/site-packages/airflow/example_dags/tutorial_objectstorage.py for tasks to queue
[2024-09-12T01:42:58.458-0300] {logging_mixin.py:190} INFO - [2024-09-12T01:42:58.458-0300] {dagbag.py:587} INFO - Filling up the DagBag from /home/gabzarp/.local/lib/python3.10/site-packages/airflow/example_dags/tutorial_objectstorage.py
[2024-09-12T01:42:58.464-0300] {processor.py:925} INFO - DAG(s) 'tutorial_objectstorage' retrieved from /home/gabzarp/.local/lib/python3.10/site-packages/airflow/example_dags/tutorial_objectstorage.py
[2024-09-12T01:42:58.474-0300] {logging_mixin.py:190} INFO - [2024-09-12T01:42:58.474-0300] {dag.py:3229} INFO - Sync 1 DAGs
[2024-09-12T01:42:58.482-0300] {logging_mixin.py:190} INFO - [2024-09-12T01:42:58.482-0300] {dag.py:4156} INFO - Setting next_dagrun for tutorial_objectstorage to None, run_after=None
[2024-09-12T01:42:58.596-0300] {processor.py:208} INFO - Processing /home/gabzarp/.local/lib/python3.10/site-packages/airflow/example_dags/tutorial_objectstorage.py took 0.143 seconds
[2024-09-12T01:43:47.373-0300] {processor.py:186} INFO - Started process (PID=4053) to work on /home/gabzarp/.local/lib/python3.10/site-packages/airflow/example_dags/tutorial_objectstorage.py
[2024-09-12T01:43:47.375-0300] {processor.py:914} INFO - Processing file /home/gabzarp/.local/lib/python3.10/site-packages/airflow/example_dags/tutorial_objectstorage.py for tasks to queue
[2024-09-12T01:43:47.376-0300] {logging_mixin.py:190} INFO - [2024-09-12T01:43:47.376-0300] {dagbag.py:587} INFO - Filling up the DagBag from /home/gabzarp/.local/lib/python3.10/site-packages/airflow/example_dags/tutorial_objectstorage.py
[2024-09-12T01:43:47.383-0300] {processor.py:925} INFO - DAG(s) 'tutorial_objectstorage' retrieved from /home/gabzarp/.local/lib/python3.10/site-packages/airflow/example_dags/tutorial_objectstorage.py
[2024-09-12T01:43:47.395-0300] {logging_mixin.py:190} INFO - [2024-09-12T01:43:47.394-0300] {dag.py:3229} INFO - Sync 1 DAGs
[2024-09-12T01:43:47.405-0300] {logging_mixin.py:190} INFO - [2024-09-12T01:43:47.405-0300] {dag.py:4156} INFO - Setting next_dagrun for tutorial_objectstorage to None, run_after=None
[2024-09-12T01:43:47.745-0300] {processor.py:208} INFO - Processing /home/gabzarp/.local/lib/python3.10/site-packages/airflow/example_dags/tutorial_objectstorage.py took 0.376 seconds
[2024-09-12T01:45:29.623-0300] {processor.py:186} INFO - Started process (PID=5269) to work on /home/gabzarp/.local/lib/python3.10/site-packages/airflow/example_dags/tutorial_objectstorage.py
[2024-09-12T01:45:29.624-0300] {processor.py:914} INFO - Processing file /home/gabzarp/.local/lib/python3.10/site-packages/airflow/example_dags/tutorial_objectstorage.py for tasks to queue
[2024-09-12T01:45:29.626-0300] {logging_mixin.py:190} INFO - [2024-09-12T01:45:29.626-0300] {dagbag.py:587} INFO - Filling up the DagBag from /home/gabzarp/.local/lib/python3.10/site-packages/airflow/example_dags/tutorial_objectstorage.py
[2024-09-12T01:45:29.632-0300] {processor.py:925} INFO - DAG(s) 'tutorial_objectstorage' retrieved from /home/gabzarp/.local/lib/python3.10/site-packages/airflow/example_dags/tutorial_objectstorage.py
[2024-09-12T01:45:29.643-0300] {logging_mixin.py:190} INFO - [2024-09-12T01:45:29.643-0300] {dag.py:3229} INFO - Sync 1 DAGs
[2024-09-12T01:45:29.653-0300] {logging_mixin.py:190} INFO - [2024-09-12T01:45:29.652-0300] {dag.py:4156} INFO - Setting next_dagrun for tutorial_objectstorage to None, run_after=None
[2024-09-12T01:45:29.668-0300] {processor.py:208} INFO - Processing /home/gabzarp/.local/lib/python3.10/site-packages/airflow/example_dags/tutorial_objectstorage.py took 0.048 seconds
[2024-09-12T01:46:20.901-0300] {processor.py:186} INFO - Started process (PID=5682) to work on /home/gabzarp/.local/lib/python3.10/site-packages/airflow/example_dags/tutorial_objectstorage.py
[2024-09-12T01:46:20.902-0300] {processor.py:914} INFO - Processing file /home/gabzarp/.local/lib/python3.10/site-packages/airflow/example_dags/tutorial_objectstorage.py for tasks to queue
[2024-09-12T01:46:20.903-0300] {logging_mixin.py:190} INFO - [2024-09-12T01:46:20.903-0300] {dagbag.py:587} INFO - Filling up the DagBag from /home/gabzarp/.local/lib/python3.10/site-packages/airflow/example_dags/tutorial_objectstorage.py
[2024-09-12T01:46:20.909-0300] {processor.py:925} INFO - DAG(s) 'tutorial_objectstorage' retrieved from /home/gabzarp/.local/lib/python3.10/site-packages/airflow/example_dags/tutorial_objectstorage.py
[2024-09-12T01:46:20.918-0300] {logging_mixin.py:190} INFO - [2024-09-12T01:46:20.918-0300] {dag.py:3229} INFO - Sync 1 DAGs
[2024-09-12T01:46:20.926-0300] {logging_mixin.py:190} INFO - [2024-09-12T01:46:20.926-0300] {dag.py:4156} INFO - Setting next_dagrun for tutorial_objectstorage to None, run_after=None
[2024-09-12T01:46:20.941-0300] {processor.py:208} INFO - Processing /home/gabzarp/.local/lib/python3.10/site-packages/airflow/example_dags/tutorial_objectstorage.py took 0.044 seconds
[2024-09-12T01:47:09.777-0300] {processor.py:186} INFO - Started process (PID=6072) to work on /home/gabzarp/.local/lib/python3.10/site-packages/airflow/example_dags/tutorial_objectstorage.py
[2024-09-12T01:47:09.778-0300] {processor.py:914} INFO - Processing file /home/gabzarp/.local/lib/python3.10/site-packages/airflow/example_dags/tutorial_objectstorage.py for tasks to queue
[2024-09-12T01:47:09.779-0300] {logging_mixin.py:190} INFO - [2024-09-12T01:47:09.779-0300] {dagbag.py:587} INFO - Filling up the DagBag from /home/gabzarp/.local/lib/python3.10/site-packages/airflow/example_dags/tutorial_objectstorage.py
[2024-09-12T01:47:09.786-0300] {processor.py:925} INFO - DAG(s) 'tutorial_objectstorage' retrieved from /home/gabzarp/.local/lib/python3.10/site-packages/airflow/example_dags/tutorial_objectstorage.py
[2024-09-12T01:47:09.796-0300] {logging_mixin.py:190} INFO - [2024-09-12T01:47:09.796-0300] {dag.py:3229} INFO - Sync 1 DAGs
[2024-09-12T01:47:09.805-0300] {logging_mixin.py:190} INFO - [2024-09-12T01:47:09.804-0300] {dag.py:4156} INFO - Setting next_dagrun for tutorial_objectstorage to None, run_after=None
[2024-09-12T01:47:09.821-0300] {processor.py:208} INFO - Processing /home/gabzarp/.local/lib/python3.10/site-packages/airflow/example_dags/tutorial_objectstorage.py took 0.048 seconds
[2024-09-12T01:47:57.316-0300] {processor.py:186} INFO - Started process (PID=6452) to work on /home/gabzarp/.local/lib/python3.10/site-packages/airflow/example_dags/tutorial_objectstorage.py
[2024-09-12T01:47:57.317-0300] {processor.py:914} INFO - Processing file /home/gabzarp/.local/lib/python3.10/site-packages/airflow/example_dags/tutorial_objectstorage.py for tasks to queue
[2024-09-12T01:47:57.318-0300] {logging_mixin.py:190} INFO - [2024-09-12T01:47:57.318-0300] {dagbag.py:587} INFO - Filling up the DagBag from /home/gabzarp/.local/lib/python3.10/site-packages/airflow/example_dags/tutorial_objectstorage.py
[2024-09-12T01:47:57.324-0300] {processor.py:925} INFO - DAG(s) 'tutorial_objectstorage' retrieved from /home/gabzarp/.local/lib/python3.10/site-packages/airflow/example_dags/tutorial_objectstorage.py
[2024-09-12T01:47:57.333-0300] {logging_mixin.py:190} INFO - [2024-09-12T01:47:57.332-0300] {dag.py:3229} INFO - Sync 1 DAGs
[2024-09-12T01:47:57.340-0300] {logging_mixin.py:190} INFO - [2024-09-12T01:47:57.340-0300] {dag.py:4156} INFO - Setting next_dagrun for tutorial_objectstorage to None, run_after=None
[2024-09-12T01:47:57.355-0300] {processor.py:208} INFO - Processing /home/gabzarp/.local/lib/python3.10/site-packages/airflow/example_dags/tutorial_objectstorage.py took 0.042 seconds
[2024-09-12T01:48:47.984-0300] {processor.py:186} INFO - Started process (PID=6994) to work on /home/gabzarp/.local/lib/python3.10/site-packages/airflow/example_dags/tutorial_objectstorage.py
[2024-09-12T01:48:47.986-0300] {processor.py:914} INFO - Processing file /home/gabzarp/.local/lib/python3.10/site-packages/airflow/example_dags/tutorial_objectstorage.py for tasks to queue
[2024-09-12T01:48:47.987-0300] {logging_mixin.py:190} INFO - [2024-09-12T01:48:47.987-0300] {dagbag.py:587} INFO - Filling up the DagBag from /home/gabzarp/.local/lib/python3.10/site-packages/airflow/example_dags/tutorial_objectstorage.py
[2024-09-12T01:48:47.993-0300] {processor.py:925} INFO - DAG(s) 'tutorial_objectstorage' retrieved from /home/gabzarp/.local/lib/python3.10/site-packages/airflow/example_dags/tutorial_objectstorage.py
[2024-09-12T01:48:48.002-0300] {logging_mixin.py:190} INFO - [2024-09-12T01:48:48.001-0300] {dag.py:3229} INFO - Sync 1 DAGs
[2024-09-12T01:48:48.009-0300] {logging_mixin.py:190} INFO - [2024-09-12T01:48:48.009-0300] {dag.py:4156} INFO - Setting next_dagrun for tutorial_objectstorage to None, run_after=None
[2024-09-12T01:48:48.023-0300] {processor.py:208} INFO - Processing /home/gabzarp/.local/lib/python3.10/site-packages/airflow/example_dags/tutorial_objectstorage.py took 0.042 seconds
[2024-09-12T01:49:37.360-0300] {processor.py:186} INFO - Started process (PID=7384) to work on /home/gabzarp/.local/lib/python3.10/site-packages/airflow/example_dags/tutorial_objectstorage.py
[2024-09-12T01:49:37.361-0300] {processor.py:914} INFO - Processing file /home/gabzarp/.local/lib/python3.10/site-packages/airflow/example_dags/tutorial_objectstorage.py for tasks to queue
[2024-09-12T01:49:37.362-0300] {logging_mixin.py:190} INFO - [2024-09-12T01:49:37.362-0300] {dagbag.py:587} INFO - Filling up the DagBag from /home/gabzarp/.local/lib/python3.10/site-packages/airflow/example_dags/tutorial_objectstorage.py
[2024-09-12T01:49:37.368-0300] {processor.py:925} INFO - DAG(s) 'tutorial_objectstorage' retrieved from /home/gabzarp/.local/lib/python3.10/site-packages/airflow/example_dags/tutorial_objectstorage.py
[2024-09-12T01:49:37.379-0300] {logging_mixin.py:190} INFO - [2024-09-12T01:49:37.379-0300] {dag.py:3229} INFO - Sync 1 DAGs
[2024-09-12T01:49:37.386-0300] {logging_mixin.py:190} INFO - [2024-09-12T01:49:37.386-0300] {dag.py:4156} INFO - Setting next_dagrun for tutorial_objectstorage to None, run_after=None
[2024-09-12T01:49:37.402-0300] {processor.py:208} INFO - Processing /home/gabzarp/.local/lib/python3.10/site-packages/airflow/example_dags/tutorial_objectstorage.py took 0.046 seconds
[2024-09-12T01:50:27.436-0300] {processor.py:186} INFO - Started process (PID=7865) to work on /home/gabzarp/.local/lib/python3.10/site-packages/airflow/example_dags/tutorial_objectstorage.py
[2024-09-12T01:50:27.437-0300] {processor.py:914} INFO - Processing file /home/gabzarp/.local/lib/python3.10/site-packages/airflow/example_dags/tutorial_objectstorage.py for tasks to queue
[2024-09-12T01:50:27.438-0300] {logging_mixin.py:190} INFO - [2024-09-12T01:50:27.438-0300] {dagbag.py:587} INFO - Filling up the DagBag from /home/gabzarp/.local/lib/python3.10/site-packages/airflow/example_dags/tutorial_objectstorage.py
[2024-09-12T01:50:27.444-0300] {processor.py:925} INFO - DAG(s) 'tutorial_objectstorage' retrieved from /home/gabzarp/.local/lib/python3.10/site-packages/airflow/example_dags/tutorial_objectstorage.py
[2024-09-12T01:50:27.453-0300] {logging_mixin.py:190} INFO - [2024-09-12T01:50:27.453-0300] {dag.py:3229} INFO - Sync 1 DAGs
[2024-09-12T01:50:27.460-0300] {logging_mixin.py:190} INFO - [2024-09-12T01:50:27.460-0300] {dag.py:4156} INFO - Setting next_dagrun for tutorial_objectstorage to None, run_after=None
[2024-09-12T01:50:27.474-0300] {processor.py:208} INFO - Processing /home/gabzarp/.local/lib/python3.10/site-packages/airflow/example_dags/tutorial_objectstorage.py took 0.041 seconds
[2024-09-12T01:51:16.483-0300] {processor.py:186} INFO - Started process (PID=8291) to work on /home/gabzarp/.local/lib/python3.10/site-packages/airflow/example_dags/tutorial_objectstorage.py
[2024-09-12T01:51:16.484-0300] {processor.py:914} INFO - Processing file /home/gabzarp/.local/lib/python3.10/site-packages/airflow/example_dags/tutorial_objectstorage.py for tasks to queue
[2024-09-12T01:51:16.485-0300] {logging_mixin.py:190} INFO - [2024-09-12T01:51:16.485-0300] {dagbag.py:587} INFO - Filling up the DagBag from /home/gabzarp/.local/lib/python3.10/site-packages/airflow/example_dags/tutorial_objectstorage.py
[2024-09-12T01:51:16.490-0300] {processor.py:925} INFO - DAG(s) 'tutorial_objectstorage' retrieved from /home/gabzarp/.local/lib/python3.10/site-packages/airflow/example_dags/tutorial_objectstorage.py
[2024-09-12T01:51:16.500-0300] {logging_mixin.py:190} INFO - [2024-09-12T01:51:16.500-0300] {dag.py:3229} INFO - Sync 1 DAGs
[2024-09-12T01:51:16.507-0300] {logging_mixin.py:190} INFO - [2024-09-12T01:51:16.507-0300] {dag.py:4156} INFO - Setting next_dagrun for tutorial_objectstorage to None, run_after=None
[2024-09-12T01:51:16.524-0300] {processor.py:208} INFO - Processing /home/gabzarp/.local/lib/python3.10/site-packages/airflow/example_dags/tutorial_objectstorage.py took 0.044 seconds
[2024-09-12T01:52:05.356-0300] {processor.py:186} INFO - Started process (PID=8788) to work on /home/gabzarp/.local/lib/python3.10/site-packages/airflow/example_dags/tutorial_objectstorage.py
[2024-09-12T01:52:05.357-0300] {processor.py:914} INFO - Processing file /home/gabzarp/.local/lib/python3.10/site-packages/airflow/example_dags/tutorial_objectstorage.py for tasks to queue
[2024-09-12T01:52:05.358-0300] {logging_mixin.py:190} INFO - [2024-09-12T01:52:05.357-0300] {dagbag.py:587} INFO - Filling up the DagBag from /home/gabzarp/.local/lib/python3.10/site-packages/airflow/example_dags/tutorial_objectstorage.py
[2024-09-12T01:52:05.363-0300] {processor.py:925} INFO - DAG(s) 'tutorial_objectstorage' retrieved from /home/gabzarp/.local/lib/python3.10/site-packages/airflow/example_dags/tutorial_objectstorage.py
[2024-09-12T01:52:05.373-0300] {logging_mixin.py:190} INFO - [2024-09-12T01:52:05.373-0300] {dag.py:3229} INFO - Sync 1 DAGs
[2024-09-12T01:52:05.380-0300] {logging_mixin.py:190} INFO - [2024-09-12T01:52:05.380-0300] {dag.py:4156} INFO - Setting next_dagrun for tutorial_objectstorage to None, run_after=None
[2024-09-12T01:52:05.428-0300] {processor.py:208} INFO - Processing /home/gabzarp/.local/lib/python3.10/site-packages/airflow/example_dags/tutorial_objectstorage.py took 0.075 seconds
[2024-09-12T01:52:57.552-0300] {processor.py:186} INFO - Started process (PID=9344) to work on /home/gabzarp/.local/lib/python3.10/site-packages/airflow/example_dags/tutorial_objectstorage.py
[2024-09-12T01:52:57.553-0300] {processor.py:914} INFO - Processing file /home/gabzarp/.local/lib/python3.10/site-packages/airflow/example_dags/tutorial_objectstorage.py for tasks to queue
[2024-09-12T01:52:57.554-0300] {logging_mixin.py:190} INFO - [2024-09-12T01:52:57.554-0300] {dagbag.py:587} INFO - Filling up the DagBag from /home/gabzarp/.local/lib/python3.10/site-packages/airflow/example_dags/tutorial_objectstorage.py
[2024-09-12T01:52:57.561-0300] {processor.py:925} INFO - DAG(s) 'tutorial_objectstorage' retrieved from /home/gabzarp/.local/lib/python3.10/site-packages/airflow/example_dags/tutorial_objectstorage.py
[2024-09-12T01:52:57.572-0300] {logging_mixin.py:190} INFO - [2024-09-12T01:52:57.571-0300] {dag.py:3229} INFO - Sync 1 DAGs
[2024-09-12T01:52:57.580-0300] {logging_mixin.py:190} INFO - [2024-09-12T01:52:57.580-0300] {dag.py:4156} INFO - Setting next_dagrun for tutorial_objectstorage to None, run_after=None
[2024-09-12T01:52:57.595-0300] {processor.py:208} INFO - Processing /home/gabzarp/.local/lib/python3.10/site-packages/airflow/example_dags/tutorial_objectstorage.py took 0.047 seconds
[2024-09-12T01:53:50.379-0300] {processor.py:186} INFO - Started process (PID=9795) to work on /home/gabzarp/.local/lib/python3.10/site-packages/airflow/example_dags/tutorial_objectstorage.py
[2024-09-12T01:53:50.380-0300] {processor.py:914} INFO - Processing file /home/gabzarp/.local/lib/python3.10/site-packages/airflow/example_dags/tutorial_objectstorage.py for tasks to queue
[2024-09-12T01:53:50.380-0300] {logging_mixin.py:190} INFO - [2024-09-12T01:53:50.380-0300] {dagbag.py:587} INFO - Filling up the DagBag from /home/gabzarp/.local/lib/python3.10/site-packages/airflow/example_dags/tutorial_objectstorage.py
[2024-09-12T01:53:50.386-0300] {processor.py:925} INFO - DAG(s) 'tutorial_objectstorage' retrieved from /home/gabzarp/.local/lib/python3.10/site-packages/airflow/example_dags/tutorial_objectstorage.py
[2024-09-12T01:53:50.396-0300] {logging_mixin.py:190} INFO - [2024-09-12T01:53:50.396-0300] {dag.py:3229} INFO - Sync 1 DAGs
[2024-09-12T01:53:50.404-0300] {logging_mixin.py:190} INFO - [2024-09-12T01:53:50.404-0300] {dag.py:4156} INFO - Setting next_dagrun for tutorial_objectstorage to None, run_after=None
[2024-09-12T01:53:50.420-0300] {processor.py:208} INFO - Processing /home/gabzarp/.local/lib/python3.10/site-packages/airflow/example_dags/tutorial_objectstorage.py took 0.045 seconds
[2024-09-12T01:54:40.964-0300] {processor.py:186} INFO - Started process (PID=10206) to work on /home/gabzarp/.local/lib/python3.10/site-packages/airflow/example_dags/tutorial_objectstorage.py
[2024-09-12T01:54:40.965-0300] {processor.py:914} INFO - Processing file /home/gabzarp/.local/lib/python3.10/site-packages/airflow/example_dags/tutorial_objectstorage.py for tasks to queue
[2024-09-12T01:54:40.965-0300] {logging_mixin.py:190} INFO - [2024-09-12T01:54:40.965-0300] {dagbag.py:587} INFO - Filling up the DagBag from /home/gabzarp/.local/lib/python3.10/site-packages/airflow/example_dags/tutorial_objectstorage.py
[2024-09-12T01:54:40.971-0300] {processor.py:925} INFO - DAG(s) 'tutorial_objectstorage' retrieved from /home/gabzarp/.local/lib/python3.10/site-packages/airflow/example_dags/tutorial_objectstorage.py
[2024-09-12T01:54:40.980-0300] {logging_mixin.py:190} INFO - [2024-09-12T01:54:40.980-0300] {dag.py:3229} INFO - Sync 1 DAGs
[2024-09-12T01:54:40.987-0300] {logging_mixin.py:190} INFO - [2024-09-12T01:54:40.987-0300] {dag.py:4156} INFO - Setting next_dagrun for tutorial_objectstorage to None, run_after=None
[2024-09-12T01:54:41.001-0300] {processor.py:208} INFO - Processing /home/gabzarp/.local/lib/python3.10/site-packages/airflow/example_dags/tutorial_objectstorage.py took 0.041 seconds
[2024-09-12T01:55:33.995-0300] {processor.py:186} INFO - Started process (PID=10626) to work on /home/gabzarp/.local/lib/python3.10/site-packages/airflow/example_dags/tutorial_objectstorage.py
[2024-09-12T01:55:33.996-0300] {processor.py:914} INFO - Processing file /home/gabzarp/.local/lib/python3.10/site-packages/airflow/example_dags/tutorial_objectstorage.py for tasks to queue
[2024-09-12T01:55:33.996-0300] {logging_mixin.py:190} INFO - [2024-09-12T01:55:33.996-0300] {dagbag.py:587} INFO - Filling up the DagBag from /home/gabzarp/.local/lib/python3.10/site-packages/airflow/example_dags/tutorial_objectstorage.py
[2024-09-12T01:55:34.002-0300] {processor.py:925} INFO - DAG(s) 'tutorial_objectstorage' retrieved from /home/gabzarp/.local/lib/python3.10/site-packages/airflow/example_dags/tutorial_objectstorage.py
[2024-09-12T01:55:34.011-0300] {logging_mixin.py:190} INFO - [2024-09-12T01:55:34.011-0300] {dag.py:3229} INFO - Sync 1 DAGs
[2024-09-12T01:55:34.019-0300] {logging_mixin.py:190} INFO - [2024-09-12T01:55:34.019-0300] {dag.py:4156} INFO - Setting next_dagrun for tutorial_objectstorage to None, run_after=None
[2024-09-12T01:55:34.032-0300] {processor.py:208} INFO - Processing /home/gabzarp/.local/lib/python3.10/site-packages/airflow/example_dags/tutorial_objectstorage.py took 0.041 seconds
[2024-09-12T01:56:29.291-0300] {processor.py:186} INFO - Started process (PID=11088) to work on /home/gabzarp/.local/lib/python3.10/site-packages/airflow/example_dags/tutorial_objectstorage.py
[2024-09-12T01:56:29.292-0300] {processor.py:914} INFO - Processing file /home/gabzarp/.local/lib/python3.10/site-packages/airflow/example_dags/tutorial_objectstorage.py for tasks to queue
[2024-09-12T01:56:29.293-0300] {logging_mixin.py:190} INFO - [2024-09-12T01:56:29.293-0300] {dagbag.py:587} INFO - Filling up the DagBag from /home/gabzarp/.local/lib/python3.10/site-packages/airflow/example_dags/tutorial_objectstorage.py
[2024-09-12T01:56:29.299-0300] {processor.py:925} INFO - DAG(s) 'tutorial_objectstorage' retrieved from /home/gabzarp/.local/lib/python3.10/site-packages/airflow/example_dags/tutorial_objectstorage.py
[2024-09-12T01:56:29.310-0300] {logging_mixin.py:190} INFO - [2024-09-12T01:56:29.309-0300] {dag.py:3229} INFO - Sync 1 DAGs
[2024-09-12T01:56:29.317-0300] {logging_mixin.py:190} INFO - [2024-09-12T01:56:29.317-0300] {dag.py:4156} INFO - Setting next_dagrun for tutorial_objectstorage to None, run_after=None
[2024-09-12T01:56:29.332-0300] {processor.py:208} INFO - Processing /home/gabzarp/.local/lib/python3.10/site-packages/airflow/example_dags/tutorial_objectstorage.py took 0.045 seconds
[2024-09-12T01:57:25.438-0300] {processor.py:186} INFO - Started process (PID=11577) to work on /home/gabzarp/.local/lib/python3.10/site-packages/airflow/example_dags/tutorial_objectstorage.py
[2024-09-12T01:57:25.439-0300] {processor.py:914} INFO - Processing file /home/gabzarp/.local/lib/python3.10/site-packages/airflow/example_dags/tutorial_objectstorage.py for tasks to queue
[2024-09-12T01:57:25.440-0300] {logging_mixin.py:190} INFO - [2024-09-12T01:57:25.440-0300] {dagbag.py:587} INFO - Filling up the DagBag from /home/gabzarp/.local/lib/python3.10/site-packages/airflow/example_dags/tutorial_objectstorage.py
[2024-09-12T01:57:25.445-0300] {processor.py:925} INFO - DAG(s) 'tutorial_objectstorage' retrieved from /home/gabzarp/.local/lib/python3.10/site-packages/airflow/example_dags/tutorial_objectstorage.py
[2024-09-12T01:57:25.455-0300] {logging_mixin.py:190} INFO - [2024-09-12T01:57:25.455-0300] {dag.py:3229} INFO - Sync 1 DAGs
[2024-09-12T01:57:25.463-0300] {logging_mixin.py:190} INFO - [2024-09-12T01:57:25.463-0300] {dag.py:4156} INFO - Setting next_dagrun for tutorial_objectstorage to None, run_after=None
[2024-09-12T01:57:25.481-0300] {processor.py:208} INFO - Processing /home/gabzarp/.local/lib/python3.10/site-packages/airflow/example_dags/tutorial_objectstorage.py took 0.047 seconds
[2024-09-12T01:58:18.152-0300] {processor.py:186} INFO - Started process (PID=11995) to work on /home/gabzarp/.local/lib/python3.10/site-packages/airflow/example_dags/tutorial_objectstorage.py
[2024-09-12T01:58:18.153-0300] {processor.py:914} INFO - Processing file /home/gabzarp/.local/lib/python3.10/site-packages/airflow/example_dags/tutorial_objectstorage.py for tasks to queue
[2024-09-12T01:58:18.154-0300] {logging_mixin.py:190} INFO - [2024-09-12T01:58:18.154-0300] {dagbag.py:587} INFO - Filling up the DagBag from /home/gabzarp/.local/lib/python3.10/site-packages/airflow/example_dags/tutorial_objectstorage.py
[2024-09-12T01:58:18.160-0300] {processor.py:925} INFO - DAG(s) 'tutorial_objectstorage' retrieved from /home/gabzarp/.local/lib/python3.10/site-packages/airflow/example_dags/tutorial_objectstorage.py
[2024-09-12T01:58:18.169-0300] {logging_mixin.py:190} INFO - [2024-09-12T01:58:18.168-0300] {dag.py:3229} INFO - Sync 1 DAGs
[2024-09-12T01:58:18.176-0300] {logging_mixin.py:190} INFO - [2024-09-12T01:58:18.176-0300] {dag.py:4156} INFO - Setting next_dagrun for tutorial_objectstorage to None, run_after=None
[2024-09-12T01:58:18.189-0300] {processor.py:208} INFO - Processing /home/gabzarp/.local/lib/python3.10/site-packages/airflow/example_dags/tutorial_objectstorage.py took 0.040 seconds
[2024-09-12T01:59:11.756-0300] {processor.py:186} INFO - Started process (PID=12418) to work on /home/gabzarp/.local/lib/python3.10/site-packages/airflow/example_dags/tutorial_objectstorage.py
[2024-09-12T01:59:11.757-0300] {processor.py:914} INFO - Processing file /home/gabzarp/.local/lib/python3.10/site-packages/airflow/example_dags/tutorial_objectstorage.py for tasks to queue
[2024-09-12T01:59:11.758-0300] {logging_mixin.py:190} INFO - [2024-09-12T01:59:11.757-0300] {dagbag.py:587} INFO - Filling up the DagBag from /home/gabzarp/.local/lib/python3.10/site-packages/airflow/example_dags/tutorial_objectstorage.py
[2024-09-12T01:59:11.764-0300] {processor.py:925} INFO - DAG(s) 'tutorial_objectstorage' retrieved from /home/gabzarp/.local/lib/python3.10/site-packages/airflow/example_dags/tutorial_objectstorage.py
[2024-09-12T01:59:11.773-0300] {logging_mixin.py:190} INFO - [2024-09-12T01:59:11.773-0300] {dag.py:3229} INFO - Sync 1 DAGs
[2024-09-12T01:59:11.780-0300] {logging_mixin.py:190} INFO - [2024-09-12T01:59:11.780-0300] {dag.py:4156} INFO - Setting next_dagrun for tutorial_objectstorage to None, run_after=None
[2024-09-12T01:59:11.794-0300] {processor.py:208} INFO - Processing /home/gabzarp/.local/lib/python3.10/site-packages/airflow/example_dags/tutorial_objectstorage.py took 0.042 seconds
[2024-09-12T02:00:03.141-0300] {processor.py:186} INFO - Started process (PID=12853) to work on /home/gabzarp/.local/lib/python3.10/site-packages/airflow/example_dags/tutorial_objectstorage.py
[2024-09-12T02:00:03.142-0300] {processor.py:914} INFO - Processing file /home/gabzarp/.local/lib/python3.10/site-packages/airflow/example_dags/tutorial_objectstorage.py for tasks to queue
[2024-09-12T02:00:03.143-0300] {logging_mixin.py:190} INFO - [2024-09-12T02:00:03.143-0300] {dagbag.py:587} INFO - Filling up the DagBag from /home/gabzarp/.local/lib/python3.10/site-packages/airflow/example_dags/tutorial_objectstorage.py
[2024-09-12T02:00:03.149-0300] {processor.py:925} INFO - DAG(s) 'tutorial_objectstorage' retrieved from /home/gabzarp/.local/lib/python3.10/site-packages/airflow/example_dags/tutorial_objectstorage.py
[2024-09-12T02:00:03.158-0300] {logging_mixin.py:190} INFO - [2024-09-12T02:00:03.158-0300] {dag.py:3229} INFO - Sync 1 DAGs
[2024-09-12T02:00:03.166-0300] {logging_mixin.py:190} INFO - [2024-09-12T02:00:03.166-0300] {dag.py:4156} INFO - Setting next_dagrun for tutorial_objectstorage to None, run_after=None
[2024-09-12T02:00:03.181-0300] {processor.py:208} INFO - Processing /home/gabzarp/.local/lib/python3.10/site-packages/airflow/example_dags/tutorial_objectstorage.py took 0.043 seconds
[2024-09-12T02:00:53.464-0300] {processor.py:186} INFO - Started process (PID=13341) to work on /home/gabzarp/.local/lib/python3.10/site-packages/airflow/example_dags/tutorial_objectstorage.py
[2024-09-12T02:00:53.465-0300] {processor.py:914} INFO - Processing file /home/gabzarp/.local/lib/python3.10/site-packages/airflow/example_dags/tutorial_objectstorage.py for tasks to queue
[2024-09-12T02:00:53.465-0300] {logging_mixin.py:190} INFO - [2024-09-12T02:00:53.465-0300] {dagbag.py:587} INFO - Filling up the DagBag from /home/gabzarp/.local/lib/python3.10/site-packages/airflow/example_dags/tutorial_objectstorage.py
[2024-09-12T02:00:53.472-0300] {processor.py:925} INFO - DAG(s) 'tutorial_objectstorage' retrieved from /home/gabzarp/.local/lib/python3.10/site-packages/airflow/example_dags/tutorial_objectstorage.py
[2024-09-12T02:00:53.483-0300] {logging_mixin.py:190} INFO - [2024-09-12T02:00:53.483-0300] {dag.py:3229} INFO - Sync 1 DAGs
[2024-09-12T02:00:53.491-0300] {logging_mixin.py:190} INFO - [2024-09-12T02:00:53.491-0300] {dag.py:4156} INFO - Setting next_dagrun for tutorial_objectstorage to None, run_after=None
[2024-09-12T02:00:53.506-0300] {processor.py:208} INFO - Processing /home/gabzarp/.local/lib/python3.10/site-packages/airflow/example_dags/tutorial_objectstorage.py took 0.047 seconds
[2024-09-12T02:01:44.875-0300] {processor.py:186} INFO - Started process (PID=13782) to work on /home/gabzarp/.local/lib/python3.10/site-packages/airflow/example_dags/tutorial_objectstorage.py
[2024-09-12T02:01:44.876-0300] {processor.py:914} INFO - Processing file /home/gabzarp/.local/lib/python3.10/site-packages/airflow/example_dags/tutorial_objectstorage.py for tasks to queue
[2024-09-12T02:01:44.877-0300] {logging_mixin.py:190} INFO - [2024-09-12T02:01:44.877-0300] {dagbag.py:587} INFO - Filling up the DagBag from /home/gabzarp/.local/lib/python3.10/site-packages/airflow/example_dags/tutorial_objectstorage.py
[2024-09-12T02:01:44.883-0300] {processor.py:925} INFO - DAG(s) 'tutorial_objectstorage' retrieved from /home/gabzarp/.local/lib/python3.10/site-packages/airflow/example_dags/tutorial_objectstorage.py
[2024-09-12T02:01:44.892-0300] {logging_mixin.py:190} INFO - [2024-09-12T02:01:44.892-0300] {dag.py:3229} INFO - Sync 1 DAGs
[2024-09-12T02:01:44.900-0300] {logging_mixin.py:190} INFO - [2024-09-12T02:01:44.899-0300] {dag.py:4156} INFO - Setting next_dagrun for tutorial_objectstorage to None, run_after=None
[2024-09-12T02:01:44.914-0300] {processor.py:208} INFO - Processing /home/gabzarp/.local/lib/python3.10/site-packages/airflow/example_dags/tutorial_objectstorage.py took 0.042 seconds
[2024-09-12T02:02:32.271-0300] {processor.py:186} INFO - Started process (PID=14197) to work on /home/gabzarp/.local/lib/python3.10/site-packages/airflow/example_dags/tutorial_objectstorage.py
[2024-09-12T02:02:32.272-0300] {processor.py:914} INFO - Processing file /home/gabzarp/.local/lib/python3.10/site-packages/airflow/example_dags/tutorial_objectstorage.py for tasks to queue
[2024-09-12T02:02:32.273-0300] {logging_mixin.py:190} INFO - [2024-09-12T02:02:32.273-0300] {dagbag.py:587} INFO - Filling up the DagBag from /home/gabzarp/.local/lib/python3.10/site-packages/airflow/example_dags/tutorial_objectstorage.py
[2024-09-12T02:02:32.279-0300] {processor.py:925} INFO - DAG(s) 'tutorial_objectstorage' retrieved from /home/gabzarp/.local/lib/python3.10/site-packages/airflow/example_dags/tutorial_objectstorage.py
[2024-09-12T02:02:32.288-0300] {logging_mixin.py:190} INFO - [2024-09-12T02:02:32.288-0300] {dag.py:3229} INFO - Sync 1 DAGs
[2024-09-12T02:02:32.295-0300] {logging_mixin.py:190} INFO - [2024-09-12T02:02:32.295-0300] {dag.py:4156} INFO - Setting next_dagrun for tutorial_objectstorage to None, run_after=None
[2024-09-12T02:02:32.312-0300] {processor.py:208} INFO - Processing /home/gabzarp/.local/lib/python3.10/site-packages/airflow/example_dags/tutorial_objectstorage.py took 0.045 seconds
[2024-09-12T02:03:20.219-0300] {processor.py:186} INFO - Started process (PID=14580) to work on /home/gabzarp/.local/lib/python3.10/site-packages/airflow/example_dags/tutorial_objectstorage.py
[2024-09-12T02:03:20.220-0300] {processor.py:914} INFO - Processing file /home/gabzarp/.local/lib/python3.10/site-packages/airflow/example_dags/tutorial_objectstorage.py for tasks to queue
[2024-09-12T02:03:20.221-0300] {logging_mixin.py:190} INFO - [2024-09-12T02:03:20.220-0300] {dagbag.py:587} INFO - Filling up the DagBag from /home/gabzarp/.local/lib/python3.10/site-packages/airflow/example_dags/tutorial_objectstorage.py
[2024-09-12T02:03:20.227-0300] {processor.py:925} INFO - DAG(s) 'tutorial_objectstorage' retrieved from /home/gabzarp/.local/lib/python3.10/site-packages/airflow/example_dags/tutorial_objectstorage.py
[2024-09-12T02:03:20.239-0300] {logging_mixin.py:190} INFO - [2024-09-12T02:03:20.238-0300] {dag.py:3229} INFO - Sync 1 DAGs
[2024-09-12T02:03:20.248-0300] {logging_mixin.py:190} INFO - [2024-09-12T02:03:20.247-0300] {dag.py:4156} INFO - Setting next_dagrun for tutorial_objectstorage to None, run_after=None
[2024-09-12T02:03:20.266-0300] {processor.py:208} INFO - Processing /home/gabzarp/.local/lib/python3.10/site-packages/airflow/example_dags/tutorial_objectstorage.py took 0.051 seconds
[2024-09-12T02:04:12.883-0300] {processor.py:186} INFO - Started process (PID=14999) to work on /home/gabzarp/.local/lib/python3.10/site-packages/airflow/example_dags/tutorial_objectstorage.py
[2024-09-12T02:04:12.884-0300] {processor.py:914} INFO - Processing file /home/gabzarp/.local/lib/python3.10/site-packages/airflow/example_dags/tutorial_objectstorage.py for tasks to queue
[2024-09-12T02:04:12.885-0300] {logging_mixin.py:190} INFO - [2024-09-12T02:04:12.885-0300] {dagbag.py:587} INFO - Filling up the DagBag from /home/gabzarp/.local/lib/python3.10/site-packages/airflow/example_dags/tutorial_objectstorage.py
[2024-09-12T02:04:12.892-0300] {processor.py:925} INFO - DAG(s) 'tutorial_objectstorage' retrieved from /home/gabzarp/.local/lib/python3.10/site-packages/airflow/example_dags/tutorial_objectstorage.py
[2024-09-12T02:04:12.903-0300] {logging_mixin.py:190} INFO - [2024-09-12T02:04:12.903-0300] {dag.py:3229} INFO - Sync 1 DAGs
[2024-09-12T02:04:12.912-0300] {logging_mixin.py:190} INFO - [2024-09-12T02:04:12.912-0300] {dag.py:4156} INFO - Setting next_dagrun for tutorial_objectstorage to None, run_after=None
[2024-09-12T02:04:12.930-0300] {processor.py:208} INFO - Processing /home/gabzarp/.local/lib/python3.10/site-packages/airflow/example_dags/tutorial_objectstorage.py took 0.052 seconds
[2024-09-12T02:05:06.060-0300] {processor.py:186} INFO - Started process (PID=15418) to work on /home/gabzarp/.local/lib/python3.10/site-packages/airflow/example_dags/tutorial_objectstorage.py
[2024-09-12T02:05:06.061-0300] {processor.py:914} INFO - Processing file /home/gabzarp/.local/lib/python3.10/site-packages/airflow/example_dags/tutorial_objectstorage.py for tasks to queue
[2024-09-12T02:05:06.062-0300] {logging_mixin.py:190} INFO - [2024-09-12T02:05:06.062-0300] {dagbag.py:587} INFO - Filling up the DagBag from /home/gabzarp/.local/lib/python3.10/site-packages/airflow/example_dags/tutorial_objectstorage.py
[2024-09-12T02:05:06.068-0300] {processor.py:925} INFO - DAG(s) 'tutorial_objectstorage' retrieved from /home/gabzarp/.local/lib/python3.10/site-packages/airflow/example_dags/tutorial_objectstorage.py
[2024-09-12T02:05:06.077-0300] {logging_mixin.py:190} INFO - [2024-09-12T02:05:06.077-0300] {dag.py:3229} INFO - Sync 1 DAGs
[2024-09-12T02:05:06.086-0300] {logging_mixin.py:190} INFO - [2024-09-12T02:05:06.086-0300] {dag.py:4156} INFO - Setting next_dagrun for tutorial_objectstorage to None, run_after=None
[2024-09-12T02:05:06.102-0300] {processor.py:208} INFO - Processing /home/gabzarp/.local/lib/python3.10/site-packages/airflow/example_dags/tutorial_objectstorage.py took 0.046 seconds
[2024-09-12T02:05:59.232-0300] {processor.py:186} INFO - Started process (PID=15837) to work on /home/gabzarp/.local/lib/python3.10/site-packages/airflow/example_dags/tutorial_objectstorage.py
[2024-09-12T02:05:59.233-0300] {processor.py:914} INFO - Processing file /home/gabzarp/.local/lib/python3.10/site-packages/airflow/example_dags/tutorial_objectstorage.py for tasks to queue
[2024-09-12T02:05:59.233-0300] {logging_mixin.py:190} INFO - [2024-09-12T02:05:59.233-0300] {dagbag.py:587} INFO - Filling up the DagBag from /home/gabzarp/.local/lib/python3.10/site-packages/airflow/example_dags/tutorial_objectstorage.py
[2024-09-12T02:05:59.239-0300] {processor.py:925} INFO - DAG(s) 'tutorial_objectstorage' retrieved from /home/gabzarp/.local/lib/python3.10/site-packages/airflow/example_dags/tutorial_objectstorage.py
[2024-09-12T02:05:59.249-0300] {logging_mixin.py:190} INFO - [2024-09-12T02:05:59.249-0300] {dag.py:3229} INFO - Sync 1 DAGs
[2024-09-12T02:05:59.256-0300] {logging_mixin.py:190} INFO - [2024-09-12T02:05:59.256-0300] {dag.py:4156} INFO - Setting next_dagrun for tutorial_objectstorage to None, run_after=None
[2024-09-12T02:05:59.270-0300] {processor.py:208} INFO - Processing /home/gabzarp/.local/lib/python3.10/site-packages/airflow/example_dags/tutorial_objectstorage.py took 0.042 seconds
[2024-09-12T02:06:49.877-0300] {processor.py:186} INFO - Started process (PID=16238) to work on /home/gabzarp/.local/lib/python3.10/site-packages/airflow/example_dags/tutorial_objectstorage.py
[2024-09-12T02:06:49.878-0300] {processor.py:914} INFO - Processing file /home/gabzarp/.local/lib/python3.10/site-packages/airflow/example_dags/tutorial_objectstorage.py for tasks to queue
[2024-09-12T02:06:49.879-0300] {logging_mixin.py:190} INFO - [2024-09-12T02:06:49.879-0300] {dagbag.py:587} INFO - Filling up the DagBag from /home/gabzarp/.local/lib/python3.10/site-packages/airflow/example_dags/tutorial_objectstorage.py
[2024-09-12T02:06:49.885-0300] {processor.py:925} INFO - DAG(s) 'tutorial_objectstorage' retrieved from /home/gabzarp/.local/lib/python3.10/site-packages/airflow/example_dags/tutorial_objectstorage.py
[2024-09-12T02:06:49.898-0300] {logging_mixin.py:190} INFO - [2024-09-12T02:06:49.898-0300] {dag.py:3229} INFO - Sync 1 DAGs
[2024-09-12T02:06:49.907-0300] {logging_mixin.py:190} INFO - [2024-09-12T02:06:49.907-0300] {dag.py:4156} INFO - Setting next_dagrun for tutorial_objectstorage to None, run_after=None
[2024-09-12T02:06:49.923-0300] {processor.py:208} INFO - Processing /home/gabzarp/.local/lib/python3.10/site-packages/airflow/example_dags/tutorial_objectstorage.py took 0.050 seconds
[2024-09-12T02:07:37.237-0300] {processor.py:186} INFO - Started process (PID=16615) to work on /home/gabzarp/.local/lib/python3.10/site-packages/airflow/example_dags/tutorial_objectstorage.py
[2024-09-12T02:07:37.238-0300] {processor.py:914} INFO - Processing file /home/gabzarp/.local/lib/python3.10/site-packages/airflow/example_dags/tutorial_objectstorage.py for tasks to queue
[2024-09-12T02:07:37.239-0300] {logging_mixin.py:190} INFO - [2024-09-12T02:07:37.238-0300] {dagbag.py:587} INFO - Filling up the DagBag from /home/gabzarp/.local/lib/python3.10/site-packages/airflow/example_dags/tutorial_objectstorage.py
[2024-09-12T02:07:37.245-0300] {processor.py:925} INFO - DAG(s) 'tutorial_objectstorage' retrieved from /home/gabzarp/.local/lib/python3.10/site-packages/airflow/example_dags/tutorial_objectstorage.py
[2024-09-12T02:07:37.255-0300] {logging_mixin.py:190} INFO - [2024-09-12T02:07:37.255-0300] {dag.py:3229} INFO - Sync 1 DAGs
[2024-09-12T02:07:37.263-0300] {logging_mixin.py:190} INFO - [2024-09-12T02:07:37.263-0300] {dag.py:4156} INFO - Setting next_dagrun for tutorial_objectstorage to None, run_after=None
[2024-09-12T02:07:37.279-0300] {processor.py:208} INFO - Processing /home/gabzarp/.local/lib/python3.10/site-packages/airflow/example_dags/tutorial_objectstorage.py took 0.046 seconds
[2024-09-12T02:08:27.497-0300] {processor.py:186} INFO - Started process (PID=17008) to work on /home/gabzarp/.local/lib/python3.10/site-packages/airflow/example_dags/tutorial_objectstorage.py
[2024-09-12T02:08:27.498-0300] {processor.py:914} INFO - Processing file /home/gabzarp/.local/lib/python3.10/site-packages/airflow/example_dags/tutorial_objectstorage.py for tasks to queue
[2024-09-12T02:08:27.499-0300] {logging_mixin.py:190} INFO - [2024-09-12T02:08:27.498-0300] {dagbag.py:587} INFO - Filling up the DagBag from /home/gabzarp/.local/lib/python3.10/site-packages/airflow/example_dags/tutorial_objectstorage.py
[2024-09-12T02:08:27.505-0300] {processor.py:925} INFO - DAG(s) 'tutorial_objectstorage' retrieved from /home/gabzarp/.local/lib/python3.10/site-packages/airflow/example_dags/tutorial_objectstorage.py
[2024-09-12T02:08:27.514-0300] {logging_mixin.py:190} INFO - [2024-09-12T02:08:27.514-0300] {dag.py:3229} INFO - Sync 1 DAGs
[2024-09-12T02:08:27.522-0300] {logging_mixin.py:190} INFO - [2024-09-12T02:08:27.522-0300] {dag.py:4156} INFO - Setting next_dagrun for tutorial_objectstorage to None, run_after=None
[2024-09-12T02:08:27.536-0300] {processor.py:208} INFO - Processing /home/gabzarp/.local/lib/python3.10/site-packages/airflow/example_dags/tutorial_objectstorage.py took 0.043 seconds
[2024-09-12T02:09:17.672-0300] {processor.py:186} INFO - Started process (PID=17409) to work on /home/gabzarp/.local/lib/python3.10/site-packages/airflow/example_dags/tutorial_objectstorage.py
[2024-09-12T02:09:17.673-0300] {processor.py:914} INFO - Processing file /home/gabzarp/.local/lib/python3.10/site-packages/airflow/example_dags/tutorial_objectstorage.py for tasks to queue
[2024-09-12T02:09:17.674-0300] {logging_mixin.py:190} INFO - [2024-09-12T02:09:17.674-0300] {dagbag.py:587} INFO - Filling up the DagBag from /home/gabzarp/.local/lib/python3.10/site-packages/airflow/example_dags/tutorial_objectstorage.py
[2024-09-12T02:09:17.681-0300] {processor.py:925} INFO - DAG(s) 'tutorial_objectstorage' retrieved from /home/gabzarp/.local/lib/python3.10/site-packages/airflow/example_dags/tutorial_objectstorage.py
[2024-09-12T02:09:17.691-0300] {logging_mixin.py:190} INFO - [2024-09-12T02:09:17.690-0300] {dag.py:3229} INFO - Sync 1 DAGs
[2024-09-12T02:09:17.699-0300] {logging_mixin.py:190} INFO - [2024-09-12T02:09:17.698-0300] {dag.py:4156} INFO - Setting next_dagrun for tutorial_objectstorage to None, run_after=None
[2024-09-12T02:09:17.714-0300] {processor.py:208} INFO - Processing /home/gabzarp/.local/lib/python3.10/site-packages/airflow/example_dags/tutorial_objectstorage.py took 0.045 seconds
