[2024-09-12T01:39:24.523-0300] {processor.py:186} INFO - Started process (PID=2548) to work on /home/gabzarp/.local/lib/python3.10/site-packages/airflow/example_dags/tutorial_taskflow_api_virtualenv.py
[2024-09-12T01:39:24.523-0300] {processor.py:914} INFO - Processing file /home/gabzarp/.local/lib/python3.10/site-packages/airflow/example_dags/tutorial_taskflow_api_virtualenv.py for tasks to queue
[2024-09-12T01:39:24.525-0300] {logging_mixin.py:190} INFO - [2024-09-12T01:39:24.524-0300] {dagbag.py:587} INFO - Filling up the DagBag from /home/gabzarp/.local/lib/python3.10/site-packages/airflow/example_dags/tutorial_taskflow_api_virtualenv.py
[2024-09-12T01:39:24.549-0300] {logging_mixin.py:190} INFO - [2024-09-12T01:39:24.549-0300] {tutorial_taskflow_api_virtualenv.py:29} WARNING - The tutorial_taskflow_api_virtualenv example DAG requires virtualenv, please install it.
[2024-09-12T01:39:24.550-0300] {processor.py:927} WARNING - No viable dags retrieved from /home/gabzarp/.local/lib/python3.10/site-packages/airflow/example_dags/tutorial_taskflow_api_virtualenv.py
[2024-09-12T01:39:24.557-0300] {processor.py:208} INFO - Processing /home/gabzarp/.local/lib/python3.10/site-packages/airflow/example_dags/tutorial_taskflow_api_virtualenv.py took 0.038 seconds
[2024-09-12T01:40:22.336-0300] {processor.py:186} INFO - Started process (PID=2835) to work on /home/gabzarp/.local/lib/python3.10/site-packages/airflow/example_dags/tutorial_taskflow_api_virtualenv.py
[2024-09-12T01:40:22.337-0300] {processor.py:914} INFO - Processing file /home/gabzarp/.local/lib/python3.10/site-packages/airflow/example_dags/tutorial_taskflow_api_virtualenv.py for tasks to queue
[2024-09-12T01:40:22.338-0300] {logging_mixin.py:190} INFO - [2024-09-12T01:40:22.338-0300] {dagbag.py:587} INFO - Filling up the DagBag from /home/gabzarp/.local/lib/python3.10/site-packages/airflow/example_dags/tutorial_taskflow_api_virtualenv.py
[2024-09-12T01:40:22.360-0300] {logging_mixin.py:190} INFO - [2024-09-12T01:40:22.360-0300] {tutorial_taskflow_api_virtualenv.py:29} WARNING - The tutorial_taskflow_api_virtualenv example DAG requires virtualenv, please install it.
[2024-09-12T01:40:22.360-0300] {processor.py:927} WARNING - No viable dags retrieved from /home/gabzarp/.local/lib/python3.10/site-packages/airflow/example_dags/tutorial_taskflow_api_virtualenv.py
[2024-09-12T01:40:22.367-0300] {processor.py:208} INFO - Processing /home/gabzarp/.local/lib/python3.10/site-packages/airflow/example_dags/tutorial_taskflow_api_virtualenv.py took 0.034 seconds
[2024-09-12T01:41:15.438-0300] {processor.py:186} INFO - Started process (PID=3183) to work on /home/gabzarp/.local/lib/python3.10/site-packages/airflow/example_dags/tutorial_taskflow_api_virtualenv.py
[2024-09-12T01:41:15.439-0300] {processor.py:914} INFO - Processing file /home/gabzarp/.local/lib/python3.10/site-packages/airflow/example_dags/tutorial_taskflow_api_virtualenv.py for tasks to queue
[2024-09-12T01:41:15.440-0300] {logging_mixin.py:190} INFO - [2024-09-12T01:41:15.440-0300] {dagbag.py:587} INFO - Filling up the DagBag from /home/gabzarp/.local/lib/python3.10/site-packages/airflow/example_dags/tutorial_taskflow_api_virtualenv.py
[2024-09-12T01:41:15.461-0300] {logging_mixin.py:190} INFO - [2024-09-12T01:41:15.461-0300] {tutorial_taskflow_api_virtualenv.py:29} WARNING - The tutorial_taskflow_api_virtualenv example DAG requires virtualenv, please install it.
[2024-09-12T01:41:15.461-0300] {processor.py:927} WARNING - No viable dags retrieved from /home/gabzarp/.local/lib/python3.10/site-packages/airflow/example_dags/tutorial_taskflow_api_virtualenv.py
[2024-09-12T01:41:15.468-0300] {processor.py:208} INFO - Processing /home/gabzarp/.local/lib/python3.10/site-packages/airflow/example_dags/tutorial_taskflow_api_virtualenv.py took 0.033 seconds
[2024-09-12T01:42:04.534-0300] {processor.py:186} INFO - Started process (PID=3432) to work on /home/gabzarp/.local/lib/python3.10/site-packages/airflow/example_dags/tutorial_taskflow_api_virtualenv.py
[2024-09-12T01:42:04.535-0300] {processor.py:914} INFO - Processing file /home/gabzarp/.local/lib/python3.10/site-packages/airflow/example_dags/tutorial_taskflow_api_virtualenv.py for tasks to queue
[2024-09-12T01:42:04.536-0300] {logging_mixin.py:190} INFO - [2024-09-12T01:42:04.536-0300] {dagbag.py:587} INFO - Filling up the DagBag from /home/gabzarp/.local/lib/python3.10/site-packages/airflow/example_dags/tutorial_taskflow_api_virtualenv.py
[2024-09-12T01:42:04.557-0300] {logging_mixin.py:190} INFO - [2024-09-12T01:42:04.557-0300] {tutorial_taskflow_api_virtualenv.py:29} WARNING - The tutorial_taskflow_api_virtualenv example DAG requires virtualenv, please install it.
[2024-09-12T01:42:04.557-0300] {processor.py:927} WARNING - No viable dags retrieved from /home/gabzarp/.local/lib/python3.10/site-packages/airflow/example_dags/tutorial_taskflow_api_virtualenv.py
[2024-09-12T01:42:04.564-0300] {processor.py:208} INFO - Processing /home/gabzarp/.local/lib/python3.10/site-packages/airflow/example_dags/tutorial_taskflow_api_virtualenv.py took 0.033 seconds
[2024-09-12T01:42:54.456-0300] {processor.py:186} INFO - Started process (PID=3684) to work on /home/gabzarp/.local/lib/python3.10/site-packages/airflow/example_dags/tutorial_taskflow_api_virtualenv.py
[2024-09-12T01:42:54.457-0300] {processor.py:914} INFO - Processing file /home/gabzarp/.local/lib/python3.10/site-packages/airflow/example_dags/tutorial_taskflow_api_virtualenv.py for tasks to queue
[2024-09-12T01:42:54.458-0300] {logging_mixin.py:190} INFO - [2024-09-12T01:42:54.458-0300] {dagbag.py:587} INFO - Filling up the DagBag from /home/gabzarp/.local/lib/python3.10/site-packages/airflow/example_dags/tutorial_taskflow_api_virtualenv.py
[2024-09-12T01:42:54.479-0300] {logging_mixin.py:190} INFO - [2024-09-12T01:42:54.479-0300] {tutorial_taskflow_api_virtualenv.py:29} WARNING - The tutorial_taskflow_api_virtualenv example DAG requires virtualenv, please install it.
[2024-09-12T01:42:54.479-0300] {processor.py:927} WARNING - No viable dags retrieved from /home/gabzarp/.local/lib/python3.10/site-packages/airflow/example_dags/tutorial_taskflow_api_virtualenv.py
[2024-09-12T01:42:54.486-0300] {processor.py:208} INFO - Processing /home/gabzarp/.local/lib/python3.10/site-packages/airflow/example_dags/tutorial_taskflow_api_virtualenv.py took 0.033 seconds
[2024-09-12T01:43:42.263-0300] {processor.py:186} INFO - Started process (PID=3924) to work on /home/gabzarp/.local/lib/python3.10/site-packages/airflow/example_dags/tutorial_taskflow_api_virtualenv.py
[2024-09-12T01:43:42.268-0300] {processor.py:914} INFO - Processing file /home/gabzarp/.local/lib/python3.10/site-packages/airflow/example_dags/tutorial_taskflow_api_virtualenv.py for tasks to queue
[2024-09-12T01:43:42.270-0300] {logging_mixin.py:190} INFO - [2024-09-12T01:43:42.269-0300] {dagbag.py:587} INFO - Filling up the DagBag from /home/gabzarp/.local/lib/python3.10/site-packages/airflow/example_dags/tutorial_taskflow_api_virtualenv.py
[2024-09-12T01:43:42.296-0300] {logging_mixin.py:190} INFO - [2024-09-12T01:43:42.295-0300] {tutorial_taskflow_api_virtualenv.py:29} WARNING - The tutorial_taskflow_api_virtualenv example DAG requires virtualenv, please install it.
[2024-09-12T01:43:42.296-0300] {processor.py:927} WARNING - No viable dags retrieved from /home/gabzarp/.local/lib/python3.10/site-packages/airflow/example_dags/tutorial_taskflow_api_virtualenv.py
[2024-09-12T01:43:42.312-0300] {processor.py:208} INFO - Processing /home/gabzarp/.local/lib/python3.10/site-packages/airflow/example_dags/tutorial_taskflow_api_virtualenv.py took 0.054 seconds
[2024-09-12T01:44:38.618-0300] {processor.py:186} INFO - Started process (PID=4860) to work on /home/gabzarp/.local/lib/python3.10/site-packages/airflow/example_dags/tutorial_taskflow_api_virtualenv.py
[2024-09-12T01:44:38.619-0300] {processor.py:914} INFO - Processing file /home/gabzarp/.local/lib/python3.10/site-packages/airflow/example_dags/tutorial_taskflow_api_virtualenv.py for tasks to queue
[2024-09-12T01:44:38.621-0300] {logging_mixin.py:190} INFO - [2024-09-12T01:44:38.620-0300] {dagbag.py:587} INFO - Filling up the DagBag from /home/gabzarp/.local/lib/python3.10/site-packages/airflow/example_dags/tutorial_taskflow_api_virtualenv.py
[2024-09-12T01:44:38.636-0300] {logging_mixin.py:190} INFO - [2024-09-12T01:44:38.635-0300] {tutorial_taskflow_api_virtualenv.py:29} WARNING - The tutorial_taskflow_api_virtualenv example DAG requires virtualenv, please install it.
[2024-09-12T01:44:38.636-0300] {processor.py:927} WARNING - No viable dags retrieved from /home/gabzarp/.local/lib/python3.10/site-packages/airflow/example_dags/tutorial_taskflow_api_virtualenv.py
[2024-09-12T01:44:38.642-0300] {processor.py:208} INFO - Processing /home/gabzarp/.local/lib/python3.10/site-packages/airflow/example_dags/tutorial_taskflow_api_virtualenv.py took 0.027 seconds
[2024-09-12T01:45:25.628-0300] {processor.py:186} INFO - Started process (PID=5237) to work on /home/gabzarp/.local/lib/python3.10/site-packages/airflow/example_dags/tutorial_taskflow_api_virtualenv.py
[2024-09-12T01:45:25.629-0300] {processor.py:914} INFO - Processing file /home/gabzarp/.local/lib/python3.10/site-packages/airflow/example_dags/tutorial_taskflow_api_virtualenv.py for tasks to queue
[2024-09-12T01:45:25.631-0300] {logging_mixin.py:190} INFO - [2024-09-12T01:45:25.631-0300] {dagbag.py:587} INFO - Filling up the DagBag from /home/gabzarp/.local/lib/python3.10/site-packages/airflow/example_dags/tutorial_taskflow_api_virtualenv.py
[2024-09-12T01:45:25.647-0300] {logging_mixin.py:190} INFO - [2024-09-12T01:45:25.646-0300] {tutorial_taskflow_api_virtualenv.py:29} WARNING - The tutorial_taskflow_api_virtualenv example DAG requires virtualenv, please install it.
[2024-09-12T01:45:25.647-0300] {processor.py:927} WARNING - No viable dags retrieved from /home/gabzarp/.local/lib/python3.10/site-packages/airflow/example_dags/tutorial_taskflow_api_virtualenv.py
[2024-09-12T01:45:25.655-0300] {processor.py:208} INFO - Processing /home/gabzarp/.local/lib/python3.10/site-packages/airflow/example_dags/tutorial_taskflow_api_virtualenv.py took 0.032 seconds
[2024-09-12T01:46:16.356-0300] {processor.py:186} INFO - Started process (PID=5646) to work on /home/gabzarp/.local/lib/python3.10/site-packages/airflow/example_dags/tutorial_taskflow_api_virtualenv.py
[2024-09-12T01:46:16.357-0300] {processor.py:914} INFO - Processing file /home/gabzarp/.local/lib/python3.10/site-packages/airflow/example_dags/tutorial_taskflow_api_virtualenv.py for tasks to queue
[2024-09-12T01:46:16.358-0300] {logging_mixin.py:190} INFO - [2024-09-12T01:46:16.358-0300] {dagbag.py:587} INFO - Filling up the DagBag from /home/gabzarp/.local/lib/python3.10/site-packages/airflow/example_dags/tutorial_taskflow_api_virtualenv.py
[2024-09-12T01:46:16.370-0300] {logging_mixin.py:190} INFO - [2024-09-12T01:46:16.370-0300] {tutorial_taskflow_api_virtualenv.py:29} WARNING - The tutorial_taskflow_api_virtualenv example DAG requires virtualenv, please install it.
[2024-09-12T01:46:16.370-0300] {processor.py:927} WARNING - No viable dags retrieved from /home/gabzarp/.local/lib/python3.10/site-packages/airflow/example_dags/tutorial_taskflow_api_virtualenv.py
[2024-09-12T01:46:16.377-0300] {processor.py:208} INFO - Processing /home/gabzarp/.local/lib/python3.10/site-packages/airflow/example_dags/tutorial_taskflow_api_virtualenv.py took 0.024 seconds
[2024-09-12T01:47:06.647-0300] {processor.py:186} INFO - Started process (PID=6050) to work on /home/gabzarp/.local/lib/python3.10/site-packages/airflow/example_dags/tutorial_taskflow_api_virtualenv.py
[2024-09-12T01:47:06.648-0300] {processor.py:914} INFO - Processing file /home/gabzarp/.local/lib/python3.10/site-packages/airflow/example_dags/tutorial_taskflow_api_virtualenv.py for tasks to queue
[2024-09-12T01:47:06.650-0300] {logging_mixin.py:190} INFO - [2024-09-12T01:47:06.650-0300] {dagbag.py:587} INFO - Filling up the DagBag from /home/gabzarp/.local/lib/python3.10/site-packages/airflow/example_dags/tutorial_taskflow_api_virtualenv.py
[2024-09-12T01:47:06.668-0300] {logging_mixin.py:190} INFO - [2024-09-12T01:47:06.668-0300] {tutorial_taskflow_api_virtualenv.py:29} WARNING - The tutorial_taskflow_api_virtualenv example DAG requires virtualenv, please install it.
[2024-09-12T01:47:06.668-0300] {processor.py:927} WARNING - No viable dags retrieved from /home/gabzarp/.local/lib/python3.10/site-packages/airflow/example_dags/tutorial_taskflow_api_virtualenv.py
[2024-09-12T01:47:06.679-0300] {processor.py:208} INFO - Processing /home/gabzarp/.local/lib/python3.10/site-packages/airflow/example_dags/tutorial_taskflow_api_virtualenv.py took 0.035 seconds
[2024-09-12T01:47:53.165-0300] {processor.py:186} INFO - Started process (PID=6419) to work on /home/gabzarp/.local/lib/python3.10/site-packages/airflow/example_dags/tutorial_taskflow_api_virtualenv.py
[2024-09-12T01:47:53.166-0300] {processor.py:914} INFO - Processing file /home/gabzarp/.local/lib/python3.10/site-packages/airflow/example_dags/tutorial_taskflow_api_virtualenv.py for tasks to queue
[2024-09-12T01:47:53.168-0300] {logging_mixin.py:190} INFO - [2024-09-12T01:47:53.167-0300] {dagbag.py:587} INFO - Filling up the DagBag from /home/gabzarp/.local/lib/python3.10/site-packages/airflow/example_dags/tutorial_taskflow_api_virtualenv.py
[2024-09-12T01:47:53.179-0300] {logging_mixin.py:190} INFO - [2024-09-12T01:47:53.179-0300] {tutorial_taskflow_api_virtualenv.py:29} WARNING - The tutorial_taskflow_api_virtualenv example DAG requires virtualenv, please install it.
[2024-09-12T01:47:53.180-0300] {processor.py:927} WARNING - No viable dags retrieved from /home/gabzarp/.local/lib/python3.10/site-packages/airflow/example_dags/tutorial_taskflow_api_virtualenv.py
[2024-09-12T01:47:53.186-0300] {processor.py:208} INFO - Processing /home/gabzarp/.local/lib/python3.10/site-packages/airflow/example_dags/tutorial_taskflow_api_virtualenv.py took 0.024 seconds
[2024-09-12T01:48:43.989-0300] {processor.py:186} INFO - Started process (PID=6960) to work on /home/gabzarp/.local/lib/python3.10/site-packages/airflow/example_dags/tutorial_taskflow_api_virtualenv.py
[2024-09-12T01:48:43.990-0300] {processor.py:914} INFO - Processing file /home/gabzarp/.local/lib/python3.10/site-packages/airflow/example_dags/tutorial_taskflow_api_virtualenv.py for tasks to queue
[2024-09-12T01:48:43.991-0300] {logging_mixin.py:190} INFO - [2024-09-12T01:48:43.991-0300] {dagbag.py:587} INFO - Filling up the DagBag from /home/gabzarp/.local/lib/python3.10/site-packages/airflow/example_dags/tutorial_taskflow_api_virtualenv.py
[2024-09-12T01:48:44.004-0300] {logging_mixin.py:190} INFO - [2024-09-12T01:48:44.004-0300] {tutorial_taskflow_api_virtualenv.py:29} WARNING - The tutorial_taskflow_api_virtualenv example DAG requires virtualenv, please install it.
[2024-09-12T01:48:44.005-0300] {processor.py:927} WARNING - No viable dags retrieved from /home/gabzarp/.local/lib/python3.10/site-packages/airflow/example_dags/tutorial_taskflow_api_virtualenv.py
[2024-09-12T01:48:44.012-0300] {processor.py:208} INFO - Processing /home/gabzarp/.local/lib/python3.10/site-packages/airflow/example_dags/tutorial_taskflow_api_virtualenv.py took 0.027 seconds
[2024-09-12T01:49:34.225-0300] {processor.py:186} INFO - Started process (PID=7356) to work on /home/gabzarp/.local/lib/python3.10/site-packages/airflow/example_dags/tutorial_taskflow_api_virtualenv.py
[2024-09-12T01:49:34.226-0300] {processor.py:914} INFO - Processing file /home/gabzarp/.local/lib/python3.10/site-packages/airflow/example_dags/tutorial_taskflow_api_virtualenv.py for tasks to queue
[2024-09-12T01:49:34.227-0300] {logging_mixin.py:190} INFO - [2024-09-12T01:49:34.227-0300] {dagbag.py:587} INFO - Filling up the DagBag from /home/gabzarp/.local/lib/python3.10/site-packages/airflow/example_dags/tutorial_taskflow_api_virtualenv.py
[2024-09-12T01:49:34.246-0300] {logging_mixin.py:190} INFO - [2024-09-12T01:49:34.245-0300] {tutorial_taskflow_api_virtualenv.py:29} WARNING - The tutorial_taskflow_api_virtualenv example DAG requires virtualenv, please install it.
[2024-09-12T01:49:34.246-0300] {processor.py:927} WARNING - No viable dags retrieved from /home/gabzarp/.local/lib/python3.10/site-packages/airflow/example_dags/tutorial_taskflow_api_virtualenv.py
[2024-09-12T01:49:34.254-0300] {processor.py:208} INFO - Processing /home/gabzarp/.local/lib/python3.10/site-packages/airflow/example_dags/tutorial_taskflow_api_virtualenv.py took 0.033 seconds
[2024-09-12T01:50:23.436-0300] {processor.py:186} INFO - Started process (PID=7833) to work on /home/gabzarp/.local/lib/python3.10/site-packages/airflow/example_dags/tutorial_taskflow_api_virtualenv.py
[2024-09-12T01:50:23.437-0300] {processor.py:914} INFO - Processing file /home/gabzarp/.local/lib/python3.10/site-packages/airflow/example_dags/tutorial_taskflow_api_virtualenv.py for tasks to queue
[2024-09-12T01:50:23.438-0300] {logging_mixin.py:190} INFO - [2024-09-12T01:50:23.438-0300] {dagbag.py:587} INFO - Filling up the DagBag from /home/gabzarp/.local/lib/python3.10/site-packages/airflow/example_dags/tutorial_taskflow_api_virtualenv.py
[2024-09-12T01:50:23.453-0300] {logging_mixin.py:190} INFO - [2024-09-12T01:50:23.453-0300] {tutorial_taskflow_api_virtualenv.py:29} WARNING - The tutorial_taskflow_api_virtualenv example DAG requires virtualenv, please install it.
[2024-09-12T01:50:23.454-0300] {processor.py:927} WARNING - No viable dags retrieved from /home/gabzarp/.local/lib/python3.10/site-packages/airflow/example_dags/tutorial_taskflow_api_virtualenv.py
[2024-09-12T01:50:23.460-0300] {processor.py:208} INFO - Processing /home/gabzarp/.local/lib/python3.10/site-packages/airflow/example_dags/tutorial_taskflow_api_virtualenv.py took 0.027 seconds
[2024-09-12T01:51:12.799-0300] {processor.py:186} INFO - Started process (PID=8242) to work on /home/gabzarp/.local/lib/python3.10/site-packages/airflow/example_dags/tutorial_taskflow_api_virtualenv.py
[2024-09-12T01:51:12.800-0300] {processor.py:914} INFO - Processing file /home/gabzarp/.local/lib/python3.10/site-packages/airflow/example_dags/tutorial_taskflow_api_virtualenv.py for tasks to queue
[2024-09-12T01:51:12.801-0300] {logging_mixin.py:190} INFO - [2024-09-12T01:51:12.801-0300] {dagbag.py:587} INFO - Filling up the DagBag from /home/gabzarp/.local/lib/python3.10/site-packages/airflow/example_dags/tutorial_taskflow_api_virtualenv.py
[2024-09-12T01:51:12.816-0300] {logging_mixin.py:190} INFO - [2024-09-12T01:51:12.816-0300] {tutorial_taskflow_api_virtualenv.py:29} WARNING - The tutorial_taskflow_api_virtualenv example DAG requires virtualenv, please install it.
[2024-09-12T01:51:12.817-0300] {processor.py:927} WARNING - No viable dags retrieved from /home/gabzarp/.local/lib/python3.10/site-packages/airflow/example_dags/tutorial_taskflow_api_virtualenv.py
[2024-09-12T01:51:12.823-0300] {processor.py:208} INFO - Processing /home/gabzarp/.local/lib/python3.10/site-packages/airflow/example_dags/tutorial_taskflow_api_virtualenv.py took 0.027 seconds
[2024-09-12T01:52:01.356-0300] {processor.py:186} INFO - Started process (PID=8756) to work on /home/gabzarp/.local/lib/python3.10/site-packages/airflow/example_dags/tutorial_taskflow_api_virtualenv.py
[2024-09-12T01:52:01.357-0300] {processor.py:914} INFO - Processing file /home/gabzarp/.local/lib/python3.10/site-packages/airflow/example_dags/tutorial_taskflow_api_virtualenv.py for tasks to queue
[2024-09-12T01:52:01.358-0300] {logging_mixin.py:190} INFO - [2024-09-12T01:52:01.358-0300] {dagbag.py:587} INFO - Filling up the DagBag from /home/gabzarp/.local/lib/python3.10/site-packages/airflow/example_dags/tutorial_taskflow_api_virtualenv.py
[2024-09-12T01:52:01.374-0300] {logging_mixin.py:190} INFO - [2024-09-12T01:52:01.374-0300] {tutorial_taskflow_api_virtualenv.py:29} WARNING - The tutorial_taskflow_api_virtualenv example DAG requires virtualenv, please install it.
[2024-09-12T01:52:01.374-0300] {processor.py:927} WARNING - No viable dags retrieved from /home/gabzarp/.local/lib/python3.10/site-packages/airflow/example_dags/tutorial_taskflow_api_virtualenv.py
[2024-09-12T01:52:01.381-0300] {processor.py:208} INFO - Processing /home/gabzarp/.local/lib/python3.10/site-packages/airflow/example_dags/tutorial_taskflow_api_virtualenv.py took 0.028 seconds
[2024-09-12T01:52:53.870-0300] {processor.py:186} INFO - Started process (PID=9305) to work on /home/gabzarp/.local/lib/python3.10/site-packages/airflow/example_dags/tutorial_taskflow_api_virtualenv.py
[2024-09-12T01:52:53.871-0300] {processor.py:914} INFO - Processing file /home/gabzarp/.local/lib/python3.10/site-packages/airflow/example_dags/tutorial_taskflow_api_virtualenv.py for tasks to queue
[2024-09-12T01:52:53.872-0300] {logging_mixin.py:190} INFO - [2024-09-12T01:52:53.872-0300] {dagbag.py:587} INFO - Filling up the DagBag from /home/gabzarp/.local/lib/python3.10/site-packages/airflow/example_dags/tutorial_taskflow_api_virtualenv.py
[2024-09-12T01:52:53.884-0300] {logging_mixin.py:190} INFO - [2024-09-12T01:52:53.884-0300] {tutorial_taskflow_api_virtualenv.py:29} WARNING - The tutorial_taskflow_api_virtualenv example DAG requires virtualenv, please install it.
[2024-09-12T01:52:53.884-0300] {processor.py:927} WARNING - No viable dags retrieved from /home/gabzarp/.local/lib/python3.10/site-packages/airflow/example_dags/tutorial_taskflow_api_virtualenv.py
[2024-09-12T01:52:53.890-0300] {processor.py:208} INFO - Processing /home/gabzarp/.local/lib/python3.10/site-packages/airflow/example_dags/tutorial_taskflow_api_virtualenv.py took 0.024 seconds
[2024-09-12T01:53:46.341-0300] {processor.py:186} INFO - Started process (PID=9760) to work on /home/gabzarp/.local/lib/python3.10/site-packages/airflow/example_dags/tutorial_taskflow_api_virtualenv.py
[2024-09-12T01:53:46.342-0300] {processor.py:914} INFO - Processing file /home/gabzarp/.local/lib/python3.10/site-packages/airflow/example_dags/tutorial_taskflow_api_virtualenv.py for tasks to queue
[2024-09-12T01:53:46.343-0300] {logging_mixin.py:190} INFO - [2024-09-12T01:53:46.343-0300] {dagbag.py:587} INFO - Filling up the DagBag from /home/gabzarp/.local/lib/python3.10/site-packages/airflow/example_dags/tutorial_taskflow_api_virtualenv.py
[2024-09-12T01:53:46.354-0300] {logging_mixin.py:190} INFO - [2024-09-12T01:53:46.354-0300] {tutorial_taskflow_api_virtualenv.py:29} WARNING - The tutorial_taskflow_api_virtualenv example DAG requires virtualenv, please install it.
[2024-09-12T01:53:46.355-0300] {processor.py:927} WARNING - No viable dags retrieved from /home/gabzarp/.local/lib/python3.10/site-packages/airflow/example_dags/tutorial_taskflow_api_virtualenv.py
[2024-09-12T01:53:46.361-0300] {processor.py:208} INFO - Processing /home/gabzarp/.local/lib/python3.10/site-packages/airflow/example_dags/tutorial_taskflow_api_virtualenv.py took 0.023 seconds
[2024-09-12T01:54:36.953-0300] {processor.py:186} INFO - Started process (PID=10174) to work on /home/gabzarp/.local/lib/python3.10/site-packages/airflow/example_dags/tutorial_taskflow_api_virtualenv.py
[2024-09-12T01:54:36.954-0300] {processor.py:914} INFO - Processing file /home/gabzarp/.local/lib/python3.10/site-packages/airflow/example_dags/tutorial_taskflow_api_virtualenv.py for tasks to queue
[2024-09-12T01:54:36.955-0300] {logging_mixin.py:190} INFO - [2024-09-12T01:54:36.955-0300] {dagbag.py:587} INFO - Filling up the DagBag from /home/gabzarp/.local/lib/python3.10/site-packages/airflow/example_dags/tutorial_taskflow_api_virtualenv.py
[2024-09-12T01:54:36.970-0300] {logging_mixin.py:190} INFO - [2024-09-12T01:54:36.970-0300] {tutorial_taskflow_api_virtualenv.py:29} WARNING - The tutorial_taskflow_api_virtualenv example DAG requires virtualenv, please install it.
[2024-09-12T01:54:36.970-0300] {processor.py:927} WARNING - No viable dags retrieved from /home/gabzarp/.local/lib/python3.10/site-packages/airflow/example_dags/tutorial_taskflow_api_virtualenv.py
[2024-09-12T01:54:36.977-0300] {processor.py:208} INFO - Processing /home/gabzarp/.local/lib/python3.10/site-packages/airflow/example_dags/tutorial_taskflow_api_virtualenv.py took 0.027 seconds
[2024-09-12T01:55:29.893-0300] {processor.py:186} INFO - Started process (PID=10591) to work on /home/gabzarp/.local/lib/python3.10/site-packages/airflow/example_dags/tutorial_taskflow_api_virtualenv.py
[2024-09-12T01:55:29.894-0300] {processor.py:914} INFO - Processing file /home/gabzarp/.local/lib/python3.10/site-packages/airflow/example_dags/tutorial_taskflow_api_virtualenv.py for tasks to queue
[2024-09-12T01:55:29.894-0300] {logging_mixin.py:190} INFO - [2024-09-12T01:55:29.894-0300] {dagbag.py:587} INFO - Filling up the DagBag from /home/gabzarp/.local/lib/python3.10/site-packages/airflow/example_dags/tutorial_taskflow_api_virtualenv.py
[2024-09-12T01:55:29.910-0300] {logging_mixin.py:190} INFO - [2024-09-12T01:55:29.910-0300] {tutorial_taskflow_api_virtualenv.py:29} WARNING - The tutorial_taskflow_api_virtualenv example DAG requires virtualenv, please install it.
[2024-09-12T01:55:29.911-0300] {processor.py:927} WARNING - No viable dags retrieved from /home/gabzarp/.local/lib/python3.10/site-packages/airflow/example_dags/tutorial_taskflow_api_virtualenv.py
[2024-09-12T01:55:29.917-0300] {processor.py:208} INFO - Processing /home/gabzarp/.local/lib/python3.10/site-packages/airflow/example_dags/tutorial_taskflow_api_virtualenv.py took 0.028 seconds
[2024-09-12T01:56:26.094-0300] {processor.py:186} INFO - Started process (PID=11059) to work on /home/gabzarp/.local/lib/python3.10/site-packages/airflow/example_dags/tutorial_taskflow_api_virtualenv.py
[2024-09-12T01:56:26.095-0300] {processor.py:914} INFO - Processing file /home/gabzarp/.local/lib/python3.10/site-packages/airflow/example_dags/tutorial_taskflow_api_virtualenv.py for tasks to queue
[2024-09-12T01:56:26.096-0300] {logging_mixin.py:190} INFO - [2024-09-12T01:56:26.096-0300] {dagbag.py:587} INFO - Filling up the DagBag from /home/gabzarp/.local/lib/python3.10/site-packages/airflow/example_dags/tutorial_taskflow_api_virtualenv.py
[2024-09-12T01:56:26.111-0300] {logging_mixin.py:190} INFO - [2024-09-12T01:56:26.111-0300] {tutorial_taskflow_api_virtualenv.py:29} WARNING - The tutorial_taskflow_api_virtualenv example DAG requires virtualenv, please install it.
[2024-09-12T01:56:26.112-0300] {processor.py:927} WARNING - No viable dags retrieved from /home/gabzarp/.local/lib/python3.10/site-packages/airflow/example_dags/tutorial_taskflow_api_virtualenv.py
[2024-09-12T01:56:26.118-0300] {processor.py:208} INFO - Processing /home/gabzarp/.local/lib/python3.10/site-packages/airflow/example_dags/tutorial_taskflow_api_virtualenv.py took 0.028 seconds
[2024-09-12T01:57:21.428-0300] {processor.py:186} INFO - Started process (PID=11545) to work on /home/gabzarp/.local/lib/python3.10/site-packages/airflow/example_dags/tutorial_taskflow_api_virtualenv.py
[2024-09-12T01:57:21.429-0300] {processor.py:914} INFO - Processing file /home/gabzarp/.local/lib/python3.10/site-packages/airflow/example_dags/tutorial_taskflow_api_virtualenv.py for tasks to queue
[2024-09-12T01:57:21.430-0300] {logging_mixin.py:190} INFO - [2024-09-12T01:57:21.429-0300] {dagbag.py:587} INFO - Filling up the DagBag from /home/gabzarp/.local/lib/python3.10/site-packages/airflow/example_dags/tutorial_taskflow_api_virtualenv.py
[2024-09-12T01:57:21.445-0300] {logging_mixin.py:190} INFO - [2024-09-12T01:57:21.445-0300] {tutorial_taskflow_api_virtualenv.py:29} WARNING - The tutorial_taskflow_api_virtualenv example DAG requires virtualenv, please install it.
[2024-09-12T01:57:21.445-0300] {processor.py:927} WARNING - No viable dags retrieved from /home/gabzarp/.local/lib/python3.10/site-packages/airflow/example_dags/tutorial_taskflow_api_virtualenv.py
[2024-09-12T01:57:21.452-0300] {processor.py:208} INFO - Processing /home/gabzarp/.local/lib/python3.10/site-packages/airflow/example_dags/tutorial_taskflow_api_virtualenv.py took 0.027 seconds
[2024-09-12T01:58:13.833-0300] {processor.py:186} INFO - Started process (PID=11961) to work on /home/gabzarp/.local/lib/python3.10/site-packages/airflow/example_dags/tutorial_taskflow_api_virtualenv.py
[2024-09-12T01:58:13.834-0300] {processor.py:914} INFO - Processing file /home/gabzarp/.local/lib/python3.10/site-packages/airflow/example_dags/tutorial_taskflow_api_virtualenv.py for tasks to queue
[2024-09-12T01:58:13.835-0300] {logging_mixin.py:190} INFO - [2024-09-12T01:58:13.835-0300] {dagbag.py:587} INFO - Filling up the DagBag from /home/gabzarp/.local/lib/python3.10/site-packages/airflow/example_dags/tutorial_taskflow_api_virtualenv.py
[2024-09-12T01:58:13.851-0300] {logging_mixin.py:190} INFO - [2024-09-12T01:58:13.850-0300] {tutorial_taskflow_api_virtualenv.py:29} WARNING - The tutorial_taskflow_api_virtualenv example DAG requires virtualenv, please install it.
[2024-09-12T01:58:13.851-0300] {processor.py:927} WARNING - No viable dags retrieved from /home/gabzarp/.local/lib/python3.10/site-packages/airflow/example_dags/tutorial_taskflow_api_virtualenv.py
[2024-09-12T01:58:13.857-0300] {processor.py:208} INFO - Processing /home/gabzarp/.local/lib/python3.10/site-packages/airflow/example_dags/tutorial_taskflow_api_virtualenv.py took 0.028 seconds
[2024-09-12T01:59:07.225-0300] {processor.py:186} INFO - Started process (PID=12384) to work on /home/gabzarp/.local/lib/python3.10/site-packages/airflow/example_dags/tutorial_taskflow_api_virtualenv.py
[2024-09-12T01:59:07.226-0300] {processor.py:914} INFO - Processing file /home/gabzarp/.local/lib/python3.10/site-packages/airflow/example_dags/tutorial_taskflow_api_virtualenv.py for tasks to queue
[2024-09-12T01:59:07.227-0300] {logging_mixin.py:190} INFO - [2024-09-12T01:59:07.227-0300] {dagbag.py:587} INFO - Filling up the DagBag from /home/gabzarp/.local/lib/python3.10/site-packages/airflow/example_dags/tutorial_taskflow_api_virtualenv.py
[2024-09-12T01:59:07.242-0300] {logging_mixin.py:190} INFO - [2024-09-12T01:59:07.241-0300] {tutorial_taskflow_api_virtualenv.py:29} WARNING - The tutorial_taskflow_api_virtualenv example DAG requires virtualenv, please install it.
[2024-09-12T01:59:07.242-0300] {processor.py:927} WARNING - No viable dags retrieved from /home/gabzarp/.local/lib/python3.10/site-packages/airflow/example_dags/tutorial_taskflow_api_virtualenv.py
[2024-09-12T01:59:07.250-0300] {processor.py:208} INFO - Processing /home/gabzarp/.local/lib/python3.10/site-packages/airflow/example_dags/tutorial_taskflow_api_virtualenv.py took 0.028 seconds
[2024-09-12T01:59:58.668-0300] {processor.py:186} INFO - Started process (PID=12819) to work on /home/gabzarp/.local/lib/python3.10/site-packages/airflow/example_dags/tutorial_taskflow_api_virtualenv.py
[2024-09-12T01:59:58.669-0300] {processor.py:914} INFO - Processing file /home/gabzarp/.local/lib/python3.10/site-packages/airflow/example_dags/tutorial_taskflow_api_virtualenv.py for tasks to queue
[2024-09-12T01:59:58.669-0300] {logging_mixin.py:190} INFO - [2024-09-12T01:59:58.669-0300] {dagbag.py:587} INFO - Filling up the DagBag from /home/gabzarp/.local/lib/python3.10/site-packages/airflow/example_dags/tutorial_taskflow_api_virtualenv.py
[2024-09-12T01:59:58.684-0300] {logging_mixin.py:190} INFO - [2024-09-12T01:59:58.684-0300] {tutorial_taskflow_api_virtualenv.py:29} WARNING - The tutorial_taskflow_api_virtualenv example DAG requires virtualenv, please install it.
[2024-09-12T01:59:58.684-0300] {processor.py:927} WARNING - No viable dags retrieved from /home/gabzarp/.local/lib/python3.10/site-packages/airflow/example_dags/tutorial_taskflow_api_virtualenv.py
[2024-09-12T01:59:58.691-0300] {processor.py:208} INFO - Processing /home/gabzarp/.local/lib/python3.10/site-packages/airflow/example_dags/tutorial_taskflow_api_virtualenv.py took 0.027 seconds
[2024-09-12T02:00:49.670-0300] {processor.py:186} INFO - Started process (PID=13310) to work on /home/gabzarp/.local/lib/python3.10/site-packages/airflow/example_dags/tutorial_taskflow_api_virtualenv.py
[2024-09-12T02:00:49.670-0300] {processor.py:914} INFO - Processing file /home/gabzarp/.local/lib/python3.10/site-packages/airflow/example_dags/tutorial_taskflow_api_virtualenv.py for tasks to queue
[2024-09-12T02:00:49.671-0300] {logging_mixin.py:190} INFO - [2024-09-12T02:00:49.671-0300] {dagbag.py:587} INFO - Filling up the DagBag from /home/gabzarp/.local/lib/python3.10/site-packages/airflow/example_dags/tutorial_taskflow_api_virtualenv.py
[2024-09-12T02:00:49.686-0300] {logging_mixin.py:190} INFO - [2024-09-12T02:00:49.686-0300] {tutorial_taskflow_api_virtualenv.py:29} WARNING - The tutorial_taskflow_api_virtualenv example DAG requires virtualenv, please install it.
[2024-09-12T02:00:49.686-0300] {processor.py:927} WARNING - No viable dags retrieved from /home/gabzarp/.local/lib/python3.10/site-packages/airflow/example_dags/tutorial_taskflow_api_virtualenv.py
[2024-09-12T02:00:49.693-0300] {processor.py:208} INFO - Processing /home/gabzarp/.local/lib/python3.10/site-packages/airflow/example_dags/tutorial_taskflow_api_virtualenv.py took 0.026 seconds
[2024-09-12T02:01:41.125-0300] {processor.py:186} INFO - Started process (PID=13750) to work on /home/gabzarp/.local/lib/python3.10/site-packages/airflow/example_dags/tutorial_taskflow_api_virtualenv.py
[2024-09-12T02:01:41.126-0300] {processor.py:914} INFO - Processing file /home/gabzarp/.local/lib/python3.10/site-packages/airflow/example_dags/tutorial_taskflow_api_virtualenv.py for tasks to queue
[2024-09-12T02:01:41.127-0300] {logging_mixin.py:190} INFO - [2024-09-12T02:01:41.126-0300] {dagbag.py:587} INFO - Filling up the DagBag from /home/gabzarp/.local/lib/python3.10/site-packages/airflow/example_dags/tutorial_taskflow_api_virtualenv.py
[2024-09-12T02:01:41.144-0300] {logging_mixin.py:190} INFO - [2024-09-12T02:01:41.144-0300] {tutorial_taskflow_api_virtualenv.py:29} WARNING - The tutorial_taskflow_api_virtualenv example DAG requires virtualenv, please install it.
[2024-09-12T02:01:41.144-0300] {processor.py:927} WARNING - No viable dags retrieved from /home/gabzarp/.local/lib/python3.10/site-packages/airflow/example_dags/tutorial_taskflow_api_virtualenv.py
[2024-09-12T02:01:41.151-0300] {processor.py:208} INFO - Processing /home/gabzarp/.local/lib/python3.10/site-packages/airflow/example_dags/tutorial_taskflow_api_virtualenv.py took 0.031 seconds
[2024-09-12T02:02:27.725-0300] {processor.py:186} INFO - Started process (PID=14162) to work on /home/gabzarp/.local/lib/python3.10/site-packages/airflow/example_dags/tutorial_taskflow_api_virtualenv.py
[2024-09-12T02:02:27.726-0300] {processor.py:914} INFO - Processing file /home/gabzarp/.local/lib/python3.10/site-packages/airflow/example_dags/tutorial_taskflow_api_virtualenv.py for tasks to queue
[2024-09-12T02:02:27.727-0300] {logging_mixin.py:190} INFO - [2024-09-12T02:02:27.726-0300] {dagbag.py:587} INFO - Filling up the DagBag from /home/gabzarp/.local/lib/python3.10/site-packages/airflow/example_dags/tutorial_taskflow_api_virtualenv.py
[2024-09-12T02:02:27.743-0300] {logging_mixin.py:190} INFO - [2024-09-12T02:02:27.743-0300] {tutorial_taskflow_api_virtualenv.py:29} WARNING - The tutorial_taskflow_api_virtualenv example DAG requires virtualenv, please install it.
[2024-09-12T02:02:27.743-0300] {processor.py:927} WARNING - No viable dags retrieved from /home/gabzarp/.local/lib/python3.10/site-packages/airflow/example_dags/tutorial_taskflow_api_virtualenv.py
[2024-09-12T02:02:27.750-0300] {processor.py:208} INFO - Processing /home/gabzarp/.local/lib/python3.10/site-packages/airflow/example_dags/tutorial_taskflow_api_virtualenv.py took 0.030 seconds
[2024-09-12T02:03:17.278-0300] {processor.py:186} INFO - Started process (PID=14559) to work on /home/gabzarp/.local/lib/python3.10/site-packages/airflow/example_dags/tutorial_taskflow_api_virtualenv.py
[2024-09-12T02:03:17.279-0300] {processor.py:914} INFO - Processing file /home/gabzarp/.local/lib/python3.10/site-packages/airflow/example_dags/tutorial_taskflow_api_virtualenv.py for tasks to queue
[2024-09-12T02:03:17.280-0300] {logging_mixin.py:190} INFO - [2024-09-12T02:03:17.280-0300] {dagbag.py:587} INFO - Filling up the DagBag from /home/gabzarp/.local/lib/python3.10/site-packages/airflow/example_dags/tutorial_taskflow_api_virtualenv.py
[2024-09-12T02:03:17.295-0300] {logging_mixin.py:190} INFO - [2024-09-12T02:03:17.295-0300] {tutorial_taskflow_api_virtualenv.py:29} WARNING - The tutorial_taskflow_api_virtualenv example DAG requires virtualenv, please install it.
[2024-09-12T02:03:17.295-0300] {processor.py:927} WARNING - No viable dags retrieved from /home/gabzarp/.local/lib/python3.10/site-packages/airflow/example_dags/tutorial_taskflow_api_virtualenv.py
[2024-09-12T02:03:17.301-0300] {processor.py:208} INFO - Processing /home/gabzarp/.local/lib/python3.10/site-packages/airflow/example_dags/tutorial_taskflow_api_virtualenv.py took 0.027 seconds
[2024-09-12T02:04:08.322-0300] {processor.py:186} INFO - Started process (PID=14965) to work on /home/gabzarp/.local/lib/python3.10/site-packages/airflow/example_dags/tutorial_taskflow_api_virtualenv.py
[2024-09-12T02:04:08.324-0300] {processor.py:914} INFO - Processing file /home/gabzarp/.local/lib/python3.10/site-packages/airflow/example_dags/tutorial_taskflow_api_virtualenv.py for tasks to queue
[2024-09-12T02:04:08.325-0300] {logging_mixin.py:190} INFO - [2024-09-12T02:04:08.325-0300] {dagbag.py:587} INFO - Filling up the DagBag from /home/gabzarp/.local/lib/python3.10/site-packages/airflow/example_dags/tutorial_taskflow_api_virtualenv.py
[2024-09-12T02:04:08.342-0300] {logging_mixin.py:190} INFO - [2024-09-12T02:04:08.341-0300] {tutorial_taskflow_api_virtualenv.py:29} WARNING - The tutorial_taskflow_api_virtualenv example DAG requires virtualenv, please install it.
[2024-09-12T02:04:08.342-0300] {processor.py:927} WARNING - No viable dags retrieved from /home/gabzarp/.local/lib/python3.10/site-packages/airflow/example_dags/tutorial_taskflow_api_virtualenv.py
[2024-09-12T02:04:08.349-0300] {processor.py:208} INFO - Processing /home/gabzarp/.local/lib/python3.10/site-packages/airflow/example_dags/tutorial_taskflow_api_virtualenv.py took 0.033 seconds
[2024-09-12T02:05:01.980-0300] {processor.py:186} INFO - Started process (PID=15386) to work on /home/gabzarp/.local/lib/python3.10/site-packages/airflow/example_dags/tutorial_taskflow_api_virtualenv.py
[2024-09-12T02:05:01.981-0300] {processor.py:914} INFO - Processing file /home/gabzarp/.local/lib/python3.10/site-packages/airflow/example_dags/tutorial_taskflow_api_virtualenv.py for tasks to queue
[2024-09-12T02:05:01.982-0300] {logging_mixin.py:190} INFO - [2024-09-12T02:05:01.981-0300] {dagbag.py:587} INFO - Filling up the DagBag from /home/gabzarp/.local/lib/python3.10/site-packages/airflow/example_dags/tutorial_taskflow_api_virtualenv.py
[2024-09-12T02:05:01.997-0300] {logging_mixin.py:190} INFO - [2024-09-12T02:05:01.997-0300] {tutorial_taskflow_api_virtualenv.py:29} WARNING - The tutorial_taskflow_api_virtualenv example DAG requires virtualenv, please install it.
[2024-09-12T02:05:01.997-0300] {processor.py:927} WARNING - No viable dags retrieved from /home/gabzarp/.local/lib/python3.10/site-packages/airflow/example_dags/tutorial_taskflow_api_virtualenv.py
[2024-09-12T02:05:02.004-0300] {processor.py:208} INFO - Processing /home/gabzarp/.local/lib/python3.10/site-packages/airflow/example_dags/tutorial_taskflow_api_virtualenv.py took 0.027 seconds
[2024-09-12T02:05:55.666-0300] {processor.py:186} INFO - Started process (PID=15807) to work on /home/gabzarp/.local/lib/python3.10/site-packages/airflow/example_dags/tutorial_taskflow_api_virtualenv.py
[2024-09-12T02:05:55.667-0300] {processor.py:914} INFO - Processing file /home/gabzarp/.local/lib/python3.10/site-packages/airflow/example_dags/tutorial_taskflow_api_virtualenv.py for tasks to queue
[2024-09-12T02:05:55.668-0300] {logging_mixin.py:190} INFO - [2024-09-12T02:05:55.668-0300] {dagbag.py:587} INFO - Filling up the DagBag from /home/gabzarp/.local/lib/python3.10/site-packages/airflow/example_dags/tutorial_taskflow_api_virtualenv.py
[2024-09-12T02:05:55.683-0300] {logging_mixin.py:190} INFO - [2024-09-12T02:05:55.683-0300] {tutorial_taskflow_api_virtualenv.py:29} WARNING - The tutorial_taskflow_api_virtualenv example DAG requires virtualenv, please install it.
[2024-09-12T02:05:55.684-0300] {processor.py:927} WARNING - No viable dags retrieved from /home/gabzarp/.local/lib/python3.10/site-packages/airflow/example_dags/tutorial_taskflow_api_virtualenv.py
[2024-09-12T02:05:55.691-0300] {processor.py:208} INFO - Processing /home/gabzarp/.local/lib/python3.10/site-packages/airflow/example_dags/tutorial_taskflow_api_virtualenv.py took 0.029 seconds
[2024-09-12T02:06:47.008-0300] {processor.py:186} INFO - Started process (PID=16213) to work on /home/gabzarp/.local/lib/python3.10/site-packages/airflow/example_dags/tutorial_taskflow_api_virtualenv.py
[2024-09-12T02:06:47.009-0300] {processor.py:914} INFO - Processing file /home/gabzarp/.local/lib/python3.10/site-packages/airflow/example_dags/tutorial_taskflow_api_virtualenv.py for tasks to queue
[2024-09-12T02:06:47.010-0300] {logging_mixin.py:190} INFO - [2024-09-12T02:06:47.010-0300] {dagbag.py:587} INFO - Filling up the DagBag from /home/gabzarp/.local/lib/python3.10/site-packages/airflow/example_dags/tutorial_taskflow_api_virtualenv.py
[2024-09-12T02:06:47.027-0300] {logging_mixin.py:190} INFO - [2024-09-12T02:06:47.026-0300] {tutorial_taskflow_api_virtualenv.py:29} WARNING - The tutorial_taskflow_api_virtualenv example DAG requires virtualenv, please install it.
[2024-09-12T02:06:47.027-0300] {processor.py:927} WARNING - No viable dags retrieved from /home/gabzarp/.local/lib/python3.10/site-packages/airflow/example_dags/tutorial_taskflow_api_virtualenv.py
[2024-09-12T02:06:47.034-0300] {processor.py:208} INFO - Processing /home/gabzarp/.local/lib/python3.10/site-packages/airflow/example_dags/tutorial_taskflow_api_virtualenv.py took 0.029 seconds
[2024-09-12T02:07:33.280-0300] {processor.py:186} INFO - Started process (PID=16584) to work on /home/gabzarp/.local/lib/python3.10/site-packages/airflow/example_dags/tutorial_taskflow_api_virtualenv.py
[2024-09-12T02:07:33.281-0300] {processor.py:914} INFO - Processing file /home/gabzarp/.local/lib/python3.10/site-packages/airflow/example_dags/tutorial_taskflow_api_virtualenv.py for tasks to queue
[2024-09-12T02:07:33.282-0300] {logging_mixin.py:190} INFO - [2024-09-12T02:07:33.281-0300] {dagbag.py:587} INFO - Filling up the DagBag from /home/gabzarp/.local/lib/python3.10/site-packages/airflow/example_dags/tutorial_taskflow_api_virtualenv.py
[2024-09-12T02:07:33.297-0300] {logging_mixin.py:190} INFO - [2024-09-12T02:07:33.297-0300] {tutorial_taskflow_api_virtualenv.py:29} WARNING - The tutorial_taskflow_api_virtualenv example DAG requires virtualenv, please install it.
[2024-09-12T02:07:33.297-0300] {processor.py:927} WARNING - No viable dags retrieved from /home/gabzarp/.local/lib/python3.10/site-packages/airflow/example_dags/tutorial_taskflow_api_virtualenv.py
[2024-09-12T02:07:33.304-0300] {processor.py:208} INFO - Processing /home/gabzarp/.local/lib/python3.10/site-packages/airflow/example_dags/tutorial_taskflow_api_virtualenv.py took 0.028 seconds
[2024-09-12T02:08:23.497-0300] {processor.py:186} INFO - Started process (PID=16976) to work on /home/gabzarp/.local/lib/python3.10/site-packages/airflow/example_dags/tutorial_taskflow_api_virtualenv.py
[2024-09-12T02:08:23.498-0300] {processor.py:914} INFO - Processing file /home/gabzarp/.local/lib/python3.10/site-packages/airflow/example_dags/tutorial_taskflow_api_virtualenv.py for tasks to queue
[2024-09-12T02:08:23.499-0300] {logging_mixin.py:190} INFO - [2024-09-12T02:08:23.499-0300] {dagbag.py:587} INFO - Filling up the DagBag from /home/gabzarp/.local/lib/python3.10/site-packages/airflow/example_dags/tutorial_taskflow_api_virtualenv.py
[2024-09-12T02:08:23.514-0300] {logging_mixin.py:190} INFO - [2024-09-12T02:08:23.514-0300] {tutorial_taskflow_api_virtualenv.py:29} WARNING - The tutorial_taskflow_api_virtualenv example DAG requires virtualenv, please install it.
[2024-09-12T02:08:23.514-0300] {processor.py:927} WARNING - No viable dags retrieved from /home/gabzarp/.local/lib/python3.10/site-packages/airflow/example_dags/tutorial_taskflow_api_virtualenv.py
[2024-09-12T02:08:23.521-0300] {processor.py:208} INFO - Processing /home/gabzarp/.local/lib/python3.10/site-packages/airflow/example_dags/tutorial_taskflow_api_virtualenv.py took 0.027 seconds
[2024-09-12T02:09:14.899-0300] {processor.py:186} INFO - Started process (PID=17382) to work on /home/gabzarp/.local/lib/python3.10/site-packages/airflow/example_dags/tutorial_taskflow_api_virtualenv.py
[2024-09-12T02:09:14.900-0300] {processor.py:914} INFO - Processing file /home/gabzarp/.local/lib/python3.10/site-packages/airflow/example_dags/tutorial_taskflow_api_virtualenv.py for tasks to queue
[2024-09-12T02:09:14.901-0300] {logging_mixin.py:190} INFO - [2024-09-12T02:09:14.901-0300] {dagbag.py:587} INFO - Filling up the DagBag from /home/gabzarp/.local/lib/python3.10/site-packages/airflow/example_dags/tutorial_taskflow_api_virtualenv.py
[2024-09-12T02:09:14.918-0300] {logging_mixin.py:190} INFO - [2024-09-12T02:09:14.918-0300] {tutorial_taskflow_api_virtualenv.py:29} WARNING - The tutorial_taskflow_api_virtualenv example DAG requires virtualenv, please install it.
[2024-09-12T02:09:14.918-0300] {processor.py:927} WARNING - No viable dags retrieved from /home/gabzarp/.local/lib/python3.10/site-packages/airflow/example_dags/tutorial_taskflow_api_virtualenv.py
[2024-09-12T02:09:14.925-0300] {processor.py:208} INFO - Processing /home/gabzarp/.local/lib/python3.10/site-packages/airflow/example_dags/tutorial_taskflow_api_virtualenv.py took 0.030 seconds
