[2024-10-04T16:08:26.084-0300] {local_task_job_runner.py:123} INFO - ::group::Pre task execution logs
[2024-10-04T16:08:26.091-0300] {taskinstance.py:2612} INFO - Dependencies all met for dep_context=non-requeueable deps ti=<TaskInstance: dag_air_polution.get_data_from_api manual__2024-10-04T19:08:23.467433+00:00 [queued]>
[2024-10-04T16:08:26.104-0300] {taskinstance.py:2612} INFO - Dependencies all met for dep_context=requeueable deps ti=<TaskInstance: dag_air_polution.get_data_from_api manual__2024-10-04T19:08:23.467433+00:00 [queued]>
[2024-10-04T16:08:26.105-0300] {taskinstance.py:2865} INFO - Starting attempt 1 of 1
[2024-10-04T16:08:26.123-0300] {taskinstance.py:2888} INFO - Executing <Task(BashOperator): get_data_from_api> on 2024-10-04 19:08:23.467433+00:00
[2024-10-04T16:08:26.126-0300] {standard_task_runner.py:72} INFO - Started process 15338 to run task
[2024-10-04T16:08:26.129-0300] {standard_task_runner.py:104} INFO - Running: ['airflow', 'tasks', 'run', 'dag_air_polution', 'get_data_from_api', 'manual__2024-10-04T19:08:23.467433+00:00', '--job-id', '128', '--raw', '--subdir', 'DAGS_FOLDER/dag_air_polution.py', '--cfg-path', '/tmp/tmpcmxmq7e7']
[2024-10-04T16:08:26.130-0300] {standard_task_runner.py:105} INFO - Job 128: Subtask get_data_from_api
[2024-10-04T16:08:26.160-0300] {task_command.py:467} INFO - Running <TaskInstance: dag_air_polution.get_data_from_api manual__2024-10-04T19:08:23.467433+00:00 [running]> on host DESKTOP-PEJJLJO.
[2024-10-04T16:08:26.217-0300] {taskinstance.py:3131} INFO - Exporting env vars: AIRFLOW_CTX_DAG_OWNER='airflow' AIRFLOW_CTX_DAG_ID='dag_air_polution' AIRFLOW_CTX_TASK_ID='get_data_from_api' AIRFLOW_CTX_EXECUTION_DATE='2024-10-04T19:08:23.467433+00:00' AIRFLOW_CTX_TRY_NUMBER='1' AIRFLOW_CTX_DAG_RUN_ID='manual__2024-10-04T19:08:23.467433+00:00'
[2024-10-04T16:08:26.218-0300] {taskinstance.py:731} INFO - ::endgroup::
[2024-10-04T16:08:26.235-0300] {subprocess.py:63} INFO - Tmp dir root location: /tmp
[2024-10-04T16:08:26.237-0300] {subprocess.py:75} INFO - Running command: ['/usr/bin/bash', '-c', 'python3 ~/airflow/python/get_data_from_api.py']
[2024-10-04T16:08:26.243-0300] {subprocess.py:86} INFO - Output:
[2024-10-04T16:08:26.258-0300] {subprocess.py:97} INFO - Command exited with return code 0
[2024-10-04T16:08:26.274-0300] {taskinstance.py:340} INFO - ::group::Post task execution logs
[2024-10-04T16:08:26.274-0300] {taskinstance.py:352} INFO - Marking task as SUCCESS. dag_id=dag_air_polution, task_id=get_data_from_api, run_id=manual__2024-10-04T19:08:23.467433+00:00, execution_date=20241004T190823, start_date=20241004T190826, end_date=20241004T190826
[2024-10-04T16:08:26.302-0300] {local_task_job_runner.py:266} INFO - Task exited with return code 0
[2024-10-04T16:08:26.310-0300] {taskinstance.py:3900} INFO - 0 downstream tasks scheduled from follow-on schedule check
[2024-10-04T16:08:26.310-0300] {local_task_job_runner.py:245} INFO - ::endgroup::
